{
  "stats": {
    "suites": 12,
    "tests": 41,
    "passes": 26,
    "pending": 0,
    "failures": 15,
    "start": "2021-09-10T22:11:14.174Z",
    "end": "2021-09-10T22:12:40.657Z",
    "duration": 86483,
    "testsRegistered": 41,
    "passPercent": 63.41463414634146,
    "pendingPercent": 0,
    "other": 0,
    "hasOther": false,
    "skipped": 0,
    "hasSkipped": false
  },
  "results": [
    {
      "uuid": "24cdb38e-e432-4c7f-9f20-bf6d3dc127eb",
      "title": "",
      "fullFile": "cypress/integration/project.spec.js",
      "file": "cypress/integration/project.spec.js",
      "beforeHooks": [],
      "afterHooks": [],
      "tests": [],
      "suites": [
        {
          "uuid": "705b8cfa-2908-470b-8e6b-b0a1dcfedd50",
          "title": "1 - Adicione à página o título \"Paleta de Cores\".",
          "fullFile": "",
          "file": "",
          "beforeHooks": [],
          "afterHooks": [],
          "tests": [
            {
              "title": "Verifica se contém um elemento `h1` com o id `title` com o título correto",
              "fullTitle": "1 - Adicione à página o título \"Paleta de Cores\". Verifica se contém um elemento `h1` com o id `title` com o título correto",
              "timedOut": null,
              "duration": 267,
              "state": "passed",
              "speed": "slow",
              "pass": true,
              "fail": false,
              "pending": false,
              "context": null,
              "code": "cy.get('h1#title').should('contain.text', 'Paleta de Cores');",
              "err": {},
              "uuid": "04abc30f-1991-496e-8222-58cfe046958e",
              "parentUUID": "705b8cfa-2908-470b-8e6b-b0a1dcfedd50",
              "isHook": false,
              "skipped": false
            }
          ],
          "suites": [],
          "passes": [
            "04abc30f-1991-496e-8222-58cfe046958e"
          ],
          "failures": [],
          "pending": [],
          "skipped": [],
          "duration": 267,
          "root": false,
          "rootEmpty": false,
          "_timeout": 2000
        },
        {
          "uuid": "ec4ef75f-ebbe-4402-a1cb-3d3c9819f688",
          "title": "2 - Adicione à página uma paleta de quatro cores distintas.",
          "fullFile": "",
          "file": "",
          "beforeHooks": [],
          "afterHooks": [],
          "tests": [
            {
              "title": "A paleta de cores deve ser um elemento com `id` denominado `color-palette`",
              "fullTitle": "2 - Adicione à página uma paleta de quatro cores distintas. A paleta de cores deve ser um elemento com `id` denominado `color-palette`",
              "timedOut": null,
              "duration": 186,
              "state": "passed",
              "speed": "slow",
              "pass": true,
              "fail": false,
              "pending": false,
              "context": null,
              "code": "cy.get('#color-palette').should('be.visible');\ncy.get('#color-palette').children('.color');",
              "err": {},
              "uuid": "08ddf2ee-586f-46c6-ba8d-a84ea8a26a12",
              "parentUUID": "ec4ef75f-ebbe-4402-a1cb-3d3c9819f688",
              "isHook": false,
              "skipped": false
            },
            {
              "title": "Verifica se cada cor individual da paleta de cores possui a `classe` chamada `color`.",
              "fullTitle": "2 - Adicione à página uma paleta de quatro cores distintas. Verifica se cada cor individual da paleta de cores possui a `classe` chamada `color`.",
              "timedOut": null,
              "duration": 188,
              "state": "passed",
              "speed": "slow",
              "pass": true,
              "fail": false,
              "pending": false,
              "context": null,
              "code": "cy.get('.color').should('have.length', 4).then(function (colors) {\n  for (var i = 0; i < colors.length; i++) {\n    cy.wrap(colors[i]).should('be.visible');\n  }\n});",
              "err": {},
              "uuid": "06196097-706f-4ea4-b1e2-f60397cc9d42",
              "parentUUID": "ec4ef75f-ebbe-4402-a1cb-3d3c9819f688",
              "isHook": false,
              "skipped": false
            },
            {
              "title": "Verifica se a cor de fundo de cada elemento da paleta é a cor que o elemento representa. **A única cor não permitida na paleta é a cor branca.**",
              "fullTitle": "2 - Adicione à página uma paleta de quatro cores distintas. Verifica se a cor de fundo de cada elemento da paleta é a cor que o elemento representa. **A única cor não permitida na paleta é a cor branca.**",
              "timedOut": null,
              "duration": 167,
              "state": "passed",
              "speed": "slow",
              "pass": true,
              "fail": false,
              "pending": false,
              "context": null,
              "code": "cy.get('.color').each(function (color) {\n  cy.wrap(color).should('have.class', 'color').and('not.have.css', 'background-color', WHITE);\n  cy.wrap(color).should('have.css', 'background-color');\n});",
              "err": {},
              "uuid": "fe534174-b22b-4d64-87c0-7eabc70c16b7",
              "parentUUID": "ec4ef75f-ebbe-4402-a1cb-3d3c9819f688",
              "isHook": false,
              "skipped": false
            },
            {
              "title": "Verifica se cada elemento da paleta de cores tem uma borda preta, sólida e com 1 pixel de largura;",
              "fullTitle": "2 - Adicione à página uma paleta de quatro cores distintas. Verifica se cada elemento da paleta de cores tem uma borda preta, sólida e com 1 pixel de largura;",
              "timedOut": null,
              "duration": 177,
              "state": "passed",
              "speed": "slow",
              "pass": true,
              "fail": false,
              "pending": false,
              "context": null,
              "code": "cy.get('.color').each(function (color) {\n  cy.wrap(color).and('have.css', 'border', \"1px solid \".concat(BLACK)).and('have.class', 'color');\n});",
              "err": {},
              "uuid": "ee3a739f-aadf-44a6-a1bd-8e7632dc9f2b",
              "parentUUID": "ec4ef75f-ebbe-4402-a1cb-3d3c9819f688",
              "isHook": false,
              "skipped": false
            },
            {
              "title": "Verifica se a paleta lista todas as cores disponíveis para utilização, lado a lado.",
              "fullTitle": "2 - Adicione à página uma paleta de quatro cores distintas. Verifica se a paleta lista todas as cores disponíveis para utilização, lado a lado.",
              "timedOut": null,
              "duration": 4281,
              "state": "failed",
              "speed": null,
              "pass": false,
              "fail": true,
              "pending": false,
              "context": null,
              "code": "cy.get('.color').then(function (colors) {\n  for (var index = 1; index < colors.length; index += 1) {\n    var currentColor = colors[index];\n    var previousColor = colors[index - 1];\n    cy.wrap(currentColor).should('be.onTheRightOf', previousColor).and('be.horizontallyAlignedWith', previousColor);\n  }\n});",
              "err": {
                "message": "CypressError: Timed out retrying: expected '<div.color>' to be horizontally aligned with <div class=\"color selected\" style=\"background-color: black;\"></div>",
                "estack": "CypressError: Timed out retrying: expected '<div.color>' to be horizontally aligned with <div class=\"color selected\" style=\"background-color: black;\"></div>\n    at cypressErr (http://localhost:34591/__cypress/runner/cypress_runner.js:149934:9)\n    at throwErr (http://localhost:34591/__cypress/runner/cypress_runner.js:149867:11)\n    at Object.throwErrByPath (http://localhost:34591/__cypress/runner/cypress_runner.js:149915:3)\n    at retry (http://localhost:34591/__cypress/runner/cypress_runner.js:144197:19)\n    at onFailFn (http://localhost:34591/__cypress/runner/cypress_runner.js:132448:16)\n    at tryCatcher (http://localhost:34591/__cypress/runner/cypress_runner.js:167415:23)\n    at Promise._settlePromiseFromHandler (http://localhost:34591/__cypress/runner/cypress_runner.js:165351:31)\n    at Promise._settlePromise (http://localhost:34591/__cypress/runner/cypress_runner.js:165408:18)\n    at Promise._settlePromise0 (http://localhost:34591/__cypress/runner/cypress_runner.js:165453:10)\n    at Promise._settlePromises (http://localhost:34591/__cypress/runner/cypress_runner.js:165528:18)\n    at Async../node_modules/bluebird/js/release/async.js.Async._drainQueue (http://localhost:34591/__cypress/runner/cypress_runner.js:162140:16)\n    at Async../node_modules/bluebird/js/release/async.js.Async._drainQueues (http://localhost:34591/__cypress/runner/cypress_runner.js:162150:10)\n    at Async.drainQueues (http://localhost:34591/__cypress/runner/cypress_runner.js:162024:14)",
                "diff": null
              },
              "uuid": "ebb293b9-7198-4d76-b2b3-b1cb4049d67c",
              "parentUUID": "ec4ef75f-ebbe-4402-a1cb-3d3c9819f688",
              "isHook": false,
              "skipped": false
            },
            {
              "title": "Verifica se a paleta de cores está posicionada abaixo do título 'Paleta de Cores'",
              "fullTitle": "2 - Adicione à página uma paleta de quatro cores distintas. Verifica se a paleta de cores está posicionada abaixo do título 'Paleta de Cores'",
              "timedOut": null,
              "duration": 188,
              "state": "passed",
              "speed": "slow",
              "pass": true,
              "fail": false,
              "pending": false,
              "context": null,
              "code": "cy.get('h1#title').then(function (title) {\n  cy.get('#color-palette').should('be.belowOf', title);\n});",
              "err": {},
              "uuid": "e14c3132-5021-4f08-ac94-44bf9992a349",
              "parentUUID": "ec4ef75f-ebbe-4402-a1cb-3d3c9819f688",
              "isHook": false,
              "skipped": false
            },
            {
              "title": "Verifica se a paleta de cores não contém cores repetidas.",
              "fullTitle": "2 - Adicione à página uma paleta de quatro cores distintas. Verifica se a paleta de cores não contém cores repetidas.",
              "timedOut": null,
              "duration": 133,
              "state": "passed",
              "speed": "slow",
              "pass": true,
              "fail": false,
              "pending": false,
              "context": null,
              "code": "cy.get('.color').then(function (colors) {\n  var allColors = Array.from(colors).map(function (color) {\n    return Cypress.$(color).css('background-color');\n  });\n  cy.log(allColors);\n  var uniqColors = (0, _toConsumableArray2[\"default\"])(new Set(allColors));\n  cy.log(uniqColors);\n  expect(allColors.length).to.eq(uniqColors.length);\n});",
              "err": {},
              "uuid": "1fc6844d-c038-4cad-a538-91900aa933c3",
              "parentUUID": "ec4ef75f-ebbe-4402-a1cb-3d3c9819f688",
              "isHook": false,
              "skipped": false
            }
          ],
          "suites": [],
          "passes": [
            "08ddf2ee-586f-46c6-ba8d-a84ea8a26a12",
            "06196097-706f-4ea4-b1e2-f60397cc9d42",
            "fe534174-b22b-4d64-87c0-7eabc70c16b7",
            "ee3a739f-aadf-44a6-a1bd-8e7632dc9f2b",
            "e14c3132-5021-4f08-ac94-44bf9992a349",
            "1fc6844d-c038-4cad-a538-91900aa933c3"
          ],
          "failures": [
            "ebb293b9-7198-4d76-b2b3-b1cb4049d67c"
          ],
          "pending": [],
          "skipped": [],
          "duration": 5320,
          "root": false,
          "rootEmpty": false,
          "_timeout": 2000
        },
        {
          "uuid": "1b1aa9ba-a3a5-4b0e-9e96-f89d8f09b8a3",
          "title": "3 - Adicione a cor **preta** como a primeira cor da paleta de cores.",
          "fullFile": "",
          "file": "",
          "beforeHooks": [],
          "afterHooks": [],
          "tests": [
            {
              "title": "Verifica se a primeira cor da paleta é preta",
              "fullTitle": "3 - Adicione a cor **preta** como a primeira cor da paleta de cores. Verifica se a primeira cor da paleta é preta",
              "timedOut": null,
              "duration": 114,
              "state": "passed",
              "speed": "slow",
              "pass": true,
              "fail": false,
              "pending": false,
              "context": null,
              "code": "cy.get('.color').first().should('have.css', 'background-color', BLACK);",
              "err": {},
              "uuid": "44872083-4e4c-497f-b45b-9653d4c90dca",
              "parentUUID": "1b1aa9ba-a3a5-4b0e-9e96-f89d8f09b8a3",
              "isHook": false,
              "skipped": false
            },
            {
              "title": "Verifica se as demais cores podem ser escolhidas livremente.",
              "fullTitle": "3 - Adicione a cor **preta** como a primeira cor da paleta de cores. Verifica se as demais cores podem ser escolhidas livremente.",
              "timedOut": null,
              "duration": 241,
              "state": "passed",
              "speed": "slow",
              "pass": true,
              "fail": false,
              "pending": false,
              "context": null,
              "code": "cy.get('.color').eq(1).should('not.have.css', 'background-color', BLACK);\ncy.get('.color').eq(1).should('not.have.css', 'background-color', WHITE);\ncy.get('.color').eq(1).should('not.have.css', 'background-color', 'rgba(0, 0, 0, 0)');\ncy.get('.color').eq(1).should('have.css', 'background-color');\ncy.get('.color').eq(2).should('not.have.css', 'background-color', BLACK);\ncy.get('.color').eq(2).should('not.have.css', 'background-color', WHITE);\ncy.get('.color').eq(2).should('not.have.css', 'background-color', 'rgba(0, 0, 0, 0)');\ncy.get('.color').eq(2).should('have.css', 'background-color');\ncy.get('.color').eq(3).should('not.have.css', 'background-color', BLACK);\ncy.get('.color').eq(3).should('not.have.css', 'background-color', WHITE);\ncy.get('.color').eq(3).should('not.have.css', 'background-color', 'rgba(0, 0, 0, 0)');\ncy.get('.color').eq(3).should('have.css', 'background-color');",
              "err": {},
              "uuid": "658d4c17-2286-45fc-a2c3-df5104ab9239",
              "parentUUID": "1b1aa9ba-a3a5-4b0e-9e96-f89d8f09b8a3",
              "isHook": false,
              "skipped": false
            }
          ],
          "suites": [],
          "passes": [
            "44872083-4e4c-497f-b45b-9653d4c90dca",
            "658d4c17-2286-45fc-a2c3-df5104ab9239"
          ],
          "failures": [],
          "pending": [],
          "skipped": [],
          "duration": 355,
          "root": false,
          "rootEmpty": false,
          "_timeout": 2000
        },
        {
          "uuid": "662e7fa6-5744-40e7-baba-0aba055cbd44",
          "title": "4 - Adicione à página um quadro de pixels, com 25 pixels.",
          "fullFile": "",
          "file": "",
          "beforeHooks": [],
          "afterHooks": [],
          "tests": [
            {
              "title": "Verifica se o quadro de pixels possui o `id` denominado `pixel-board`",
              "fullTitle": "4 - Adicione à página um quadro de pixels, com 25 pixels. Verifica se o quadro de pixels possui o `id` denominado `pixel-board`",
              "timedOut": null,
              "duration": 147,
              "state": "passed",
              "speed": "slow",
              "pass": true,
              "fail": false,
              "pending": false,
              "context": null,
              "code": "cy.get('#pixel-board').should('be.visible');",
              "err": {},
              "uuid": "8af0e754-3143-4e69-9dee-c01fa589a093",
              "parentUUID": "662e7fa6-5744-40e7-baba-0aba055cbd44",
              "isHook": false,
              "skipped": false
            },
            {
              "title": "Verifica se cada pixel individual dentro do quadro possui a `classe` denominada `pixel`.",
              "fullTitle": "4 - Adicione à página um quadro de pixels, com 25 pixels. Verifica se cada pixel individual dentro do quadro possui a `classe` denominada `pixel`.",
              "timedOut": null,
              "duration": 131,
              "state": "passed",
              "speed": "slow",
              "pass": true,
              "fail": false,
              "pending": false,
              "context": null,
              "code": "cy.get('.pixel').should('have.length', 25);",
              "err": {},
              "uuid": "f2235610-1fd7-4659-8b13-97821b9d51bb",
              "parentUUID": "662e7fa6-5744-40e7-baba-0aba055cbd44",
              "isHook": false,
              "skipped": false
            },
            {
              "title": "Verifica se a cor inicial dos pixels dentro do quadro, ao abrir a página, é branca.",
              "fullTitle": "4 - Adicione à página um quadro de pixels, com 25 pixels. Verifica se a cor inicial dos pixels dentro do quadro, ao abrir a página, é branca.",
              "timedOut": null,
              "duration": 186,
              "state": "passed",
              "speed": "slow",
              "pass": true,
              "fail": false,
              "pending": false,
              "context": null,
              "code": "cy.get('.pixel').should('have.length', 25).each(function (pixel) {\n  expect(pixel).to.have.css('background-color', WHITE);\n});",
              "err": {},
              "uuid": "7926cc25-bd23-460d-824c-70c48713a091",
              "parentUUID": "662e7fa6-5744-40e7-baba-0aba055cbd44",
              "isHook": false,
              "skipped": false
            },
            {
              "title": "Verifica se o quadro de pixels aparece abaixo da paleta de cores",
              "fullTitle": "4 - Adicione à página um quadro de pixels, com 25 pixels. Verifica se o quadro de pixels aparece abaixo da paleta de cores",
              "timedOut": null,
              "duration": 141,
              "state": "passed",
              "speed": "slow",
              "pass": true,
              "fail": false,
              "pending": false,
              "context": null,
              "code": "cy.get('#color-palette').then(function (palette) {\n  cy.get('#pixel-board').should('be.belowOf', palette);\n});",
              "err": {},
              "uuid": "33983144-6a17-4ae0-8407-bd3cadeb38a6",
              "parentUUID": "662e7fa6-5744-40e7-baba-0aba055cbd44",
              "isHook": false,
              "skipped": false
            }
          ],
          "suites": [],
          "passes": [
            "8af0e754-3143-4e69-9dee-c01fa589a093",
            "f2235610-1fd7-4659-8b13-97821b9d51bb",
            "7926cc25-bd23-460d-824c-70c48713a091",
            "33983144-6a17-4ae0-8407-bd3cadeb38a6"
          ],
          "failures": [],
          "pending": [],
          "skipped": [],
          "duration": 605,
          "root": false,
          "rootEmpty": false,
          "_timeout": 2000
        },
        {
          "uuid": "cfef2a52-fe5d-4d4e-989e-5a67d4abc78d",
          "title": "5 - Faça com que cada elemento do quadro de pixels possua 40 pixels de largura, 40 pixels de altura e seja delimitado por uma borda preta de 1 pixel.",
          "fullFile": "",
          "file": "",
          "beforeHooks": [],
          "afterHooks": [],
          "tests": [
            {
              "title": "Verifica se o quadro de pixels tem altura e comprimento de 5 elementos",
              "fullTitle": "5 - Faça com que cada elemento do quadro de pixels possua 40 pixels de largura, 40 pixels de altura e seja delimitado por uma borda preta de 1 pixel. Verifica se o quadro de pixels tem altura e comprimento de 5 elementos",
              "timedOut": null,
              "duration": 304,
              "state": "passed",
              "speed": "slow",
              "pass": true,
              "fail": false,
              "pending": false,
              "context": null,
              "code": "cy.get('.pixel').should('have.length', 25).each(function (pixel) {\n  expect(pixel).to.have.css('background-color', WHITE);\n}).and(function (pixels) {\n  var rows = chunk(pixels, 5);\n  rows.forEach(function (row) {\n    for (var index = 1; index < row.length; index += 1) {\n      var current = pixels[index];\n      var previous = pixels[index - 1];\n      cy.wrap(current).should('be.onTheRightOf', previous).and('be.horizontallyAlignedWith', previous);\n    }\n  });\n  for (var index = 1; index < 5; index += 1) {\n    expect(pixels[index * 5]).to.be.belowOf(pixels[(index - 1) * 5]);\n  }\n});",
              "err": {},
              "uuid": "e6d10ec7-1073-4b61-9906-d7525668915f",
              "parentUUID": "cfef2a52-fe5d-4d4e-989e-5a67d4abc78d",
              "isHook": false,
              "skipped": false
            },
            {
              "title": "Verifica se 40 pixels é o tamanho total do elemento, incluindo seu conteúdo e excluindo a borda preta, que deve ser criada à parte.",
              "fullTitle": "5 - Faça com que cada elemento do quadro de pixels possua 40 pixels de largura, 40 pixels de altura e seja delimitado por uma borda preta de 1 pixel. Verifica se 40 pixels é o tamanho total do elemento, incluindo seu conteúdo e excluindo a borda preta, que deve ser criada à parte.",
              "timedOut": null,
              "duration": 325,
              "state": "passed",
              "speed": "slow",
              "pass": true,
              "fail": false,
              "pending": false,
              "context": null,
              "code": "cy.get('.pixel').each(function (pixel) {\n  cy.wrap(pixel).should('have.css', 'height', '40px').and('have.css', 'width', '40px').and('have.css', 'border', \"1px solid \".concat(BLACK));\n});",
              "err": {},
              "uuid": "12f7f327-7797-4cc0-b0f8-40532336a528",
              "parentUUID": "cfef2a52-fe5d-4d4e-989e-5a67d4abc78d",
              "isHook": false,
              "skipped": false
            }
          ],
          "suites": [],
          "passes": [
            "e6d10ec7-1073-4b61-9906-d7525668915f",
            "12f7f327-7797-4cc0-b0f8-40532336a528"
          ],
          "failures": [],
          "pending": [],
          "skipped": [],
          "duration": 629,
          "root": false,
          "rootEmpty": false,
          "_timeout": 2000
        },
        {
          "uuid": "46cb4bbc-5943-435d-8719-7fd19ed5d3b4",
          "title": "6 - Defina a cor preta como cor inicial. Ao carregar a página a cor preta já deve estar selecionada para pintar os pixels",
          "fullFile": "",
          "file": "",
          "beforeHooks": [],
          "afterHooks": [],
          "tests": [
            {
              "title": "Verifica se o elemento da cor preta possui, inicialmente, a `classe` `selected`",
              "fullTitle": "6 - Defina a cor preta como cor inicial. Ao carregar a página a cor preta já deve estar selecionada para pintar os pixels Verifica se o elemento da cor preta possui, inicialmente, a `classe` `selected`",
              "timedOut": null,
              "duration": 127,
              "state": "passed",
              "speed": "slow",
              "pass": true,
              "fail": false,
              "pending": false,
              "context": null,
              "code": "cy.get('.selected').first().should('have.css', 'background-color', BLACK);",
              "err": {},
              "uuid": "49219424-35a3-4d48-9f94-db8c1e41aa47",
              "parentUUID": "46cb4bbc-5943-435d-8719-7fd19ed5d3b4",
              "isHook": false,
              "skipped": false
            },
            {
              "title": "Verifica se nenhuma outra cor da paleta tem a `classe` `selected`",
              "fullTitle": "6 - Defina a cor preta como cor inicial. Ao carregar a página a cor preta já deve estar selecionada para pintar os pixels Verifica se nenhuma outra cor da paleta tem a `classe` `selected`",
              "timedOut": null,
              "duration": 117,
              "state": "passed",
              "speed": "slow",
              "pass": true,
              "fail": false,
              "pending": false,
              "context": null,
              "code": "cy.get('.color:not(:first-child)').each(function (color) {\n  cy.wrap(color).should('not.have.class', 'selected');\n});",
              "err": {},
              "uuid": "67028543-a9d2-41c7-b5f5-feb3b5c5023a",
              "parentUUID": "46cb4bbc-5943-435d-8719-7fd19ed5d3b4",
              "isHook": false,
              "skipped": false
            }
          ],
          "suites": [],
          "passes": [
            "49219424-35a3-4d48-9f94-db8c1e41aa47",
            "67028543-a9d2-41c7-b5f5-feb3b5c5023a"
          ],
          "failures": [],
          "pending": [],
          "skipped": [],
          "duration": 244,
          "root": false,
          "rootEmpty": false,
          "_timeout": 2000
        },
        {
          "uuid": "1389227b-1cce-46ef-8a5d-f7b1245ff92b",
          "title": "7 - Clicar em uma das cores da paleta, faz com que ela seja selecionada e utilizada para preencher os pixels no quadro.",
          "fullFile": "",
          "file": "",
          "beforeHooks": [],
          "afterHooks": [],
          "tests": [
            {
              "title": "Verifica se somente uma cor da paleta de cores tem a classe `selected` de cada vez",
              "fullTitle": "7 - Clicar em uma das cores da paleta, faz com que ela seja selecionada e utilizada para preencher os pixels no quadro. Verifica se somente uma cor da paleta de cores tem a classe `selected` de cada vez",
              "timedOut": null,
              "duration": 491,
              "state": "passed",
              "speed": "slow",
              "pass": true,
              "fail": false,
              "pending": false,
              "context": null,
              "code": "cy.get('.color').each(function (selectedColor, selectedColorIndex) {\n  cy.wrap(selectedColor).click();\n  cy.get('.color').each(function (color, colorIndex) {\n    if (colorIndex === selectedColorIndex) {\n      expect(color).to.have[\"class\"]('selected');\n    } else {\n      expect(color).not.to.have[\"class\"]('selected');\n    }\n  });\n});",
              "err": {},
              "uuid": "5511cf19-0d69-422d-8847-1fe910545141",
              "parentUUID": "1389227b-1cce-46ef-8a5d-f7b1245ff92b",
              "isHook": false,
              "skipped": false
            },
            {
              "title": "Verifica se os pixels dentro do quadro não têm a classe `selected` quando são clicados",
              "fullTitle": "7 - Clicar em uma das cores da paleta, faz com que ela seja selecionada e utilizada para preencher os pixels no quadro. Verifica se os pixels dentro do quadro não têm a classe `selected` quando são clicados",
              "timedOut": null,
              "duration": 8788,
              "state": "passed",
              "speed": "slow",
              "pass": true,
              "fail": false,
              "pending": false,
              "context": null,
              "code": "cy.get('.color').each(function (color) {\n  var backgroundColor = color.css('background-color');\n  cy.wrap(color).click();\n  cy.get('.pixel').each(function (pixel) {\n    cy.wrap(pixel).click().should('not.have.class', 'selected');\n  });\n});",
              "err": {},
              "uuid": "600fd679-3e21-4124-a4c3-530df2e6f13e",
              "parentUUID": "1389227b-1cce-46ef-8a5d-f7b1245ff92b",
              "isHook": false,
              "skipped": false
            }
          ],
          "suites": [],
          "passes": [
            "5511cf19-0d69-422d-8847-1fe910545141",
            "600fd679-3e21-4124-a4c3-530df2e6f13e"
          ],
          "failures": [],
          "pending": [],
          "skipped": [],
          "duration": 9279,
          "root": false,
          "rootEmpty": false,
          "_timeout": 2000
        },
        {
          "uuid": "dd35f320-c62c-489d-8b97-c16487d21588",
          "title": "8 - Clicar em um pixel dentro do quadro após selecionar uma cor na paleta, faz com que o pixel seja preenchido com a cor selecionada.",
          "fullFile": "",
          "file": "",
          "beforeHooks": [],
          "afterHooks": [],
          "tests": [
            {
              "title": "Verifica se ao carregar a página deve ser possível pintar os pixels de preto",
              "fullTitle": "8 - Clicar em um pixel dentro do quadro após selecionar uma cor na paleta, faz com que o pixel seja preenchido com a cor selecionada. Verifica se ao carregar a página deve ser possível pintar os pixels de preto",
              "timedOut": null,
              "duration": 2253,
              "state": "passed",
              "speed": "slow",
              "pass": true,
              "fail": false,
              "pending": false,
              "context": null,
              "code": "cy.get('.pixel').each(function (pixel) {\n  cy.wrap(pixel).click().should('have.css', 'background-color', BLACK);\n});",
              "err": {},
              "uuid": "32333e6f-87d3-4cac-a0d4-4439b14216e2",
              "parentUUID": "dd35f320-c62c-489d-8b97-c16487d21588",
              "isHook": false,
              "skipped": false
            },
            {
              "title": "Verifica se após selecionar uma outra cor na paleta, é possível pintar os pixels com essa cor",
              "fullTitle": "8 - Clicar em um pixel dentro do quadro após selecionar uma cor na paleta, faz com que o pixel seja preenchido com a cor selecionada. Verifica se após selecionar uma outra cor na paleta, é possível pintar os pixels com essa cor",
              "timedOut": null,
              "duration": 8697,
              "state": "passed",
              "speed": "slow",
              "pass": true,
              "fail": false,
              "pending": false,
              "context": null,
              "code": "cy.get('.color').each(function (color) {\n  var backgroundColor = color.css('background-color');\n  cy.wrap(color).click();\n  cy.get('.pixel').each(function (pixel) {\n    cy.wrap(pixel).click().should('have.css', 'background-color', backgroundColor);\n  });\n});",
              "err": {},
              "uuid": "922c7a37-78bf-4af1-9627-000df249d4cc",
              "parentUUID": "dd35f320-c62c-489d-8b97-c16487d21588",
              "isHook": false,
              "skipped": false
            },
            {
              "title": "Verifica se somente o pixel que foi clicado foi preenchido com a cor selecionada, sem influenciar na cor dos demais pixels.",
              "fullTitle": "8 - Clicar em um pixel dentro do quadro após selecionar uma cor na paleta, faz com que o pixel seja preenchido com a cor selecionada. Verifica se somente o pixel que foi clicado foi preenchido com a cor selecionada, sem influenciar na cor dos demais pixels.",
              "timedOut": null,
              "duration": 1482,
              "state": "passed",
              "speed": "slow",
              "pass": true,
              "fail": false,
              "pending": false,
              "context": null,
              "code": "var colorToPixelIndexMap = {\n  0: 6,\n  1: 8,\n  2: 16,\n  3: 18\n};\ncy.get('.color').each(function (color, index) {\n  cy.wrap(color).click();\n  var backgroundColor = color.css('background-color');\n  var clickedPixelIndex = colorToPixelIndexMap[index];\n  cy.get('.pixel').eq(clickedPixelIndex).click();\n  cy.get('.pixel').eq(clickedPixelIndex - 1).should('not.have.css', 'background-color', backgroundColor);\n  cy.get('.pixel').eq(clickedPixelIndex + 1).should('not.have.css', 'background-color', backgroundColor);\n  cy.get('.pixel').eq(clickedPixelIndex - 5).should('not.have.css', 'background-color', backgroundColor);\n  cy.get('.pixel').eq(clickedPixelIndex + 5).should('not.have.css', 'background-color', backgroundColor);\n  cy.get('.pixel').eq(clickedPixelIndex - 6).should('not.have.css', 'background-color', backgroundColor);\n  cy.get('.pixel').eq(clickedPixelIndex - 4).should('not.have.css', 'background-color', backgroundColor);\n  cy.get('.pixel').eq(clickedPixelIndex + 4).should('not.have.css', 'background-color', backgroundColor);\n  cy.get('.pixel').eq(clickedPixelIndex + 6).should('not.have.css', 'background-color', backgroundColor);\n});",
              "err": {},
              "uuid": "c15f9ce9-fc11-4534-bec2-5e64124344c9",
              "parentUUID": "dd35f320-c62c-489d-8b97-c16487d21588",
              "isHook": false,
              "skipped": false
            }
          ],
          "suites": [],
          "passes": [
            "32333e6f-87d3-4cac-a0d4-4439b14216e2",
            "922c7a37-78bf-4af1-9627-000df249d4cc",
            "c15f9ce9-fc11-4534-bec2-5e64124344c9"
          ],
          "failures": [],
          "pending": [],
          "skipped": [],
          "duration": 12432,
          "root": false,
          "rootEmpty": false,
          "_timeout": 2000
        },
        {
          "uuid": "f2fef9b3-d35f-4890-bee4-0331e70821ed",
          "title": "9 - Crie um botão que, ao ser clicado, limpa o quadro preenchendo a cor de todos seus pixels com branco.",
          "fullFile": "",
          "file": "",
          "beforeHooks": [],
          "afterHooks": [],
          "tests": [
            {
              "title": "Verifica se o botão tem o `id` denominado `clear-board`",
              "fullTitle": "9 - Crie um botão que, ao ser clicado, limpa o quadro preenchendo a cor de todos seus pixels com branco. Verifica se o botão tem o `id` denominado `clear-board`",
              "timedOut": null,
              "duration": 168,
              "state": "passed",
              "speed": "slow",
              "pass": true,
              "fail": false,
              "pending": false,
              "context": null,
              "code": "cy.get('#clear-board').should('be.visible');",
              "err": {},
              "uuid": "f577aa6b-6fb0-4247-9235-121996cd131c",
              "parentUUID": "f2fef9b3-d35f-4890-bee4-0331e70821ed",
              "isHook": false,
              "skipped": false
            },
            {
              "title": "Verifica se o botão está posicionado entre a paleta de cores e o quadro de pixels",
              "fullTitle": "9 - Crie um botão que, ao ser clicado, limpa o quadro preenchendo a cor de todos seus pixels com branco. Verifica se o botão está posicionado entre a paleta de cores e o quadro de pixels",
              "timedOut": null,
              "duration": 126,
              "state": "passed",
              "speed": "slow",
              "pass": true,
              "fail": false,
              "pending": false,
              "context": null,
              "code": "cy.get('#color-palette').then(function (palette) {\n  cy.get('#clear-board').should('be.belowOf', palette);\n});\ncy.get('#clear-board').then(function (clearBtn) {\n  cy.get('#pixel-board').should('be.belowOf', clearBtn);\n});",
              "err": {},
              "uuid": "002f043a-4288-488f-8fab-e8dc81ea1743",
              "parentUUID": "f2fef9b3-d35f-4890-bee4-0331e70821ed",
              "isHook": false,
              "skipped": false
            },
            {
              "title": "Verifica se o texto do botão é 'Limpar'",
              "fullTitle": "9 - Crie um botão que, ao ser clicado, limpa o quadro preenchendo a cor de todos seus pixels com branco. Verifica se o texto do botão é 'Limpar'",
              "timedOut": null,
              "duration": 97,
              "state": "passed",
              "speed": "slow",
              "pass": true,
              "fail": false,
              "pending": false,
              "context": null,
              "code": "cy.get('#clear-board').should('contain.text', 'Limpar');",
              "err": {},
              "uuid": "808afd7c-0a35-4ae4-af51-4590faad9f53",
              "parentUUID": "f2fef9b3-d35f-4890-bee4-0331e70821ed",
              "isHook": false,
              "skipped": false
            },
            {
              "title": "Verifica se ao clicar no botão, o quadro de pixels é totalmente preenchido de branco",
              "fullTitle": "9 - Crie um botão que, ao ser clicado, limpa o quadro preenchendo a cor de todos seus pixels com branco. Verifica se ao clicar no botão, o quadro de pixels é totalmente preenchido de branco",
              "timedOut": null,
              "duration": 2410,
              "state": "passed",
              "speed": "slow",
              "pass": true,
              "fail": false,
              "pending": false,
              "context": null,
              "code": "cy.get('.color').eq(1).then(function (color) {\n  var backgroundColor = color.css('background-color');\n  cy.wrap(color).click();\n  cy.get('.pixel').each(function (pixel) {\n    cy.wrap(pixel).click().should('have.css', 'background-color', backgroundColor);\n  });\n});\ncy.get('#clear-board').click();\ncy.get('.pixel').each(function (pixel) {\n  cy.wrap(pixel).should('have.css', 'background-color', WHITE);\n});",
              "err": {},
              "uuid": "52463d1c-229b-4cd9-82b7-eb93880283de",
              "parentUUID": "f2fef9b3-d35f-4890-bee4-0331e70821ed",
              "isHook": false,
              "skipped": false
            }
          ],
          "suites": [],
          "passes": [
            "f577aa6b-6fb0-4247-9235-121996cd131c",
            "002f043a-4288-488f-8fab-e8dc81ea1743",
            "808afd7c-0a35-4ae4-af51-4590faad9f53",
            "52463d1c-229b-4cd9-82b7-eb93880283de"
          ],
          "failures": [],
          "pending": [],
          "skipped": [],
          "duration": 2801,
          "root": false,
          "rootEmpty": false,
          "_timeout": 2000
        },
        {
          "uuid": "eb6b0c46-6bb5-489d-b599-ab0a469df547",
          "title": "10 - Faça o quadro de pixels ter seu tamanho definido pelo usuário.",
          "fullFile": "",
          "file": "",
          "beforeHooks": [],
          "afterHooks": [],
          "tests": [
            {
              "title": "Verifica se existe um input com o id `board-size`",
              "fullTitle": "10 - Faça o quadro de pixels ter seu tamanho definido pelo usuário. Verifica se existe um input com o id `board-size`",
              "timedOut": null,
              "duration": 4378,
              "state": "failed",
              "speed": null,
              "pass": false,
              "fail": true,
              "pending": false,
              "context": null,
              "code": "cy.get('#board-size').should('be.visible');",
              "err": {
                "message": "CypressError: Timed out retrying: Expected to find element: '#board-size', but never found it.",
                "estack": "CypressError: Timed out retrying: Expected to find element: '#board-size', but never found it.\n    at cypressErr (http://localhost:34591/__cypress/runner/cypress_runner.js:149934:9)\n    at throwErr (http://localhost:34591/__cypress/runner/cypress_runner.js:149867:11)\n    at Object.throwErrByPath (http://localhost:34591/__cypress/runner/cypress_runner.js:149915:3)\n    at retry (http://localhost:34591/__cypress/runner/cypress_runner.js:144197:19)\n    at onFailFn (http://localhost:34591/__cypress/runner/cypress_runner.js:132448:16)\n    at tryCatcher (http://localhost:34591/__cypress/runner/cypress_runner.js:167415:23)\n    at Promise._settlePromiseFromHandler (http://localhost:34591/__cypress/runner/cypress_runner.js:165351:31)\n    at Promise._settlePromise (http://localhost:34591/__cypress/runner/cypress_runner.js:165408:18)\n    at Promise._settlePromise0 (http://localhost:34591/__cypress/runner/cypress_runner.js:165453:10)\n    at Promise._settlePromises (http://localhost:34591/__cypress/runner/cypress_runner.js:165528:18)\n    at Async../node_modules/bluebird/js/release/async.js.Async._drainQueue (http://localhost:34591/__cypress/runner/cypress_runner.js:162140:16)\n    at Async../node_modules/bluebird/js/release/async.js.Async._drainQueues (http://localhost:34591/__cypress/runner/cypress_runner.js:162150:10)\n    at Async.drainQueues (http://localhost:34591/__cypress/runner/cypress_runner.js:162024:14)",
                "diff": null
              },
              "uuid": "125eab61-b0d4-4f73-bd74-fe5fdfce6eb0",
              "parentUUID": "eb6b0c46-6bb5-489d-b599-ab0a469df547",
              "isHook": false,
              "skipped": false
            },
            {
              "title": "Verifica se existe um botão com o id `generate-board`",
              "fullTitle": "10 - Faça o quadro de pixels ter seu tamanho definido pelo usuário. Verifica se existe um botão com o id `generate-board`",
              "timedOut": null,
              "duration": 4398,
              "state": "failed",
              "speed": null,
              "pass": false,
              "fail": true,
              "pending": false,
              "context": null,
              "code": "cy.get('#generate-board').should('be.visible');",
              "err": {
                "message": "CypressError: Timed out retrying: Expected to find element: '#generate-board', but never found it.",
                "estack": "CypressError: Timed out retrying: Expected to find element: '#generate-board', but never found it.\n    at cypressErr (http://localhost:34591/__cypress/runner/cypress_runner.js:149934:9)\n    at throwErr (http://localhost:34591/__cypress/runner/cypress_runner.js:149867:11)\n    at Object.throwErrByPath (http://localhost:34591/__cypress/runner/cypress_runner.js:149915:3)\n    at retry (http://localhost:34591/__cypress/runner/cypress_runner.js:144197:19)\n    at onFailFn (http://localhost:34591/__cypress/runner/cypress_runner.js:132448:16)\n    at tryCatcher (http://localhost:34591/__cypress/runner/cypress_runner.js:167415:23)\n    at Promise._settlePromiseFromHandler (http://localhost:34591/__cypress/runner/cypress_runner.js:165351:31)\n    at Promise._settlePromise (http://localhost:34591/__cypress/runner/cypress_runner.js:165408:18)\n    at Promise._settlePromise0 (http://localhost:34591/__cypress/runner/cypress_runner.js:165453:10)\n    at Promise._settlePromises (http://localhost:34591/__cypress/runner/cypress_runner.js:165528:18)\n    at Async../node_modules/bluebird/js/release/async.js.Async._drainQueue (http://localhost:34591/__cypress/runner/cypress_runner.js:162140:16)\n    at Async../node_modules/bluebird/js/release/async.js.Async._drainQueues (http://localhost:34591/__cypress/runner/cypress_runner.js:162150:10)\n    at Async.drainQueues (http://localhost:34591/__cypress/runner/cypress_runner.js:162024:14)",
                "diff": null
              },
              "uuid": "579a57ca-8a29-4002-b543-1f0aad769357",
              "parentUUID": "eb6b0c46-6bb5-489d-b599-ab0a469df547",
              "isHook": false,
              "skipped": false
            },
            {
              "title": "Verifica se o input só aceita número maiores que zero. Essa restrição deve ser feita usando os atributos do elemento `input`",
              "fullTitle": "10 - Faça o quadro de pixels ter seu tamanho definido pelo usuário. Verifica se o input só aceita número maiores que zero. Essa restrição deve ser feita usando os atributos do elemento `input`",
              "timedOut": null,
              "duration": 4345,
              "state": "failed",
              "speed": null,
              "pass": false,
              "fail": true,
              "pending": false,
              "context": null,
              "code": "cy.get('#board-size[type=\\'number\\'][min=\\'1\\']');",
              "err": {
                "message": "CypressError: Timed out retrying: Expected to find element: '#board-size[type='number'][min='1']', but never found it.",
                "estack": "CypressError: Timed out retrying: Expected to find element: '#board-size[type='number'][min='1']', but never found it.\n    at cypressErr (http://localhost:34591/__cypress/runner/cypress_runner.js:149934:9)\n    at throwErr (http://localhost:34591/__cypress/runner/cypress_runner.js:149867:11)\n    at Object.throwErrByPath (http://localhost:34591/__cypress/runner/cypress_runner.js:149915:3)\n    at retry (http://localhost:34591/__cypress/runner/cypress_runner.js:144197:19)\n    at onFailFn (http://localhost:34591/__cypress/runner/cypress_runner.js:132448:16)\n    at tryCatcher (http://localhost:34591/__cypress/runner/cypress_runner.js:167415:23)\n    at Promise._settlePromiseFromHandler (http://localhost:34591/__cypress/runner/cypress_runner.js:165351:31)\n    at Promise._settlePromise (http://localhost:34591/__cypress/runner/cypress_runner.js:165408:18)\n    at Promise._settlePromise0 (http://localhost:34591/__cypress/runner/cypress_runner.js:165453:10)\n    at Promise._settlePromises (http://localhost:34591/__cypress/runner/cypress_runner.js:165528:18)\n    at Async../node_modules/bluebird/js/release/async.js.Async._drainQueue (http://localhost:34591/__cypress/runner/cypress_runner.js:162140:16)\n    at Async../node_modules/bluebird/js/release/async.js.Async._drainQueues (http://localhost:34591/__cypress/runner/cypress_runner.js:162150:10)\n    at Async.drainQueues (http://localhost:34591/__cypress/runner/cypress_runner.js:162024:14)",
                "diff": null
              },
              "uuid": "db660850-7825-4d5d-b872-7d5153242ad8",
              "parentUUID": "eb6b0c46-6bb5-489d-b599-ab0a469df547",
              "isHook": false,
              "skipped": false
            },
            {
              "title": "Verifica se o botão contém o texto 'VQV'",
              "fullTitle": "10 - Faça o quadro de pixels ter seu tamanho definido pelo usuário. Verifica se o botão contém o texto 'VQV'",
              "timedOut": null,
              "duration": 4333,
              "state": "failed",
              "speed": null,
              "pass": false,
              "fail": true,
              "pending": false,
              "context": null,
              "code": "cy.get('#generate-board').contains(/vqv/i);",
              "err": {
                "message": "CypressError: Timed out retrying: Expected to find element: '#generate-board', but never found it.",
                "estack": "CypressError: Timed out retrying: Expected to find element: '#generate-board', but never found it.\n    at cypressErr (http://localhost:34591/__cypress/runner/cypress_runner.js:149934:9)\n    at throwErr (http://localhost:34591/__cypress/runner/cypress_runner.js:149867:11)\n    at Object.throwErrByPath (http://localhost:34591/__cypress/runner/cypress_runner.js:149915:3)\n    at retry (http://localhost:34591/__cypress/runner/cypress_runner.js:144197:19)\n    at onFailFn (http://localhost:34591/__cypress/runner/cypress_runner.js:132448:16)\n    at tryCatcher (http://localhost:34591/__cypress/runner/cypress_runner.js:167415:23)\n    at Promise._settlePromiseFromHandler (http://localhost:34591/__cypress/runner/cypress_runner.js:165351:31)\n    at Promise._settlePromise (http://localhost:34591/__cypress/runner/cypress_runner.js:165408:18)\n    at Promise._settlePromise0 (http://localhost:34591/__cypress/runner/cypress_runner.js:165453:10)\n    at Promise._settlePromises (http://localhost:34591/__cypress/runner/cypress_runner.js:165528:18)\n    at Async../node_modules/bluebird/js/release/async.js.Async._drainQueue (http://localhost:34591/__cypress/runner/cypress_runner.js:162140:16)\n    at Async../node_modules/bluebird/js/release/async.js.Async._drainQueues (http://localhost:34591/__cypress/runner/cypress_runner.js:162150:10)\n    at Async.drainQueues (http://localhost:34591/__cypress/runner/cypress_runner.js:162024:14)",
                "diff": null
              },
              "uuid": "04aaeca3-ebf4-41c5-b108-3a98a16dc4f5",
              "parentUUID": "eb6b0c46-6bb5-489d-b599-ab0a469df547",
              "isHook": false,
              "skipped": false
            },
            {
              "title": "Verifica se o input está posicionado entre a paleta de cores e o quadro de pixels",
              "fullTitle": "10 - Faça o quadro de pixels ter seu tamanho definido pelo usuário. Verifica se o input está posicionado entre a paleta de cores e o quadro de pixels",
              "timedOut": null,
              "duration": 4405,
              "state": "failed",
              "speed": null,
              "pass": false,
              "fail": true,
              "pending": false,
              "context": null,
              "code": "cy.get('#color-palette').then(function (palette) {\n  cy.get('#board-size').should('be.belowOf', palette);\n});\ncy.get('#board-size').then(function (palette) {\n  cy.get('#pixel-board').should('be.belowOf', palette);\n});",
              "err": {
                "message": "CypressError: Timed out retrying: Expected to find element: '#board-size', but never found it.",
                "estack": "CypressError: Timed out retrying: Expected to find element: '#board-size', but never found it.\n    at cypressErr (http://localhost:34591/__cypress/runner/cypress_runner.js:149934:9)\n    at throwErr (http://localhost:34591/__cypress/runner/cypress_runner.js:149867:11)\n    at Object.throwErrByPath (http://localhost:34591/__cypress/runner/cypress_runner.js:149915:3)\n    at retry (http://localhost:34591/__cypress/runner/cypress_runner.js:144197:19)\n    at onFailFn (http://localhost:34591/__cypress/runner/cypress_runner.js:132448:16)\n    at tryCatcher (http://localhost:34591/__cypress/runner/cypress_runner.js:167415:23)\n    at Promise._settlePromiseFromHandler (http://localhost:34591/__cypress/runner/cypress_runner.js:165351:31)\n    at Promise._settlePromise (http://localhost:34591/__cypress/runner/cypress_runner.js:165408:18)\n    at Promise._settlePromise0 (http://localhost:34591/__cypress/runner/cypress_runner.js:165453:10)\n    at Promise._settlePromises (http://localhost:34591/__cypress/runner/cypress_runner.js:165528:18)\n    at Async../node_modules/bluebird/js/release/async.js.Async._drainQueue (http://localhost:34591/__cypress/runner/cypress_runner.js:162140:16)\n    at Async../node_modules/bluebird/js/release/async.js.Async._drainQueues (http://localhost:34591/__cypress/runner/cypress_runner.js:162150:10)\n    at Async.drainQueues (http://localhost:34591/__cypress/runner/cypress_runner.js:162024:14)",
                "diff": null
              },
              "uuid": "bbf459a9-17ed-467e-9d30-cb24fb3222fc",
              "parentUUID": "eb6b0c46-6bb5-489d-b599-ab0a469df547",
              "isHook": false,
              "skipped": false
            },
            {
              "title": "Verifica se o botão está posicionado ao lado do input",
              "fullTitle": "10 - Faça o quadro de pixels ter seu tamanho definido pelo usuário. Verifica se o botão está posicionado ao lado do input",
              "timedOut": null,
              "duration": 4347,
              "state": "failed",
              "speed": null,
              "pass": false,
              "fail": true,
              "pending": false,
              "context": null,
              "code": "cy.get('#board-size').then(function (board) {\n  cy.get('#generate-board').should('be.onTheRightOf', board);\n});",
              "err": {
                "message": "CypressError: Timed out retrying: Expected to find element: '#board-size', but never found it.",
                "estack": "CypressError: Timed out retrying: Expected to find element: '#board-size', but never found it.\n    at cypressErr (http://localhost:34591/__cypress/runner/cypress_runner.js:149934:9)\n    at throwErr (http://localhost:34591/__cypress/runner/cypress_runner.js:149867:11)\n    at Object.throwErrByPath (http://localhost:34591/__cypress/runner/cypress_runner.js:149915:3)\n    at retry (http://localhost:34591/__cypress/runner/cypress_runner.js:144197:19)\n    at onFailFn (http://localhost:34591/__cypress/runner/cypress_runner.js:132448:16)\n    at tryCatcher (http://localhost:34591/__cypress/runner/cypress_runner.js:167415:23)\n    at Promise._settlePromiseFromHandler (http://localhost:34591/__cypress/runner/cypress_runner.js:165351:31)\n    at Promise._settlePromise (http://localhost:34591/__cypress/runner/cypress_runner.js:165408:18)\n    at Promise._settlePromise0 (http://localhost:34591/__cypress/runner/cypress_runner.js:165453:10)\n    at Promise._settlePromises (http://localhost:34591/__cypress/runner/cypress_runner.js:165528:18)\n    at Async../node_modules/bluebird/js/release/async.js.Async._drainQueue (http://localhost:34591/__cypress/runner/cypress_runner.js:162140:16)\n    at Async../node_modules/bluebird/js/release/async.js.Async._drainQueues (http://localhost:34591/__cypress/runner/cypress_runner.js:162150:10)\n    at Async.drainQueues (http://localhost:34591/__cypress/runner/cypress_runner.js:162024:14)",
                "diff": null
              },
              "uuid": "65960d71-05ae-4cbe-8069-eb200f348a7f",
              "parentUUID": "eb6b0c46-6bb5-489d-b599-ab0a469df547",
              "isHook": false,
              "skipped": false
            },
            {
              "title": "Verifica se nenhum valor for colocado no input ao clicar no botão, um `alert` é exibido com o texto: 'Board inválido!'",
              "fullTitle": "10 - Faça o quadro de pixels ter seu tamanho definido pelo usuário. Verifica se nenhum valor for colocado no input ao clicar no botão, um `alert` é exibido com o texto: 'Board inválido!'",
              "timedOut": null,
              "duration": 4340,
              "state": "failed",
              "speed": null,
              "pass": false,
              "fail": true,
              "pending": false,
              "context": null,
              "code": "var alerted = false;\ncy.on('window:alert', function (msg) {\n  return alerted = msg;\n});\ncy.get('#generate-board').click().then(function () {\n  return expect(alerted).to.match(/Board inválido!/i);\n});",
              "err": {
                "message": "CypressError: Timed out retrying: Expected to find element: '#generate-board', but never found it.",
                "estack": "CypressError: Timed out retrying: Expected to find element: '#generate-board', but never found it.\n    at cypressErr (http://localhost:34591/__cypress/runner/cypress_runner.js:149934:9)\n    at throwErr (http://localhost:34591/__cypress/runner/cypress_runner.js:149867:11)\n    at Object.throwErrByPath (http://localhost:34591/__cypress/runner/cypress_runner.js:149915:3)\n    at retry (http://localhost:34591/__cypress/runner/cypress_runner.js:144197:19)\n    at onFailFn (http://localhost:34591/__cypress/runner/cypress_runner.js:132448:16)\n    at tryCatcher (http://localhost:34591/__cypress/runner/cypress_runner.js:167415:23)\n    at Promise._settlePromiseFromHandler (http://localhost:34591/__cypress/runner/cypress_runner.js:165351:31)\n    at Promise._settlePromise (http://localhost:34591/__cypress/runner/cypress_runner.js:165408:18)\n    at Promise._settlePromise0 (http://localhost:34591/__cypress/runner/cypress_runner.js:165453:10)\n    at Promise._settlePromises (http://localhost:34591/__cypress/runner/cypress_runner.js:165528:18)\n    at Async../node_modules/bluebird/js/release/async.js.Async._drainQueue (http://localhost:34591/__cypress/runner/cypress_runner.js:162140:16)\n    at Async../node_modules/bluebird/js/release/async.js.Async._drainQueues (http://localhost:34591/__cypress/runner/cypress_runner.js:162150:10)\n    at Async.drainQueues (http://localhost:34591/__cypress/runner/cypress_runner.js:162024:14)",
                "diff": null
              },
              "uuid": "b9af8d5c-2a9a-4216-a188-761badd49270",
              "parentUUID": "eb6b0c46-6bb5-489d-b599-ab0a469df547",
              "isHook": false,
              "skipped": false
            },
            {
              "title": "Verifica se ao clicar no botão com um valor preenchido, o tamanho do board muda.",
              "fullTitle": "10 - Faça o quadro de pixels ter seu tamanho definido pelo usuário. Verifica se ao clicar no botão com um valor preenchido, o tamanho do board muda.",
              "timedOut": null,
              "duration": 4359,
              "state": "failed",
              "speed": null,
              "pass": false,
              "fail": true,
              "pending": false,
              "context": null,
              "code": "cy.get('#board-size').clear().type(10);\ncy.get('#generate-board').click();\ncy.get('.pixel').should('have.length', 100);",
              "err": {
                "message": "CypressError: Timed out retrying: Expected to find element: '#board-size', but never found it.",
                "estack": "CypressError: Timed out retrying: Expected to find element: '#board-size', but never found it.\n    at cypressErr (http://localhost:34591/__cypress/runner/cypress_runner.js:149934:9)\n    at throwErr (http://localhost:34591/__cypress/runner/cypress_runner.js:149867:11)\n    at Object.throwErrByPath (http://localhost:34591/__cypress/runner/cypress_runner.js:149915:3)\n    at retry (http://localhost:34591/__cypress/runner/cypress_runner.js:144197:19)\n    at onFailFn (http://localhost:34591/__cypress/runner/cypress_runner.js:132448:16)\n    at tryCatcher (http://localhost:34591/__cypress/runner/cypress_runner.js:167415:23)\n    at Promise._settlePromiseFromHandler (http://localhost:34591/__cypress/runner/cypress_runner.js:165351:31)\n    at Promise._settlePromise (http://localhost:34591/__cypress/runner/cypress_runner.js:165408:18)\n    at Promise._settlePromise0 (http://localhost:34591/__cypress/runner/cypress_runner.js:165453:10)\n    at Promise._settlePromises (http://localhost:34591/__cypress/runner/cypress_runner.js:165528:18)\n    at Async../node_modules/bluebird/js/release/async.js.Async._drainQueue (http://localhost:34591/__cypress/runner/cypress_runner.js:162140:16)\n    at Async../node_modules/bluebird/js/release/async.js.Async._drainQueues (http://localhost:34591/__cypress/runner/cypress_runner.js:162150:10)\n    at Async.drainQueues (http://localhost:34591/__cypress/runner/cypress_runner.js:162024:14)",
                "diff": null
              },
              "uuid": "1c2aebf3-032a-47dd-893f-15bec83e3619",
              "parentUUID": "eb6b0c46-6bb5-489d-b599-ab0a469df547",
              "isHook": false,
              "skipped": false
            },
            {
              "title": "Verifica se o novo quadro tem todos os pixels preenchidos com a cor branca",
              "fullTitle": "10 - Faça o quadro de pixels ter seu tamanho definido pelo usuário. Verifica se o novo quadro tem todos os pixels preenchidos com a cor branca",
              "timedOut": null,
              "duration": 4402,
              "state": "failed",
              "speed": null,
              "pass": false,
              "fail": true,
              "pending": false,
              "context": null,
              "code": "cy.get('#board-size').clear().type(6);\ncy.get('#generate-board').click();\ncy.get('.pixel').should('have.length', 36).each(function (pixel) {\n  expect(pixel).to.have.css('background-color', WHITE);\n});",
              "err": {
                "message": "CypressError: Timed out retrying: Expected to find element: '#board-size', but never found it.",
                "estack": "CypressError: Timed out retrying: Expected to find element: '#board-size', but never found it.\n    at cypressErr (http://localhost:34591/__cypress/runner/cypress_runner.js:149934:9)\n    at throwErr (http://localhost:34591/__cypress/runner/cypress_runner.js:149867:11)\n    at Object.throwErrByPath (http://localhost:34591/__cypress/runner/cypress_runner.js:149915:3)\n    at retry (http://localhost:34591/__cypress/runner/cypress_runner.js:144197:19)\n    at onFailFn (http://localhost:34591/__cypress/runner/cypress_runner.js:132448:16)\n    at tryCatcher (http://localhost:34591/__cypress/runner/cypress_runner.js:167415:23)\n    at Promise._settlePromiseFromHandler (http://localhost:34591/__cypress/runner/cypress_runner.js:165351:31)\n    at Promise._settlePromise (http://localhost:34591/__cypress/runner/cypress_runner.js:165408:18)\n    at Promise._settlePromise0 (http://localhost:34591/__cypress/runner/cypress_runner.js:165453:10)\n    at Promise._settlePromises (http://localhost:34591/__cypress/runner/cypress_runner.js:165528:18)\n    at Async../node_modules/bluebird/js/release/async.js.Async._drainQueue (http://localhost:34591/__cypress/runner/cypress_runner.js:162140:16)\n    at Async../node_modules/bluebird/js/release/async.js.Async._drainQueues (http://localhost:34591/__cypress/runner/cypress_runner.js:162150:10)\n    at Async.drainQueues (http://localhost:34591/__cypress/runner/cypress_runner.js:162024:14)",
                "diff": null
              },
              "uuid": "385c8177-a933-4a32-9eb4-731ada8cb06c",
              "parentUUID": "eb6b0c46-6bb5-489d-b599-ab0a469df547",
              "isHook": false,
              "skipped": false
            }
          ],
          "suites": [],
          "passes": [],
          "failures": [
            "125eab61-b0d4-4f73-bd74-fe5fdfce6eb0",
            "579a57ca-8a29-4002-b543-1f0aad769357",
            "db660850-7825-4d5d-b872-7d5153242ad8",
            "04aaeca3-ebf4-41c5-b108-3a98a16dc4f5",
            "bbf459a9-17ed-467e-9d30-cb24fb3222fc",
            "65960d71-05ae-4cbe-8069-eb200f348a7f",
            "b9af8d5c-2a9a-4216-a188-761badd49270",
            "1c2aebf3-032a-47dd-893f-15bec83e3619",
            "385c8177-a933-4a32-9eb4-731ada8cb06c"
          ],
          "pending": [],
          "skipped": [],
          "duration": 39307,
          "root": false,
          "rootEmpty": false,
          "_timeout": 2000
        },
        {
          "uuid": "c8e0dd55-f15f-4dc5-bd82-21015e1c46dc",
          "title": "11 - Limite o tamanho mínimo e máximo do board.",
          "fullFile": "",
          "file": "",
          "beforeHooks": [],
          "afterHooks": [],
          "tests": [
            {
              "title": "Verifica se a altura máxima do board é 50",
              "fullTitle": "11 - Limite o tamanho mínimo e máximo do board. Verifica se a altura máxima do board é 50",
              "timedOut": null,
              "duration": 4394,
              "state": "failed",
              "speed": null,
              "pass": false,
              "fail": true,
              "pending": false,
              "context": null,
              "code": "cy.get('#board-size').clear().type(50);\ncy.get('#generate-board').click();\ncy.get('.pixel').should('have.length', 2500);",
              "err": {
                "message": "CypressError: Timed out retrying: Expected to find element: '#board-size', but never found it.",
                "estack": "CypressError: Timed out retrying: Expected to find element: '#board-size', but never found it.\n    at cypressErr (http://localhost:34591/__cypress/runner/cypress_runner.js:149934:9)\n    at throwErr (http://localhost:34591/__cypress/runner/cypress_runner.js:149867:11)\n    at Object.throwErrByPath (http://localhost:34591/__cypress/runner/cypress_runner.js:149915:3)\n    at retry (http://localhost:34591/__cypress/runner/cypress_runner.js:144197:19)\n    at onFailFn (http://localhost:34591/__cypress/runner/cypress_runner.js:132448:16)\n    at tryCatcher (http://localhost:34591/__cypress/runner/cypress_runner.js:167415:23)\n    at Promise._settlePromiseFromHandler (http://localhost:34591/__cypress/runner/cypress_runner.js:165351:31)\n    at Promise._settlePromise (http://localhost:34591/__cypress/runner/cypress_runner.js:165408:18)\n    at Promise._settlePromise0 (http://localhost:34591/__cypress/runner/cypress_runner.js:165453:10)\n    at Promise._settlePromises (http://localhost:34591/__cypress/runner/cypress_runner.js:165528:18)\n    at Async../node_modules/bluebird/js/release/async.js.Async._drainQueue (http://localhost:34591/__cypress/runner/cypress_runner.js:162140:16)\n    at Async../node_modules/bluebird/js/release/async.js.Async._drainQueues (http://localhost:34591/__cypress/runner/cypress_runner.js:162150:10)\n    at Async.drainQueues (http://localhost:34591/__cypress/runner/cypress_runner.js:162024:14)",
                "diff": null
              },
              "uuid": "9ff58860-82d5-4020-bd87-d366b3f789e9",
              "parentUUID": "c8e0dd55-f15f-4dc5-bd82-21015e1c46dc",
              "isHook": false,
              "skipped": false
            },
            {
              "title": "Verifica se a altura do board é 5 quando um valor menor é colocado no input",
              "fullTitle": "11 - Limite o tamanho mínimo e máximo do board. Verifica se a altura do board é 5 quando um valor menor é colocado no input",
              "timedOut": null,
              "duration": 4363,
              "state": "failed",
              "speed": null,
              "pass": false,
              "fail": true,
              "pending": false,
              "context": null,
              "code": "cy.get('#board-size').clear().type(4);\ncy.get('#generate-board').click();\ncy.get('.pixel').should('have.length', 25);",
              "err": {
                "message": "CypressError: Timed out retrying: Expected to find element: '#board-size', but never found it.",
                "estack": "CypressError: Timed out retrying: Expected to find element: '#board-size', but never found it.\n    at cypressErr (http://localhost:34591/__cypress/runner/cypress_runner.js:149934:9)\n    at throwErr (http://localhost:34591/__cypress/runner/cypress_runner.js:149867:11)\n    at Object.throwErrByPath (http://localhost:34591/__cypress/runner/cypress_runner.js:149915:3)\n    at retry (http://localhost:34591/__cypress/runner/cypress_runner.js:144197:19)\n    at onFailFn (http://localhost:34591/__cypress/runner/cypress_runner.js:132448:16)\n    at tryCatcher (http://localhost:34591/__cypress/runner/cypress_runner.js:167415:23)\n    at Promise._settlePromiseFromHandler (http://localhost:34591/__cypress/runner/cypress_runner.js:165351:31)\n    at Promise._settlePromise (http://localhost:34591/__cypress/runner/cypress_runner.js:165408:18)\n    at Promise._settlePromise0 (http://localhost:34591/__cypress/runner/cypress_runner.js:165453:10)\n    at Promise._settlePromises (http://localhost:34591/__cypress/runner/cypress_runner.js:165528:18)\n    at Async../node_modules/bluebird/js/release/async.js.Async._drainQueue (http://localhost:34591/__cypress/runner/cypress_runner.js:162140:16)\n    at Async../node_modules/bluebird/js/release/async.js.Async._drainQueues (http://localhost:34591/__cypress/runner/cypress_runner.js:162150:10)\n    at Async.drainQueues (http://localhost:34591/__cypress/runner/cypress_runner.js:162024:14)",
                "diff": null
              },
              "uuid": "fae07d60-562e-4a23-8518-d8bd6cf6301e",
              "parentUUID": "c8e0dd55-f15f-4dc5-bd82-21015e1c46dc",
              "isHook": false,
              "skipped": false
            },
            {
              "title": "Verifica se a altura do board é 50 quando um valor maior é colocado no input",
              "fullTitle": "11 - Limite o tamanho mínimo e máximo do board. Verifica se a altura do board é 50 quando um valor maior é colocado no input",
              "timedOut": null,
              "duration": 4386,
              "state": "failed",
              "speed": null,
              "pass": false,
              "fail": true,
              "pending": false,
              "context": null,
              "code": "cy.get('#board-size').clear().type(51);\ncy.get('#generate-board').click();\ncy.get('.pixel').should('have.length', 2500);",
              "err": {
                "message": "CypressError: Timed out retrying: Expected to find element: '#board-size', but never found it.",
                "estack": "CypressError: Timed out retrying: Expected to find element: '#board-size', but never found it.\n    at cypressErr (http://localhost:34591/__cypress/runner/cypress_runner.js:149934:9)\n    at throwErr (http://localhost:34591/__cypress/runner/cypress_runner.js:149867:11)\n    at Object.throwErrByPath (http://localhost:34591/__cypress/runner/cypress_runner.js:149915:3)\n    at retry (http://localhost:34591/__cypress/runner/cypress_runner.js:144197:19)\n    at onFailFn (http://localhost:34591/__cypress/runner/cypress_runner.js:132448:16)\n    at tryCatcher (http://localhost:34591/__cypress/runner/cypress_runner.js:167415:23)\n    at Promise._settlePromiseFromHandler (http://localhost:34591/__cypress/runner/cypress_runner.js:165351:31)\n    at Promise._settlePromise (http://localhost:34591/__cypress/runner/cypress_runner.js:165408:18)\n    at Promise._settlePromise0 (http://localhost:34591/__cypress/runner/cypress_runner.js:165453:10)\n    at Promise._settlePromises (http://localhost:34591/__cypress/runner/cypress_runner.js:165528:18)\n    at Async../node_modules/bluebird/js/release/async.js.Async._drainQueue (http://localhost:34591/__cypress/runner/cypress_runner.js:162140:16)\n    at Async../node_modules/bluebird/js/release/async.js.Async._drainQueues (http://localhost:34591/__cypress/runner/cypress_runner.js:162150:10)\n    at Async.drainQueues (http://localhost:34591/__cypress/runner/cypress_runner.js:162024:14)",
                "diff": null
              },
              "uuid": "237ec6bf-566b-42fa-8b4b-68aea608d8b4",
              "parentUUID": "c8e0dd55-f15f-4dc5-bd82-21015e1c46dc",
              "isHook": false,
              "skipped": false
            }
          ],
          "suites": [],
          "passes": [],
          "failures": [
            "9ff58860-82d5-4020-bd87-d366b3f789e9",
            "fae07d60-562e-4a23-8518-d8bd6cf6301e",
            "237ec6bf-566b-42fa-8b4b-68aea608d8b4"
          ],
          "pending": [],
          "skipped": [],
          "duration": 13143,
          "root": false,
          "rootEmpty": false,
          "_timeout": 2000
        },
        {
          "uuid": "26e37645-3a65-40db-ac17-db1a53486afd",
          "title": "12 - Faça com que as cores da paleta sejam geradas aleatoriamente ao carregar a página.",
          "fullFile": "",
          "file": "",
          "beforeHooks": [],
          "afterHooks": [],
          "tests": [
            {
              "title": "Verifica se as cores geradas na paleta são diferentes a cada carregamento da página",
              "fullTitle": "12 - Faça com que as cores da paleta sejam geradas aleatoriamente ao carregar a página. Verifica se as cores geradas na paleta são diferentes a cada carregamento da página",
              "timedOut": null,
              "duration": 477,
              "state": "failed",
              "speed": null,
              "pass": false,
              "fail": true,
              "pending": false,
              "context": null,
              "code": "cy.get('.color').then(function (colors) {\n  var currentColors;\n  var previousColors;\n  previousColors = Array.from(colors).map(function (color) {\n    return Cypress.$(color).css('background-color');\n  });\n  for (var i = 0; i < 5; i += 1) {\n    cy.reload();\n    cy.get('.color').then(function (colors) {\n      currentColors = Array.from(colors).map(function (color) {\n        return Cypress.$(color).css('background-color');\n      });\n      expect(currentColors).not.to.deep.equal(previousColors);\n      previousColors = currentColors;\n    });\n  }\n});",
              "err": {
                "message": "AssertionError: expected [ Array(4) ] to not deeply equal [ Array(4) ]",
                "estack": "AssertionError: expected [ Array(4) ] to not deeply equal [ Array(4) ]\n    at getRet (http://localhost:34591/__cypress/runner/cypress_runner.js:136585:16)\n    at tryCatcher (http://localhost:34591/__cypress/runner/cypress_runner.js:167415:23)\n    at Function.Promise.attempt.Promise.try (http://localhost:34591/__cypress/runner/cypress_runner.js:164690:29)\n    at Context.thenFn (http://localhost:34591/__cypress/runner/cypress_runner.js:136599:23)\n    at Context.then (http://localhost:34591/__cypress/runner/cypress_runner.js:136971:21)\n    at Context.<anonymous> (http://localhost:34591/__cypress/runner/cypress_runner.js:148875:21)\n    at http://localhost:34591/__cypress/runner/cypress_runner.js:148351:33\n    at tryCatcher (http://localhost:34591/__cypress/runner/cypress_runner.js:167415:23)\n    at Promise._settlePromiseFromHandler (http://localhost:34591/__cypress/runner/cypress_runner.js:165351:31)\n    at Promise._settlePromise (http://localhost:34591/__cypress/runner/cypress_runner.js:165408:18)\n    at Promise._settlePromiseCtx (http://localhost:34591/__cypress/runner/cypress_runner.js:165445:10)\n    at Async../node_modules/bluebird/js/release/async.js.Async._drainQueue (http://localhost:34591/__cypress/runner/cypress_runner.js:162145:12)\n    at Async../node_modules/bluebird/js/release/async.js.Async._drainQueues (http://localhost:34591/__cypress/runner/cypress_runner.js:162150:10)\n    at Async.drainQueues (http://localhost:34591/__cypress/runner/cypress_runner.js:162024:14)",
                "diff": ""
              },
              "uuid": "b8514d4c-2657-4e3d-9c83-dd15f0a2b2d0",
              "parentUUID": "26e37645-3a65-40db-ac17-db1a53486afd",
              "isHook": false,
              "skipped": false
            },
            {
              "title": "Verifica se a cor preta ainda está presente e é a primeira na sua paleta de cores",
              "fullTitle": "12 - Faça com que as cores da paleta sejam geradas aleatoriamente ao carregar a página. Verifica se a cor preta ainda está presente e é a primeira na sua paleta de cores",
              "timedOut": null,
              "duration": 450,
              "state": "failed",
              "speed": null,
              "pass": false,
              "fail": true,
              "pending": false,
              "context": null,
              "code": "cy.get('.color').then(function (colors) {\n  var currentColors;\n  var previousColors;\n  previousColors = Array.from(colors).map(function (color) {\n    return Cypress.$(color).css('background-color');\n  });\n  expect(previousColors[0]).to.eq(BLACK);\n  for (var i = 0; i < 5; i += 1) {\n    cy.reload();\n    cy.get('.color').then(function (colors) {\n      currentColors = Array.from(colors).map(function (color) {\n        return Cypress.$(color).css('background-color');\n      });\n      expect(currentColors[0]).to.eq(BLACK);\n      expect(currentColors).not.to.deep.equal(previousColors);\n      previousColors = currentColors;\n    });\n  }\n});",
              "err": {
                "message": "AssertionError: expected [ Array(4) ] to not deeply equal [ Array(4) ]",
                "estack": "AssertionError: expected [ Array(4) ] to not deeply equal [ Array(4) ]\n    at getRet (http://localhost:34591/__cypress/runner/cypress_runner.js:136585:16)\n    at tryCatcher (http://localhost:34591/__cypress/runner/cypress_runner.js:167415:23)\n    at Function.Promise.attempt.Promise.try (http://localhost:34591/__cypress/runner/cypress_runner.js:164690:29)\n    at Context.thenFn (http://localhost:34591/__cypress/runner/cypress_runner.js:136599:23)\n    at Context.then (http://localhost:34591/__cypress/runner/cypress_runner.js:136971:21)\n    at Context.<anonymous> (http://localhost:34591/__cypress/runner/cypress_runner.js:148875:21)\n    at http://localhost:34591/__cypress/runner/cypress_runner.js:148351:33\n    at tryCatcher (http://localhost:34591/__cypress/runner/cypress_runner.js:167415:23)\n    at Promise._settlePromiseFromHandler (http://localhost:34591/__cypress/runner/cypress_runner.js:165351:31)\n    at Promise._settlePromise (http://localhost:34591/__cypress/runner/cypress_runner.js:165408:18)\n    at Promise._settlePromiseCtx (http://localhost:34591/__cypress/runner/cypress_runner.js:165445:10)\n    at Async../node_modules/bluebird/js/release/async.js.Async._drainQueue (http://localhost:34591/__cypress/runner/cypress_runner.js:162145:12)\n    at Async../node_modules/bluebird/js/release/async.js.Async._drainQueues (http://localhost:34591/__cypress/runner/cypress_runner.js:162150:10)\n    at Async.drainQueues (http://localhost:34591/__cypress/runner/cypress_runner.js:162024:14)",
                "diff": ""
              },
              "uuid": "67ff966e-0f6a-46e1-aa4e-fcdd51ba58c4",
              "parentUUID": "26e37645-3a65-40db-ac17-db1a53486afd",
              "isHook": false,
              "skipped": false
            }
          ],
          "suites": [],
          "passes": [],
          "failures": [
            "b8514d4c-2657-4e3d-9c83-dd15f0a2b2d0",
            "67ff966e-0f6a-46e1-aa4e-fcdd51ba58c4"
          ],
          "pending": [],
          "skipped": [],
          "duration": 927,
          "root": false,
          "rootEmpty": false,
          "_timeout": 2000
        }
      ],
      "passes": [],
      "failures": [],
      "pending": [],
      "skipped": [],
      "duration": 0,
      "root": true,
      "rootEmpty": true,
      "_timeout": 2000
    }
  ],
  "meta": {
    "mocha": {
      "version": "7.0.1"
    },
    "mochawesome": {
      "options": {
        "quiet": false,
        "reportFilename": "mochawesome",
        "saveHtml": false,
        "saveJson": true,
        "consoleReporter": "spec",
        "useInlineDiffs": false
      },
      "version": "4.1.0"
    },
    "marge": {
      "options": {
        "id": "default",
        "reportDir": "cypress/reports",
        "overwrite": true,
        "html": false,
        "json": true
      },
      "version": "4.1.0"
    }
  }
}