{
  "stats": {
    "suites": 12,
    "tests": 41,
    "passes": 26,
    "pending": 0,
    "failures": 15,
    "start": "2021-09-15T11:38:59.565Z",
    "end": "2021-09-15T11:40:23.442Z",
    "duration": 83877,
    "testsRegistered": 41,
    "passPercent": 63.41463414634146,
    "pendingPercent": 0,
    "other": 0,
    "hasOther": false,
    "skipped": 0,
    "hasSkipped": false
  },
  "results": [
    {
      "uuid": "710f0b7f-f347-4bae-958d-c23fc5868a48",
      "title": "",
      "fullFile": "cypress/integration/project.spec.js",
      "file": "cypress/integration/project.spec.js",
      "beforeHooks": [],
      "afterHooks": [],
      "tests": [],
      "suites": [
        {
          "uuid": "e3fcb586-006c-4594-83e3-9cd80a4719e0",
          "title": "1 - Adicione à página o título \"Paleta de Cores\".",
          "fullFile": "",
          "file": "",
          "beforeHooks": [],
          "afterHooks": [],
          "tests": [
            {
              "title": "Verifica se contém um elemento `h1` com o id `title` com o título correto",
              "fullTitle": "1 - Adicione à página o título \"Paleta de Cores\". Verifica se contém um elemento `h1` com o id `title` com o título correto",
              "timedOut": null,
              "duration": 167,
              "state": "passed",
              "speed": "slow",
              "pass": true,
              "fail": false,
              "pending": false,
              "context": null,
              "code": "cy.get('h1#title').should('contain.text', 'Paleta de Cores');",
              "err": {},
              "uuid": "5f80be9e-9efc-469a-a826-0aa58af914ac",
              "parentUUID": "e3fcb586-006c-4594-83e3-9cd80a4719e0",
              "isHook": false,
              "skipped": false
            }
          ],
          "suites": [],
          "passes": [
            "5f80be9e-9efc-469a-a826-0aa58af914ac"
          ],
          "failures": [],
          "pending": [],
          "skipped": [],
          "duration": 167,
          "root": false,
          "rootEmpty": false,
          "_timeout": 2000
        },
        {
          "uuid": "7077e876-c408-448d-81c5-9d75fd4bd73c",
          "title": "2 - Adicione à página uma paleta de quatro cores distintas.",
          "fullFile": "",
          "file": "",
          "beforeHooks": [],
          "afterHooks": [],
          "tests": [
            {
              "title": "A paleta de cores deve ser um elemento com `id` denominado `color-palette`",
              "fullTitle": "2 - Adicione à página uma paleta de quatro cores distintas. A paleta de cores deve ser um elemento com `id` denominado `color-palette`",
              "timedOut": null,
              "duration": 87,
              "state": "passed",
              "speed": "slow",
              "pass": true,
              "fail": false,
              "pending": false,
              "context": null,
              "code": "cy.get('#color-palette').should('be.visible');\ncy.get('#color-palette').children('.color');",
              "err": {},
              "uuid": "b895618b-78ec-4605-b75f-c6c9a4278bf3",
              "parentUUID": "7077e876-c408-448d-81c5-9d75fd4bd73c",
              "isHook": false,
              "skipped": false
            },
            {
              "title": "Verifica se cada cor individual da paleta de cores possui a `classe` chamada `color`.",
              "fullTitle": "2 - Adicione à página uma paleta de quatro cores distintas. Verifica se cada cor individual da paleta de cores possui a `classe` chamada `color`.",
              "timedOut": null,
              "duration": 125,
              "state": "passed",
              "speed": "slow",
              "pass": true,
              "fail": false,
              "pending": false,
              "context": null,
              "code": "cy.get('.color').should('have.length', 4).then(function (colors) {\n  for (var i = 0; i < colors.length; i++) {\n    cy.wrap(colors[i]).should('be.visible');\n  }\n});",
              "err": {},
              "uuid": "9efe5085-9bd8-4803-a305-546bb877e6ed",
              "parentUUID": "7077e876-c408-448d-81c5-9d75fd4bd73c",
              "isHook": false,
              "skipped": false
            },
            {
              "title": "Verifica se a cor de fundo de cada elemento da paleta é a cor que o elemento representa. **A única cor não permitida na paleta é a cor branca.**",
              "fullTitle": "2 - Adicione à página uma paleta de quatro cores distintas. Verifica se a cor de fundo de cada elemento da paleta é a cor que o elemento representa. **A única cor não permitida na paleta é a cor branca.**",
              "timedOut": null,
              "duration": 122,
              "state": "passed",
              "speed": "slow",
              "pass": true,
              "fail": false,
              "pending": false,
              "context": null,
              "code": "cy.get('.color').each(function (color) {\n  cy.wrap(color).should('have.class', 'color').and('not.have.css', 'background-color', WHITE);\n  cy.wrap(color).should('have.css', 'background-color');\n});",
              "err": {},
              "uuid": "dd7a376f-d602-4b18-8ec3-3213ee5428cd",
              "parentUUID": "7077e876-c408-448d-81c5-9d75fd4bd73c",
              "isHook": false,
              "skipped": false
            },
            {
              "title": "Verifica se cada elemento da paleta de cores tem uma borda preta, sólida e com 1 pixel de largura;",
              "fullTitle": "2 - Adicione à página uma paleta de quatro cores distintas. Verifica se cada elemento da paleta de cores tem uma borda preta, sólida e com 1 pixel de largura;",
              "timedOut": null,
              "duration": 115,
              "state": "passed",
              "speed": "slow",
              "pass": true,
              "fail": false,
              "pending": false,
              "context": null,
              "code": "cy.get('.color').each(function (color) {\n  cy.wrap(color).and('have.css', 'border', \"1px solid \".concat(BLACK)).and('have.class', 'color');\n});",
              "err": {},
              "uuid": "c370a5bc-4b0f-4cf2-8213-0f59193529ab",
              "parentUUID": "7077e876-c408-448d-81c5-9d75fd4bd73c",
              "isHook": false,
              "skipped": false
            },
            {
              "title": "Verifica se a paleta lista todas as cores disponíveis para utilização, lado a lado.",
              "fullTitle": "2 - Adicione à página uma paleta de quatro cores distintas. Verifica se a paleta lista todas as cores disponíveis para utilização, lado a lado.",
              "timedOut": null,
              "duration": 115,
              "state": "passed",
              "speed": "slow",
              "pass": true,
              "fail": false,
              "pending": false,
              "context": null,
              "code": "cy.get('.color').then(function (colors) {\n  for (var index = 1; index < colors.length; index += 1) {\n    var currentColor = colors[index];\n    var previousColor = colors[index - 1];\n    cy.wrap(currentColor).should('be.onTheRightOf', previousColor).and('be.horizontallyAlignedWith', previousColor);\n  }\n});",
              "err": {},
              "uuid": "18f9ba82-27b2-4058-9185-b30142d29397",
              "parentUUID": "7077e876-c408-448d-81c5-9d75fd4bd73c",
              "isHook": false,
              "skipped": false
            },
            {
              "title": "Verifica se a paleta de cores está posicionada abaixo do título 'Paleta de Cores'",
              "fullTitle": "2 - Adicione à página uma paleta de quatro cores distintas. Verifica se a paleta de cores está posicionada abaixo do título 'Paleta de Cores'",
              "timedOut": null,
              "duration": 146,
              "state": "passed",
              "speed": "slow",
              "pass": true,
              "fail": false,
              "pending": false,
              "context": null,
              "code": "cy.get('h1#title').then(function (title) {\n  cy.get('#color-palette').should('be.belowOf', title);\n});",
              "err": {},
              "uuid": "d1a803b5-5af1-45f2-a132-f54330b2dfa9",
              "parentUUID": "7077e876-c408-448d-81c5-9d75fd4bd73c",
              "isHook": false,
              "skipped": false
            },
            {
              "title": "Verifica se a paleta de cores não contém cores repetidas.",
              "fullTitle": "2 - Adicione à página uma paleta de quatro cores distintas. Verifica se a paleta de cores não contém cores repetidas.",
              "timedOut": null,
              "duration": 82,
              "state": "passed",
              "speed": "slow",
              "pass": true,
              "fail": false,
              "pending": false,
              "context": null,
              "code": "cy.get('.color').then(function (colors) {\n  var allColors = Array.from(colors).map(function (color) {\n    return Cypress.$(color).css('background-color');\n  });\n  cy.log(allColors);\n  var uniqColors = (0, _toConsumableArray2[\"default\"])(new Set(allColors));\n  cy.log(uniqColors);\n  expect(allColors.length).to.eq(uniqColors.length);\n});",
              "err": {},
              "uuid": "0d22ac88-174d-445c-b1ff-eeb85ea54630",
              "parentUUID": "7077e876-c408-448d-81c5-9d75fd4bd73c",
              "isHook": false,
              "skipped": false
            }
          ],
          "suites": [],
          "passes": [
            "b895618b-78ec-4605-b75f-c6c9a4278bf3",
            "9efe5085-9bd8-4803-a305-546bb877e6ed",
            "dd7a376f-d602-4b18-8ec3-3213ee5428cd",
            "c370a5bc-4b0f-4cf2-8213-0f59193529ab",
            "18f9ba82-27b2-4058-9185-b30142d29397",
            "d1a803b5-5af1-45f2-a132-f54330b2dfa9",
            "0d22ac88-174d-445c-b1ff-eeb85ea54630"
          ],
          "failures": [],
          "pending": [],
          "skipped": [],
          "duration": 792,
          "root": false,
          "rootEmpty": false,
          "_timeout": 2000
        },
        {
          "uuid": "6f740a34-3f38-4ab8-9f47-93417ab2a5d4",
          "title": "3 - Adicione a cor **preta** como a primeira cor da paleta de cores.",
          "fullFile": "",
          "file": "",
          "beforeHooks": [],
          "afterHooks": [],
          "tests": [
            {
              "title": "Verifica se a primeira cor da paleta é preta",
              "fullTitle": "3 - Adicione a cor **preta** como a primeira cor da paleta de cores. Verifica se a primeira cor da paleta é preta",
              "timedOut": null,
              "duration": 115,
              "state": "passed",
              "speed": "slow",
              "pass": true,
              "fail": false,
              "pending": false,
              "context": null,
              "code": "cy.get('.color').first().should('have.css', 'background-color', BLACK);",
              "err": {},
              "uuid": "805c47b0-4d07-4675-bead-b95350c2a8de",
              "parentUUID": "6f740a34-3f38-4ab8-9f47-93417ab2a5d4",
              "isHook": false,
              "skipped": false
            },
            {
              "title": "Verifica se as demais cores podem ser escolhidas livremente.",
              "fullTitle": "3 - Adicione a cor **preta** como a primeira cor da paleta de cores. Verifica se as demais cores podem ser escolhidas livremente.",
              "timedOut": null,
              "duration": 153,
              "state": "passed",
              "speed": "slow",
              "pass": true,
              "fail": false,
              "pending": false,
              "context": null,
              "code": "cy.get('.color').eq(1).should('not.have.css', 'background-color', BLACK);\ncy.get('.color').eq(1).should('not.have.css', 'background-color', WHITE);\ncy.get('.color').eq(1).should('not.have.css', 'background-color', 'rgba(0, 0, 0, 0)');\ncy.get('.color').eq(1).should('have.css', 'background-color');\ncy.get('.color').eq(2).should('not.have.css', 'background-color', BLACK);\ncy.get('.color').eq(2).should('not.have.css', 'background-color', WHITE);\ncy.get('.color').eq(2).should('not.have.css', 'background-color', 'rgba(0, 0, 0, 0)');\ncy.get('.color').eq(2).should('have.css', 'background-color');\ncy.get('.color').eq(3).should('not.have.css', 'background-color', BLACK);\ncy.get('.color').eq(3).should('not.have.css', 'background-color', WHITE);\ncy.get('.color').eq(3).should('not.have.css', 'background-color', 'rgba(0, 0, 0, 0)');\ncy.get('.color').eq(3).should('have.css', 'background-color');",
              "err": {},
              "uuid": "883abbda-b121-4ad7-a9d9-bd1c53175dbe",
              "parentUUID": "6f740a34-3f38-4ab8-9f47-93417ab2a5d4",
              "isHook": false,
              "skipped": false
            }
          ],
          "suites": [],
          "passes": [
            "805c47b0-4d07-4675-bead-b95350c2a8de",
            "883abbda-b121-4ad7-a9d9-bd1c53175dbe"
          ],
          "failures": [],
          "pending": [],
          "skipped": [],
          "duration": 268,
          "root": false,
          "rootEmpty": false,
          "_timeout": 2000
        },
        {
          "uuid": "60cbce7d-1154-4e2a-aa40-ab5bc2ac2d39",
          "title": "4 - Adicione à página um quadro de pixels, com 25 pixels.",
          "fullFile": "",
          "file": "",
          "beforeHooks": [],
          "afterHooks": [],
          "tests": [
            {
              "title": "Verifica se o quadro de pixels possui o `id` denominado `pixel-board`",
              "fullTitle": "4 - Adicione à página um quadro de pixels, com 25 pixels. Verifica se o quadro de pixels possui o `id` denominado `pixel-board`",
              "timedOut": null,
              "duration": 102,
              "state": "passed",
              "speed": "slow",
              "pass": true,
              "fail": false,
              "pending": false,
              "context": null,
              "code": "cy.get('#pixel-board').should('be.visible');",
              "err": {},
              "uuid": "4c2c048e-e3b1-4957-9378-a117a62c4ab2",
              "parentUUID": "60cbce7d-1154-4e2a-aa40-ab5bc2ac2d39",
              "isHook": false,
              "skipped": false
            },
            {
              "title": "Verifica se cada pixel individual dentro do quadro possui a `classe` denominada `pixel`.",
              "fullTitle": "4 - Adicione à página um quadro de pixels, com 25 pixels. Verifica se cada pixel individual dentro do quadro possui a `classe` denominada `pixel`.",
              "timedOut": null,
              "duration": 112,
              "state": "passed",
              "speed": "slow",
              "pass": true,
              "fail": false,
              "pending": false,
              "context": null,
              "code": "cy.get('.pixel').should('have.length', 25);",
              "err": {},
              "uuid": "8d7adf5a-8aea-4990-b073-c66100ca4bc6",
              "parentUUID": "60cbce7d-1154-4e2a-aa40-ab5bc2ac2d39",
              "isHook": false,
              "skipped": false
            },
            {
              "title": "Verifica se a cor inicial dos pixels dentro do quadro, ao abrir a página, é branca.",
              "fullTitle": "4 - Adicione à página um quadro de pixels, com 25 pixels. Verifica se a cor inicial dos pixels dentro do quadro, ao abrir a página, é branca.",
              "timedOut": null,
              "duration": 146,
              "state": "passed",
              "speed": "slow",
              "pass": true,
              "fail": false,
              "pending": false,
              "context": null,
              "code": "cy.get('.pixel').should('have.length', 25).each(function (pixel) {\n  expect(pixel).to.have.css('background-color', WHITE);\n});",
              "err": {},
              "uuid": "ae31dc76-5287-4c93-8a6c-40fb714cb710",
              "parentUUID": "60cbce7d-1154-4e2a-aa40-ab5bc2ac2d39",
              "isHook": false,
              "skipped": false
            },
            {
              "title": "Verifica se o quadro de pixels aparece abaixo da paleta de cores",
              "fullTitle": "4 - Adicione à página um quadro de pixels, com 25 pixels. Verifica se o quadro de pixels aparece abaixo da paleta de cores",
              "timedOut": null,
              "duration": 82,
              "state": "passed",
              "speed": "slow",
              "pass": true,
              "fail": false,
              "pending": false,
              "context": null,
              "code": "cy.get('#color-palette').then(function (palette) {\n  cy.get('#pixel-board').should('be.belowOf', palette);\n});",
              "err": {},
              "uuid": "bff01151-fd71-4a6a-9994-d0495fa2593e",
              "parentUUID": "60cbce7d-1154-4e2a-aa40-ab5bc2ac2d39",
              "isHook": false,
              "skipped": false
            }
          ],
          "suites": [],
          "passes": [
            "4c2c048e-e3b1-4957-9378-a117a62c4ab2",
            "8d7adf5a-8aea-4990-b073-c66100ca4bc6",
            "ae31dc76-5287-4c93-8a6c-40fb714cb710",
            "bff01151-fd71-4a6a-9994-d0495fa2593e"
          ],
          "failures": [],
          "pending": [],
          "skipped": [],
          "duration": 442,
          "root": false,
          "rootEmpty": false,
          "_timeout": 2000
        },
        {
          "uuid": "1d936882-ce63-4a44-b82f-5b5f2b399770",
          "title": "5 - Faça com que cada elemento do quadro de pixels possua 40 pixels de largura, 40 pixels de altura e seja delimitado por uma borda preta de 1 pixel.",
          "fullFile": "",
          "file": "",
          "beforeHooks": [],
          "afterHooks": [],
          "tests": [
            {
              "title": "Verifica se o quadro de pixels tem altura e comprimento de 5 elementos",
              "fullTitle": "5 - Faça com que cada elemento do quadro de pixels possua 40 pixels de largura, 40 pixels de altura e seja delimitado por uma borda preta de 1 pixel. Verifica se o quadro de pixels tem altura e comprimento de 5 elementos",
              "timedOut": null,
              "duration": 243,
              "state": "passed",
              "speed": "slow",
              "pass": true,
              "fail": false,
              "pending": false,
              "context": null,
              "code": "cy.get('.pixel').should('have.length', 25).each(function (pixel) {\n  expect(pixel).to.have.css('background-color', WHITE);\n}).and(function (pixels) {\n  var rows = chunk(pixels, 5);\n  rows.forEach(function (row) {\n    for (var index = 1; index < row.length; index += 1) {\n      var current = pixels[index];\n      var previous = pixels[index - 1];\n      cy.wrap(current).should('be.onTheRightOf', previous).and('be.horizontallyAlignedWith', previous);\n    }\n  });\n  for (var index = 1; index < 5; index += 1) {\n    expect(pixels[index * 5]).to.be.belowOf(pixels[(index - 1) * 5]);\n  }\n});",
              "err": {},
              "uuid": "e4dddfee-5f20-4f56-89c5-8c4eedc63722",
              "parentUUID": "1d936882-ce63-4a44-b82f-5b5f2b399770",
              "isHook": false,
              "skipped": false
            },
            {
              "title": "Verifica se 40 pixels é o tamanho total do elemento, incluindo seu conteúdo e excluindo a borda preta, que deve ser criada à parte.",
              "fullTitle": "5 - Faça com que cada elemento do quadro de pixels possua 40 pixels de largura, 40 pixels de altura e seja delimitado por uma borda preta de 1 pixel. Verifica se 40 pixels é o tamanho total do elemento, incluindo seu conteúdo e excluindo a borda preta, que deve ser criada à parte.",
              "timedOut": null,
              "duration": 4302,
              "state": "failed",
              "speed": null,
              "pass": false,
              "fail": true,
              "pending": false,
              "context": null,
              "code": "cy.get('.pixel').each(function (pixel) {\n  cy.wrap(pixel).should('have.css', 'height', '40px').and('have.css', 'width', '40px').and('have.css', 'border', \"1px solid \".concat(BLACK));\n});",
              "err": {
                "message": "CypressError: Timed out retrying: expected '<div.pixel>' to have CSS property 'border' with the value '1px solid rgb(0, 0, 0)', but the value was '3px solid rgb(0, 0, 0)'",
                "estack": "CypressError: Timed out retrying: expected '<div.pixel>' to have CSS property 'border' with the value '1px solid rgb(0, 0, 0)', but the value was '3px solid rgb(0, 0, 0)'\n    at cypressErr (http://localhost:38433/__cypress/runner/cypress_runner.js:149934:9)\n    at throwErr (http://localhost:38433/__cypress/runner/cypress_runner.js:149867:11)\n    at Object.throwErrByPath (http://localhost:38433/__cypress/runner/cypress_runner.js:149915:3)\n    at retry (http://localhost:38433/__cypress/runner/cypress_runner.js:144197:19)\n    at onFailFn (http://localhost:38433/__cypress/runner/cypress_runner.js:132448:16)\n    at tryCatcher (http://localhost:38433/__cypress/runner/cypress_runner.js:167415:23)\n    at Promise._settlePromiseFromHandler (http://localhost:38433/__cypress/runner/cypress_runner.js:165351:31)\n    at Promise._settlePromise (http://localhost:38433/__cypress/runner/cypress_runner.js:165408:18)\n    at Promise._settlePromise0 (http://localhost:38433/__cypress/runner/cypress_runner.js:165453:10)\n    at Promise._settlePromises (http://localhost:38433/__cypress/runner/cypress_runner.js:165528:18)\n    at Async../node_modules/bluebird/js/release/async.js.Async._drainQueue (http://localhost:38433/__cypress/runner/cypress_runner.js:162140:16)\n    at Async../node_modules/bluebird/js/release/async.js.Async._drainQueues (http://localhost:38433/__cypress/runner/cypress_runner.js:162150:10)\n    at Async.drainQueues (http://localhost:38433/__cypress/runner/cypress_runner.js:162024:14)",
                "diff": null
              },
              "uuid": "f54415a0-8d10-4aee-80a0-52bfbfd15172",
              "parentUUID": "1d936882-ce63-4a44-b82f-5b5f2b399770",
              "isHook": false,
              "skipped": false
            }
          ],
          "suites": [],
          "passes": [
            "e4dddfee-5f20-4f56-89c5-8c4eedc63722"
          ],
          "failures": [
            "f54415a0-8d10-4aee-80a0-52bfbfd15172"
          ],
          "pending": [],
          "skipped": [],
          "duration": 4545,
          "root": false,
          "rootEmpty": false,
          "_timeout": 2000
        },
        {
          "uuid": "461e93d0-e806-434f-8fd0-caa04d810bc0",
          "title": "6 - Defina a cor preta como cor inicial. Ao carregar a página a cor preta já deve estar selecionada para pintar os pixels",
          "fullFile": "",
          "file": "",
          "beforeHooks": [],
          "afterHooks": [],
          "tests": [
            {
              "title": "Verifica se o elemento da cor preta possui, inicialmente, a `classe` `selected`",
              "fullTitle": "6 - Defina a cor preta como cor inicial. Ao carregar a página a cor preta já deve estar selecionada para pintar os pixels Verifica se o elemento da cor preta possui, inicialmente, a `classe` `selected`",
              "timedOut": null,
              "duration": 155,
              "state": "passed",
              "speed": "slow",
              "pass": true,
              "fail": false,
              "pending": false,
              "context": null,
              "code": "cy.get('.selected').first().should('have.css', 'background-color', BLACK);",
              "err": {},
              "uuid": "a52003c1-2248-4280-b3ad-d489b7d685b9",
              "parentUUID": "461e93d0-e806-434f-8fd0-caa04d810bc0",
              "isHook": false,
              "skipped": false
            },
            {
              "title": "Verifica se nenhuma outra cor da paleta tem a `classe` `selected`",
              "fullTitle": "6 - Defina a cor preta como cor inicial. Ao carregar a página a cor preta já deve estar selecionada para pintar os pixels Verifica se nenhuma outra cor da paleta tem a `classe` `selected`",
              "timedOut": null,
              "duration": 86,
              "state": "passed",
              "speed": "slow",
              "pass": true,
              "fail": false,
              "pending": false,
              "context": null,
              "code": "cy.get('.color:not(:first-child)').each(function (color) {\n  cy.wrap(color).should('not.have.class', 'selected');\n});",
              "err": {},
              "uuid": "0eef23b0-a815-4038-9a1b-b2abc219f92a",
              "parentUUID": "461e93d0-e806-434f-8fd0-caa04d810bc0",
              "isHook": false,
              "skipped": false
            }
          ],
          "suites": [],
          "passes": [
            "a52003c1-2248-4280-b3ad-d489b7d685b9",
            "0eef23b0-a815-4038-9a1b-b2abc219f92a"
          ],
          "failures": [],
          "pending": [],
          "skipped": [],
          "duration": 241,
          "root": false,
          "rootEmpty": false,
          "_timeout": 2000
        },
        {
          "uuid": "f6030928-683e-4a0e-bfe2-c4a98dad4c14",
          "title": "7 - Clicar em uma das cores da paleta, faz com que ela seja selecionada e utilizada para preencher os pixels no quadro.",
          "fullFile": "",
          "file": "",
          "beforeHooks": [],
          "afterHooks": [],
          "tests": [
            {
              "title": "Verifica se somente uma cor da paleta de cores tem a classe `selected` de cada vez",
              "fullTitle": "7 - Clicar em uma das cores da paleta, faz com que ela seja selecionada e utilizada para preencher os pixels no quadro. Verifica se somente uma cor da paleta de cores tem a classe `selected` de cada vez",
              "timedOut": null,
              "duration": 456,
              "state": "passed",
              "speed": "slow",
              "pass": true,
              "fail": false,
              "pending": false,
              "context": null,
              "code": "cy.get('.color').each(function (selectedColor, selectedColorIndex) {\n  cy.wrap(selectedColor).click();\n  cy.get('.color').each(function (color, colorIndex) {\n    if (colorIndex === selectedColorIndex) {\n      expect(color).to.have[\"class\"]('selected');\n    } else {\n      expect(color).not.to.have[\"class\"]('selected');\n    }\n  });\n});",
              "err": {},
              "uuid": "fa000813-f150-4e05-90d4-1daa217490d9",
              "parentUUID": "f6030928-683e-4a0e-bfe2-c4a98dad4c14",
              "isHook": false,
              "skipped": false
            },
            {
              "title": "Verifica se os pixels dentro do quadro não têm a classe `selected` quando são clicados",
              "fullTitle": "7 - Clicar em uma das cores da paleta, faz com que ela seja selecionada e utilizada para preencher os pixels no quadro. Verifica se os pixels dentro do quadro não têm a classe `selected` quando são clicados",
              "timedOut": null,
              "duration": 8758,
              "state": "passed",
              "speed": "slow",
              "pass": true,
              "fail": false,
              "pending": false,
              "context": null,
              "code": "cy.get('.color').each(function (color) {\n  var backgroundColor = color.css('background-color');\n  cy.wrap(color).click();\n  cy.get('.pixel').each(function (pixel) {\n    cy.wrap(pixel).click().should('not.have.class', 'selected');\n  });\n});",
              "err": {},
              "uuid": "660d4e7b-02dd-41f4-a05b-2ddf2a59b65f",
              "parentUUID": "f6030928-683e-4a0e-bfe2-c4a98dad4c14",
              "isHook": false,
              "skipped": false
            }
          ],
          "suites": [],
          "passes": [
            "fa000813-f150-4e05-90d4-1daa217490d9",
            "660d4e7b-02dd-41f4-a05b-2ddf2a59b65f"
          ],
          "failures": [],
          "pending": [],
          "skipped": [],
          "duration": 9214,
          "root": false,
          "rootEmpty": false,
          "_timeout": 2000
        },
        {
          "uuid": "c1b7d8f9-1928-4fb4-a5aa-aff44d30eecb",
          "title": "8 - Clicar em um pixel dentro do quadro após selecionar uma cor na paleta, faz com que o pixel seja preenchido com a cor selecionada.",
          "fullFile": "",
          "file": "",
          "beforeHooks": [],
          "afterHooks": [],
          "tests": [
            {
              "title": "Verifica se ao carregar a página deve ser possível pintar os pixels de preto",
              "fullTitle": "8 - Clicar em um pixel dentro do quadro após selecionar uma cor na paleta, faz com que o pixel seja preenchido com a cor selecionada. Verifica se ao carregar a página deve ser possível pintar os pixels de preto",
              "timedOut": null,
              "duration": 2197,
              "state": "passed",
              "speed": "slow",
              "pass": true,
              "fail": false,
              "pending": false,
              "context": null,
              "code": "cy.get('.pixel').each(function (pixel) {\n  cy.wrap(pixel).click().should('have.css', 'background-color', BLACK);\n});",
              "err": {},
              "uuid": "f82dcd73-47c4-4622-b04f-5e0590e7b0b0",
              "parentUUID": "c1b7d8f9-1928-4fb4-a5aa-aff44d30eecb",
              "isHook": false,
              "skipped": false
            },
            {
              "title": "Verifica se após selecionar uma outra cor na paleta, é possível pintar os pixels com essa cor",
              "fullTitle": "8 - Clicar em um pixel dentro do quadro após selecionar uma cor na paleta, faz com que o pixel seja preenchido com a cor selecionada. Verifica se após selecionar uma outra cor na paleta, é possível pintar os pixels com essa cor",
              "timedOut": null,
              "duration": 8662,
              "state": "passed",
              "speed": "slow",
              "pass": true,
              "fail": false,
              "pending": false,
              "context": null,
              "code": "cy.get('.color').each(function (color) {\n  var backgroundColor = color.css('background-color');\n  cy.wrap(color).click();\n  cy.get('.pixel').each(function (pixel) {\n    cy.wrap(pixel).click().should('have.css', 'background-color', backgroundColor);\n  });\n});",
              "err": {},
              "uuid": "9a0a8989-97d0-49c1-a4ca-94d77920eaa5",
              "parentUUID": "c1b7d8f9-1928-4fb4-a5aa-aff44d30eecb",
              "isHook": false,
              "skipped": false
            },
            {
              "title": "Verifica se somente o pixel que foi clicado foi preenchido com a cor selecionada, sem influenciar na cor dos demais pixels.",
              "fullTitle": "8 - Clicar em um pixel dentro do quadro após selecionar uma cor na paleta, faz com que o pixel seja preenchido com a cor selecionada. Verifica se somente o pixel que foi clicado foi preenchido com a cor selecionada, sem influenciar na cor dos demais pixels.",
              "timedOut": null,
              "duration": 1425,
              "state": "passed",
              "speed": "slow",
              "pass": true,
              "fail": false,
              "pending": false,
              "context": null,
              "code": "var colorToPixelIndexMap = {\n  0: 6,\n  1: 8,\n  2: 16,\n  3: 18\n};\ncy.get('.color').each(function (color, index) {\n  cy.wrap(color).click();\n  var backgroundColor = color.css('background-color');\n  var clickedPixelIndex = colorToPixelIndexMap[index];\n  cy.get('.pixel').eq(clickedPixelIndex).click();\n  cy.get('.pixel').eq(clickedPixelIndex - 1).should('not.have.css', 'background-color', backgroundColor);\n  cy.get('.pixel').eq(clickedPixelIndex + 1).should('not.have.css', 'background-color', backgroundColor);\n  cy.get('.pixel').eq(clickedPixelIndex - 5).should('not.have.css', 'background-color', backgroundColor);\n  cy.get('.pixel').eq(clickedPixelIndex + 5).should('not.have.css', 'background-color', backgroundColor);\n  cy.get('.pixel').eq(clickedPixelIndex - 6).should('not.have.css', 'background-color', backgroundColor);\n  cy.get('.pixel').eq(clickedPixelIndex - 4).should('not.have.css', 'background-color', backgroundColor);\n  cy.get('.pixel').eq(clickedPixelIndex + 4).should('not.have.css', 'background-color', backgroundColor);\n  cy.get('.pixel').eq(clickedPixelIndex + 6).should('not.have.css', 'background-color', backgroundColor);\n});",
              "err": {},
              "uuid": "057d5d1a-61b9-46da-b2a0-86fa48878f37",
              "parentUUID": "c1b7d8f9-1928-4fb4-a5aa-aff44d30eecb",
              "isHook": false,
              "skipped": false
            }
          ],
          "suites": [],
          "passes": [
            "f82dcd73-47c4-4622-b04f-5e0590e7b0b0",
            "9a0a8989-97d0-49c1-a4ca-94d77920eaa5",
            "057d5d1a-61b9-46da-b2a0-86fa48878f37"
          ],
          "failures": [],
          "pending": [],
          "skipped": [],
          "duration": 12284,
          "root": false,
          "rootEmpty": false,
          "_timeout": 2000
        },
        {
          "uuid": "738dcb04-b9ca-4839-abcc-637104d78674",
          "title": "9 - Crie um botão que, ao ser clicado, limpa o quadro preenchendo a cor de todos seus pixels com branco.",
          "fullFile": "",
          "file": "",
          "beforeHooks": [],
          "afterHooks": [],
          "tests": [
            {
              "title": "Verifica se o botão tem o `id` denominado `clear-board`",
              "fullTitle": "9 - Crie um botão que, ao ser clicado, limpa o quadro preenchendo a cor de todos seus pixels com branco. Verifica se o botão tem o `id` denominado `clear-board`",
              "timedOut": null,
              "duration": 126,
              "state": "passed",
              "speed": "slow",
              "pass": true,
              "fail": false,
              "pending": false,
              "context": null,
              "code": "cy.get('#clear-board').should('be.visible');",
              "err": {},
              "uuid": "84f99f6b-1506-4fb5-a9b1-a6f97d5911d8",
              "parentUUID": "738dcb04-b9ca-4839-abcc-637104d78674",
              "isHook": false,
              "skipped": false
            },
            {
              "title": "Verifica se o botão está posicionado entre a paleta de cores e o quadro de pixels",
              "fullTitle": "9 - Crie um botão que, ao ser clicado, limpa o quadro preenchendo a cor de todos seus pixels com branco. Verifica se o botão está posicionado entre a paleta de cores e o quadro de pixels",
              "timedOut": null,
              "duration": 105,
              "state": "passed",
              "speed": "slow",
              "pass": true,
              "fail": false,
              "pending": false,
              "context": null,
              "code": "cy.get('#color-palette').then(function (palette) {\n  cy.get('#clear-board').should('be.belowOf', palette);\n});\ncy.get('#clear-board').then(function (clearBtn) {\n  cy.get('#pixel-board').should('be.belowOf', clearBtn);\n});",
              "err": {},
              "uuid": "8c026a79-04f4-4634-baf5-dc06e0bcf843",
              "parentUUID": "738dcb04-b9ca-4839-abcc-637104d78674",
              "isHook": false,
              "skipped": false
            },
            {
              "title": "Verifica se o texto do botão é 'Limpar'",
              "fullTitle": "9 - Crie um botão que, ao ser clicado, limpa o quadro preenchendo a cor de todos seus pixels com branco. Verifica se o texto do botão é 'Limpar'",
              "timedOut": null,
              "duration": 67,
              "state": "passed",
              "speed": "medium",
              "pass": true,
              "fail": false,
              "pending": false,
              "context": null,
              "code": "cy.get('#clear-board').should('contain.text', 'Limpar');",
              "err": {},
              "uuid": "86c8f680-d294-447c-9eb9-d9cac13477c3",
              "parentUUID": "738dcb04-b9ca-4839-abcc-637104d78674",
              "isHook": false,
              "skipped": false
            },
            {
              "title": "Verifica se ao clicar no botão, o quadro de pixels é totalmente preenchido de branco",
              "fullTitle": "9 - Crie um botão que, ao ser clicado, limpa o quadro preenchendo a cor de todos seus pixels com branco. Verifica se ao clicar no botão, o quadro de pixels é totalmente preenchido de branco",
              "timedOut": null,
              "duration": 2392,
              "state": "passed",
              "speed": "slow",
              "pass": true,
              "fail": false,
              "pending": false,
              "context": null,
              "code": "cy.get('.color').eq(1).then(function (color) {\n  var backgroundColor = color.css('background-color');\n  cy.wrap(color).click();\n  cy.get('.pixel').each(function (pixel) {\n    cy.wrap(pixel).click().should('have.css', 'background-color', backgroundColor);\n  });\n});\ncy.get('#clear-board').click();\ncy.get('.pixel').each(function (pixel) {\n  cy.wrap(pixel).should('have.css', 'background-color', WHITE);\n});",
              "err": {},
              "uuid": "7107eb3a-96da-4000-a345-8e024b398028",
              "parentUUID": "738dcb04-b9ca-4839-abcc-637104d78674",
              "isHook": false,
              "skipped": false
            }
          ],
          "suites": [],
          "passes": [
            "84f99f6b-1506-4fb5-a9b1-a6f97d5911d8",
            "8c026a79-04f4-4634-baf5-dc06e0bcf843",
            "86c8f680-d294-447c-9eb9-d9cac13477c3",
            "7107eb3a-96da-4000-a345-8e024b398028"
          ],
          "failures": [],
          "pending": [],
          "skipped": [],
          "duration": 2690,
          "root": false,
          "rootEmpty": false,
          "_timeout": 2000
        },
        {
          "uuid": "3a230152-e55e-4f7a-b7c7-2ff2573a036e",
          "title": "10 - Faça o quadro de pixels ter seu tamanho definido pelo usuário.",
          "fullFile": "",
          "file": "",
          "beforeHooks": [],
          "afterHooks": [],
          "tests": [
            {
              "title": "Verifica se existe um input com o id `board-size`",
              "fullTitle": "10 - Faça o quadro de pixels ter seu tamanho definido pelo usuário. Verifica se existe um input com o id `board-size`",
              "timedOut": null,
              "duration": 4327,
              "state": "failed",
              "speed": null,
              "pass": false,
              "fail": true,
              "pending": false,
              "context": null,
              "code": "cy.get('#board-size').should('be.visible');",
              "err": {
                "message": "CypressError: Timed out retrying: Expected to find element: '#board-size', but never found it.",
                "estack": "CypressError: Timed out retrying: Expected to find element: '#board-size', but never found it.\n    at cypressErr (http://localhost:38433/__cypress/runner/cypress_runner.js:149934:9)\n    at throwErr (http://localhost:38433/__cypress/runner/cypress_runner.js:149867:11)\n    at Object.throwErrByPath (http://localhost:38433/__cypress/runner/cypress_runner.js:149915:3)\n    at retry (http://localhost:38433/__cypress/runner/cypress_runner.js:144197:19)\n    at onFailFn (http://localhost:38433/__cypress/runner/cypress_runner.js:132448:16)\n    at tryCatcher (http://localhost:38433/__cypress/runner/cypress_runner.js:167415:23)\n    at Promise._settlePromiseFromHandler (http://localhost:38433/__cypress/runner/cypress_runner.js:165351:31)\n    at Promise._settlePromise (http://localhost:38433/__cypress/runner/cypress_runner.js:165408:18)\n    at Promise._settlePromise0 (http://localhost:38433/__cypress/runner/cypress_runner.js:165453:10)\n    at Promise._settlePromises (http://localhost:38433/__cypress/runner/cypress_runner.js:165528:18)\n    at Async../node_modules/bluebird/js/release/async.js.Async._drainQueue (http://localhost:38433/__cypress/runner/cypress_runner.js:162140:16)\n    at Async../node_modules/bluebird/js/release/async.js.Async._drainQueues (http://localhost:38433/__cypress/runner/cypress_runner.js:162150:10)\n    at Async.drainQueues (http://localhost:38433/__cypress/runner/cypress_runner.js:162024:14)",
                "diff": null
              },
              "uuid": "46bf99ec-6a75-4ab6-93b6-74bbeb0076fc",
              "parentUUID": "3a230152-e55e-4f7a-b7c7-2ff2573a036e",
              "isHook": false,
              "skipped": false
            },
            {
              "title": "Verifica se existe um botão com o id `generate-board`",
              "fullTitle": "10 - Faça o quadro de pixels ter seu tamanho definido pelo usuário. Verifica se existe um botão com o id `generate-board`",
              "timedOut": null,
              "duration": 4330,
              "state": "failed",
              "speed": null,
              "pass": false,
              "fail": true,
              "pending": false,
              "context": null,
              "code": "cy.get('#generate-board').should('be.visible');",
              "err": {
                "message": "CypressError: Timed out retrying: Expected to find element: '#generate-board', but never found it.",
                "estack": "CypressError: Timed out retrying: Expected to find element: '#generate-board', but never found it.\n    at cypressErr (http://localhost:38433/__cypress/runner/cypress_runner.js:149934:9)\n    at throwErr (http://localhost:38433/__cypress/runner/cypress_runner.js:149867:11)\n    at Object.throwErrByPath (http://localhost:38433/__cypress/runner/cypress_runner.js:149915:3)\n    at retry (http://localhost:38433/__cypress/runner/cypress_runner.js:144197:19)\n    at onFailFn (http://localhost:38433/__cypress/runner/cypress_runner.js:132448:16)\n    at tryCatcher (http://localhost:38433/__cypress/runner/cypress_runner.js:167415:23)\n    at Promise._settlePromiseFromHandler (http://localhost:38433/__cypress/runner/cypress_runner.js:165351:31)\n    at Promise._settlePromise (http://localhost:38433/__cypress/runner/cypress_runner.js:165408:18)\n    at Promise._settlePromise0 (http://localhost:38433/__cypress/runner/cypress_runner.js:165453:10)\n    at Promise._settlePromises (http://localhost:38433/__cypress/runner/cypress_runner.js:165528:18)\n    at Async../node_modules/bluebird/js/release/async.js.Async._drainQueue (http://localhost:38433/__cypress/runner/cypress_runner.js:162140:16)\n    at Async../node_modules/bluebird/js/release/async.js.Async._drainQueues (http://localhost:38433/__cypress/runner/cypress_runner.js:162150:10)\n    at Async.drainQueues (http://localhost:38433/__cypress/runner/cypress_runner.js:162024:14)",
                "diff": null
              },
              "uuid": "6d0c9fa7-e884-4d5e-bb67-3ce8d25f816d",
              "parentUUID": "3a230152-e55e-4f7a-b7c7-2ff2573a036e",
              "isHook": false,
              "skipped": false
            },
            {
              "title": "Verifica se o input só aceita número maiores que zero. Essa restrição deve ser feita usando os atributos do elemento `input`",
              "fullTitle": "10 - Faça o quadro de pixels ter seu tamanho definido pelo usuário. Verifica se o input só aceita número maiores que zero. Essa restrição deve ser feita usando os atributos do elemento `input`",
              "timedOut": null,
              "duration": 4304,
              "state": "failed",
              "speed": null,
              "pass": false,
              "fail": true,
              "pending": false,
              "context": null,
              "code": "cy.get('#board-size[type=\\'number\\'][min=\\'1\\']');",
              "err": {
                "message": "CypressError: Timed out retrying: Expected to find element: '#board-size[type='number'][min='1']', but never found it.",
                "estack": "CypressError: Timed out retrying: Expected to find element: '#board-size[type='number'][min='1']', but never found it.\n    at cypressErr (http://localhost:38433/__cypress/runner/cypress_runner.js:149934:9)\n    at throwErr (http://localhost:38433/__cypress/runner/cypress_runner.js:149867:11)\n    at Object.throwErrByPath (http://localhost:38433/__cypress/runner/cypress_runner.js:149915:3)\n    at retry (http://localhost:38433/__cypress/runner/cypress_runner.js:144197:19)\n    at onFailFn (http://localhost:38433/__cypress/runner/cypress_runner.js:132448:16)\n    at tryCatcher (http://localhost:38433/__cypress/runner/cypress_runner.js:167415:23)\n    at Promise._settlePromiseFromHandler (http://localhost:38433/__cypress/runner/cypress_runner.js:165351:31)\n    at Promise._settlePromise (http://localhost:38433/__cypress/runner/cypress_runner.js:165408:18)\n    at Promise._settlePromise0 (http://localhost:38433/__cypress/runner/cypress_runner.js:165453:10)\n    at Promise._settlePromises (http://localhost:38433/__cypress/runner/cypress_runner.js:165528:18)\n    at Async../node_modules/bluebird/js/release/async.js.Async._drainQueue (http://localhost:38433/__cypress/runner/cypress_runner.js:162140:16)\n    at Async../node_modules/bluebird/js/release/async.js.Async._drainQueues (http://localhost:38433/__cypress/runner/cypress_runner.js:162150:10)\n    at Async.drainQueues (http://localhost:38433/__cypress/runner/cypress_runner.js:162024:14)",
                "diff": null
              },
              "uuid": "20e0c97b-35a7-4d93-b26c-478cc5f7b08c",
              "parentUUID": "3a230152-e55e-4f7a-b7c7-2ff2573a036e",
              "isHook": false,
              "skipped": false
            },
            {
              "title": "Verifica se o botão contém o texto 'VQV'",
              "fullTitle": "10 - Faça o quadro de pixels ter seu tamanho definido pelo usuário. Verifica se o botão contém o texto 'VQV'",
              "timedOut": null,
              "duration": 4301,
              "state": "failed",
              "speed": null,
              "pass": false,
              "fail": true,
              "pending": false,
              "context": null,
              "code": "cy.get('#generate-board').contains(/vqv/i);",
              "err": {
                "message": "CypressError: Timed out retrying: Expected to find element: '#generate-board', but never found it.",
                "estack": "CypressError: Timed out retrying: Expected to find element: '#generate-board', but never found it.\n    at cypressErr (http://localhost:38433/__cypress/runner/cypress_runner.js:149934:9)\n    at throwErr (http://localhost:38433/__cypress/runner/cypress_runner.js:149867:11)\n    at Object.throwErrByPath (http://localhost:38433/__cypress/runner/cypress_runner.js:149915:3)\n    at retry (http://localhost:38433/__cypress/runner/cypress_runner.js:144197:19)\n    at onFailFn (http://localhost:38433/__cypress/runner/cypress_runner.js:132448:16)\n    at tryCatcher (http://localhost:38433/__cypress/runner/cypress_runner.js:167415:23)\n    at Promise._settlePromiseFromHandler (http://localhost:38433/__cypress/runner/cypress_runner.js:165351:31)\n    at Promise._settlePromise (http://localhost:38433/__cypress/runner/cypress_runner.js:165408:18)\n    at Promise._settlePromise0 (http://localhost:38433/__cypress/runner/cypress_runner.js:165453:10)\n    at Promise._settlePromises (http://localhost:38433/__cypress/runner/cypress_runner.js:165528:18)\n    at Async../node_modules/bluebird/js/release/async.js.Async._drainQueue (http://localhost:38433/__cypress/runner/cypress_runner.js:162140:16)\n    at Async../node_modules/bluebird/js/release/async.js.Async._drainQueues (http://localhost:38433/__cypress/runner/cypress_runner.js:162150:10)\n    at Async.drainQueues (http://localhost:38433/__cypress/runner/cypress_runner.js:162024:14)",
                "diff": null
              },
              "uuid": "73d1511b-b698-44ad-9413-6955e77b3d5d",
              "parentUUID": "3a230152-e55e-4f7a-b7c7-2ff2573a036e",
              "isHook": false,
              "skipped": false
            },
            {
              "title": "Verifica se o input está posicionado entre a paleta de cores e o quadro de pixels",
              "fullTitle": "10 - Faça o quadro de pixels ter seu tamanho definido pelo usuário. Verifica se o input está posicionado entre a paleta de cores e o quadro de pixels",
              "timedOut": null,
              "duration": 4306,
              "state": "failed",
              "speed": null,
              "pass": false,
              "fail": true,
              "pending": false,
              "context": null,
              "code": "cy.get('#color-palette').then(function (palette) {\n  cy.get('#board-size').should('be.belowOf', palette);\n});\ncy.get('#board-size').then(function (palette) {\n  cy.get('#pixel-board').should('be.belowOf', palette);\n});",
              "err": {
                "message": "CypressError: Timed out retrying: Expected to find element: '#board-size', but never found it.",
                "estack": "CypressError: Timed out retrying: Expected to find element: '#board-size', but never found it.\n    at cypressErr (http://localhost:38433/__cypress/runner/cypress_runner.js:149934:9)\n    at throwErr (http://localhost:38433/__cypress/runner/cypress_runner.js:149867:11)\n    at Object.throwErrByPath (http://localhost:38433/__cypress/runner/cypress_runner.js:149915:3)\n    at retry (http://localhost:38433/__cypress/runner/cypress_runner.js:144197:19)\n    at onFailFn (http://localhost:38433/__cypress/runner/cypress_runner.js:132448:16)\n    at tryCatcher (http://localhost:38433/__cypress/runner/cypress_runner.js:167415:23)\n    at Promise._settlePromiseFromHandler (http://localhost:38433/__cypress/runner/cypress_runner.js:165351:31)\n    at Promise._settlePromise (http://localhost:38433/__cypress/runner/cypress_runner.js:165408:18)\n    at Promise._settlePromise0 (http://localhost:38433/__cypress/runner/cypress_runner.js:165453:10)\n    at Promise._settlePromises (http://localhost:38433/__cypress/runner/cypress_runner.js:165528:18)\n    at Async../node_modules/bluebird/js/release/async.js.Async._drainQueue (http://localhost:38433/__cypress/runner/cypress_runner.js:162140:16)\n    at Async../node_modules/bluebird/js/release/async.js.Async._drainQueues (http://localhost:38433/__cypress/runner/cypress_runner.js:162150:10)\n    at Async.drainQueues (http://localhost:38433/__cypress/runner/cypress_runner.js:162024:14)",
                "diff": null
              },
              "uuid": "bd128520-50ae-4eba-9b52-ea5b4a517eed",
              "parentUUID": "3a230152-e55e-4f7a-b7c7-2ff2573a036e",
              "isHook": false,
              "skipped": false
            },
            {
              "title": "Verifica se o botão está posicionado ao lado do input",
              "fullTitle": "10 - Faça o quadro de pixels ter seu tamanho definido pelo usuário. Verifica se o botão está posicionado ao lado do input",
              "timedOut": null,
              "duration": 4302,
              "state": "failed",
              "speed": null,
              "pass": false,
              "fail": true,
              "pending": false,
              "context": null,
              "code": "cy.get('#board-size').then(function (board) {\n  cy.get('#generate-board').should('be.onTheRightOf', board);\n});",
              "err": {
                "message": "CypressError: Timed out retrying: Expected to find element: '#board-size', but never found it.",
                "estack": "CypressError: Timed out retrying: Expected to find element: '#board-size', but never found it.\n    at cypressErr (http://localhost:38433/__cypress/runner/cypress_runner.js:149934:9)\n    at throwErr (http://localhost:38433/__cypress/runner/cypress_runner.js:149867:11)\n    at Object.throwErrByPath (http://localhost:38433/__cypress/runner/cypress_runner.js:149915:3)\n    at retry (http://localhost:38433/__cypress/runner/cypress_runner.js:144197:19)\n    at onFailFn (http://localhost:38433/__cypress/runner/cypress_runner.js:132448:16)\n    at tryCatcher (http://localhost:38433/__cypress/runner/cypress_runner.js:167415:23)\n    at Promise._settlePromiseFromHandler (http://localhost:38433/__cypress/runner/cypress_runner.js:165351:31)\n    at Promise._settlePromise (http://localhost:38433/__cypress/runner/cypress_runner.js:165408:18)\n    at Promise._settlePromise0 (http://localhost:38433/__cypress/runner/cypress_runner.js:165453:10)\n    at Promise._settlePromises (http://localhost:38433/__cypress/runner/cypress_runner.js:165528:18)\n    at Async../node_modules/bluebird/js/release/async.js.Async._drainQueue (http://localhost:38433/__cypress/runner/cypress_runner.js:162140:16)\n    at Async../node_modules/bluebird/js/release/async.js.Async._drainQueues (http://localhost:38433/__cypress/runner/cypress_runner.js:162150:10)\n    at Async.drainQueues (http://localhost:38433/__cypress/runner/cypress_runner.js:162024:14)",
                "diff": null
              },
              "uuid": "26d39c3d-cb43-4ff3-87da-e306c8722e75",
              "parentUUID": "3a230152-e55e-4f7a-b7c7-2ff2573a036e",
              "isHook": false,
              "skipped": false
            },
            {
              "title": "Verifica se nenhum valor for colocado no input ao clicar no botão, um `alert` é exibido com o texto: 'Board inválido!'",
              "fullTitle": "10 - Faça o quadro de pixels ter seu tamanho definido pelo usuário. Verifica se nenhum valor for colocado no input ao clicar no botão, um `alert` é exibido com o texto: 'Board inválido!'",
              "timedOut": null,
              "duration": 4323,
              "state": "failed",
              "speed": null,
              "pass": false,
              "fail": true,
              "pending": false,
              "context": null,
              "code": "var alerted = false;\ncy.on('window:alert', function (msg) {\n  return alerted = msg;\n});\ncy.get('#generate-board').click().then(function () {\n  return expect(alerted).to.match(/Board inválido!/i);\n});",
              "err": {
                "message": "CypressError: Timed out retrying: Expected to find element: '#generate-board', but never found it.",
                "estack": "CypressError: Timed out retrying: Expected to find element: '#generate-board', but never found it.\n    at cypressErr (http://localhost:38433/__cypress/runner/cypress_runner.js:149934:9)\n    at throwErr (http://localhost:38433/__cypress/runner/cypress_runner.js:149867:11)\n    at Object.throwErrByPath (http://localhost:38433/__cypress/runner/cypress_runner.js:149915:3)\n    at retry (http://localhost:38433/__cypress/runner/cypress_runner.js:144197:19)\n    at onFailFn (http://localhost:38433/__cypress/runner/cypress_runner.js:132448:16)\n    at tryCatcher (http://localhost:38433/__cypress/runner/cypress_runner.js:167415:23)\n    at Promise._settlePromiseFromHandler (http://localhost:38433/__cypress/runner/cypress_runner.js:165351:31)\n    at Promise._settlePromise (http://localhost:38433/__cypress/runner/cypress_runner.js:165408:18)\n    at Promise._settlePromise0 (http://localhost:38433/__cypress/runner/cypress_runner.js:165453:10)\n    at Promise._settlePromises (http://localhost:38433/__cypress/runner/cypress_runner.js:165528:18)\n    at Async../node_modules/bluebird/js/release/async.js.Async._drainQueue (http://localhost:38433/__cypress/runner/cypress_runner.js:162140:16)\n    at Async../node_modules/bluebird/js/release/async.js.Async._drainQueues (http://localhost:38433/__cypress/runner/cypress_runner.js:162150:10)\n    at Async.drainQueues (http://localhost:38433/__cypress/runner/cypress_runner.js:162024:14)",
                "diff": null
              },
              "uuid": "cc4ef129-2bb9-4ee3-8daf-c0c18420c3e1",
              "parentUUID": "3a230152-e55e-4f7a-b7c7-2ff2573a036e",
              "isHook": false,
              "skipped": false
            },
            {
              "title": "Verifica se ao clicar no botão com um valor preenchido, o tamanho do board muda.",
              "fullTitle": "10 - Faça o quadro de pixels ter seu tamanho definido pelo usuário. Verifica se ao clicar no botão com um valor preenchido, o tamanho do board muda.",
              "timedOut": null,
              "duration": 4301,
              "state": "failed",
              "speed": null,
              "pass": false,
              "fail": true,
              "pending": false,
              "context": null,
              "code": "cy.get('#board-size').clear().type(10);\ncy.get('#generate-board').click();\ncy.get('.pixel').should('have.length', 100);",
              "err": {
                "message": "CypressError: Timed out retrying: Expected to find element: '#board-size', but never found it.",
                "estack": "CypressError: Timed out retrying: Expected to find element: '#board-size', but never found it.\n    at cypressErr (http://localhost:38433/__cypress/runner/cypress_runner.js:149934:9)\n    at throwErr (http://localhost:38433/__cypress/runner/cypress_runner.js:149867:11)\n    at Object.throwErrByPath (http://localhost:38433/__cypress/runner/cypress_runner.js:149915:3)\n    at retry (http://localhost:38433/__cypress/runner/cypress_runner.js:144197:19)\n    at onFailFn (http://localhost:38433/__cypress/runner/cypress_runner.js:132448:16)\n    at tryCatcher (http://localhost:38433/__cypress/runner/cypress_runner.js:167415:23)\n    at Promise._settlePromiseFromHandler (http://localhost:38433/__cypress/runner/cypress_runner.js:165351:31)\n    at Promise._settlePromise (http://localhost:38433/__cypress/runner/cypress_runner.js:165408:18)\n    at Promise._settlePromise0 (http://localhost:38433/__cypress/runner/cypress_runner.js:165453:10)\n    at Promise._settlePromises (http://localhost:38433/__cypress/runner/cypress_runner.js:165528:18)\n    at Async../node_modules/bluebird/js/release/async.js.Async._drainQueue (http://localhost:38433/__cypress/runner/cypress_runner.js:162140:16)\n    at Async../node_modules/bluebird/js/release/async.js.Async._drainQueues (http://localhost:38433/__cypress/runner/cypress_runner.js:162150:10)\n    at Async.drainQueues (http://localhost:38433/__cypress/runner/cypress_runner.js:162024:14)",
                "diff": null
              },
              "uuid": "ee99228e-51fd-420d-972a-aefd1623aec2",
              "parentUUID": "3a230152-e55e-4f7a-b7c7-2ff2573a036e",
              "isHook": false,
              "skipped": false
            },
            {
              "title": "Verifica se o novo quadro tem todos os pixels preenchidos com a cor branca",
              "fullTitle": "10 - Faça o quadro de pixels ter seu tamanho definido pelo usuário. Verifica se o novo quadro tem todos os pixels preenchidos com a cor branca",
              "timedOut": null,
              "duration": 4300,
              "state": "failed",
              "speed": null,
              "pass": false,
              "fail": true,
              "pending": false,
              "context": null,
              "code": "cy.get('#board-size').clear().type(6);\ncy.get('#generate-board').click();\ncy.get('.pixel').should('have.length', 36).each(function (pixel) {\n  expect(pixel).to.have.css('background-color', WHITE);\n});",
              "err": {
                "message": "CypressError: Timed out retrying: Expected to find element: '#board-size', but never found it.",
                "estack": "CypressError: Timed out retrying: Expected to find element: '#board-size', but never found it.\n    at cypressErr (http://localhost:38433/__cypress/runner/cypress_runner.js:149934:9)\n    at throwErr (http://localhost:38433/__cypress/runner/cypress_runner.js:149867:11)\n    at Object.throwErrByPath (http://localhost:38433/__cypress/runner/cypress_runner.js:149915:3)\n    at retry (http://localhost:38433/__cypress/runner/cypress_runner.js:144197:19)\n    at onFailFn (http://localhost:38433/__cypress/runner/cypress_runner.js:132448:16)\n    at tryCatcher (http://localhost:38433/__cypress/runner/cypress_runner.js:167415:23)\n    at Promise._settlePromiseFromHandler (http://localhost:38433/__cypress/runner/cypress_runner.js:165351:31)\n    at Promise._settlePromise (http://localhost:38433/__cypress/runner/cypress_runner.js:165408:18)\n    at Promise._settlePromise0 (http://localhost:38433/__cypress/runner/cypress_runner.js:165453:10)\n    at Promise._settlePromises (http://localhost:38433/__cypress/runner/cypress_runner.js:165528:18)\n    at Async../node_modules/bluebird/js/release/async.js.Async._drainQueue (http://localhost:38433/__cypress/runner/cypress_runner.js:162140:16)\n    at Async../node_modules/bluebird/js/release/async.js.Async._drainQueues (http://localhost:38433/__cypress/runner/cypress_runner.js:162150:10)\n    at Async.drainQueues (http://localhost:38433/__cypress/runner/cypress_runner.js:162024:14)",
                "diff": null
              },
              "uuid": "19e5b9fd-d3d8-457b-8145-b12f66e9148c",
              "parentUUID": "3a230152-e55e-4f7a-b7c7-2ff2573a036e",
              "isHook": false,
              "skipped": false
            }
          ],
          "suites": [],
          "passes": [],
          "failures": [
            "46bf99ec-6a75-4ab6-93b6-74bbeb0076fc",
            "6d0c9fa7-e884-4d5e-bb67-3ce8d25f816d",
            "20e0c97b-35a7-4d93-b26c-478cc5f7b08c",
            "73d1511b-b698-44ad-9413-6955e77b3d5d",
            "bd128520-50ae-4eba-9b52-ea5b4a517eed",
            "26d39c3d-cb43-4ff3-87da-e306c8722e75",
            "cc4ef129-2bb9-4ee3-8daf-c0c18420c3e1",
            "ee99228e-51fd-420d-972a-aefd1623aec2",
            "19e5b9fd-d3d8-457b-8145-b12f66e9148c"
          ],
          "pending": [],
          "skipped": [],
          "duration": 38794,
          "root": false,
          "rootEmpty": false,
          "_timeout": 2000
        },
        {
          "uuid": "837fd8a7-9d20-4e4e-8980-dd5939623dc7",
          "title": "11 - Limite o tamanho mínimo e máximo do board.",
          "fullFile": "",
          "file": "",
          "beforeHooks": [],
          "afterHooks": [],
          "tests": [
            {
              "title": "Verifica se a altura máxima do board é 50",
              "fullTitle": "11 - Limite o tamanho mínimo e máximo do board. Verifica se a altura máxima do board é 50",
              "timedOut": null,
              "duration": 4285,
              "state": "failed",
              "speed": null,
              "pass": false,
              "fail": true,
              "pending": false,
              "context": null,
              "code": "cy.get('#board-size').clear().type(50);\ncy.get('#generate-board').click();\ncy.get('.pixel').should('have.length', 2500);",
              "err": {
                "message": "CypressError: Timed out retrying: Expected to find element: '#board-size', but never found it.",
                "estack": "CypressError: Timed out retrying: Expected to find element: '#board-size', but never found it.\n    at cypressErr (http://localhost:38433/__cypress/runner/cypress_runner.js:149934:9)\n    at throwErr (http://localhost:38433/__cypress/runner/cypress_runner.js:149867:11)\n    at Object.throwErrByPath (http://localhost:38433/__cypress/runner/cypress_runner.js:149915:3)\n    at retry (http://localhost:38433/__cypress/runner/cypress_runner.js:144197:19)\n    at onFailFn (http://localhost:38433/__cypress/runner/cypress_runner.js:132448:16)\n    at tryCatcher (http://localhost:38433/__cypress/runner/cypress_runner.js:167415:23)\n    at Promise._settlePromiseFromHandler (http://localhost:38433/__cypress/runner/cypress_runner.js:165351:31)\n    at Promise._settlePromise (http://localhost:38433/__cypress/runner/cypress_runner.js:165408:18)\n    at Promise._settlePromise0 (http://localhost:38433/__cypress/runner/cypress_runner.js:165453:10)\n    at Promise._settlePromises (http://localhost:38433/__cypress/runner/cypress_runner.js:165528:18)\n    at Async../node_modules/bluebird/js/release/async.js.Async._drainQueue (http://localhost:38433/__cypress/runner/cypress_runner.js:162140:16)\n    at Async../node_modules/bluebird/js/release/async.js.Async._drainQueues (http://localhost:38433/__cypress/runner/cypress_runner.js:162150:10)\n    at Async.drainQueues (http://localhost:38433/__cypress/runner/cypress_runner.js:162024:14)",
                "diff": null
              },
              "uuid": "91a1049e-fcf7-40e4-8752-134c205a5048",
              "parentUUID": "837fd8a7-9d20-4e4e-8980-dd5939623dc7",
              "isHook": false,
              "skipped": false
            },
            {
              "title": "Verifica se a altura do board é 5 quando um valor menor é colocado no input",
              "fullTitle": "11 - Limite o tamanho mínimo e máximo do board. Verifica se a altura do board é 5 quando um valor menor é colocado no input",
              "timedOut": null,
              "duration": 4310,
              "state": "failed",
              "speed": null,
              "pass": false,
              "fail": true,
              "pending": false,
              "context": null,
              "code": "cy.get('#board-size').clear().type(4);\ncy.get('#generate-board').click();\ncy.get('.pixel').should('have.length', 25);",
              "err": {
                "message": "CypressError: Timed out retrying: Expected to find element: '#board-size', but never found it.",
                "estack": "CypressError: Timed out retrying: Expected to find element: '#board-size', but never found it.\n    at cypressErr (http://localhost:38433/__cypress/runner/cypress_runner.js:149934:9)\n    at throwErr (http://localhost:38433/__cypress/runner/cypress_runner.js:149867:11)\n    at Object.throwErrByPath (http://localhost:38433/__cypress/runner/cypress_runner.js:149915:3)\n    at retry (http://localhost:38433/__cypress/runner/cypress_runner.js:144197:19)\n    at onFailFn (http://localhost:38433/__cypress/runner/cypress_runner.js:132448:16)\n    at tryCatcher (http://localhost:38433/__cypress/runner/cypress_runner.js:167415:23)\n    at Promise._settlePromiseFromHandler (http://localhost:38433/__cypress/runner/cypress_runner.js:165351:31)\n    at Promise._settlePromise (http://localhost:38433/__cypress/runner/cypress_runner.js:165408:18)\n    at Promise._settlePromise0 (http://localhost:38433/__cypress/runner/cypress_runner.js:165453:10)\n    at Promise._settlePromises (http://localhost:38433/__cypress/runner/cypress_runner.js:165528:18)\n    at Async../node_modules/bluebird/js/release/async.js.Async._drainQueue (http://localhost:38433/__cypress/runner/cypress_runner.js:162140:16)\n    at Async../node_modules/bluebird/js/release/async.js.Async._drainQueues (http://localhost:38433/__cypress/runner/cypress_runner.js:162150:10)\n    at Async.drainQueues (http://localhost:38433/__cypress/runner/cypress_runner.js:162024:14)",
                "diff": null
              },
              "uuid": "c08c7e3e-412e-422d-9f2b-c91db3b90c30",
              "parentUUID": "837fd8a7-9d20-4e4e-8980-dd5939623dc7",
              "isHook": false,
              "skipped": false
            },
            {
              "title": "Verifica se a altura do board é 50 quando um valor maior é colocado no input",
              "fullTitle": "11 - Limite o tamanho mínimo e máximo do board. Verifica se a altura do board é 50 quando um valor maior é colocado no input",
              "timedOut": null,
              "duration": 4332,
              "state": "failed",
              "speed": null,
              "pass": false,
              "fail": true,
              "pending": false,
              "context": null,
              "code": "cy.get('#board-size').clear().type(51);\ncy.get('#generate-board').click();\ncy.get('.pixel').should('have.length', 2500);",
              "err": {
                "message": "CypressError: Timed out retrying: Expected to find element: '#board-size', but never found it.",
                "estack": "CypressError: Timed out retrying: Expected to find element: '#board-size', but never found it.\n    at cypressErr (http://localhost:38433/__cypress/runner/cypress_runner.js:149934:9)\n    at throwErr (http://localhost:38433/__cypress/runner/cypress_runner.js:149867:11)\n    at Object.throwErrByPath (http://localhost:38433/__cypress/runner/cypress_runner.js:149915:3)\n    at retry (http://localhost:38433/__cypress/runner/cypress_runner.js:144197:19)\n    at onFailFn (http://localhost:38433/__cypress/runner/cypress_runner.js:132448:16)\n    at tryCatcher (http://localhost:38433/__cypress/runner/cypress_runner.js:167415:23)\n    at Promise._settlePromiseFromHandler (http://localhost:38433/__cypress/runner/cypress_runner.js:165351:31)\n    at Promise._settlePromise (http://localhost:38433/__cypress/runner/cypress_runner.js:165408:18)\n    at Promise._settlePromise0 (http://localhost:38433/__cypress/runner/cypress_runner.js:165453:10)\n    at Promise._settlePromises (http://localhost:38433/__cypress/runner/cypress_runner.js:165528:18)\n    at Async../node_modules/bluebird/js/release/async.js.Async._drainQueue (http://localhost:38433/__cypress/runner/cypress_runner.js:162140:16)\n    at Async../node_modules/bluebird/js/release/async.js.Async._drainQueues (http://localhost:38433/__cypress/runner/cypress_runner.js:162150:10)\n    at Async.drainQueues (http://localhost:38433/__cypress/runner/cypress_runner.js:162024:14)",
                "diff": null
              },
              "uuid": "f064dc9f-597f-4879-b3a0-f11088252178",
              "parentUUID": "837fd8a7-9d20-4e4e-8980-dd5939623dc7",
              "isHook": false,
              "skipped": false
            }
          ],
          "suites": [],
          "passes": [],
          "failures": [
            "91a1049e-fcf7-40e4-8752-134c205a5048",
            "c08c7e3e-412e-422d-9f2b-c91db3b90c30",
            "f064dc9f-597f-4879-b3a0-f11088252178"
          ],
          "pending": [],
          "skipped": [],
          "duration": 12927,
          "root": false,
          "rootEmpty": false,
          "_timeout": 2000
        },
        {
          "uuid": "72281411-3d83-469c-9ce1-9447a4484817",
          "title": "12 - Faça com que as cores da paleta sejam geradas aleatoriamente ao carregar a página.",
          "fullFile": "",
          "file": "",
          "beforeHooks": [],
          "afterHooks": [],
          "tests": [
            {
              "title": "Verifica se as cores geradas na paleta são diferentes a cada carregamento da página",
              "fullTitle": "12 - Faça com que as cores da paleta sejam geradas aleatoriamente ao carregar a página. Verifica se as cores geradas na paleta são diferentes a cada carregamento da página",
              "timedOut": null,
              "duration": 366,
              "state": "failed",
              "speed": null,
              "pass": false,
              "fail": true,
              "pending": false,
              "context": null,
              "code": "cy.get('.color').then(function (colors) {\n  var currentColors;\n  var previousColors;\n  previousColors = Array.from(colors).map(function (color) {\n    return Cypress.$(color).css('background-color');\n  });\n  for (var i = 0; i < 5; i += 1) {\n    cy.reload();\n    cy.get('.color').then(function (colors) {\n      currentColors = Array.from(colors).map(function (color) {\n        return Cypress.$(color).css('background-color');\n      });\n      expect(currentColors).not.to.deep.equal(previousColors);\n      previousColors = currentColors;\n    });\n  }\n});",
              "err": {
                "message": "AssertionError: expected [ Array(4) ] to not deeply equal [ Array(4) ]",
                "estack": "AssertionError: expected [ Array(4) ] to not deeply equal [ Array(4) ]\n    at getRet (http://localhost:38433/__cypress/runner/cypress_runner.js:136585:16)\n    at tryCatcher (http://localhost:38433/__cypress/runner/cypress_runner.js:167415:23)\n    at Function.Promise.attempt.Promise.try (http://localhost:38433/__cypress/runner/cypress_runner.js:164690:29)\n    at Context.thenFn (http://localhost:38433/__cypress/runner/cypress_runner.js:136599:23)\n    at Context.then (http://localhost:38433/__cypress/runner/cypress_runner.js:136971:21)\n    at Context.<anonymous> (http://localhost:38433/__cypress/runner/cypress_runner.js:148875:21)\n    at http://localhost:38433/__cypress/runner/cypress_runner.js:148351:33\n    at tryCatcher (http://localhost:38433/__cypress/runner/cypress_runner.js:167415:23)\n    at Promise._settlePromiseFromHandler (http://localhost:38433/__cypress/runner/cypress_runner.js:165351:31)\n    at Promise._settlePromise (http://localhost:38433/__cypress/runner/cypress_runner.js:165408:18)\n    at Promise._settlePromiseCtx (http://localhost:38433/__cypress/runner/cypress_runner.js:165445:10)\n    at Async../node_modules/bluebird/js/release/async.js.Async._drainQueue (http://localhost:38433/__cypress/runner/cypress_runner.js:162145:12)\n    at Async../node_modules/bluebird/js/release/async.js.Async._drainQueues (http://localhost:38433/__cypress/runner/cypress_runner.js:162150:10)\n    at Async.drainQueues (http://localhost:38433/__cypress/runner/cypress_runner.js:162024:14)",
                "diff": ""
              },
              "uuid": "0aa562eb-90dd-4bd8-858d-1491e96f5d2f",
              "parentUUID": "72281411-3d83-469c-9ce1-9447a4484817",
              "isHook": false,
              "skipped": false
            },
            {
              "title": "Verifica se a cor preta ainda está presente e é a primeira na sua paleta de cores",
              "fullTitle": "12 - Faça com que as cores da paleta sejam geradas aleatoriamente ao carregar a página. Verifica se a cor preta ainda está presente e é a primeira na sua paleta de cores",
              "timedOut": null,
              "duration": 269,
              "state": "failed",
              "speed": null,
              "pass": false,
              "fail": true,
              "pending": false,
              "context": null,
              "code": "cy.get('.color').then(function (colors) {\n  var currentColors;\n  var previousColors;\n  previousColors = Array.from(colors).map(function (color) {\n    return Cypress.$(color).css('background-color');\n  });\n  expect(previousColors[0]).to.eq(BLACK);\n  for (var i = 0; i < 5; i += 1) {\n    cy.reload();\n    cy.get('.color').then(function (colors) {\n      currentColors = Array.from(colors).map(function (color) {\n        return Cypress.$(color).css('background-color');\n      });\n      expect(currentColors[0]).to.eq(BLACK);\n      expect(currentColors).not.to.deep.equal(previousColors);\n      previousColors = currentColors;\n    });\n  }\n});",
              "err": {
                "message": "AssertionError: expected [ Array(4) ] to not deeply equal [ Array(4) ]",
                "estack": "AssertionError: expected [ Array(4) ] to not deeply equal [ Array(4) ]\n    at getRet (http://localhost:38433/__cypress/runner/cypress_runner.js:136585:16)\n    at tryCatcher (http://localhost:38433/__cypress/runner/cypress_runner.js:167415:23)\n    at Function.Promise.attempt.Promise.try (http://localhost:38433/__cypress/runner/cypress_runner.js:164690:29)\n    at Context.thenFn (http://localhost:38433/__cypress/runner/cypress_runner.js:136599:23)\n    at Context.then (http://localhost:38433/__cypress/runner/cypress_runner.js:136971:21)\n    at Context.<anonymous> (http://localhost:38433/__cypress/runner/cypress_runner.js:148875:21)\n    at http://localhost:38433/__cypress/runner/cypress_runner.js:148351:33\n    at tryCatcher (http://localhost:38433/__cypress/runner/cypress_runner.js:167415:23)\n    at Promise._settlePromiseFromHandler (http://localhost:38433/__cypress/runner/cypress_runner.js:165351:31)\n    at Promise._settlePromise (http://localhost:38433/__cypress/runner/cypress_runner.js:165408:18)\n    at Promise._settlePromiseCtx (http://localhost:38433/__cypress/runner/cypress_runner.js:165445:10)\n    at Async../node_modules/bluebird/js/release/async.js.Async._drainQueue (http://localhost:38433/__cypress/runner/cypress_runner.js:162145:12)\n    at Async../node_modules/bluebird/js/release/async.js.Async._drainQueues (http://localhost:38433/__cypress/runner/cypress_runner.js:162150:10)\n    at Async.drainQueues (http://localhost:38433/__cypress/runner/cypress_runner.js:162024:14)",
                "diff": ""
              },
              "uuid": "36d18ad2-6b9a-4938-ab26-26574a5fee80",
              "parentUUID": "72281411-3d83-469c-9ce1-9447a4484817",
              "isHook": false,
              "skipped": false
            }
          ],
          "suites": [],
          "passes": [],
          "failures": [
            "0aa562eb-90dd-4bd8-858d-1491e96f5d2f",
            "36d18ad2-6b9a-4938-ab26-26574a5fee80"
          ],
          "pending": [],
          "skipped": [],
          "duration": 635,
          "root": false,
          "rootEmpty": false,
          "_timeout": 2000
        }
      ],
      "passes": [],
      "failures": [],
      "pending": [],
      "skipped": [],
      "duration": 0,
      "root": true,
      "rootEmpty": true,
      "_timeout": 2000
    }
  ],
  "meta": {
    "mocha": {
      "version": "7.0.1"
    },
    "mochawesome": {
      "options": {
        "quiet": false,
        "reportFilename": "mochawesome",
        "saveHtml": false,
        "saveJson": true,
        "consoleReporter": "spec",
        "useInlineDiffs": false
      },
      "version": "4.1.0"
    },
    "marge": {
      "options": {
        "id": "default",
        "reportDir": "cypress/reports",
        "overwrite": true,
        "html": false,
        "json": true
      },
      "version": "4.1.0"
    }
  }
}