{
  "stats": {
    "suites": 12,
    "tests": 41,
    "passes": 15,
    "pending": 0,
    "failures": 26,
    "start": "2021-09-10T20:19:17.363Z",
    "end": "2021-09-10T20:22:11.291Z",
    "duration": 173928,
    "testsRegistered": 41,
    "passPercent": 36.58536585365854,
    "pendingPercent": 0,
    "other": 0,
    "hasOther": false,
    "skipped": 0,
    "hasSkipped": false
  },
  "results": [
    {
      "uuid": "e0722544-691c-4c57-908a-77e9f0dc63a4",
      "title": "",
      "fullFile": "cypress/integration/project.spec.js",
      "file": "cypress/integration/project.spec.js",
      "beforeHooks": [],
      "afterHooks": [],
      "tests": [],
      "suites": [
        {
          "uuid": "987dacde-13f7-467a-80ec-4d39a9f51ded",
          "title": "1 - Adicione à página o título \"Paleta de Cores\".",
          "fullFile": "",
          "file": "",
          "beforeHooks": [],
          "afterHooks": [],
          "tests": [
            {
              "title": "Verifica se contém um elemento `h1` com o id `title` com o título correto",
              "fullTitle": "1 - Adicione à página o título \"Paleta de Cores\". Verifica se contém um elemento `h1` com o id `title` com o título correto",
              "timedOut": null,
              "duration": 6143,
              "state": "failed",
              "speed": null,
              "pass": false,
              "fail": true,
              "pending": false,
              "context": null,
              "code": "cy.get('h1#title').should('contain.text', 'Paleta de Cores');",
              "err": {
                "message": "CypressError: Timed out retrying: Expected to find element: 'h1#title', but never found it.",
                "estack": "CypressError: Timed out retrying: Expected to find element: 'h1#title', but never found it.\n    at cypressErr (http://localhost:53524/__cypress/runner/cypress_runner.js:149934:9)\n    at throwErr (http://localhost:53524/__cypress/runner/cypress_runner.js:149867:11)\n    at Object.throwErrByPath (http://localhost:53524/__cypress/runner/cypress_runner.js:149915:3)\n    at retry (http://localhost:53524/__cypress/runner/cypress_runner.js:144197:19)\n    at onFailFn (http://localhost:53524/__cypress/runner/cypress_runner.js:132448:16)\n    at tryCatcher (http://localhost:53524/__cypress/runner/cypress_runner.js:167415:23)\n    at Promise._settlePromiseFromHandler (http://localhost:53524/__cypress/runner/cypress_runner.js:165351:31)\n    at Promise._settlePromise (http://localhost:53524/__cypress/runner/cypress_runner.js:165408:18)\n    at Promise._settlePromise0 (http://localhost:53524/__cypress/runner/cypress_runner.js:165453:10)\n    at Promise._settlePromises (http://localhost:53524/__cypress/runner/cypress_runner.js:165528:18)\n    at Async../node_modules/bluebird/js/release/async.js.Async._drainQueue (http://localhost:53524/__cypress/runner/cypress_runner.js:162140:16)\n    at Async../node_modules/bluebird/js/release/async.js.Async._drainQueues (http://localhost:53524/__cypress/runner/cypress_runner.js:162150:10)\n    at Async.drainQueues (http://localhost:53524/__cypress/runner/cypress_runner.js:162024:14)",
                "diff": null
              },
              "uuid": "e316b6aa-73ac-4099-b034-f99cd20ac2b1",
              "parentUUID": "987dacde-13f7-467a-80ec-4d39a9f51ded",
              "isHook": false,
              "skipped": false
            }
          ],
          "suites": [],
          "passes": [],
          "failures": [
            "e316b6aa-73ac-4099-b034-f99cd20ac2b1"
          ],
          "pending": [],
          "skipped": [],
          "duration": 6143,
          "root": false,
          "rootEmpty": false,
          "_timeout": 2000
        },
        {
          "uuid": "e7dfc035-5471-47c1-b1ab-d0114df08a86",
          "title": "2 - Adicione à página uma paleta de quatro cores distintas.",
          "fullFile": "",
          "file": "",
          "beforeHooks": [],
          "afterHooks": [],
          "tests": [
            {
              "title": "A paleta de cores deve ser um elemento com `id` denominado `color-palette`",
              "fullTitle": "2 - Adicione à página uma paleta de quatro cores distintas. A paleta de cores deve ser um elemento com `id` denominado `color-palette`",
              "timedOut": null,
              "duration": 664,
              "state": "passed",
              "speed": "slow",
              "pass": true,
              "fail": false,
              "pending": false,
              "context": null,
              "code": "cy.get('#color-palette').should('be.visible');\ncy.get('#color-palette').children('.color');",
              "err": {},
              "uuid": "4b06fe48-5d2b-47b0-920b-55189be4f8e7",
              "parentUUID": "e7dfc035-5471-47c1-b1ab-d0114df08a86",
              "isHook": false,
              "skipped": false
            },
            {
              "title": "Verifica se cada cor individual da paleta de cores possui a `classe` chamada `color`.",
              "fullTitle": "2 - Adicione à página uma paleta de quatro cores distintas. Verifica se cada cor individual da paleta de cores possui a `classe` chamada `color`.",
              "timedOut": null,
              "duration": 726,
              "state": "passed",
              "speed": "slow",
              "pass": true,
              "fail": false,
              "pending": false,
              "context": null,
              "code": "cy.get('.color').should('have.length', 4).then(function (colors) {\n  for (var i = 0; i < colors.length; i++) {\n    cy.wrap(colors[i]).should('be.visible');\n  }\n});",
              "err": {},
              "uuid": "53dfd904-fc3e-47db-ace5-2f52f4b9cc7a",
              "parentUUID": "e7dfc035-5471-47c1-b1ab-d0114df08a86",
              "isHook": false,
              "skipped": false
            },
            {
              "title": "Verifica se a cor de fundo de cada elemento da paleta é a cor que o elemento representa. **A única cor não permitida na paleta é a cor branca.**",
              "fullTitle": "2 - Adicione à página uma paleta de quatro cores distintas. Verifica se a cor de fundo de cada elemento da paleta é a cor que o elemento representa. **A única cor não permitida na paleta é a cor branca.**",
              "timedOut": null,
              "duration": 770,
              "state": "passed",
              "speed": "slow",
              "pass": true,
              "fail": false,
              "pending": false,
              "context": null,
              "code": "cy.get('.color').each(function (color) {\n  cy.wrap(color).should('have.class', 'color').and('not.have.css', 'background-color', WHITE);\n  cy.wrap(color).should('have.css', 'background-color');\n});",
              "err": {},
              "uuid": "77ef4fcb-1b0b-4bef-80dd-87104f3cf92a",
              "parentUUID": "e7dfc035-5471-47c1-b1ab-d0114df08a86",
              "isHook": false,
              "skipped": false
            },
            {
              "title": "Verifica se cada elemento da paleta de cores tem uma borda preta, sólida e com 1 pixel de largura;",
              "fullTitle": "2 - Adicione à página uma paleta de quatro cores distintas. Verifica se cada elemento da paleta de cores tem uma borda preta, sólida e com 1 pixel de largura;",
              "timedOut": null,
              "duration": 796,
              "state": "passed",
              "speed": "slow",
              "pass": true,
              "fail": false,
              "pending": false,
              "context": null,
              "code": "cy.get('.color').each(function (color) {\n  cy.wrap(color).and('have.css', 'border', \"1px solid \".concat(BLACK)).and('have.class', 'color');\n});",
              "err": {},
              "uuid": "8053e730-43e8-4d12-88a8-d3764d6bf5a0",
              "parentUUID": "e7dfc035-5471-47c1-b1ab-d0114df08a86",
              "isHook": false,
              "skipped": false
            },
            {
              "title": "Verifica se a paleta lista todas as cores disponíveis para utilização, lado a lado.",
              "fullTitle": "2 - Adicione à página uma paleta de quatro cores distintas. Verifica se a paleta lista todas as cores disponíveis para utilização, lado a lado.",
              "timedOut": null,
              "duration": 611,
              "state": "passed",
              "speed": "slow",
              "pass": true,
              "fail": false,
              "pending": false,
              "context": null,
              "code": "cy.get('.color').then(function (colors) {\n  for (var index = 1; index < colors.length; index += 1) {\n    var currentColor = colors[index];\n    var previousColor = colors[index - 1];\n    cy.wrap(currentColor).should('be.onTheRightOf', previousColor).and('be.horizontallyAlignedWith', previousColor);\n  }\n});",
              "err": {},
              "uuid": "7ec5a58a-a9a7-405e-9bed-f0e477bd37ad",
              "parentUUID": "e7dfc035-5471-47c1-b1ab-d0114df08a86",
              "isHook": false,
              "skipped": false
            },
            {
              "title": "Verifica se a paleta de cores está posicionada abaixo do título 'Paleta de Cores'",
              "fullTitle": "2 - Adicione à página uma paleta de quatro cores distintas. Verifica se a paleta de cores está posicionada abaixo do título 'Paleta de Cores'",
              "timedOut": null,
              "duration": 5141,
              "state": "failed",
              "speed": null,
              "pass": false,
              "fail": true,
              "pending": false,
              "context": null,
              "code": "cy.get('h1#title').then(function (title) {\n  cy.get('#color-palette').should('be.belowOf', title);\n});",
              "err": {
                "message": "CypressError: Timed out retrying: Expected to find element: 'h1#title', but never found it.",
                "estack": "CypressError: Timed out retrying: Expected to find element: 'h1#title', but never found it.\n    at cypressErr (http://localhost:53524/__cypress/runner/cypress_runner.js:149934:9)\n    at throwErr (http://localhost:53524/__cypress/runner/cypress_runner.js:149867:11)\n    at Object.throwErrByPath (http://localhost:53524/__cypress/runner/cypress_runner.js:149915:3)\n    at retry (http://localhost:53524/__cypress/runner/cypress_runner.js:144197:19)\n    at onFailFn (http://localhost:53524/__cypress/runner/cypress_runner.js:132448:16)\n    at tryCatcher (http://localhost:53524/__cypress/runner/cypress_runner.js:167415:23)\n    at Promise._settlePromiseFromHandler (http://localhost:53524/__cypress/runner/cypress_runner.js:165351:31)\n    at Promise._settlePromise (http://localhost:53524/__cypress/runner/cypress_runner.js:165408:18)\n    at Promise._settlePromise0 (http://localhost:53524/__cypress/runner/cypress_runner.js:165453:10)\n    at Promise._settlePromises (http://localhost:53524/__cypress/runner/cypress_runner.js:165528:18)\n    at Async../node_modules/bluebird/js/release/async.js.Async._drainQueue (http://localhost:53524/__cypress/runner/cypress_runner.js:162140:16)\n    at Async../node_modules/bluebird/js/release/async.js.Async._drainQueues (http://localhost:53524/__cypress/runner/cypress_runner.js:162150:10)\n    at Async.drainQueues (http://localhost:53524/__cypress/runner/cypress_runner.js:162024:14)",
                "diff": null
              },
              "uuid": "ace09080-4c3e-4164-8e88-103927e32368",
              "parentUUID": "e7dfc035-5471-47c1-b1ab-d0114df08a86",
              "isHook": false,
              "skipped": false
            },
            {
              "title": "Verifica se a paleta de cores não contém cores repetidas.",
              "fullTitle": "2 - Adicione à página uma paleta de quatro cores distintas. Verifica se a paleta de cores não contém cores repetidas.",
              "timedOut": null,
              "duration": 1943,
              "state": "failed",
              "speed": null,
              "pass": false,
              "fail": true,
              "pending": false,
              "context": null,
              "code": "cy.get('.color').then(function (colors) {\n  var allColors = Array.from(colors).map(function (color) {\n    return Cypress.$(color).css('background-color');\n  });\n  cy.log(allColors);\n  var uniqColors = (0, _toConsumableArray2[\"default\"])(new Set(allColors));\n  cy.log(uniqColors);\n  expect(allColors.length).to.eq(uniqColors.length);\n});",
              "err": {
                "message": "AssertionError: expected 4 to equal 2",
                "estack": "AssertionError: expected 4 to equal 2\n    at getRet (http://localhost:53524/__cypress/runner/cypress_runner.js:136585:16)\n    at tryCatcher (http://localhost:53524/__cypress/runner/cypress_runner.js:167415:23)\n    at Function.Promise.attempt.Promise.try (http://localhost:53524/__cypress/runner/cypress_runner.js:164690:29)\n    at Context.thenFn (http://localhost:53524/__cypress/runner/cypress_runner.js:136599:23)\n    at Context.then (http://localhost:53524/__cypress/runner/cypress_runner.js:136971:21)\n    at Context.<anonymous> (http://localhost:53524/__cypress/runner/cypress_runner.js:148875:21)\n    at http://localhost:53524/__cypress/runner/cypress_runner.js:148351:33\n    at tryCatcher (http://localhost:53524/__cypress/runner/cypress_runner.js:167415:23)\n    at Promise._settlePromiseFromHandler (http://localhost:53524/__cypress/runner/cypress_runner.js:165351:31)\n    at Promise._settlePromise (http://localhost:53524/__cypress/runner/cypress_runner.js:165408:18)\n    at Promise._settlePromiseCtx (http://localhost:53524/__cypress/runner/cypress_runner.js:165445:10)\n    at Async../node_modules/bluebird/js/release/async.js.Async._drainQueue (http://localhost:53524/__cypress/runner/cypress_runner.js:162145:12)\n    at Async../node_modules/bluebird/js/release/async.js.Async._drainQueues (http://localhost:53524/__cypress/runner/cypress_runner.js:162150:10)\n    at Async.drainQueues (http://localhost:53524/__cypress/runner/cypress_runner.js:162024:14)",
                "diff": "- 4\n+ 2\n"
              },
              "uuid": "ae339824-4894-499f-999b-373d958360a6",
              "parentUUID": "e7dfc035-5471-47c1-b1ab-d0114df08a86",
              "isHook": false,
              "skipped": false
            }
          ],
          "suites": [],
          "passes": [
            "4b06fe48-5d2b-47b0-920b-55189be4f8e7",
            "53dfd904-fc3e-47db-ace5-2f52f4b9cc7a",
            "77ef4fcb-1b0b-4bef-80dd-87104f3cf92a",
            "8053e730-43e8-4d12-88a8-d3764d6bf5a0",
            "7ec5a58a-a9a7-405e-9bed-f0e477bd37ad"
          ],
          "failures": [
            "ace09080-4c3e-4164-8e88-103927e32368",
            "ae339824-4894-499f-999b-373d958360a6"
          ],
          "pending": [],
          "skipped": [],
          "duration": 10651,
          "root": false,
          "rootEmpty": false,
          "_timeout": 2000
        },
        {
          "uuid": "9ac8f3de-6dbb-4f4e-99ce-6d85c2f4a4e6",
          "title": "3 - Adicione a cor **preta** como a primeira cor da paleta de cores.",
          "fullFile": "",
          "file": "",
          "beforeHooks": [],
          "afterHooks": [],
          "tests": [
            {
              "title": "Verifica se a primeira cor da paleta é preta",
              "fullTitle": "3 - Adicione a cor **preta** como a primeira cor da paleta de cores. Verifica se a primeira cor da paleta é preta",
              "timedOut": null,
              "duration": 694,
              "state": "passed",
              "speed": "slow",
              "pass": true,
              "fail": false,
              "pending": false,
              "context": null,
              "code": "cy.get('.color').first().should('have.css', 'background-color', BLACK);",
              "err": {},
              "uuid": "e6c454a9-b186-4671-909f-7e42eb36d0e7",
              "parentUUID": "9ac8f3de-6dbb-4f4e-99ce-6d85c2f4a4e6",
              "isHook": false,
              "skipped": false
            },
            {
              "title": "Verifica se as demais cores podem ser escolhidas livremente.",
              "fullTitle": "3 - Adicione a cor **preta** como a primeira cor da paleta de cores. Verifica se as demais cores podem ser escolhidas livremente.",
              "timedOut": null,
              "duration": 5373,
              "state": "failed",
              "speed": null,
              "pass": false,
              "fail": true,
              "pending": false,
              "context": null,
              "code": "cy.get('.color').eq(1).should('not.have.css', 'background-color', BLACK);\ncy.get('.color').eq(1).should('not.have.css', 'background-color', WHITE);\ncy.get('.color').eq(1).should('not.have.css', 'background-color', 'rgba(0, 0, 0, 0)');\ncy.get('.color').eq(1).should('have.css', 'background-color');\ncy.get('.color').eq(2).should('not.have.css', 'background-color', BLACK);\ncy.get('.color').eq(2).should('not.have.css', 'background-color', WHITE);\ncy.get('.color').eq(2).should('not.have.css', 'background-color', 'rgba(0, 0, 0, 0)');\ncy.get('.color').eq(2).should('have.css', 'background-color');\ncy.get('.color').eq(3).should('not.have.css', 'background-color', BLACK);\ncy.get('.color').eq(3).should('not.have.css', 'background-color', WHITE);\ncy.get('.color').eq(3).should('not.have.css', 'background-color', 'rgba(0, 0, 0, 0)');\ncy.get('.color').eq(3).should('have.css', 'background-color');",
              "err": {
                "message": "CypressError: Timed out retrying: expected '<div.color.randomColors>' not to have CSS property 'background-color' with the value 'rgba(0, 0, 0, 0)', but the value was 'rgba(0, 0, 0, 0)'",
                "estack": "CypressError: Timed out retrying: expected '<div.color.randomColors>' not to have CSS property 'background-color' with the value 'rgba(0, 0, 0, 0)', but the value was 'rgba(0, 0, 0, 0)'\n    at cypressErr (http://localhost:53524/__cypress/runner/cypress_runner.js:149934:9)\n    at throwErr (http://localhost:53524/__cypress/runner/cypress_runner.js:149867:11)\n    at Object.throwErrByPath (http://localhost:53524/__cypress/runner/cypress_runner.js:149915:3)\n    at retry (http://localhost:53524/__cypress/runner/cypress_runner.js:144197:19)\n    at onFailFn (http://localhost:53524/__cypress/runner/cypress_runner.js:132448:16)\n    at tryCatcher (http://localhost:53524/__cypress/runner/cypress_runner.js:167415:23)\n    at Promise._settlePromiseFromHandler (http://localhost:53524/__cypress/runner/cypress_runner.js:165351:31)\n    at Promise._settlePromise (http://localhost:53524/__cypress/runner/cypress_runner.js:165408:18)\n    at Promise._settlePromise0 (http://localhost:53524/__cypress/runner/cypress_runner.js:165453:10)\n    at Promise._settlePromises (http://localhost:53524/__cypress/runner/cypress_runner.js:165528:18)\n    at Async../node_modules/bluebird/js/release/async.js.Async._drainQueue (http://localhost:53524/__cypress/runner/cypress_runner.js:162140:16)\n    at Async../node_modules/bluebird/js/release/async.js.Async._drainQueues (http://localhost:53524/__cypress/runner/cypress_runner.js:162150:10)\n    at Async.drainQueues (http://localhost:53524/__cypress/runner/cypress_runner.js:162024:14)",
                "diff": null
              },
              "uuid": "a14548b0-edb7-4b7b-abf7-64e57ced304e",
              "parentUUID": "9ac8f3de-6dbb-4f4e-99ce-6d85c2f4a4e6",
              "isHook": false,
              "skipped": false
            }
          ],
          "suites": [],
          "passes": [
            "e6c454a9-b186-4671-909f-7e42eb36d0e7"
          ],
          "failures": [
            "a14548b0-edb7-4b7b-abf7-64e57ced304e"
          ],
          "pending": [],
          "skipped": [],
          "duration": 6067,
          "root": false,
          "rootEmpty": false,
          "_timeout": 2000
        },
        {
          "uuid": "1591d4ba-46c8-4196-95e0-15e0c7a64644",
          "title": "4 - Adicione à página um quadro de pixels, com 25 pixels.",
          "fullFile": "",
          "file": "",
          "beforeHooks": [],
          "afterHooks": [],
          "tests": [
            {
              "title": "Verifica se o quadro de pixels possui o `id` denominado `pixel-board`",
              "fullTitle": "4 - Adicione à página um quadro de pixels, com 25 pixels. Verifica se o quadro de pixels possui o `id` denominado `pixel-board`",
              "timedOut": null,
              "duration": 808,
              "state": "passed",
              "speed": "slow",
              "pass": true,
              "fail": false,
              "pending": false,
              "context": null,
              "code": "cy.get('#pixel-board').should('be.visible');",
              "err": {},
              "uuid": "0fbda9cd-9bf6-4d0c-b577-7ed2b750af30",
              "parentUUID": "1591d4ba-46c8-4196-95e0-15e0c7a64644",
              "isHook": false,
              "skipped": false
            },
            {
              "title": "Verifica se cada pixel individual dentro do quadro possui a `classe` denominada `pixel`.",
              "fullTitle": "4 - Adicione à página um quadro de pixels, com 25 pixels. Verifica se cada pixel individual dentro do quadro possui a `classe` denominada `pixel`.",
              "timedOut": null,
              "duration": 582,
              "state": "passed",
              "speed": "slow",
              "pass": true,
              "fail": false,
              "pending": false,
              "context": null,
              "code": "cy.get('.pixel').should('have.length', 25);",
              "err": {},
              "uuid": "537e142d-54f6-4ddd-9635-61582c7f486b",
              "parentUUID": "1591d4ba-46c8-4196-95e0-15e0c7a64644",
              "isHook": false,
              "skipped": false
            },
            {
              "title": "Verifica se a cor inicial dos pixels dentro do quadro, ao abrir a página, é branca.",
              "fullTitle": "4 - Adicione à página um quadro de pixels, com 25 pixels. Verifica se a cor inicial dos pixels dentro do quadro, ao abrir a página, é branca.",
              "timedOut": null,
              "duration": 1014,
              "state": "passed",
              "speed": "slow",
              "pass": true,
              "fail": false,
              "pending": false,
              "context": null,
              "code": "cy.get('.pixel').should('have.length', 25).each(function (pixel) {\n  expect(pixel).to.have.css('background-color', WHITE);\n});",
              "err": {},
              "uuid": "012ccb0f-9cf0-4caa-98d0-84ff3e64162f",
              "parentUUID": "1591d4ba-46c8-4196-95e0-15e0c7a64644",
              "isHook": false,
              "skipped": false
            },
            {
              "title": "Verifica se o quadro de pixels aparece abaixo da paleta de cores",
              "fullTitle": "4 - Adicione à página um quadro de pixels, com 25 pixels. Verifica se o quadro de pixels aparece abaixo da paleta de cores",
              "timedOut": null,
              "duration": 632,
              "state": "passed",
              "speed": "slow",
              "pass": true,
              "fail": false,
              "pending": false,
              "context": null,
              "code": "cy.get('#color-palette').then(function (palette) {\n  cy.get('#pixel-board').should('be.belowOf', palette);\n});",
              "err": {},
              "uuid": "e789ffa0-7e56-4747-a86e-899b6eda7002",
              "parentUUID": "1591d4ba-46c8-4196-95e0-15e0c7a64644",
              "isHook": false,
              "skipped": false
            }
          ],
          "suites": [],
          "passes": [
            "0fbda9cd-9bf6-4d0c-b577-7ed2b750af30",
            "537e142d-54f6-4ddd-9635-61582c7f486b",
            "012ccb0f-9cf0-4caa-98d0-84ff3e64162f",
            "e789ffa0-7e56-4747-a86e-899b6eda7002"
          ],
          "failures": [],
          "pending": [],
          "skipped": [],
          "duration": 3036,
          "root": false,
          "rootEmpty": false,
          "_timeout": 2000
        },
        {
          "uuid": "ee533f5c-113f-479f-8d77-f9d540f6dfb1",
          "title": "5 - Faça com que cada elemento do quadro de pixels possua 40 pixels de largura, 40 pixels de altura e seja delimitado por uma borda preta de 1 pixel.",
          "fullFile": "",
          "file": "",
          "beforeHooks": [],
          "afterHooks": [],
          "tests": [
            {
              "title": "Verifica se o quadro de pixels tem altura e comprimento de 5 elementos",
              "fullTitle": "5 - Faça com que cada elemento do quadro de pixels possua 40 pixels de largura, 40 pixels de altura e seja delimitado por uma borda preta de 1 pixel. Verifica se o quadro de pixels tem altura e comprimento de 5 elementos",
              "timedOut": null,
              "duration": 1735,
              "state": "passed",
              "speed": "slow",
              "pass": true,
              "fail": false,
              "pending": false,
              "context": null,
              "code": "cy.get('.pixel').should('have.length', 25).each(function (pixel) {\n  expect(pixel).to.have.css('background-color', WHITE);\n}).and(function (pixels) {\n  var rows = chunk(pixels, 5);\n  rows.forEach(function (row) {\n    for (var index = 1; index < row.length; index += 1) {\n      var current = pixels[index];\n      var previous = pixels[index - 1];\n      cy.wrap(current).should('be.onTheRightOf', previous).and('be.horizontallyAlignedWith', previous);\n    }\n  });\n  for (var index = 1; index < 5; index += 1) {\n    expect(pixels[index * 5]).to.be.belowOf(pixels[(index - 1) * 5]);\n  }\n});",
              "err": {},
              "uuid": "7e168c41-6681-4aa8-8a42-9e7e37489eb6",
              "parentUUID": "ee533f5c-113f-479f-8d77-f9d540f6dfb1",
              "isHook": false,
              "skipped": false
            },
            {
              "title": "Verifica se 40 pixels é o tamanho total do elemento, incluindo seu conteúdo e excluindo a borda preta, que deve ser criada à parte.",
              "fullTitle": "5 - Faça com que cada elemento do quadro de pixels possua 40 pixels de largura, 40 pixels de altura e seja delimitado por uma borda preta de 1 pixel. Verifica se 40 pixels é o tamanho total do elemento, incluindo seu conteúdo e excluindo a borda preta, que deve ser criada à parte.",
              "timedOut": null,
              "duration": 1793,
              "state": "passed",
              "speed": "slow",
              "pass": true,
              "fail": false,
              "pending": false,
              "context": null,
              "code": "cy.get('.pixel').each(function (pixel) {\n  cy.wrap(pixel).should('have.css', 'height', '40px').and('have.css', 'width', '40px').and('have.css', 'border', \"1px solid \".concat(BLACK));\n});",
              "err": {},
              "uuid": "76073e6a-e0f3-411e-a991-9e36ec2a04e8",
              "parentUUID": "ee533f5c-113f-479f-8d77-f9d540f6dfb1",
              "isHook": false,
              "skipped": false
            }
          ],
          "suites": [],
          "passes": [
            "7e168c41-6681-4aa8-8a42-9e7e37489eb6",
            "76073e6a-e0f3-411e-a991-9e36ec2a04e8"
          ],
          "failures": [],
          "pending": [],
          "skipped": [],
          "duration": 3528,
          "root": false,
          "rootEmpty": false,
          "_timeout": 2000
        },
        {
          "uuid": "7e3991a8-a1fb-4dd8-bf4b-d0594fbe1fab",
          "title": "6 - Defina a cor preta como cor inicial. Ao carregar a página a cor preta já deve estar selecionada para pintar os pixels",
          "fullFile": "",
          "file": "",
          "beforeHooks": [],
          "afterHooks": [],
          "tests": [
            {
              "title": "Verifica se o elemento da cor preta possui, inicialmente, a `classe` `selected`",
              "fullTitle": "6 - Defina a cor preta como cor inicial. Ao carregar a página a cor preta já deve estar selecionada para pintar os pixels Verifica se o elemento da cor preta possui, inicialmente, a `classe` `selected`",
              "timedOut": null,
              "duration": 5044,
              "state": "failed",
              "speed": null,
              "pass": false,
              "fail": true,
              "pending": false,
              "context": null,
              "code": "cy.get('.selected').first().should('have.css', 'background-color', BLACK);",
              "err": {
                "message": "CypressError: Timed out retrying: Expected to find element: '.selected', but never found it.",
                "estack": "CypressError: Timed out retrying: Expected to find element: '.selected', but never found it.\n    at cypressErr (http://localhost:53524/__cypress/runner/cypress_runner.js:149934:9)\n    at throwErr (http://localhost:53524/__cypress/runner/cypress_runner.js:149867:11)\n    at Object.throwErrByPath (http://localhost:53524/__cypress/runner/cypress_runner.js:149915:3)\n    at retry (http://localhost:53524/__cypress/runner/cypress_runner.js:144197:19)\n    at onFailFn (http://localhost:53524/__cypress/runner/cypress_runner.js:132448:16)\n    at tryCatcher (http://localhost:53524/__cypress/runner/cypress_runner.js:167415:23)\n    at Promise._settlePromiseFromHandler (http://localhost:53524/__cypress/runner/cypress_runner.js:165351:31)\n    at Promise._settlePromise (http://localhost:53524/__cypress/runner/cypress_runner.js:165408:18)\n    at Promise._settlePromise0 (http://localhost:53524/__cypress/runner/cypress_runner.js:165453:10)\n    at Promise._settlePromises (http://localhost:53524/__cypress/runner/cypress_runner.js:165528:18)\n    at Async../node_modules/bluebird/js/release/async.js.Async._drainQueue (http://localhost:53524/__cypress/runner/cypress_runner.js:162140:16)\n    at Async../node_modules/bluebird/js/release/async.js.Async._drainQueues (http://localhost:53524/__cypress/runner/cypress_runner.js:162150:10)\n    at Async.drainQueues (http://localhost:53524/__cypress/runner/cypress_runner.js:162024:14)",
                "diff": null
              },
              "uuid": "467a0bc4-92c4-49f2-aae1-c4371dd7e4cc",
              "parentUUID": "7e3991a8-a1fb-4dd8-bf4b-d0594fbe1fab",
              "isHook": false,
              "skipped": false
            },
            {
              "title": "Verifica se nenhuma outra cor da paleta tem a `classe` `selected`",
              "fullTitle": "6 - Defina a cor preta como cor inicial. Ao carregar a página a cor preta já deve estar selecionada para pintar os pixels Verifica se nenhuma outra cor da paleta tem a `classe` `selected`",
              "timedOut": null,
              "duration": 752,
              "state": "passed",
              "speed": "slow",
              "pass": true,
              "fail": false,
              "pending": false,
              "context": null,
              "code": "cy.get('.color:not(:first-child)').each(function (color) {\n  cy.wrap(color).should('not.have.class', 'selected');\n});",
              "err": {},
              "uuid": "f388b2e4-d34f-417c-8b96-1f8278b06dd1",
              "parentUUID": "7e3991a8-a1fb-4dd8-bf4b-d0594fbe1fab",
              "isHook": false,
              "skipped": false
            }
          ],
          "suites": [],
          "passes": [
            "f388b2e4-d34f-417c-8b96-1f8278b06dd1"
          ],
          "failures": [
            "467a0bc4-92c4-49f2-aae1-c4371dd7e4cc"
          ],
          "pending": [],
          "skipped": [],
          "duration": 5796,
          "root": false,
          "rootEmpty": false,
          "_timeout": 2000
        },
        {
          "uuid": "df83cfe2-8846-4440-adf0-500ad86914be",
          "title": "7 - Clicar em uma das cores da paleta, faz com que ela seja selecionada e utilizada para preencher os pixels no quadro.",
          "fullFile": "",
          "file": "",
          "beforeHooks": [],
          "afterHooks": [],
          "tests": [
            {
              "title": "Verifica se somente uma cor da paleta de cores tem a classe `selected` de cada vez",
              "fullTitle": "7 - Clicar em uma das cores da paleta, faz com que ela seja selecionada e utilizada para preencher os pixels no quadro. Verifica se somente uma cor da paleta de cores tem a classe `selected` de cada vez",
              "timedOut": null,
              "duration": 1386,
              "state": "failed",
              "speed": null,
              "pass": false,
              "fail": true,
              "pending": false,
              "context": null,
              "code": "cy.get('.color').each(function (selectedColor, selectedColorIndex) {\n  cy.wrap(selectedColor).click();\n  cy.get('.color').each(function (color, colorIndex) {\n    if (colorIndex === selectedColorIndex) {\n      expect(color).to.have[\"class\"]('selected');\n    } else {\n      expect(color).not.to.have[\"class\"]('selected');\n    }\n  });\n});",
              "err": {
                "message": "AssertionError: expected '<div.color.firstColor>' to have class 'selected'",
                "estack": "AssertionError: expected '<div.color.firstColor>' to have class 'selected'\n    at callback (http://localhost:53524/__cypress/runner/cypress_runner.js:136947:20)\n    at getRet (http://localhost:53524/__cypress/runner/cypress_runner.js:136585:16)\n    at tryCatcher (http://localhost:53524/__cypress/runner/cypress_runner.js:167415:23)\n    at Function.Promise.attempt.Promise.try (http://localhost:53524/__cypress/runner/cypress_runner.js:164690:29)\n    at thenFn (http://localhost:53524/__cypress/runner/cypress_runner.js:136599:23)\n    at yieldItem (http://localhost:53524/__cypress/runner/cypress_runner.js:136954:16)\n    at tryCatcher (http://localhost:53524/__cypress/runner/cypress_runner.js:167415:23)\n    at Object.gotValue (http://localhost:53524/__cypress/runner/cypress_runner.js:166557:18)\n    at Object.gotAccum (http://localhost:53524/__cypress/runner/cypress_runner.js:166546:25)\n    at Object.tryCatcher (http://localhost:53524/__cypress/runner/cypress_runner.js:167415:23)\n    at Promise._settlePromiseFromHandler (http://localhost:53524/__cypress/runner/cypress_runner.js:165351:31)\n    at Promise._settlePromise (http://localhost:53524/__cypress/runner/cypress_runner.js:165408:18)\n    at Promise._settlePromiseCtx (http://localhost:53524/__cypress/runner/cypress_runner.js:165445:10)\n    at Async../node_modules/bluebird/js/release/async.js.Async._drainQueue (http://localhost:53524/__cypress/runner/cypress_runner.js:162145:12)\n    at Async../node_modules/bluebird/js/release/async.js.Async._drainQueues (http://localhost:53524/__cypress/runner/cypress_runner.js:162150:10)\n    at Async.drainQueues (http://localhost:53524/__cypress/runner/cypress_runner.js:162024:14)",
                "diff": "- { '0': <div class=\"color firstColor\" style=\"background-color: black;\"></div>,\n-   length: 1,\n-   jquery: '3.1.1',\n-   constructor: \n-    { [Function: jQuery]\n-      fn: \n-       { jquery: '3.1.1',\n-         constructor: [Circular],\n-         length: 0,\n-         toArray: [Function: toArray],\n-         get: [Function: get],\n-         pushStack: [Function: pushStack],\n-         each: [Function: each],\n-         map: [Function: map],\n-         slice: [Function: slice],\n-         first: [Function: first],\n-         last: [Function: last],\n-         eq: [Function: eq],\n-         end: [Function: end],\n-         push: [Function: push],\n-         sort: [Function: sort],\n-         splice: [Function: splice],\n-         extend: [Function],\n-         find: [Function: find],\n-         filter: [Function: filter],\n-         not: [Function: not],\n-         is: [Function: is],\n-         init: [Function],\n-         has: [Function: has],\n-         closest: [Function: closest],\n-         index: [Function: index],\n-         add: [Function: add],\n-         addBack: [Function: addBack],\n-         parent: [Function],\n-         parents: [Function],\n-         parentsUntil: [Function],\n-         next: [Function],\n-         prev: [Function],\n-         nextAll: [Function],\n-         prevAll: [Function],\n-         nextUntil: [Function],\n-         prevUntil: [Function],\n-         siblings: [Function],\n-         children: [Function],\n-         contents: [Function],\n-         ready: [Function],\n-         data: [Function: data],\n-         removeData: [Function: removeData],\n-         queue: [Function: queue],\n-         dequeue: [Function: dequeue],\n-         clearQueue: [Function: clearQueue],\n-         promise: [Function: promise],\n-         show: [Function],\n-         hide: [Function],\n-         toggle: [Function],\n-         on: [Function: on],\n-         one: [Function: one],\n-         off: [Function: off],\n-         detach: [Function: detach],\n-         remove: [Function: remove],\n-         text: [Function: text],\n-         append: [Function: append],\n-         prepend: [Function: prepend],\n-         before: [Function: before],\n-         after: [Function: after],\n-         empty: [Function: empty],\n-         clone: [Function: clone],\n-         html: [Function: html],\n-         replaceWith: [Function: replaceWith],\n-         appendTo: [Function],\n-         prependTo: [Function],\n-         insertBefore: [Function],\n-         insertAfter: [Function],\n-         replaceAll: [Function],\n-         css: [Function: css],\n-         fadeTo: [Function: fadeTo],\n-         animate: [Function: animate],\n-         stop: [Function: stop],\n-         finish: [Function: finish],\n-         slideDown: [Function],\n-         slideUp: [Function],\n-         slideToggle: [Function],\n-         fadeIn: [Function],\n-         fadeOut: [Function],\n-         fadeToggle: [Function],\n-         delay: [Function],\n-         attr: [Function: attr],\n-         removeAttr: [Function: removeAttr],\n-         prop: [Function: prop],\n-         removeProp: [Function: removeProp],\n-         addClass: [Function: addClass],\n-         removeClass: [Function: removeClass],\n-         toggleClass: [Function: toggleClass],\n-         hasClass: [Function: hasClass],\n-         val: [Function: val],\n-         trigger: [Function: trigger],\n-         triggerHandler: [Function: triggerHandler],\n-         blur: [Function],\n-         focus: [Function],\n-         focusin: [Function],\n-         focusout: [Function],\n-         resize: [Function],\n-         scroll: [Function],\n-         click: [Function],\n-         dblclick: [Function],\n-         mousedown: [Function],\n-         mouseup: [Function],\n-         mousemove: [Function],\n-         mouseover: [Function],\n-         mouseout: [Function],\n-         mouseenter: [Function],\n-         mouseleave: [Function],\n-         change: [Function],\n-         select: [Function],\n-         submit: [Function],\n-         keydown: [Function],\n-         keypress: [Function],\n-         keyup: [Function],\n-         contextmenu: [Function],\n-         hover: [Function: hover],\n-         serialize: [Function: serialize],\n-         serializeArray: [Function: serializeArray],\n-         wrapAll: [Function: wrapAll],\n-         wrapInner: [Function: wrapInner],\n-         wrap: [Function: wrap],\n-         unwrap: [Function: unwrap],\n-         load: [Function],\n-         ajaxStart: [Function],\n-         ajaxStop: [Function],\n-         ajaxComplete: [Function],\n-         ajaxError: [Function],\n-         ajaxSuccess: [Function],\n-         ajaxSend: [Function],\n-         offset: [Function: offset],\n-         position: [Function: position],\n-         offsetParent: [Function: offsetParent],\n-         scrollLeft: [Function],\n-         scrollTop: [Function],\n-         innerHeight: [Function],\n-         height: [Function],\n-         outerHeight: [Function],\n-         innerWidth: [Function],\n-         width: [Function],\n-         outerWidth: [Function],\n-         bind: [Function: bind],\n-         unbind: [Function: unbind],\n-         delegate: [Function: delegate],\n-         undelegate: [Function: undelegate],\n-         scrollTo: [Function] },\n-      extend: [Function],\n-      expando: 'jQuery311009694594348134666',\n-      isReady: true,\n-      error: [Function: error],\n-      noop: [Function: noop],\n-      isFunction: [Function: isFunction],\n-      isArray: [Function: isArray],\n-      isWindow: [Function: isWindow],\n-      isNumeric: [Function: isNumeric],\n-      isPlainObject: [Function: isPlainObject],\n-      isEmptyObject: [Function: isEmptyObject],\n-      type: [Function: type],\n-      globalEval: [Function: globalEval],\n-      camelCase: [Function: camelCase],\n-      nodeName: [Function: nodeName],\n-      each: [Function: each],\n-      trim: [Function: trim],\n-      makeArray: [Function: makeArray],\n-      inArray: [Function: inArray],\n-      merge: [Function: merge],\n-      grep: [Function: grep],\n-      map: [Function: map],\n-      guid: 7,\n-      proxy: [Function: proxy],\n-      now: [Function: now],\n-      support: \n-       { checkClone: true,\n-         noCloneChecked: true,\n-         clearCloneStyle: true,\n-         pixelPosition: [Function: pixelPosition],\n-         boxSizingReliable: [Function: boxSizingReliable],\n-         pixelMarginRight: [Function: pixelMarginRight],\n-         reliableMarginLeft: [Function: reliableMarginLeft],\n-         checkOn: true,\n-         optSelected: true,\n-         radioValue: true,\n-         focusin: false,\n-         cors: true,\n-         ajax: true,\n-         createHTMLDocument: true },\n-      find: \n-       { [Function: Sizzle]\n-         support: [Object],\n-         isXML: [Function],\n-         setDocument: [Function],\n-         matches: [Function],\n-         matchesSelector: [Function],\n-         contains: [Function],\n-         attr: [Function],\n-         escape: [Function],\n-         error: [Function],\n-         uniqueSort: [Function],\n-         getText: [Function],\n-         selectors: [Object],\n-         tokenize: [Function],\n-         compile: [Function],\n-         select: [Function] },\n-      expr: \n-       { cacheLength: 1,\n-         createPseudo: [Function: markFunction],\n-         match: [Object],\n-         attrHandle: [Object],\n-         find: [Object],\n-         relative: [Object],\n-         preFilter: [Object],\n-         filter: [Object],\n-         pseudos: [Object],\n-         filters: [Object],\n-         setFilters: [Object],\n-         ':': [Object] },\n-      unique: [Function],\n-      uniqueSort: [Function],\n-      text: [Function],\n-      isXMLDoc: [Function],\n-      contains: [Function],\n-      escapeSelector: [Function],\n-      filter: [Function],\n-      Callbacks: [Function],\n-      Deferred: { [Function: Deferred] exceptionHook: [Function] },\n-      when: [Function: when],\n-      readyException: [Function],\n-      readyWait: 0,\n-      holdReady: [Function: holdReady],\n-      ready: { [Function: ready] then: [Function: then] },\n-      hasData: [Function: hasData],\n-      data: [Function: data],\n-      removeData: [Function: removeData],\n-      _data: [Function: _data],\n-      _removeData: [Function: _removeData],\n-      queue: [Function: queue],\n-      dequeue: [Function: dequeue],\n-      _queueHooks: [Function: _queueHooks],\n-      event: \n-       { global: [Object],\n-         add: [Function: add],\n-         remove: [Function: remove],\n-         dispatch: [Function: dispatch],\n-         handlers: [Function: handlers],\n-         addProp: [Function: addProp],\n-         fix: [Function: fix],\n-         special: [Object],\n-         trigger: [Function: trigger],\n-         simulate: [Function: simulate] },\n-      removeEvent: [Function],\n-      Event: [Function],\n-      htmlPrefilter: [Function: htmlPrefilter],\n-      clone: [Function: clone],\n-      cleanData: [Function: cleanData],\n-      cssHooks: \n-       { opacity: [Object],\n-         height: [Object],\n-         width: [Object],\n-         marginLeft: [Object],\n-         margin: [Object],\n-         padding: [Object],\n-         borderWidth: [Object],\n-         top: [Object],\n-         left: [Object] },\n-      cssNumber: \n-       { animationIterationCount: true,\n-         columnCount: true,\n-         fillOpacity: true,\n-         flexGrow: true,\n-         flexShrink: true,\n-         fontWeight: true,\n-         lineHeight: true,\n-         opacity: true,\n-         order: true,\n-         orphans: true,\n-         widows: true,\n-         zIndex: true,\n-         zoom: true },\n-      cssProps: \n-       { float: 'cssFloat',\n-         width: 'width',\n-         display: 'display',\n-         boxSizing: 'boxSizing',\n-         height: 'height',\n-         overflow: 'overflow',\n-         overflowY: 'overflowY',\n-         overflowX: 'overflowX',\n-         visibility: 'visibility',\n-         position: 'position',\n-         backgroundColor: 'backgroundColor',\n-         border: 'border',\n-         paddingRight: 'paddingRight',\n-         borderRightWidth: 'borderRightWidth',\n-         paddingLeft: 'paddingLeft',\n-         borderLeftWidth: 'borderLeftWidth',\n-         paddingTop: 'paddingTop',\n-         borderTopWidth: 'borderTopWidth',\n-         paddingBottom: 'paddingBottom',\n-         borderBottomWidth: 'borderBottomWidth' },\n-      style: [Function: style],\n-      css: [Function: css],\n-      Tween: { [Function: Tween] propHooks: [Object] },\n-      easing: \n-       { linear: [Function: linear],\n-         swing: [Function: swing],\n-         _default: 'swing' },\n-      fx: \n-       { [Function: init]\n-         step: {},\n-         tick: [Function],\n-         timer: [Function],\n-         interval: 13,\n-         start: [Function],\n-         stop: [Function],\n-         speeds: [Object] },\n-      Animation: \n-       { [Function: Animation]\n-         tweeners: [Object],\n-         tweener: [Function: tweener],\n-         prefilters: [Object],\n-         prefilter: [Function: prefilter] },\n-      speed: [Function],\n-      timers: [],\n-      attr: [Function: attr],\n-      attrHooks: { type: [Object] },\n-      removeAttr: [Function: removeAttr],\n-      prop: [Function: prop],\n-      propHooks: { tabIndex: [Object] },\n-      propFix: \n-       { for: 'htmlFor',\n-         class: 'className',\n-         tabindex: 'tabIndex',\n-         readonly: 'readOnly',\n-         maxlength: 'maxLength',\n-         cellspacing: 'cellSpacing',\n-         cellpadding: 'cellPadding',\n-         rowspan: 'rowSpan',\n-         colspan: 'colSpan',\n-         usemap: 'useMap',\n-         frameborder: 'frameBorder',\n-         contenteditable: 'contentEditable' },\n-      valHooks: \n-       { option: [Object],\n-         select: [Object],\n-         radio: [Object],\n-         checkbox: [Object] },\n-      parseXML: [Function],\n-      param: [Function],\n-      active: 0,\n-      lastModified: {},\n-      etag: {},\n-      ajaxSettings: \n-       { url: 'http://localhost:53524/__/#/tests/integration/project.spec.js',\n-         type: 'GET',\n-         isLocal: false,\n-         global: true,\n-         processData: true,\n-         async: true,\n-         contentType: 'application/x-www-form-urlencoded; charset=UTF-8',\n-         accepts: [Object],\n-         contents: [Object],\n-         responseFields: [Object],\n-         converters: [Object],\n-         flatOptions: [Object],\n-         xhr: [Function],\n-         jsonp: 'callback',\n-         jsonpCallback: [Function: jsonpCallback],\n-         cache: false },\n-      ajaxSetup: [Function: ajaxSetup],\n-      ajaxPrefilter: [Function],\n-      ajaxTransport: [Function],\n-      ajax: [Function: ajax],\n-      getJSON: [Function: getJSON],\n-      getScript: [Function: getScript],\n-      get: [Function],\n-      post: [Function],\n-      _evalUrl: [Function],\n-      parseHTML: [Function],\n-      offset: { setOffset: [Function: setOffset] },\n-      parseJSON: [Function: parse],\n-      noConflict: [Function],\n-      scrollTo: { [Function] defaults: [Object], max: [Function] } },\n-   toArray: [Function: toArray],\n-   get: [Function: get],\n-   pushStack: [Function: pushStack],\n-   each: [Function: each],\n-   map: [Function: map],\n-   slice: [Function: slice],\n-   first: [Function: first],\n-   last: [Function: last],\n-   eq: [Function: eq],\n-   end: [Function: end],\n-   push: [Function: push],\n-   sort: [Function: sort],\n-   splice: [Function: splice],\n-   extend: [Function],\n-   find: [Function: find],\n-   filter: [Function: filter],\n-   not: [Function: not],\n-   is: [Function: is],\n-   init: [Function],\n-   has: [Function: has],\n-   closest: [Function: closest],\n-   index: [Function: index],\n-   add: [Function: add],\n-   addBack: [Function: addBack],\n-   parent: [Function],\n-   parents: [Function],\n-   parentsUntil: [Function],\n-   next: [Function],\n-   prev: [Function],\n-   nextAll: [Function],\n-   prevAll: [Function],\n-   nextUntil: [Function],\n-   prevUntil: [Function],\n-   siblings: [Function],\n-   children: [Function],\n-   contents: [Function],\n-   ready: [Function],\n-   data: [Function: data],\n-   removeData: [Function: removeData],\n-   queue: [Function: queue],\n-   dequeue: [Function: dequeue],\n-   clearQueue: [Function: clearQueue],\n-   promise: [Function: promise],\n-   show: [Function],\n-   hide: [Function],\n-   toggle: [Function],\n-   on: [Function: on],\n-   one: [Function: one],\n-   off: [Function: off],\n-   detach: [Function: detach],\n-   remove: [Function: remove],\n-   text: [Function: text],\n-   append: [Function: append],\n-   prepend: [Function: prepend],\n-   before: [Function: before],\n-   after: [Function: after],\n-   empty: [Function: empty],\n-   clone: [Function: clone],\n-   html: [Function: html],\n-   replaceWith: [Function: replaceWith],\n-   appendTo: [Function],\n-   prependTo: [Function],\n-   insertBefore: [Function],\n-   insertAfter: [Function],\n-   replaceAll: [Function],\n-   css: [Function: css],\n-   fadeTo: [Function: fadeTo],\n-   animate: [Function: animate],\n-   stop: [Function: stop],\n-   finish: [Function: finish],\n-   slideDown: [Function],\n-   slideUp: [Function],\n-   slideToggle: [Function],\n-   fadeIn: [Function],\n-   fadeOut: [Function],\n-   fadeToggle: [Function],\n-   delay: [Function],\n-   attr: [Function: attr],\n-   removeAttr: [Function: removeAttr],\n-   prop: [Function: prop],\n-   removeProp: [Function: removeProp],\n-   addClass: [Function: addClass],\n-   removeClass: [Function: removeClass],\n-   toggleClass: [Function: toggleClass],\n-   hasClass: [Function: hasClass],\n-   val: [Function: val],\n-   trigger: [Function: trigger],\n-   triggerHandler: [Function: triggerHandler],\n-   blur: [Function],\n-   focus: [Function],\n-   focusin: [Function],\n-   focusout: [Function],\n-   resize: [Function],\n-   scroll: [Function],\n-   click: [Function],\n-   dblclick: [Function],\n-   mousedown: [Function],\n-   mouseup: [Function],\n-   mousemove: [Function],\n-   mouseover: [Function],\n-   mouseout: [Function],\n-   mouseenter: [Function],\n-   mouseleave: [Function],\n-   change: [Function],\n-   select: [Function],\n-   submit: [Function],\n-   keydown: [Function],\n-   keypress: [Function],\n-   keyup: [Function],\n-   contextmenu: [Function],\n-   hover: [Function: hover],\n-   serialize: [Function: serialize],\n-   serializeArray: [Function: serializeArray],\n-   wrapAll: [Function: wrapAll],\n-   wrapInner: [Function: wrapInner],\n-   wrap: [Function: wrap],\n-   unwrap: [Function: unwrap],\n-   load: [Function],\n-   ajaxStart: [Function],\n-   ajaxStop: [Function],\n-   ajaxComplete: [Function],\n-   ajaxError: [Function],\n-   ajaxSuccess: [Function],\n-   ajaxSend: [Function],\n-   offset: [Function: offset],\n-   position: [Function: position],\n-   offsetParent: [Function: offsetParent],\n-   scrollLeft: [Function],\n-   scrollTop: [Function],\n-   innerHeight: [Function],\n-   height: [Function],\n-   outerHeight: [Function],\n-   innerWidth: [Function],\n-   width: [Function],\n-   outerWidth: [Function],\n-   bind: [Function: bind],\n-   unbind: [Function: unbind],\n-   delegate: [Function: delegate],\n-   undelegate: [Function: undelegate],\n-   scrollTo: [Function] }\n+ 'selected'\n"
              },
              "uuid": "7b2961af-4724-4213-a8f0-b9ece61a5661",
              "parentUUID": "df83cfe2-8846-4440-adf0-500ad86914be",
              "isHook": false,
              "skipped": false
            },
            {
              "title": "Verifica se os pixels dentro do quadro não têm a classe `selected` quando são clicados",
              "fullTitle": "7 - Clicar em uma das cores da paleta, faz com que ela seja selecionada e utilizada para preencher os pixels no quadro. Verifica se os pixels dentro do quadro não têm a classe `selected` quando são clicados",
              "timedOut": null,
              "duration": 12668,
              "state": "passed",
              "speed": "slow",
              "pass": true,
              "fail": false,
              "pending": false,
              "context": null,
              "code": "cy.get('.color').each(function (color) {\n  var backgroundColor = color.css('background-color');\n  cy.wrap(color).click();\n  cy.get('.pixel').each(function (pixel) {\n    cy.wrap(pixel).click().should('not.have.class', 'selected');\n  });\n});",
              "err": {},
              "uuid": "8318d248-b6a4-46bf-93ae-737bf3c2cc95",
              "parentUUID": "df83cfe2-8846-4440-adf0-500ad86914be",
              "isHook": false,
              "skipped": false
            }
          ],
          "suites": [],
          "passes": [
            "8318d248-b6a4-46bf-93ae-737bf3c2cc95"
          ],
          "failures": [
            "7b2961af-4724-4213-a8f0-b9ece61a5661"
          ],
          "pending": [],
          "skipped": [],
          "duration": 14054,
          "root": false,
          "rootEmpty": false,
          "_timeout": 2000
        },
        {
          "uuid": "20198a63-4f42-401e-8749-ccee6d259ae1",
          "title": "8 - Clicar em um pixel dentro do quadro após selecionar uma cor na paleta, faz com que o pixel seja preenchido com a cor selecionada.",
          "fullFile": "",
          "file": "",
          "beforeHooks": [],
          "afterHooks": [],
          "tests": [
            {
              "title": "Verifica se ao carregar a página deve ser possível pintar os pixels de preto",
              "fullTitle": "8 - Clicar em um pixel dentro do quadro após selecionar uma cor na paleta, faz com que o pixel seja preenchido com a cor selecionada. Verifica se ao carregar a página deve ser possível pintar os pixels de preto",
              "timedOut": null,
              "duration": 5341,
              "state": "failed",
              "speed": null,
              "pass": false,
              "fail": true,
              "pending": false,
              "context": null,
              "code": "cy.get('.pixel').each(function (pixel) {\n  cy.wrap(pixel).click().should('have.css', 'background-color', BLACK);\n});",
              "err": {
                "message": "CypressError: Timed out retrying: expected '<div.pixel>' to have CSS property 'background-color' with the value 'rgb(0, 0, 0)', but the value was 'rgb(255, 255, 255)'",
                "estack": "CypressError: Timed out retrying: expected '<div.pixel>' to have CSS property 'background-color' with the value 'rgb(0, 0, 0)', but the value was 'rgb(255, 255, 255)'\n    at cypressErr (http://localhost:53524/__cypress/runner/cypress_runner.js:149934:9)\n    at throwErr (http://localhost:53524/__cypress/runner/cypress_runner.js:149867:11)\n    at Object.throwErrByPath (http://localhost:53524/__cypress/runner/cypress_runner.js:149915:3)\n    at retry (http://localhost:53524/__cypress/runner/cypress_runner.js:144197:19)\n    at onFailFn (http://localhost:53524/__cypress/runner/cypress_runner.js:132448:16)\n    at tryCatcher (http://localhost:53524/__cypress/runner/cypress_runner.js:167415:23)\n    at Promise._settlePromiseFromHandler (http://localhost:53524/__cypress/runner/cypress_runner.js:165351:31)\n    at Promise._settlePromise (http://localhost:53524/__cypress/runner/cypress_runner.js:165408:18)\n    at Promise._settlePromise0 (http://localhost:53524/__cypress/runner/cypress_runner.js:165453:10)\n    at Promise._settlePromises (http://localhost:53524/__cypress/runner/cypress_runner.js:165528:18)\n    at Async../node_modules/bluebird/js/release/async.js.Async._drainQueue (http://localhost:53524/__cypress/runner/cypress_runner.js:162140:16)\n    at Async../node_modules/bluebird/js/release/async.js.Async._drainQueues (http://localhost:53524/__cypress/runner/cypress_runner.js:162150:10)\n    at Async.drainQueues (http://localhost:53524/__cypress/runner/cypress_runner.js:162024:14)",
                "diff": null
              },
              "uuid": "13e82418-5f37-462d-bf70-8d3bdfcec6cf",
              "parentUUID": "20198a63-4f42-401e-8749-ccee6d259ae1",
              "isHook": false,
              "skipped": false
            },
            {
              "title": "Verifica se após selecionar uma outra cor na paleta, é possível pintar os pixels com essa cor",
              "fullTitle": "8 - Clicar em um pixel dentro do quadro após selecionar uma cor na paleta, faz com que o pixel seja preenchido com a cor selecionada. Verifica se após selecionar uma outra cor na paleta, é possível pintar os pixels com essa cor",
              "timedOut": null,
              "duration": 5812,
              "state": "failed",
              "speed": null,
              "pass": false,
              "fail": true,
              "pending": false,
              "context": null,
              "code": "cy.get('.color').each(function (color) {\n  var backgroundColor = color.css('background-color');\n  cy.wrap(color).click();\n  cy.get('.pixel').each(function (pixel) {\n    cy.wrap(pixel).click().should('have.css', 'background-color', backgroundColor);\n  });\n});",
              "err": {
                "message": "CypressError: Timed out retrying: expected '<div.pixel>' to have CSS property 'background-color' with the value 'rgb(0, 0, 0)', but the value was 'rgb(255, 255, 255)'",
                "estack": "CypressError: Timed out retrying: expected '<div.pixel>' to have CSS property 'background-color' with the value 'rgb(0, 0, 0)', but the value was 'rgb(255, 255, 255)'\n    at cypressErr (http://localhost:53524/__cypress/runner/cypress_runner.js:149934:9)\n    at throwErr (http://localhost:53524/__cypress/runner/cypress_runner.js:149867:11)\n    at Object.throwErrByPath (http://localhost:53524/__cypress/runner/cypress_runner.js:149915:3)\n    at retry (http://localhost:53524/__cypress/runner/cypress_runner.js:144197:19)\n    at onFailFn (http://localhost:53524/__cypress/runner/cypress_runner.js:132448:16)\n    at tryCatcher (http://localhost:53524/__cypress/runner/cypress_runner.js:167415:23)\n    at Promise._settlePromiseFromHandler (http://localhost:53524/__cypress/runner/cypress_runner.js:165351:31)\n    at Promise._settlePromise (http://localhost:53524/__cypress/runner/cypress_runner.js:165408:18)\n    at Promise._settlePromise0 (http://localhost:53524/__cypress/runner/cypress_runner.js:165453:10)\n    at Promise._settlePromises (http://localhost:53524/__cypress/runner/cypress_runner.js:165528:18)\n    at Async../node_modules/bluebird/js/release/async.js.Async._drainQueue (http://localhost:53524/__cypress/runner/cypress_runner.js:162140:16)\n    at Async../node_modules/bluebird/js/release/async.js.Async._drainQueues (http://localhost:53524/__cypress/runner/cypress_runner.js:162150:10)\n    at Async.drainQueues (http://localhost:53524/__cypress/runner/cypress_runner.js:162024:14)",
                "diff": null
              },
              "uuid": "990747d2-2138-4deb-bc4d-2f29de4a57f8",
              "parentUUID": "20198a63-4f42-401e-8749-ccee6d259ae1",
              "isHook": false,
              "skipped": false
            },
            {
              "title": "Verifica se somente o pixel que foi clicado foi preenchido com a cor selecionada, sem influenciar na cor dos demais pixels.",
              "fullTitle": "8 - Clicar em um pixel dentro do quadro após selecionar uma cor na paleta, faz com que o pixel seja preenchido com a cor selecionada. Verifica se somente o pixel que foi clicado foi preenchido com a cor selecionada, sem influenciar na cor dos demais pixels.",
              "timedOut": null,
              "duration": 6308,
              "state": "passed",
              "speed": "slow",
              "pass": true,
              "fail": false,
              "pending": false,
              "context": null,
              "code": "var colorToPixelIndexMap = {\n  0: 6,\n  1: 8,\n  2: 16,\n  3: 18\n};\ncy.get('.color').each(function (color, index) {\n  cy.wrap(color).click();\n  var backgroundColor = color.css('background-color');\n  var clickedPixelIndex = colorToPixelIndexMap[index];\n  cy.get('.pixel').eq(clickedPixelIndex).click();\n  cy.get('.pixel').eq(clickedPixelIndex - 1).should('not.have.css', 'background-color', backgroundColor);\n  cy.get('.pixel').eq(clickedPixelIndex + 1).should('not.have.css', 'background-color', backgroundColor);\n  cy.get('.pixel').eq(clickedPixelIndex - 5).should('not.have.css', 'background-color', backgroundColor);\n  cy.get('.pixel').eq(clickedPixelIndex + 5).should('not.have.css', 'background-color', backgroundColor);\n  cy.get('.pixel').eq(clickedPixelIndex - 6).should('not.have.css', 'background-color', backgroundColor);\n  cy.get('.pixel').eq(clickedPixelIndex - 4).should('not.have.css', 'background-color', backgroundColor);\n  cy.get('.pixel').eq(clickedPixelIndex + 4).should('not.have.css', 'background-color', backgroundColor);\n  cy.get('.pixel').eq(clickedPixelIndex + 6).should('not.have.css', 'background-color', backgroundColor);\n});",
              "err": {},
              "uuid": "698a4681-4f27-44e0-b303-aca3d907643a",
              "parentUUID": "20198a63-4f42-401e-8749-ccee6d259ae1",
              "isHook": false,
              "skipped": false
            }
          ],
          "suites": [],
          "passes": [
            "698a4681-4f27-44e0-b303-aca3d907643a"
          ],
          "failures": [
            "13e82418-5f37-462d-bf70-8d3bdfcec6cf",
            "990747d2-2138-4deb-bc4d-2f29de4a57f8"
          ],
          "pending": [],
          "skipped": [],
          "duration": 17461,
          "root": false,
          "rootEmpty": false,
          "_timeout": 2000
        },
        {
          "uuid": "7afd1528-5e2a-4900-8712-bc2bdce2390d",
          "title": "9 - Crie um botão que, ao ser clicado, limpa o quadro preenchendo a cor de todos seus pixels com branco.",
          "fullFile": "",
          "file": "",
          "beforeHooks": [],
          "afterHooks": [],
          "tests": [
            {
              "title": "Verifica se o botão tem o `id` denominado `clear-board`",
              "fullTitle": "9 - Crie um botão que, ao ser clicado, limpa o quadro preenchendo a cor de todos seus pixels com branco. Verifica se o botão tem o `id` denominado `clear-board`",
              "timedOut": null,
              "duration": 5336,
              "state": "failed",
              "speed": null,
              "pass": false,
              "fail": true,
              "pending": false,
              "context": null,
              "code": "cy.get('#clear-board').should('be.visible');",
              "err": {
                "message": "CypressError: Timed out retrying: Expected to find element: '#clear-board', but never found it.",
                "estack": "CypressError: Timed out retrying: Expected to find element: '#clear-board', but never found it.\n    at cypressErr (http://localhost:53524/__cypress/runner/cypress_runner.js:149934:9)\n    at throwErr (http://localhost:53524/__cypress/runner/cypress_runner.js:149867:11)\n    at Object.throwErrByPath (http://localhost:53524/__cypress/runner/cypress_runner.js:149915:3)\n    at retry (http://localhost:53524/__cypress/runner/cypress_runner.js:144197:19)\n    at onFailFn (http://localhost:53524/__cypress/runner/cypress_runner.js:132448:16)\n    at tryCatcher (http://localhost:53524/__cypress/runner/cypress_runner.js:167415:23)\n    at Promise._settlePromiseFromHandler (http://localhost:53524/__cypress/runner/cypress_runner.js:165351:31)\n    at Promise._settlePromise (http://localhost:53524/__cypress/runner/cypress_runner.js:165408:18)\n    at Promise._settlePromise0 (http://localhost:53524/__cypress/runner/cypress_runner.js:165453:10)\n    at Promise._settlePromises (http://localhost:53524/__cypress/runner/cypress_runner.js:165528:18)\n    at Async../node_modules/bluebird/js/release/async.js.Async._drainQueue (http://localhost:53524/__cypress/runner/cypress_runner.js:162140:16)\n    at Async../node_modules/bluebird/js/release/async.js.Async._drainQueues (http://localhost:53524/__cypress/runner/cypress_runner.js:162150:10)\n    at Async.drainQueues (http://localhost:53524/__cypress/runner/cypress_runner.js:162024:14)",
                "diff": null
              },
              "uuid": "5aec3e4a-a311-410e-abff-917dfcf6d45c",
              "parentUUID": "7afd1528-5e2a-4900-8712-bc2bdce2390d",
              "isHook": false,
              "skipped": false
            },
            {
              "title": "Verifica se o botão está posicionado entre a paleta de cores e o quadro de pixels",
              "fullTitle": "9 - Crie um botão que, ao ser clicado, limpa o quadro preenchendo a cor de todos seus pixels com branco. Verifica se o botão está posicionado entre a paleta de cores e o quadro de pixels",
              "timedOut": null,
              "duration": 5285,
              "state": "failed",
              "speed": null,
              "pass": false,
              "fail": true,
              "pending": false,
              "context": null,
              "code": "cy.get('#color-palette').then(function (palette) {\n  cy.get('#clear-board').should('be.belowOf', palette);\n});\ncy.get('#clear-board').then(function (clearBtn) {\n  cy.get('#pixel-board').should('be.belowOf', clearBtn);\n});",
              "err": {
                "message": "CypressError: Timed out retrying: Expected to find element: '#clear-board', but never found it.",
                "estack": "CypressError: Timed out retrying: Expected to find element: '#clear-board', but never found it.\n    at cypressErr (http://localhost:53524/__cypress/runner/cypress_runner.js:149934:9)\n    at throwErr (http://localhost:53524/__cypress/runner/cypress_runner.js:149867:11)\n    at Object.throwErrByPath (http://localhost:53524/__cypress/runner/cypress_runner.js:149915:3)\n    at retry (http://localhost:53524/__cypress/runner/cypress_runner.js:144197:19)\n    at onFailFn (http://localhost:53524/__cypress/runner/cypress_runner.js:132448:16)\n    at tryCatcher (http://localhost:53524/__cypress/runner/cypress_runner.js:167415:23)\n    at Promise._settlePromiseFromHandler (http://localhost:53524/__cypress/runner/cypress_runner.js:165351:31)\n    at Promise._settlePromise (http://localhost:53524/__cypress/runner/cypress_runner.js:165408:18)\n    at Promise._settlePromise0 (http://localhost:53524/__cypress/runner/cypress_runner.js:165453:10)\n    at Promise._settlePromises (http://localhost:53524/__cypress/runner/cypress_runner.js:165528:18)\n    at Async../node_modules/bluebird/js/release/async.js.Async._drainQueue (http://localhost:53524/__cypress/runner/cypress_runner.js:162140:16)\n    at Async../node_modules/bluebird/js/release/async.js.Async._drainQueues (http://localhost:53524/__cypress/runner/cypress_runner.js:162150:10)\n    at Async.drainQueues (http://localhost:53524/__cypress/runner/cypress_runner.js:162024:14)",
                "diff": null
              },
              "uuid": "c7ceb151-4dad-4a44-93ca-f36df01e4ce6",
              "parentUUID": "7afd1528-5e2a-4900-8712-bc2bdce2390d",
              "isHook": false,
              "skipped": false
            },
            {
              "title": "Verifica se o texto do botão é 'Limpar'",
              "fullTitle": "9 - Crie um botão que, ao ser clicado, limpa o quadro preenchendo a cor de todos seus pixels com branco. Verifica se o texto do botão é 'Limpar'",
              "timedOut": null,
              "duration": 5755,
              "state": "failed",
              "speed": null,
              "pass": false,
              "fail": true,
              "pending": false,
              "context": null,
              "code": "cy.get('#clear-board').should('contain.text', 'Limpar');",
              "err": {
                "message": "CypressError: Timed out retrying: Expected to find element: '#clear-board', but never found it.",
                "estack": "CypressError: Timed out retrying: Expected to find element: '#clear-board', but never found it.\n    at cypressErr (http://localhost:53524/__cypress/runner/cypress_runner.js:149934:9)\n    at throwErr (http://localhost:53524/__cypress/runner/cypress_runner.js:149867:11)\n    at Object.throwErrByPath (http://localhost:53524/__cypress/runner/cypress_runner.js:149915:3)\n    at retry (http://localhost:53524/__cypress/runner/cypress_runner.js:144197:19)\n    at onFailFn (http://localhost:53524/__cypress/runner/cypress_runner.js:132448:16)\n    at tryCatcher (http://localhost:53524/__cypress/runner/cypress_runner.js:167415:23)\n    at Promise._settlePromiseFromHandler (http://localhost:53524/__cypress/runner/cypress_runner.js:165351:31)\n    at Promise._settlePromise (http://localhost:53524/__cypress/runner/cypress_runner.js:165408:18)\n    at Promise._settlePromise0 (http://localhost:53524/__cypress/runner/cypress_runner.js:165453:10)\n    at Promise._settlePromises (http://localhost:53524/__cypress/runner/cypress_runner.js:165528:18)\n    at Async../node_modules/bluebird/js/release/async.js.Async._drainQueue (http://localhost:53524/__cypress/runner/cypress_runner.js:162140:16)\n    at Async../node_modules/bluebird/js/release/async.js.Async._drainQueues (http://localhost:53524/__cypress/runner/cypress_runner.js:162150:10)\n    at Async.drainQueues (http://localhost:53524/__cypress/runner/cypress_runner.js:162024:14)",
                "diff": null
              },
              "uuid": "7ab20464-b6bc-4396-816d-169ba0f3e12c",
              "parentUUID": "7afd1528-5e2a-4900-8712-bc2bdce2390d",
              "isHook": false,
              "skipped": false
            },
            {
              "title": "Verifica se ao clicar no botão, o quadro de pixels é totalmente preenchido de branco",
              "fullTitle": "9 - Crie um botão que, ao ser clicado, limpa o quadro preenchendo a cor de todos seus pixels com branco. Verifica se ao clicar no botão, o quadro de pixels é totalmente preenchido de branco",
              "timedOut": null,
              "duration": 5745,
              "state": "failed",
              "speed": null,
              "pass": false,
              "fail": true,
              "pending": false,
              "context": null,
              "code": "cy.get('.color').eq(1).then(function (color) {\n  var backgroundColor = color.css('background-color');\n  cy.wrap(color).click();\n  cy.get('.pixel').each(function (pixel) {\n    cy.wrap(pixel).click().should('have.css', 'background-color', backgroundColor);\n  });\n});\ncy.get('#clear-board').click();\ncy.get('.pixel').each(function (pixel) {\n  cy.wrap(pixel).should('have.css', 'background-color', WHITE);\n});",
              "err": {
                "message": "CypressError: Timed out retrying: expected '<div.pixel>' to have CSS property 'background-color' with the value 'rgba(0, 0, 0, 0)', but the value was 'rgb(255, 255, 255)'",
                "estack": "CypressError: Timed out retrying: expected '<div.pixel>' to have CSS property 'background-color' with the value 'rgba(0, 0, 0, 0)', but the value was 'rgb(255, 255, 255)'\n    at cypressErr (http://localhost:53524/__cypress/runner/cypress_runner.js:149934:9)\n    at throwErr (http://localhost:53524/__cypress/runner/cypress_runner.js:149867:11)\n    at Object.throwErrByPath (http://localhost:53524/__cypress/runner/cypress_runner.js:149915:3)\n    at retry (http://localhost:53524/__cypress/runner/cypress_runner.js:144197:19)\n    at onFailFn (http://localhost:53524/__cypress/runner/cypress_runner.js:132448:16)\n    at tryCatcher (http://localhost:53524/__cypress/runner/cypress_runner.js:167415:23)\n    at Promise._settlePromiseFromHandler (http://localhost:53524/__cypress/runner/cypress_runner.js:165351:31)\n    at Promise._settlePromise (http://localhost:53524/__cypress/runner/cypress_runner.js:165408:18)\n    at Promise._settlePromise0 (http://localhost:53524/__cypress/runner/cypress_runner.js:165453:10)\n    at Promise._settlePromises (http://localhost:53524/__cypress/runner/cypress_runner.js:165528:18)\n    at Async../node_modules/bluebird/js/release/async.js.Async._drainQueue (http://localhost:53524/__cypress/runner/cypress_runner.js:162140:16)\n    at Async../node_modules/bluebird/js/release/async.js.Async._drainQueues (http://localhost:53524/__cypress/runner/cypress_runner.js:162150:10)\n    at Async.drainQueues (http://localhost:53524/__cypress/runner/cypress_runner.js:162024:14)",
                "diff": null
              },
              "uuid": "5db7e2f2-f211-4f05-9fb7-8391b759c817",
              "parentUUID": "7afd1528-5e2a-4900-8712-bc2bdce2390d",
              "isHook": false,
              "skipped": false
            }
          ],
          "suites": [],
          "passes": [],
          "failures": [
            "5aec3e4a-a311-410e-abff-917dfcf6d45c",
            "c7ceb151-4dad-4a44-93ca-f36df01e4ce6",
            "7ab20464-b6bc-4396-816d-169ba0f3e12c",
            "5db7e2f2-f211-4f05-9fb7-8391b759c817"
          ],
          "pending": [],
          "skipped": [],
          "duration": 22121,
          "root": false,
          "rootEmpty": false,
          "_timeout": 2000
        },
        {
          "uuid": "bfe993f7-feb8-4c20-a962-bdbf3adabb77",
          "title": "10 - Faça o quadro de pixels ter seu tamanho definido pelo usuário.",
          "fullFile": "",
          "file": "",
          "beforeHooks": [],
          "afterHooks": [],
          "tests": [
            {
              "title": "Verifica se existe um input com o id `board-size`",
              "fullTitle": "10 - Faça o quadro de pixels ter seu tamanho definido pelo usuário. Verifica se existe um input com o id `board-size`",
              "timedOut": null,
              "duration": 5849,
              "state": "failed",
              "speed": null,
              "pass": false,
              "fail": true,
              "pending": false,
              "context": null,
              "code": "cy.get('#board-size').should('be.visible');",
              "err": {
                "message": "CypressError: Timed out retrying: Expected to find element: '#board-size', but never found it.",
                "estack": "CypressError: Timed out retrying: Expected to find element: '#board-size', but never found it.\n    at cypressErr (http://localhost:53524/__cypress/runner/cypress_runner.js:149934:9)\n    at throwErr (http://localhost:53524/__cypress/runner/cypress_runner.js:149867:11)\n    at Object.throwErrByPath (http://localhost:53524/__cypress/runner/cypress_runner.js:149915:3)\n    at retry (http://localhost:53524/__cypress/runner/cypress_runner.js:144197:19)\n    at onFailFn (http://localhost:53524/__cypress/runner/cypress_runner.js:132448:16)\n    at tryCatcher (http://localhost:53524/__cypress/runner/cypress_runner.js:167415:23)\n    at Promise._settlePromiseFromHandler (http://localhost:53524/__cypress/runner/cypress_runner.js:165351:31)\n    at Promise._settlePromise (http://localhost:53524/__cypress/runner/cypress_runner.js:165408:18)\n    at Promise._settlePromise0 (http://localhost:53524/__cypress/runner/cypress_runner.js:165453:10)\n    at Promise._settlePromises (http://localhost:53524/__cypress/runner/cypress_runner.js:165528:18)\n    at Async../node_modules/bluebird/js/release/async.js.Async._drainQueue (http://localhost:53524/__cypress/runner/cypress_runner.js:162140:16)\n    at Async../node_modules/bluebird/js/release/async.js.Async._drainQueues (http://localhost:53524/__cypress/runner/cypress_runner.js:162150:10)\n    at Async.drainQueues (http://localhost:53524/__cypress/runner/cypress_runner.js:162024:14)",
                "diff": null
              },
              "uuid": "03958990-624f-46ee-9c96-4c6a89049c62",
              "parentUUID": "bfe993f7-feb8-4c20-a962-bdbf3adabb77",
              "isHook": false,
              "skipped": false
            },
            {
              "title": "Verifica se existe um botão com o id `generate-board`",
              "fullTitle": "10 - Faça o quadro de pixels ter seu tamanho definido pelo usuário. Verifica se existe um botão com o id `generate-board`",
              "timedOut": null,
              "duration": 5567,
              "state": "failed",
              "speed": null,
              "pass": false,
              "fail": true,
              "pending": false,
              "context": null,
              "code": "cy.get('#generate-board').should('be.visible');",
              "err": {
                "message": "CypressError: Timed out retrying: Expected to find element: '#generate-board', but never found it.",
                "estack": "CypressError: Timed out retrying: Expected to find element: '#generate-board', but never found it.\n    at cypressErr (http://localhost:53524/__cypress/runner/cypress_runner.js:149934:9)\n    at throwErr (http://localhost:53524/__cypress/runner/cypress_runner.js:149867:11)\n    at Object.throwErrByPath (http://localhost:53524/__cypress/runner/cypress_runner.js:149915:3)\n    at retry (http://localhost:53524/__cypress/runner/cypress_runner.js:144197:19)\n    at onFailFn (http://localhost:53524/__cypress/runner/cypress_runner.js:132448:16)\n    at tryCatcher (http://localhost:53524/__cypress/runner/cypress_runner.js:167415:23)\n    at Promise._settlePromiseFromHandler (http://localhost:53524/__cypress/runner/cypress_runner.js:165351:31)\n    at Promise._settlePromise (http://localhost:53524/__cypress/runner/cypress_runner.js:165408:18)\n    at Promise._settlePromise0 (http://localhost:53524/__cypress/runner/cypress_runner.js:165453:10)\n    at Promise._settlePromises (http://localhost:53524/__cypress/runner/cypress_runner.js:165528:18)\n    at Async../node_modules/bluebird/js/release/async.js.Async._drainQueue (http://localhost:53524/__cypress/runner/cypress_runner.js:162140:16)\n    at Async../node_modules/bluebird/js/release/async.js.Async._drainQueues (http://localhost:53524/__cypress/runner/cypress_runner.js:162150:10)\n    at Async.drainQueues (http://localhost:53524/__cypress/runner/cypress_runner.js:162024:14)",
                "diff": null
              },
              "uuid": "7d0f10ed-714c-4c0f-9f4b-2aac9faabcd3",
              "parentUUID": "bfe993f7-feb8-4c20-a962-bdbf3adabb77",
              "isHook": false,
              "skipped": false
            },
            {
              "title": "Verifica se o input só aceita número maiores que zero. Essa restrição deve ser feita usando os atributos do elemento `input`",
              "fullTitle": "10 - Faça o quadro de pixels ter seu tamanho definido pelo usuário. Verifica se o input só aceita número maiores que zero. Essa restrição deve ser feita usando os atributos do elemento `input`",
              "timedOut": null,
              "duration": 5292,
              "state": "failed",
              "speed": null,
              "pass": false,
              "fail": true,
[...]
                "diff": null
              },
              "uuid": "bdef15d7-050e-45c8-835b-84ab9f36bd52",
              "parentUUID": "bfe993f7-feb8-4c20-a962-bdbf3adabb77",
              "isHook": false,
              "skipped": false
            },
            {
              "title": "Verifica se o novo quadro tem todos os pixels preenchidos com a cor branca",
              "fullTitle": "10 - Faça o quadro de pixels ter seu tamanho definido pelo usuário. Verifica se o novo quadro tem todos os pixels preenchidos com a cor branca",
              "timedOut": null,
              "duration": 5195,
              "state": "failed",
              "speed": null,
              "pass": false,
              "fail": true,
              "pending": false,
              "context": null,
              "code": "cy.get('#board-size').clear().type(6);\ncy.get('#generate-board').click();\ncy.get('.pixel').should('have.length', 36).each(function (pixel) {\n  expect(pixel).to.have.css('background-color', WHITE);\n});",
              "err": {
                "message": "CypressError: Timed out retrying: Expected to find element: '#board-size', but never found it.",
                "estack": "CypressError: Timed out retrying: Expected to find element: '#board-size', but never found it.\n    at cypressErr (http://localhost:53524/__cypress/runner/cypress_runner.js:149934:9)\n    at throwErr (http://localhost:53524/__cypress/runner/cypress_runner.js:149867:11)\n    at Object.throwErrByPath (http://localhost:53524/__cypress/runner/cypress_runner.js:149915:3)\n    at retry (http://localhost:53524/__cypress/runner/cypress_runner.js:144197:19)\n    at onFailFn (http://localhost:53524/__cypress/runner/cypress_runner.js:132448:16)\n    at tryCatcher (http://localhost:53524/__cypress/runner/cypress_runner.js:167415:23)\n    at Promise._settlePromiseFromHandler (http://localhost:53524/__cypress/runner/cypress_runner.js:165351:31)\n    at Promise._settlePromise (http://localhost:53524/__cypress/runner/cypress_runner.js:165408:18)\n    at Promise._settlePromise0 (http://localhost:53524/__cypress/runner/cypress_runner.js:165453:10)\n    at Promise._settlePromises (http://localhost:53524/__cypress/runner/cypress_runner.js:165528:18)\n    at Async../node_modules/bluebird/js/release/async.js.Async._drainQueue (http://localhost:53524/__cypress/runner/cypress_runner.js:162140:16)\n    at Async../node_modules/bluebird/js/release/async.js.Async._drainQueues (http://localhost:53524/__cypress/runner/cypress_runner.js:162150:10)\n    at Async.drainQueues (http://localhost:53524/__cypress/runner/cypress_runner.js:162024:14)",
                "diff": null
              },
              "uuid": "6fef56cd-659c-49d9-a271-e1aa669ccc30",
              "parentUUID": "bfe993f7-feb8-4c20-a962-bdbf3adabb77",
              "isHook": false,
              "skipped": false
            }
          ],
          "suites": [],
          "passes": [],
          "failures": [
            "03958990-624f-46ee-9c96-4c6a89049c62",
            "7d0f10ed-714c-4c0f-9f4b-2aac9faabcd3",
            "28e28af5-6fd5-4202-ad07-76184aa12917",
            "a53eb99b-7892-46cf-b4c6-e65af5b878b8",
            "ee7a016d-70f2-4e7a-b22b-1d8fee6a7d03",
            "6f0e8ede-40ce-4516-83db-7c60497a569d",
            "d75b2658-d6b6-4a71-9c22-b1b02848889f",
            "bdef15d7-050e-45c8-835b-84ab9f36bd52",
            "6fef56cd-659c-49d9-a271-e1aa669ccc30"
          ],
          "pending": [],
          "skipped": [],
          "duration": 48323,
          "root": false,
          "rootEmpty": false,
          "_timeout": 2000
        },
        {
          "uuid": "8e09a6bb-60c9-4b76-9fd2-5630b3bf2730",
          "title": "11 - Limite o tamanho mínimo e máximo do board.",
          "fullFile": "",
          "file": "",
          "beforeHooks": [],
          "afterHooks": [],
          "tests": [
            {
              "title": "Verifica se a altura máxima do board é 50",
              "fullTitle": "11 - Limite o tamanho mínimo e máximo do board. Verifica se a altura máxima do board é 50",
              "timedOut": null,
              "duration": 5433,
              "state": "failed",
              "speed": null,
              "pass": false,
              "fail": true,
              "pending": false,
              "context": null,
              "code": "cy.get('#board-size').clear().type(50);\ncy.get('#generate-board').click();\ncy.get('.pixel').should('have.length', 2500);",
              "err": {
                "message": "CypressError: Timed out retrying: Expected to find element: '#board-size', but never found it.",
                "estack": "CypressError: Timed out retrying: Expected to find element: '#board-size', but never found it.\n    at cypressErr (http://localhost:53524/__cypress/runner/cypress_runner.js:149934:9)\n    at throwErr (http://localhost:53524/__cypress/runner/cypress_runner.js:149867:11)\n    at Object.throwErrByPath (http://localhost:53524/__cypress/runner/cypress_runner.js:149915:3)\n    at retry (http://localhost:53524/__cypress/runner/cypress_runner.js:144197:19)\n    at onFailFn (http://localhost:53524/__cypress/runner/cypress_runner.js:132448:16)\n    at tryCatcher (http://localhost:53524/__cypress/runner/cypress_runner.js:167415:23)\n    at Promise._settlePromiseFromHandler (http://localhost:53524/__cypress/runner/cypress_runner.js:165351:31)\n    at Promise._settlePromise (http://localhost:53524/__cypress/runner/cypress_runner.js:165408:18)\n    at Promise._settlePromise0 (http://localhost:53524/__cypress/runner/cypress_runner.js:165453:10)\n    at Promise._settlePromises (http://localhost:53524/__cypress/runner/cypress_runner.js:165528:18)\n    at Async../node_modules/bluebird/js/release/async.js.Async._drainQueue (http://localhost:53524/__cypress/runner/cypress_runner.js:162140:16)\n    at Async../node_modules/bluebird/js/release/async.js.Async._drainQueues (http://localhost:53524/__cypress/runner/cypress_runner.js:162150:10)\n    at Async.drainQueues (http://localhost:53524/__cypress/runner/cypress_runner.js:162024:14)",
                "diff": null
              },
              "uuid": "2eb2b533-034b-4687-9943-16eae604047a",
              "parentUUID": "8e09a6bb-60c9-4b76-9fd2-5630b3bf2730",
              "isHook": false,
              "skipped": false
            },
            {
              "title": "Verifica se a altura do board é 5 quando um valor menor é colocado no input",
              "fullTitle": "11 - Limite o tamanho mínimo e máximo do board. Verifica se a altura do board é 5 quando um valor menor é colocado no input",
              "timedOut": null,
              "duration": 5709,
              "state": "failed",
              "speed": null,
              "pass": false,
              "fail": true,
              "pending": false,
              "context": null,
              "code": "cy.get('#board-size').clear().type(4);\ncy.get('#generate-board').click();\ncy.get('.pixel').should('have.length', 25);",
              "err": {
                "message": "CypressError: Timed out retrying: Expected to find element: '#board-size', but never found it.",
                "estack": "CypressError: Timed out retrying: Expected to find element: '#board-size', but never found it.\n    at cypressErr (http://localhost:53524/__cypress/runner/cypress_runner.js:149934:9)\n    at throwErr (http://localhost:53524/__cypress/runner/cypress_runner.js:149867:11)\n    at Object.throwErrByPath (http://localhost:53524/__cypress/runner/cypress_runner.js:149915:3)\n    at retry (http://localhost:53524/__cypress/runner/cypress_runner.js:144197:19)\n    at onFailFn (http://localhost:53524/__cypress/runner/cypress_runner.js:132448:16)\n    at tryCatcher (http://localhost:53524/__cypress/runner/cypress_runner.js:167415:23)\n    at Promise._settlePromiseFromHandler (http://localhost:53524/__cypress/runner/cypress_runner.js:165351:31)\n    at Promise._settlePromise (http://localhost:53524/__cypress/runner/cypress_runner.js:165408:18)\n    at Promise._settlePromise0 (http://localhost:53524/__cypress/runner/cypress_runner.js:165453:10)\n    at Promise._settlePromises (http://localhost:53524/__cypress/runner/cypress_runner.js:165528:18)\n    at Async../node_modules/bluebird/js/release/async.js.Async._drainQueue (http://localhost:53524/__cypress/runner/cypress_runner.js:162140:16)\n    at Async../node_modules/bluebird/js/release/async.js.Async._drainQueues (http://localhost:53524/__cypress/runner/cypress_runner.js:162150:10)\n    at Async.drainQueues (http://localhost:53524/__cypress/runner/cypress_runner.js:162024:14)",
                "diff": null
              },
              "uuid": "70d9415d-2546-40fe-af9d-0c662b3b335d",
              "parentUUID": "8e09a6bb-60c9-4b76-9fd2-5630b3bf2730",
              "isHook": false,
              "skipped": false
            },
            {
              "title": "Verifica se a altura do board é 50 quando um valor maior é colocado no input",
              "fullTitle": "11 - Limite o tamanho mínimo e máximo do board. Verifica se a altura do board é 50 quando um valor maior é colocado no input",
              "timedOut": null,
              "duration": 5283,
              "state": "failed",
              "speed": null,
              "pass": false,
              "fail": true,
              "pending": false,
              "context": null,
              "code": "cy.get('#board-size').clear().type(51);\ncy.get('#generate-board').click();\ncy.get('.pixel').should('have.length', 2500);",
              "err": {
                "message": "CypressError: Timed out retrying: Expected to find element: '#board-size', but never found it.",
                "estack": "CypressError: Timed out retrying: Expected to find element: '#board-size', but never found it.\n    at cypressErr (http://localhost:53524/__cypress/runner/cypress_runner.js:149934:9)\n    at throwErr (http://localhost:53524/__cypress/runner/cypress_runner.js:149867:11)\n    at Object.throwErrByPath (http://localhost:53524/__cypress/runner/cypress_runner.js:149915:3)\n    at retry (http://localhost:53524/__cypress/runner/cypress_runner.js:144197:19)\n    at onFailFn (http://localhost:53524/__cypress/runner/cypress_runner.js:132448:16)\n    at tryCatcher (http://localhost:53524/__cypress/runner/cypress_runner.js:167415:23)\n    at Promise._settlePromiseFromHandler (http://localhost:53524/__cypress/runner/cypress_runner.js:165351:31)\n    at Promise._settlePromise (http://localhost:53524/__cypress/runner/cypress_runner.js:165408:18)\n    at Promise._settlePromise0 (http://localhost:53524/__cypress/runner/cypress_runner.js:165453:10)\n    at Promise._settlePromises (http://localhost:53524/__cypress/runner/cypress_runner.js:165528:18)\n    at Async../node_modules/bluebird/js/release/async.js.Async._drainQueue (http://localhost:53524/__cypress/runner/cypress_runner.js:162140:16)\n    at Async../node_modules/bluebird/js/release/async.js.Async._drainQueues (http://localhost:53524/__cypress/runner/cypress_runner.js:162150:10)\n    at Async.drainQueues (http://localhost:53524/__cypress/runner/cypress_runner.js:162024:14)",
                "diff": null
              },
              "uuid": "4567de20-b3ed-4839-a142-a24fb067c99f",
              "parentUUID": "8e09a6bb-60c9-4b76-9fd2-5630b3bf2730",
              "isHook": false,
              "skipped": false
            }
          ],
          "suites": [],
          "passes": [],
          "failures": [
            "2eb2b533-034b-4687-9943-16eae604047a",
            "70d9415d-2546-40fe-af9d-0c662b3b335d",
            "4567de20-b3ed-4839-a142-a24fb067c99f"
          ],
          "pending": [],
          "skipped": [],
          "duration": 16425,
          "root": false,
          "rootEmpty": false,
          "_timeout": 2000
        },
        {
          "uuid": "13a1659e-999c-419b-8f06-3be1f109f661",
          "title": "12 - Faça com que as cores da paleta sejam geradas aleatoriamente ao carregar a página.",
          "fullFile": "",
          "file": "",
          "beforeHooks": [],
          "afterHooks": [],
          "tests": [
            {
              "title": "Verifica se as cores geradas na paleta são diferentes a cada carregamento da página",
              "fullTitle": "12 - Faça com que as cores da paleta sejam geradas aleatoriamente ao carregar a página. Verifica se as cores geradas na paleta são diferentes a cada carregamento da página",
              "timedOut": null,
              "duration": 2433,
              "state": "failed",
              "speed": null,
              "pass": false,
              "fail": true,
              "pending": false,
              "context": null,
              "code": "cy.get('.color').then(function (colors) {\n  var currentColors;\n  var previousColors;\n  previousColors = Array.from(colors).map(function (color) {\n    return Cypress.$(color).css('background-color');\n  });\n  for (var i = 0; i < 5; i += 1) {\n    cy.reload();\n    cy.get('.color').then(function (colors) {\n      currentColors = Array.from(colors).map(function (color) {\n        return Cypress.$(color).css('background-color');\n      });\n      expect(currentColors).not.to.deep.equal(previousColors);\n      previousColors = currentColors;\n    });\n  }\n});",
              "err": {
                "message": "AssertionError: expected [ Array(4) ] to not deeply equal [ Array(4) ]",
                "estack": "AssertionError: expected [ Array(4) ] to not deeply equal [ Array(4) ]\n    at getRet (http://localhost:53524/__cypress/runner/cypress_runner.js:136585:16)\n    at tryCatcher (http://localhost:53524/__cypress/runner/cypress_runner.js:167415:23)\n    at Function.Promise.attempt.Promise.try (http://localhost:53524/__cypress/runner/cypress_runner.js:164690:29)\n    at Context.thenFn (http://localhost:53524/__cypress/runner/cypress_runner.js:136599:23)\n    at Context.then (http://localhost:53524/__cypress/runner/cypress_runner.js:136971:21)\n    at Context.<anonymous> (http://localhost:53524/__cypress/runner/cypress_runner.js:148875:21)\n    at http://localhost:53524/__cypress/runner/cypress_runner.js:148351:33\n    at tryCatcher (http://localhost:53524/__cypress/runner/cypress_runner.js:167415:23)\n    at Promise._settlePromiseFromHandler (http://localhost:53524/__cypress/runner/cypress_runner.js:165351:31)\n    at Promise._settlePromise (http://localhost:53524/__cypress/runner/cypress_runner.js:165408:18)\n    at Promise._settlePromiseCtx (http://localhost:53524/__cypress/runner/cypress_runner.js:165445:10)\n    at Async../node_modules/bluebird/js/release/async.js.Async._drainQueue (http://localhost:53524/__cypress/runner/cypress_runner.js:162145:12)\n    at Async../node_modules/bluebird/js/release/async.js.Async._drainQueues (http://localhost:53524/__cypress/runner/cypress_runner.js:162150:10)\n    at Async.drainQueues (http://localhost:53524/__cypress/runner/cypress_runner.js:162024:14)",
                "diff": ""
              },
              "uuid": "1922576c-8a41-4cf6-bfc4-2c050efcd5e0",
              "parentUUID": "13a1659e-999c-419b-8f06-3be1f109f661",
              "isHook": false,
              "skipped": false
            },
            {
              "title": "Verifica se a cor preta ainda está presente e é a primeira na sua paleta de cores",
              "fullTitle": "12 - Faça com que as cores da paleta sejam geradas aleatoriamente ao carregar a página. Verifica se a cor preta ainda está presente e é a primeira na sua paleta de cores",
              "timedOut": null,
              "duration": 2431,
              "state": "failed",
              "speed": null,
              "pass": false,
              "fail": true,
              "pending": false,
              "context": null,
              "code": "cy.get('.color').then(function (colors) {\n  var currentColors;\n  var previousColors;\n  previousColors = Array.from(colors).map(function (color) {\n    return Cypress.$(color).css('background-color');\n  });\n  expect(previousColors[0]).to.eq(BLACK);\n  for (var i = 0; i < 5; i += 1) {\n    cy.reload();\n    cy.get('.color').then(function (colors) {\n      currentColors = Array.from(colors).map(function (color) {\n        return Cypress.$(color).css('background-color');\n      });\n      expect(currentColors[0]).to.eq(BLACK);\n      expect(currentColors).not.to.deep.equal(previousColors);\n      previousColors = currentColors;\n    });\n  }\n});",
              "err": {
                "message": "AssertionError: expected [ Array(4) ] to not deeply equal [ Array(4) ]",
                "estack": "AssertionError: expected [ Array(4) ] to not deeply equal [ Array(4) ]\n    at getRet (http://localhost:53524/__cypress/runner/cypress_runner.js:136585:16)\n    at tryCatcher (http://localhost:53524/__cypress/runner/cypress_runner.js:167415:23)\n    at Function.Promise.attempt.Promise.try (http://localhost:53524/__cypress/runner/cypress_runner.js:164690:29)\n    at Context.thenFn (http://localhost:53524/__cypress/runner/cypress_runner.js:136599:23)\n    at Context.then (http://localhost:53524/__cypress/runner/cypress_runner.js:136971:21)\n    at Context.<anonymous> (http://localhost:53524/__cypress/runner/cypress_runner.js:148875:21)\n    at http://localhost:53524/__cypress/runner/cypress_runner.js:148351:33\n    at tryCatcher (http://localhost:53524/__cypress/runner/cypress_runner.js:167415:23)\n    at Promise._settlePromiseFromHandler (http://localhost:53524/__cypress/runner/cypress_runner.js:165351:31)\n    at Promise._settlePromise (http://localhost:53524/__cypress/runner/cypress_runner.js:165408:18)\n    at Promise._settlePromiseCtx (http://localhost:53524/__cypress/runner/cypress_runner.js:165445:10)\n    at Async../node_modules/bluebird/js/release/async.js.Async._drainQueue (http://localhost:53524/__cypress/runner/cypress_runner.js:162145:12)\n    at Async../node_modules/bluebird/js/release/async.js.Async._drainQueues (http://localhost:53524/__cypress/runner/cypress_runner.js:162150:10)\n    at Async.drainQueues (http://localhost:53524/__cypress/runner/cypress_runner.js:162024:14)",
                "diff": ""
              },
              "uuid": "e4aa2231-0e92-46a3-b4a1-b7dfd8631619",
              "parentUUID": "13a1659e-999c-419b-8f06-3be1f109f661",
              "isHook": false,
              "skipped": false
            }
          ],
          "suites": [],
          "passes": [],
          "failures": [
            "1922576c-8a41-4cf6-bfc4-2c050efcd5e0",
            "e4aa2231-0e92-46a3-b4a1-b7dfd8631619"
          ],
          "pending": [],
          "skipped": [],
          "duration": 4864,
          "root": false,
          "rootEmpty": false,
          "_timeout": 2000
        }
      ],
      "passes": [],
      "failures": [],
      "pending": [],
      "skipped": [],
      "duration": 0,
      "root": true,
      "rootEmpty": true,
      "_timeout": 2000
    }
  ],
  "meta": {
    "mocha": {
      "version": "7.0.1"
    },
    "mochawesome": {
      "options": {
        "quiet": false,
        "reportFilename": "mochawesome",
        "saveHtml": false,
        "saveJson": true,
        "consoleReporter": "spec",
        "useInlineDiffs": false
      },
      "version": "4.1.0"
    },
    "marge": {
      "options": {
        "id": "default",
        "reportDir": "cypress/reports",
        "overwrite": true,
        "html": false,
        "json": true
      },
      "version": "4.1.0"
    }
  }
}