{
  "stats": {
    "suites": 12,
    "tests": 41,
    "passes": 26,
    "pending": 0,
    "failures": 15,
    "start": "2021-09-18T01:29:44.040Z",
    "end": "2021-09-18T01:31:08.506Z",
    "duration": 84466,
    "testsRegistered": 41,
    "passPercent": 63.41463414634146,
    "pendingPercent": 0,
    "other": 0,
    "hasOther": false,
    "skipped": 0,
    "hasSkipped": false
  },
  "results": [
    {
      "uuid": "7df94ce2-8544-4b5b-8224-8326a31eb4ae",
      "title": "",
      "fullFile": "cypress/integration/project.spec.js",
      "file": "cypress/integration/project.spec.js",
      "beforeHooks": [],
      "afterHooks": [],
      "tests": [],
      "suites": [
        {
          "uuid": "41423c03-ee49-4fb7-beb4-1655a8a4e097",
          "title": "1 - Adicione à página o título \"Paleta de Cores\".",
          "fullFile": "",
          "file": "",
          "beforeHooks": [],
          "afterHooks": [],
          "tests": [
            {
              "title": "Verifica se contém um elemento `h1` com o id `title` com o título correto",
              "fullTitle": "1 - Adicione à página o título \"Paleta de Cores\". Verifica se contém um elemento `h1` com o id `title` com o título correto",
              "timedOut": null,
              "duration": 300,
              "state": "passed",
              "speed": "slow",
              "pass": true,
              "fail": false,
              "pending": false,
              "context": null,
              "code": "cy.get('h1#title').should('contain.text', 'Paleta de Cores');",
              "err": {},
              "uuid": "74f30653-0d85-4f8e-b29b-bdaf05ca780f",
              "parentUUID": "41423c03-ee49-4fb7-beb4-1655a8a4e097",
              "isHook": false,
              "skipped": false
            }
          ],
          "suites": [],
          "passes": [
            "74f30653-0d85-4f8e-b29b-bdaf05ca780f"
          ],
          "failures": [],
          "pending": [],
          "skipped": [],
          "duration": 300,
          "root": false,
          "rootEmpty": false,
          "_timeout": 2000
        },
        {
          "uuid": "3bf2e437-cba5-454c-ac22-f06358911565",
          "title": "2 - Adicione à página uma paleta de quatro cores distintas.",
          "fullFile": "",
          "file": "",
          "beforeHooks": [],
          "afterHooks": [],
          "tests": [
            {
              "title": "A paleta de cores deve ser um elemento com `id` denominado `color-palette`",
              "fullTitle": "2 - Adicione à página uma paleta de quatro cores distintas. A paleta de cores deve ser um elemento com `id` denominado `color-palette`",
              "timedOut": null,
              "duration": 117,
              "state": "passed",
              "speed": "slow",
              "pass": true,
              "fail": false,
              "pending": false,
              "context": null,
              "code": "cy.get('#color-palette').should('be.visible');\ncy.get('#color-palette').children('.color');",
              "err": {},
              "uuid": "ed32b96c-5dd2-45be-b0cb-fe358bc569f5",
              "parentUUID": "3bf2e437-cba5-454c-ac22-f06358911565",
              "isHook": false,
              "skipped": false
            },
            {
              "title": "Verifica se cada cor individual da paleta de cores possui a `classe` chamada `color`.",
              "fullTitle": "2 - Adicione à página uma paleta de quatro cores distintas. Verifica se cada cor individual da paleta de cores possui a `classe` chamada `color`.",
              "timedOut": null,
              "duration": 190,
              "state": "passed",
              "speed": "slow",
              "pass": true,
              "fail": false,
              "pending": false,
              "context": null,
              "code": "cy.get('.color').should('have.length', 4).then(function (colors) {\n  for (var i = 0; i < colors.length; i++) {\n    cy.wrap(colors[i]).should('be.visible');\n  }\n});",
              "err": {},
              "uuid": "753709cf-497a-4c94-ad1d-922316bc132b",
              "parentUUID": "3bf2e437-cba5-454c-ac22-f06358911565",
              "isHook": false,
              "skipped": false
            },
            {
              "title": "Verifica se a cor de fundo de cada elemento da paleta é a cor que o elemento representa. **A única cor não permitida na paleta é a cor branca.**",
              "fullTitle": "2 - Adicione à página uma paleta de quatro cores distintas. Verifica se a cor de fundo de cada elemento da paleta é a cor que o elemento representa. **A única cor não permitida na paleta é a cor branca.**",
              "timedOut": null,
              "duration": 131,
              "state": "passed",
              "speed": "slow",
              "pass": true,
              "fail": false,
              "pending": false,
              "context": null,
              "code": "cy.get('.color').each(function (color) {\n  cy.wrap(color).should('have.class', 'color').and('not.have.css', 'background-color', WHITE);\n  cy.wrap(color).should('have.css', 'background-color');\n});",
              "err": {},
              "uuid": "9495dd65-be0c-4df3-97ac-99c35ca8c766",
              "parentUUID": "3bf2e437-cba5-454c-ac22-f06358911565",
              "isHook": false,
              "skipped": false
            },
            {
              "title": "Verifica se cada elemento da paleta de cores tem uma borda preta, sólida e com 1 pixel de largura;",
              "fullTitle": "2 - Adicione à página uma paleta de quatro cores distintas. Verifica se cada elemento da paleta de cores tem uma borda preta, sólida e com 1 pixel de largura;",
              "timedOut": null,
              "duration": 191,
              "state": "passed",
              "speed": "slow",
              "pass": true,
              "fail": false,
              "pending": false,
              "context": null,
              "code": "cy.get('.color').each(function (color) {\n  cy.wrap(color).and('have.css', 'border', \"1px solid \".concat(BLACK)).and('have.class', 'color');\n});",
              "err": {},
              "uuid": "49158082-2a17-44f0-ba64-dd95a86d53ac",
              "parentUUID": "3bf2e437-cba5-454c-ac22-f06358911565",
              "isHook": false,
              "skipped": false
            },
            {
              "title": "Verifica se a paleta lista todas as cores disponíveis para utilização, lado a lado.",
              "fullTitle": "2 - Adicione à página uma paleta de quatro cores distintas. Verifica se a paleta lista todas as cores disponíveis para utilização, lado a lado.",
              "timedOut": null,
              "duration": 90,
              "state": "passed",
              "speed": "slow",
              "pass": true,
              "fail": false,
              "pending": false,
              "context": null,
              "code": "cy.get('.color').then(function (colors) {\n  for (var index = 1; index < colors.length; index += 1) {\n    var currentColor = colors[index];\n    var previousColor = colors[index - 1];\n    cy.wrap(currentColor).should('be.onTheRightOf', previousColor).and('be.horizontallyAlignedWith', previousColor);\n  }\n});",
              "err": {},
              "uuid": "e9eaec4b-3962-47b0-b8f7-8854fa35e46b",
              "parentUUID": "3bf2e437-cba5-454c-ac22-f06358911565",
              "isHook": false,
              "skipped": false
            },
            {
              "title": "Verifica se a paleta de cores está posicionada abaixo do título 'Paleta de Cores'",
              "fullTitle": "2 - Adicione à página uma paleta de quatro cores distintas. Verifica se a paleta de cores está posicionada abaixo do título 'Paleta de Cores'",
              "timedOut": null,
              "duration": 124,
              "state": "passed",
              "speed": "slow",
              "pass": true,
              "fail": false,
              "pending": false,
              "context": null,
              "code": "cy.get('h1#title').then(function (title) {\n  cy.get('#color-palette').should('be.belowOf', title);\n});",
              "err": {},
              "uuid": "b9fb81bb-eb05-4970-b2fd-3d9c2665b6b9",
              "parentUUID": "3bf2e437-cba5-454c-ac22-f06358911565",
              "isHook": false,
              "skipped": false
            },
            {
              "title": "Verifica se a paleta de cores não contém cores repetidas.",
              "fullTitle": "2 - Adicione à página uma paleta de quatro cores distintas. Verifica se a paleta de cores não contém cores repetidas.",
              "timedOut": null,
              "duration": 84,
              "state": "passed",
              "speed": "slow",
              "pass": true,
              "fail": false,
              "pending": false,
              "context": null,
              "code": "cy.get('.color').then(function (colors) {\n  var allColors = Array.from(colors).map(function (color) {\n    return Cypress.$(color).css('background-color');\n  });\n  cy.log(allColors);\n  var uniqColors = (0, _toConsumableArray2[\"default\"])(new Set(allColors));\n  cy.log(uniqColors);\n  expect(allColors.length).to.eq(uniqColors.length);\n});",
              "err": {},
              "uuid": "078db7ac-96c5-4834-bd89-f5c3bd02f911",
              "parentUUID": "3bf2e437-cba5-454c-ac22-f06358911565",
              "isHook": false,
              "skipped": false
            }
          ],
          "suites": [],
          "passes": [
            "ed32b96c-5dd2-45be-b0cb-fe358bc569f5",
            "753709cf-497a-4c94-ad1d-922316bc132b",
            "9495dd65-be0c-4df3-97ac-99c35ca8c766",
            "49158082-2a17-44f0-ba64-dd95a86d53ac",
            "e9eaec4b-3962-47b0-b8f7-8854fa35e46b",
            "b9fb81bb-eb05-4970-b2fd-3d9c2665b6b9",
            "078db7ac-96c5-4834-bd89-f5c3bd02f911"
          ],
          "failures": [],
          "pending": [],
          "skipped": [],
          "duration": 927,
          "root": false,
          "rootEmpty": false,
          "_timeout": 2000
        },
        {
          "uuid": "a8dff489-ff23-460e-85ff-9252299f6333",
          "title": "3 - Adicione a cor **preta** como a primeira cor da paleta de cores.",
          "fullFile": "",
          "file": "",
          "beforeHooks": [],
          "afterHooks": [],
          "tests": [
            {
              "title": "Verifica se a primeira cor da paleta é preta",
              "fullTitle": "3 - Adicione a cor **preta** como a primeira cor da paleta de cores. Verifica se a primeira cor da paleta é preta",
              "timedOut": null,
              "duration": 81,
              "state": "passed",
              "speed": "slow",
              "pass": true,
              "fail": false,
              "pending": false,
              "context": null,
              "code": "cy.get('.color').first().should('have.css', 'background-color', BLACK);",
              "err": {},
              "uuid": "e7447039-0c87-4f5b-be22-1b20fe336c14",
              "parentUUID": "a8dff489-ff23-460e-85ff-9252299f6333",
              "isHook": false,
              "skipped": false
            },
            {
              "title": "Verifica se as demais cores podem ser escolhidas livremente.",
              "fullTitle": "3 - Adicione a cor **preta** como a primeira cor da paleta de cores. Verifica se as demais cores podem ser escolhidas livremente.",
              "timedOut": null,
              "duration": 183,
              "state": "passed",
              "speed": "slow",
              "pass": true,
              "fail": false,
              "pending": false,
              "context": null,
              "code": "cy.get('.color').eq(1).should('not.have.css', 'background-color', BLACK);\ncy.get('.color').eq(1).should('not.have.css', 'background-color', WHITE);\ncy.get('.color').eq(1).should('not.have.css', 'background-color', 'rgba(0, 0, 0, 0)');\ncy.get('.color').eq(1).should('have.css', 'background-color');\ncy.get('.color').eq(2).should('not.have.css', 'background-color', BLACK);\ncy.get('.color').eq(2).should('not.have.css', 'background-color', WHITE);\ncy.get('.color').eq(2).should('not.have.css', 'background-color', 'rgba(0, 0, 0, 0)');\ncy.get('.color').eq(2).should('have.css', 'background-color');\ncy.get('.color').eq(3).should('not.have.css', 'background-color', BLACK);\ncy.get('.color').eq(3).should('not.have.css', 'background-color', WHITE);\ncy.get('.color').eq(3).should('not.have.css', 'background-color', 'rgba(0, 0, 0, 0)');\ncy.get('.color').eq(3).should('have.css', 'background-color');",
              "err": {},
              "uuid": "16eea46b-f7b8-442c-81c6-96b4273427c5",
              "parentUUID": "a8dff489-ff23-460e-85ff-9252299f6333",
              "isHook": false,
              "skipped": false
            }
          ],
          "suites": [],
          "passes": [
            "e7447039-0c87-4f5b-be22-1b20fe336c14",
            "16eea46b-f7b8-442c-81c6-96b4273427c5"
          ],
          "failures": [],
          "pending": [],
          "skipped": [],
          "duration": 264,
          "root": false,
          "rootEmpty": false,
          "_timeout": 2000
        },
        {
          "uuid": "7146fca3-e9a4-4262-ae7c-3347523ea1dd",
          "title": "4 - Adicione à página um quadro de pixels, com 25 pixels.",
          "fullFile": "",
          "file": "",
          "beforeHooks": [],
          "afterHooks": [],
          "tests": [
            {
              "title": "Verifica se o quadro de pixels possui o `id` denominado `pixel-board`",
              "fullTitle": "4 - Adicione à página um quadro de pixels, com 25 pixels. Verifica se o quadro de pixels possui o `id` denominado `pixel-board`",
              "timedOut": null,
              "duration": 76,
              "state": "passed",
              "speed": "slow",
              "pass": true,
              "fail": false,
              "pending": false,
              "context": null,
              "code": "cy.get('#pixel-board').should('be.visible');",
              "err": {},
              "uuid": "328b5623-94fe-4362-a4ad-86aa6ceadfbf",
              "parentUUID": "7146fca3-e9a4-4262-ae7c-3347523ea1dd",
              "isHook": false,
              "skipped": false
            },
            {
              "title": "Verifica se cada pixel individual dentro do quadro possui a `classe` denominada `pixel`.",
              "fullTitle": "4 - Adicione à página um quadro de pixels, com 25 pixels. Verifica se cada pixel individual dentro do quadro possui a `classe` denominada `pixel`.",
              "timedOut": null,
              "duration": 130,
              "state": "passed",
              "speed": "slow",
              "pass": true,
              "fail": false,
              "pending": false,
              "context": null,
              "code": "cy.get('.pixel').should('have.length', 25);",
              "err": {},
              "uuid": "1a2b6809-619e-4e18-bff8-f39510ca353a",
              "parentUUID": "7146fca3-e9a4-4262-ae7c-3347523ea1dd",
              "isHook": false,
              "skipped": false
            },
            {
              "title": "Verifica se a cor inicial dos pixels dentro do quadro, ao abrir a página, é branca.",
              "fullTitle": "4 - Adicione à página um quadro de pixels, com 25 pixels. Verifica se a cor inicial dos pixels dentro do quadro, ao abrir a página, é branca.",
              "timedOut": null,
              "duration": 133,
              "state": "passed",
              "speed": "slow",
              "pass": true,
              "fail": false,
              "pending": false,
              "context": null,
              "code": "cy.get('.pixel').should('have.length', 25).each(function (pixel) {\n  expect(pixel).to.have.css('background-color', WHITE);\n});",
              "err": {},
              "uuid": "9b22f58e-ede5-4037-9938-25f0590b3b27",
              "parentUUID": "7146fca3-e9a4-4262-ae7c-3347523ea1dd",
              "isHook": false,
              "skipped": false
            },
            {
              "title": "Verifica se o quadro de pixels aparece abaixo da paleta de cores",
              "fullTitle": "4 - Adicione à página um quadro de pixels, com 25 pixels. Verifica se o quadro de pixels aparece abaixo da paleta de cores",
              "timedOut": null,
              "duration": 119,
              "state": "passed",
              "speed": "slow",
              "pass": true,
              "fail": false,
              "pending": false,
              "context": null,
              "code": "cy.get('#color-palette').then(function (palette) {\n  cy.get('#pixel-board').should('be.belowOf', palette);\n});",
              "err": {},
              "uuid": "02ce2a44-592d-4571-8040-b1285dee709b",
              "parentUUID": "7146fca3-e9a4-4262-ae7c-3347523ea1dd",
              "isHook": false,
              "skipped": false
            }
          ],
          "suites": [],
          "passes": [
            "328b5623-94fe-4362-a4ad-86aa6ceadfbf",
            "1a2b6809-619e-4e18-bff8-f39510ca353a",
            "9b22f58e-ede5-4037-9938-25f0590b3b27",
            "02ce2a44-592d-4571-8040-b1285dee709b"
          ],
          "failures": [],
          "pending": [],
          "skipped": [],
          "duration": 458,
          "root": false,
          "rootEmpty": false,
          "_timeout": 2000
        },
        {
          "uuid": "094d53bb-34f5-4ee3-8e67-6ab81ff353b0",
          "title": "5 - Faça com que cada elemento do quadro de pixels possua 40 pixels de largura, 40 pixels de altura e seja delimitado por uma borda preta de 1 pixel.",
          "fullFile": "",
          "file": "",
          "beforeHooks": [],
          "afterHooks": [],
          "tests": [
            {
              "title": "Verifica se o quadro de pixels tem altura e comprimento de 5 elementos",
              "fullTitle": "5 - Faça com que cada elemento do quadro de pixels possua 40 pixels de largura, 40 pixels de altura e seja delimitado por uma borda preta de 1 pixel. Verifica se o quadro de pixels tem altura e comprimento de 5 elementos",
              "timedOut": null,
              "duration": 245,
              "state": "passed",
              "speed": "slow",
              "pass": true,
              "fail": false,
              "pending": false,
              "context": null,
              "code": "cy.get('.pixel').should('have.length', 25).each(function (pixel) {\n  expect(pixel).to.have.css('background-color', WHITE);\n}).and(function (pixels) {\n  var rows = chunk(pixels, 5);\n  rows.forEach(function (row) {\n    for (var index = 1; index < row.length; index += 1) {\n      var current = pixels[index];\n      var previous = pixels[index - 1];\n      cy.wrap(current).should('be.onTheRightOf', previous).and('be.horizontallyAlignedWith', previous);\n    }\n  });\n  for (var index = 1; index < 5; index += 1) {\n    expect(pixels[index * 5]).to.be.belowOf(pixels[(index - 1) * 5]);\n  }\n});",
              "err": {},
              "uuid": "672192fb-151a-4a3a-a74a-26e857ddd445",
              "parentUUID": "094d53bb-34f5-4ee3-8e67-6ab81ff353b0",
              "isHook": false,
              "skipped": false
            },
            {
              "title": "Verifica se 40 pixels é o tamanho total do elemento, incluindo seu conteúdo e excluindo a borda preta, que deve ser criada à parte.",
              "fullTitle": "5 - Faça com que cada elemento do quadro de pixels possua 40 pixels de largura, 40 pixels de altura e seja delimitado por uma borda preta de 1 pixel. Verifica se 40 pixels é o tamanho total do elemento, incluindo seu conteúdo e excluindo a borda preta, que deve ser criada à parte.",
              "timedOut": null,
              "duration": 235,
              "state": "passed",
              "speed": "slow",
              "pass": true,
              "fail": false,
              "pending": false,
              "context": null,
              "code": "cy.get('.pixel').each(function (pixel) {\n  cy.wrap(pixel).should('have.css', 'height', '40px').and('have.css', 'width', '40px').and('have.css', 'border', \"1px solid \".concat(BLACK));\n});",
              "err": {},
              "uuid": "c4a86dbc-e716-4777-9f9d-40761b5b3e75",
              "parentUUID": "094d53bb-34f5-4ee3-8e67-6ab81ff353b0",
              "isHook": false,
              "skipped": false
            }
          ],
          "suites": [],
          "passes": [
            "672192fb-151a-4a3a-a74a-26e857ddd445",
            "c4a86dbc-e716-4777-9f9d-40761b5b3e75"
          ],
          "failures": [],
          "pending": [],
          "skipped": [],
          "duration": 480,
          "root": false,
          "rootEmpty": false,
          "_timeout": 2000
        },
        {
          "uuid": "b9894e80-ad12-4dea-80d4-e026c8b6e794",
          "title": "6 - Defina a cor preta como cor inicial. Ao carregar a página a cor preta já deve estar selecionada para pintar os pixels",
          "fullFile": "",
          "file": "",
          "beforeHooks": [],
          "afterHooks": [],
          "tests": [
            {
              "title": "Verifica se o elemento da cor preta possui, inicialmente, a `classe` `selected`",
              "fullTitle": "6 - Defina a cor preta como cor inicial. Ao carregar a página a cor preta já deve estar selecionada para pintar os pixels Verifica se o elemento da cor preta possui, inicialmente, a `classe` `selected`",
              "timedOut": null,
              "duration": 82,
              "state": "passed",
              "speed": "slow",
              "pass": true,
              "fail": false,
              "pending": false,
              "context": null,
              "code": "cy.get('.selected').first().should('have.css', 'background-color', BLACK);",
              "err": {},
              "uuid": "b263c53d-7c22-49a8-bdaa-1d24e403890d",
              "parentUUID": "b9894e80-ad12-4dea-80d4-e026c8b6e794",
              "isHook": false,
              "skipped": false
            },
            {
              "title": "Verifica se nenhuma outra cor da paleta tem a `classe` `selected`",
              "fullTitle": "6 - Defina a cor preta como cor inicial. Ao carregar a página a cor preta já deve estar selecionada para pintar os pixels Verifica se nenhuma outra cor da paleta tem a `classe` `selected`",
              "timedOut": null,
              "duration": 69,
              "state": "passed",
              "speed": "medium",
              "pass": true,
              "fail": false,
              "pending": false,
              "context": null,
              "code": "cy.get('.color:not(:first-child)').each(function (color) {\n  cy.wrap(color).should('not.have.class', 'selected');\n});",
              "err": {},
              "uuid": "7eeb8264-7825-4bf3-8e99-ec2069bb92a5",
              "parentUUID": "b9894e80-ad12-4dea-80d4-e026c8b6e794",
              "isHook": false,
              "skipped": false
            }
          ],
          "suites": [],
          "passes": [
            "b263c53d-7c22-49a8-bdaa-1d24e403890d",
            "7eeb8264-7825-4bf3-8e99-ec2069bb92a5"
          ],
          "failures": [],
          "pending": [],
          "skipped": [],
          "duration": 151,
          "root": false,
          "rootEmpty": false,
          "_timeout": 2000
        },
        {
          "uuid": "5a0def35-6eb7-4413-a7de-5044117e444a",
          "title": "7 - Clicar em uma das cores da paleta, faz com que ela seja selecionada e utilizada para preencher os pixels no quadro.",
          "fullFile": "",
          "file": "",
          "beforeHooks": [],
          "afterHooks": [],
          "tests": [
            {
              "title": "Verifica se somente uma cor da paleta de cores tem a classe `selected` de cada vez",
              "fullTitle": "7 - Clicar em uma das cores da paleta, faz com que ela seja selecionada e utilizada para preencher os pixels no quadro. Verifica se somente uma cor da paleta de cores tem a classe `selected` de cada vez",
              "timedOut": null,
              "duration": 469,
              "state": "passed",
              "speed": "slow",
              "pass": true,
              "fail": false,
              "pending": false,
              "context": null,
              "code": "cy.get('.color').each(function (selectedColor, selectedColorIndex) {\n  cy.wrap(selectedColor).click();\n  cy.get('.color').each(function (color, colorIndex) {\n    if (colorIndex === selectedColorIndex) {\n      expect(color).to.have[\"class\"]('selected');\n    } else {\n      expect(color).not.to.have[\"class\"]('selected');\n    }\n  });\n});",
              "err": {},
              "uuid": "af2d5f46-7ac3-4cab-94e2-4ba481b9c660",
              "parentUUID": "5a0def35-6eb7-4413-a7de-5044117e444a",
              "isHook": false,
              "skipped": false
            },
            {
              "title": "Verifica se os pixels dentro do quadro não têm a classe `selected` quando são clicados",
              "fullTitle": "7 - Clicar em uma das cores da paleta, faz com que ela seja selecionada e utilizada para preencher os pixels no quadro. Verifica se os pixels dentro do quadro não têm a classe `selected` quando são clicados",
              "timedOut": null,
              "duration": 8895,
              "state": "passed",
              "speed": "slow",
              "pass": true,
              "fail": false,
              "pending": false,
              "context": null,
              "code": "cy.get('.color').each(function (color) {\n  var backgroundColor = color.css('background-color');\n  cy.wrap(color).click();\n  cy.get('.pixel').each(function (pixel) {\n    cy.wrap(pixel).click().should('not.have.class', 'selected');\n  });\n});",
              "err": {},
              "uuid": "487f7514-1fa1-41b9-aae9-8173e9bce446",
              "parentUUID": "5a0def35-6eb7-4413-a7de-5044117e444a",
              "isHook": false,
              "skipped": false
            }
          ],
          "suites": [],
          "passes": [
            "af2d5f46-7ac3-4cab-94e2-4ba481b9c660",
            "487f7514-1fa1-41b9-aae9-8173e9bce446"
          ],
          "failures": [],
          "pending": [],
          "skipped": [],
          "duration": 9364,
          "root": false,
          "rootEmpty": false,
          "_timeout": 2000
        },
        {
          "uuid": "3227e972-9640-44df-bd24-8309313cdc62",
          "title": "8 - Clicar em um pixel dentro do quadro após selecionar uma cor na paleta, faz com que o pixel seja preenchido com a cor selecionada.",
          "fullFile": "",
          "file": "",
          "beforeHooks": [],
          "afterHooks": [],
          "tests": [
            {
              "title": "Verifica se ao carregar a página deve ser possível pintar os pixels de preto",
              "fullTitle": "8 - Clicar em um pixel dentro do quadro após selecionar uma cor na paleta, faz com que o pixel seja preenchido com a cor selecionada. Verifica se ao carregar a página deve ser possível pintar os pixels de preto",
              "timedOut": null,
              "duration": 2225,
              "state": "passed",
              "speed": "slow",
              "pass": true,
              "fail": false,
              "pending": false,
              "context": null,
              "code": "cy.get('.pixel').each(function (pixel) {\n  cy.wrap(pixel).click().should('have.css', 'background-color', BLACK);\n});",
              "err": {},
              "uuid": "6c794ea0-84c1-48b5-84f0-76ba3020c837",
              "parentUUID": "3227e972-9640-44df-bd24-8309313cdc62",
              "isHook": false,
              "skipped": false
            },
            {
              "title": "Verifica se após selecionar uma outra cor na paleta, é possível pintar os pixels com essa cor",
              "fullTitle": "8 - Clicar em um pixel dentro do quadro após selecionar uma cor na paleta, faz com que o pixel seja preenchido com a cor selecionada. Verifica se após selecionar uma outra cor na paleta, é possível pintar os pixels com essa cor",
              "timedOut": null,
              "duration": 8664,
              "state": "passed",
              "speed": "slow",
              "pass": true,
              "fail": false,
              "pending": false,
              "context": null,
              "code": "cy.get('.color').each(function (color) {\n  var backgroundColor = color.css('background-color');\n  cy.wrap(color).click();\n  cy.get('.pixel').each(function (pixel) {\n    cy.wrap(pixel).click().should('have.css', 'background-color', backgroundColor);\n  });\n});",
              "err": {},
              "uuid": "f10a6475-c4c0-480d-b961-c64d0b140acf",
              "parentUUID": "3227e972-9640-44df-bd24-8309313cdc62",
              "isHook": false,
              "skipped": false
            },
            {
              "title": "Verifica se somente o pixel que foi clicado foi preenchido com a cor selecionada, sem influenciar na cor dos demais pixels.",
              "fullTitle": "8 - Clicar em um pixel dentro do quadro após selecionar uma cor na paleta, faz com que o pixel seja preenchido com a cor selecionada. Verifica se somente o pixel que foi clicado foi preenchido com a cor selecionada, sem influenciar na cor dos demais pixels.",
              "timedOut": null,
              "duration": 1247,
              "state": "passed",
              "speed": "slow",
              "pass": true,
              "fail": false,
              "pending": false,
              "context": null,
              "code": "var colorToPixelIndexMap = {\n  0: 6,\n  1: 8,\n  2: 16,\n  3: 18\n};\ncy.get('.color').each(function (color, index) {\n  cy.wrap(color).click();\n  var backgroundColor = color.css('background-color');\n  var clickedPixelIndex = colorToPixelIndexMap[index];\n  cy.get('.pixel').eq(clickedPixelIndex).click();\n  cy.get('.pixel').eq(clickedPixelIndex - 1).should('not.have.css', 'background-color', backgroundColor);\n  cy.get('.pixel').eq(clickedPixelIndex + 1).should('not.have.css', 'background-color', backgroundColor);\n  cy.get('.pixel').eq(clickedPixelIndex - 5).should('not.have.css', 'background-color', backgroundColor);\n  cy.get('.pixel').eq(clickedPixelIndex + 5).should('not.have.css', 'background-color', backgroundColor);\n  cy.get('.pixel').eq(clickedPixelIndex - 6).should('not.have.css', 'background-color', backgroundColor);\n  cy.get('.pixel').eq(clickedPixelIndex - 4).should('not.have.css', 'background-color', backgroundColor);\n  cy.get('.pixel').eq(clickedPixelIndex + 4).should('not.have.css', 'background-color', backgroundColor);\n  cy.get('.pixel').eq(clickedPixelIndex + 6).should('not.have.css', 'background-color', backgroundColor);\n});",
              "err": {},
              "uuid": "46027aab-5e12-4763-8560-e96aa86c537d",
              "parentUUID": "3227e972-9640-44df-bd24-8309313cdc62",
              "isHook": false,
              "skipped": false
            }
          ],
          "suites": [],
          "passes": [
            "6c794ea0-84c1-48b5-84f0-76ba3020c837",
            "f10a6475-c4c0-480d-b961-c64d0b140acf",
            "46027aab-5e12-4763-8560-e96aa86c537d"
          ],
          "failures": [],
          "pending": [],
          "skipped": [],
          "duration": 12136,
          "root": false,
          "rootEmpty": false,
          "_timeout": 2000
        },
        {
          "uuid": "f09f92d8-099e-426a-a62e-bfccb6cbfe45",
          "title": "9 - Crie um botão que, ao ser clicado, limpa o quadro preenchendo a cor de todos seus pixels com branco.",
          "fullFile": "",
          "file": "",
          "beforeHooks": [],
          "afterHooks": [],
          "tests": [
            {
              "title": "Verifica se o botão tem o `id` denominado `clear-board`",
              "fullTitle": "9 - Crie um botão que, ao ser clicado, limpa o quadro preenchendo a cor de todos seus pixels com branco. Verifica se o botão tem o `id` denominado `clear-board`",
              "timedOut": null,
              "duration": 112,
              "state": "passed",
              "speed": "slow",
              "pass": true,
              "fail": false,
              "pending": false,
              "context": null,
              "code": "cy.get('#clear-board').should('be.visible');",
              "err": {},
              "uuid": "1fdb662f-9097-40c9-b439-baa3e051dd83",
              "parentUUID": "f09f92d8-099e-426a-a62e-bfccb6cbfe45",
              "isHook": false,
              "skipped": false
            },
            {
              "title": "Verifica se o botão está posicionado entre a paleta de cores e o quadro de pixels",
              "fullTitle": "9 - Crie um botão que, ao ser clicado, limpa o quadro preenchendo a cor de todos seus pixels com branco. Verifica se o botão está posicionado entre a paleta de cores e o quadro de pixels",
              "timedOut": null,
              "duration": 94,
              "state": "passed",
              "speed": "slow",
              "pass": true,
              "fail": false,
              "pending": false,
              "context": null,
              "code": "cy.get('#color-palette').then(function (palette) {\n  cy.get('#clear-board').should('be.belowOf', palette);\n});\ncy.get('#clear-board').then(function (clearBtn) {\n  cy.get('#pixel-board').should('be.belowOf', clearBtn);\n});",
              "err": {},
              "uuid": "f1d1d096-a9ca-4651-8280-d323b83f803a",
              "parentUUID": "f09f92d8-099e-426a-a62e-bfccb6cbfe45",
              "isHook": false,
              "skipped": false
            },
            {
              "title": "Verifica se o texto do botão é 'Limpar'",
              "fullTitle": "9 - Crie um botão que, ao ser clicado, limpa o quadro preenchendo a cor de todos seus pixels com branco. Verifica se o texto do botão é 'Limpar'",
              "timedOut": null,
              "duration": 57,
              "state": "passed",
              "speed": "medium",
              "pass": true,
              "fail": false,
              "pending": false,
              "context": null,
              "code": "cy.get('#clear-board').should('contain.text', 'Limpar');",
              "err": {},
              "uuid": "aeb0780a-e56c-4403-b55d-3027208acce2",
              "parentUUID": "f09f92d8-099e-426a-a62e-bfccb6cbfe45",
              "isHook": false,
              "skipped": false
            },
            {
              "title": "Verifica se ao clicar no botão, o quadro de pixels é totalmente preenchido de branco",
              "fullTitle": "9 - Crie um botão que, ao ser clicado, limpa o quadro preenchendo a cor de todos seus pixels com branco. Verifica se ao clicar no botão, o quadro de pixels é totalmente preenchido de branco",
              "timedOut": null,
              "duration": 6370,
              "state": "failed",
              "speed": null,
              "pass": false,
              "fail": true,
              "pending": false,
              "context": null,
              "code": "cy.get('.color').eq(1).then(function (color) {\n  var backgroundColor = color.css('background-color');\n  cy.wrap(color).click();\n  cy.get('.pixel').each(function (pixel) {\n    cy.wrap(pixel).click().should('have.css', 'background-color', backgroundColor);\n  });\n});\ncy.get('#clear-board').click();\ncy.get('.pixel').each(function (pixel) {\n  cy.wrap(pixel).should('have.css', 'background-color', WHITE);\n});",
              "err": {
                "message": "CypressError: Timed out retrying: expected '<div.pixel>' to have CSS property 'background-color' with the value 'rgb(255, 255, 255)', but the value was 'rgb(255, 0, 0)'",
                "estack": "CypressError: Timed out retrying: expected '<div.pixel>' to have CSS property 'background-color' with the value 'rgb(255, 255, 255)', but the value was 'rgb(255, 0, 0)'\n    at cypressErr (http://localhost:39023/__cypress/runner/cypress_runner.js:149934:9)\n    at throwErr (http://localhost:39023/__cypress/runner/cypress_runner.js:149867:11)\n    at Object.throwErrByPath (http://localhost:39023/__cypress/runner/cypress_runner.js:149915:3)\n    at retry (http://localhost:39023/__cypress/runner/cypress_runner.js:144197:19)\n    at onFailFn (http://localhost:39023/__cypress/runner/cypress_runner.js:132448:16)\n    at tryCatcher (http://localhost:39023/__cypress/runner/cypress_runner.js:167415:23)\n    at Promise._settlePromiseFromHandler (http://localhost:39023/__cypress/runner/cypress_runner.js:165351:31)\n    at Promise._settlePromise (http://localhost:39023/__cypress/runner/cypress_runner.js:165408:18)\n    at Promise._settlePromise0 (http://localhost:39023/__cypress/runner/cypress_runner.js:165453:10)\n    at Promise._settlePromises (http://localhost:39023/__cypress/runner/cypress_runner.js:165528:18)\n    at Async../node_modules/bluebird/js/release/async.js.Async._drainQueue (http://localhost:39023/__cypress/runner/cypress_runner.js:162140:16)\n    at Async../node_modules/bluebird/js/release/async.js.Async._drainQueues (http://localhost:39023/__cypress/runner/cypress_runner.js:162150:10)\n    at Async.drainQueues (http://localhost:39023/__cypress/runner/cypress_runner.js:162024:14)",
                "diff": null
              },
              "uuid": "408ea158-fe00-4463-bd40-97e55e420494",
              "parentUUID": "f09f92d8-099e-426a-a62e-bfccb6cbfe45",
              "isHook": false,
              "skipped": false
            }
          ],
          "suites": [],
          "passes": [
            "1fdb662f-9097-40c9-b439-baa3e051dd83",
            "f1d1d096-a9ca-4651-8280-d323b83f803a",
            "aeb0780a-e56c-4403-b55d-3027208acce2"
          ],
          "failures": [
            "408ea158-fe00-4463-bd40-97e55e420494"
          ],
          "pending": [],
          "skipped": [],
          "duration": 6633,
          "root": false,
          "rootEmpty": false,
          "_timeout": 2000
        },
        {
          "uuid": "a938337b-f7d3-4a0c-a7e3-c293f8f50d6b",
          "title": "10 - Faça o quadro de pixels ter seu tamanho definido pelo usuário.",
          "fullFile": "",
          "file": "",
          "beforeHooks": [],
          "afterHooks": [],
          "tests": [
            {
              "title": "Verifica se existe um input com o id `board-size`",
              "fullTitle": "10 - Faça o quadro de pixels ter seu tamanho definido pelo usuário. Verifica se existe um input com o id `board-size`",
              "timedOut": null,
              "duration": 4274,
              "state": "failed",
              "speed": null,
              "pass": false,
              "fail": true,
              "pending": false,
              "context": null,
              "code": "cy.get('#board-size').should('be.visible');",
              "err": {
                "message": "CypressError: Timed out retrying: Expected to find element: '#board-size', but never found it.",
                "estack": "CypressError: Timed out retrying: Expected to find element: '#board-size', but never found it.\n    at cypressErr (http://localhost:39023/__cypress/runner/cypress_runner.js:149934:9)\n    at throwErr (http://localhost:39023/__cypress/runner/cypress_runner.js:149867:11)\n    at Object.throwErrByPath (http://localhost:39023/__cypress/runner/cypress_runner.js:149915:3)\n    at retry (http://localhost:39023/__cypress/runner/cypress_runner.js:144197:19)\n    at onFailFn (http://localhost:39023/__cypress/runner/cypress_runner.js:132448:16)\n    at tryCatcher (http://localhost:39023/__cypress/runner/cypress_runner.js:167415:23)\n    at Promise._settlePromiseFromHandler (http://localhost:39023/__cypress/runner/cypress_runner.js:165351:31)\n    at Promise._settlePromise (http://localhost:39023/__cypress/runner/cypress_runner.js:165408:18)\n    at Promise._settlePromise0 (http://localhost:39023/__cypress/runner/cypress_runner.js:165453:10)\n    at Promise._settlePromises (http://localhost:39023/__cypress/runner/cypress_runner.js:165528:18)\n    at Async../node_modules/bluebird/js/release/async.js.Async._drainQueue (http://localhost:39023/__cypress/runner/cypress_runner.js:162140:16)\n    at Async../node_modules/bluebird/js/release/async.js.Async._drainQueues (http://localhost:39023/__cypress/runner/cypress_runner.js:162150:10)\n    at Async.drainQueues (http://localhost:39023/__cypress/runner/cypress_runner.js:162024:14)",
                "diff": null
              },
              "uuid": "5ca2668e-af8c-461e-ae0d-70255e0659e4",
              "parentUUID": "a938337b-f7d3-4a0c-a7e3-c293f8f50d6b",
              "isHook": false,
              "skipped": false
            },
            {
              "title": "Verifica se existe um botão com o id `generate-board`",
              "fullTitle": "10 - Faça o quadro de pixels ter seu tamanho definido pelo usuário. Verifica se existe um botão com o id `generate-board`",
              "timedOut": null,
              "duration": 4318,
              "state": "failed",
              "speed": null,
              "pass": false,
              "fail": true,
              "pending": false,
              "context": null,
              "code": "cy.get('#generate-board').should('be.visible');",
              "err": {
                "message": "CypressError: Timed out retrying: Expected to find element: '#generate-board', but never found it.",
                "estack": "CypressError: Timed out retrying: Expected to find element: '#generate-board', but never found it.\n    at cypressErr (http://localhost:39023/__cypress/runner/cypress_runner.js:149934:9)\n    at throwErr (http://localhost:39023/__cypress/runner/cypress_runner.js:149867:11)\n    at Object.throwErrByPath (http://localhost:39023/__cypress/runner/cypress_runner.js:149915:3)\n    at retry (http://localhost:39023/__cypress/runner/cypress_runner.js:144197:19)\n    at onFailFn (http://localhost:39023/__cypress/runner/cypress_runner.js:132448:16)\n    at tryCatcher (http://localhost:39023/__cypress/runner/cypress_runner.js:167415:23)\n    at Promise._settlePromiseFromHandler (http://localhost:39023/__cypress/runner/cypress_runner.js:165351:31)\n    at Promise._settlePromise (http://localhost:39023/__cypress/runner/cypress_runner.js:165408:18)\n    at Promise._settlePromise0 (http://localhost:39023/__cypress/runner/cypress_runner.js:165453:10)\n    at Promise._settlePromises (http://localhost:39023/__cypress/runner/cypress_runner.js:165528:18)\n    at Async../node_modules/bluebird/js/release/async.js.Async._drainQueue (http://localhost:39023/__cypress/runner/cypress_runner.js:162140:16)\n    at Async../node_modules/bluebird/js/release/async.js.Async._drainQueues (http://localhost:39023/__cypress/runner/cypress_runner.js:162150:10)\n    at Async.drainQueues (http://localhost:39023/__cypress/runner/cypress_runner.js:162024:14)",
                "diff": null
              },
              "uuid": "155b391b-9f4e-457d-ac34-9ddbb659979d",
              "parentUUID": "a938337b-f7d3-4a0c-a7e3-c293f8f50d6b",
              "isHook": false,
              "skipped": false
            },
            {
              "title": "Verifica se o input só aceita número maiores que zero. Essa restrição deve ser feita usando os atributos do elemento `input`",
              "fullTitle": "10 - Faça o quadro de pixels ter seu tamanho definido pelo usuário. Verifica se o input só aceita número maiores que zero. Essa restrição deve ser feita usando os atributos do elemento `input`",
              "timedOut": null,
              "duration": 4387,
              "state": "failed",
              "speed": null,
              "pass": false,
              "fail": true,
              "pending": false,
              "context": null,
              "code": "cy.get('#board-size[type=\\'number\\'][min=\\'1\\']');",
              "err": {
                "message": "CypressError: Timed out retrying: Expected to find element: '#board-size[type='number'][min='1']', but never found it.",
                "estack": "CypressError: Timed out retrying: Expected to find element: '#board-size[type='number'][min='1']', but never found it.\n    at cypressErr (http://localhost:39023/__cypress/runner/cypress_runner.js:149934:9)\n    at throwErr (http://localhost:39023/__cypress/runner/cypress_runner.js:149867:11)\n    at Object.throwErrByPath (http://localhost:39023/__cypress/runner/cypress_runner.js:149915:3)\n    at retry (http://localhost:39023/__cypress/runner/cypress_runner.js:144197:19)\n    at onFailFn (http://localhost:39023/__cypress/runner/cypress_runner.js:132448:16)\n    at tryCatcher (http://localhost:39023/__cypress/runner/cypress_runner.js:167415:23)\n    at Promise._settlePromiseFromHandler (http://localhost:39023/__cypress/runner/cypress_runner.js:165351:31)\n    at Promise._settlePromise (http://localhost:39023/__cypress/runner/cypress_runner.js:165408:18)\n    at Promise._settlePromise0 (http://localhost:39023/__cypress/runner/cypress_runner.js:165453:10)\n    at Promise._settlePromises (http://localhost:39023/__cypress/runner/cypress_runner.js:165528:18)\n    at Async../node_modules/bluebird/js/release/async.js.Async._drainQueue (http://localhost:39023/__cypress/runner/cypress_runner.js:162140:16)\n    at Async../node_modules/bluebird/js/release/async.js.Async._drainQueues (http://localhost:39023/__cypress/runner/cypress_runner.js:162150:10)\n    at Async.drainQueues (http://localhost:39023/__cypress/runner/cypress_runner.js:162024:14)",
                "diff": null
              },
              "uuid": "7e711d29-6f9c-4a1e-9fe7-7dd8f2331b85",
              "parentUUID": "a938337b-f7d3-4a0c-a7e3-c293f8f50d6b",
              "isHook": false,
              "skipped": false
            },
            {
              "title": "Verifica se o botão contém o texto 'VQV'",
              "fullTitle": "10 - Faça o quadro de pixels ter seu tamanho definido pelo usuário. Verifica se o botão contém o texto 'VQV'",
              "timedOut": null,
              "duration": 4316,
              "state": "failed",
              "speed": null,
              "pass": false,
              "fail": true,
              "pending": false,
              "context": null,
              "code": "cy.get('#generate-board').contains(/vqv/i);",
              "err": {
                "message": "CypressError: Timed out retrying: Expected to find element: '#generate-board', but never found it.",
                "estack": "CypressError: Timed out retrying: Expected to find element: '#generate-board', but never found it.\n    at cypressErr (http://localhost:39023/__cypress/runner/cypress_runner.js:149934:9)\n    at throwErr (http://localhost:39023/__cypress/runner/cypress_runner.js:149867:11)\n    at Object.throwErrByPath (http://localhost:39023/__cypress/runner/cypress_runner.js:149915:3)\n    at retry (http://localhost:39023/__cypress/runner/cypress_runner.js:144197:19)\n    at onFailFn (http://localhost:39023/__cypress/runner/cypress_runner.js:132448:16)\n    at tryCatcher (http://localhost:39023/__cypress/runner/cypress_runner.js:167415:23)\n    at Promise._settlePromiseFromHandler (http://localhost:39023/__cypress/runner/cypress_runner.js:165351:31)\n    at Promise._settlePromise (http://localhost:39023/__cypress/runner/cypress_runner.js:165408:18)\n    at Promise._settlePromise0 (http://localhost:39023/__cypress/runner/cypress_runner.js:165453:10)\n    at Promise._settlePromises (http://localhost:39023/__cypress/runner/cypress_runner.js:165528:18)\n    at Async../node_modules/bluebird/js/release/async.js.Async._drainQueue (http://localhost:39023/__cypress/runner/cypress_runner.js:162140:16)\n    at Async../node_modules/bluebird/js/release/async.js.Async._drainQueues (http://localhost:39023/__cypress/runner/cypress_runner.js:162150:10)\n    at Async.drainQueues (http://localhost:39023/__cypress/runner/cypress_runner.js:162024:14)",
                "diff": null
              },
              "uuid": "ced989e5-1397-420c-b77e-988f9c1c6a38",
              "parentUUID": "a938337b-f7d3-4a0c-a7e3-c293f8f50d6b",
              "isHook": false,
              "skipped": false
            },
            {
              "title": "Verifica se o input está posicionado entre a paleta de cores e o quadro de pixels",
              "fullTitle": "10 - Faça o quadro de pixels ter seu tamanho definido pelo usuário. Verifica se o input está posicionado entre a paleta de cores e o quadro de pixels",
              "timedOut": null,
              "duration": 4342,
              "state": "failed",
              "speed": null,
              "pass": false,
              "fail": true,
              "pending": false,
              "context": null,
              "code": "cy.get('#color-palette').then(function (palette) {\n  cy.get('#board-size').should('be.belowOf', palette);\n});\ncy.get('#board-size').then(function (palette) {\n  cy.get('#pixel-board').should('be.belowOf', palette);\n});",
              "err": {
                "message": "CypressError: Timed out retrying: Expected to find element: '#board-size', but never found it.",
                "estack": "CypressError: Timed out retrying: Expected to find element: '#board-size', but never found it.\n    at cypressErr (http://localhost:39023/__cypress/runner/cypress_runner.js:149934:9)\n    at throwErr (http://localhost:39023/__cypress/runner/cypress_runner.js:149867:11)\n    at Object.throwErrByPath (http://localhost:39023/__cypress/runner/cypress_runner.js:149915:3)\n    at retry (http://localhost:39023/__cypress/runner/cypress_runner.js:144197:19)\n    at onFailFn (http://localhost:39023/__cypress/runner/cypress_runner.js:132448:16)\n    at tryCatcher (http://localhost:39023/__cypress/runner/cypress_runner.js:167415:23)\n    at Promise._settlePromiseFromHandler (http://localhost:39023/__cypress/runner/cypress_runner.js:165351:31)\n    at Promise._settlePromise (http://localhost:39023/__cypress/runner/cypress_runner.js:165408:18)\n    at Promise._settlePromise0 (http://localhost:39023/__cypress/runner/cypress_runner.js:165453:10)\n    at Promise._settlePromises (http://localhost:39023/__cypress/runner/cypress_runner.js:165528:18)\n    at Async../node_modules/bluebird/js/release/async.js.Async._drainQueue (http://localhost:39023/__cypress/runner/cypress_runner.js:162140:16)\n    at Async../node_modules/bluebird/js/release/async.js.Async._drainQueues (http://localhost:39023/__cypress/runner/cypress_runner.js:162150:10)\n    at Async.drainQueues (http://localhost:39023/__cypress/runner/cypress_runner.js:162024:14)",
                "diff": null
              },
              "uuid": "066761e0-32a8-4ba2-b7ce-e3f16aec2c18",
              "parentUUID": "a938337b-f7d3-4a0c-a7e3-c293f8f50d6b",
              "isHook": false,
              "skipped": false
            },
            {
              "title": "Verifica se o botão está posicionado ao lado do input",
              "fullTitle": "10 - Faça o quadro de pixels ter seu tamanho definido pelo usuário. Verifica se o botão está posicionado ao lado do input",
              "timedOut": null,
              "duration": 4311,
              "state": "failed",
              "speed": null,
              "pass": false,
              "fail": true,
              "pending": false,
              "context": null,
              "code": "cy.get('#board-size').then(function (board) {\n  cy.get('#generate-board').should('be.onTheRightOf', board);\n});",
              "err": {
                "message": "CypressError: Timed out retrying: Expected to find element: '#board-size', but never found it.",
                "estack": "CypressError: Timed out retrying: Expected to find element: '#board-size', but never found it.\n    at cypressErr (http://localhost:39023/__cypress/runner/cypress_runner.js:149934:9)\n    at throwErr (http://localhost:39023/__cypress/runner/cypress_runner.js:149867:11)\n    at Object.throwErrByPath (http://localhost:39023/__cypress/runner/cypress_runner.js:149915:3)\n    at retry (http://localhost:39023/__cypress/runner/cypress_runner.js:144197:19)\n    at onFailFn (http://localhost:39023/__cypress/runner/cypress_runner.js:132448:16)\n    at tryCatcher (http://localhost:39023/__cypress/runner/cypress_runner.js:167415:23)\n    at Promise._settlePromiseFromHandler (http://localhost:39023/__cypress/runner/cypress_runner.js:165351:31)\n    at Promise._settlePromise (http://localhost:39023/__cypress/runner/cypress_runner.js:165408:18)\n    at Promise._settlePromise0 (http://localhost:39023/__cypress/runner/cypress_runner.js:165453:10)\n    at Promise._settlePromises (http://localhost:39023/__cypress/runner/cypress_runner.js:165528:18)\n    at Async../node_modules/bluebird/js/release/async.js.Async._drainQueue (http://localhost:39023/__cypress/runner/cypress_runner.js:162140:16)\n    at Async../node_modules/bluebird/js/release/async.js.Async._drainQueues (http://localhost:39023/__cypress/runner/cypress_runner.js:162150:10)\n    at Async.drainQueues (http://localhost:39023/__cypress/runner/cypress_runner.js:162024:14)",
                "diff": null
              },
              "uuid": "437e6400-222d-443e-a44e-a9cbdab6ff00",
              "parentUUID": "a938337b-f7d3-4a0c-a7e3-c293f8f50d6b",
              "isHook": false,
              "skipped": false
            },
            {
              "title": "Verifica se nenhum valor for colocado no input ao clicar no botão, um `alert` é exibido com o texto: 'Board inválido!'",
              "fullTitle": "10 - Faça o quadro de pixels ter seu tamanho definido pelo usuário. Verifica se nenhum valor for colocado no input ao clicar no botão, um `alert` é exibido com o texto: 'Board inválido!'",
              "timedOut": null,
              "duration": 4385,
              "state": "failed",
              "speed": null,
              "pass": false,
              "fail": true,
              "pending": false,
              "context": null,
              "code": "var alerted = false;\ncy.on('window:alert', function (msg) {\n  return alerted = msg;\n});\ncy.get('#generate-board').click().then(function () {\n  return expect(alerted).to.match(/Board inválido!/i);\n});",
              "err": {
                "message": "CypressError: Timed out retrying: Expected to find element: '#generate-board', but never found it.",
                "estack": "CypressError: Timed out retrying: Expected to find element: '#generate-board', but never found it.\n    at cypressErr (http://localhost:39023/__cypress/runner/cypress_runner.js:149934:9)\n    at throwErr (http://localhost:39023/__cypress/runner/cypress_runner.js:149867:11)\n    at Object.throwErrByPath (http://localhost:39023/__cypress/runner/cypress_runner.js:149915:3)\n    at retry (http://localhost:39023/__cypress/runner/cypress_runner.js:144197:19)\n    at onFailFn (http://localhost:39023/__cypress/runner/cypress_runner.js:132448:16)\n    at tryCatcher (http://localhost:39023/__cypress/runner/cypress_runner.js:167415:23)\n    at Promise._settlePromiseFromHandler (http://localhost:39023/__cypress/runner/cypress_runner.js:165351:31)\n    at Promise._settlePromise (http://localhost:39023/__cypress/runner/cypress_runner.js:165408:18)\n    at Promise._settlePromise0 (http://localhost:39023/__cypress/runner/cypress_runner.js:165453:10)\n    at Promise._settlePromises (http://localhost:39023/__cypress/runner/cypress_runner.js:165528:18)\n    at Async../node_modules/bluebird/js/release/async.js.Async._drainQueue (http://localhost:39023/__cypress/runner/cypress_runner.js:162140:16)\n    at Async../node_modules/bluebird/js/release/async.js.Async._drainQueues (http://localhost:39023/__cypress/runner/cypress_runner.js:162150:10)\n    at Async.drainQueues (http://localhost:39023/__cypress/runner/cypress_runner.js:162024:14)",
                "diff": null
              },
              "uuid": "97bfb881-efca-47ff-9adc-555fed11940a",
              "parentUUID": "a938337b-f7d3-4a0c-a7e3-c293f8f50d6b",
              "isHook": false,
              "skipped": false
            },
            {
              "title": "Verifica se ao clicar no botão com um valor preenchido, o tamanho do board muda.",
              "fullTitle": "10 - Faça o quadro de pixels ter seu tamanho definido pelo usuário. Verifica se ao clicar no botão com um valor preenchido, o tamanho do board muda.",
              "timedOut": null,
              "duration": 4256,
              "state": "failed",
              "speed": null,
              "pass": false,
              "fail": true,
              "pending": false,
              "context": null,
              "code": "cy.get('#board-size').clear().type(10);\ncy.get('#generate-board').click();\ncy.get('.pixel').should('have.length', 100);",
              "err": {
                "message": "CypressError: Timed out retrying: Expected to find element: '#board-size', but never found it.",
                "estack": "CypressError: Timed out retrying: Expected to find element: '#board-size', but never found it.\n    at cypressErr (http://localhost:39023/__cypress/runner/cypress_runner.js:149934:9)\n    at throwErr (http://localhost:39023/__cypress/runner/cypress_runner.js:149867:11)\n    at Object.throwErrByPath (http://localhost:39023/__cypress/runner/cypress_runner.js:149915:3)\n    at retry (http://localhost:39023/__cypress/runner/cypress_runner.js:144197:19)\n    at onFailFn (http://localhost:39023/__cypress/runner/cypress_runner.js:132448:16)\n    at tryCatcher (http://localhost:39023/__cypress/runner/cypress_runner.js:167415:23)\n    at Promise._settlePromiseFromHandler (http://localhost:39023/__cypress/runner/cypress_runner.js:165351:31)\n    at Promise._settlePromise (http://localhost:39023/__cypress/runner/cypress_runner.js:165408:18)\n    at Promise._settlePromise0 (http://localhost:39023/__cypress/runner/cypress_runner.js:165453:10)\n    at Promise._settlePromises (http://localhost:39023/__cypress/runner/cypress_runner.js:165528:18)\n    at Async../node_modules/bluebird/js/release/async.js.Async._drainQueue (http://localhost:39023/__cypress/runner/cypress_runner.js:162140:16)\n    at Async../node_modules/bluebird/js/release/async.js.Async._drainQueues (http://localhost:39023/__cypress/runner/cypress_runner.js:162150:10)\n    at Async.drainQueues (http://localhost:39023/__cypress/runner/cypress_runner.js:162024:14)",
                "diff": null
              },
              "uuid": "ac318d85-fb46-4ebb-9df5-d438f8893cb4",
              "parentUUID": "a938337b-f7d3-4a0c-a7e3-c293f8f50d6b",
              "isHook": false,
              "skipped": false
            },
            {
              "title": "Verifica se o novo quadro tem todos os pixels preenchidos com a cor branca",
              "fullTitle": "10 - Faça o quadro de pixels ter seu tamanho definido pelo usuário. Verifica se o novo quadro tem todos os pixels preenchidos com a cor branca",
              "timedOut": null,
              "duration": 4278,
              "state": "failed",
              "speed": null,
              "pass": false,
              "fail": true,
              "pending": false,
              "context": null,
              "code": "cy.get('#board-size').clear().type(6);\ncy.get('#generate-board').click();\ncy.get('.pixel').should('have.length', 36).each(function (pixel) {\n  expect(pixel).to.have.css('background-color', WHITE);\n});",
              "err": {
                "message": "CypressError: Timed out retrying: Expected to find element: '#board-size', but never found it.",
                "estack": "CypressError: Timed out retrying: Expected to find element: '#board-size', but never found it.\n    at cypressErr (http://localhost:39023/__cypress/runner/cypress_runner.js:149934:9)\n    at throwErr (http://localhost:39023/__cypress/runner/cypress_runner.js:149867:11)\n    at Object.throwErrByPath (http://localhost:39023/__cypress/runner/cypress_runner.js:149915:3)\n    at retry (http://localhost:39023/__cypress/runner/cypress_runner.js:144197:19)\n    at onFailFn (http://localhost:39023/__cypress/runner/cypress_runner.js:132448:16)\n    at tryCatcher (http://localhost:39023/__cypress/runner/cypress_runner.js:167415:23)\n    at Promise._settlePromiseFromHandler (http://localhost:39023/__cypress/runner/cypress_runner.js:165351:31)\n    at Promise._settlePromise (http://localhost:39023/__cypress/runner/cypress_runner.js:165408:18)\n    at Promise._settlePromise0 (http://localhost:39023/__cypress/runner/cypress_runner.js:165453:10)\n    at Promise._settlePromises (http://localhost:39023/__cypress/runner/cypress_runner.js:165528:18)\n    at Async../node_modules/bluebird/js/release/async.js.Async._drainQueue (http://localhost:39023/__cypress/runner/cypress_runner.js:162140:16)\n    at Async../node_modules/bluebird/js/release/async.js.Async._drainQueues (http://localhost:39023/__cypress/runner/cypress_runner.js:162150:10)\n    at Async.drainQueues (http://localhost:39023/__cypress/runner/cypress_runner.js:162024:14)",
                "diff": null
              },
              "uuid": "881d562a-f537-4053-bcbd-edcdeec9c3ae",
              "parentUUID": "a938337b-f7d3-4a0c-a7e3-c293f8f50d6b",
              "isHook": false,
              "skipped": false
            }
          ],
          "suites": [],
          "passes": [],
          "failures": [
            "5ca2668e-af8c-461e-ae0d-70255e0659e4",
            "155b391b-9f4e-457d-ac34-9ddbb659979d",
            "7e711d29-6f9c-4a1e-9fe7-7dd8f2331b85",
            "ced989e5-1397-420c-b77e-988f9c1c6a38",
            "066761e0-32a8-4ba2-b7ce-e3f16aec2c18",
            "437e6400-222d-443e-a44e-a9cbdab6ff00",
            "97bfb881-efca-47ff-9adc-555fed11940a",
            "ac318d85-fb46-4ebb-9df5-d438f8893cb4",
            "881d562a-f537-4053-bcbd-edcdeec9c3ae"
          ],
          "pending": [],
          "skipped": [],
          "duration": 38867,
          "root": false,
          "rootEmpty": false,
          "_timeout": 2000
        },
        {
          "uuid": "43fa7df4-aae2-4054-81ed-825afb1fdab5",
          "title": "11 - Limite o tamanho mínimo e máximo do board.",
          "fullFile": "",
          "file": "",
          "beforeHooks": [],
          "afterHooks": [],
          "tests": [
            {
              "title": "Verifica se a altura máxima do board é 50",
              "fullTitle": "11 - Limite o tamanho mínimo e máximo do board. Verifica se a altura máxima do board é 50",
              "timedOut": null,
              "duration": 4355,
              "state": "failed",
              "speed": null,
              "pass": false,
              "fail": true,
              "pending": false,
              "context": null,
              "code": "cy.get('#board-size').clear().type(50);\ncy.get('#generate-board').click();\ncy.get('.pixel').should('have.length', 2500);",
              "err": {
                "message": "CypressError: Timed out retrying: Expected to find element: '#board-size', but never found it.",
                "estack": "CypressError: Timed out retrying: Expected to find element: '#board-size', but never found it.\n    at cypressErr (http://localhost:39023/__cypress/runner/cypress_runner.js:149934:9)\n    at throwErr (http://localhost:39023/__cypress/runner/cypress_runner.js:149867:11)\n    at Object.throwErrByPath (http://localhost:39023/__cypress/runner/cypress_runner.js:149915:3)\n    at retry (http://localhost:39023/__cypress/runner/cypress_runner.js:144197:19)\n    at onFailFn (http://localhost:39023/__cypress/runner/cypress_runner.js:132448:16)\n    at tryCatcher (http://localhost:39023/__cypress/runner/cypress_runner.js:167415:23)\n    at Promise._settlePromiseFromHandler (http://localhost:39023/__cypress/runner/cypress_runner.js:165351:31)\n    at Promise._settlePromise (http://localhost:39023/__cypress/runner/cypress_runner.js:165408:18)\n    at Promise._settlePromise0 (http://localhost:39023/__cypress/runner/cypress_runner.js:165453:10)\n    at Promise._settlePromises (http://localhost:39023/__cypress/runner/cypress_runner.js:165528:18)\n    at Async../node_modules/bluebird/js/release/async.js.Async._drainQueue (http://localhost:39023/__cypress/runner/cypress_runner.js:162140:16)\n    at Async../node_modules/bluebird/js/release/async.js.Async._drainQueues (http://localhost:39023/__cypress/runner/cypress_runner.js:162150:10)\n    at Async.drainQueues (http://localhost:39023/__cypress/runner/cypress_runner.js:162024:14)",
                "diff": null
              },
              "uuid": "ce5934a4-7c63-46f6-bb1d-33e36c1af90e",
              "parentUUID": "43fa7df4-aae2-4054-81ed-825afb1fdab5",
              "isHook": false,
              "skipped": false
            },
            {
              "title": "Verifica se a altura do board é 5 quando um valor menor é colocado no input",
              "fullTitle": "11 - Limite o tamanho mínimo e máximo do board. Verifica se a altura do board é 5 quando um valor menor é colocado no input",
              "timedOut": null,
              "duration": 4374,
              "state": "failed",
              "speed": null,
              "pass": false,
              "fail": true,
              "pending": false,
              "context": null,
              "code": "cy.get('#board-size').clear().type(4);\ncy.get('#generate-board').click();\ncy.get('.pixel').should('have.length', 25);",
              "err": {
                "message": "CypressError: Timed out retrying: Expected to find element: '#board-size', but never found it.",
                "estack": "CypressError: Timed out retrying: Expected to find element: '#board-size', but never found it.\n    at cypressErr (http://localhost:39023/__cypress/runner/cypress_runner.js:149934:9)\n    at throwErr (http://localhost:39023/__cypress/runner/cypress_runner.js:149867:11)\n    at Object.throwErrByPath (http://localhost:39023/__cypress/runner/cypress_runner.js:149915:3)\n    at retry (http://localhost:39023/__cypress/runner/cypress_runner.js:144197:19)\n    at onFailFn (http://localhost:39023/__cypress/runner/cypress_runner.js:132448:16)\n    at tryCatcher (http://localhost:39023/__cypress/runner/cypress_runner.js:167415:23)\n    at Promise._settlePromiseFromHandler (http://localhost:39023/__cypress/runner/cypress_runner.js:165351:31)\n    at Promise._settlePromise (http://localhost:39023/__cypress/runner/cypress_runner.js:165408:18)\n    at Promise._settlePromise0 (http://localhost:39023/__cypress/runner/cypress_runner.js:165453:10)\n    at Promise._settlePromises (http://localhost:39023/__cypress/runner/cypress_runner.js:165528:18)\n    at Async../node_modules/bluebird/js/release/async.js.Async._drainQueue (http://localhost:39023/__cypress/runner/cypress_runner.js:162140:16)\n    at Async../node_modules/bluebird/js/release/async.js.Async._drainQueues (http://localhost:39023/__cypress/runner/cypress_runner.js:162150:10)\n    at Async.drainQueues (http://localhost:39023/__cypress/runner/cypress_runner.js:162024:14)",
                "diff": null
              },
              "uuid": "56efb823-16fb-415e-b91b-09b8e65fcbef",
              "parentUUID": "43fa7df4-aae2-4054-81ed-825afb1fdab5",
              "isHook": false,
              "skipped": false
            },
            {
              "title": "Verifica se a altura do board é 50 quando um valor maior é colocado no input",
              "fullTitle": "11 - Limite o tamanho mínimo e máximo do board. Verifica se a altura do board é 50 quando um valor maior é colocado no input",
              "timedOut": null,
              "duration": 4272,
              "state": "failed",
              "speed": null,
              "pass": false,
              "fail": true,
              "pending": false,
              "context": null,
              "code": "cy.get('#board-size').clear().type(51);\ncy.get('#generate-board').click();\ncy.get('.pixel').should('have.length', 2500);",
              "err": {
                "message": "CypressError: Timed out retrying: Expected to find element: '#board-size', but never found it.",
                "estack": "CypressError: Timed out retrying: Expected to find element: '#board-size', but never found it.\n    at cypressErr (http://localhost:39023/__cypress/runner/cypress_runner.js:149934:9)\n    at throwErr (http://localhost:39023/__cypress/runner/cypress_runner.js:149867:11)\n    at Object.throwErrByPath (http://localhost:39023/__cypress/runner/cypress_runner.js:149915:3)\n    at retry (http://localhost:39023/__cypress/runner/cypress_runner.js:144197:19)\n    at onFailFn (http://localhost:39023/__cypress/runner/cypress_runner.js:132448:16)\n    at tryCatcher (http://localhost:39023/__cypress/runner/cypress_runner.js:167415:23)\n    at Promise._settlePromiseFromHandler (http://localhost:39023/__cypress/runner/cypress_runner.js:165351:31)\n    at Promise._settlePromise (http://localhost:39023/__cypress/runner/cypress_runner.js:165408:18)\n    at Promise._settlePromise0 (http://localhost:39023/__cypress/runner/cypress_runner.js:165453:10)\n    at Promise._settlePromises (http://localhost:39023/__cypress/runner/cypress_runner.js:165528:18)\n    at Async../node_modules/bluebird/js/release/async.js.Async._drainQueue (http://localhost:39023/__cypress/runner/cypress_runner.js:162140:16)\n    at Async../node_modules/bluebird/js/release/async.js.Async._drainQueues (http://localhost:39023/__cypress/runner/cypress_runner.js:162150:10)\n    at Async.drainQueues (http://localhost:39023/__cypress/runner/cypress_runner.js:162024:14)",
                "diff": null
              },
              "uuid": "d91f6ce4-7639-41de-998d-178badf8b853",
              "parentUUID": "43fa7df4-aae2-4054-81ed-825afb1fdab5",
              "isHook": false,
              "skipped": false
            }
          ],
          "suites": [],
          "passes": [],
          "failures": [
            "ce5934a4-7c63-46f6-bb1d-33e36c1af90e",
            "56efb823-16fb-415e-b91b-09b8e65fcbef",
            "d91f6ce4-7639-41de-998d-178badf8b853"
          ],
          "pending": [],
          "skipped": [],
          "duration": 13001,
          "root": false,
          "rootEmpty": false,
          "_timeout": 2000
        },
        {
          "uuid": "37d409a9-02d7-475a-982b-bef00b102290",
          "title": "12 - Faça com que as cores da paleta sejam geradas aleatoriamente ao carregar a página.",
          "fullFile": "",
          "file": "",
          "beforeHooks": [],
          "afterHooks": [],
          "tests": [
            {
              "title": "Verifica se as cores geradas na paleta são diferentes a cada carregamento da página",
              "fullTitle": "12 - Faça com que as cores da paleta sejam geradas aleatoriamente ao carregar a página. Verifica se as cores geradas na paleta são diferentes a cada carregamento da página",
              "timedOut": null,
              "duration": 353,
              "state": "failed",
              "speed": null,
              "pass": false,
              "fail": true,
              "pending": false,
              "context": null,
              "code": "cy.get('.color').then(function (colors) {\n  var currentColors;\n  var previousColors;\n  previousColors = Array.from(colors).map(function (color) {\n    return Cypress.$(color).css('background-color');\n  });\n  for (var i = 0; i < 5; i += 1) {\n    cy.reload();\n    cy.get('.color').then(function (colors) {\n      currentColors = Array.from(colors).map(function (color) {\n        return Cypress.$(color).css('background-color');\n      });\n      expect(currentColors).not.to.deep.equal(previousColors);\n      previousColors = currentColors;\n    });\n  }\n});",
              "err": {
                "message": "AssertionError: expected [ Array(4) ] to not deeply equal [ Array(4) ]",
                "estack": "AssertionError: expected [ Array(4) ] to not deeply equal [ Array(4) ]\n    at getRet (http://localhost:39023/__cypress/runner/cypress_runner.js:136585:16)\n    at tryCatcher (http://localhost:39023/__cypress/runner/cypress_runner.js:167415:23)\n    at Function.Promise.attempt.Promise.try (http://localhost:39023/__cypress/runner/cypress_runner.js:164690:29)\n    at Context.thenFn (http://localhost:39023/__cypress/runner/cypress_runner.js:136599:23)\n    at Context.then (http://localhost:39023/__cypress/runner/cypress_runner.js:136971:21)\n    at Context.<anonymous> (http://localhost:39023/__cypress/runner/cypress_runner.js:148875:21)\n    at http://localhost:39023/__cypress/runner/cypress_runner.js:148351:33\n    at tryCatcher (http://localhost:39023/__cypress/runner/cypress_runner.js:167415:23)\n    at Promise._settlePromiseFromHandler (http://localhost:39023/__cypress/runner/cypress_runner.js:165351:31)\n    at Promise._settlePromise (http://localhost:39023/__cypress/runner/cypress_runner.js:165408:18)\n    at Promise._settlePromiseCtx (http://localhost:39023/__cypress/runner/cypress_runner.js:165445:10)\n    at Async../node_modules/bluebird/js/release/async.js.Async._drainQueue (http://localhost:39023/__cypress/runner/cypress_runner.js:162145:12)\n    at Async../node_modules/bluebird/js/release/async.js.Async._drainQueues (http://localhost:39023/__cypress/runner/cypress_runner.js:162150:10)\n    at Async.drainQueues (http://localhost:39023/__cypress/runner/cypress_runner.js:162024:14)",
                "diff": ""
              },
              "uuid": "816ec887-e17c-4429-a212-0a076ddac675",
              "parentUUID": "37d409a9-02d7-475a-982b-bef00b102290",
              "isHook": false,
              "skipped": false
            },
            {
              "title": "Verifica se a cor preta ainda está presente e é a primeira na sua paleta de cores",
              "fullTitle": "12 - Faça com que as cores da paleta sejam geradas aleatoriamente ao carregar a página. Verifica se a cor preta ainda está presente e é a primeira na sua paleta de cores",
              "timedOut": null,
              "duration": 304,
              "state": "failed",
              "speed": null,
              "pass": false,
              "fail": true,
              "pending": false,
              "context": null,
              "code": "cy.get('.color').then(function (colors) {\n  var currentColors;\n  var previousColors;\n  previousColors = Array.from(colors).map(function (color) {\n    return Cypress.$(color).css('background-color');\n  });\n  expect(previousColors[0]).to.eq(BLACK);\n  for (var i = 0; i < 5; i += 1) {\n    cy.reload();\n    cy.get('.color').then(function (colors) {\n      currentColors = Array.from(colors).map(function (color) {\n        return Cypress.$(color).css('background-color');\n      });\n      expect(currentColors[0]).to.eq(BLACK);\n      expect(currentColors).not.to.deep.equal(previousColors);\n      previousColors = currentColors;\n    });\n  }\n});",
              "err": {
                "message": "AssertionError: expected [ Array(4) ] to not deeply equal [ Array(4) ]",
                "estack": "AssertionError: expected [ Array(4) ] to not deeply equal [ Array(4) ]\n    at getRet (http://localhost:39023/__cypress/runner/cypress_runner.js:136585:16)\n    at tryCatcher (http://localhost:39023/__cypress/runner/cypress_runner.js:167415:23)\n    at Function.Promise.attempt.Promise.try (http://localhost:39023/__cypress/runner/cypress_runner.js:164690:29)\n    at Context.thenFn (http://localhost:39023/__cypress/runner/cypress_runner.js:136599:23)\n    at Context.then (http://localhost:39023/__cypress/runner/cypress_runner.js:136971:21)\n    at Context.<anonymous> (http://localhost:39023/__cypress/runner/cypress_runner.js:148875:21)\n    at http://localhost:39023/__cypress/runner/cypress_runner.js:148351:33\n    at tryCatcher (http://localhost:39023/__cypress/runner/cypress_runner.js:167415:23)\n    at Promise._settlePromiseFromHandler (http://localhost:39023/__cypress/runner/cypress_runner.js:165351:31)\n    at Promise._settlePromise (http://localhost:39023/__cypress/runner/cypress_runner.js:165408:18)\n    at Promise._settlePromiseCtx (http://localhost:39023/__cypress/runner/cypress_runner.js:165445:10)\n    at Async../node_modules/bluebird/js/release/async.js.Async._drainQueue (http://localhost:39023/__cypress/runner/cypress_runner.js:162145:12)\n    at Async../node_modules/bluebird/js/release/async.js.Async._drainQueues (http://localhost:39023/__cypress/runner/cypress_runner.js:162150:10)\n    at Async.drainQueues (http://localhost:39023/__cypress/runner/cypress_runner.js:162024:14)",
                "diff": ""
              },
              "uuid": "16ac102f-0763-42ed-8833-ee1dae58670f",
              "parentUUID": "37d409a9-02d7-475a-982b-bef00b102290",
              "isHook": false,
              "skipped": false
            }
          ],
          "suites": [],
          "passes": [],
          "failures": [
            "816ec887-e17c-4429-a212-0a076ddac675",
            "16ac102f-0763-42ed-8833-ee1dae58670f"
          ],
          "pending": [],
          "skipped": [],
          "duration": 657,
          "root": false,
          "rootEmpty": false,
          "_timeout": 2000
        }
      ],
      "passes": [],
      "failures": [],
      "pending": [],
      "skipped": [],
      "duration": 0,
      "root": true,
      "rootEmpty": true,
      "_timeout": 2000
    }
  ],
  "meta": {
    "mocha": {
      "version": "7.0.1"
    },
    "mochawesome": {
      "options": {
        "quiet": false,
        "reportFilename": "mochawesome",
        "saveHtml": false,
        "saveJson": true,
        "consoleReporter": "spec",
        "useInlineDiffs": false
      },
      "version": "4.1.0"
    },
    "marge": {
      "options": {
        "id": "default",
        "reportDir": "cypress/reports",
        "overwrite": true,
        "html": false,
        "json": true
      },
      "version": "4.1.0"
    }
  }
}