{
  "stats": {
    "suites": 12,
    "tests": 41,
    "passes": 2,
    "pending": 0,
    "failures": 39,
    "start": "2021-09-10T21:29:11.168Z",
    "end": "2021-09-10T21:31:50.721Z",
    "duration": 159553,
    "testsRegistered": 41,
    "passPercent": 4.878048780487805,
    "pendingPercent": 0,
    "other": 0,
    "hasOther": false,
    "skipped": 0,
    "hasSkipped": false
  },
  "results": [
    {
      "uuid": "e57bb3a2-f91f-4ccd-93d1-48ff991404cb",
      "title": "",
      "fullFile": "cypress/integration/project.spec.js",
      "file": "cypress/integration/project.spec.js",
      "beforeHooks": [],
      "afterHooks": [],
      "tests": [],
      "suites": [
        {
          "uuid": "cbc86a7f-7389-49bf-9b92-a306ac6784a0",
          "title": "1 - Adicione à página o título \"Paleta de Cores\".",
          "fullFile": "",
          "file": "",
          "beforeHooks": [],
          "afterHooks": [],
          "tests": [
            {
              "title": "Verifica se contém um elemento `h1` com o id `title` com o título correto",
              "fullTitle": "1 - Adicione à página o título \"Paleta de Cores\". Verifica se contém um elemento `h1` com o id `title` com o título correto",
              "timedOut": null,
              "duration": 4583,
              "state": "failed",
              "speed": null,
              "pass": false,
              "fail": true,
              "pending": false,
              "context": null,
              "code": "cy.get('h1#title').should('contain.text', 'Paleta de Cores');",
              "err": {
                "message": "CypressError: Timed out retrying: expected '<h1#title>' to contain text 'Paleta de Cores', but the text was ''",
                "estack": "CypressError: Timed out retrying: expected '<h1#title>' to contain text 'Paleta de Cores', but the text was ''\n    at cypressErr (http://localhost:36211/__cypress/runner/cypress_runner.js:149934:9)\n    at throwErr (http://localhost:36211/__cypress/runner/cypress_runner.js:149867:11)\n    at Object.throwErrByPath (http://localhost:36211/__cypress/runner/cypress_runner.js:149915:3)\n    at retry (http://localhost:36211/__cypress/runner/cypress_runner.js:144197:19)\n    at onFailFn (http://localhost:36211/__cypress/runner/cypress_runner.js:132448:16)\n    at tryCatcher (http://localhost:36211/__cypress/runner/cypress_runner.js:167415:23)\n    at Promise._settlePromiseFromHandler (http://localhost:36211/__cypress/runner/cypress_runner.js:165351:31)\n    at Promise._settlePromise (http://localhost:36211/__cypress/runner/cypress_runner.js:165408:18)\n    at Promise._settlePromise0 (http://localhost:36211/__cypress/runner/cypress_runner.js:165453:10)\n    at Promise._settlePromises (http://localhost:36211/__cypress/runner/cypress_runner.js:165528:18)\n    at Async../node_modules/bluebird/js/release/async.js.Async._drainQueue (http://localhost:36211/__cypress/runner/cypress_runner.js:162140:16)\n    at Async../node_modules/bluebird/js/release/async.js.Async._drainQueues (http://localhost:36211/__cypress/runner/cypress_runner.js:162150:10)\n    at Async.drainQueues (http://localhost:36211/__cypress/runner/cypress_runner.js:162024:14)",
                "diff": null
              },
              "uuid": "3b8ed636-9be6-494e-a004-0a168fc8c913",
              "parentUUID": "cbc86a7f-7389-49bf-9b92-a306ac6784a0",
              "isHook": false,
              "skipped": false
            }
          ],
          "suites": [],
          "passes": [],
          "failures": [
            "3b8ed636-9be6-494e-a004-0a168fc8c913"
          ],
          "pending": [],
          "skipped": [],
          "duration": 4583,
          "root": false,
          "rootEmpty": false,
          "_timeout": 2000
        },
        {
          "uuid": "6a62900b-faab-4612-a988-96e1040c46b6",
          "title": "2 - Adicione à página uma paleta de quatro cores distintas.",
          "fullFile": "",
          "file": "",
          "beforeHooks": [],
          "afterHooks": [],
          "tests": [
            {
              "title": "A paleta de cores deve ser um elemento com `id` denominado `color-palette`",
              "fullTitle": "2 - Adicione à página uma paleta de quatro cores distintas. A paleta de cores deve ser um elemento com `id` denominado `color-palette`",
              "timedOut": null,
              "duration": 4368,
              "state": "failed",
              "speed": null,
              "pass": false,
              "fail": true,
              "pending": false,
              "context": null,
              "code": "cy.get('#color-palette').should('be.visible');\ncy.get('#color-palette').children('.color');",
              "err": {
                "message": "CypressError: Timed out retrying: Expected to find element: '#color-palette', but never found it.",
                "estack": "CypressError: Timed out retrying: Expected to find element: '#color-palette', but never found it.\n    at cypressErr (http://localhost:36211/__cypress/runner/cypress_runner.js:149934:9)\n    at throwErr (http://localhost:36211/__cypress/runner/cypress_runner.js:149867:11)\n    at Object.throwErrByPath (http://localhost:36211/__cypress/runner/cypress_runner.js:149915:3)\n    at retry (http://localhost:36211/__cypress/runner/cypress_runner.js:144197:19)\n    at onFailFn (http://localhost:36211/__cypress/runner/cypress_runner.js:132448:16)\n    at tryCatcher (http://localhost:36211/__cypress/runner/cypress_runner.js:167415:23)\n    at Promise._settlePromiseFromHandler (http://localhost:36211/__cypress/runner/cypress_runner.js:165351:31)\n    at Promise._settlePromise (http://localhost:36211/__cypress/runner/cypress_runner.js:165408:18)\n    at Promise._settlePromise0 (http://localhost:36211/__cypress/runner/cypress_runner.js:165453:10)\n    at Promise._settlePromises (http://localhost:36211/__cypress/runner/cypress_runner.js:165528:18)\n    at Async../node_modules/bluebird/js/release/async.js.Async._drainQueue (http://localhost:36211/__cypress/runner/cypress_runner.js:162140:16)\n    at Async../node_modules/bluebird/js/release/async.js.Async._drainQueues (http://localhost:36211/__cypress/runner/cypress_runner.js:162150:10)\n    at Async.drainQueues (http://localhost:36211/__cypress/runner/cypress_runner.js:162024:14)",
                "diff": null
              },
              "uuid": "2c7d43e2-3880-4bf9-a878-de198ed1b009",
              "parentUUID": "6a62900b-faab-4612-a988-96e1040c46b6",
              "isHook": false,
              "skipped": false
            },
            {
              "title": "Verifica se cada cor individual da paleta de cores possui a `classe` chamada `color`.",
              "fullTitle": "2 - Adicione à página uma paleta de quatro cores distintas. Verifica se cada cor individual da paleta de cores possui a `classe` chamada `color`.",
              "timedOut": null,
              "duration": 4319,
              "state": "failed",
              "speed": null,
              "pass": false,
              "fail": true,
              "pending": false,
              "context": null,
              "code": "cy.get('.color').should('have.length', 4).then(function (colors) {\n  for (var i = 0; i < colors.length; i++) {\n    cy.wrap(colors[i]).should('be.visible');\n  }\n});",
              "err": {
                "message": "CypressError: Timed out retrying: expected '<div#color-palette-black.color>' to be 'visible'\n\nThis element '<div#color-palette-black.color>' is not visible because it has an effective width and height of: '1350 x 0' pixels.",
                "estack": "CypressError: Timed out retrying: expected '<div#color-palette-black.color>' to be 'visible'\n\nThis element '<div#color-palette-black.color>' is not visible because it has an effective width and height of: '1350 x 0' pixels.\n    at cypressErr (http://localhost:36211/__cypress/runner/cypress_runner.js:149934:9)\n    at throwErr (http://localhost:36211/__cypress/runner/cypress_runner.js:149867:11)\n    at Object.throwErrByPath (http://localhost:36211/__cypress/runner/cypress_runner.js:149915:3)\n    at retry (http://localhost:36211/__cypress/runner/cypress_runner.js:144197:19)\n    at onFailFn (http://localhost:36211/__cypress/runner/cypress_runner.js:132448:16)\n    at tryCatcher (http://localhost:36211/__cypress/runner/cypress_runner.js:167415:23)\n    at Promise._settlePromiseFromHandler (http://localhost:36211/__cypress/runner/cypress_runner.js:165351:31)\n    at Promise._settlePromise (http://localhost:36211/__cypress/runner/cypress_runner.js:165408:18)\n    at Promise._settlePromise0 (http://localhost:36211/__cypress/runner/cypress_runner.js:165453:10)\n    at Promise._settlePromises (http://localhost:36211/__cypress/runner/cypress_runner.js:165528:18)\n    at Async../node_modules/bluebird/js/release/async.js.Async._drainQueue (http://localhost:36211/__cypress/runner/cypress_runner.js:162140:16)\n    at Async../node_modules/bluebird/js/release/async.js.Async._drainQueues (http://localhost:36211/__cypress/runner/cypress_runner.js:162150:10)\n    at Async.drainQueues (http://localhost:36211/__cypress/runner/cypress_runner.js:162024:14)",
                "diff": null
              },
              "uuid": "e3961d6e-2170-4ea7-86de-61b7a9de4f35",
              "parentUUID": "6a62900b-faab-4612-a988-96e1040c46b6",
              "isHook": false,
              "skipped": false
            },
            {
              "title": "Verifica se a cor de fundo de cada elemento da paleta é a cor que o elemento representa. **A única cor não permitida na paleta é a cor branca.**",
              "fullTitle": "2 - Adicione à página uma paleta de quatro cores distintas. Verifica se a cor de fundo de cada elemento da paleta é a cor que o elemento representa. **A única cor não permitida na paleta é a cor branca.**",
              "timedOut": null,
              "duration": 171,
              "state": "passed",
              "speed": "slow",
              "pass": true,
              "fail": false,
              "pending": false,
              "context": null,
              "code": "cy.get('.color').each(function (color) {\n  cy.wrap(color).should('have.class', 'color').and('not.have.css', 'background-color', WHITE);\n  cy.wrap(color).should('have.css', 'background-color');\n});",
              "err": {},
              "uuid": "3e67baea-8193-4854-b1ac-0d1f469aaab6",
              "parentUUID": "6a62900b-faab-4612-a988-96e1040c46b6",
              "isHook": false,
              "skipped": false
            },
            {
              "title": "Verifica se cada elemento da paleta de cores tem uma borda preta, sólida e com 1 pixel de largura;",
              "fullTitle": "2 - Adicione à página uma paleta de quatro cores distintas. Verifica se cada elemento da paleta de cores tem uma borda preta, sólida e com 1 pixel de largura;",
              "timedOut": null,
              "duration": 4263,
              "state": "failed",
              "speed": null,
              "pass": false,
              "fail": true,
              "pending": false,
              "context": null,
              "code": "cy.get('.color').each(function (color) {\n  cy.wrap(color).and('have.css', 'border', \"1px solid \".concat(BLACK)).and('have.class', 'color');\n});",
              "err": {
                "message": "CypressError: Timed out retrying: expected '<div#color-palette-black.color>' to have CSS property 'border' with the value '1px solid rgb(0, 0, 0)', but the value was '0px none rgb(0, 0, 0)'",
                "estack": "CypressError: Timed out retrying: expected '<div#color-palette-black.color>' to have CSS property 'border' with the value '1px solid rgb(0, 0, 0)', but the value was '0px none rgb(0, 0, 0)'\n    at cypressErr (http://localhost:36211/__cypress/runner/cypress_runner.js:149934:9)\n    at throwErr (http://localhost:36211/__cypress/runner/cypress_runner.js:149867:11)\n    at Object.throwErrByPath (http://localhost:36211/__cypress/runner/cypress_runner.js:149915:3)\n    at retry (http://localhost:36211/__cypress/runner/cypress_runner.js:144197:19)\n    at onFailFn (http://localhost:36211/__cypress/runner/cypress_runner.js:132448:16)\n    at tryCatcher (http://localhost:36211/__cypress/runner/cypress_runner.js:167415:23)\n    at Promise._settlePromiseFromHandler (http://localhost:36211/__cypress/runner/cypress_runner.js:165351:31)\n    at Promise._settlePromise (http://localhost:36211/__cypress/runner/cypress_runner.js:165408:18)\n    at Promise._settlePromise0 (http://localhost:36211/__cypress/runner/cypress_runner.js:165453:10)\n    at Promise._settlePromises (http://localhost:36211/__cypress/runner/cypress_runner.js:165528:18)\n    at Async../node_modules/bluebird/js/release/async.js.Async._drainQueue (http://localhost:36211/__cypress/runner/cypress_runner.js:162140:16)\n    at Async../node_modules/bluebird/js/release/async.js.Async._drainQueues (http://localhost:36211/__cypress/runner/cypress_runner.js:162150:10)\n    at Async.drainQueues (http://localhost:36211/__cypress/runner/cypress_runner.js:162024:14)",
                "diff": null
              },
              "uuid": "a43e2054-1747-40f1-bd52-7e46bc35bffb",
              "parentUUID": "6a62900b-faab-4612-a988-96e1040c46b6",
              "isHook": false,
              "skipped": false
            },
            {
              "title": "Verifica se a paleta lista todas as cores disponíveis para utilização, lado a lado.",
              "fullTitle": "2 - Adicione à página uma paleta de quatro cores distintas. Verifica se a paleta lista todas as cores disponíveis para utilização, lado a lado.",
              "timedOut": null,
              "duration": 4320,
              "state": "failed",
              "speed": null,
              "pass": false,
              "fail": true,
              "pending": false,
              "context": null,
              "code": "cy.get('.color').then(function (colors) {\n  for (var index = 1; index < colors.length; index += 1) {\n    var currentColor = colors[index];\n    var previousColor = colors[index - 1];\n    cy.wrap(currentColor).should('be.onTheRightOf', previousColor).and('be.horizontallyAlignedWith', previousColor);\n  }\n});",
              "err": {
                "message": "CypressError: Timed out retrying: expected '<div#color-palette-red.color>' to be on the right of <div id=\"color-palette-black\" class=\"color\"></div>",
                "estack": "CypressError: Timed out retrying: expected '<div#color-palette-red.color>' to be on the right of <div id=\"color-palette-black\" class=\"color\"></div>\n    at cypressErr (http://localhost:36211/__cypress/runner/cypress_runner.js:149934:9)\n    at throwErr (http://localhost:36211/__cypress/runner/cypress_runner.js:149867:11)\n    at Object.throwErrByPath (http://localhost:36211/__cypress/runner/cypress_runner.js:149915:3)\n    at retry (http://localhost:36211/__cypress/runner/cypress_runner.js:144197:19)\n    at onFailFn (http://localhost:36211/__cypress/runner/cypress_runner.js:132448:16)\n    at tryCatcher (http://localhost:36211/__cypress/runner/cypress_runner.js:167415:23)\n    at Promise._settlePromiseFromHandler (http://localhost:36211/__cypress/runner/cypress_runner.js:165351:31)\n    at Promise._settlePromise (http://localhost:36211/__cypress/runner/cypress_runner.js:165408:18)\n    at Promise._settlePromise0 (http://localhost:36211/__cypress/runner/cypress_runner.js:165453:10)\n    at Promise._settlePromises (http://localhost:36211/__cypress/runner/cypress_runner.js:165528:18)\n    at Async../node_modules/bluebird/js/release/async.js.Async._drainQueue (http://localhost:36211/__cypress/runner/cypress_runner.js:162140:16)\n    at Async../node_modules/bluebird/js/release/async.js.Async._drainQueues (http://localhost:36211/__cypress/runner/cypress_runner.js:162150:10)\n    at Async.drainQueues (http://localhost:36211/__cypress/runner/cypress_runner.js:162024:14)",
                "diff": null
              },
              "uuid": "c05bacc0-b7f4-4989-8ae0-42808b932368",
              "parentUUID": "6a62900b-faab-4612-a988-96e1040c46b6",
              "isHook": false,
              "skipped": false
            },
            {
              "title": "Verifica se a paleta de cores está posicionada abaixo do título 'Paleta de Cores'",
              "fullTitle": "2 - Adicione à página uma paleta de quatro cores distintas. Verifica se a paleta de cores está posicionada abaixo do título 'Paleta de Cores'",
              "timedOut": null,
              "duration": 4314,
              "state": "failed",
              "speed": null,
              "pass": false,
              "fail": true,
              "pending": false,
              "context": null,
              "code": "cy.get('h1#title').then(function (title) {\n  cy.get('#color-palette').should('be.belowOf', title);\n});",
              "err": {
                "message": "CypressError: Timed out retrying: Expected to find element: '#color-palette', but never found it.",
                "estack": "CypressError: Timed out retrying: Expected to find element: '#color-palette', but never found it.\n    at cypressErr (http://localhost:36211/__cypress/runner/cypress_runner.js:149934:9)\n    at throwErr (http://localhost:36211/__cypress/runner/cypress_runner.js:149867:11)\n    at Object.throwErrByPath (http://localhost:36211/__cypress/runner/cypress_runner.js:149915:3)\n    at retry (http://localhost:36211/__cypress/runner/cypress_runner.js:144197:19)\n    at onFailFn (http://localhost:36211/__cypress/runner/cypress_runner.js:132448:16)\n    at tryCatcher (http://localhost:36211/__cypress/runner/cypress_runner.js:167415:23)\n    at Promise._settlePromiseFromHandler (http://localhost:36211/__cypress/runner/cypress_runner.js:165351:31)\n    at Promise._settlePromise (http://localhost:36211/__cypress/runner/cypress_runner.js:165408:18)\n    at Promise._settlePromise0 (http://localhost:36211/__cypress/runner/cypress_runner.js:165453:10)\n    at Promise._settlePromises (http://localhost:36211/__cypress/runner/cypress_runner.js:165528:18)\n    at Async../node_modules/bluebird/js/release/async.js.Async._drainQueue (http://localhost:36211/__cypress/runner/cypress_runner.js:162140:16)\n    at Async../node_modules/bluebird/js/release/async.js.Async._drainQueues (http://localhost:36211/__cypress/runner/cypress_runner.js:162150:10)\n    at Async.drainQueues (http://localhost:36211/__cypress/runner/cypress_runner.js:162024:14)",
                "diff": null
              },
              "uuid": "c19da57a-7335-42b9-9c0a-42471005add3",
              "parentUUID": "6a62900b-faab-4612-a988-96e1040c46b6",
              "isHook": false,
              "skipped": false
            },
            {
              "title": "Verifica se a paleta de cores não contém cores repetidas.",
              "fullTitle": "2 - Adicione à página uma paleta de quatro cores distintas. Verifica se a paleta de cores não contém cores repetidas.",
              "timedOut": null,
              "duration": 332,
              "state": "failed",
              "speed": null,
              "pass": false,
              "fail": true,
              "pending": false,
              "context": null,
              "code": "cy.get('.color').then(function (colors) {\n  var allColors = Array.from(colors).map(function (color) {\n    return Cypress.$(color).css('background-color');\n  });\n  cy.log(allColors);\n  var uniqColors = (0, _toConsumableArray2[\"default\"])(new Set(allColors));\n  cy.log(uniqColors);\n  expect(allColors.length).to.eq(uniqColors.length);\n});",
              "err": {
                "message": "AssertionError: expected 4 to equal 1",
                "estack": "AssertionError: expected 4 to equal 1\n    at getRet (http://localhost:36211/__cypress/runner/cypress_runner.js:136585:16)\n    at tryCatcher (http://localhost:36211/__cypress/runner/cypress_runner.js:167415:23)\n    at Function.Promise.attempt.Promise.try (http://localhost:36211/__cypress/runner/cypress_runner.js:164690:29)\n    at Context.thenFn (http://localhost:36211/__cypress/runner/cypress_runner.js:136599:23)\n    at Context.then (http://localhost:36211/__cypress/runner/cypress_runner.js:136971:21)\n    at Context.<anonymous> (http://localhost:36211/__cypress/runner/cypress_runner.js:148875:21)\n    at http://localhost:36211/__cypress/runner/cypress_runner.js:148351:33\n    at tryCatcher (http://localhost:36211/__cypress/runner/cypress_runner.js:167415:23)\n    at Promise._settlePromiseFromHandler (http://localhost:36211/__cypress/runner/cypress_runner.js:165351:31)\n    at Promise._settlePromise (http://localhost:36211/__cypress/runner/cypress_runner.js:165408:18)\n    at Promise._settlePromiseCtx (http://localhost:36211/__cypress/runner/cypress_runner.js:165445:10)\n    at Async../node_modules/bluebird/js/release/async.js.Async._drainQueue (http://localhost:36211/__cypress/runner/cypress_runner.js:162145:12)\n    at Async../node_modules/bluebird/js/release/async.js.Async._drainQueues (http://localhost:36211/__cypress/runner/cypress_runner.js:162150:10)\n    at Async.drainQueues (http://localhost:36211/__cypress/runner/cypress_runner.js:162024:14)",
                "diff": "- 4\n+ 1\n"
              },
              "uuid": "f5f0bac3-708a-4b70-9584-8bd8779b34f4",
              "parentUUID": "6a62900b-faab-4612-a988-96e1040c46b6",
              "isHook": false,
              "skipped": false
            }
          ],
          "suites": [],
          "passes": [
            "3e67baea-8193-4854-b1ac-0d1f469aaab6"
          ],
          "failures": [
            "2c7d43e2-3880-4bf9-a878-de198ed1b009",
            "e3961d6e-2170-4ea7-86de-61b7a9de4f35",
            "a43e2054-1747-40f1-bd52-7e46bc35bffb",
            "c05bacc0-b7f4-4989-8ae0-42808b932368",
            "c19da57a-7335-42b9-9c0a-42471005add3",
            "f5f0bac3-708a-4b70-9584-8bd8779b34f4"
          ],
          "pending": [],
          "skipped": [],
          "duration": 22087,
          "root": false,
          "rootEmpty": false,
          "_timeout": 2000
        },
        {
          "uuid": "3c33c440-53f2-4504-b68a-05826268b643",
          "title": "3 - Adicione a cor **preta** como a primeira cor da paleta de cores.",
          "fullFile": "",
          "file": "",
          "beforeHooks": [],
          "afterHooks": [],
          "tests": [
            {
              "title": "Verifica se a primeira cor da paleta é preta",
              "fullTitle": "3 - Adicione a cor **preta** como a primeira cor da paleta de cores. Verifica se a primeira cor da paleta é preta",
              "timedOut": null,
              "duration": 4275,
              "state": "failed",
              "speed": null,
              "pass": false,
              "fail": true,
              "pending": false,
              "context": null,
              "code": "cy.get('.color').first().should('have.css', 'background-color', BLACK);",
              "err": {
                "message": "CypressError: Timed out retrying: expected '<div#color-palette-black.color>' to have CSS property 'background-color' with the value 'rgb(0, 0, 0)', but the value was 'rgba(0, 0, 0, 0)'",
                "estack": "CypressError: Timed out retrying: expected '<div#color-palette-black.color>' to have CSS property 'background-color' with the value 'rgb(0, 0, 0)', but the value was 'rgba(0, 0, 0, 0)'\n    at cypressErr (http://localhost:36211/__cypress/runner/cypress_runner.js:149934:9)\n    at throwErr (http://localhost:36211/__cypress/runner/cypress_runner.js:149867:11)\n    at Object.throwErrByPath (http://localhost:36211/__cypress/runner/cypress_runner.js:149915:3)\n    at retry (http://localhost:36211/__cypress/runner/cypress_runner.js:144197:19)\n    at onFailFn (http://localhost:36211/__cypress/runner/cypress_runner.js:132448:16)\n    at tryCatcher (http://localhost:36211/__cypress/runner/cypress_runner.js:167415:23)\n    at Promise._settlePromiseFromHandler (http://localhost:36211/__cypress/runner/cypress_runner.js:165351:31)\n    at Promise._settlePromise (http://localhost:36211/__cypress/runner/cypress_runner.js:165408:18)\n    at Promise._settlePromise0 (http://localhost:36211/__cypress/runner/cypress_runner.js:165453:10)\n    at Promise._settlePromises (http://localhost:36211/__cypress/runner/cypress_runner.js:165528:18)\n    at Async../node_modules/bluebird/js/release/async.js.Async._drainQueue (http://localhost:36211/__cypress/runner/cypress_runner.js:162140:16)\n    at Async../node_modules/bluebird/js/release/async.js.Async._drainQueues (http://localhost:36211/__cypress/runner/cypress_runner.js:162150:10)\n    at Async.drainQueues (http://localhost:36211/__cypress/runner/cypress_runner.js:162024:14)",
                "diff": null
              },
              "uuid": "cf8402c5-dfb9-4344-ae90-05cac9b9101d",
              "parentUUID": "3c33c440-53f2-4504-b68a-05826268b643",
              "isHook": false,
              "skipped": false
            },
            {
              "title": "Verifica se as demais cores podem ser escolhidas livremente.",
              "fullTitle": "3 - Adicione a cor **preta** como a primeira cor da paleta de cores. Verifica se as demais cores podem ser escolhidas livremente.",
              "timedOut": null,
              "duration": 4301,
              "state": "failed",
              "speed": null,
              "pass": false,
              "fail": true,
              "pending": false,
              "context": null,
              "code": "cy.get('.color').eq(1).should('not.have.css', 'background-color', BLACK);\ncy.get('.color').eq(1).should('not.have.css', 'background-color', WHITE);\ncy.get('.color').eq(1).should('not.have.css', 'background-color', 'rgba(0, 0, 0, 0)');\ncy.get('.color').eq(1).should('have.css', 'background-color');\ncy.get('.color').eq(2).should('not.have.css', 'background-color', BLACK);\ncy.get('.color').eq(2).should('not.have.css', 'background-color', WHITE);\ncy.get('.color').eq(2).should('not.have.css', 'background-color', 'rgba(0, 0, 0, 0)');\ncy.get('.color').eq(2).should('have.css', 'background-color');\ncy.get('.color').eq(3).should('not.have.css', 'background-color', BLACK);\ncy.get('.color').eq(3).should('not.have.css', 'background-color', WHITE);\ncy.get('.color').eq(3).should('not.have.css', 'background-color', 'rgba(0, 0, 0, 0)');\ncy.get('.color').eq(3).should('have.css', 'background-color');",
              "err": {
                "message": "CypressError: Timed out retrying: expected '<div#color-palette-red.color>' not to have CSS property 'background-color' with the value 'rgba(0, 0, 0, 0)', but the value was 'rgba(0, 0, 0, 0)'",
                "estack": "CypressError: Timed out retrying: expected '<div#color-palette-red.color>' not to have CSS property 'background-color' with the value 'rgba(0, 0, 0, 0)', but the value was 'rgba(0, 0, 0, 0)'\n    at cypressErr (http://localhost:36211/__cypress/runner/cypress_runner.js:149934:9)\n    at throwErr (http://localhost:36211/__cypress/runner/cypress_runner.js:149867:11)\n    at Object.throwErrByPath (http://localhost:36211/__cypress/runner/cypress_runner.js:149915:3)\n    at retry (http://localhost:36211/__cypress/runner/cypress_runner.js:144197:19)\n    at onFailFn (http://localhost:36211/__cypress/runner/cypress_runner.js:132448:16)\n    at tryCatcher (http://localhost:36211/__cypress/runner/cypress_runner.js:167415:23)\n    at Promise._settlePromiseFromHandler (http://localhost:36211/__cypress/runner/cypress_runner.js:165351:31)\n    at Promise._settlePromise (http://localhost:36211/__cypress/runner/cypress_runner.js:165408:18)\n    at Promise._settlePromise0 (http://localhost:36211/__cypress/runner/cypress_runner.js:165453:10)\n    at Promise._settlePromises (http://localhost:36211/__cypress/runner/cypress_runner.js:165528:18)\n    at Async../node_modules/bluebird/js/release/async.js.Async._drainQueue (http://localhost:36211/__cypress/runner/cypress_runner.js:162140:16)\n    at Async../node_modules/bluebird/js/release/async.js.Async._drainQueues (http://localhost:36211/__cypress/runner/cypress_runner.js:162150:10)\n    at Async.drainQueues (http://localhost:36211/__cypress/runner/cypress_runner.js:162024:14)",
                "diff": null
              },
              "uuid": "470cd7fd-0c6d-4c87-8453-017e337aee8f",
              "parentUUID": "3c33c440-53f2-4504-b68a-05826268b643",
              "isHook": false,
              "skipped": false
            }
          ],
          "suites": [],
          "passes": [],
          "failures": [
            "cf8402c5-dfb9-4344-ae90-05cac9b9101d",
            "470cd7fd-0c6d-4c87-8453-017e337aee8f"
          ],
          "pending": [],
          "skipped": [],
          "duration": 8576,
          "root": false,
          "rootEmpty": false,
          "_timeout": 2000
        },
        {
          "uuid": "01b48694-a739-4f82-85cb-84172db6244f",
          "title": "4 - Adicione à página um quadro de pixels, com 25 pixels.",
          "fullFile": "",
          "file": "",
          "beforeHooks": [],
          "afterHooks": [],
          "tests": [
            {
              "title": "Verifica se o quadro de pixels possui o `id` denominado `pixel-board`",
              "fullTitle": "4 - Adicione à página um quadro de pixels, com 25 pixels. Verifica se o quadro de pixels possui o `id` denominado `pixel-board`",
              "timedOut": null,
              "duration": 4309,
              "state": "failed",
              "speed": null,
              "pass": false,
              "fail": true,
              "pending": false,
              "context": null,
              "code": "cy.get('#pixel-board').should('be.visible');",
              "err": {
                "message": "CypressError: Timed out retrying: Expected to find element: '#pixel-board', but never found it.",
                "estack": "CypressError: Timed out retrying: Expected to find element: '#pixel-board', but never found it.\n    at cypressErr (http://localhost:36211/__cypress/runner/cypress_runner.js:149934:9)\n    at throwErr (http://localhost:36211/__cypress/runner/cypress_runner.js:149867:11)\n    at Object.throwErrByPath (http://localhost:36211/__cypress/runner/cypress_runner.js:149915:3)\n    at retry (http://localhost:36211/__cypress/runner/cypress_runner.js:144197:19)\n    at onFailFn (http://localhost:36211/__cypress/runner/cypress_runner.js:132448:16)\n    at tryCatcher (http://localhost:36211/__cypress/runner/cypress_runner.js:167415:23)\n    at Promise._settlePromiseFromHandler (http://localhost:36211/__cypress/runner/cypress_runner.js:165351:31)\n    at Promise._settlePromise (http://localhost:36211/__cypress/runner/cypress_runner.js:165408:18)\n    at Promise._settlePromise0 (http://localhost:36211/__cypress/runner/cypress_runner.js:165453:10)\n    at Promise._settlePromises (http://localhost:36211/__cypress/runner/cypress_runner.js:165528:18)\n    at Async../node_modules/bluebird/js/release/async.js.Async._drainQueue (http://localhost:36211/__cypress/runner/cypress_runner.js:162140:16)\n    at Async../node_modules/bluebird/js/release/async.js.Async._drainQueues (http://localhost:36211/__cypress/runner/cypress_runner.js:162150:10)\n    at Async.drainQueues (http://localhost:36211/__cypress/runner/cypress_runner.js:162024:14)",
                "diff": null
              },
              "uuid": "cf87348c-c587-4576-845b-324b3d4e5f34",
              "parentUUID": "01b48694-a739-4f82-85cb-84172db6244f",
              "isHook": false,
              "skipped": false
            },
            {
              "title": "Verifica se cada pixel individual dentro do quadro possui a `classe` denominada `pixel`.",
              "fullTitle": "4 - Adicione à página um quadro de pixels, com 25 pixels. Verifica se cada pixel individual dentro do quadro possui a `classe` denominada `pixel`.",
              "timedOut": null,
              "duration": 4318,
              "state": "failed",
              "speed": null,
              "pass": false,
              "fail": true,
              "pending": false,
              "context": null,
              "code": "cy.get('.pixel').should('have.length', 25);",
              "err": {
                "message": "CypressError: Timed out retrying: Expected to find element: '.pixel', but never found it.",
                "estack": "CypressError: Timed out retrying: Expected to find element: '.pixel', but never found it.\n    at cypressErr (http://localhost:36211/__cypress/runner/cypress_runner.js:149934:9)\n    at throwErr (http://localhost:36211/__cypress/runner/cypress_runner.js:149867:11)\n    at Object.throwErrByPath (http://localhost:36211/__cypress/runner/cypress_runner.js:149915:3)\n    at retry (http://localhost:36211/__cypress/runner/cypress_runner.js:144197:19)\n    at onFailFn (http://localhost:36211/__cypress/runner/cypress_runner.js:132448:16)\n    at tryCatcher (http://localhost:36211/__cypress/runner/cypress_runner.js:167415:23)\n    at Promise._settlePromiseFromHandler (http://localhost:36211/__cypress/runner/cypress_runner.js:165351:31)\n    at Promise._settlePromise (http://localhost:36211/__cypress/runner/cypress_runner.js:165408:18)\n    at Promise._settlePromise0 (http://localhost:36211/__cypress/runner/cypress_runner.js:165453:10)\n    at Promise._settlePromises (http://localhost:36211/__cypress/runner/cypress_runner.js:165528:18)\n    at Async../node_modules/bluebird/js/release/async.js.Async._drainQueue (http://localhost:36211/__cypress/runner/cypress_runner.js:162140:16)\n    at Async../node_modules/bluebird/js/release/async.js.Async._drainQueues (http://localhost:36211/__cypress/runner/cypress_runner.js:162150:10)\n    at Async.drainQueues (http://localhost:36211/__cypress/runner/cypress_runner.js:162024:14)",
                "diff": null
              },
              "uuid": "1812bee0-254e-4de9-b8db-a64dd260c9da",
              "parentUUID": "01b48694-a739-4f82-85cb-84172db6244f",
              "isHook": false,
              "skipped": false
            },
            {
              "title": "Verifica se a cor inicial dos pixels dentro do quadro, ao abrir a página, é branca.",
              "fullTitle": "4 - Adicione à página um quadro de pixels, com 25 pixels. Verifica se a cor inicial dos pixels dentro do quadro, ao abrir a página, é branca.",
              "timedOut": null,
              "duration": 4320,
              "state": "failed",
              "speed": null,
              "pass": false,
              "fail": true,
              "pending": false,
              "context": null,
              "code": "cy.get('.pixel').should('have.length', 25).each(function (pixel) {\n  expect(pixel).to.have.css('background-color', WHITE);\n});",
              "err": {
                "message": "CypressError: Timed out retrying: Expected to find element: '.pixel', but never found it.",
                "estack": "CypressError: Timed out retrying: Expected to find element: '.pixel', but never found it.\n    at cypressErr (http://localhost:36211/__cypress/runner/cypress_runner.js:149934:9)\n    at throwErr (http://localhost:36211/__cypress/runner/cypress_runner.js:149867:11)\n    at Object.throwErrByPath (http://localhost:36211/__cypress/runner/cypress_runner.js:149915:3)\n    at retry (http://localhost:36211/__cypress/runner/cypress_runner.js:144197:19)\n    at onFailFn (http://localhost:36211/__cypress/runner/cypress_runner.js:132448:16)\n    at tryCatcher (http://localhost:36211/__cypress/runner/cypress_runner.js:167415:23)\n    at Promise._settlePromiseFromHandler (http://localhost:36211/__cypress/runner/cypress_runner.js:165351:31)\n    at Promise._settlePromise (http://localhost:36211/__cypress/runner/cypress_runner.js:165408:18)\n    at Promise._settlePromise0 (http://localhost:36211/__cypress/runner/cypress_runner.js:165453:10)\n    at Promise._settlePromises (http://localhost:36211/__cypress/runner/cypress_runner.js:165528:18)\n    at Async../node_modules/bluebird/js/release/async.js.Async._drainQueue (http://localhost:36211/__cypress/runner/cypress_runner.js:162140:16)\n    at Async../node_modules/bluebird/js/release/async.js.Async._drainQueues (http://localhost:36211/__cypress/runner/cypress_runner.js:162150:10)\n    at Async.drainQueues (http://localhost:36211/__cypress/runner/cypress_runner.js:162024:14)",
                "diff": null
              },
              "uuid": "0ffc867d-1e9b-4ab2-b7a9-6abfab2b1039",
              "parentUUID": "01b48694-a739-4f82-85cb-84172db6244f",
              "isHook": false,
              "skipped": false
            },
            {
              "title": "Verifica se o quadro de pixels aparece abaixo da paleta de cores",
              "fullTitle": "4 - Adicione à página um quadro de pixels, com 25 pixels. Verifica se o quadro de pixels aparece abaixo da paleta de cores",
              "timedOut": null,
              "duration": 4318,
              "state": "failed",
              "speed": null,
              "pass": false,
              "fail": true,
              "pending": false,
              "context": null,
              "code": "cy.get('#color-palette').then(function (palette) {\n  cy.get('#pixel-board').should('be.belowOf', palette);\n});",
              "err": {
                "message": "CypressError: Timed out retrying: Expected to find element: '#color-palette', but never found it.",
                "estack": "CypressError: Timed out retrying: Expected to find element: '#color-palette', but never found it.\n    at cypressErr (http://localhost:36211/__cypress/runner/cypress_runner.js:149934:9)\n    at throwErr (http://localhost:36211/__cypress/runner/cypress_runner.js:149867:11)\n    at Object.throwErrByPath (http://localhost:36211/__cypress/runner/cypress_runner.js:149915:3)\n    at retry (http://localhost:36211/__cypress/runner/cypress_runner.js:144197:19)\n    at onFailFn (http://localhost:36211/__cypress/runner/cypress_runner.js:132448:16)\n    at tryCatcher (http://localhost:36211/__cypress/runner/cypress_runner.js:167415:23)\n    at Promise._settlePromiseFromHandler (http://localhost:36211/__cypress/runner/cypress_runner.js:165351:31)\n    at Promise._settlePromise (http://localhost:36211/__cypress/runner/cypress_runner.js:165408:18)\n    at Promise._settlePromise0 (http://localhost:36211/__cypress/runner/cypress_runner.js:165453:10)\n    at Promise._settlePromises (http://localhost:36211/__cypress/runner/cypress_runner.js:165528:18)\n    at Async../node_modules/bluebird/js/release/async.js.Async._drainQueue (http://localhost:36211/__cypress/runner/cypress_runner.js:162140:16)\n    at Async../node_modules/bluebird/js/release/async.js.Async._drainQueues (http://localhost:36211/__cypress/runner/cypress_runner.js:162150:10)\n    at Async.drainQueues (http://localhost:36211/__cypress/runner/cypress_runner.js:162024:14)",
                "diff": null
              },
              "uuid": "b8a13c64-c3b4-41e4-a51c-d3e4bac194b4",
              "parentUUID": "01b48694-a739-4f82-85cb-84172db6244f",
              "isHook": false,
              "skipped": false
            }
          ],
          "suites": [],
          "passes": [],
          "failures": [
            "cf87348c-c587-4576-845b-324b3d4e5f34",
            "1812bee0-254e-4de9-b8db-a64dd260c9da",
            "0ffc867d-1e9b-4ab2-b7a9-6abfab2b1039",
            "b8a13c64-c3b4-41e4-a51c-d3e4bac194b4"
          ],
          "pending": [],
          "skipped": [],
          "duration": 17265,
          "root": false,
          "rootEmpty": false,
          "_timeout": 2000
        },
        {
          "uuid": "466a9044-67db-4b21-9e0a-58275d62cfca",
          "title": "5 - Faça com que cada elemento do quadro de pixels possua 40 pixels de largura, 40 pixels de altura e seja delimitado por uma borda preta de 1 pixel.",
          "fullFile": "",
          "file": "",
          "beforeHooks": [],
          "afterHooks": [],
          "tests": [
            {
              "title": "Verifica se o quadro de pixels tem altura e comprimento de 5 elementos",
              "fullTitle": "5 - Faça com que cada elemento do quadro de pixels possua 40 pixels de largura, 40 pixels de altura e seja delimitado por uma borda preta de 1 pixel. Verifica se o quadro de pixels tem altura e comprimento de 5 elementos",
              "timedOut": null,
              "duration": 4357,
              "state": "failed",
              "speed": null,
              "pass": false,
              "fail": true,
              "pending": false,
              "context": null,
              "code": "cy.get('.pixel').should('have.length', 25).each(function (pixel) {\n  expect(pixel).to.have.css('background-color', WHITE);\n}).and(function (pixels) {\n  var rows = chunk(pixels, 5);\n  rows.forEach(function (row) {\n    for (var index = 1; index < row.length; index += 1) {\n      var current = pixels[index];\n      var previous = pixels[index - 1];\n      cy.wrap(current).should('be.onTheRightOf', previous).and('be.horizontallyAlignedWith', previous);\n    }\n  });\n  for (var index = 1; index < 5; index += 1) {\n    expect(pixels[index * 5]).to.be.belowOf(pixels[(index - 1) * 5]);\n  }\n});",
              "err": {
                "message": "CypressError: Timed out retrying: Expected to find element: '.pixel', but never found it.",
                "estack": "CypressError: Timed out retrying: Expected to find element: '.pixel', but never found it.\n    at cypressErr (http://localhost:36211/__cypress/runner/cypress_runner.js:149934:9)\n    at throwErr (http://localhost:36211/__cypress/runner/cypress_runner.js:149867:11)\n    at Object.throwErrByPath (http://localhost:36211/__cypress/runner/cypress_runner.js:149915:3)\n    at retry (http://localhost:36211/__cypress/runner/cypress_runner.js:144197:19)\n    at onFailFn (http://localhost:36211/__cypress/runner/cypress_runner.js:132448:16)\n    at tryCatcher (http://localhost:36211/__cypress/runner/cypress_runner.js:167415:23)\n    at Promise._settlePromiseFromHandler (http://localhost:36211/__cypress/runner/cypress_runner.js:165351:31)\n    at Promise._settlePromise (http://localhost:36211/__cypress/runner/cypress_runner.js:165408:18)\n    at Promise._settlePromise0 (http://localhost:36211/__cypress/runner/cypress_runner.js:165453:10)\n    at Promise._settlePromises (http://localhost:36211/__cypress/runner/cypress_runner.js:165528:18)\n    at Async../node_modules/bluebird/js/release/async.js.Async._drainQueue (http://localhost:36211/__cypress/runner/cypress_runner.js:162140:16)\n    at Async../node_modules/bluebird/js/release/async.js.Async._drainQueues (http://localhost:36211/__cypress/runner/cypress_runner.js:162150:10)\n    at Async.drainQueues (http://localhost:36211/__cypress/runner/cypress_runner.js:162024:14)",
                "diff": null
              },
              "uuid": "23242e0e-e67e-4d5d-ada0-8d8a45fbd356",
              "parentUUID": "466a9044-67db-4b21-9e0a-58275d62cfca",
              "isHook": false,
              "skipped": false
            },
            {
              "title": "Verifica se 40 pixels é o tamanho total do elemento, incluindo seu conteúdo e excluindo a borda preta, que deve ser criada à parte.",
              "fullTitle": "5 - Faça com que cada elemento do quadro de pixels possua 40 pixels de largura, 40 pixels de altura e seja delimitado por uma borda preta de 1 pixel. Verifica se 40 pixels é o tamanho total do elemento, incluindo seu conteúdo e excluindo a borda preta, que deve ser criada à parte.",
              "timedOut": null,
              "duration": 4310,
              "state": "failed",
              "speed": null,
              "pass": false,
              "fail": true,
              "pending": false,
              "context": null,
              "code": "cy.get('.pixel').each(function (pixel) {\n  cy.wrap(pixel).should('have.css', 'height', '40px').and('have.css', 'width', '40px').and('have.css', 'border', \"1px solid \".concat(BLACK));\n});",
              "err": {
                "message": "CypressError: Timed out retrying: Expected to find element: '.pixel', but never found it.",
                "estack": "CypressError: Timed out retrying: Expected to find element: '.pixel', but never found it.\n    at cypressErr (http://localhost:36211/__cypress/runner/cypress_runner.js:149934:9)\n    at throwErr (http://localhost:36211/__cypress/runner/cypress_runner.js:149867:11)\n    at Object.throwErrByPath (http://localhost:36211/__cypress/runner/cypress_runner.js:149915:3)\n    at retry (http://localhost:36211/__cypress/runner/cypress_runner.js:144197:19)\n    at onFailFn (http://localhost:36211/__cypress/runner/cypress_runner.js:132448:16)\n    at tryCatcher (http://localhost:36211/__cypress/runner/cypress_runner.js:167415:23)\n    at Promise._settlePromiseFromHandler (http://localhost:36211/__cypress/runner/cypress_runner.js:165351:31)\n    at Promise._settlePromise (http://localhost:36211/__cypress/runner/cypress_runner.js:165408:18)\n    at Promise._settlePromise0 (http://localhost:36211/__cypress/runner/cypress_runner.js:165453:10)\n    at Promise._settlePromises (http://localhost:36211/__cypress/runner/cypress_runner.js:165528:18)\n    at Async../node_modules/bluebird/js/release/async.js.Async._drainQueue (http://localhost:36211/__cypress/runner/cypress_runner.js:162140:16)\n    at Async../node_modules/bluebird/js/release/async.js.Async._drainQueues (http://localhost:36211/__cypress/runner/cypress_runner.js:162150:10)\n    at Async.drainQueues (http://localhost:36211/__cypress/runner/cypress_runner.js:162024:14)",
                "diff": null
              },
              "uuid": "2b2a6ca2-47d5-46e2-bd53-0e1708219e69",
              "parentUUID": "466a9044-67db-4b21-9e0a-58275d62cfca",
              "isHook": false,
              "skipped": false
            }
          ],
          "suites": [],
          "passes": [],
          "failures": [
            "23242e0e-e67e-4d5d-ada0-8d8a45fbd356",
            "2b2a6ca2-47d5-46e2-bd53-0e1708219e69"
          ],
          "pending": [],
          "skipped": [],
          "duration": 8667,
          "root": false,
          "rootEmpty": false,
          "_timeout": 2000
        },
        {
          "uuid": "794a8250-2371-4502-9c37-ba8c47b47ffc",
          "title": "6 - Defina a cor preta como cor inicial. Ao carregar a página a cor preta já deve estar selecionada para pintar os pixels",
          "fullFile": "",
          "file": "",
          "beforeHooks": [],
          "afterHooks": [],
          "tests": [
            {
              "title": "Verifica se o elemento da cor preta possui, inicialmente, a `classe` `selected`",
              "fullTitle": "6 - Defina a cor preta como cor inicial. Ao carregar a página a cor preta já deve estar selecionada para pintar os pixels Verifica se o elemento da cor preta possui, inicialmente, a `classe` `selected`",
              "timedOut": null,
              "duration": 4311,
              "state": "failed",
              "speed": null,
              "pass": false,
              "fail": true,
              "pending": false,
              "context": null,
              "code": "cy.get('.selected').first().should('have.css', 'background-color', BLACK);",
              "err": {
                "message": "CypressError: Timed out retrying: Expected to find element: '.selected', but never found it.",
                "estack": "CypressError: Timed out retrying: Expected to find element: '.selected', but never found it.\n    at cypressErr (http://localhost:36211/__cypress/runner/cypress_runner.js:149934:9)\n    at throwErr (http://localhost:36211/__cypress/runner/cypress_runner.js:149867:11)\n    at Object.throwErrByPath (http://localhost:36211/__cypress/runner/cypress_runner.js:149915:3)\n    at retry (http://localhost:36211/__cypress/runner/cypress_runner.js:144197:19)\n    at onFailFn (http://localhost:36211/__cypress/runner/cypress_runner.js:132448:16)\n    at tryCatcher (http://localhost:36211/__cypress/runner/cypress_runner.js:167415:23)\n    at Promise._settlePromiseFromHandler (http://localhost:36211/__cypress/runner/cypress_runner.js:165351:31)\n    at Promise._settlePromise (http://localhost:36211/__cypress/runner/cypress_runner.js:165408:18)\n    at Promise._settlePromise0 (http://localhost:36211/__cypress/runner/cypress_runner.js:165453:10)\n    at Promise._settlePromises (http://localhost:36211/__cypress/runner/cypress_runner.js:165528:18)\n    at Async../node_modules/bluebird/js/release/async.js.Async._drainQueue (http://localhost:36211/__cypress/runner/cypress_runner.js:162140:16)\n    at Async../node_modules/bluebird/js/release/async.js.Async._drainQueues (http://localhost:36211/__cypress/runner/cypress_runner.js:162150:10)\n    at Async.drainQueues (http://localhost:36211/__cypress/runner/cypress_runner.js:162024:14)",
                "diff": null
              },
              "uuid": "84d51154-62df-4703-8b90-9cb0cdab8f38",
              "parentUUID": "794a8250-2371-4502-9c37-ba8c47b47ffc",
              "isHook": false,
              "skipped": false
            },
            {
              "title": "Verifica se nenhuma outra cor da paleta tem a `classe` `selected`",
              "fullTitle": "6 - Defina a cor preta como cor inicial. Ao carregar a página a cor preta já deve estar selecionada para pintar os pixels Verifica se nenhuma outra cor da paleta tem a `classe` `selected`",
              "timedOut": null,
              "duration": 164,
              "state": "passed",
              "speed": "slow",
              "pass": true,
              "fail": false,
              "pending": false,
              "context": null,
              "code": "cy.get('.color:not(:first-child)').each(function (color) {\n  cy.wrap(color).should('not.have.class', 'selected');\n});",
              "err": {},
              "uuid": "60bdaa11-18be-498c-abf0-b717c9b1804e",
              "parentUUID": "794a8250-2371-4502-9c37-ba8c47b47ffc",
              "isHook": false,
              "skipped": false
            }
          ],
          "suites": [],
          "passes": [
            "60bdaa11-18be-498c-abf0-b717c9b1804e"
          ],
          "failures": [
            "84d51154-62df-4703-8b90-9cb0cdab8f38"
          ],
          "pending": [],
          "skipped": [],
          "duration": 4475,
          "root": false,
          "rootEmpty": false,
          "_timeout": 2000
        },
        {
          "uuid": "df9723b6-782f-4b2f-a95d-5aa407b86116",
          "title": "7 - Clicar em uma das cores da paleta, faz com que ela seja selecionada e utilizada para preencher os pixels no quadro.",
          "fullFile": "",
          "file": "",
          "beforeHooks": [],
          "afterHooks": [],
          "tests": [
            {
              "title": "Verifica se somente uma cor da paleta de cores tem a classe `selected` de cada vez",
              "fullTitle": "7 - Clicar em uma das cores da paleta, faz com que ela seja selecionada e utilizada para preencher os pixels no quadro. Verifica se somente uma cor da paleta de cores tem a classe `selected` de cada vez",
              "timedOut": null,
              "duration": 4352,
              "state": "failed",
              "speed": null,
              "pass": false,
              "fail": true,
              "pending": false,
              "context": null,
              "code": "cy.get('.color').each(function (selectedColor, selectedColorIndex) {\n  cy.wrap(selectedColor).click();\n  cy.get('.color').each(function (color, colorIndex) {\n    if (colorIndex === selectedColorIndex) {\n      expect(color).to.have[\"class\"]('selected');\n    } else {\n      expect(color).not.to.have[\"class\"]('selected');\n    }\n  });\n});",
              "err": {
                "message": "CypressError: Timed out retrying: cy.click() failed because this element is not visible:\n\n<div id=\"color-palette-black\" class=\"color\"></div>\n\nThis element '<div#color-palette-black.color>' is not visible because it has an effective width and height of: '1350 x 0' pixels.\n\nFix this problem, or use {force: true} to disable error checking.\n\nhttps://on.cypress.io/element-cannot-be-interacted-with",
                "estack": "CypressError: Timed out retrying: cy.click() failed because this element is not visible:\n\n<div id=\"color-palette-black\" class=\"color\"></div>\n\nThis element '<div#color-palette-black.color>' is not visible because it has an effective width and height of: '1350 x 0' pixels.\n\nFix this problem, or use {force: true} to disable error checking.\n\nhttps://on.cypress.io/element-cannot-be-interacted-with\n    at cypressErr (http://localhost:36211/__cypress/runner/cypress_runner.js:149934:9)\n    at throwErr (http://localhost:36211/__cypress/runner/cypress_runner.js:149867:11)\n    at Object.throwErrByPath (http://localhost:36211/__cypress/runner/cypress_runner.js:149915:3)\n    at Object.retry (http://localhost:36211/__cypress/runner/cypress_runner.js:144197:19)\n    at retryActionability (http://localhost:36211/__cypress/runner/cypress_runner.js:132052:19)\n    at tryCatcher (http://localhost:36211/__cypress/runner/cypress_runner.js:167415:23)\n    at Function.Promise.attempt.Promise.try (http://localhost:36211/__cypress/runner/cypress_runner.js:164690:29)\n    at tryFn (http://localhost:36211/__cypress/runner/cypress_runner.js:144661:21)\n    at whenStable (http://localhost:36211/__cypress/runner/cypress_runner.js:144696:12)\n    at http://localhost:36211/__cypress/runner/cypress_runner.js:144240:16\n    at tryCatcher (http://localhost:36211/__cypress/runner/cypress_runner.js:167415:23)\n    at Promise._settlePromiseFromHandler (http://localhost:36211/__cypress/runner/cypress_runner.js:165351:31)\n    at Promise._settlePromise (http://localhost:36211/__cypress/runner/cypress_runner.js:165408:18)\n    at Promise._settlePromise0 (http://localhost:36211/__cypress/runner/cypress_runner.js:165453:10)\n    at Promise._settlePromises (http://localhost:36211/__cypress/runner/cypress_runner.js:165532:18)\n    at Promise._fulfill (http://localhost:36211/__cypress/runner/cypress_runner.js:165477:18)",
                "diff": null
              },
              "uuid": "603f19d0-c742-407e-b7cf-3fe71466c9e7",
              "parentUUID": "df9723b6-782f-4b2f-a95d-5aa407b86116",
              "isHook": false,
              "skipped": false
            },
            {
              "title": "Verifica se os pixels dentro do quadro não têm a classe `selected` quando são clicados",
              "fullTitle": "7 - Clicar em uma das cores da paleta, faz com que ela seja selecionada e utilizada para preencher os pixels no quadro. Verifica se os pixels dentro do quadro não têm a classe `selected` quando são clicados",
              "timedOut": null,
              "duration": 4409,
              "state": "failed",
              "speed": null,
              "pass": false,
              "fail": true,
              "pending": false,
              "context": null,
              "code": "cy.get('.color').each(function (color) {\n  var backgroundColor = color.css('background-color');\n  cy.wrap(color).click();\n  cy.get('.pixel').each(function (pixel) {\n    cy.wrap(pixel).click().should('not.have.class', 'selected');\n  });\n});",
              "err": {
                "message": "CypressError: Timed out retrying: cy.click() failed because this element is not visible:\n\n<div id=\"color-palette-black\" class=\"color\"></div>\n\nThis element '<div#color-palette-black.color>' is not visible because it has an effective width and height of: '1350 x 0' pixels.\n\nFix this problem, or use {force: true} to disable error checking.\n\nhttps://on.cypress.io/element-cannot-be-interacted-with",
                "estack": "CypressError: Timed out retrying: cy.click() failed because this element is not visible:\n\n<div id=\"color-palette-black\" class=\"color\"></div>\n\nThis element '<div#color-palette-black.color>' is not visible because it has an effective width and height of: '1350 x 0' pixels.\n\nFix this problem, or use {force: true} to disable error checking.\n\nhttps://on.cypress.io/element-cannot-be-interacted-with\n    at cypressErr (http://localhost:36211/__cypress/runner/cypress_runner.js:149934:9)\n    at throwErr (http://localhost:36211/__cypress/runner/cypress_runner.js:149867:11)\n    at Object.throwErrByPath (http://localhost:36211/__cypress/runner/cypress_runner.js:149915:3)\n    at Object.retry (http://localhost:36211/__cypress/runner/cypress_runner.js:144197:19)\n    at retryActionability (http://localhost:36211/__cypress/runner/cypress_runner.js:132052:19)\n    at tryCatcher (http://localhost:36211/__cypress/runner/cypress_runner.js:167415:23)\n    at Function.Promise.attempt.Promise.try (http://localhost:36211/__cypress/runner/cypress_runner.js:164690:29)\n    at tryFn (http://localhost:36211/__cypress/runner/cypress_runner.js:144661:21)\n    at whenStable (http://localhost:36211/__cypress/runner/cypress_runner.js:144696:12)\n    at http://localhost:36211/__cypress/runner/cypress_runner.js:144240:16\n    at tryCatcher (http://localhost:36211/__cypress/runner/cypress_runner.js:167415:23)\n    at Promise._settlePromiseFromHandler (http://localhost:36211/__cypress/runner/cypress_runner.js:165351:31)\n    at Promise._settlePromise (http://localhost:36211/__cypress/runner/cypress_runner.js:165408:18)\n    at Promise._settlePromise0 (http://localhost:36211/__cypress/runner/cypress_runner.js:165453:10)\n    at Promise._settlePromises (http://localhost:36211/__cypress/runner/cypress_runner.js:165532:18)\n    at Promise._fulfill (http://localhost:36211/__cypress/runner/cypress_runner.js:165477:18)",
                "diff": null
              },
              "uuid": "031d35e8-b310-4993-b1c0-6a4c6253cbb0",
              "parentUUID": "df9723b6-782f-4b2f-a95d-5aa407b86116",
              "isHook": false,
              "skipped": false
            }
          ],
          "suites": [],
          "passes": [],
          "failures": [
            "603f19d0-c742-407e-b7cf-3fe71466c9e7",
            "031d35e8-b310-4993-b1c0-6a4c6253cbb0"
          ],
          "pending": [],
          "skipped": [],
          "duration": 8761,
          "root": false,
          "rootEmpty": false,
          "_timeout": 2000
        },
        {
          "uuid": "a8fe4986-39e0-4a3b-b103-d70604a7e5d2",
          "title": "8 - Clicar em um pixel dentro do quadro após selecionar uma cor na paleta, faz com que o pixel seja preenchido com a cor selecionada.",
          "fullFile": "",
          "file": "",
          "beforeHooks": [],
          "afterHooks": [],
          "tests": [
            {
              "title": "Verifica se ao carregar a página deve ser possível pintar os pixels de preto",
              "fullTitle": "8 - Clicar em um pixel dentro do quadro após selecionar uma cor na paleta, faz com que o pixel seja preenchido com a cor selecionada. Verifica se ao carregar a página deve ser possível pintar os pixels de preto",
              "timedOut": null,
              "duration": 4307,
              "state": "failed",
              "speed": null,
              "pass": false,
              "fail": true,
              "pending": false,
              "context": null,
              "code": "cy.get('.pixel').each(function (pixel) {\n  cy.wrap(pixel).click().should('have.css', 'background-color', BLACK);\n});",
              "err": {
                "message": "CypressError: Timed out retrying: Expected to find element: '.pixel', but never found it.",
                "estack": "CypressError: Timed out retrying: Expected to find element: '.pixel', but never found it.\n    at cypressErr (http://localhost:36211/__cypress/runner/cypress_runner.js:149934:9)\n    at throwErr (http://localhost:36211/__cypress/runner/cypress_runner.js:149867:11)\n    at Object.throwErrByPath (http://localhost:36211/__cypress/runner/cypress_runner.js:149915:3)\n    at retry (http://localhost:36211/__cypress/runner/cypress_runner.js:144197:19)\n    at onFailFn (http://localhost:36211/__cypress/runner/cypress_runner.js:132448:16)\n    at tryCatcher (http://localhost:36211/__cypress/runner/cypress_runner.js:167415:23)\n    at Promise._settlePromiseFromHandler (http://localhost:36211/__cypress/runner/cypress_runner.js:165351:31)\n    at Promise._settlePromise (http://localhost:36211/__cypress/runner/cypress_runner.js:165408:18)\n    at Promise._settlePromise0 (http://localhost:36211/__cypress/runner/cypress_runner.js:165453:10)\n    at Promise._settlePromises (http://localhost:36211/__cypress/runner/cypress_runner.js:165528:18)\n    at Async../node_modules/bluebird/js/release/async.js.Async._drainQueue (http://localhost:36211/__cypress/runner/cypress_runner.js:162140:16)\n    at Async../node_modules/bluebird/js/release/async.js.Async._drainQueues (http://localhost:36211/__cypress/runner/cypress_runner.js:162150:10)\n    at Async.drainQueues (http://localhost:36211/__cypress/runner/cypress_runner.js:162024:14)",
                "diff": null
              },
              "uuid": "98008eeb-0825-48da-a395-bf3901714037",
              "parentUUID": "a8fe4986-39e0-4a3b-b103-d70604a7e5d2",
              "isHook": false,
              "skipped": false
            },
            {
              "title": "Verifica se após selecionar uma outra cor na paleta, é possível pintar os pixels com essa cor",
              "fullTitle": "8 - Clicar em um pixel dentro do quadro após selecionar uma cor na paleta, faz com que o pixel seja preenchido com a cor selecionada. Verifica se após selecionar uma outra cor na paleta, é possível pintar os pixels com essa cor",
              "timedOut": null,
              "duration": 4402,
              "state": "failed",
              "speed": null,
              "pass": false,
              "fail": true,
              "pending": false,
              "context": null,
              "code": "cy.get('.color').each(function (color) {\n  var backgroundColor = color.css('background-color');\n  cy.wrap(color).click();\n  cy.get('.pixel').each(function (pixel) {\n    cy.wrap(pixel).click().should('have.css', 'background-color', backgroundColor);\n  });\n});",
              "err": {
                "message": "CypressError: Timed out retrying: cy.click() failed because this element is not visible:\n\n<div id=\"color-palette-black\" class=\"color\"></div>\n\nThis element '<div#color-palette-black.color>' is not visible because it has an effective width and height of: '1350 x 0' pixels.\n\nFix this problem, or use {force: true} to disable error checking.\n\nhttps://on.cypress.io/element-cannot-be-interacted-with",
                "estack": "CypressError: Timed out retrying: cy.click() failed because this element is not visible:\n\n<div id=\"color-palette-black\" class=\"color\"></div>\n\nThis element '<div#color-palette-black.color>' is not visible because it has an effective width and height of: '1350 x 0' pixels.\n\nFix this problem, or use {force: true} to disable error checking.\n\nhttps://on.cypress.io/element-cannot-be-interacted-with\n    at cypressErr (http://localhost:36211/__cypress/runner/cypress_runner.js:149934:9)\n    at throwErr (http://localhost:36211/__cypress/runner/cypress_runner.js:149867:11)\n    at Object.throwErrByPath (http://localhost:36211/__cypress/runner/cypress_runner.js:149915:3)\n    at Object.retry (http://localhost:36211/__cypress/runner/cypress_runner.js:144197:19)\n    at retryActionability (http://localhost:36211/__cypress/runner/cypress_runner.js:132052:19)\n    at tryCatcher (http://localhost:36211/__cypress/runner/cypress_runner.js:167415:23)\n    at Function.Promise.attempt.Promise.try (http://localhost:36211/__cypress/runner/cypress_runner.js:164690:29)\n    at tryFn (http://localhost:36211/__cypress/runner/cypress_runner.js:144661:21)\n    at whenStable (http://localhost:36211/__cypress/runner/cypress_runner.js:144696:12)\n    at http://localhost:36211/__cypress/runner/cypress_runner.js:144240:16\n    at tryCatcher (http://localhost:36211/__cypress/runner/cypress_runner.js:167415:23)\n    at Promise._settlePromiseFromHandler (http://localhost:36211/__cypress/runner/cypress_runner.js:165351:31)\n    at Promise._settlePromise (http://localhost:36211/__cypress/runner/cypress_runner.js:165408:18)\n    at Promise._settlePromise0 (http://localhost:36211/__cypress/runner/cypress_runner.js:165453:10)\n    at Promise._settlePromises (http://localhost:36211/__cypress/runner/cypress_runner.js:165532:18)\n    at Promise._fulfill (http://localhost:36211/__cypress/runner/cypress_runner.js:165477:18)",
                "diff": null
              },
              "uuid": "03d6a90b-2e99-40dc-99e6-ae5e0c215c3c",
              "parentUUID": "a8fe4986-39e0-4a3b-b103-d70604a7e5d2",
              "isHook": false,
              "skipped": false
            },
            {
              "title": "Verifica se somente o pixel que foi clicado foi preenchido com a cor selecionada, sem influenciar na cor dos demais pixels.",
              "fullTitle": "8 - Clicar em um pixel dentro do quadro após selecionar uma cor na paleta, faz com que o pixel seja preenchido com a cor selecionada. Verifica se somente o pixel que foi clicado foi preenchido com a cor selecionada, sem influenciar na cor dos demais pixels.",
              "timedOut": null,
              "duration": 4402,
              "state": "failed",
              "speed": null,
              "pass": false,
              "fail": true,
              "pending": false,
              "context": null,
              "code": "var colorToPixelIndexMap = {\n  0: 6,\n  1: 8,\n  2: 16,\n  3: 18\n};\ncy.get('.color').each(function (color, index) {\n  cy.wrap(color).click();\n  var backgroundColor = color.css('background-color');\n  var clickedPixelIndex = colorToPixelIndexMap[index];\n  cy.get('.pixel').eq(clickedPixelIndex).click();\n  cy.get('.pixel').eq(clickedPixelIndex - 1).should('not.have.css', 'background-color', backgroundColor);\n  cy.get('.pixel').eq(clickedPixelIndex + 1).should('not.have.css', 'background-color', backgroundColor);\n  cy.get('.pixel').eq(clickedPixelIndex - 5).should('not.have.css', 'background-color', backgroundColor);\n  cy.get('.pixel').eq(clickedPixelIndex + 5).should('not.have.css', 'background-color', backgroundColor);\n  cy.get('.pixel').eq(clickedPixelIndex - 6).should('not.have.css', 'background-color', backgroundColor);\n  cy.get('.pixel').eq(clickedPixelIndex - 4).should('not.have.css', 'background-color', backgroundColor);\n  cy.get('.pixel').eq(clickedPixelIndex + 4).should('not.have.css', 'background-color', backgroundColor);\n  cy.get('.pixel').eq(clickedPixelIndex + 6).should('not.have.css', 'background-color', backgroundColor);\n});",
              "err": {
                "message": "CypressError: Timed out retrying: cy.click() failed because this element is not visible:\n\n<div id=\"color-palette-black\" class=\"color\"></div>\n\nThis element '<div#color-palette-black.color>' is not visible because it has an effective width and height of: '1350 x 0' pixels.\n\nFix this problem, or use {force: true} to disable error checking.\n\nhttps://on.cypress.io/element-cannot-be-interacted-with",
                "estack": "CypressError: Timed out retrying: cy.click() failed because this element is not visible:\n\n<div id=\"color-palette-black\" class=\"color\"></div>\n\nThis element '<div#color-palette-black.color>' is not visible because it has an effective width and height of: '1350 x 0' pixels.\n\nFix this problem, or use {force: true} to disable error checking.\n\nhttps://on.cypress.io/element-cannot-be-interacted-with\n    at cypressErr (http://localhost:36211/__cypress/runner/cypress_runner.js:149934:9)\n    at throwErr (http://localhost:36211/__cypress/runner/cypress_runner.js:149867:11)\n    at Object.throwErrByPath (http://localhost:36211/__cypress/runner/cypress_runner.js:149915:3)\n    at Object.retry (http://localhost:36211/__cypress/runner/cypress_runner.js:144197:19)\n    at retryActionability (http://localhost:36211/__cypress/runner/cypress_runner.js:132052:19)\n    at tryCatcher (http://localhost:36211/__cypress/runner/cypress_runner.js:167415:23)\n    at Function.Promise.attempt.Promise.try (http://localhost:36211/__cypress/runner/cypress_runner.js:164690:29)\n    at tryFn (http://localhost:36211/__cypress/runner/cypress_runner.js:144661:21)\n    at whenStable (http://localhost:36211/__cypress/runner/cypress_runner.js:144696:12)\n    at http://localhost:36211/__cypress/runner/cypress_runner.js:144240:16\n    at tryCatcher (http://localhost:36211/__cypress/runner/cypress_runner.js:167415:23)\n    at Promise._settlePromiseFromHandler (http://localhost:36211/__cypress/runner/cypress_runner.js:165351:31)\n    at Promise._settlePromise (http://localhost:36211/__cypress/runner/cypress_runner.js:165408:18)\n    at Promise._settlePromise0 (http://localhost:36211/__cypress/runner/cypress_runner.js:165453:10)\n    at Promise._settlePromises (http://localhost:36211/__cypress/runner/cypress_runner.js:165532:18)\n    at Promise._fulfill (http://localhost:36211/__cypress/runner/cypress_runner.js:165477:18)",
                "diff": null
              },
              "uuid": "6668fc7b-ede8-4e9e-9f7e-c26470f3844d",
              "parentUUID": "a8fe4986-39e0-4a3b-b103-d70604a7e5d2",
              "isHook": false,
              "skipped": false
            }
          ],
          "suites": [],
          "passes": [],
          "failures": [
            "98008eeb-0825-48da-a395-bf3901714037",
            "03d6a90b-2e99-40dc-99e6-ae5e0c215c3c",
            "6668fc7b-ede8-4e9e-9f7e-c26470f3844d"
          ],
          "pending": [],
          "skipped": [],
          "duration": 13111,
          "root": false,
          "rootEmpty": false,
          "_timeout": 2000
        },
        {
          "uuid": "618c393d-e6d2-43c9-8e95-30985e4f5332",
          "title": "9 - Crie um botão que, ao ser clicado, limpa o quadro preenchendo a cor de todos seus pixels com branco.",
          "fullFile": "",
          "file": "",
          "beforeHooks": [],
          "afterHooks": [],
          "tests": [
            {
              "title": "Verifica se o botão tem o `id` denominado `clear-board`",
              "fullTitle": "9 - Crie um botão que, ao ser clicado, limpa o quadro preenchendo a cor de todos seus pixels com branco. Verifica se o botão tem o `id` denominado `clear-board`",
              "timedOut": null,
              "duration": 4322,
              "state": "failed",
              "speed": null,
              "pass": false,
              "fail": true,
              "pending": false,
              "context": null,
              "code": "cy.get('#clear-board').should('be.visible');",
              "err": {
                "message": "CypressError: Timed out retrying: Expected to find element: '#clear-board', but never found it.",
                "estack": "CypressError: Timed out retrying: Expected to find element: '#clear-board', but never found it.\n    at cypressErr (http://localhost:36211/__cypress/runner/cypress_runner.js:149934:9)\n    at throwErr (http://localhost:36211/__cypress/runner/cypress_runner.js:149867:11)\n    at Object.throwErrByPath (http://localhost:36211/__cypress/runner/cypress_runner.js:149915:3)\n    at retry (http://localhost:36211/__cypress/runner/cypress_runner.js:144197:19)\n    at onFailFn (http://localhost:36211/__cypress/runner/cypress_runner.js:132448:16)\n    at tryCatcher (http://localhost:36211/__cypress/runner/cypress_runner.js:167415:23)\n    at Promise._settlePromiseFromHandler (http://localhost:36211/__cypress/runner/cypress_runner.js:165351:31)\n    at Promise._settlePromise (http://localhost:36211/__cypress/runner/cypress_runner.js:165408:18)\n    at Promise._settlePromise0 (http://localhost:36211/__cypress/runner/cypress_runner.js:165453:10)\n    at Promise._settlePromises (http://localhost:36211/__cypress/runner/cypress_runner.js:165528:18)\n    at Async../node_modules/bluebird/js/release/async.js.Async._drainQueue (http://localhost:36211/__cypress/runner/cypress_runner.js:162140:16)\n    at Async../node_modules/bluebird/js/release/async.js.Async._drainQueues (http://localhost:36211/__cypress/runner/cypress_runner.js:162150:10)\n    at Async.drainQueues (http://localhost:36211/__cypress/runner/cypress_runner.js:162024:14)",
                "diff": null
              },
              "uuid": "4622277e-d52a-4341-a50c-f866e95d0a2c",
              "parentUUID": "618c393d-e6d2-43c9-8e95-30985e4f5332",
              "isHook": false,
              "skipped": false
            },
            {
              "title": "Verifica se o botão está posicionado entre a paleta de cores e o quadro de pixels",
              "fullTitle": "9 - Crie um botão que, ao ser clicado, limpa o quadro preenchendo a cor de todos seus pixels com branco. Verifica se o botão está posicionado entre a paleta de cores e o quadro de pixels",
              "timedOut": null,
              "duration": 4351,
              "state": "failed",
              "speed": null,
              "pass": false,
              "fail": true,
              "pending": false,
              "context": null,
              "code": "cy.get('#color-palette').then(function (palette) {\n  cy.get('#clear-board').should('be.belowOf', palette);\n});\ncy.get('#clear-board').then(function (clearBtn) {\n  cy.get('#pixel-board').should('be.belowOf', clearBtn);\n});",
              "err": {
                "message": "CypressError: Timed out retrying: Expected to find element: '#color-palette', but never found it.",
                "estack": "CypressError: Timed out retrying: Expected to find element: '#color-palette', but never found it.\n    at cypressErr (http://localhost:36211/__cypress/runner/cypress_runner.js:149934:9)\n    at throwErr (http://localhost:36211/__cypress/runner/cypress_runner.js:149867:11)\n    at Object.throwErrByPath (http://localhost:36211/__cypress/runner/cypress_runner.js:149915:3)\n    at retry (http://localhost:36211/__cypress/runner/cypress_runner.js:144197:19)\n    at onFailFn (http://localhost:36211/__cypress/runner/cypress_runner.js:132448:16)\n    at tryCatcher (http://localhost:36211/__cypress/runner/cypress_runner.js:167415:23)\n    at Promise._settlePromiseFromHandler (http://localhost:36211/__cypress/runner/cypress_runner.js:165351:31)\n    at Promise._settlePromise (http://localhost:36211/__cypress/runner/cypress_runner.js:165408:18)\n    at Promise._settlePromise0 (http://localhost:36211/__cypress/runner/cypress_runner.js:165453:10)\n    at Promise._settlePromises (http://localhost:36211/__cypress/runner/cypress_runner.js:165528:18)\n    at Async../node_modules/bluebird/js/release/async.js.Async._drainQueue (http://localhost:36211/__cypress/runner/cypress_runner.js:162140:16)\n    at Async../node_modules/bluebird/js/release/async.js.Async._drainQueues (http://localhost:36211/__cypress/runner/cypress_runner.js:162150:10)\n    at Async.drainQueues (http://localhost:36211/__cypress/runner/cypress_runner.js:162024:14)",
                "diff": null
              },
              "uuid": "b7ea7ed0-15a3-44d0-b1fe-1c75f94e0edf",
              "parentUUID": "618c393d-e6d2-43c9-8e95-30985e4f5332",
              "isHook": false,
              "skipped": false
            },
            {
              "title": "Verifica se o texto do botão é 'Limpar'",
              "fullTitle": "9 - Crie um botão que, ao ser clicado, limpa o quadro preenchendo a cor de todos seus pixels com branco. Verifica se o texto do botão é 'Limpar'",
              "timedOut": null,
              "duration": 4378,
              "state": "failed",
              "speed": null,
              "pass": false,
              "fail": true,
              "pending": false,
              "context": null,
              "code": "cy.get('#clear-board').should('contain.text', 'Limpar');",
              "err": {
                "message": "CypressError: Timed out retrying: Expected to find element: '#clear-board', but never found it.",
                "estack": "CypressError: Timed out retrying: Expected to find element: '#clear-board', but never found it.\n    at cypressErr (http://localhost:36211/__cypress/runner/cypress_runner.js:149934:9)\n    at throwErr (http://localhost:36211/__cypress/runner/cypress_runner.js:149867:11)\n    at Object.throwErrByPath (http://localhost:36211/__cypress/runner/cypress_runner.js:149915:3)\n    at retry (http://localhost:36211/__cypress/runner/cypress_runner.js:144197:19)\n    at onFailFn (http://localhost:36211/__cypress/runner/cypress_runner.js:132448:16)\n    at tryCatcher (http://localhost:36211/__cypress/runner/cypress_runner.js:167415:23)\n    at Promise._settlePromiseFromHandler (http://localhost:36211/__cypress/runner/cypress_runner.js:165351:31)\n    at Promise._settlePromise (http://localhost:36211/__cypress/runner/cypress_runner.js:165408:18)\n    at Promise._settlePromise0 (http://localhost:36211/__cypress/runner/cypress_runner.js:165453:10)\n    at Promise._settlePromises (http://localhost:36211/__cypress/runner/cypress_runner.js:165528:18)\n    at Async../node_modules/bluebird/js/release/async.js.Async._drainQueue (http://localhost:36211/__cypress/runner/cypress_runner.js:162140:16)\n    at Async../node_modules/bluebird/js/release/async.js.Async._drainQueues (http://localhost:36211/__cypress/runner/cypress_runner.js:162150:10)\n    at Async.drainQueues (http://localhost:36211/__cypress/runner/cypress_runner.js:162024:14)",
                "diff": null
              },
              "uuid": "d61d4485-e722-4f23-b219-e8958b382b49",
              "parentUUID": "618c393d-e6d2-43c9-8e95-30985e4f5332",
              "isHook": false,
              "skipped": false
            },
            {
              "title": "Verifica se ao clicar no botão, o quadro de pixels é totalmente preenchido de branco",
              "fullTitle": "9 - Crie um botão que, ao ser clicado, limpa o quadro preenchendo a cor de todos seus pixels com branco. Verifica se ao clicar no botão, o quadro de pixels é totalmente preenchido de branco",
              "timedOut": null,
              "duration": 4432,
              "state": "failed",
              "speed": null,
              "pass": false,
              "fail": true,
              "pending": false,
              "context": null,
              "code": "cy.get('.color').eq(1).then(function (color) {\n  var backgroundColor = color.css('background-color');\n  cy.wrap(color).click();\n  cy.get('.pixel').each(function (pixel) {\n    cy.wrap(pixel).click().should('have.css', 'background-color', backgroundColor);\n  });\n});\ncy.get('#clear-board').click();\ncy.get('.pixel').each(function (pixel) {\n  cy.wrap(pixel).should('have.css', 'background-color', WHITE);\n});",
              "err": {
                "message": "CypressError: Timed out retrying: cy.click() failed because this element is not visible:\n\n<div id=\"color-palette-red\" class=\"color\"></div>\n\nThis element '<div#color-palette-red.color>' is not visible because it has an effective width and height of: '1350 x 0' pixels.\n\nFix this problem, or use {force: true} to disable error checking.\n\nhttps://on.cypress.io/element-cannot-be-interacted-with",
[...]
                "diff": null
              },
              "uuid": "87f7f5b2-c86a-4a1b-9355-6c1724c96433",
              "parentUUID": "20588244-60ea-40fb-bd50-d932f7aa1e61",
              "isHook": false,
              "skipped": false
            },
            {
              "title": "Verifica se o novo quadro tem todos os pixels preenchidos com a cor branca",
              "fullTitle": "10 - Faça o quadro de pixels ter seu tamanho definido pelo usuário. Verifica se o novo quadro tem todos os pixels preenchidos com a cor branca",
              "timedOut": null,
              "duration": 4342,
              "state": "failed",
              "speed": null,
              "pass": false,
              "fail": true,
              "pending": false,
              "context": null,
              "code": "cy.get('#board-size').clear().type(6);\ncy.get('#generate-board').click();\ncy.get('.pixel').should('have.length', 36).each(function (pixel) {\n  expect(pixel).to.have.css('background-color', WHITE);\n});",
              "err": {
                "message": "CypressError: Timed out retrying: Expected to find element: '#board-size', but never found it.",
                "estack": "CypressError: Timed out retrying: Expected to find element: '#board-size', but never found it.\n    at cypressErr (http://localhost:36211/__cypress/runner/cypress_runner.js:149934:9)\n    at throwErr (http://localhost:36211/__cypress/runner/cypress_runner.js:149867:11)\n    at Object.throwErrByPath (http://localhost:36211/__cypress/runner/cypress_runner.js:149915:3)\n    at retry (http://localhost:36211/__cypress/runner/cypress_runner.js:144197:19)\n    at onFailFn (http://localhost:36211/__cypress/runner/cypress_runner.js:132448:16)\n    at tryCatcher (http://localhost:36211/__cypress/runner/cypress_runner.js:167415:23)\n    at Promise._settlePromiseFromHandler (http://localhost:36211/__cypress/runner/cypress_runner.js:165351:31)\n    at Promise._settlePromise (http://localhost:36211/__cypress/runner/cypress_runner.js:165408:18)\n    at Promise._settlePromise0 (http://localhost:36211/__cypress/runner/cypress_runner.js:165453:10)\n    at Promise._settlePromises (http://localhost:36211/__cypress/runner/cypress_runner.js:165528:18)\n    at Async../node_modules/bluebird/js/release/async.js.Async._drainQueue (http://localhost:36211/__cypress/runner/cypress_runner.js:162140:16)\n    at Async../node_modules/bluebird/js/release/async.js.Async._drainQueues (http://localhost:36211/__cypress/runner/cypress_runner.js:162150:10)\n    at Async.drainQueues (http://localhost:36211/__cypress/runner/cypress_runner.js:162024:14)",
                "diff": null
              },
              "uuid": "babccab0-4df5-420f-b41d-27af8634374d",
              "parentUUID": "20588244-60ea-40fb-bd50-d932f7aa1e61",
              "isHook": false,
              "skipped": false
            }
          ],
          "suites": [],
          "passes": [],
          "failures": [
            "9259820c-4895-4fcb-95ab-6a2145488501",
            "bab1955d-1eae-4415-9ab2-049fe8264e97",
            "b2b6bc8a-99dc-432a-ba44-9d8e31f7b5f8",
            "207d126d-6675-4a53-9377-d4b66863b0ec",
            "6064d1ac-08a7-46f9-8e62-3f9f2398a0a1",
            "e271049f-7d32-485b-88bb-631cc8e7ae12",
            "50b28ff8-b866-4055-b4e2-6c71fbeea9de",
            "87f7f5b2-c86a-4a1b-9355-6c1724c96433",
            "babccab0-4df5-420f-b41d-27af8634374d"
          ],
          "pending": [],
          "skipped": [],
          "duration": 39258,
          "root": false,
          "rootEmpty": false,
          "_timeout": 2000
        },
        {
          "uuid": "d340754e-7adb-4447-8e66-9131bbe7aa83",
          "title": "11 - Limite o tamanho mínimo e máximo do board.",
          "fullFile": "",
          "file": "",
          "beforeHooks": [],
          "afterHooks": [],
          "tests": [
            {
              "title": "Verifica se a altura máxima do board é 50",
              "fullTitle": "11 - Limite o tamanho mínimo e máximo do board. Verifica se a altura máxima do board é 50",
              "timedOut": null,
              "duration": 4364,
              "state": "failed",
              "speed": null,
              "pass": false,
              "fail": true,
              "pending": false,
              "context": null,
              "code": "cy.get('#board-size').clear().type(50);\ncy.get('#generate-board').click();\ncy.get('.pixel').should('have.length', 2500);",
              "err": {
                "message": "CypressError: Timed out retrying: Expected to find element: '#board-size', but never found it.",
                "estack": "CypressError: Timed out retrying: Expected to find element: '#board-size', but never found it.\n    at cypressErr (http://localhost:36211/__cypress/runner/cypress_runner.js:149934:9)\n    at throwErr (http://localhost:36211/__cypress/runner/cypress_runner.js:149867:11)\n    at Object.throwErrByPath (http://localhost:36211/__cypress/runner/cypress_runner.js:149915:3)\n    at retry (http://localhost:36211/__cypress/runner/cypress_runner.js:144197:19)\n    at onFailFn (http://localhost:36211/__cypress/runner/cypress_runner.js:132448:16)\n    at tryCatcher (http://localhost:36211/__cypress/runner/cypress_runner.js:167415:23)\n    at Promise._settlePromiseFromHandler (http://localhost:36211/__cypress/runner/cypress_runner.js:165351:31)\n    at Promise._settlePromise (http://localhost:36211/__cypress/runner/cypress_runner.js:165408:18)\n    at Promise._settlePromise0 (http://localhost:36211/__cypress/runner/cypress_runner.js:165453:10)\n    at Promise._settlePromises (http://localhost:36211/__cypress/runner/cypress_runner.js:165528:18)\n    at Async../node_modules/bluebird/js/release/async.js.Async._drainQueue (http://localhost:36211/__cypress/runner/cypress_runner.js:162140:16)\n    at Async../node_modules/bluebird/js/release/async.js.Async._drainQueues (http://localhost:36211/__cypress/runner/cypress_runner.js:162150:10)\n    at Async.drainQueues (http://localhost:36211/__cypress/runner/cypress_runner.js:162024:14)",
                "diff": null
              },
              "uuid": "8f9c8e11-b280-4d35-a80e-2365d2ab5cb1",
              "parentUUID": "d340754e-7adb-4447-8e66-9131bbe7aa83",
              "isHook": false,
              "skipped": false
            },
            {
              "title": "Verifica se a altura do board é 5 quando um valor menor é colocado no input",
              "fullTitle": "11 - Limite o tamanho mínimo e máximo do board. Verifica se a altura do board é 5 quando um valor menor é colocado no input",
              "timedOut": null,
              "duration": 4354,
              "state": "failed",
              "speed": null,
              "pass": false,
              "fail": true,
              "pending": false,
              "context": null,
              "code": "cy.get('#board-size').clear().type(4);\ncy.get('#generate-board').click();\ncy.get('.pixel').should('have.length', 25);",
              "err": {
                "message": "CypressError: Timed out retrying: Expected to find element: '#board-size', but never found it.",
                "estack": "CypressError: Timed out retrying: Expected to find element: '#board-size', but never found it.\n    at cypressErr (http://localhost:36211/__cypress/runner/cypress_runner.js:149934:9)\n    at throwErr (http://localhost:36211/__cypress/runner/cypress_runner.js:149867:11)\n    at Object.throwErrByPath (http://localhost:36211/__cypress/runner/cypress_runner.js:149915:3)\n    at retry (http://localhost:36211/__cypress/runner/cypress_runner.js:144197:19)\n    at onFailFn (http://localhost:36211/__cypress/runner/cypress_runner.js:132448:16)\n    at tryCatcher (http://localhost:36211/__cypress/runner/cypress_runner.js:167415:23)\n    at Promise._settlePromiseFromHandler (http://localhost:36211/__cypress/runner/cypress_runner.js:165351:31)\n    at Promise._settlePromise (http://localhost:36211/__cypress/runner/cypress_runner.js:165408:18)\n    at Promise._settlePromise0 (http://localhost:36211/__cypress/runner/cypress_runner.js:165453:10)\n    at Promise._settlePromises (http://localhost:36211/__cypress/runner/cypress_runner.js:165528:18)\n    at Async../node_modules/bluebird/js/release/async.js.Async._drainQueue (http://localhost:36211/__cypress/runner/cypress_runner.js:162140:16)\n    at Async../node_modules/bluebird/js/release/async.js.Async._drainQueues (http://localhost:36211/__cypress/runner/cypress_runner.js:162150:10)\n    at Async.drainQueues (http://localhost:36211/__cypress/runner/cypress_runner.js:162024:14)",
                "diff": null
              },
              "uuid": "9c20723e-192d-42eb-9a10-9454b059de23",
              "parentUUID": "d340754e-7adb-4447-8e66-9131bbe7aa83",
              "isHook": false,
              "skipped": false
            },
            {
              "title": "Verifica se a altura do board é 50 quando um valor maior é colocado no input",
              "fullTitle": "11 - Limite o tamanho mínimo e máximo do board. Verifica se a altura do board é 50 quando um valor maior é colocado no input",
              "timedOut": null,
              "duration": 4349,
              "state": "failed",
              "speed": null,
              "pass": false,
              "fail": true,
              "pending": false,
              "context": null,
              "code": "cy.get('#board-size').clear().type(51);\ncy.get('#generate-board').click();\ncy.get('.pixel').should('have.length', 2500);",
              "err": {
                "message": "CypressError: Timed out retrying: Expected to find element: '#board-size', but never found it.",
                "estack": "CypressError: Timed out retrying: Expected to find element: '#board-size', but never found it.\n    at cypressErr (http://localhost:36211/__cypress/runner/cypress_runner.js:149934:9)\n    at throwErr (http://localhost:36211/__cypress/runner/cypress_runner.js:149867:11)\n    at Object.throwErrByPath (http://localhost:36211/__cypress/runner/cypress_runner.js:149915:3)\n    at retry (http://localhost:36211/__cypress/runner/cypress_runner.js:144197:19)\n    at onFailFn (http://localhost:36211/__cypress/runner/cypress_runner.js:132448:16)\n    at tryCatcher (http://localhost:36211/__cypress/runner/cypress_runner.js:167415:23)\n    at Promise._settlePromiseFromHandler (http://localhost:36211/__cypress/runner/cypress_runner.js:165351:31)\n    at Promise._settlePromise (http://localhost:36211/__cypress/runner/cypress_runner.js:165408:18)\n    at Promise._settlePromise0 (http://localhost:36211/__cypress/runner/cypress_runner.js:165453:10)\n    at Promise._settlePromises (http://localhost:36211/__cypress/runner/cypress_runner.js:165528:18)\n    at Async../node_modules/bluebird/js/release/async.js.Async._drainQueue (http://localhost:36211/__cypress/runner/cypress_runner.js:162140:16)\n    at Async../node_modules/bluebird/js/release/async.js.Async._drainQueues (http://localhost:36211/__cypress/runner/cypress_runner.js:162150:10)\n    at Async.drainQueues (http://localhost:36211/__cypress/runner/cypress_runner.js:162024:14)",
                "diff": null
              },
              "uuid": "6d1ccc3b-a45d-4a46-a27e-10511beb3c3b",
              "parentUUID": "d340754e-7adb-4447-8e66-9131bbe7aa83",
              "isHook": false,
              "skipped": false
            }
          ],
          "suites": [],
          "passes": [],
          "failures": [
            "8f9c8e11-b280-4d35-a80e-2365d2ab5cb1",
            "9c20723e-192d-42eb-9a10-9454b059de23",
            "6d1ccc3b-a45d-4a46-a27e-10511beb3c3b"
          ],
          "pending": [],
          "skipped": [],
          "duration": 13067,
          "root": false,
          "rootEmpty": false,
          "_timeout": 2000
        },
        {
          "uuid": "ec8d10a5-b2ae-43fa-b561-ebbb91e1a99f",
          "title": "12 - Faça com que as cores da paleta sejam geradas aleatoriamente ao carregar a página.",
          "fullFile": "",
          "file": "",
          "beforeHooks": [],
          "afterHooks": [],
          "tests": [
            {
              "title": "Verifica se as cores geradas na paleta são diferentes a cada carregamento da página",
              "fullTitle": "12 - Faça com que as cores da paleta sejam geradas aleatoriamente ao carregar a página. Verifica se as cores geradas na paleta são diferentes a cada carregamento da página",
              "timedOut": null,
              "duration": 450,
              "state": "failed",
              "speed": null,
              "pass": false,
              "fail": true,
              "pending": false,
              "context": null,
              "code": "cy.get('.color').then(function (colors) {\n  var currentColors;\n  var previousColors;\n  previousColors = Array.from(colors).map(function (color) {\n    return Cypress.$(color).css('background-color');\n  });\n  for (var i = 0; i < 5; i += 1) {\n    cy.reload();\n    cy.get('.color').then(function (colors) {\n      currentColors = Array.from(colors).map(function (color) {\n        return Cypress.$(color).css('background-color');\n      });\n      expect(currentColors).not.to.deep.equal(previousColors);\n      previousColors = currentColors;\n    });\n  }\n});",
              "err": {
                "message": "AssertionError: expected [ Array(4) ] to not deeply equal [ Array(4) ]",
                "estack": "AssertionError: expected [ Array(4) ] to not deeply equal [ Array(4) ]\n    at getRet (http://localhost:36211/__cypress/runner/cypress_runner.js:136585:16)\n    at tryCatcher (http://localhost:36211/__cypress/runner/cypress_runner.js:167415:23)\n    at Function.Promise.attempt.Promise.try (http://localhost:36211/__cypress/runner/cypress_runner.js:164690:29)\n    at Context.thenFn (http://localhost:36211/__cypress/runner/cypress_runner.js:136599:23)\n    at Context.then (http://localhost:36211/__cypress/runner/cypress_runner.js:136971:21)\n    at Context.<anonymous> (http://localhost:36211/__cypress/runner/cypress_runner.js:148875:21)\n    at http://localhost:36211/__cypress/runner/cypress_runner.js:148351:33\n    at tryCatcher (http://localhost:36211/__cypress/runner/cypress_runner.js:167415:23)\n    at Promise._settlePromiseFromHandler (http://localhost:36211/__cypress/runner/cypress_runner.js:165351:31)\n    at Promise._settlePromise (http://localhost:36211/__cypress/runner/cypress_runner.js:165408:18)\n    at Promise._settlePromiseCtx (http://localhost:36211/__cypress/runner/cypress_runner.js:165445:10)\n    at Async../node_modules/bluebird/js/release/async.js.Async._drainQueue (http://localhost:36211/__cypress/runner/cypress_runner.js:162145:12)\n    at Async../node_modules/bluebird/js/release/async.js.Async._drainQueues (http://localhost:36211/__cypress/runner/cypress_runner.js:162150:10)\n    at Async.drainQueues (http://localhost:36211/__cypress/runner/cypress_runner.js:162024:14)",
                "diff": ""
              },
              "uuid": "b8207324-121f-488c-805f-faa448fda727",
              "parentUUID": "ec8d10a5-b2ae-43fa-b561-ebbb91e1a99f",
              "isHook": false,
              "skipped": false
            },
            {
              "title": "Verifica se a cor preta ainda está presente e é a primeira na sua paleta de cores",
              "fullTitle": "12 - Faça com que as cores da paleta sejam geradas aleatoriamente ao carregar a página. Verifica se a cor preta ainda está presente e é a primeira na sua paleta de cores",
              "timedOut": null,
              "duration": 398,
              "state": "failed",
              "speed": null,
              "pass": false,
              "fail": true,
              "pending": false,
              "context": null,
              "code": "cy.get('.color').then(function (colors) {\n  var currentColors;\n  var previousColors;\n  previousColors = Array.from(colors).map(function (color) {\n    return Cypress.$(color).css('background-color');\n  });\n  expect(previousColors[0]).to.eq(BLACK);\n  for (var i = 0; i < 5; i += 1) {\n    cy.reload();\n    cy.get('.color').then(function (colors) {\n      currentColors = Array.from(colors).map(function (color) {\n        return Cypress.$(color).css('background-color');\n      });\n      expect(currentColors[0]).to.eq(BLACK);\n      expect(currentColors).not.to.deep.equal(previousColors);\n      previousColors = currentColors;\n    });\n  }\n});",
              "err": {
                "message": "AssertionError: expected 'rgba(0, 0, 0, 0)' to equal 'rgb(0, 0, 0)'",
                "estack": "AssertionError: expected 'rgba(0, 0, 0, 0)' to equal 'rgb(0, 0, 0)'\n    at getRet (http://localhost:36211/__cypress/runner/cypress_runner.js:136585:16)\n    at tryCatcher (http://localhost:36211/__cypress/runner/cypress_runner.js:167415:23)\n    at Function.Promise.attempt.Promise.try (http://localhost:36211/__cypress/runner/cypress_runner.js:164690:29)\n    at Context.thenFn (http://localhost:36211/__cypress/runner/cypress_runner.js:136599:23)\n    at Context.then (http://localhost:36211/__cypress/runner/cypress_runner.js:136971:21)\n    at Context.<anonymous> (http://localhost:36211/__cypress/runner/cypress_runner.js:148875:21)\n    at http://localhost:36211/__cypress/runner/cypress_runner.js:148351:33\n    at tryCatcher (http://localhost:36211/__cypress/runner/cypress_runner.js:167415:23)\n    at Promise._settlePromiseFromHandler (http://localhost:36211/__cypress/runner/cypress_runner.js:165351:31)\n    at Promise._settlePromise (http://localhost:36211/__cypress/runner/cypress_runner.js:165408:18)\n    at Promise._settlePromiseCtx (http://localhost:36211/__cypress/runner/cypress_runner.js:165445:10)\n    at Async../node_modules/bluebird/js/release/async.js.Async._drainQueue (http://localhost:36211/__cypress/runner/cypress_runner.js:162145:12)\n    at Async../node_modules/bluebird/js/release/async.js.Async._drainQueues (http://localhost:36211/__cypress/runner/cypress_runner.js:162150:10)\n    at Async.drainQueues (http://localhost:36211/__cypress/runner/cypress_runner.js:162024:14)",
                "diff": "- 'rgba(0, 0, 0, 0)'\n+ 'rgb(0, 0, 0)'\n"
              },
              "uuid": "7db7ee69-5cdd-4d53-8b86-c794ad0d8828",
              "parentUUID": "ec8d10a5-b2ae-43fa-b561-ebbb91e1a99f",
              "isHook": false,
              "skipped": false
            }
          ],
          "suites": [],
          "passes": [],
          "failures": [
            "b8207324-121f-488c-805f-faa448fda727",
            "7db7ee69-5cdd-4d53-8b86-c794ad0d8828"
          ],
          "pending": [],
          "skipped": [],
          "duration": 848,
          "root": false,
          "rootEmpty": false,
          "_timeout": 2000
        }
      ],
      "passes": [],
      "failures": [],
      "pending": [],
      "skipped": [],
      "duration": 0,
      "root": true,
      "rootEmpty": true,
      "_timeout": 2000
    }
  ],
  "meta": {
    "mocha": {
      "version": "7.0.1"
    },
    "mochawesome": {
      "options": {
        "quiet": false,
        "reportFilename": "mochawesome",
        "saveHtml": false,
        "saveJson": true,
        "consoleReporter": "spec",
        "useInlineDiffs": false
      },
      "version": "4.1.0"
    },
    "marge": {
      "options": {
        "id": "default",
        "reportDir": "cypress/reports",
        "overwrite": true,
        "html": false,
        "json": true
      },
      "version": "4.1.0"
    }
  }
}