{
  "stats": {
    "suites": 12,
    "tests": 41,
    "passes": 1,
    "pending": 0,
    "failures": 40,
    "start": "2021-10-09T23:03:42.564Z",
    "end": "2021-10-09T23:06:51.602Z",
    "duration": 189038,
    "testsRegistered": 41,
    "passPercent": 2.4390243902439024,
    "pendingPercent": 0,
    "other": 0,
    "hasOther": false,
    "skipped": 0,
    "hasSkipped": false
  },
  "results": [
    {
      "uuid": "63141266-4697-4c49-8d90-f820f8f2bfaf",
      "title": "",
      "fullFile": "cypress/integration/project.spec.js",
      "file": "cypress/integration/project.spec.js",
      "beforeHooks": [],
      "afterHooks": [],
      "tests": [],
      "suites": [
        {
          "uuid": "c4e265d6-7256-4a97-b4e6-3eb7af8f6b4b",
          "title": "1 - Adicione à página o título \"Paleta de Cores\".",
          "fullFile": "",
          "file": "",
          "beforeHooks": [],
          "afterHooks": [],
          "tests": [
            {
              "title": "Verifica se contém um elemento `h1` com o id `title` com o título correto",
              "fullTitle": "1 - Adicione à página o título \"Paleta de Cores\". Verifica se contém um elemento `h1` com o id `title` com o título correto",
              "timedOut": null,
              "duration": 833,
              "state": "passed",
              "speed": "slow",
              "pass": true,
              "fail": false,
              "pending": false,
              "context": null,
              "code": "cy.get('h1#title').should('contain.text', 'Paleta de Cores');",
              "err": {},
              "uuid": "56c79f32-c2f7-4f0c-980e-e43e008ed34a",
              "parentUUID": "c4e265d6-7256-4a97-b4e6-3eb7af8f6b4b",
              "isHook": false,
              "skipped": false
            }
          ],
          "suites": [],
          "passes": [
            "56c79f32-c2f7-4f0c-980e-e43e008ed34a"
          ],
          "failures": [],
          "pending": [],
          "skipped": [],
          "duration": 833,
          "root": false,
          "rootEmpty": false,
          "_timeout": 2000
        },
        {
          "uuid": "b1dea265-da68-46e3-878e-61f6a708282a",
          "title": "2 - Adicione à página uma paleta de quatro cores distintas.",
          "fullFile": "",
          "file": "",
          "beforeHooks": [],
          "afterHooks": [],
          "tests": [
            {
              "title": "A paleta de cores deve ser um elemento com `id` denominado `color-palette`",
              "fullTitle": "2 - Adicione à página uma paleta de quatro cores distintas. A paleta de cores deve ser um elemento com `id` denominado `color-palette`",
              "timedOut": null,
              "duration": 4888,
              "state": "failed",
              "speed": null,
              "pass": false,
              "fail": true,
              "pending": false,
              "context": null,
              "code": "cy.get('#color-palette').should('be.visible');\ncy.get('#color-palette').children('.color');",
              "err": {
                "message": "CypressError: Timed out retrying: Expected to find element: '#color-palette', but never found it.",
                "estack": "CypressError: Timed out retrying: Expected to find element: '#color-palette', but never found it.\n    at cypressErr (http://localhost:35765/__cypress/runner/cypress_runner.js:149934:9)\n    at throwErr (http://localhost:35765/__cypress/runner/cypress_runner.js:149867:11)\n    at Object.throwErrByPath (http://localhost:35765/__cypress/runner/cypress_runner.js:149915:3)\n    at retry (http://localhost:35765/__cypress/runner/cypress_runner.js:144197:19)\n    at onFailFn (http://localhost:35765/__cypress/runner/cypress_runner.js:132448:16)\n    at tryCatcher (http://localhost:35765/__cypress/runner/cypress_runner.js:167415:23)\n    at Promise._settlePromiseFromHandler (http://localhost:35765/__cypress/runner/cypress_runner.js:165351:31)\n    at Promise._settlePromise (http://localhost:35765/__cypress/runner/cypress_runner.js:165408:18)\n    at Promise._settlePromise0 (http://localhost:35765/__cypress/runner/cypress_runner.js:165453:10)\n    at Promise._settlePromises (http://localhost:35765/__cypress/runner/cypress_runner.js:165528:18)\n    at Async../node_modules/bluebird/js/release/async.js.Async._drainQueue (http://localhost:35765/__cypress/runner/cypress_runner.js:162140:16)\n    at Async../node_modules/bluebird/js/release/async.js.Async._drainQueues (http://localhost:35765/__cypress/runner/cypress_runner.js:162150:10)\n    at Async.drainQueues (http://localhost:35765/__cypress/runner/cypress_runner.js:162024:14)",
                "diff": null
              },
              "uuid": "2c554995-ee36-4b71-8350-f4e65eb13644",
              "parentUUID": "b1dea265-da68-46e3-878e-61f6a708282a",
              "isHook": false,
              "skipped": false
            },
            {
              "title": "Verifica se cada cor individual da paleta de cores possui a `classe` chamada `color`.",
              "fullTitle": "2 - Adicione à página uma paleta de quatro cores distintas. Verifica se cada cor individual da paleta de cores possui a `classe` chamada `color`.",
              "timedOut": null,
              "duration": 4572,
              "state": "failed",
              "speed": null,
              "pass": false,
              "fail": true,
              "pending": false,
              "context": null,
              "code": "cy.get('.color').should('have.length', 4).then(function (colors) {\n  for (var i = 0; i < colors.length; i++) {\n    cy.wrap(colors[i]).should('be.visible');\n  }\n});",
              "err": {
                "message": "CypressError: Timed out retrying: Expected to find element: '.color', but never found it.",
                "estack": "CypressError: Timed out retrying: Expected to find element: '.color', but never found it.\n    at cypressErr (http://localhost:35765/__cypress/runner/cypress_runner.js:149934:9)\n    at throwErr (http://localhost:35765/__cypress/runner/cypress_runner.js:149867:11)\n    at Object.throwErrByPath (http://localhost:35765/__cypress/runner/cypress_runner.js:149915:3)\n    at retry (http://localhost:35765/__cypress/runner/cypress_runner.js:144197:19)\n    at onFailFn (http://localhost:35765/__cypress/runner/cypress_runner.js:132448:16)\n    at tryCatcher (http://localhost:35765/__cypress/runner/cypress_runner.js:167415:23)\n    at Promise._settlePromiseFromHandler (http://localhost:35765/__cypress/runner/cypress_runner.js:165351:31)\n    at Promise._settlePromise (http://localhost:35765/__cypress/runner/cypress_runner.js:165408:18)\n    at Promise._settlePromise0 (http://localhost:35765/__cypress/runner/cypress_runner.js:165453:10)\n    at Promise._settlePromises (http://localhost:35765/__cypress/runner/cypress_runner.js:165528:18)\n    at Async../node_modules/bluebird/js/release/async.js.Async._drainQueue (http://localhost:35765/__cypress/runner/cypress_runner.js:162140:16)\n    at Async../node_modules/bluebird/js/release/async.js.Async._drainQueues (http://localhost:35765/__cypress/runner/cypress_runner.js:162150:10)\n    at Async.drainQueues (http://localhost:35765/__cypress/runner/cypress_runner.js:162024:14)",
                "diff": null
              },
              "uuid": "bb2d088f-c22b-41d1-9656-02a31f449262",
              "parentUUID": "b1dea265-da68-46e3-878e-61f6a708282a",
              "isHook": false,
              "skipped": false
            },
            {
              "title": "Verifica se a cor de fundo de cada elemento da paleta é a cor que o elemento representa. **A única cor não permitida na paleta é a cor branca.**",
              "fullTitle": "2 - Adicione à página uma paleta de quatro cores distintas. Verifica se a cor de fundo de cada elemento da paleta é a cor que o elemento representa. **A única cor não permitida na paleta é a cor branca.**",
              "timedOut": null,
              "duration": 4473,
              "state": "failed",
              "speed": null,
              "pass": false,
              "fail": true,
              "pending": false,
              "context": null,
              "code": "cy.get('.color').each(function (color) {\n  cy.wrap(color).should('have.class', 'color').and('not.have.css', 'background-color', WHITE);\n  cy.wrap(color).should('have.css', 'background-color');\n});",
              "err": {
                "message": "CypressError: Timed out retrying: Expected to find element: '.color', but never found it.",
                "estack": "CypressError: Timed out retrying: Expected to find element: '.color', but never found it.\n    at cypressErr (http://localhost:35765/__cypress/runner/cypress_runner.js:149934:9)\n    at throwErr (http://localhost:35765/__cypress/runner/cypress_runner.js:149867:11)\n    at Object.throwErrByPath (http://localhost:35765/__cypress/runner/cypress_runner.js:149915:3)\n    at retry (http://localhost:35765/__cypress/runner/cypress_runner.js:144197:19)\n    at onFailFn (http://localhost:35765/__cypress/runner/cypress_runner.js:132448:16)\n    at tryCatcher (http://localhost:35765/__cypress/runner/cypress_runner.js:167415:23)\n    at Promise._settlePromiseFromHandler (http://localhost:35765/__cypress/runner/cypress_runner.js:165351:31)\n    at Promise._settlePromise (http://localhost:35765/__cypress/runner/cypress_runner.js:165408:18)\n    at Promise._settlePromise0 (http://localhost:35765/__cypress/runner/cypress_runner.js:165453:10)\n    at Promise._settlePromises (http://localhost:35765/__cypress/runner/cypress_runner.js:165528:18)\n    at Async../node_modules/bluebird/js/release/async.js.Async._drainQueue (http://localhost:35765/__cypress/runner/cypress_runner.js:162140:16)\n    at Async../node_modules/bluebird/js/release/async.js.Async._drainQueues (http://localhost:35765/__cypress/runner/cypress_runner.js:162150:10)\n    at Async.drainQueues (http://localhost:35765/__cypress/runner/cypress_runner.js:162024:14)",
                "diff": null
              },
              "uuid": "58171101-4554-4c42-a2f4-06a8d8559271",
              "parentUUID": "b1dea265-da68-46e3-878e-61f6a708282a",
              "isHook": false,
              "skipped": false
            },
            {
              "title": "Verifica se cada elemento da paleta de cores tem uma borda preta, sólida e com 1 pixel de largura;",
              "fullTitle": "2 - Adicione à página uma paleta de quatro cores distintas. Verifica se cada elemento da paleta de cores tem uma borda preta, sólida e com 1 pixel de largura;",
              "timedOut": null,
              "duration": 4486,
              "state": "failed",
              "speed": null,
              "pass": false,
              "fail": true,
              "pending": false,
              "context": null,
              "code": "cy.get('.color').each(function (color) {\n  cy.wrap(color).and('have.css', 'border', \"1px solid \".concat(BLACK)).and('have.class', 'color');\n});",
              "err": {
                "message": "CypressError: Timed out retrying: Expected to find element: '.color', but never found it.",
                "estack": "CypressError: Timed out retrying: Expected to find element: '.color', but never found it.\n    at cypressErr (http://localhost:35765/__cypress/runner/cypress_runner.js:149934:9)\n    at throwErr (http://localhost:35765/__cypress/runner/cypress_runner.js:149867:11)\n    at Object.throwErrByPath (http://localhost:35765/__cypress/runner/cypress_runner.js:149915:3)\n    at retry (http://localhost:35765/__cypress/runner/cypress_runner.js:144197:19)\n    at onFailFn (http://localhost:35765/__cypress/runner/cypress_runner.js:132448:16)\n    at tryCatcher (http://localhost:35765/__cypress/runner/cypress_runner.js:167415:23)\n    at Promise._settlePromiseFromHandler (http://localhost:35765/__cypress/runner/cypress_runner.js:165351:31)\n    at Promise._settlePromise (http://localhost:35765/__cypress/runner/cypress_runner.js:165408:18)\n    at Promise._settlePromise0 (http://localhost:35765/__cypress/runner/cypress_runner.js:165453:10)\n    at Promise._settlePromises (http://localhost:35765/__cypress/runner/cypress_runner.js:165528:18)\n    at Async../node_modules/bluebird/js/release/async.js.Async._drainQueue (http://localhost:35765/__cypress/runner/cypress_runner.js:162140:16)\n    at Async../node_modules/bluebird/js/release/async.js.Async._drainQueues (http://localhost:35765/__cypress/runner/cypress_runner.js:162150:10)\n    at Async.drainQueues (http://localhost:35765/__cypress/runner/cypress_runner.js:162024:14)",
                "diff": null
              },
              "uuid": "e14ddfe8-9841-4140-bfcc-25b80a68bafa",
              "parentUUID": "b1dea265-da68-46e3-878e-61f6a708282a",
              "isHook": false,
              "skipped": false
            },
            {
              "title": "Verifica se a paleta lista todas as cores disponíveis para utilização, lado a lado.",
              "fullTitle": "2 - Adicione à página uma paleta de quatro cores distintas. Verifica se a paleta lista todas as cores disponíveis para utilização, lado a lado.",
              "timedOut": null,
              "duration": 4545,
              "state": "failed",
              "speed": null,
              "pass": false,
              "fail": true,
              "pending": false,
              "context": null,
              "code": "cy.get('.color').then(function (colors) {\n  for (var index = 1; index < colors.length; index += 1) {\n    var currentColor = colors[index];\n    var previousColor = colors[index - 1];\n    cy.wrap(currentColor).should('be.onTheRightOf', previousColor).and('be.horizontallyAlignedWith', previousColor);\n  }\n});",
              "err": {
                "message": "CypressError: Timed out retrying: Expected to find element: '.color', but never found it.",
                "estack": "CypressError: Timed out retrying: Expected to find element: '.color', but never found it.\n    at cypressErr (http://localhost:35765/__cypress/runner/cypress_runner.js:149934:9)\n    at throwErr (http://localhost:35765/__cypress/runner/cypress_runner.js:149867:11)\n    at Object.throwErrByPath (http://localhost:35765/__cypress/runner/cypress_runner.js:149915:3)\n    at retry (http://localhost:35765/__cypress/runner/cypress_runner.js:144197:19)\n    at onFailFn (http://localhost:35765/__cypress/runner/cypress_runner.js:132448:16)\n    at tryCatcher (http://localhost:35765/__cypress/runner/cypress_runner.js:167415:23)\n    at Promise._settlePromiseFromHandler (http://localhost:35765/__cypress/runner/cypress_runner.js:165351:31)\n    at Promise._settlePromise (http://localhost:35765/__cypress/runner/cypress_runner.js:165408:18)\n    at Promise._settlePromise0 (http://localhost:35765/__cypress/runner/cypress_runner.js:165453:10)\n    at Promise._settlePromises (http://localhost:35765/__cypress/runner/cypress_runner.js:165528:18)\n    at Async../node_modules/bluebird/js/release/async.js.Async._drainQueue (http://localhost:35765/__cypress/runner/cypress_runner.js:162140:16)\n    at Async../node_modules/bluebird/js/release/async.js.Async._drainQueues (http://localhost:35765/__cypress/runner/cypress_runner.js:162150:10)\n    at Async.drainQueues (http://localhost:35765/__cypress/runner/cypress_runner.js:162024:14)",
                "diff": null
              },
              "uuid": "84e5164e-f610-4dce-9fc2-4a02cc6e3600",
              "parentUUID": "b1dea265-da68-46e3-878e-61f6a708282a",
              "isHook": false,
              "skipped": false
            },
            {
              "title": "Verifica se a paleta de cores está posicionada abaixo do título 'Paleta de Cores'",
              "fullTitle": "2 - Adicione à página uma paleta de quatro cores distintas. Verifica se a paleta de cores está posicionada abaixo do título 'Paleta de Cores'",
              "timedOut": null,
              "duration": 4467,
              "state": "failed",
              "speed": null,
              "pass": false,
              "fail": true,
              "pending": false,
              "context": null,
              "code": "cy.get('h1#title').then(function (title) {\n  cy.get('#color-palette').should('be.belowOf', title);\n});",
              "err": {
                "message": "CypressError: Timed out retrying: Expected to find element: '#color-palette', but never found it.",
                "estack": "CypressError: Timed out retrying: Expected to find element: '#color-palette', but never found it.\n    at cypressErr (http://localhost:35765/__cypress/runner/cypress_runner.js:149934:9)\n    at throwErr (http://localhost:35765/__cypress/runner/cypress_runner.js:149867:11)\n    at Object.throwErrByPath (http://localhost:35765/__cypress/runner/cypress_runner.js:149915:3)\n    at retry (http://localhost:35765/__cypress/runner/cypress_runner.js:144197:19)\n    at onFailFn (http://localhost:35765/__cypress/runner/cypress_runner.js:132448:16)\n    at tryCatcher (http://localhost:35765/__cypress/runner/cypress_runner.js:167415:23)\n    at Promise._settlePromiseFromHandler (http://localhost:35765/__cypress/runner/cypress_runner.js:165351:31)\n    at Promise._settlePromise (http://localhost:35765/__cypress/runner/cypress_runner.js:165408:18)\n    at Promise._settlePromise0 (http://localhost:35765/__cypress/runner/cypress_runner.js:165453:10)\n    at Promise._settlePromises (http://localhost:35765/__cypress/runner/cypress_runner.js:165528:18)\n    at Async../node_modules/bluebird/js/release/async.js.Async._drainQueue (http://localhost:35765/__cypress/runner/cypress_runner.js:162140:16)\n    at Async../node_modules/bluebird/js/release/async.js.Async._drainQueues (http://localhost:35765/__cypress/runner/cypress_runner.js:162150:10)\n    at Async.drainQueues (http://localhost:35765/__cypress/runner/cypress_runner.js:162024:14)",
                "diff": null
              },
              "uuid": "5e82b385-008b-4153-a882-3ccfd3e50bbe",
              "parentUUID": "b1dea265-da68-46e3-878e-61f6a708282a",
              "isHook": false,
              "skipped": false
            },
            {
              "title": "Verifica se a paleta de cores não contém cores repetidas.",
              "fullTitle": "2 - Adicione à página uma paleta de quatro cores distintas. Verifica se a paleta de cores não contém cores repetidas.",
              "timedOut": null,
              "duration": 4520,
              "state": "failed",
              "speed": null,
              "pass": false,
              "fail": true,
              "pending": false,
              "context": null,
              "code": "cy.get('.color').then(function (colors) {\n  var allColors = Array.from(colors).map(function (color) {\n    return Cypress.$(color).css('background-color');\n  });\n  cy.log(allColors);\n  var uniqColors = (0, _toConsumableArray2[\"default\"])(new Set(allColors));\n  cy.log(uniqColors);\n  expect(allColors.length).to.eq(uniqColors.length);\n});",
              "err": {
                "message": "CypressError: Timed out retrying: Expected to find element: '.color', but never found it.",
                "estack": "CypressError: Timed out retrying: Expected to find element: '.color', but never found it.\n    at cypressErr (http://localhost:35765/__cypress/runner/cypress_runner.js:149934:9)\n    at throwErr (http://localhost:35765/__cypress/runner/cypress_runner.js:149867:11)\n    at Object.throwErrByPath (http://localhost:35765/__cypress/runner/cypress_runner.js:149915:3)\n    at retry (http://localhost:35765/__cypress/runner/cypress_runner.js:144197:19)\n    at onFailFn (http://localhost:35765/__cypress/runner/cypress_runner.js:132448:16)\n    at tryCatcher (http://localhost:35765/__cypress/runner/cypress_runner.js:167415:23)\n    at Promise._settlePromiseFromHandler (http://localhost:35765/__cypress/runner/cypress_runner.js:165351:31)\n    at Promise._settlePromise (http://localhost:35765/__cypress/runner/cypress_runner.js:165408:18)\n    at Promise._settlePromise0 (http://localhost:35765/__cypress/runner/cypress_runner.js:165453:10)\n    at Promise._settlePromises (http://localhost:35765/__cypress/runner/cypress_runner.js:165528:18)\n    at Async../node_modules/bluebird/js/release/async.js.Async._drainQueue (http://localhost:35765/__cypress/runner/cypress_runner.js:162140:16)\n    at Async../node_modules/bluebird/js/release/async.js.Async._drainQueues (http://localhost:35765/__cypress/runner/cypress_runner.js:162150:10)\n    at Async.drainQueues (http://localhost:35765/__cypress/runner/cypress_runner.js:162024:14)",
                "diff": null
              },
              "uuid": "874dcb60-1618-4ffb-ae2e-b6c491baba34",
              "parentUUID": "b1dea265-da68-46e3-878e-61f6a708282a",
              "isHook": false,
              "skipped": false
            }
          ],
          "suites": [],
          "passes": [],
          "failures": [
            "2c554995-ee36-4b71-8350-f4e65eb13644",
            "bb2d088f-c22b-41d1-9656-02a31f449262",
            "58171101-4554-4c42-a2f4-06a8d8559271",
            "e14ddfe8-9841-4140-bfcc-25b80a68bafa",
            "84e5164e-f610-4dce-9fc2-4a02cc6e3600",
            "5e82b385-008b-4153-a882-3ccfd3e50bbe",
            "874dcb60-1618-4ffb-ae2e-b6c491baba34"
          ],
          "pending": [],
          "skipped": [],
          "duration": 31951,
          "root": false,
          "rootEmpty": false,
          "_timeout": 2000
        },
        {
          "uuid": "8097d816-376b-4f72-a7fb-cb33efc08b54",
          "title": "3 - Adicione a cor **preta** como a primeira cor da paleta de cores.",
          "fullFile": "",
          "file": "",
          "beforeHooks": [],
          "afterHooks": [],
          "tests": [
            {
              "title": "Verifica se a primeira cor da paleta é preta",
              "fullTitle": "3 - Adicione a cor **preta** como a primeira cor da paleta de cores. Verifica se a primeira cor da paleta é preta",
              "timedOut": null,
              "duration": 4561,
              "state": "failed",
              "speed": null,
              "pass": false,
              "fail": true,
              "pending": false,
              "context": null,
              "code": "cy.get('.color').first().should('have.css', 'background-color', BLACK);",
              "err": {
                "message": "CypressError: Timed out retrying: Expected to find element: '.color', but never found it.",
                "estack": "CypressError: Timed out retrying: Expected to find element: '.color', but never found it.\n    at cypressErr (http://localhost:35765/__cypress/runner/cypress_runner.js:149934:9)\n    at throwErr (http://localhost:35765/__cypress/runner/cypress_runner.js:149867:11)\n    at Object.throwErrByPath (http://localhost:35765/__cypress/runner/cypress_runner.js:149915:3)\n    at retry (http://localhost:35765/__cypress/runner/cypress_runner.js:144197:19)\n    at onFailFn (http://localhost:35765/__cypress/runner/cypress_runner.js:132448:16)\n    at tryCatcher (http://localhost:35765/__cypress/runner/cypress_runner.js:167415:23)\n    at Promise._settlePromiseFromHandler (http://localhost:35765/__cypress/runner/cypress_runner.js:165351:31)\n    at Promise._settlePromise (http://localhost:35765/__cypress/runner/cypress_runner.js:165408:18)\n    at Promise._settlePromise0 (http://localhost:35765/__cypress/runner/cypress_runner.js:165453:10)\n    at Promise._settlePromises (http://localhost:35765/__cypress/runner/cypress_runner.js:165528:18)\n    at Async../node_modules/bluebird/js/release/async.js.Async._drainQueue (http://localhost:35765/__cypress/runner/cypress_runner.js:162140:16)\n    at Async../node_modules/bluebird/js/release/async.js.Async._drainQueues (http://localhost:35765/__cypress/runner/cypress_runner.js:162150:10)\n    at Async.drainQueues (http://localhost:35765/__cypress/runner/cypress_runner.js:162024:14)",
                "diff": null
              },
              "uuid": "f387ecd2-037d-4575-8f9a-46afcb312654",
              "parentUUID": "8097d816-376b-4f72-a7fb-cb33efc08b54",
              "isHook": false,
              "skipped": false
            },
            {
              "title": "Verifica se as demais cores podem ser escolhidas livremente.",
              "fullTitle": "3 - Adicione a cor **preta** como a primeira cor da paleta de cores. Verifica se as demais cores podem ser escolhidas livremente.",
              "timedOut": null,
              "duration": 4453,
              "state": "failed",
              "speed": null,
              "pass": false,
              "fail": true,
              "pending": false,
              "context": null,
              "code": "cy.get('.color').eq(1).should('not.have.css', 'background-color', BLACK);\ncy.get('.color').eq(1).should('not.have.css', 'background-color', WHITE);\ncy.get('.color').eq(1).should('not.have.css', 'background-color', 'rgba(0, 0, 0, 0)');\ncy.get('.color').eq(1).should('have.css', 'background-color');\ncy.get('.color').eq(2).should('not.have.css', 'background-color', BLACK);\ncy.get('.color').eq(2).should('not.have.css', 'background-color', WHITE);\ncy.get('.color').eq(2).should('not.have.css', 'background-color', 'rgba(0, 0, 0, 0)');\ncy.get('.color').eq(2).should('have.css', 'background-color');\ncy.get('.color').eq(3).should('not.have.css', 'background-color', BLACK);\ncy.get('.color').eq(3).should('not.have.css', 'background-color', WHITE);\ncy.get('.color').eq(3).should('not.have.css', 'background-color', 'rgba(0, 0, 0, 0)');\ncy.get('.color').eq(3).should('have.css', 'background-color');",
              "err": {
                "message": "CypressError: Timed out retrying: Expected to find element: '.color', but never found it.",
                "estack": "CypressError: Timed out retrying: Expected to find element: '.color', but never found it.\n    at cypressErr (http://localhost:35765/__cypress/runner/cypress_runner.js:149934:9)\n    at throwErr (http://localhost:35765/__cypress/runner/cypress_runner.js:149867:11)\n    at Object.throwErrByPath (http://localhost:35765/__cypress/runner/cypress_runner.js:149915:3)\n    at retry (http://localhost:35765/__cypress/runner/cypress_runner.js:144197:19)\n    at onFailFn (http://localhost:35765/__cypress/runner/cypress_runner.js:132448:16)\n    at tryCatcher (http://localhost:35765/__cypress/runner/cypress_runner.js:167415:23)\n    at Promise._settlePromiseFromHandler (http://localhost:35765/__cypress/runner/cypress_runner.js:165351:31)\n    at Promise._settlePromise (http://localhost:35765/__cypress/runner/cypress_runner.js:165408:18)\n    at Promise._settlePromise0 (http://localhost:35765/__cypress/runner/cypress_runner.js:165453:10)\n    at Promise._settlePromises (http://localhost:35765/__cypress/runner/cypress_runner.js:165528:18)\n    at Async../node_modules/bluebird/js/release/async.js.Async._drainQueue (http://localhost:35765/__cypress/runner/cypress_runner.js:162140:16)\n    at Async../node_modules/bluebird/js/release/async.js.Async._drainQueues (http://localhost:35765/__cypress/runner/cypress_runner.js:162150:10)\n    at Async.drainQueues (http://localhost:35765/__cypress/runner/cypress_runner.js:162024:14)",
                "diff": null
              },
              "uuid": "12d9ada9-03bb-490d-8951-8ec4c33c76bc",
              "parentUUID": "8097d816-376b-4f72-a7fb-cb33efc08b54",
              "isHook": false,
              "skipped": false
            }
          ],
          "suites": [],
          "passes": [],
          "failures": [
            "f387ecd2-037d-4575-8f9a-46afcb312654",
            "12d9ada9-03bb-490d-8951-8ec4c33c76bc"
          ],
          "pending": [],
          "skipped": [],
          "duration": 9014,
          "root": false,
          "rootEmpty": false,
          "_timeout": 2000
        },
        {
          "uuid": "4e3b21df-528d-4478-bdef-a0dc43213d4c",
          "title": "4 - Adicione à página um quadro de pixels, com 25 pixels.",
          "fullFile": "",
          "file": "",
          "beforeHooks": [],
          "afterHooks": [],
          "tests": [
            {
              "title": "Verifica se o quadro de pixels possui o `id` denominado `pixel-board`",
              "fullTitle": "4 - Adicione à página um quadro de pixels, com 25 pixels. Verifica se o quadro de pixels possui o `id` denominado `pixel-board`",
              "timedOut": null,
              "duration": 4525,
              "state": "failed",
              "speed": null,
              "pass": false,
              "fail": true,
              "pending": false,
              "context": null,
              "code": "cy.get('#pixel-board').should('be.visible');",
              "err": {
                "message": "CypressError: Timed out retrying: Expected to find element: '#pixel-board', but never found it.",
                "estack": "CypressError: Timed out retrying: Expected to find element: '#pixel-board', but never found it.\n    at cypressErr (http://localhost:35765/__cypress/runner/cypress_runner.js:149934:9)\n    at throwErr (http://localhost:35765/__cypress/runner/cypress_runner.js:149867:11)\n    at Object.throwErrByPath (http://localhost:35765/__cypress/runner/cypress_runner.js:149915:3)\n    at retry (http://localhost:35765/__cypress/runner/cypress_runner.js:144197:19)\n    at onFailFn (http://localhost:35765/__cypress/runner/cypress_runner.js:132448:16)\n    at tryCatcher (http://localhost:35765/__cypress/runner/cypress_runner.js:167415:23)\n    at Promise._settlePromiseFromHandler (http://localhost:35765/__cypress/runner/cypress_runner.js:165351:31)\n    at Promise._settlePromise (http://localhost:35765/__cypress/runner/cypress_runner.js:165408:18)\n    at Promise._settlePromise0 (http://localhost:35765/__cypress/runner/cypress_runner.js:165453:10)\n    at Promise._settlePromises (http://localhost:35765/__cypress/runner/cypress_runner.js:165528:18)\n    at Async../node_modules/bluebird/js/release/async.js.Async._drainQueue (http://localhost:35765/__cypress/runner/cypress_runner.js:162140:16)\n    at Async../node_modules/bluebird/js/release/async.js.Async._drainQueues (http://localhost:35765/__cypress/runner/cypress_runner.js:162150:10)\n    at Async.drainQueues (http://localhost:35765/__cypress/runner/cypress_runner.js:162024:14)",
                "diff": null
              },
              "uuid": "3dcc071f-b862-48d6-936c-7dc574344be6",
              "parentUUID": "4e3b21df-528d-4478-bdef-a0dc43213d4c",
              "isHook": false,
              "skipped": false
            },
            {
              "title": "Verifica se cada pixel individual dentro do quadro possui a `classe` denominada `pixel`.",
              "fullTitle": "4 - Adicione à página um quadro de pixels, com 25 pixels. Verifica se cada pixel individual dentro do quadro possui a `classe` denominada `pixel`.",
              "timedOut": null,
              "duration": 4672,
              "state": "failed",
              "speed": null,
              "pass": false,
              "fail": true,
              "pending": false,
              "context": null,
              "code": "cy.get('.pixel').should('have.length', 25);",
              "err": {
                "message": "CypressError: Timed out retrying: Expected to find element: '.pixel', but never found it.",
                "estack": "CypressError: Timed out retrying: Expected to find element: '.pixel', but never found it.\n    at cypressErr (http://localhost:35765/__cypress/runner/cypress_runner.js:149934:9)\n    at throwErr (http://localhost:35765/__cypress/runner/cypress_runner.js:149867:11)\n    at Object.throwErrByPath (http://localhost:35765/__cypress/runner/cypress_runner.js:149915:3)\n    at retry (http://localhost:35765/__cypress/runner/cypress_runner.js:144197:19)\n    at onFailFn (http://localhost:35765/__cypress/runner/cypress_runner.js:132448:16)\n    at tryCatcher (http://localhost:35765/__cypress/runner/cypress_runner.js:167415:23)\n    at Promise._settlePromiseFromHandler (http://localhost:35765/__cypress/runner/cypress_runner.js:165351:31)\n    at Promise._settlePromise (http://localhost:35765/__cypress/runner/cypress_runner.js:165408:18)\n    at Promise._settlePromise0 (http://localhost:35765/__cypress/runner/cypress_runner.js:165453:10)\n    at Promise._settlePromises (http://localhost:35765/__cypress/runner/cypress_runner.js:165528:18)\n    at Async../node_modules/bluebird/js/release/async.js.Async._drainQueue (http://localhost:35765/__cypress/runner/cypress_runner.js:162140:16)\n    at Async../node_modules/bluebird/js/release/async.js.Async._drainQueues (http://localhost:35765/__cypress/runner/cypress_runner.js:162150:10)\n    at Async.drainQueues (http://localhost:35765/__cypress/runner/cypress_runner.js:162024:14)",
                "diff": null
              },
              "uuid": "653ee04f-4c2c-4682-94dd-669e5dc52c91",
              "parentUUID": "4e3b21df-528d-4478-bdef-a0dc43213d4c",
              "isHook": false,
              "skipped": false
            },
            {
              "title": "Verifica se a cor inicial dos pixels dentro do quadro, ao abrir a página, é branca.",
              "fullTitle": "4 - Adicione à página um quadro de pixels, com 25 pixels. Verifica se a cor inicial dos pixels dentro do quadro, ao abrir a página, é branca.",
              "timedOut": null,
              "duration": 4464,
              "state": "failed",
              "speed": null,
              "pass": false,
              "fail": true,
              "pending": false,
              "context": null,
              "code": "cy.get('.pixel').should('have.length', 25).each(function (pixel) {\n  expect(pixel).to.have.css('background-color', WHITE);\n});",
              "err": {
                "message": "CypressError: Timed out retrying: Expected to find element: '.pixel', but never found it.",
                "estack": "CypressError: Timed out retrying: Expected to find element: '.pixel', but never found it.\n    at cypressErr (http://localhost:35765/__cypress/runner/cypress_runner.js:149934:9)\n    at throwErr (http://localhost:35765/__cypress/runner/cypress_runner.js:149867:11)\n    at Object.throwErrByPath (http://localhost:35765/__cypress/runner/cypress_runner.js:149915:3)\n    at retry (http://localhost:35765/__cypress/runner/cypress_runner.js:144197:19)\n    at onFailFn (http://localhost:35765/__cypress/runner/cypress_runner.js:132448:16)\n    at tryCatcher (http://localhost:35765/__cypress/runner/cypress_runner.js:167415:23)\n    at Promise._settlePromiseFromHandler (http://localhost:35765/__cypress/runner/cypress_runner.js:165351:31)\n    at Promise._settlePromise (http://localhost:35765/__cypress/runner/cypress_runner.js:165408:18)\n    at Promise._settlePromise0 (http://localhost:35765/__cypress/runner/cypress_runner.js:165453:10)\n    at Promise._settlePromises (http://localhost:35765/__cypress/runner/cypress_runner.js:165528:18)\n    at Async../node_modules/bluebird/js/release/async.js.Async._drainQueue (http://localhost:35765/__cypress/runner/cypress_runner.js:162140:16)\n    at Async../node_modules/bluebird/js/release/async.js.Async._drainQueues (http://localhost:35765/__cypress/runner/cypress_runner.js:162150:10)\n    at Async.drainQueues (http://localhost:35765/__cypress/runner/cypress_runner.js:162024:14)",
                "diff": null
              },
              "uuid": "4a538a48-234e-4e58-b509-a02f2d2bf1f8",
              "parentUUID": "4e3b21df-528d-4478-bdef-a0dc43213d4c",
              "isHook": false,
              "skipped": false
            },
            {
              "title": "Verifica se o quadro de pixels aparece abaixo da paleta de cores",
              "fullTitle": "4 - Adicione à página um quadro de pixels, com 25 pixels. Verifica se o quadro de pixels aparece abaixo da paleta de cores",
              "timedOut": null,
              "duration": 4491,
              "state": "failed",
              "speed": null,
              "pass": false,
              "fail": true,
              "pending": false,
              "context": null,
              "code": "cy.get('#color-palette').then(function (palette) {\n  cy.get('#pixel-board').should('be.belowOf', palette);\n});",
              "err": {
                "message": "CypressError: Timed out retrying: Expected to find element: '#color-palette', but never found it.",
                "estack": "CypressError: Timed out retrying: Expected to find element: '#color-palette', but never found it.\n    at cypressErr (http://localhost:35765/__cypress/runner/cypress_runner.js:149934:9)\n    at throwErr (http://localhost:35765/__cypress/runner/cypress_runner.js:149867:11)\n    at Object.throwErrByPath (http://localhost:35765/__cypress/runner/cypress_runner.js:149915:3)\n    at retry (http://localhost:35765/__cypress/runner/cypress_runner.js:144197:19)\n    at onFailFn (http://localhost:35765/__cypress/runner/cypress_runner.js:132448:16)\n    at tryCatcher (http://localhost:35765/__cypress/runner/cypress_runner.js:167415:23)\n    at Promise._settlePromiseFromHandler (http://localhost:35765/__cypress/runner/cypress_runner.js:165351:31)\n    at Promise._settlePromise (http://localhost:35765/__cypress/runner/cypress_runner.js:165408:18)\n    at Promise._settlePromise0 (http://localhost:35765/__cypress/runner/cypress_runner.js:165453:10)\n    at Promise._settlePromises (http://localhost:35765/__cypress/runner/cypress_runner.js:165528:18)\n    at Async../node_modules/bluebird/js/release/async.js.Async._drainQueue (http://localhost:35765/__cypress/runner/cypress_runner.js:162140:16)\n    at Async../node_modules/bluebird/js/release/async.js.Async._drainQueues (http://localhost:35765/__cypress/runner/cypress_runner.js:162150:10)\n    at Async.drainQueues (http://localhost:35765/__cypress/runner/cypress_runner.js:162024:14)",
                "diff": null
              },
              "uuid": "9983d938-513f-4317-a661-97610ce3b95d",
              "parentUUID": "4e3b21df-528d-4478-bdef-a0dc43213d4c",
              "isHook": false,
              "skipped": false
            }
          ],
          "suites": [],
          "passes": [],
          "failures": [
            "3dcc071f-b862-48d6-936c-7dc574344be6",
            "653ee04f-4c2c-4682-94dd-669e5dc52c91",
            "4a538a48-234e-4e58-b509-a02f2d2bf1f8",
            "9983d938-513f-4317-a661-97610ce3b95d"
          ],
          "pending": [],
          "skipped": [],
          "duration": 18152,
          "root": false,
          "rootEmpty": false,
          "_timeout": 2000
        },
        {
          "uuid": "3b42215b-aed1-4326-8170-5b1d4fc2245b",
          "title": "5 - Faça com que cada elemento do quadro de pixels possua 40 pixels de largura, 40 pixels de altura e seja delimitado por uma borda preta de 1 pixel.",
          "fullFile": "",
          "file": "",
          "beforeHooks": [],
          "afterHooks": [],
          "tests": [
            {
              "title": "Verifica se o quadro de pixels tem altura e comprimento de 5 elementos",
              "fullTitle": "5 - Faça com que cada elemento do quadro de pixels possua 40 pixels de largura, 40 pixels de altura e seja delimitado por uma borda preta de 1 pixel. Verifica se o quadro de pixels tem altura e comprimento de 5 elementos",
              "timedOut": null,
              "duration": 4474,
              "state": "failed",
              "speed": null,
              "pass": false,
              "fail": true,
              "pending": false,
              "context": null,
              "code": "cy.get('.pixel').should('have.length', 25).each(function (pixel) {\n  expect(pixel).to.have.css('background-color', WHITE);\n}).and(function (pixels) {\n  var rows = chunk(pixels, 5);\n  rows.forEach(function (row) {\n    for (var index = 1; index < row.length; index += 1) {\n      var current = pixels[index];\n      var previous = pixels[index - 1];\n      cy.wrap(current).should('be.onTheRightOf', previous).and('be.horizontallyAlignedWith', previous);\n    }\n  });\n  for (var index = 1; index < 5; index += 1) {\n    expect(pixels[index * 5]).to.be.belowOf(pixels[(index - 1) * 5]);\n  }\n});",
              "err": {
                "message": "CypressError: Timed out retrying: Expected to find element: '.pixel', but never found it.",
                "estack": "CypressError: Timed out retrying: Expected to find element: '.pixel', but never found it.\n    at cypressErr (http://localhost:35765/__cypress/runner/cypress_runner.js:149934:9)\n    at throwErr (http://localhost:35765/__cypress/runner/cypress_runner.js:149867:11)\n    at Object.throwErrByPath (http://localhost:35765/__cypress/runner/cypress_runner.js:149915:3)\n    at retry (http://localhost:35765/__cypress/runner/cypress_runner.js:144197:19)\n    at onFailFn (http://localhost:35765/__cypress/runner/cypress_runner.js:132448:16)\n    at tryCatcher (http://localhost:35765/__cypress/runner/cypress_runner.js:167415:23)\n    at Promise._settlePromiseFromHandler (http://localhost:35765/__cypress/runner/cypress_runner.js:165351:31)\n    at Promise._settlePromise (http://localhost:35765/__cypress/runner/cypress_runner.js:165408:18)\n    at Promise._settlePromise0 (http://localhost:35765/__cypress/runner/cypress_runner.js:165453:10)\n    at Promise._settlePromises (http://localhost:35765/__cypress/runner/cypress_runner.js:165528:18)\n    at Async../node_modules/bluebird/js/release/async.js.Async._drainQueue (http://localhost:35765/__cypress/runner/cypress_runner.js:162140:16)\n    at Async../node_modules/bluebird/js/release/async.js.Async._drainQueues (http://localhost:35765/__cypress/runner/cypress_runner.js:162150:10)\n    at Async.drainQueues (http://localhost:35765/__cypress/runner/cypress_runner.js:162024:14)",
                "diff": null
              },
              "uuid": "3ea6ba94-0bbf-42f6-b9c5-f717e985e959",
              "parentUUID": "3b42215b-aed1-4326-8170-5b1d4fc2245b",
              "isHook": false,
              "skipped": false
            },
            {
              "title": "Verifica se 40 pixels é o tamanho total do elemento, incluindo seu conteúdo e excluindo a borda preta, que deve ser criada à parte.",
              "fullTitle": "5 - Faça com que cada elemento do quadro de pixels possua 40 pixels de largura, 40 pixels de altura e seja delimitado por uma borda preta de 1 pixel. Verifica se 40 pixels é o tamanho total do elemento, incluindo seu conteúdo e excluindo a borda preta, que deve ser criada à parte.",
              "timedOut": null,
              "duration": 4607,
              "state": "failed",
              "speed": null,
              "pass": false,
              "fail": true,
              "pending": false,
              "context": null,
              "code": "cy.get('.pixel').each(function (pixel) {\n  cy.wrap(pixel).should('have.css', 'height', '40px').and('have.css', 'width', '40px').and('have.css', 'border', \"1px solid \".concat(BLACK));\n});",
              "err": {
                "message": "CypressError: Timed out retrying: Expected to find element: '.pixel', but never found it.",
                "estack": "CypressError: Timed out retrying: Expected to find element: '.pixel', but never found it.\n    at cypressErr (http://localhost:35765/__cypress/runner/cypress_runner.js:149934:9)\n    at throwErr (http://localhost:35765/__cypress/runner/cypress_runner.js:149867:11)\n    at Object.throwErrByPath (http://localhost:35765/__cypress/runner/cypress_runner.js:149915:3)\n    at retry (http://localhost:35765/__cypress/runner/cypress_runner.js:144197:19)\n    at onFailFn (http://localhost:35765/__cypress/runner/cypress_runner.js:132448:16)\n    at tryCatcher (http://localhost:35765/__cypress/runner/cypress_runner.js:167415:23)\n    at Promise._settlePromiseFromHandler (http://localhost:35765/__cypress/runner/cypress_runner.js:165351:31)\n    at Promise._settlePromise (http://localhost:35765/__cypress/runner/cypress_runner.js:165408:18)\n    at Promise._settlePromise0 (http://localhost:35765/__cypress/runner/cypress_runner.js:165453:10)\n    at Promise._settlePromises (http://localhost:35765/__cypress/runner/cypress_runner.js:165528:18)\n    at Async../node_modules/bluebird/js/release/async.js.Async._drainQueue (http://localhost:35765/__cypress/runner/cypress_runner.js:162140:16)\n    at Async../node_modules/bluebird/js/release/async.js.Async._drainQueues (http://localhost:35765/__cypress/runner/cypress_runner.js:162150:10)\n    at Async.drainQueues (http://localhost:35765/__cypress/runner/cypress_runner.js:162024:14)",
                "diff": null
              },
              "uuid": "97b5b1ca-4c93-4aba-ab8a-cb0a8124cd86",
              "parentUUID": "3b42215b-aed1-4326-8170-5b1d4fc2245b",
              "isHook": false,
              "skipped": false
            }
          ],
          "suites": [],
          "passes": [],
          "failures": [
            "3ea6ba94-0bbf-42f6-b9c5-f717e985e959",
            "97b5b1ca-4c93-4aba-ab8a-cb0a8124cd86"
          ],
          "pending": [],
          "skipped": [],
          "duration": 9081,
          "root": false,
          "rootEmpty": false,
          "_timeout": 2000
        },
        {
          "uuid": "d0c304e0-4d68-4702-9c60-f8e708b68230",
          "title": "6 - Defina a cor preta como cor inicial. Ao carregar a página a cor preta já deve estar selecionada para pintar os pixels",
          "fullFile": "",
          "file": "",
          "beforeHooks": [],
          "afterHooks": [],
          "tests": [
            {
              "title": "Verifica se o elemento da cor preta possui, inicialmente, a `classe` `selected`",
              "fullTitle": "6 - Defina a cor preta como cor inicial. Ao carregar a página a cor preta já deve estar selecionada para pintar os pixels Verifica se o elemento da cor preta possui, inicialmente, a `classe` `selected`",
              "timedOut": null,
              "duration": 4690,
              "state": "failed",
              "speed": null,
              "pass": false,
              "fail": true,
              "pending": false,
              "context": null,
              "code": "cy.get('.selected').first().should('have.css', 'background-color', BLACK);",
              "err": {
                "message": "CypressError: Timed out retrying: Expected to find element: '.selected', but never found it.",
                "estack": "CypressError: Timed out retrying: Expected to find element: '.selected', but never found it.\n    at cypressErr (http://localhost:35765/__cypress/runner/cypress_runner.js:149934:9)\n    at throwErr (http://localhost:35765/__cypress/runner/cypress_runner.js:149867:11)\n    at Object.throwErrByPath (http://localhost:35765/__cypress/runner/cypress_runner.js:149915:3)\n    at retry (http://localhost:35765/__cypress/runner/cypress_runner.js:144197:19)\n    at onFailFn (http://localhost:35765/__cypress/runner/cypress_runner.js:132448:16)\n    at tryCatcher (http://localhost:35765/__cypress/runner/cypress_runner.js:167415:23)\n    at Promise._settlePromiseFromHandler (http://localhost:35765/__cypress/runner/cypress_runner.js:165351:31)\n    at Promise._settlePromise (http://localhost:35765/__cypress/runner/cypress_runner.js:165408:18)\n    at Promise._settlePromise0 (http://localhost:35765/__cypress/runner/cypress_runner.js:165453:10)\n    at Promise._settlePromises (http://localhost:35765/__cypress/runner/cypress_runner.js:165528:18)\n    at Async../node_modules/bluebird/js/release/async.js.Async._drainQueue (http://localhost:35765/__cypress/runner/cypress_runner.js:162140:16)\n    at Async../node_modules/bluebird/js/release/async.js.Async._drainQueues (http://localhost:35765/__cypress/runner/cypress_runner.js:162150:10)\n    at Async.drainQueues (http://localhost:35765/__cypress/runner/cypress_runner.js:162024:14)",
                "diff": null
              },
              "uuid": "b9823f62-bbcf-42a2-bd07-37732bcb4ecd",
              "parentUUID": "d0c304e0-4d68-4702-9c60-f8e708b68230",
              "isHook": false,
              "skipped": false
            },
            {
              "title": "Verifica se nenhuma outra cor da paleta tem a `classe` `selected`",
              "fullTitle": "6 - Defina a cor preta como cor inicial. Ao carregar a página a cor preta já deve estar selecionada para pintar os pixels Verifica se nenhuma outra cor da paleta tem a `classe` `selected`",
              "timedOut": null,
              "duration": 4565,
              "state": "failed",
              "speed": null,
              "pass": false,
              "fail": true,
              "pending": false,
              "context": null,
              "code": "cy.get('.color:not(:first-child)').each(function (color) {\n  cy.wrap(color).should('not.have.class', 'selected');\n});",
              "err": {
                "message": "CypressError: Timed out retrying: Expected to find element: '.color:not(:first-child)', but never found it.",
                "estack": "CypressError: Timed out retrying: Expected to find element: '.color:not(:first-child)', but never found it.\n    at cypressErr (http://localhost:35765/__cypress/runner/cypress_runner.js:149934:9)\n    at throwErr (http://localhost:35765/__cypress/runner/cypress_runner.js:149867:11)\n    at Object.throwErrByPath (http://localhost:35765/__cypress/runner/cypress_runner.js:149915:3)\n    at retry (http://localhost:35765/__cypress/runner/cypress_runner.js:144197:19)\n    at onFailFn (http://localhost:35765/__cypress/runner/cypress_runner.js:132448:16)\n    at tryCatcher (http://localhost:35765/__cypress/runner/cypress_runner.js:167415:23)\n    at Promise._settlePromiseFromHandler (http://localhost:35765/__cypress/runner/cypress_runner.js:165351:31)\n    at Promise._settlePromise (http://localhost:35765/__cypress/runner/cypress_runner.js:165408:18)\n    at Promise._settlePromise0 (http://localhost:35765/__cypress/runner/cypress_runner.js:165453:10)\n    at Promise._settlePromises (http://localhost:35765/__cypress/runner/cypress_runner.js:165528:18)\n    at Async../node_modules/bluebird/js/release/async.js.Async._drainQueue (http://localhost:35765/__cypress/runner/cypress_runner.js:162140:16)\n    at Async../node_modules/bluebird/js/release/async.js.Async._drainQueues (http://localhost:35765/__cypress/runner/cypress_runner.js:162150:10)\n    at Async.drainQueues (http://localhost:35765/__cypress/runner/cypress_runner.js:162024:14)",
                "diff": null
              },
              "uuid": "550d5ca4-1417-4cc5-82ac-3f52bd319daf",
              "parentUUID": "d0c304e0-4d68-4702-9c60-f8e708b68230",
              "isHook": false,
              "skipped": false
            }
          ],
          "suites": [],
          "passes": [],
          "failures": [
            "b9823f62-bbcf-42a2-bd07-37732bcb4ecd",
            "550d5ca4-1417-4cc5-82ac-3f52bd319daf"
          ],
          "pending": [],
          "skipped": [],
          "duration": 9255,
          "root": false,
          "rootEmpty": false,
          "_timeout": 2000
        },
        {
          "uuid": "199a31fa-1e17-48a9-a69f-7920093ca9ec",
          "title": "7 - Clicar em uma das cores da paleta, faz com que ela seja selecionada e utilizada para preencher os pixels no quadro.",
          "fullFile": "",
          "file": "",
          "beforeHooks": [],
          "afterHooks": [],
          "tests": [
            {
              "title": "Verifica se somente uma cor da paleta de cores tem a classe `selected` de cada vez",
              "fullTitle": "7 - Clicar em uma das cores da paleta, faz com que ela seja selecionada e utilizada para preencher os pixels no quadro. Verifica se somente uma cor da paleta de cores tem a classe `selected` de cada vez",
              "timedOut": null,
              "duration": 4574,
              "state": "failed",
              "speed": null,
              "pass": false,
              "fail": true,
              "pending": false,
              "context": null,
              "code": "cy.get('.color').each(function (selectedColor, selectedColorIndex) {\n  cy.wrap(selectedColor).click();\n  cy.get('.color').each(function (color, colorIndex) {\n    if (colorIndex === selectedColorIndex) {\n      expect(color).to.have[\"class\"]('selected');\n    } else {\n      expect(color).not.to.have[\"class\"]('selected');\n    }\n  });\n});",
              "err": {
                "message": "CypressError: Timed out retrying: Expected to find element: '.color', but never found it.",
                "estack": "CypressError: Timed out retrying: Expected to find element: '.color', but never found it.\n    at cypressErr (http://localhost:35765/__cypress/runner/cypress_runner.js:149934:9)\n    at throwErr (http://localhost:35765/__cypress/runner/cypress_runner.js:149867:11)\n    at Object.throwErrByPath (http://localhost:35765/__cypress/runner/cypress_runner.js:149915:3)\n    at retry (http://localhost:35765/__cypress/runner/cypress_runner.js:144197:19)\n    at onFailFn (http://localhost:35765/__cypress/runner/cypress_runner.js:132448:16)\n    at tryCatcher (http://localhost:35765/__cypress/runner/cypress_runner.js:167415:23)\n    at Promise._settlePromiseFromHandler (http://localhost:35765/__cypress/runner/cypress_runner.js:165351:31)\n    at Promise._settlePromise (http://localhost:35765/__cypress/runner/cypress_runner.js:165408:18)\n    at Promise._settlePromise0 (http://localhost:35765/__cypress/runner/cypress_runner.js:165453:10)\n    at Promise._settlePromises (http://localhost:35765/__cypress/runner/cypress_runner.js:165528:18)\n    at Async../node_modules/bluebird/js/release/async.js.Async._drainQueue (http://localhost:35765/__cypress/runner/cypress_runner.js:162140:16)\n    at Async../node_modules/bluebird/js/release/async.js.Async._drainQueues (http://localhost:35765/__cypress/runner/cypress_runner.js:162150:10)\n    at Async.drainQueues (http://localhost:35765/__cypress/runner/cypress_runner.js:162024:14)",
                "diff": null
              },
              "uuid": "441eaffd-9f53-4d02-b563-5857107424a5",
              "parentUUID": "199a31fa-1e17-48a9-a69f-7920093ca9ec",
              "isHook": false,
              "skipped": false
            },
            {
              "title": "Verifica se os pixels dentro do quadro não têm a classe `selected` quando são clicados",
              "fullTitle": "7 - Clicar em uma das cores da paleta, faz com que ela seja selecionada e utilizada para preencher os pixels no quadro. Verifica se os pixels dentro do quadro não têm a classe `selected` quando são clicados",
              "timedOut": null,
              "duration": 4616,
              "state": "failed",
              "speed": null,
              "pass": false,
              "fail": true,
              "pending": false,
              "context": null,
              "code": "cy.get('.color').each(function (color) {\n  var backgroundColor = color.css('background-color');\n  cy.wrap(color).click();\n  cy.get('.pixel').each(function (pixel) {\n    cy.wrap(pixel).click().should('not.have.class', 'selected');\n  });\n});",
              "err": {
                "message": "CypressError: Timed out retrying: Expected to find element: '.color', but never found it.",
                "estack": "CypressError: Timed out retrying: Expected to find element: '.color', but never found it.\n    at cypressErr (http://localhost:35765/__cypress/runner/cypress_runner.js:149934:9)\n    at throwErr (http://localhost:35765/__cypress/runner/cypress_runner.js:149867:11)\n    at Object.throwErrByPath (http://localhost:35765/__cypress/runner/cypress_runner.js:149915:3)\n    at retry (http://localhost:35765/__cypress/runner/cypress_runner.js:144197:19)\n    at onFailFn (http://localhost:35765/__cypress/runner/cypress_runner.js:132448:16)\n    at tryCatcher (http://localhost:35765/__cypress/runner/cypress_runner.js:167415:23)\n    at Promise._settlePromiseFromHandler (http://localhost:35765/__cypress/runner/cypress_runner.js:165351:31)\n    at Promise._settlePromise (http://localhost:35765/__cypress/runner/cypress_runner.js:165408:18)\n    at Promise._settlePromise0 (http://localhost:35765/__cypress/runner/cypress_runner.js:165453:10)\n    at Promise._settlePromises (http://localhost:35765/__cypress/runner/cypress_runner.js:165528:18)\n    at Async../node_modules/bluebird/js/release/async.js.Async._drainQueue (http://localhost:35765/__cypress/runner/cypress_runner.js:162140:16)\n    at Async../node_modules/bluebird/js/release/async.js.Async._drainQueues (http://localhost:35765/__cypress/runner/cypress_runner.js:162150:10)\n    at Async.drainQueues (http://localhost:35765/__cypress/runner/cypress_runner.js:162024:14)",
                "diff": null
              },
              "uuid": "370734ee-ac89-4def-97fc-5b7bf12f4a16",
              "parentUUID": "199a31fa-1e17-48a9-a69f-7920093ca9ec",
              "isHook": false,
              "skipped": false
            }
          ],
          "suites": [],
          "passes": [],
          "failures": [
            "441eaffd-9f53-4d02-b563-5857107424a5",
            "370734ee-ac89-4def-97fc-5b7bf12f4a16"
          ],
          "pending": [],
          "skipped": [],
          "duration": 9190,
          "root": false,
          "rootEmpty": false,
          "_timeout": 2000
        },
        {
          "uuid": "da5a5379-f830-4026-afbd-2845a46846ea",
          "title": "8 - Clicar em um pixel dentro do quadro após selecionar uma cor na paleta, faz com que o pixel seja preenchido com a cor selecionada.",
          "fullFile": "",
          "file": "",
          "beforeHooks": [],
          "afterHooks": [],
          "tests": [
            {
              "title": "Verifica se ao carregar a página deve ser possível pintar os pixels de preto",
              "fullTitle": "8 - Clicar em um pixel dentro do quadro após selecionar uma cor na paleta, faz com que o pixel seja preenchido com a cor selecionada. Verifica se ao carregar a página deve ser possível pintar os pixels de preto",
              "timedOut": null,
              "duration": 4604,
              "state": "failed",
              "speed": null,
              "pass": false,
              "fail": true,
              "pending": false,
              "context": null,
              "code": "cy.get('.pixel').each(function (pixel) {\n  cy.wrap(pixel).click().should('have.css', 'background-color', BLACK);\n});",
              "err": {
                "message": "CypressError: Timed out retrying: Expected to find element: '.pixel', but never found it.",
                "estack": "CypressError: Timed out retrying: Expected to find element: '.pixel', but never found it.\n    at cypressErr (http://localhost:35765/__cypress/runner/cypress_runner.js:149934:9)\n    at throwErr (http://localhost:35765/__cypress/runner/cypress_runner.js:149867:11)\n    at Object.throwErrByPath (http://localhost:35765/__cypress/runner/cypress_runner.js:149915:3)\n    at retry (http://localhost:35765/__cypress/runner/cypress_runner.js:144197:19)\n    at onFailFn (http://localhost:35765/__cypress/runner/cypress_runner.js:132448:16)\n    at tryCatcher (http://localhost:35765/__cypress/runner/cypress_runner.js:167415:23)\n    at Promise._settlePromiseFromHandler (http://localhost:35765/__cypress/runner/cypress_runner.js:165351:31)\n    at Promise._settlePromise (http://localhost:35765/__cypress/runner/cypress_runner.js:165408:18)\n    at Promise._settlePromise0 (http://localhost:35765/__cypress/runner/cypress_runner.js:165453:10)\n    at Promise._settlePromises (http://localhost:35765/__cypress/runner/cypress_runner.js:165528:18)\n    at Async../node_modules/bluebird/js/release/async.js.Async._drainQueue (http://localhost:35765/__cypress/runner/cypress_runner.js:162140:16)\n    at Async../node_modules/bluebird/js/release/async.js.Async._drainQueues (http://localhost:35765/__cypress/runner/cypress_runner.js:162150:10)\n    at Async.drainQueues (http://localhost:35765/__cypress/runner/cypress_runner.js:162024:14)",
                "diff": null
              },
              "uuid": "4d551ed7-396d-4d38-ad48-b100d1c0774d",
              "parentUUID": "da5a5379-f830-4026-afbd-2845a46846ea",
              "isHook": false,
              "skipped": false
            },
            {
              "title": "Verifica se após selecionar uma outra cor na paleta, é possível pintar os pixels com essa cor",
              "fullTitle": "8 - Clicar em um pixel dentro do quadro após selecionar uma cor na paleta, faz com que o pixel seja preenchido com a cor selecionada. Verifica se após selecionar uma outra cor na paleta, é possível pintar os pixels com essa cor",
              "timedOut": null,
              "duration": 4719,
              "state": "failed",
              "speed": null,
              "pass": false,
              "fail": true,
              "pending": false,
              "context": null,
              "code": "cy.get('.color').each(function (color) {\n  var backgroundColor = color.css('background-color');\n  cy.wrap(color).click();\n  cy.get('.pixel').each(function (pixel) {\n    cy.wrap(pixel).click().should('have.css', 'background-color', backgroundColor);\n  });\n});",
              "err": {
                "message": "CypressError: Timed out retrying: Expected to find element: '.color', but never found it.",
                "estack": "CypressError: Timed out retrying: Expected to find element: '.color', but never found it.\n    at cypressErr (http://localhost:35765/__cypress/runner/cypress_runner.js:149934:9)\n    at throwErr (http://localhost:35765/__cypress/runner/cypress_runner.js:149867:11)\n    at Object.throwErrByPath (http://localhost:35765/__cypress/runner/cypress_runner.js:149915:3)\n    at retry (http://localhost:35765/__cypress/runner/cypress_runner.js:144197:19)\n    at onFailFn (http://localhost:35765/__cypress/runner/cypress_runner.js:132448:16)\n    at tryCatcher (http://localhost:35765/__cypress/runner/cypress_runner.js:167415:23)\n    at Promise._settlePromiseFromHandler (http://localhost:35765/__cypress/runner/cypress_runner.js:165351:31)\n    at Promise._settlePromise (http://localhost:35765/__cypress/runner/cypress_runner.js:165408:18)\n    at Promise._settlePromise0 (http://localhost:35765/__cypress/runner/cypress_runner.js:165453:10)\n    at Promise._settlePromises (http://localhost:35765/__cypress/runner/cypress_runner.js:165528:18)\n    at Async../node_modules/bluebird/js/release/async.js.Async._drainQueue (http://localhost:35765/__cypress/runner/cypress_runner.js:162140:16)\n    at Async../node_modules/bluebird/js/release/async.js.Async._drainQueues (http://localhost:35765/__cypress/runner/cypress_runner.js:162150:10)\n    at Async.drainQueues (http://localhost:35765/__cypress/runner/cypress_runner.js:162024:14)",
                "diff": null
              },
              "uuid": "8ba85a43-e754-4403-ad0a-77558c191af2",
              "parentUUID": "da5a5379-f830-4026-afbd-2845a46846ea",
              "isHook": false,
              "skipped": false
            },
            {
              "title": "Verifica se somente o pixel que foi clicado foi preenchido com a cor selecionada, sem influenciar na cor dos demais pixels.",
              "fullTitle": "8 - Clicar em um pixel dentro do quadro após selecionar uma cor na paleta, faz com que o pixel seja preenchido com a cor selecionada. Verifica se somente o pixel que foi clicado foi preenchido com a cor selecionada, sem influenciar na cor dos demais pixels.",
              "timedOut": null,
              "duration": 4670,
              "state": "failed",
              "speed": null,
              "pass": false,
              "fail": true,
              "pending": false,
              "context": null,
              "code": "var colorToPixelIndexMap = {\n  0: 6,\n  1: 8,\n  2: 16,\n  3: 18\n};\ncy.get('.color').each(function (color, index) {\n  cy.wrap(color).click();\n  var backgroundColor = color.css('background-color');\n  var clickedPixelIndex = colorToPixelIndexMap[index];\n  cy.get('.pixel').eq(clickedPixelIndex).click();\n  cy.get('.pixel').eq(clickedPixelIndex - 1).should('not.have.css', 'background-color', backgroundColor);\n  cy.get('.pixel').eq(clickedPixelIndex + 1).should('not.have.css', 'background-color', backgroundColor);\n  cy.get('.pixel').eq(clickedPixelIndex - 5).should('not.have.css', 'background-color', backgroundColor);\n  cy.get('.pixel').eq(clickedPixelIndex + 5).should('not.have.css', 'background-color', backgroundColor);\n  cy.get('.pixel').eq(clickedPixelIndex - 6).should('not.have.css', 'background-color', backgroundColor);\n  cy.get('.pixel').eq(clickedPixelIndex - 4).should('not.have.css', 'background-color', backgroundColor);\n  cy.get('.pixel').eq(clickedPixelIndex + 4).should('not.have.css', 'background-color', backgroundColor);\n  cy.get('.pixel').eq(clickedPixelIndex + 6).should('not.have.css', 'background-color', backgroundColor);\n});",
              "err": {
                "message": "CypressError: Timed out retrying: Expected to find element: '.color', but never found it.",
                "estack": "CypressError: Timed out retrying: Expected to find element: '.color', but never found it.\n    at cypressErr (http://localhost:35765/__cypress/runner/cypress_runner.js:149934:9)\n    at throwErr (http://localhost:35765/__cypress/runner/cypress_runner.js:149867:11)\n    at Object.throwErrByPath (http://localhost:35765/__cypress/runner/cypress_runner.js:149915:3)\n    at retry (http://localhost:35765/__cypress/runner/cypress_runner.js:144197:19)\n    at onFailFn (http://localhost:35765/__cypress/runner/cypress_runner.js:132448:16)\n    at tryCatcher (http://localhost:35765/__cypress/runner/cypress_runner.js:167415:23)\n    at Promise._settlePromiseFromHandler (http://localhost:35765/__cypress/runner/cypress_runner.js:165351:31)\n    at Promise._settlePromise (http://localhost:35765/__cypress/runner/cypress_runner.js:165408:18)\n    at Promise._settlePromise0 (http://localhost:35765/__cypress/runner/cypress_runner.js:165453:10)\n    at Promise._settlePromises (http://localhost:35765/__cypress/runner/cypress_runner.js:165528:18)\n    at Async../node_modules/bluebird/js/release/async.js.Async._drainQueue (http://localhost:35765/__cypress/runner/cypress_runner.js:162140:16)\n    at Async../node_modules/bluebird/js/release/async.js.Async._drainQueues (http://localhost:35765/__cypress/runner/cypress_runner.js:162150:10)\n    at Async.drainQueues (http://localhost:35765/__cypress/runner/cypress_runner.js:162024:14)",
                "diff": null
              },
              "uuid": "4090d7c0-1251-446f-a7f6-03b4ed14b7d1",
              "parentUUID": "da5a5379-f830-4026-afbd-2845a46846ea",
              "isHook": false,
              "skipped": false
            }
          ],
          "suites": [],
          "passes": [],
          "failures": [
            "4d551ed7-396d-4d38-ad48-b100d1c0774d",
            "8ba85a43-e754-4403-ad0a-77558c191af2",
            "4090d7c0-1251-446f-a7f6-03b4ed14b7d1"
          ],
          "pending": [],
          "skipped": [],
          "duration": 13993,
          "root": false,
          "rootEmpty": false,
          "_timeout": 2000
        },
        {
          "uuid": "6282de01-4564-4b69-9b40-40580aab463c",
          "title": "9 - Crie um botão que, ao ser clicado, limpa o quadro preenchendo a cor de todos seus pixels com branco.",
          "fullFile": "",
          "file": "",
          "beforeHooks": [],
          "afterHooks": [],
          "tests": [
            {
              "title": "Verifica se o botão tem o `id` denominado `clear-board`",
              "fullTitle": "9 - Crie um botão que, ao ser clicado, limpa o quadro preenchendo a cor de todos seus pixels com branco. Verifica se o botão tem o `id` denominado `clear-board`",
              "timedOut": null,
              "duration": 4797,
              "state": "failed",
              "speed": null,
              "pass": false,
              "fail": true,
              "pending": false,
              "context": null,
              "code": "cy.get('#clear-board').should('be.visible');",
              "err": {
                "message": "CypressError: Timed out retrying: Expected to find element: '#clear-board', but never found it.",
                "estack": "CypressError: Timed out retrying: Expected to find element: '#clear-board', but never found it.\n    at cypressErr (http://localhost:35765/__cypress/runner/cypress_runner.js:149934:9)\n    at throwErr (http://localhost:35765/__cypress/runner/cypress_runner.js:149867:11)\n    at Object.throwErrByPath (http://localhost:35765/__cypress/runner/cypress_runner.js:149915:3)\n    at retry (http://localhost:35765/__cypress/runner/cypress_runner.js:144197:19)\n    at onFailFn (http://localhost:35765/__cypress/runner/cypress_runner.js:132448:16)\n    at tryCatcher (http://localhost:35765/__cypress/runner/cypress_runner.js:167415:23)\n    at Promise._settlePromiseFromHandler (http://localhost:35765/__cypress/runner/cypress_runner.js:165351:31)\n    at Promise._settlePromise (http://localhost:35765/__cypress/runner/cypress_runner.js:165408:18)\n    at Promise._settlePromise0 (http://localhost:35765/__cypress/runner/cypress_runner.js:165453:10)\n    at Promise._settlePromises (http://localhost:35765/__cypress/runner/cypress_runner.js:165528:18)\n    at Async../node_modules/bluebird/js/release/async.js.Async._drainQueue (http://localhost:35765/__cypress/runner/cypress_runner.js:162140:16)\n    at Async../node_modules/bluebird/js/release/async.js.Async._drainQueues (http://localhost:35765/__cypress/runner/cypress_runner.js:162150:10)\n    at Async.drainQueues (http://localhost:35765/__cypress/runner/cypress_runner.js:162024:14)",
                "diff": null
              },
              "uuid": "49d133d0-70b4-408a-8ba8-1dcdcb041d57",
              "parentUUID": "6282de01-4564-4b69-9b40-40580aab463c",
              "isHook": false,
              "skipped": false
            },
            {
              "title": "Verifica se o botão está posicionado entre a paleta de cores e o quadro de pixels",
              "fullTitle": "9 - Crie um botão que, ao ser clicado, limpa o quadro preenchendo a cor de todos seus pixels com branco. Verifica se o botão está posicionado entre a paleta de cores e o quadro de pixels",
              "timedOut": null,
              "duration": 4679,
              "state": "failed",
              "speed": null,
              "pass": false,
              "fail": true,
              "pending": false,
              "context": null,
              "code": "cy.get('#color-palette').then(function (palette) {\n  cy.get('#clear-board').should('be.belowOf', palette);\n});\ncy.get('#clear-board').then(function (clearBtn) {\n  cy.get('#pixel-board').should('be.belowOf', clearBtn);\n});",
              "err": {
                "message": "CypressError: Timed out retrying: Expected to find element: '#color-palette', but never found it.",
                "estack": "CypressError: Timed out retrying: Expected to find element: '#color-palette', but never found it.\n    at cypressErr (http://localhost:35765/__cypress/runner/cypress_runner.js:149934:9)\n    at throwErr (http://localhost:35765/__cypress/runner/cypress_runner.js:149867:11)\n    at Object.throwErrByPath (http://localhost:35765/__cypress/runner/cypress_runner.js:149915:3)\n    at retry (http://localhost:35765/__cypress/runner/cypress_runner.js:144197:19)\n    at onFailFn (http://localhost:35765/__cypress/runner/cypress_runner.js:132448:16)\n    at tryCatcher (http://localhost:35765/__cypress/runner/cypress_runner.js:167415:23)\n    at Promise._settlePromiseFromHandler (http://localhost:35765/__cypress/runner/cypress_runner.js:165351:31)\n    at Promise._settlePromise (http://localhost:35765/__cypress/runner/cypress_runner.js:165408:18)\n    at Promise._settlePromise0 (http://localhost:35765/__cypress/runner/cypress_runner.js:165453:10)\n    at Promise._settlePromises (http://localhost:35765/__cypress/runner/cypress_runner.js:165528:18)\n    at Async../node_modules/bluebird/js/release/async.js.Async._drainQueue (http://localhost:35765/__cypress/runner/cypress_runner.js:162140:16)\n    at Async../node_modules/bluebird/js/release/async.js.Async._drainQueues (http://localhost:35765/__cypress/runner/cypress_runner.js:162150:10)\n    at Async.drainQueues (http://localhost:35765/__cypress/runner/cypress_runner.js:162024:14)",
                "diff": null
              },
              "uuid": "4daa8907-b06d-4dfa-a190-f7bac6154c1c",
              "parentUUID": "6282de01-4564-4b69-9b40-40580aab463c",
              "isHook": false,
              "skipped": false
            },
            {
              "title": "Verifica se o texto do botão é 'Limpar'",
              "fullTitle": "9 - Crie um botão que, ao ser clicado, limpa o quadro preenchendo a cor de todos seus pixels com branco. Verifica se o texto do botão é 'Limpar'",
              "timedOut": null,
              "duration": 4688,
              "state": "failed",
              "speed": null,
              "pass": false,
              "fail": true,
              "pending": false,
              "context": null,
              "code": "cy.get('#clear-board').should('contain.text', 'Limpar');",
              "err": {
                "message": "CypressError: Timed out retrying: Expected to find element: '#clear-board', but never found it.",
                "estack": "CypressError: Timed out retrying: Expected to find element: '#clear-board', but never found it.\n    at cypressErr (http://localhost:35765/__cypress/runner/cypress_runner.js:149934:9)\n    at throwErr (http://localhost:35765/__cypress/runner/cypress_runner.js:149867:11)\n    at Object.throwErrByPath (http://localhost:35765/__cypress/runner/cypress_runner.js:149915:3)\n    at retry (http://localhost:35765/__cypress/runner/cypress_runner.js:144197:19)\n    at onFailFn (http://localhost:35765/__cypress/runner/cypress_runner.js:132448:16)\n    at tryCatcher (http://localhost:35765/__cypress/runner/cypress_runner.js:167415:23)\n    at Promise._settlePromiseFromHandler (http://localhost:35765/__cypress/runner/cypress_runner.js:165351:31)\n    at Promise._settlePromise (http://localhost:35765/__cypress/runner/cypress_runner.js:165408:18)\n    at Promise._settlePromise0 (http://localhost:35765/__cypress/runner/cypress_runner.js:165453:10)\n    at Promise._settlePromises (http://localhost:35765/__cypress/runner/cypress_runner.js:165528:18)\n    at Async../node_modules/bluebird/js/release/async.js.Async._drainQueue (http://localhost:35765/__cypress/runner/cypress_runner.js:162140:16)\n    at Async../node_modules/bluebird/js/release/async.js.Async._drainQueues (http://localhost:35765/__cypress/runner/cypress_runner.js:162150:10)\n    at Async.drainQueues (http://localhost:35765/__cypress/runner/cypress_runner.js:162024:14)",
                "diff": null
              },
              "uuid": "81a7b0cb-3cd2-4d4f-89e3-c9cdaecea117",
              "parentUUID": "6282de01-4564-4b69-9b40-40580aab463c",
              "isHook": false,
              "skipped": false
            },
            {
              "title": "Verifica se ao clicar no botão, o quadro de pixels é totalmente preenchido de branco",
              "fullTitle": "9 - Crie um botão que, ao ser clicado, limpa o quadro preenchendo a cor de todos seus pixels com branco. Verifica se ao clicar no botão, o quadro de pixels é totalmente preenchido de branco",
              "timedOut": null,
              "duration": 4660,
              "state": "failed",
              "speed": null,
              "pass": false,
              "fail": true,
              "pending": false,
              "context": null,
              "code": "cy.get('.color').eq(1).then(function (color) {\n  var backgroundColor = color.css('background-color');\n  cy.wrap(color).click();\n  cy.get('.pixel').each(function (pixel) {\n    cy.wrap(pixel).click().should('have.css', 'background-color', backgroundColor);\n  });\n});\ncy.get('#clear-board').click();\ncy.get('.pixel').each(function (pixel) {\n  cy.wrap(pixel).should('have.css', 'background-color', WHITE);\n});",
              "err": {
                "message": "CypressError: Timed out retrying: Expected to find element: '.color', but never found it.",
                "estack": "CypressError: Timed out retrying: Expected to find element: '.color', but never found it.\n    at cypressErr (http://localhost:35765/__cypress/runner/cypress_runner.js:149934:9)\n    at throwErr (http://localhost:35765/__cypress/runner/cypress_runner.js:149867:11)\n    at Object.throwErrByPath (http://localhost:35765/__cypress/runner/cypress_runner.js:149915:3)\n    at retry (http://localhost:35765/__cypress/runner/cypress_runner.js:144197:19)\n    at onFailFn (http://localhost:35765/__cypress/runner/cypress_runner.js:132448:16)\n    at tryCatcher (http://localhost:35765/__cypress/runner/cypress_runner.js:167415:23)\n    at Promise._settlePromiseFromHandler (http://localhost:35765/__cypress/runner/cypress_runner.js:165351:31)\n    at Promise._settlePromise (http://localhost:35765/__cypress/runner/cypress_runner.js:165408:18)\n    at Promise._settlePromise0 (http://localhost:35765/__cypress/runner/cypress_runner.js:165453:10)\n    at Promise._settlePromises (http://localhost:35765/__cypress/runner/cypress_runner.js:165528:18)\n    at Async../node_modules/bluebird/js/release/async.js.Async._drainQueue (http://localhost:35765/__cypress/runner/cypress_runner.js:162140:16)\n    at Async../node_modules/bluebird/js/release/async.js.Async._drainQueues (http://localhost:35765/__cypress/runner/cypress_runner.js:162150:10)\n    at Async.drainQueues (http://localhost:35765/__cypress/runner/cypress_runner.js:162024:14)",
                "diff": null
              },
              "uuid": "409abf42-fdb2-4525-ae0d-ef446b5f7e9e",
              "parentUUID": "6282de01-4564-4b69-9b40-40580aab463c",
              "isHook": false,
              "skipped": false
            }
          ],
          "suites": [],
          "passes": [],
          "failures": [
            "49d133d0-70b4-408a-8ba8-1dcdcb041d57",
            "4daa8907-b06d-4dfa-a190-f7bac6154c1c",
            "81a7b0cb-3cd2-4d4f-89e3-c9cdaecea117",
            "409abf42-fdb2-4525-ae0d-ef446b5f7e9e"
          ],
          "pending": [],
          "skipped": [],
          "duration": 18824,
          "root": false,
          "rootEmpty": false,
          "_timeout": 2000
        },
        {
          "uuid": "82aff164-1b0e-4f3f-82e4-54da67ddc3a0",
          "title": "10 - Faça o quadro de pixels ter seu tamanho definido pelo usuário.",
          "fullFile": "",
          "file": "",
          "beforeHooks": [],
          "afterHooks": [],
          "tests": [
            {
              "title": "Verifica se existe um input com o id `board-size`",
              "fullTitle": "10 - Faça o quadro de pixels ter seu tamanho definido pelo usuário. Verifica se existe um input com o id `board-size`",
              "timedOut": null,
              "duration": 4904,
              "state": "failed",
              "speed": null,
              "pass": false,
              "fail": true,
              "pending": false,
              "context": null,
              "code": "cy.get('#board-size').should('be.visible');",
              "err": {
                "message": "CypressError: Timed out retrying: Expected to find element: '#board-size', but never found it.",
[...]
                "diff": null
              },
              "uuid": "32bc1b47-b63e-4410-a4ce-46827cdc6ba2",
              "parentUUID": "82aff164-1b0e-4f3f-82e4-54da67ddc3a0",
              "isHook": false,
              "skipped": false
            },
            {
              "title": "Verifica se o novo quadro tem todos os pixels preenchidos com a cor branca",
              "fullTitle": "10 - Faça o quadro de pixels ter seu tamanho definido pelo usuário. Verifica se o novo quadro tem todos os pixels preenchidos com a cor branca",
              "timedOut": null,
              "duration": 4713,
              "state": "failed",
              "speed": null,
              "pass": false,
              "fail": true,
              "pending": false,
              "context": null,
              "code": "cy.get('#board-size').clear().type(6);\ncy.get('#generate-board').click();\ncy.get('.pixel').should('have.length', 36).each(function (pixel) {\n  expect(pixel).to.have.css('background-color', WHITE);\n});",
              "err": {
                "message": "CypressError: Timed out retrying: Expected to find element: '#board-size', but never found it.",
                "estack": "CypressError: Timed out retrying: Expected to find element: '#board-size', but never found it.\n    at cypressErr (http://localhost:35765/__cypress/runner/cypress_runner.js:149934:9)\n    at throwErr (http://localhost:35765/__cypress/runner/cypress_runner.js:149867:11)\n    at Object.throwErrByPath (http://localhost:35765/__cypress/runner/cypress_runner.js:149915:3)\n    at retry (http://localhost:35765/__cypress/runner/cypress_runner.js:144197:19)\n    at onFailFn (http://localhost:35765/__cypress/runner/cypress_runner.js:132448:16)\n    at tryCatcher (http://localhost:35765/__cypress/runner/cypress_runner.js:167415:23)\n    at Promise._settlePromiseFromHandler (http://localhost:35765/__cypress/runner/cypress_runner.js:165351:31)\n    at Promise._settlePromise (http://localhost:35765/__cypress/runner/cypress_runner.js:165408:18)\n    at Promise._settlePromise0 (http://localhost:35765/__cypress/runner/cypress_runner.js:165453:10)\n    at Promise._settlePromises (http://localhost:35765/__cypress/runner/cypress_runner.js:165528:18)\n    at Async../node_modules/bluebird/js/release/async.js.Async._drainQueue (http://localhost:35765/__cypress/runner/cypress_runner.js:162140:16)\n    at Async../node_modules/bluebird/js/release/async.js.Async._drainQueues (http://localhost:35765/__cypress/runner/cypress_runner.js:162150:10)\n    at Async.drainQueues (http://localhost:35765/__cypress/runner/cypress_runner.js:162024:14)",
                "diff": null
              },
              "uuid": "6b097f30-bade-462d-8d9e-be2f655fe6e3",
              "parentUUID": "82aff164-1b0e-4f3f-82e4-54da67ddc3a0",
              "isHook": false,
              "skipped": false
            }
          ],
          "suites": [],
          "passes": [],
          "failures": [
            "52d9b8ca-6ae0-41a7-a0f7-afad27e79189",
            "4455fa25-a26c-46d0-bb80-e8e1ba3f05d0",
            "bb8e7edd-6c78-44af-b298-29bc1e9b7115",
            "ddb7c5d7-c50e-4bae-b76c-258571970923",
            "fe012fad-1824-49fe-b33f-05ab56ccb800",
            "e81999fe-925d-4da1-8e15-d1f2648bd123",
            "9d88b87d-1270-469d-b598-13605b80df9b",
            "32bc1b47-b63e-4410-a4ce-46827cdc6ba2",
            "6b097f30-bade-462d-8d9e-be2f655fe6e3"
          ],
          "pending": [],
          "skipped": [],
          "duration": 42804,
          "root": false,
          "rootEmpty": false,
          "_timeout": 2000
        },
        {
          "uuid": "6544b961-f639-45d8-be8a-0f04dc2a8563",
          "title": "11 - Limite o tamanho mínimo e máximo do board.",
          "fullFile": "",
          "file": "",
          "beforeHooks": [],
          "afterHooks": [],
          "tests": [
            {
              "title": "Verifica se a altura máxima do board é 50",
              "fullTitle": "11 - Limite o tamanho mínimo e máximo do board. Verifica se a altura máxima do board é 50",
              "timedOut": null,
              "duration": 4704,
              "state": "failed",
              "speed": null,
              "pass": false,
              "fail": true,
              "pending": false,
              "context": null,
              "code": "cy.get('#board-size').clear().type(50);\ncy.get('#generate-board').click();\ncy.get('.pixel').should('have.length', 2500);",
              "err": {
                "message": "CypressError: Timed out retrying: Expected to find element: '#board-size', but never found it.",
                "estack": "CypressError: Timed out retrying: Expected to find element: '#board-size', but never found it.\n    at cypressErr (http://localhost:35765/__cypress/runner/cypress_runner.js:149934:9)\n    at throwErr (http://localhost:35765/__cypress/runner/cypress_runner.js:149867:11)\n    at Object.throwErrByPath (http://localhost:35765/__cypress/runner/cypress_runner.js:149915:3)\n    at retry (http://localhost:35765/__cypress/runner/cypress_runner.js:144197:19)\n    at onFailFn (http://localhost:35765/__cypress/runner/cypress_runner.js:132448:16)\n    at tryCatcher (http://localhost:35765/__cypress/runner/cypress_runner.js:167415:23)\n    at Promise._settlePromiseFromHandler (http://localhost:35765/__cypress/runner/cypress_runner.js:165351:31)\n    at Promise._settlePromise (http://localhost:35765/__cypress/runner/cypress_runner.js:165408:18)\n    at Promise._settlePromise0 (http://localhost:35765/__cypress/runner/cypress_runner.js:165453:10)\n    at Promise._settlePromises (http://localhost:35765/__cypress/runner/cypress_runner.js:165528:18)\n    at Async../node_modules/bluebird/js/release/async.js.Async._drainQueue (http://localhost:35765/__cypress/runner/cypress_runner.js:162140:16)\n    at Async../node_modules/bluebird/js/release/async.js.Async._drainQueues (http://localhost:35765/__cypress/runner/cypress_runner.js:162150:10)\n    at Async.drainQueues (http://localhost:35765/__cypress/runner/cypress_runner.js:162024:14)",
                "diff": null
              },
              "uuid": "43754d63-7780-4425-9c9c-133b13e1b373",
              "parentUUID": "6544b961-f639-45d8-be8a-0f04dc2a8563",
              "isHook": false,
              "skipped": false
            },
            {
              "title": "Verifica se a altura do board é 5 quando um valor menor é colocado no input",
              "fullTitle": "11 - Limite o tamanho mínimo e máximo do board. Verifica se a altura do board é 5 quando um valor menor é colocado no input",
              "timedOut": null,
              "duration": 4712,
              "state": "failed",
              "speed": null,
              "pass": false,
              "fail": true,
              "pending": false,
              "context": null,
              "code": "cy.get('#board-size').clear().type(4);\ncy.get('#generate-board').click();\ncy.get('.pixel').should('have.length', 25);",
              "err": {
                "message": "CypressError: Timed out retrying: Expected to find element: '#board-size', but never found it.",
                "estack": "CypressError: Timed out retrying: Expected to find element: '#board-size', but never found it.\n    at cypressErr (http://localhost:35765/__cypress/runner/cypress_runner.js:149934:9)\n    at throwErr (http://localhost:35765/__cypress/runner/cypress_runner.js:149867:11)\n    at Object.throwErrByPath (http://localhost:35765/__cypress/runner/cypress_runner.js:149915:3)\n    at retry (http://localhost:35765/__cypress/runner/cypress_runner.js:144197:19)\n    at onFailFn (http://localhost:35765/__cypress/runner/cypress_runner.js:132448:16)\n    at tryCatcher (http://localhost:35765/__cypress/runner/cypress_runner.js:167415:23)\n    at Promise._settlePromiseFromHandler (http://localhost:35765/__cypress/runner/cypress_runner.js:165351:31)\n    at Promise._settlePromise (http://localhost:35765/__cypress/runner/cypress_runner.js:165408:18)\n    at Promise._settlePromise0 (http://localhost:35765/__cypress/runner/cypress_runner.js:165453:10)\n    at Promise._settlePromises (http://localhost:35765/__cypress/runner/cypress_runner.js:165528:18)\n    at Async../node_modules/bluebird/js/release/async.js.Async._drainQueue (http://localhost:35765/__cypress/runner/cypress_runner.js:162140:16)\n    at Async../node_modules/bluebird/js/release/async.js.Async._drainQueues (http://localhost:35765/__cypress/runner/cypress_runner.js:162150:10)\n    at Async.drainQueues (http://localhost:35765/__cypress/runner/cypress_runner.js:162024:14)",
                "diff": null
              },
              "uuid": "faae0d6f-28f7-43ab-b7c0-43b573cebddf",
              "parentUUID": "6544b961-f639-45d8-be8a-0f04dc2a8563",
              "isHook": false,
              "skipped": false
            },
            {
              "title": "Verifica se a altura do board é 50 quando um valor maior é colocado no input",
              "fullTitle": "11 - Limite o tamanho mínimo e máximo do board. Verifica se a altura do board é 50 quando um valor maior é colocado no input",
              "timedOut": null,
              "duration": 4698,
              "state": "failed",
              "speed": null,
              "pass": false,
              "fail": true,
              "pending": false,
              "context": null,
              "code": "cy.get('#board-size').clear().type(51);\ncy.get('#generate-board').click();\ncy.get('.pixel').should('have.length', 2500);",
              "err": {
                "message": "CypressError: Timed out retrying: Expected to find element: '#board-size', but never found it.",
                "estack": "CypressError: Timed out retrying: Expected to find element: '#board-size', but never found it.\n    at cypressErr (http://localhost:35765/__cypress/runner/cypress_runner.js:149934:9)\n    at throwErr (http://localhost:35765/__cypress/runner/cypress_runner.js:149867:11)\n    at Object.throwErrByPath (http://localhost:35765/__cypress/runner/cypress_runner.js:149915:3)\n    at retry (http://localhost:35765/__cypress/runner/cypress_runner.js:144197:19)\n    at onFailFn (http://localhost:35765/__cypress/runner/cypress_runner.js:132448:16)\n    at tryCatcher (http://localhost:35765/__cypress/runner/cypress_runner.js:167415:23)\n    at Promise._settlePromiseFromHandler (http://localhost:35765/__cypress/runner/cypress_runner.js:165351:31)\n    at Promise._settlePromise (http://localhost:35765/__cypress/runner/cypress_runner.js:165408:18)\n    at Promise._settlePromise0 (http://localhost:35765/__cypress/runner/cypress_runner.js:165453:10)\n    at Promise._settlePromises (http://localhost:35765/__cypress/runner/cypress_runner.js:165528:18)\n    at Async../node_modules/bluebird/js/release/async.js.Async._drainQueue (http://localhost:35765/__cypress/runner/cypress_runner.js:162140:16)\n    at Async../node_modules/bluebird/js/release/async.js.Async._drainQueues (http://localhost:35765/__cypress/runner/cypress_runner.js:162150:10)\n    at Async.drainQueues (http://localhost:35765/__cypress/runner/cypress_runner.js:162024:14)",
                "diff": null
              },
              "uuid": "1246bde5-7217-4bcf-b3f3-5a7d3ba0d7d8",
              "parentUUID": "6544b961-f639-45d8-be8a-0f04dc2a8563",
              "isHook": false,
              "skipped": false
            }
          ],
          "suites": [],
          "passes": [],
          "failures": [
            "43754d63-7780-4425-9c9c-133b13e1b373",
            "faae0d6f-28f7-43ab-b7c0-43b573cebddf",
            "1246bde5-7217-4bcf-b3f3-5a7d3ba0d7d8"
          ],
          "pending": [],
          "skipped": [],
          "duration": 14114,
          "root": false,
          "rootEmpty": false,
          "_timeout": 2000
        },
        {
          "uuid": "9e5494ed-44f2-4ce8-a240-5bce4558f058",
          "title": "12 - Faça com que as cores da paleta sejam geradas aleatoriamente ao carregar a página.",
          "fullFile": "",
          "file": "",
          "beforeHooks": [],
          "afterHooks": [],
          "tests": [
            {
              "title": "Verifica se as cores geradas na paleta são diferentes a cada carregamento da página",
              "fullTitle": "12 - Faça com que as cores da paleta sejam geradas aleatoriamente ao carregar a página. Verifica se as cores geradas na paleta são diferentes a cada carregamento da página",
              "timedOut": null,
              "duration": 4730,
              "state": "failed",
              "speed": null,
              "pass": false,
              "fail": true,
              "pending": false,
              "context": null,
              "code": "cy.get('.color').then(function (colors) {\n  var currentColors;\n  var previousColors;\n  previousColors = Array.from(colors).map(function (color) {\n    return Cypress.$(color).css('background-color');\n  });\n  for (var i = 0; i < 5; i += 1) {\n    cy.reload();\n    cy.get('.color').then(function (colors) {\n      currentColors = Array.from(colors).map(function (color) {\n        return Cypress.$(color).css('background-color');\n      });\n      expect(currentColors).not.to.deep.equal(previousColors);\n      previousColors = currentColors;\n    });\n  }\n});",
              "err": {
                "message": "CypressError: Timed out retrying: Expected to find element: '.color', but never found it.",
                "estack": "CypressError: Timed out retrying: Expected to find element: '.color', but never found it.\n    at cypressErr (http://localhost:35765/__cypress/runner/cypress_runner.js:149934:9)\n    at throwErr (http://localhost:35765/__cypress/runner/cypress_runner.js:149867:11)\n    at Object.throwErrByPath (http://localhost:35765/__cypress/runner/cypress_runner.js:149915:3)\n    at retry (http://localhost:35765/__cypress/runner/cypress_runner.js:144197:19)\n    at onFailFn (http://localhost:35765/__cypress/runner/cypress_runner.js:132448:16)\n    at tryCatcher (http://localhost:35765/__cypress/runner/cypress_runner.js:167415:23)\n    at Promise._settlePromiseFromHandler (http://localhost:35765/__cypress/runner/cypress_runner.js:165351:31)\n    at Promise._settlePromise (http://localhost:35765/__cypress/runner/cypress_runner.js:165408:18)\n    at Promise._settlePromise0 (http://localhost:35765/__cypress/runner/cypress_runner.js:165453:10)\n    at Promise._settlePromises (http://localhost:35765/__cypress/runner/cypress_runner.js:165528:18)\n    at Async../node_modules/bluebird/js/release/async.js.Async._drainQueue (http://localhost:35765/__cypress/runner/cypress_runner.js:162140:16)\n    at Async../node_modules/bluebird/js/release/async.js.Async._drainQueues (http://localhost:35765/__cypress/runner/cypress_runner.js:162150:10)\n    at Async.drainQueues (http://localhost:35765/__cypress/runner/cypress_runner.js:162024:14)",
                "diff": null
              },
              "uuid": "7015b541-9c6a-4a3e-8a6d-185100f0b0c4",
              "parentUUID": "9e5494ed-44f2-4ce8-a240-5bce4558f058",
              "isHook": false,
              "skipped": false
            },
            {
              "title": "Verifica se a cor preta ainda está presente e é a primeira na sua paleta de cores",
              "fullTitle": "12 - Faça com que as cores da paleta sejam geradas aleatoriamente ao carregar a página. Verifica se a cor preta ainda está presente e é a primeira na sua paleta de cores",
              "timedOut": null,
              "duration": 4747,
              "state": "failed",
              "speed": null,
              "pass": false,
              "fail": true,
              "pending": false,
              "context": null,
              "code": "cy.get('.color').then(function (colors) {\n  var currentColors;\n  var previousColors;\n  previousColors = Array.from(colors).map(function (color) {\n    return Cypress.$(color).css('background-color');\n  });\n  expect(previousColors[0]).to.eq(BLACK);\n  for (var i = 0; i < 5; i += 1) {\n    cy.reload();\n    cy.get('.color').then(function (colors) {\n      currentColors = Array.from(colors).map(function (color) {\n        return Cypress.$(color).css('background-color');\n      });\n      expect(currentColors[0]).to.eq(BLACK);\n      expect(currentColors).not.to.deep.equal(previousColors);\n      previousColors = currentColors;\n    });\n  }\n});",
              "err": {
                "message": "CypressError: Timed out retrying: Expected to find element: '.color', but never found it.",
                "estack": "CypressError: Timed out retrying: Expected to find element: '.color', but never found it.\n    at cypressErr (http://localhost:35765/__cypress/runner/cypress_runner.js:149934:9)\n    at throwErr (http://localhost:35765/__cypress/runner/cypress_runner.js:149867:11)\n    at Object.throwErrByPath (http://localhost:35765/__cypress/runner/cypress_runner.js:149915:3)\n    at retry (http://localhost:35765/__cypress/runner/cypress_runner.js:144197:19)\n    at onFailFn (http://localhost:35765/__cypress/runner/cypress_runner.js:132448:16)\n    at tryCatcher (http://localhost:35765/__cypress/runner/cypress_runner.js:167415:23)\n    at Promise._settlePromiseFromHandler (http://localhost:35765/__cypress/runner/cypress_runner.js:165351:31)\n    at Promise._settlePromise (http://localhost:35765/__cypress/runner/cypress_runner.js:165408:18)\n    at Promise._settlePromise0 (http://localhost:35765/__cypress/runner/cypress_runner.js:165453:10)\n    at Promise._settlePromises (http://localhost:35765/__cypress/runner/cypress_runner.js:165528:18)\n    at Async../node_modules/bluebird/js/release/async.js.Async._drainQueue (http://localhost:35765/__cypress/runner/cypress_runner.js:162140:16)\n    at Async../node_modules/bluebird/js/release/async.js.Async._drainQueues (http://localhost:35765/__cypress/runner/cypress_runner.js:162150:10)\n    at Async.drainQueues (http://localhost:35765/__cypress/runner/cypress_runner.js:162024:14)",
                "diff": null
              },
              "uuid": "c9a7f847-c59c-4305-85f3-f5abc459121e",
              "parentUUID": "9e5494ed-44f2-4ce8-a240-5bce4558f058",
              "isHook": false,
              "skipped": false
            }
          ],
          "suites": [],
          "passes": [],
          "failures": [
            "7015b541-9c6a-4a3e-8a6d-185100f0b0c4",
            "c9a7f847-c59c-4305-85f3-f5abc459121e"
          ],
          "pending": [],
          "skipped": [],
          "duration": 9477,
          "root": false,
          "rootEmpty": false,
          "_timeout": 2000
        }
      ],
      "passes": [],
      "failures": [],
      "pending": [],
      "skipped": [],
      "duration": 0,
      "root": true,
      "rootEmpty": true,
      "_timeout": 2000
    }
  ],
  "meta": {
    "mocha": {
      "version": "7.0.1"
    },
    "mochawesome": {
      "options": {
        "quiet": false,
        "reportFilename": "mochawesome",
        "saveHtml": false,
        "saveJson": true,
        "consoleReporter": "spec",
        "useInlineDiffs": false
      },
      "version": "4.1.0"
    },
    "marge": {
      "options": {
        "id": "default",
        "reportDir": "cypress/reports",
        "overwrite": true,
        "html": false,
        "json": true
      },
      "version": "4.1.0"
    }
  }
}