{
  "stats": {
    "suites": 12,
    "tests": 41,
    "passes": 26,
    "pending": 0,
    "failures": 15,
    "start": "2021-09-21T01:50:48.828Z",
    "end": "2021-09-21T01:52:15.742Z",
    "duration": 86914,
    "testsRegistered": 41,
    "passPercent": 63.41463414634146,
    "pendingPercent": 0,
    "other": 0,
    "hasOther": false,
    "skipped": 0,
    "hasSkipped": false
  },
  "results": [
    {
      "uuid": "c282228d-59a3-4809-96b3-b43f04090fc0",
      "title": "",
      "fullFile": "cypress/integration/project.spec.js",
      "file": "cypress/integration/project.spec.js",
      "beforeHooks": [],
      "afterHooks": [],
      "tests": [],
      "suites": [
        {
          "uuid": "839f37dd-9e6d-416e-8f66-e6c944c503ca",
          "title": "1 - Adicione à página o título \"Paleta de Cores\".",
          "fullFile": "",
          "file": "",
          "beforeHooks": [],
          "afterHooks": [],
          "tests": [
            {
              "title": "Verifica se contém um elemento `h1` com o id `title` com o título correto",
              "fullTitle": "1 - Adicione à página o título \"Paleta de Cores\". Verifica se contém um elemento `h1` com o id `title` com o título correto",
              "timedOut": null,
              "duration": 189,
              "state": "passed",
              "speed": "slow",
              "pass": true,
              "fail": false,
              "pending": false,
              "context": null,
              "code": "cy.get('h1#title').should('contain.text', 'Paleta de Cores');",
              "err": {},
              "uuid": "d71f9cd0-b39a-4830-a991-ca0ff1b31e67",
              "parentUUID": "839f37dd-9e6d-416e-8f66-e6c944c503ca",
              "isHook": false,
              "skipped": false
            }
          ],
          "suites": [],
          "passes": [
            "d71f9cd0-b39a-4830-a991-ca0ff1b31e67"
          ],
          "failures": [],
          "pending": [],
          "skipped": [],
          "duration": 189,
          "root": false,
          "rootEmpty": false,
          "_timeout": 2000
        },
        {
          "uuid": "5d6f5d71-b537-4ac0-8196-fd3478ab7aad",
          "title": "2 - Adicione à página uma paleta de quatro cores distintas.",
          "fullFile": "",
          "file": "",
          "beforeHooks": [],
          "afterHooks": [],
          "tests": [
            {
              "title": "A paleta de cores deve ser um elemento com `id` denominado `color-palette`",
              "fullTitle": "2 - Adicione à página uma paleta de quatro cores distintas. A paleta de cores deve ser um elemento com `id` denominado `color-palette`",
              "timedOut": null,
              "duration": 146,
              "state": "passed",
              "speed": "slow",
              "pass": true,
              "fail": false,
              "pending": false,
              "context": null,
              "code": "cy.get('#color-palette').should('be.visible');\ncy.get('#color-palette').children('.color');",
              "err": {},
              "uuid": "770156ff-2d67-4878-b858-e08e1307fbe6",
              "parentUUID": "5d6f5d71-b537-4ac0-8196-fd3478ab7aad",
              "isHook": false,
              "skipped": false
            },
            {
              "title": "Verifica se cada cor individual da paleta de cores possui a `classe` chamada `color`.",
              "fullTitle": "2 - Adicione à página uma paleta de quatro cores distintas. Verifica se cada cor individual da paleta de cores possui a `classe` chamada `color`.",
              "timedOut": null,
              "duration": 130,
              "state": "passed",
              "speed": "slow",
              "pass": true,
              "fail": false,
              "pending": false,
              "context": null,
              "code": "cy.get('.color').should('have.length', 4).then(function (colors) {\n  for (var i = 0; i < colors.length; i++) {\n    cy.wrap(colors[i]).should('be.visible');\n  }\n});",
              "err": {},
              "uuid": "05408e6b-e3a7-44ea-875e-fc5e42f099dc",
              "parentUUID": "5d6f5d71-b537-4ac0-8196-fd3478ab7aad",
              "isHook": false,
              "skipped": false
            },
            {
              "title": "Verifica se a cor de fundo de cada elemento da paleta é a cor que o elemento representa. **A única cor não permitida na paleta é a cor branca.**",
              "fullTitle": "2 - Adicione à página uma paleta de quatro cores distintas. Verifica se a cor de fundo de cada elemento da paleta é a cor que o elemento representa. **A única cor não permitida na paleta é a cor branca.**",
              "timedOut": null,
              "duration": 178,
              "state": "passed",
              "speed": "slow",
              "pass": true,
              "fail": false,
              "pending": false,
              "context": null,
              "code": "cy.get('.color').each(function (color) {\n  cy.wrap(color).should('have.class', 'color').and('not.have.css', 'background-color', WHITE);\n  cy.wrap(color).should('have.css', 'background-color');\n});",
              "err": {},
              "uuid": "57eb3d35-f4ec-49ab-9381-15ce6bc36136",
              "parentUUID": "5d6f5d71-b537-4ac0-8196-fd3478ab7aad",
              "isHook": false,
              "skipped": false
            },
            {
              "title": "Verifica se cada elemento da paleta de cores tem uma borda preta, sólida e com 1 pixel de largura;",
              "fullTitle": "2 - Adicione à página uma paleta de quatro cores distintas. Verifica se cada elemento da paleta de cores tem uma borda preta, sólida e com 1 pixel de largura;",
              "timedOut": null,
              "duration": 138,
              "state": "passed",
              "speed": "slow",
              "pass": true,
              "fail": false,
              "pending": false,
              "context": null,
              "code": "cy.get('.color').each(function (color) {\n  cy.wrap(color).and('have.css', 'border', \"1px solid \".concat(BLACK)).and('have.class', 'color');\n});",
              "err": {},
              "uuid": "5fb61014-e997-4ae5-b230-ea424e4072e6",
              "parentUUID": "5d6f5d71-b537-4ac0-8196-fd3478ab7aad",
              "isHook": false,
              "skipped": false
            },
            {
              "title": "Verifica se a paleta lista todas as cores disponíveis para utilização, lado a lado.",
              "fullTitle": "2 - Adicione à página uma paleta de quatro cores distintas. Verifica se a paleta lista todas as cores disponíveis para utilização, lado a lado.",
              "timedOut": null,
              "duration": 157,
              "state": "passed",
              "speed": "slow",
              "pass": true,
              "fail": false,
              "pending": false,
              "context": null,
              "code": "cy.get('.color').then(function (colors) {\n  for (var index = 1; index < colors.length; index += 1) {\n    var currentColor = colors[index];\n    var previousColor = colors[index - 1];\n    cy.wrap(currentColor).should('be.onTheRightOf', previousColor).and('be.horizontallyAlignedWith', previousColor);\n  }\n});",
              "err": {},
              "uuid": "7a1dcdd8-9bbb-4603-8bb5-956a4ed2195d",
              "parentUUID": "5d6f5d71-b537-4ac0-8196-fd3478ab7aad",
              "isHook": false,
              "skipped": false
            },
            {
              "title": "Verifica se a paleta de cores está posicionada abaixo do título 'Paleta de Cores'",
              "fullTitle": "2 - Adicione à página uma paleta de quatro cores distintas. Verifica se a paleta de cores está posicionada abaixo do título 'Paleta de Cores'",
              "timedOut": null,
              "duration": 90,
              "state": "passed",
              "speed": "slow",
              "pass": true,
              "fail": false,
              "pending": false,
              "context": null,
              "code": "cy.get('h1#title').then(function (title) {\n  cy.get('#color-palette').should('be.belowOf', title);\n});",
              "err": {},
              "uuid": "a0bdd52d-418b-4a55-9ac2-3e30cdf43702",
              "parentUUID": "5d6f5d71-b537-4ac0-8196-fd3478ab7aad",
              "isHook": false,
              "skipped": false
            },
            {
              "title": "Verifica se a paleta de cores não contém cores repetidas.",
              "fullTitle": "2 - Adicione à página uma paleta de quatro cores distintas. Verifica se a paleta de cores não contém cores repetidas.",
              "timedOut": null,
              "duration": 95,
              "state": "passed",
              "speed": "slow",
              "pass": true,
              "fail": false,
              "pending": false,
              "context": null,
              "code": "cy.get('.color').then(function (colors) {\n  var allColors = Array.from(colors).map(function (color) {\n    return Cypress.$(color).css('background-color');\n  });\n  cy.log(allColors);\n  var uniqColors = (0, _toConsumableArray2[\"default\"])(new Set(allColors));\n  cy.log(uniqColors);\n  expect(allColors.length).to.eq(uniqColors.length);\n});",
              "err": {},
              "uuid": "ed1115d0-c9b7-433e-a200-e39c99e51792",
              "parentUUID": "5d6f5d71-b537-4ac0-8196-fd3478ab7aad",
              "isHook": false,
              "skipped": false
            }
          ],
          "suites": [],
          "passes": [
            "770156ff-2d67-4878-b858-e08e1307fbe6",
            "05408e6b-e3a7-44ea-875e-fc5e42f099dc",
            "57eb3d35-f4ec-49ab-9381-15ce6bc36136",
            "5fb61014-e997-4ae5-b230-ea424e4072e6",
            "7a1dcdd8-9bbb-4603-8bb5-956a4ed2195d",
            "a0bdd52d-418b-4a55-9ac2-3e30cdf43702",
            "ed1115d0-c9b7-433e-a200-e39c99e51792"
          ],
          "failures": [],
          "pending": [],
          "skipped": [],
          "duration": 934,
          "root": false,
          "rootEmpty": false,
          "_timeout": 2000
        },
        {
          "uuid": "6d67332a-4de6-4e63-9cbc-f25220dbb75f",
          "title": "3 - Adicione a cor **preta** como a primeira cor da paleta de cores.",
          "fullFile": "",
          "file": "",
          "beforeHooks": [],
          "afterHooks": [],
          "tests": [
            {
              "title": "Verifica se a primeira cor da paleta é preta",
              "fullTitle": "3 - Adicione a cor **preta** como a primeira cor da paleta de cores. Verifica se a primeira cor da paleta é preta",
              "timedOut": null,
              "duration": 97,
              "state": "passed",
              "speed": "slow",
              "pass": true,
              "fail": false,
              "pending": false,
              "context": null,
              "code": "cy.get('.color').first().should('have.css', 'background-color', BLACK);",
              "err": {},
              "uuid": "2b55b935-252c-4af3-b8f0-6ddd21c4bd1d",
              "parentUUID": "6d67332a-4de6-4e63-9cbc-f25220dbb75f",
              "isHook": false,
              "skipped": false
            },
            {
              "title": "Verifica se as demais cores podem ser escolhidas livremente.",
              "fullTitle": "3 - Adicione a cor **preta** como a primeira cor da paleta de cores. Verifica se as demais cores podem ser escolhidas livremente.",
              "timedOut": null,
              "duration": 198,
              "state": "passed",
              "speed": "slow",
              "pass": true,
              "fail": false,
              "pending": false,
              "context": null,
              "code": "cy.get('.color').eq(1).should('not.have.css', 'background-color', BLACK);\ncy.get('.color').eq(1).should('not.have.css', 'background-color', WHITE);\ncy.get('.color').eq(1).should('not.have.css', 'background-color', 'rgba(0, 0, 0, 0)');\ncy.get('.color').eq(1).should('have.css', 'background-color');\ncy.get('.color').eq(2).should('not.have.css', 'background-color', BLACK);\ncy.get('.color').eq(2).should('not.have.css', 'background-color', WHITE);\ncy.get('.color').eq(2).should('not.have.css', 'background-color', 'rgba(0, 0, 0, 0)');\ncy.get('.color').eq(2).should('have.css', 'background-color');\ncy.get('.color').eq(3).should('not.have.css', 'background-color', BLACK);\ncy.get('.color').eq(3).should('not.have.css', 'background-color', WHITE);\ncy.get('.color').eq(3).should('not.have.css', 'background-color', 'rgba(0, 0, 0, 0)');\ncy.get('.color').eq(3).should('have.css', 'background-color');",
              "err": {},
              "uuid": "f74240fa-91fb-4202-b9f1-68a31cdc3879",
              "parentUUID": "6d67332a-4de6-4e63-9cbc-f25220dbb75f",
              "isHook": false,
              "skipped": false
            }
          ],
          "suites": [],
          "passes": [
            "2b55b935-252c-4af3-b8f0-6ddd21c4bd1d",
            "f74240fa-91fb-4202-b9f1-68a31cdc3879"
          ],
          "failures": [],
          "pending": [],
          "skipped": [],
          "duration": 295,
          "root": false,
          "rootEmpty": false,
          "_timeout": 2000
        },
        {
          "uuid": "dffa58fe-fdc3-437d-91a6-7de9d4203ac1",
          "title": "4 - Adicione à página um quadro de pixels, com 25 pixels.",
          "fullFile": "",
          "file": "",
          "beforeHooks": [],
          "afterHooks": [],
          "tests": [
            {
              "title": "Verifica se o quadro de pixels possui o `id` denominado `pixel-board`",
              "fullTitle": "4 - Adicione à página um quadro de pixels, com 25 pixels. Verifica se o quadro de pixels possui o `id` denominado `pixel-board`",
              "timedOut": null,
              "duration": 87,
              "state": "passed",
              "speed": "slow",
              "pass": true,
              "fail": false,
              "pending": false,
              "context": null,
              "code": "cy.get('#pixel-board').should('be.visible');",
              "err": {},
              "uuid": "d87707fd-7d73-4d6b-be81-49b930a3a9ba",
              "parentUUID": "dffa58fe-fdc3-437d-91a6-7de9d4203ac1",
              "isHook": false,
              "skipped": false
            },
            {
              "title": "Verifica se cada pixel individual dentro do quadro possui a `classe` denominada `pixel`.",
              "fullTitle": "4 - Adicione à página um quadro de pixels, com 25 pixels. Verifica se cada pixel individual dentro do quadro possui a `classe` denominada `pixel`.",
              "timedOut": null,
              "duration": 133,
              "state": "passed",
              "speed": "slow",
              "pass": true,
              "fail": false,
              "pending": false,
              "context": null,
              "code": "cy.get('.pixel').should('have.length', 25);",
              "err": {},
              "uuid": "f0f7f6c2-0bcc-4f6f-827a-3eabbec766e7",
              "parentUUID": "dffa58fe-fdc3-437d-91a6-7de9d4203ac1",
              "isHook": false,
              "skipped": false
            },
            {
              "title": "Verifica se a cor inicial dos pixels dentro do quadro, ao abrir a página, é branca.",
              "fullTitle": "4 - Adicione à página um quadro de pixels, com 25 pixels. Verifica se a cor inicial dos pixels dentro do quadro, ao abrir a página, é branca.",
              "timedOut": null,
              "duration": 211,
              "state": "passed",
              "speed": "slow",
              "pass": true,
              "fail": false,
              "pending": false,
              "context": null,
              "code": "cy.get('.pixel').should('have.length', 25).each(function (pixel) {\n  expect(pixel).to.have.css('background-color', WHITE);\n});",
              "err": {},
              "uuid": "da224dbb-800c-4e8b-bbb8-c81df8aa98a9",
              "parentUUID": "dffa58fe-fdc3-437d-91a6-7de9d4203ac1",
              "isHook": false,
              "skipped": false
            },
            {
              "title": "Verifica se o quadro de pixels aparece abaixo da paleta de cores",
              "fullTitle": "4 - Adicione à página um quadro de pixels, com 25 pixels. Verifica se o quadro de pixels aparece abaixo da paleta de cores",
              "timedOut": null,
              "duration": 86,
              "state": "passed",
              "speed": "slow",
              "pass": true,
              "fail": false,
              "pending": false,
              "context": null,
              "code": "cy.get('#color-palette').then(function (palette) {\n  cy.get('#pixel-board').should('be.belowOf', palette);\n});",
              "err": {},
              "uuid": "9ba6ac26-0c7e-4c54-bcc2-e0a4ec48928c",
              "parentUUID": "dffa58fe-fdc3-437d-91a6-7de9d4203ac1",
              "isHook": false,
              "skipped": false
            }
          ],
          "suites": [],
          "passes": [
            "d87707fd-7d73-4d6b-be81-49b930a3a9ba",
            "f0f7f6c2-0bcc-4f6f-827a-3eabbec766e7",
            "da224dbb-800c-4e8b-bbb8-c81df8aa98a9",
            "9ba6ac26-0c7e-4c54-bcc2-e0a4ec48928c"
          ],
          "failures": [],
          "pending": [],
          "skipped": [],
          "duration": 517,
          "root": false,
          "rootEmpty": false,
          "_timeout": 2000
        },
        {
          "uuid": "ac9f5e1b-99b0-4f38-82b4-2b9b9dc1cc97",
          "title": "5 - Faça com que cada elemento do quadro de pixels possua 40 pixels de largura, 40 pixels de altura e seja delimitado por uma borda preta de 1 pixel.",
          "fullFile": "",
          "file": "",
          "beforeHooks": [],
          "afterHooks": [],
          "tests": [
            {
              "title": "Verifica se o quadro de pixels tem altura e comprimento de 5 elementos",
              "fullTitle": "5 - Faça com que cada elemento do quadro de pixels possua 40 pixels de largura, 40 pixels de altura e seja delimitado por uma borda preta de 1 pixel. Verifica se o quadro de pixels tem altura e comprimento de 5 elementos",
              "timedOut": null,
              "duration": 345,
              "state": "passed",
              "speed": "slow",
              "pass": true,
              "fail": false,
              "pending": false,
              "context": null,
              "code": "cy.get('.pixel').should('have.length', 25).each(function (pixel) {\n  expect(pixel).to.have.css('background-color', WHITE);\n}).and(function (pixels) {\n  var rows = chunk(pixels, 5);\n  rows.forEach(function (row) {\n    for (var index = 1; index < row.length; index += 1) {\n      var current = pixels[index];\n      var previous = pixels[index - 1];\n      cy.wrap(current).should('be.onTheRightOf', previous).and('be.horizontallyAlignedWith', previous);\n    }\n  });\n  for (var index = 1; index < 5; index += 1) {\n    expect(pixels[index * 5]).to.be.belowOf(pixels[(index - 1) * 5]);\n  }\n});",
              "err": {},
              "uuid": "289f9f6b-f2a2-4c74-a8fb-b78b10ecc332",
              "parentUUID": "ac9f5e1b-99b0-4f38-82b4-2b9b9dc1cc97",
              "isHook": false,
              "skipped": false
            },
            {
              "title": "Verifica se 40 pixels é o tamanho total do elemento, incluindo seu conteúdo e excluindo a borda preta, que deve ser criada à parte.",
              "fullTitle": "5 - Faça com que cada elemento do quadro de pixels possua 40 pixels de largura, 40 pixels de altura e seja delimitado por uma borda preta de 1 pixel. Verifica se 40 pixels é o tamanho total do elemento, incluindo seu conteúdo e excluindo a borda preta, que deve ser criada à parte.",
              "timedOut": null,
              "duration": 277,
              "state": "passed",
              "speed": "slow",
              "pass": true,
              "fail": false,
              "pending": false,
              "context": null,
              "code": "cy.get('.pixel').each(function (pixel) {\n  cy.wrap(pixel).should('have.css', 'height', '40px').and('have.css', 'width', '40px').and('have.css', 'border', \"1px solid \".concat(BLACK));\n});",
              "err": {},
              "uuid": "0dcc20a7-d456-4274-840e-f2560884e43e",
              "parentUUID": "ac9f5e1b-99b0-4f38-82b4-2b9b9dc1cc97",
              "isHook": false,
              "skipped": false
            }
          ],
          "suites": [],
          "passes": [
            "289f9f6b-f2a2-4c74-a8fb-b78b10ecc332",
            "0dcc20a7-d456-4274-840e-f2560884e43e"
          ],
          "failures": [],
          "pending": [],
          "skipped": [],
          "duration": 622,
          "root": false,
          "rootEmpty": false,
          "_timeout": 2000
        },
        {
          "uuid": "f034cebf-5757-4584-8b46-d299c5565de8",
          "title": "6 - Defina a cor preta como cor inicial. Ao carregar a página a cor preta já deve estar selecionada para pintar os pixels",
          "fullFile": "",
          "file": "",
          "beforeHooks": [],
          "afterHooks": [],
          "tests": [
            {
              "title": "Verifica se o elemento da cor preta possui, inicialmente, a `classe` `selected`",
              "fullTitle": "6 - Defina a cor preta como cor inicial. Ao carregar a página a cor preta já deve estar selecionada para pintar os pixels Verifica se o elemento da cor preta possui, inicialmente, a `classe` `selected`",
              "timedOut": null,
              "duration": 86,
              "state": "passed",
              "speed": "slow",
              "pass": true,
              "fail": false,
              "pending": false,
              "context": null,
              "code": "cy.get('.selected').first().should('have.css', 'background-color', BLACK);",
              "err": {},
              "uuid": "f221dc9e-9947-4c6c-85b7-16e856bedd53",
              "parentUUID": "f034cebf-5757-4584-8b46-d299c5565de8",
              "isHook": false,
              "skipped": false
            },
            {
              "title": "Verifica se nenhuma outra cor da paleta tem a `classe` `selected`",
              "fullTitle": "6 - Defina a cor preta como cor inicial. Ao carregar a página a cor preta já deve estar selecionada para pintar os pixels Verifica se nenhuma outra cor da paleta tem a `classe` `selected`",
              "timedOut": null,
              "duration": 83,
              "state": "passed",
              "speed": "slow",
              "pass": true,
              "fail": false,
              "pending": false,
              "context": null,
              "code": "cy.get('.color:not(:first-child)').each(function (color) {\n  cy.wrap(color).should('not.have.class', 'selected');\n});",
              "err": {},
              "uuid": "4c2630d8-8a2b-48a6-a866-74934b5f788a",
              "parentUUID": "f034cebf-5757-4584-8b46-d299c5565de8",
              "isHook": false,
              "skipped": false
            }
          ],
          "suites": [],
          "passes": [
            "f221dc9e-9947-4c6c-85b7-16e856bedd53",
            "4c2630d8-8a2b-48a6-a866-74934b5f788a"
          ],
          "failures": [],
          "pending": [],
          "skipped": [],
          "duration": 169,
          "root": false,
          "rootEmpty": false,
          "_timeout": 2000
        },
        {
          "uuid": "82d81938-f442-4c8b-8a07-faaa7d6c9893",
          "title": "7 - Clicar em uma das cores da paleta, faz com que ela seja selecionada e utilizada para preencher os pixels no quadro.",
          "fullFile": "",
          "file": "",
          "beforeHooks": [],
          "afterHooks": [],
          "tests": [
            {
              "title": "Verifica se somente uma cor da paleta de cores tem a classe `selected` de cada vez",
              "fullTitle": "7 - Clicar em uma das cores da paleta, faz com que ela seja selecionada e utilizada para preencher os pixels no quadro. Verifica se somente uma cor da paleta de cores tem a classe `selected` de cada vez",
              "timedOut": null,
              "duration": 477,
              "state": "passed",
              "speed": "slow",
              "pass": true,
              "fail": false,
              "pending": false,
              "context": null,
              "code": "cy.get('.color').each(function (selectedColor, selectedColorIndex) {\n  cy.wrap(selectedColor).click();\n  cy.get('.color').each(function (color, colorIndex) {\n    if (colorIndex === selectedColorIndex) {\n      expect(color).to.have[\"class\"]('selected');\n    } else {\n      expect(color).not.to.have[\"class\"]('selected');\n    }\n  });\n});",
              "err": {},
              "uuid": "bffb8536-43c5-4bc2-a5de-8ef01045d0a8",
              "parentUUID": "82d81938-f442-4c8b-8a07-faaa7d6c9893",
              "isHook": false,
              "skipped": false
            },
            {
              "title": "Verifica se os pixels dentro do quadro não têm a classe `selected` quando são clicados",
              "fullTitle": "7 - Clicar em uma das cores da paleta, faz com que ela seja selecionada e utilizada para preencher os pixels no quadro. Verifica se os pixels dentro do quadro não têm a classe `selected` quando são clicados",
              "timedOut": null,
              "duration": 9135,
              "state": "passed",
              "speed": "slow",
              "pass": true,
              "fail": false,
              "pending": false,
              "context": null,
              "code": "cy.get('.color').each(function (color) {\n  var backgroundColor = color.css('background-color');\n  cy.wrap(color).click();\n  cy.get('.pixel').each(function (pixel) {\n    cy.wrap(pixel).click().should('not.have.class', 'selected');\n  });\n});",
              "err": {},
              "uuid": "6253bffc-3f61-45a5-a6bc-ab52f81f0db6",
              "parentUUID": "82d81938-f442-4c8b-8a07-faaa7d6c9893",
              "isHook": false,
              "skipped": false
            }
          ],
          "suites": [],
          "passes": [
            "bffb8536-43c5-4bc2-a5de-8ef01045d0a8",
            "6253bffc-3f61-45a5-a6bc-ab52f81f0db6"
          ],
          "failures": [],
          "pending": [],
          "skipped": [],
          "duration": 9612,
          "root": false,
          "rootEmpty": false,
          "_timeout": 2000
        },
        {
          "uuid": "96aaecd5-884d-44de-9bbd-5677465c2275",
          "title": "8 - Clicar em um pixel dentro do quadro após selecionar uma cor na paleta, faz com que o pixel seja preenchido com a cor selecionada.",
          "fullFile": "",
          "file": "",
          "beforeHooks": [],
          "afterHooks": [],
          "tests": [
            {
              "title": "Verifica se ao carregar a página deve ser possível pintar os pixels de preto",
              "fullTitle": "8 - Clicar em um pixel dentro do quadro após selecionar uma cor na paleta, faz com que o pixel seja preenchido com a cor selecionada. Verifica se ao carregar a página deve ser possível pintar os pixels de preto",
              "timedOut": null,
              "duration": 2347,
              "state": "passed",
              "speed": "slow",
              "pass": true,
              "fail": false,
              "pending": false,
              "context": null,
              "code": "cy.get('.pixel').each(function (pixel) {\n  cy.wrap(pixel).click().should('have.css', 'background-color', BLACK);\n});",
              "err": {},
              "uuid": "7ae0dec7-d827-4a44-a0e9-1e3bcf1beecc",
              "parentUUID": "96aaecd5-884d-44de-9bbd-5677465c2275",
              "isHook": false,
              "skipped": false
            },
            {
              "title": "Verifica se após selecionar uma outra cor na paleta, é possível pintar os pixels com essa cor",
              "fullTitle": "8 - Clicar em um pixel dentro do quadro após selecionar uma cor na paleta, faz com que o pixel seja preenchido com a cor selecionada. Verifica se após selecionar uma outra cor na paleta, é possível pintar os pixels com essa cor",
              "timedOut": null,
              "duration": 9083,
              "state": "passed",
              "speed": "slow",
              "pass": true,
              "fail": false,
              "pending": false,
              "context": null,
              "code": "cy.get('.color').each(function (color) {\n  var backgroundColor = color.css('background-color');\n  cy.wrap(color).click();\n  cy.get('.pixel').each(function (pixel) {\n    cy.wrap(pixel).click().should('have.css', 'background-color', backgroundColor);\n  });\n});",
              "err": {},
              "uuid": "73941ec9-2d7c-4781-80fc-e1bde2e5b807",
              "parentUUID": "96aaecd5-884d-44de-9bbd-5677465c2275",
              "isHook": false,
              "skipped": false
            },
            {
              "title": "Verifica se somente o pixel que foi clicado foi preenchido com a cor selecionada, sem influenciar na cor dos demais pixels.",
              "fullTitle": "8 - Clicar em um pixel dentro do quadro após selecionar uma cor na paleta, faz com que o pixel seja preenchido com a cor selecionada. Verifica se somente o pixel que foi clicado foi preenchido com a cor selecionada, sem influenciar na cor dos demais pixels.",
              "timedOut": null,
              "duration": 1672,
              "state": "passed",
              "speed": "slow",
              "pass": true,
              "fail": false,
              "pending": false,
              "context": null,
              "code": "var colorToPixelIndexMap = {\n  0: 6,\n  1: 8,\n  2: 16,\n  3: 18\n};\ncy.get('.color').each(function (color, index) {\n  cy.wrap(color).click();\n  var backgroundColor = color.css('background-color');\n  var clickedPixelIndex = colorToPixelIndexMap[index];\n  cy.get('.pixel').eq(clickedPixelIndex).click();\n  cy.get('.pixel').eq(clickedPixelIndex - 1).should('not.have.css', 'background-color', backgroundColor);\n  cy.get('.pixel').eq(clickedPixelIndex + 1).should('not.have.css', 'background-color', backgroundColor);\n  cy.get('.pixel').eq(clickedPixelIndex - 5).should('not.have.css', 'background-color', backgroundColor);\n  cy.get('.pixel').eq(clickedPixelIndex + 5).should('not.have.css', 'background-color', backgroundColor);\n  cy.get('.pixel').eq(clickedPixelIndex - 6).should('not.have.css', 'background-color', backgroundColor);\n  cy.get('.pixel').eq(clickedPixelIndex - 4).should('not.have.css', 'background-color', backgroundColor);\n  cy.get('.pixel').eq(clickedPixelIndex + 4).should('not.have.css', 'background-color', backgroundColor);\n  cy.get('.pixel').eq(clickedPixelIndex + 6).should('not.have.css', 'background-color', backgroundColor);\n});",
              "err": {},
              "uuid": "1506d926-0981-4f9e-9ecf-aba258fc6beb",
              "parentUUID": "96aaecd5-884d-44de-9bbd-5677465c2275",
              "isHook": false,
              "skipped": false
            }
          ],
          "suites": [],
          "passes": [
            "7ae0dec7-d827-4a44-a0e9-1e3bcf1beecc",
            "73941ec9-2d7c-4781-80fc-e1bde2e5b807",
            "1506d926-0981-4f9e-9ecf-aba258fc6beb"
          ],
          "failures": [],
          "pending": [],
          "skipped": [],
          "duration": 13102,
          "root": false,
          "rootEmpty": false,
          "_timeout": 2000
        },
        {
          "uuid": "b3283de1-d715-4e52-ac5c-137e63bd7376",
          "title": "9 - Crie um botão que, ao ser clicado, limpa o quadro preenchendo a cor de todos seus pixels com branco.",
          "fullFile": "",
          "file": "",
          "beforeHooks": [],
          "afterHooks": [],
          "tests": [
            {
              "title": "Verifica se o botão tem o `id` denominado `clear-board`",
              "fullTitle": "9 - Crie um botão que, ao ser clicado, limpa o quadro preenchendo a cor de todos seus pixels com branco. Verifica se o botão tem o `id` denominado `clear-board`",
              "timedOut": null,
              "duration": 151,
              "state": "passed",
              "speed": "slow",
              "pass": true,
              "fail": false,
              "pending": false,
              "context": null,
              "code": "cy.get('#clear-board').should('be.visible');",
              "err": {},
              "uuid": "d8b18073-8a26-47c3-8aa2-c5b19a1e9075",
              "parentUUID": "b3283de1-d715-4e52-ac5c-137e63bd7376",
              "isHook": false,
              "skipped": false
            },
            {
              "title": "Verifica se o botão está posicionado entre a paleta de cores e o quadro de pixels",
              "fullTitle": "9 - Crie um botão que, ao ser clicado, limpa o quadro preenchendo a cor de todos seus pixels com branco. Verifica se o botão está posicionado entre a paleta de cores e o quadro de pixels",
              "timedOut": null,
              "duration": 92,
              "state": "passed",
              "speed": "slow",
              "pass": true,
              "fail": false,
              "pending": false,
              "context": null,
              "code": "cy.get('#color-palette').then(function (palette) {\n  cy.get('#clear-board').should('be.belowOf', palette);\n});\ncy.get('#clear-board').then(function (clearBtn) {\n  cy.get('#pixel-board').should('be.belowOf', clearBtn);\n});",
              "err": {},
              "uuid": "ed21c335-9422-47f1-8e6c-f02ed211316d",
              "parentUUID": "b3283de1-d715-4e52-ac5c-137e63bd7376",
              "isHook": false,
              "skipped": false
            },
            {
              "title": "Verifica se o texto do botão é 'Limpar'",
              "fullTitle": "9 - Crie um botão que, ao ser clicado, limpa o quadro preenchendo a cor de todos seus pixels com branco. Verifica se o texto do botão é 'Limpar'",
              "timedOut": null,
              "duration": 68,
              "state": "passed",
              "speed": "medium",
              "pass": true,
              "fail": false,
              "pending": false,
              "context": null,
              "code": "cy.get('#clear-board').should('contain.text', 'Limpar');",
              "err": {},
              "uuid": "b5614ab9-be10-40a2-a87f-4f5ce47b1d3f",
              "parentUUID": "b3283de1-d715-4e52-ac5c-137e63bd7376",
              "isHook": false,
              "skipped": false
            },
            {
              "title": "Verifica se ao clicar no botão, o quadro de pixels é totalmente preenchido de branco",
              "fullTitle": "9 - Crie um botão que, ao ser clicado, limpa o quadro preenchendo a cor de todos seus pixels com branco. Verifica se ao clicar no botão, o quadro de pixels é totalmente preenchido de branco",
              "timedOut": null,
              "duration": 6625,
              "state": "failed",
              "speed": null,
              "pass": false,
              "fail": true,
              "pending": false,
              "context": null,
              "code": "cy.get('.color').eq(1).then(function (color) {\n  var backgroundColor = color.css('background-color');\n  cy.wrap(color).click();\n  cy.get('.pixel').each(function (pixel) {\n    cy.wrap(pixel).click().should('have.css', 'background-color', backgroundColor);\n  });\n});\ncy.get('#clear-board').click();\ncy.get('.pixel').each(function (pixel) {\n  cy.wrap(pixel).should('have.css', 'background-color', WHITE);\n});",
              "err": {
                "message": "CypressError: Timed out retrying: expected '<div.pixel>' to have CSS property 'background-color' with the value 'rgb(255, 255, 255)', but the value was 'rgb(255, 0, 0)'",
                "estack": "CypressError: Timed out retrying: expected '<div.pixel>' to have CSS property 'background-color' with the value 'rgb(255, 255, 255)', but the value was 'rgb(255, 0, 0)'\n    at cypressErr (http://localhost:33421/__cypress/runner/cypress_runner.js:149934:9)\n    at throwErr (http://localhost:33421/__cypress/runner/cypress_runner.js:149867:11)\n    at Object.throwErrByPath (http://localhost:33421/__cypress/runner/cypress_runner.js:149915:3)\n    at retry (http://localhost:33421/__cypress/runner/cypress_runner.js:144197:19)\n    at onFailFn (http://localhost:33421/__cypress/runner/cypress_runner.js:132448:16)\n    at tryCatcher (http://localhost:33421/__cypress/runner/cypress_runner.js:167415:23)\n    at Promise._settlePromiseFromHandler (http://localhost:33421/__cypress/runner/cypress_runner.js:165351:31)\n    at Promise._settlePromise (http://localhost:33421/__cypress/runner/cypress_runner.js:165408:18)\n    at Promise._settlePromise0 (http://localhost:33421/__cypress/runner/cypress_runner.js:165453:10)\n    at Promise._settlePromises (http://localhost:33421/__cypress/runner/cypress_runner.js:165528:18)\n    at Async../node_modules/bluebird/js/release/async.js.Async._drainQueue (http://localhost:33421/__cypress/runner/cypress_runner.js:162140:16)\n    at Async../node_modules/bluebird/js/release/async.js.Async._drainQueues (http://localhost:33421/__cypress/runner/cypress_runner.js:162150:10)\n    at Async.drainQueues (http://localhost:33421/__cypress/runner/cypress_runner.js:162024:14)",
                "diff": null
              },
              "uuid": "03b41f17-1f18-4ab9-b1a8-1b66aa158640",
              "parentUUID": "b3283de1-d715-4e52-ac5c-137e63bd7376",
              "isHook": false,
              "skipped": false
            }
          ],
          "suites": [],
          "passes": [
            "d8b18073-8a26-47c3-8aa2-c5b19a1e9075",
            "ed21c335-9422-47f1-8e6c-f02ed211316d",
            "b5614ab9-be10-40a2-a87f-4f5ce47b1d3f"
          ],
          "failures": [
            "03b41f17-1f18-4ab9-b1a8-1b66aa158640"
          ],
          "pending": [],
          "skipped": [],
          "duration": 6936,
          "root": false,
          "rootEmpty": false,
          "_timeout": 2000
        },
        {
          "uuid": "41255222-d8c7-49ed-b181-e1283bde1271",
          "title": "10 - Faça o quadro de pixels ter seu tamanho definido pelo usuário.",
          "fullFile": "",
          "file": "",
          "beforeHooks": [],
          "afterHooks": [],
          "tests": [
            {
              "title": "Verifica se existe um input com o id `board-size`",
              "fullTitle": "10 - Faça o quadro de pixels ter seu tamanho definido pelo usuário. Verifica se existe um input com o id `board-size`",
              "timedOut": null,
              "duration": 4345,
              "state": "failed",
              "speed": null,
              "pass": false,
              "fail": true,
              "pending": false,
              "context": null,
              "code": "cy.get('#board-size').should('be.visible');",
              "err": {
                "message": "CypressError: Timed out retrying: Expected to find element: '#board-size', but never found it.",
                "estack": "CypressError: Timed out retrying: Expected to find element: '#board-size', but never found it.\n    at cypressErr (http://localhost:33421/__cypress/runner/cypress_runner.js:149934:9)\n    at throwErr (http://localhost:33421/__cypress/runner/cypress_runner.js:149867:11)\n    at Object.throwErrByPath (http://localhost:33421/__cypress/runner/cypress_runner.js:149915:3)\n    at retry (http://localhost:33421/__cypress/runner/cypress_runner.js:144197:19)\n    at onFailFn (http://localhost:33421/__cypress/runner/cypress_runner.js:132448:16)\n    at tryCatcher (http://localhost:33421/__cypress/runner/cypress_runner.js:167415:23)\n    at Promise._settlePromiseFromHandler (http://localhost:33421/__cypress/runner/cypress_runner.js:165351:31)\n    at Promise._settlePromise (http://localhost:33421/__cypress/runner/cypress_runner.js:165408:18)\n    at Promise._settlePromise0 (http://localhost:33421/__cypress/runner/cypress_runner.js:165453:10)\n    at Promise._settlePromises (http://localhost:33421/__cypress/runner/cypress_runner.js:165528:18)\n    at Async../node_modules/bluebird/js/release/async.js.Async._drainQueue (http://localhost:33421/__cypress/runner/cypress_runner.js:162140:16)\n    at Async../node_modules/bluebird/js/release/async.js.Async._drainQueues (http://localhost:33421/__cypress/runner/cypress_runner.js:162150:10)\n    at Async.drainQueues (http://localhost:33421/__cypress/runner/cypress_runner.js:162024:14)",
                "diff": null
              },
              "uuid": "d3cc219b-2bb5-4faa-bf1b-eb35266a5f2e",
              "parentUUID": "41255222-d8c7-49ed-b181-e1283bde1271",
              "isHook": false,
              "skipped": false
            },
            {
              "title": "Verifica se existe um botão com o id `generate-board`",
              "fullTitle": "10 - Faça o quadro de pixels ter seu tamanho definido pelo usuário. Verifica se existe um botão com o id `generate-board`",
              "timedOut": null,
              "duration": 4328,
              "state": "failed",
              "speed": null,
              "pass": false,
              "fail": true,
              "pending": false,
              "context": null,
              "code": "cy.get('#generate-board').should('be.visible');",
              "err": {
                "message": "CypressError: Timed out retrying: Expected to find element: '#generate-board', but never found it.",
                "estack": "CypressError: Timed out retrying: Expected to find element: '#generate-board', but never found it.\n    at cypressErr (http://localhost:33421/__cypress/runner/cypress_runner.js:149934:9)\n    at throwErr (http://localhost:33421/__cypress/runner/cypress_runner.js:149867:11)\n    at Object.throwErrByPath (http://localhost:33421/__cypress/runner/cypress_runner.js:149915:3)\n    at retry (http://localhost:33421/__cypress/runner/cypress_runner.js:144197:19)\n    at onFailFn (http://localhost:33421/__cypress/runner/cypress_runner.js:132448:16)\n    at tryCatcher (http://localhost:33421/__cypress/runner/cypress_runner.js:167415:23)\n    at Promise._settlePromiseFromHandler (http://localhost:33421/__cypress/runner/cypress_runner.js:165351:31)\n    at Promise._settlePromise (http://localhost:33421/__cypress/runner/cypress_runner.js:165408:18)\n    at Promise._settlePromise0 (http://localhost:33421/__cypress/runner/cypress_runner.js:165453:10)\n    at Promise._settlePromises (http://localhost:33421/__cypress/runner/cypress_runner.js:165528:18)\n    at Async../node_modules/bluebird/js/release/async.js.Async._drainQueue (http://localhost:33421/__cypress/runner/cypress_runner.js:162140:16)\n    at Async../node_modules/bluebird/js/release/async.js.Async._drainQueues (http://localhost:33421/__cypress/runner/cypress_runner.js:162150:10)\n    at Async.drainQueues (http://localhost:33421/__cypress/runner/cypress_runner.js:162024:14)",
                "diff": null
              },
              "uuid": "c14482d4-9aed-42ba-bc40-f2c85ce01171",
              "parentUUID": "41255222-d8c7-49ed-b181-e1283bde1271",
              "isHook": false,
              "skipped": false
            },
            {
              "title": "Verifica se o input só aceita número maiores que zero. Essa restrição deve ser feita usando os atributos do elemento `input`",
              "fullTitle": "10 - Faça o quadro de pixels ter seu tamanho definido pelo usuário. Verifica se o input só aceita número maiores que zero. Essa restrição deve ser feita usando os atributos do elemento `input`",
              "timedOut": null,
              "duration": 4417,
              "state": "failed",
              "speed": null,
              "pass": false,
              "fail": true,
              "pending": false,
              "context": null,
              "code": "cy.get('#board-size[type=\\'number\\'][min=\\'1\\']');",
              "err": {
                "message": "CypressError: Timed out retrying: Expected to find element: '#board-size[type='number'][min='1']', but never found it.",
                "estack": "CypressError: Timed out retrying: Expected to find element: '#board-size[type='number'][min='1']', but never found it.\n    at cypressErr (http://localhost:33421/__cypress/runner/cypress_runner.js:149934:9)\n    at throwErr (http://localhost:33421/__cypress/runner/cypress_runner.js:149867:11)\n    at Object.throwErrByPath (http://localhost:33421/__cypress/runner/cypress_runner.js:149915:3)\n    at retry (http://localhost:33421/__cypress/runner/cypress_runner.js:144197:19)\n    at onFailFn (http://localhost:33421/__cypress/runner/cypress_runner.js:132448:16)\n    at tryCatcher (http://localhost:33421/__cypress/runner/cypress_runner.js:167415:23)\n    at Promise._settlePromiseFromHandler (http://localhost:33421/__cypress/runner/cypress_runner.js:165351:31)\n    at Promise._settlePromise (http://localhost:33421/__cypress/runner/cypress_runner.js:165408:18)\n    at Promise._settlePromise0 (http://localhost:33421/__cypress/runner/cypress_runner.js:165453:10)\n    at Promise._settlePromises (http://localhost:33421/__cypress/runner/cypress_runner.js:165528:18)\n    at Async../node_modules/bluebird/js/release/async.js.Async._drainQueue (http://localhost:33421/__cypress/runner/cypress_runner.js:162140:16)\n    at Async../node_modules/bluebird/js/release/async.js.Async._drainQueues (http://localhost:33421/__cypress/runner/cypress_runner.js:162150:10)\n    at Async.drainQueues (http://localhost:33421/__cypress/runner/cypress_runner.js:162024:14)",
                "diff": null
              },
              "uuid": "f3cefd62-26f0-4680-9a5f-f324b3734fc5",
              "parentUUID": "41255222-d8c7-49ed-b181-e1283bde1271",
              "isHook": false,
              "skipped": false
            },
            {
              "title": "Verifica se o botão contém o texto 'VQV'",
              "fullTitle": "10 - Faça o quadro de pixels ter seu tamanho definido pelo usuário. Verifica se o botão contém o texto 'VQV'",
              "timedOut": null,
              "duration": 4391,
              "state": "failed",
              "speed": null,
              "pass": false,
              "fail": true,
              "pending": false,
              "context": null,
              "code": "cy.get('#generate-board').contains(/vqv/i);",
              "err": {
                "message": "CypressError: Timed out retrying: Expected to find element: '#generate-board', but never found it.",
                "estack": "CypressError: Timed out retrying: Expected to find element: '#generate-board', but never found it.\n    at cypressErr (http://localhost:33421/__cypress/runner/cypress_runner.js:149934:9)\n    at throwErr (http://localhost:33421/__cypress/runner/cypress_runner.js:149867:11)\n    at Object.throwErrByPath (http://localhost:33421/__cypress/runner/cypress_runner.js:149915:3)\n    at retry (http://localhost:33421/__cypress/runner/cypress_runner.js:144197:19)\n    at onFailFn (http://localhost:33421/__cypress/runner/cypress_runner.js:132448:16)\n    at tryCatcher (http://localhost:33421/__cypress/runner/cypress_runner.js:167415:23)\n    at Promise._settlePromiseFromHandler (http://localhost:33421/__cypress/runner/cypress_runner.js:165351:31)\n    at Promise._settlePromise (http://localhost:33421/__cypress/runner/cypress_runner.js:165408:18)\n    at Promise._settlePromise0 (http://localhost:33421/__cypress/runner/cypress_runner.js:165453:10)\n    at Promise._settlePromises (http://localhost:33421/__cypress/runner/cypress_runner.js:165528:18)\n    at Async../node_modules/bluebird/js/release/async.js.Async._drainQueue (http://localhost:33421/__cypress/runner/cypress_runner.js:162140:16)\n    at Async../node_modules/bluebird/js/release/async.js.Async._drainQueues (http://localhost:33421/__cypress/runner/cypress_runner.js:162150:10)\n    at Async.drainQueues (http://localhost:33421/__cypress/runner/cypress_runner.js:162024:14)",
                "diff": null
              },
              "uuid": "4743cd38-d379-44ee-ac91-3696d060365b",
              "parentUUID": "41255222-d8c7-49ed-b181-e1283bde1271",
              "isHook": false,
              "skipped": false
            },
            {
              "title": "Verifica se o input está posicionado entre a paleta de cores e o quadro de pixels",
              "fullTitle": "10 - Faça o quadro de pixels ter seu tamanho definido pelo usuário. Verifica se o input está posicionado entre a paleta de cores e o quadro de pixels",
              "timedOut": null,
              "duration": 4374,
              "state": "failed",
              "speed": null,
              "pass": false,
              "fail": true,
              "pending": false,
              "context": null,
              "code": "cy.get('#color-palette').then(function (palette) {\n  cy.get('#board-size').should('be.belowOf', palette);\n});\ncy.get('#board-size').then(function (palette) {\n  cy.get('#pixel-board').should('be.belowOf', palette);\n});",
              "err": {
                "message": "CypressError: Timed out retrying: Expected to find element: '#board-size', but never found it.",
                "estack": "CypressError: Timed out retrying: Expected to find element: '#board-size', but never found it.\n    at cypressErr (http://localhost:33421/__cypress/runner/cypress_runner.js:149934:9)\n    at throwErr (http://localhost:33421/__cypress/runner/cypress_runner.js:149867:11)\n    at Object.throwErrByPath (http://localhost:33421/__cypress/runner/cypress_runner.js:149915:3)\n    at retry (http://localhost:33421/__cypress/runner/cypress_runner.js:144197:19)\n    at onFailFn (http://localhost:33421/__cypress/runner/cypress_runner.js:132448:16)\n    at tryCatcher (http://localhost:33421/__cypress/runner/cypress_runner.js:167415:23)\n    at Promise._settlePromiseFromHandler (http://localhost:33421/__cypress/runner/cypress_runner.js:165351:31)\n    at Promise._settlePromise (http://localhost:33421/__cypress/runner/cypress_runner.js:165408:18)\n    at Promise._settlePromise0 (http://localhost:33421/__cypress/runner/cypress_runner.js:165453:10)\n    at Promise._settlePromises (http://localhost:33421/__cypress/runner/cypress_runner.js:165528:18)\n    at Async../node_modules/bluebird/js/release/async.js.Async._drainQueue (http://localhost:33421/__cypress/runner/cypress_runner.js:162140:16)\n    at Async../node_modules/bluebird/js/release/async.js.Async._drainQueues (http://localhost:33421/__cypress/runner/cypress_runner.js:162150:10)\n    at Async.drainQueues (http://localhost:33421/__cypress/runner/cypress_runner.js:162024:14)",
                "diff": null
              },
              "uuid": "d56c94e7-7946-4a24-bbdc-2fd93334cbab",
              "parentUUID": "41255222-d8c7-49ed-b181-e1283bde1271",
              "isHook": false,
              "skipped": false
            },
            {
              "title": "Verifica se o botão está posicionado ao lado do input",
              "fullTitle": "10 - Faça o quadro de pixels ter seu tamanho definido pelo usuário. Verifica se o botão está posicionado ao lado do input",
              "timedOut": null,
              "duration": 4349,
              "state": "failed",
              "speed": null,
              "pass": false,
              "fail": true,
              "pending": false,
              "context": null,
              "code": "cy.get('#board-size').then(function (board) {\n  cy.get('#generate-board').should('be.onTheRightOf', board);\n});",
              "err": {
                "message": "CypressError: Timed out retrying: Expected to find element: '#board-size', but never found it.",
                "estack": "CypressError: Timed out retrying: Expected to find element: '#board-size', but never found it.\n    at cypressErr (http://localhost:33421/__cypress/runner/cypress_runner.js:149934:9)\n    at throwErr (http://localhost:33421/__cypress/runner/cypress_runner.js:149867:11)\n    at Object.throwErrByPath (http://localhost:33421/__cypress/runner/cypress_runner.js:149915:3)\n    at retry (http://localhost:33421/__cypress/runner/cypress_runner.js:144197:19)\n    at onFailFn (http://localhost:33421/__cypress/runner/cypress_runner.js:132448:16)\n    at tryCatcher (http://localhost:33421/__cypress/runner/cypress_runner.js:167415:23)\n    at Promise._settlePromiseFromHandler (http://localhost:33421/__cypress/runner/cypress_runner.js:165351:31)\n    at Promise._settlePromise (http://localhost:33421/__cypress/runner/cypress_runner.js:165408:18)\n    at Promise._settlePromise0 (http://localhost:33421/__cypress/runner/cypress_runner.js:165453:10)\n    at Promise._settlePromises (http://localhost:33421/__cypress/runner/cypress_runner.js:165528:18)\n    at Async../node_modules/bluebird/js/release/async.js.Async._drainQueue (http://localhost:33421/__cypress/runner/cypress_runner.js:162140:16)\n    at Async../node_modules/bluebird/js/release/async.js.Async._drainQueues (http://localhost:33421/__cypress/runner/cypress_runner.js:162150:10)\n    at Async.drainQueues (http://localhost:33421/__cypress/runner/cypress_runner.js:162024:14)",
                "diff": null
              },
              "uuid": "9f50c90d-f9a0-42aa-bf46-8d8623e6de5e",
              "parentUUID": "41255222-d8c7-49ed-b181-e1283bde1271",
              "isHook": false,
              "skipped": false
            },
            {
              "title": "Verifica se nenhum valor for colocado no input ao clicar no botão, um `alert` é exibido com o texto: 'Board inválido!'",
              "fullTitle": "10 - Faça o quadro de pixels ter seu tamanho definido pelo usuário. Verifica se nenhum valor for colocado no input ao clicar no botão, um `alert` é exibido com o texto: 'Board inválido!'",
              "timedOut": null,
              "duration": 4355,
              "state": "failed",
              "speed": null,
              "pass": false,
              "fail": true,
              "pending": false,
              "context": null,
              "code": "var alerted = false;\ncy.on('window:alert', function (msg) {\n  return alerted = msg;\n});\ncy.get('#generate-board').click().then(function () {\n  return expect(alerted).to.match(/Board inválido!/i);\n});",
              "err": {
                "message": "CypressError: Timed out retrying: Expected to find element: '#generate-board', but never found it.",
                "estack": "CypressError: Timed out retrying: Expected to find element: '#generate-board', but never found it.\n    at cypressErr (http://localhost:33421/__cypress/runner/cypress_runner.js:149934:9)\n    at throwErr (http://localhost:33421/__cypress/runner/cypress_runner.js:149867:11)\n    at Object.throwErrByPath (http://localhost:33421/__cypress/runner/cypress_runner.js:149915:3)\n    at retry (http://localhost:33421/__cypress/runner/cypress_runner.js:144197:19)\n    at onFailFn (http://localhost:33421/__cypress/runner/cypress_runner.js:132448:16)\n    at tryCatcher (http://localhost:33421/__cypress/runner/cypress_runner.js:167415:23)\n    at Promise._settlePromiseFromHandler (http://localhost:33421/__cypress/runner/cypress_runner.js:165351:31)\n    at Promise._settlePromise (http://localhost:33421/__cypress/runner/cypress_runner.js:165408:18)\n    at Promise._settlePromise0 (http://localhost:33421/__cypress/runner/cypress_runner.js:165453:10)\n    at Promise._settlePromises (http://localhost:33421/__cypress/runner/cypress_runner.js:165528:18)\n    at Async../node_modules/bluebird/js/release/async.js.Async._drainQueue (http://localhost:33421/__cypress/runner/cypress_runner.js:162140:16)\n    at Async../node_modules/bluebird/js/release/async.js.Async._drainQueues (http://localhost:33421/__cypress/runner/cypress_runner.js:162150:10)\n    at Async.drainQueues (http://localhost:33421/__cypress/runner/cypress_runner.js:162024:14)",
                "diff": null
              },
              "uuid": "ce19de2b-34bf-4676-b225-75b11c854529",
              "parentUUID": "41255222-d8c7-49ed-b181-e1283bde1271",
              "isHook": false,
              "skipped": false
            },
            {
              "title": "Verifica se ao clicar no botão com um valor preenchido, o tamanho do board muda.",
              "fullTitle": "10 - Faça o quadro de pixels ter seu tamanho definido pelo usuário. Verifica se ao clicar no botão com um valor preenchido, o tamanho do board muda.",
              "timedOut": null,
              "duration": 4373,
              "state": "failed",
              "speed": null,
              "pass": false,
              "fail": true,
              "pending": false,
              "context": null,
              "code": "cy.get('#board-size').clear().type(10);\ncy.get('#generate-board').click();\ncy.get('.pixel').should('have.length', 100);",
              "err": {
                "message": "CypressError: Timed out retrying: Expected to find element: '#board-size', but never found it.",
                "estack": "CypressError: Timed out retrying: Expected to find element: '#board-size', but never found it.\n    at cypressErr (http://localhost:33421/__cypress/runner/cypress_runner.js:149934:9)\n    at throwErr (http://localhost:33421/__cypress/runner/cypress_runner.js:149867:11)\n    at Object.throwErrByPath (http://localhost:33421/__cypress/runner/cypress_runner.js:149915:3)\n    at retry (http://localhost:33421/__cypress/runner/cypress_runner.js:144197:19)\n    at onFailFn (http://localhost:33421/__cypress/runner/cypress_runner.js:132448:16)\n    at tryCatcher (http://localhost:33421/__cypress/runner/cypress_runner.js:167415:23)\n    at Promise._settlePromiseFromHandler (http://localhost:33421/__cypress/runner/cypress_runner.js:165351:31)\n    at Promise._settlePromise (http://localhost:33421/__cypress/runner/cypress_runner.js:165408:18)\n    at Promise._settlePromise0 (http://localhost:33421/__cypress/runner/cypress_runner.js:165453:10)\n    at Promise._settlePromises (http://localhost:33421/__cypress/runner/cypress_runner.js:165528:18)\n    at Async../node_modules/bluebird/js/release/async.js.Async._drainQueue (http://localhost:33421/__cypress/runner/cypress_runner.js:162140:16)\n    at Async../node_modules/bluebird/js/release/async.js.Async._drainQueues (http://localhost:33421/__cypress/runner/cypress_runner.js:162150:10)\n    at Async.drainQueues (http://localhost:33421/__cypress/runner/cypress_runner.js:162024:14)",
                "diff": null
              },
              "uuid": "66c64ca3-5fed-441b-8f57-77b91ae063cd",
              "parentUUID": "41255222-d8c7-49ed-b181-e1283bde1271",
              "isHook": false,
              "skipped": false
            },
            {
              "title": "Verifica se o novo quadro tem todos os pixels preenchidos com a cor branca",
              "fullTitle": "10 - Faça o quadro de pixels ter seu tamanho definido pelo usuário. Verifica se o novo quadro tem todos os pixels preenchidos com a cor branca",
              "timedOut": null,
              "duration": 4343,
              "state": "failed",
              "speed": null,
              "pass": false,
              "fail": true,
              "pending": false,
              "context": null,
              "code": "cy.get('#board-size').clear().type(6);\ncy.get('#generate-board').click();\ncy.get('.pixel').should('have.length', 36).each(function (pixel) {\n  expect(pixel).to.have.css('background-color', WHITE);\n});",
              "err": {
                "message": "CypressError: Timed out retrying: Expected to find element: '#board-size', but never found it.",
                "estack": "CypressError: Timed out retrying: Expected to find element: '#board-size', but never found it.\n    at cypressErr (http://localhost:33421/__cypress/runner/cypress_runner.js:149934:9)\n    at throwErr (http://localhost:33421/__cypress/runner/cypress_runner.js:149867:11)\n    at Object.throwErrByPath (http://localhost:33421/__cypress/runner/cypress_runner.js:149915:3)\n    at retry (http://localhost:33421/__cypress/runner/cypress_runner.js:144197:19)\n    at onFailFn (http://localhost:33421/__cypress/runner/cypress_runner.js:132448:16)\n    at tryCatcher (http://localhost:33421/__cypress/runner/cypress_runner.js:167415:23)\n    at Promise._settlePromiseFromHandler (http://localhost:33421/__cypress/runner/cypress_runner.js:165351:31)\n    at Promise._settlePromise (http://localhost:33421/__cypress/runner/cypress_runner.js:165408:18)\n    at Promise._settlePromise0 (http://localhost:33421/__cypress/runner/cypress_runner.js:165453:10)\n    at Promise._settlePromises (http://localhost:33421/__cypress/runner/cypress_runner.js:165528:18)\n    at Async../node_modules/bluebird/js/release/async.js.Async._drainQueue (http://localhost:33421/__cypress/runner/cypress_runner.js:162140:16)\n    at Async../node_modules/bluebird/js/release/async.js.Async._drainQueues (http://localhost:33421/__cypress/runner/cypress_runner.js:162150:10)\n    at Async.drainQueues (http://localhost:33421/__cypress/runner/cypress_runner.js:162024:14)",
                "diff": null
              },
              "uuid": "6137ad96-a64f-4346-9919-e40f9db28d0c",
              "parentUUID": "41255222-d8c7-49ed-b181-e1283bde1271",
              "isHook": false,
              "skipped": false
            }
          ],
          "suites": [],
          "passes": [],
          "failures": [
            "d3cc219b-2bb5-4faa-bf1b-eb35266a5f2e",
            "c14482d4-9aed-42ba-bc40-f2c85ce01171",
            "f3cefd62-26f0-4680-9a5f-f324b3734fc5",
            "4743cd38-d379-44ee-ac91-3696d060365b",
            "d56c94e7-7946-4a24-bbdc-2fd93334cbab",
            "9f50c90d-f9a0-42aa-bf46-8d8623e6de5e",
            "ce19de2b-34bf-4676-b225-75b11c854529",
            "66c64ca3-5fed-441b-8f57-77b91ae063cd",
            "6137ad96-a64f-4346-9919-e40f9db28d0c"
          ],
          "pending": [],
          "skipped": [],
          "duration": 39275,
          "root": false,
          "rootEmpty": false,
          "_timeout": 2000
        },
        {
          "uuid": "1fafe83e-dde6-4745-856d-0fb5f2c6b4f1",
          "title": "11 - Limite o tamanho mínimo e máximo do board.",
          "fullFile": "",
          "file": "",
          "beforeHooks": [],
          "afterHooks": [],
          "tests": [
            {
              "title": "Verifica se a altura máxima do board é 50",
              "fullTitle": "11 - Limite o tamanho mínimo e máximo do board. Verifica se a altura máxima do board é 50",
              "timedOut": null,
              "duration": 4349,
              "state": "failed",
              "speed": null,
              "pass": false,
              "fail": true,
              "pending": false,
              "context": null,
              "code": "cy.get('#board-size').clear().type(50);\ncy.get('#generate-board').click();\ncy.get('.pixel').should('have.length', 2500);",
              "err": {
                "message": "CypressError: Timed out retrying: Expected to find element: '#board-size', but never found it.",
                "estack": "CypressError: Timed out retrying: Expected to find element: '#board-size', but never found it.\n    at cypressErr (http://localhost:33421/__cypress/runner/cypress_runner.js:149934:9)\n    at throwErr (http://localhost:33421/__cypress/runner/cypress_runner.js:149867:11)\n    at Object.throwErrByPath (http://localhost:33421/__cypress/runner/cypress_runner.js:149915:3)\n    at retry (http://localhost:33421/__cypress/runner/cypress_runner.js:144197:19)\n    at onFailFn (http://localhost:33421/__cypress/runner/cypress_runner.js:132448:16)\n    at tryCatcher (http://localhost:33421/__cypress/runner/cypress_runner.js:167415:23)\n    at Promise._settlePromiseFromHandler (http://localhost:33421/__cypress/runner/cypress_runner.js:165351:31)\n    at Promise._settlePromise (http://localhost:33421/__cypress/runner/cypress_runner.js:165408:18)\n    at Promise._settlePromise0 (http://localhost:33421/__cypress/runner/cypress_runner.js:165453:10)\n    at Promise._settlePromises (http://localhost:33421/__cypress/runner/cypress_runner.js:165528:18)\n    at Async../node_modules/bluebird/js/release/async.js.Async._drainQueue (http://localhost:33421/__cypress/runner/cypress_runner.js:162140:16)\n    at Async../node_modules/bluebird/js/release/async.js.Async._drainQueues (http://localhost:33421/__cypress/runner/cypress_runner.js:162150:10)\n    at Async.drainQueues (http://localhost:33421/__cypress/runner/cypress_runner.js:162024:14)",
                "diff": null
              },
              "uuid": "5ed62ee7-b68a-45c7-8582-4a8282b5675a",
              "parentUUID": "1fafe83e-dde6-4745-856d-0fb5f2c6b4f1",
              "isHook": false,
              "skipped": false
            },
            {
              "title": "Verifica se a altura do board é 5 quando um valor menor é colocado no input",
              "fullTitle": "11 - Limite o tamanho mínimo e máximo do board. Verifica se a altura do board é 5 quando um valor menor é colocado no input",
              "timedOut": null,
              "duration": 4496,
              "state": "failed",
              "speed": null,
              "pass": false,
              "fail": true,
              "pending": false,
              "context": null,
              "code": "cy.get('#board-size').clear().type(4);\ncy.get('#generate-board').click();\ncy.get('.pixel').should('have.length', 25);",
              "err": {
                "message": "CypressError: Timed out retrying: Expected to find element: '#board-size', but never found it.",
                "estack": "CypressError: Timed out retrying: Expected to find element: '#board-size', but never found it.\n    at cypressErr (http://localhost:33421/__cypress/runner/cypress_runner.js:149934:9)\n    at throwErr (http://localhost:33421/__cypress/runner/cypress_runner.js:149867:11)\n    at Object.throwErrByPath (http://localhost:33421/__cypress/runner/cypress_runner.js:149915:3)\n    at retry (http://localhost:33421/__cypress/runner/cypress_runner.js:144197:19)\n    at onFailFn (http://localhost:33421/__cypress/runner/cypress_runner.js:132448:16)\n    at tryCatcher (http://localhost:33421/__cypress/runner/cypress_runner.js:167415:23)\n    at Promise._settlePromiseFromHandler (http://localhost:33421/__cypress/runner/cypress_runner.js:165351:31)\n    at Promise._settlePromise (http://localhost:33421/__cypress/runner/cypress_runner.js:165408:18)\n    at Promise._settlePromise0 (http://localhost:33421/__cypress/runner/cypress_runner.js:165453:10)\n    at Promise._settlePromises (http://localhost:33421/__cypress/runner/cypress_runner.js:165528:18)\n    at Async../node_modules/bluebird/js/release/async.js.Async._drainQueue (http://localhost:33421/__cypress/runner/cypress_runner.js:162140:16)\n    at Async../node_modules/bluebird/js/release/async.js.Async._drainQueues (http://localhost:33421/__cypress/runner/cypress_runner.js:162150:10)\n    at Async.drainQueues (http://localhost:33421/__cypress/runner/cypress_runner.js:162024:14)",
                "diff": null
              },
              "uuid": "3754b1e9-3987-4e66-95e1-a011084b1cf2",
              "parentUUID": "1fafe83e-dde6-4745-856d-0fb5f2c6b4f1",
              "isHook": false,
              "skipped": false
            },
            {
              "title": "Verifica se a altura do board é 50 quando um valor maior é colocado no input",
              "fullTitle": "11 - Limite o tamanho mínimo e máximo do board. Verifica se a altura do board é 50 quando um valor maior é colocado no input",
              "timedOut": null,
              "duration": 4393,
              "state": "failed",
              "speed": null,
              "pass": false,
              "fail": true,
              "pending": false,
              "context": null,
              "code": "cy.get('#board-size').clear().type(51);\ncy.get('#generate-board').click();\ncy.get('.pixel').should('have.length', 2500);",
              "err": {
                "message": "CypressError: Timed out retrying: Expected to find element: '#board-size', but never found it.",
                "estack": "CypressError: Timed out retrying: Expected to find element: '#board-size', but never found it.\n    at cypressErr (http://localhost:33421/__cypress/runner/cypress_runner.js:149934:9)\n    at throwErr (http://localhost:33421/__cypress/runner/cypress_runner.js:149867:11)\n    at Object.throwErrByPath (http://localhost:33421/__cypress/runner/cypress_runner.js:149915:3)\n    at retry (http://localhost:33421/__cypress/runner/cypress_runner.js:144197:19)\n    at onFailFn (http://localhost:33421/__cypress/runner/cypress_runner.js:132448:16)\n    at tryCatcher (http://localhost:33421/__cypress/runner/cypress_runner.js:167415:23)\n    at Promise._settlePromiseFromHandler (http://localhost:33421/__cypress/runner/cypress_runner.js:165351:31)\n    at Promise._settlePromise (http://localhost:33421/__cypress/runner/cypress_runner.js:165408:18)\n    at Promise._settlePromise0 (http://localhost:33421/__cypress/runner/cypress_runner.js:165453:10)\n    at Promise._settlePromises (http://localhost:33421/__cypress/runner/cypress_runner.js:165528:18)\n    at Async../node_modules/bluebird/js/release/async.js.Async._drainQueue (http://localhost:33421/__cypress/runner/cypress_runner.js:162140:16)\n    at Async../node_modules/bluebird/js/release/async.js.Async._drainQueues (http://localhost:33421/__cypress/runner/cypress_runner.js:162150:10)\n    at Async.drainQueues (http://localhost:33421/__cypress/runner/cypress_runner.js:162024:14)",
                "diff": null
              },
              "uuid": "32fac13b-8640-4781-be73-337918f72427",
              "parentUUID": "1fafe83e-dde6-4745-856d-0fb5f2c6b4f1",
              "isHook": false,
              "skipped": false
            }
          ],
          "suites": [],
          "passes": [],
          "failures": [
            "5ed62ee7-b68a-45c7-8582-4a8282b5675a",
            "3754b1e9-3987-4e66-95e1-a011084b1cf2",
            "32fac13b-8640-4781-be73-337918f72427"
          ],
          "pending": [],
          "skipped": [],
          "duration": 13238,
          "root": false,
          "rootEmpty": false,
          "_timeout": 2000
        },
        {
          "uuid": "2a356a24-6752-49c5-8063-8966dab7b635",
          "title": "12 - Faça com que as cores da paleta sejam geradas aleatoriamente ao carregar a página.",
          "fullFile": "",
          "file": "",
          "beforeHooks": [],
          "afterHooks": [],
          "tests": [
            {
              "title": "Verifica se as cores geradas na paleta são diferentes a cada carregamento da página",
              "fullTitle": "12 - Faça com que as cores da paleta sejam geradas aleatoriamente ao carregar a página. Verifica se as cores geradas na paleta são diferentes a cada carregamento da página",
              "timedOut": null,
              "duration": 424,
              "state": "failed",
              "speed": null,
              "pass": false,
              "fail": true,
              "pending": false,
              "context": null,
              "code": "cy.get('.color').then(function (colors) {\n  var currentColors;\n  var previousColors;\n  previousColors = Array.from(colors).map(function (color) {\n    return Cypress.$(color).css('background-color');\n  });\n  for (var i = 0; i < 5; i += 1) {\n    cy.reload();\n    cy.get('.color').then(function (colors) {\n      currentColors = Array.from(colors).map(function (color) {\n        return Cypress.$(color).css('background-color');\n      });\n      expect(currentColors).not.to.deep.equal(previousColors);\n      previousColors = currentColors;\n    });\n  }\n});",
              "err": {
                "message": "AssertionError: expected [ Array(4) ] to not deeply equal [ Array(4) ]",
                "estack": "AssertionError: expected [ Array(4) ] to not deeply equal [ Array(4) ]\n    at getRet (http://localhost:33421/__cypress/runner/cypress_runner.js:136585:16)\n    at tryCatcher (http://localhost:33421/__cypress/runner/cypress_runner.js:167415:23)\n    at Function.Promise.attempt.Promise.try (http://localhost:33421/__cypress/runner/cypress_runner.js:164690:29)\n    at Context.thenFn (http://localhost:33421/__cypress/runner/cypress_runner.js:136599:23)\n    at Context.then (http://localhost:33421/__cypress/runner/cypress_runner.js:136971:21)\n    at Context.<anonymous> (http://localhost:33421/__cypress/runner/cypress_runner.js:148875:21)\n    at http://localhost:33421/__cypress/runner/cypress_runner.js:148351:33\n    at tryCatcher (http://localhost:33421/__cypress/runner/cypress_runner.js:167415:23)\n    at Promise._settlePromiseFromHandler (http://localhost:33421/__cypress/runner/cypress_runner.js:165351:31)\n    at Promise._settlePromise (http://localhost:33421/__cypress/runner/cypress_runner.js:165408:18)\n    at Promise._settlePromiseCtx (http://localhost:33421/__cypress/runner/cypress_runner.js:165445:10)\n    at Async../node_modules/bluebird/js/release/async.js.Async._drainQueue (http://localhost:33421/__cypress/runner/cypress_runner.js:162145:12)\n    at Async../node_modules/bluebird/js/release/async.js.Async._drainQueues (http://localhost:33421/__cypress/runner/cypress_runner.js:162150:10)\n    at Async.drainQueues (http://localhost:33421/__cypress/runner/cypress_runner.js:162024:14)",
                "diff": ""
              },
              "uuid": "b9813840-306e-4237-afa8-e6ddfa868772",
              "parentUUID": "2a356a24-6752-49c5-8063-8966dab7b635",
              "isHook": false,
              "skipped": false
            },
            {
              "title": "Verifica se a cor preta ainda está presente e é a primeira na sua paleta de cores",
              "fullTitle": "12 - Faça com que as cores da paleta sejam geradas aleatoriamente ao carregar a página. Verifica se a cor preta ainda está presente e é a primeira na sua paleta de cores",
              "timedOut": null,
              "duration": 399,
              "state": "failed",
              "speed": null,
              "pass": false,
              "fail": true,
              "pending": false,
              "context": null,
              "code": "cy.get('.color').then(function (colors) {\n  var currentColors;\n  var previousColors;\n  previousColors = Array.from(colors).map(function (color) {\n    return Cypress.$(color).css('background-color');\n  });\n  expect(previousColors[0]).to.eq(BLACK);\n  for (var i = 0; i < 5; i += 1) {\n    cy.reload();\n    cy.get('.color').then(function (colors) {\n      currentColors = Array.from(colors).map(function (color) {\n        return Cypress.$(color).css('background-color');\n      });\n      expect(currentColors[0]).to.eq(BLACK);\n      expect(currentColors).not.to.deep.equal(previousColors);\n      previousColors = currentColors;\n    });\n  }\n});",
              "err": {
                "message": "AssertionError: expected [ Array(4) ] to not deeply equal [ Array(4) ]",
                "estack": "AssertionError: expected [ Array(4) ] to not deeply equal [ Array(4) ]\n    at getRet (http://localhost:33421/__cypress/runner/cypress_runner.js:136585:16)\n    at tryCatcher (http://localhost:33421/__cypress/runner/cypress_runner.js:167415:23)\n    at Function.Promise.attempt.Promise.try (http://localhost:33421/__cypress/runner/cypress_runner.js:164690:29)\n    at Context.thenFn (http://localhost:33421/__cypress/runner/cypress_runner.js:136599:23)\n    at Context.then (http://localhost:33421/__cypress/runner/cypress_runner.js:136971:21)\n    at Context.<anonymous> (http://localhost:33421/__cypress/runner/cypress_runner.js:148875:21)\n    at http://localhost:33421/__cypress/runner/cypress_runner.js:148351:33\n    at tryCatcher (http://localhost:33421/__cypress/runner/cypress_runner.js:167415:23)\n    at Promise._settlePromiseFromHandler (http://localhost:33421/__cypress/runner/cypress_runner.js:165351:31)\n    at Promise._settlePromise (http://localhost:33421/__cypress/runner/cypress_runner.js:165408:18)\n    at Promise._settlePromiseCtx (http://localhost:33421/__cypress/runner/cypress_runner.js:165445:10)\n    at Async../node_modules/bluebird/js/release/async.js.Async._drainQueue (http://localhost:33421/__cypress/runner/cypress_runner.js:162145:12)\n    at Async../node_modules/bluebird/js/release/async.js.Async._drainQueues (http://localhost:33421/__cypress/runner/cypress_runner.js:162150:10)\n    at Async.drainQueues (http://localhost:33421/__cypress/runner/cypress_runner.js:162024:14)",
                "diff": ""
              },
              "uuid": "d5c6db9c-cbb6-48ec-afaf-85fe537496c3",
              "parentUUID": "2a356a24-6752-49c5-8063-8966dab7b635",
              "isHook": false,
              "skipped": false
            }
          ],
          "suites": [],
          "passes": [],
          "failures": [
            "b9813840-306e-4237-afa8-e6ddfa868772",
            "d5c6db9c-cbb6-48ec-afaf-85fe537496c3"
          ],
          "pending": [],
          "skipped": [],
          "duration": 823,
          "root": false,
          "rootEmpty": false,
          "_timeout": 2000
        }
      ],
      "passes": [],
      "failures": [],
      "pending": [],
      "skipped": [],
      "duration": 0,
      "root": true,
      "rootEmpty": true,
      "_timeout": 2000
    }
  ],
  "meta": {
    "mocha": {
      "version": "7.0.1"
    },
    "mochawesome": {
      "options": {
        "quiet": false,
        "reportFilename": "mochawesome",
        "saveHtml": false,
        "saveJson": true,
        "consoleReporter": "spec",
        "useInlineDiffs": false
      },
      "version": "4.1.0"
    },
    "marge": {
      "options": {
        "id": "default",
        "reportDir": "cypress/reports",
        "overwrite": true,
        "html": false,
        "json": true
      },
      "version": "4.1.0"
    }
  }
}