{
  "stats": {
    "suites": 12,
    "tests": 41,
    "passes": 23,
    "pending": 0,
    "failures": 18,
    "start": "2021-10-15T18:44:10.512Z",
    "end": "2021-10-15T18:46:03.854Z",
    "duration": 113342,
    "testsRegistered": 41,
    "passPercent": 56.09756097560976,
    "pendingPercent": 0,
    "other": 0,
    "hasOther": false,
    "skipped": 0,
    "hasSkipped": false
  },
  "results": [
    {
      "uuid": "a73cc4b2-c77b-4d48-af08-0cdf8381d80c",
      "title": "",
      "fullFile": "cypress/integration/project.spec.js",
      "file": "cypress/integration/project.spec.js",
      "beforeHooks": [],
      "afterHooks": [],
      "tests": [],
      "suites": [
        {
          "uuid": "53c7501b-4bfa-4123-9382-0fe4da7d89aa",
          "title": "1 - Adicione à página o título \"Paleta de Cores\".",
          "fullFile": "",
          "file": "",
          "beforeHooks": [],
          "afterHooks": [],
          "tests": [
            {
              "title": "Verifica se contém um elemento `h1` com o id `title` com o título correto",
              "fullTitle": "1 - Adicione à página o título \"Paleta de Cores\". Verifica se contém um elemento `h1` com o id `title` com o título correto",
              "timedOut": null,
              "duration": 398,
              "state": "passed",
              "speed": "slow",
              "pass": true,
              "fail": false,
              "pending": false,
              "context": null,
              "code": "cy.get('h1#title').should('contain.text', 'Paleta de Cores');",
              "err": {},
              "uuid": "b8d3eea9-55b1-45c4-a746-802eec57bc57",
              "parentUUID": "53c7501b-4bfa-4123-9382-0fe4da7d89aa",
              "isHook": false,
              "skipped": false
            }
          ],
          "suites": [],
          "passes": [
            "b8d3eea9-55b1-45c4-a746-802eec57bc57"
          ],
          "failures": [],
          "pending": [],
          "skipped": [],
          "duration": 398,
          "root": false,
          "rootEmpty": false,
          "_timeout": 2000
        },
        {
          "uuid": "8c3d6418-607d-4394-8d91-67d0697d827d",
          "title": "2 - Adicione à página uma paleta de quatro cores distintas.",
          "fullFile": "",
          "file": "",
          "beforeHooks": [],
          "afterHooks": [],
          "tests": [
            {
              "title": "A paleta de cores deve ser um elemento com `id` denominado `color-palette`",
              "fullTitle": "2 - Adicione à página uma paleta de quatro cores distintas. A paleta de cores deve ser um elemento com `id` denominado `color-palette`",
              "timedOut": null,
              "duration": 262,
              "state": "passed",
              "speed": "slow",
              "pass": true,
              "fail": false,
              "pending": false,
              "context": null,
              "code": "cy.get('#color-palette').should('be.visible');\ncy.get('#color-palette').children('.color');",
              "err": {},
              "uuid": "ba7260e8-e6b2-449b-9704-d3ba0b0d3b58",
              "parentUUID": "8c3d6418-607d-4394-8d91-67d0697d827d",
              "isHook": false,
              "skipped": false
            },
            {
              "title": "Verifica se cada cor individual da paleta de cores possui a `classe` chamada `color`.",
              "fullTitle": "2 - Adicione à página uma paleta de quatro cores distintas. Verifica se cada cor individual da paleta de cores possui a `classe` chamada `color`.",
              "timedOut": null,
              "duration": 231,
              "state": "passed",
              "speed": "slow",
              "pass": true,
              "fail": false,
              "pending": false,
              "context": null,
              "code": "cy.get('.color').should('have.length', 4).then(function (colors) {\n  for (var i = 0; i < colors.length; i++) {\n    cy.wrap(colors[i]).should('be.visible');\n  }\n});",
              "err": {},
              "uuid": "cff5aa90-9512-411c-85e5-cb7aec7cd7f8",
              "parentUUID": "8c3d6418-607d-4394-8d91-67d0697d827d",
              "isHook": false,
              "skipped": false
            },
            {
              "title": "Verifica se a cor de fundo de cada elemento da paleta é a cor que o elemento representa. **A única cor não permitida na paleta é a cor branca.**",
              "fullTitle": "2 - Adicione à página uma paleta de quatro cores distintas. Verifica se a cor de fundo de cada elemento da paleta é a cor que o elemento representa. **A única cor não permitida na paleta é a cor branca.**",
              "timedOut": null,
              "duration": 303,
              "state": "passed",
              "speed": "slow",
              "pass": true,
              "fail": false,
              "pending": false,
              "context": null,
              "code": "cy.get('.color').each(function (color) {\n  cy.wrap(color).should('have.class', 'color').and('not.have.css', 'background-color', WHITE);\n  cy.wrap(color).should('have.css', 'background-color');\n});",
              "err": {},
              "uuid": "b3527e7c-887d-4d1a-9336-6c659a9bac77",
              "parentUUID": "8c3d6418-607d-4394-8d91-67d0697d827d",
              "isHook": false,
              "skipped": false
            },
            {
              "title": "Verifica se cada elemento da paleta de cores tem uma borda preta, sólida e com 1 pixel de largura;",
              "fullTitle": "2 - Adicione à página uma paleta de quatro cores distintas. Verifica se cada elemento da paleta de cores tem uma borda preta, sólida e com 1 pixel de largura;",
              "timedOut": null,
              "duration": 249,
              "state": "passed",
              "speed": "slow",
              "pass": true,
              "fail": false,
              "pending": false,
              "context": null,
              "code": "cy.get('.color').each(function (color) {\n  cy.wrap(color).and('have.css', 'border', \"1px solid \".concat(BLACK)).and('have.class', 'color');\n});",
              "err": {},
              "uuid": "6a01c146-d4e7-4c76-918c-f8a8a28103f6",
              "parentUUID": "8c3d6418-607d-4394-8d91-67d0697d827d",
              "isHook": false,
              "skipped": false
            },
            {
              "title": "Verifica se a paleta lista todas as cores disponíveis para utilização, lado a lado.",
              "fullTitle": "2 - Adicione à página uma paleta de quatro cores distintas. Verifica se a paleta lista todas as cores disponíveis para utilização, lado a lado.",
              "timedOut": null,
              "duration": 169,
              "state": "passed",
              "speed": "slow",
              "pass": true,
              "fail": false,
              "pending": false,
              "context": null,
              "code": "cy.get('.color').then(function (colors) {\n  for (var index = 1; index < colors.length; index += 1) {\n    var currentColor = colors[index];\n    var previousColor = colors[index - 1];\n    cy.wrap(currentColor).should('be.onTheRightOf', previousColor).and('be.horizontallyAlignedWith', previousColor);\n  }\n});",
              "err": {},
              "uuid": "eb0603a1-6dc4-4aed-9d8b-04e8bf4f613b",
              "parentUUID": "8c3d6418-607d-4394-8d91-67d0697d827d",
              "isHook": false,
              "skipped": false
            },
            {
              "title": "Verifica se a paleta de cores está posicionada abaixo do título 'Paleta de Cores'",
              "fullTitle": "2 - Adicione à página uma paleta de quatro cores distintas. Verifica se a paleta de cores está posicionada abaixo do título 'Paleta de Cores'",
              "timedOut": null,
              "duration": 195,
              "state": "passed",
              "speed": "slow",
              "pass": true,
              "fail": false,
              "pending": false,
              "context": null,
              "code": "cy.get('h1#title').then(function (title) {\n  cy.get('#color-palette').should('be.belowOf', title);\n});",
              "err": {},
              "uuid": "289fc837-1426-4c3c-8777-2a8812ebe428",
              "parentUUID": "8c3d6418-607d-4394-8d91-67d0697d827d",
              "isHook": false,
              "skipped": false
            },
            {
              "title": "Verifica se a paleta de cores não contém cores repetidas.",
              "fullTitle": "2 - Adicione à página uma paleta de quatro cores distintas. Verifica se a paleta de cores não contém cores repetidas.",
              "timedOut": null,
              "duration": 121,
              "state": "passed",
              "speed": "slow",
              "pass": true,
              "fail": false,
              "pending": false,
              "context": null,
              "code": "cy.get('.color').then(function (colors) {\n  var allColors = Array.from(colors).map(function (color) {\n    return Cypress.$(color).css('background-color');\n  });\n  cy.log(allColors);\n  var uniqColors = (0, _toConsumableArray2[\"default\"])(new Set(allColors));\n  cy.log(uniqColors);\n  expect(allColors.length).to.eq(uniqColors.length);\n});",
              "err": {},
              "uuid": "22616559-1ef5-4536-8ff6-d69db200f4a5",
              "parentUUID": "8c3d6418-607d-4394-8d91-67d0697d827d",
              "isHook": false,
              "skipped": false
            }
          ],
          "suites": [],
          "passes": [
            "ba7260e8-e6b2-449b-9704-d3ba0b0d3b58",
            "cff5aa90-9512-411c-85e5-cb7aec7cd7f8",
            "b3527e7c-887d-4d1a-9336-6c659a9bac77",
            "6a01c146-d4e7-4c76-918c-f8a8a28103f6",
            "eb0603a1-6dc4-4aed-9d8b-04e8bf4f613b",
            "289fc837-1426-4c3c-8777-2a8812ebe428",
            "22616559-1ef5-4536-8ff6-d69db200f4a5"
          ],
          "failures": [],
          "pending": [],
          "skipped": [],
          "duration": 1530,
          "root": false,
          "rootEmpty": false,
          "_timeout": 2000
        },
        {
          "uuid": "76e126c5-6c32-4848-a531-b8378c31868d",
          "title": "3 - Adicione a cor **preta** como a primeira cor da paleta de cores.",
          "fullFile": "",
          "file": "",
          "beforeHooks": [],
          "afterHooks": [],
          "tests": [
            {
              "title": "Verifica se a primeira cor da paleta é preta",
              "fullTitle": "3 - Adicione a cor **preta** como a primeira cor da paleta de cores. Verifica se a primeira cor da paleta é preta",
              "timedOut": null,
              "duration": 223,
              "state": "passed",
              "speed": "slow",
              "pass": true,
              "fail": false,
              "pending": false,
              "context": null,
              "code": "cy.get('.color').first().should('have.css', 'background-color', BLACK);",
              "err": {},
              "uuid": "fe399244-c2f6-4117-87ec-1ba4b5d7cc96",
              "parentUUID": "76e126c5-6c32-4848-a531-b8378c31868d",
              "isHook": false,
              "skipped": false
            },
            {
              "title": "Verifica se as demais cores podem ser escolhidas livremente.",
              "fullTitle": "3 - Adicione a cor **preta** como a primeira cor da paleta de cores. Verifica se as demais cores podem ser escolhidas livremente.",
              "timedOut": null,
              "duration": 328,
              "state": "passed",
              "speed": "slow",
              "pass": true,
              "fail": false,
              "pending": false,
              "context": null,
              "code": "cy.get('.color').eq(1).should('not.have.css', 'background-color', BLACK);\ncy.get('.color').eq(1).should('not.have.css', 'background-color', WHITE);\ncy.get('.color').eq(1).should('not.have.css', 'background-color', 'rgba(0, 0, 0, 0)');\ncy.get('.color').eq(1).should('have.css', 'background-color');\ncy.get('.color').eq(2).should('not.have.css', 'background-color', BLACK);\ncy.get('.color').eq(2).should('not.have.css', 'background-color', WHITE);\ncy.get('.color').eq(2).should('not.have.css', 'background-color', 'rgba(0, 0, 0, 0)');\ncy.get('.color').eq(2).should('have.css', 'background-color');\ncy.get('.color').eq(3).should('not.have.css', 'background-color', BLACK);\ncy.get('.color').eq(3).should('not.have.css', 'background-color', WHITE);\ncy.get('.color').eq(3).should('not.have.css', 'background-color', 'rgba(0, 0, 0, 0)');\ncy.get('.color').eq(3).should('have.css', 'background-color');",
              "err": {},
              "uuid": "92522bc6-c553-4a8e-89b7-8dff19b382b5",
              "parentUUID": "76e126c5-6c32-4848-a531-b8378c31868d",
              "isHook": false,
              "skipped": false
            }
          ],
          "suites": [],
          "passes": [
            "fe399244-c2f6-4117-87ec-1ba4b5d7cc96",
            "92522bc6-c553-4a8e-89b7-8dff19b382b5"
          ],
          "failures": [],
          "pending": [],
          "skipped": [],
          "duration": 551,
          "root": false,
          "rootEmpty": false,
          "_timeout": 2000
        },
        {
          "uuid": "e4c12bba-b370-4a9b-8904-490f609b5754",
          "title": "4 - Adicione à página um quadro de pixels, com 25 pixels.",
          "fullFile": "",
          "file": "",
          "beforeHooks": [],
          "afterHooks": [],
          "tests": [
            {
              "title": "Verifica se o quadro de pixels possui o `id` denominado `pixel-board`",
              "fullTitle": "4 - Adicione à página um quadro de pixels, com 25 pixels. Verifica se o quadro de pixels possui o `id` denominado `pixel-board`",
              "timedOut": null,
              "duration": 137,
              "state": "passed",
              "speed": "slow",
              "pass": true,
              "fail": false,
              "pending": false,
              "context": null,
              "code": "cy.get('#pixel-board').should('be.visible');",
              "err": {},
              "uuid": "305d34d5-ca80-479d-95d6-249912835d40",
              "parentUUID": "e4c12bba-b370-4a9b-8904-490f609b5754",
              "isHook": false,
              "skipped": false
            },
            {
              "title": "Verifica se cada pixel individual dentro do quadro possui a `classe` denominada `pixel`.",
              "fullTitle": "4 - Adicione à página um quadro de pixels, com 25 pixels. Verifica se cada pixel individual dentro do quadro possui a `classe` denominada `pixel`.",
              "timedOut": null,
              "duration": 245,
              "state": "passed",
              "speed": "slow",
              "pass": true,
              "fail": false,
              "pending": false,
              "context": null,
              "code": "cy.get('.pixel').should('have.length', 25);",
              "err": {},
              "uuid": "1d09eda8-682c-48a1-a7ad-2ca1f3fa830e",
              "parentUUID": "e4c12bba-b370-4a9b-8904-490f609b5754",
              "isHook": false,
              "skipped": false
            },
            {
              "title": "Verifica se a cor inicial dos pixels dentro do quadro, ao abrir a página, é branca.",
              "fullTitle": "4 - Adicione à página um quadro de pixels, com 25 pixels. Verifica se a cor inicial dos pixels dentro do quadro, ao abrir a página, é branca.",
              "timedOut": null,
              "duration": 297,
              "state": "passed",
              "speed": "slow",
              "pass": true,
              "fail": false,
              "pending": false,
              "context": null,
              "code": "cy.get('.pixel').should('have.length', 25).each(function (pixel) {\n  expect(pixel).to.have.css('background-color', WHITE);\n});",
              "err": {},
              "uuid": "f9c65c48-5e9c-4d40-9817-3e44364bb6de",
              "parentUUID": "e4c12bba-b370-4a9b-8904-490f609b5754",
              "isHook": false,
              "skipped": false
            },
            {
              "title": "Verifica se o quadro de pixels aparece abaixo da paleta de cores",
              "fullTitle": "4 - Adicione à página um quadro de pixels, com 25 pixels. Verifica se o quadro de pixels aparece abaixo da paleta de cores",
              "timedOut": null,
              "duration": 197,
              "state": "passed",
              "speed": "slow",
              "pass": true,
              "fail": false,
              "pending": false,
              "context": null,
              "code": "cy.get('#color-palette').then(function (palette) {\n  cy.get('#pixel-board').should('be.belowOf', palette);\n});",
              "err": {},
              "uuid": "f30bc809-c002-40e3-96ca-c9b767479a6a",
              "parentUUID": "e4c12bba-b370-4a9b-8904-490f609b5754",
              "isHook": false,
              "skipped": false
            }
          ],
          "suites": [],
          "passes": [
            "305d34d5-ca80-479d-95d6-249912835d40",
            "1d09eda8-682c-48a1-a7ad-2ca1f3fa830e",
            "f9c65c48-5e9c-4d40-9817-3e44364bb6de",
            "f30bc809-c002-40e3-96ca-c9b767479a6a"
          ],
          "failures": [],
          "pending": [],
          "skipped": [],
          "duration": 876,
          "root": false,
          "rootEmpty": false,
          "_timeout": 2000
        },
        {
          "uuid": "08441f50-9c45-40bd-9963-8dd3f3a9daf6",
          "title": "5 - Faça com que cada elemento do quadro de pixels possua 40 pixels de largura, 40 pixels de altura e seja delimitado por uma borda preta de 1 pixel.",
          "fullFile": "",
          "file": "",
          "beforeHooks": [],
          "afterHooks": [],
          "tests": [
            {
              "title": "Verifica se o quadro de pixels tem altura e comprimento de 5 elementos",
              "fullTitle": "5 - Faça com que cada elemento do quadro de pixels possua 40 pixels de largura, 40 pixels de altura e seja delimitado por uma borda preta de 1 pixel. Verifica se o quadro de pixels tem altura e comprimento de 5 elementos",
              "timedOut": null,
              "duration": 510,
              "state": "passed",
              "speed": "slow",
              "pass": true,
              "fail": false,
              "pending": false,
              "context": null,
              "code": "cy.get('.pixel').should('have.length', 25).each(function (pixel) {\n  expect(pixel).to.have.css('background-color', WHITE);\n}).and(function (pixels) {\n  var rows = chunk(pixels, 5);\n  rows.forEach(function (row) {\n    for (var index = 1; index < row.length; index += 1) {\n      var current = pixels[index];\n      var previous = pixels[index - 1];\n      cy.wrap(current).should('be.onTheRightOf', previous).and('be.horizontallyAlignedWith', previous);\n    }\n  });\n  for (var index = 1; index < 5; index += 1) {\n    expect(pixels[index * 5]).to.be.belowOf(pixels[(index - 1) * 5]);\n  }\n});",
              "err": {},
              "uuid": "c1d15403-28f0-41b7-8510-6c1ab7561148",
              "parentUUID": "08441f50-9c45-40bd-9963-8dd3f3a9daf6",
              "isHook": false,
              "skipped": false
            },
            {
              "title": "Verifica se 40 pixels é o tamanho total do elemento, incluindo seu conteúdo e excluindo a borda preta, que deve ser criada à parte.",
              "fullTitle": "5 - Faça com que cada elemento do quadro de pixels possua 40 pixels de largura, 40 pixels de altura e seja delimitado por uma borda preta de 1 pixel. Verifica se 40 pixels é o tamanho total do elemento, incluindo seu conteúdo e excluindo a borda preta, que deve ser criada à parte.",
              "timedOut": null,
              "duration": 476,
              "state": "passed",
              "speed": "slow",
              "pass": true,
              "fail": false,
              "pending": false,
              "context": null,
              "code": "cy.get('.pixel').each(function (pixel) {\n  cy.wrap(pixel).should('have.css', 'height', '40px').and('have.css', 'width', '40px').and('have.css', 'border', \"1px solid \".concat(BLACK));\n});",
              "err": {},
              "uuid": "8aab7ede-f8f1-4816-8258-482dcf52e0ce",
              "parentUUID": "08441f50-9c45-40bd-9963-8dd3f3a9daf6",
              "isHook": false,
              "skipped": false
            }
          ],
          "suites": [],
          "passes": [
            "c1d15403-28f0-41b7-8510-6c1ab7561148",
            "8aab7ede-f8f1-4816-8258-482dcf52e0ce"
          ],
          "failures": [],
          "pending": [],
          "skipped": [],
          "duration": 986,
          "root": false,
          "rootEmpty": false,
          "_timeout": 2000
        },
        {
          "uuid": "35797ece-d8d4-4388-994a-eb993048b07b",
          "title": "6 - Defina a cor preta como cor inicial. Ao carregar a página a cor preta já deve estar selecionada para pintar os pixels",
          "fullFile": "",
          "file": "",
          "beforeHooks": [],
          "afterHooks": [],
          "tests": [
            {
              "title": "Verifica se o elemento da cor preta possui, inicialmente, a `classe` `selected`",
              "fullTitle": "6 - Defina a cor preta como cor inicial. Ao carregar a página a cor preta já deve estar selecionada para pintar os pixels Verifica se o elemento da cor preta possui, inicialmente, a `classe` `selected`",
              "timedOut": null,
              "duration": 237,
              "state": "passed",
              "speed": "slow",
              "pass": true,
              "fail": false,
              "pending": false,
              "context": null,
              "code": "cy.get('.selected').first().should('have.css', 'background-color', BLACK);",
              "err": {},
              "uuid": "832bb4cc-679a-4fce-bf9a-626f8473917a",
              "parentUUID": "35797ece-d8d4-4388-994a-eb993048b07b",
              "isHook": false,
              "skipped": false
            },
            {
              "title": "Verifica se nenhuma outra cor da paleta tem a `classe` `selected`",
              "fullTitle": "6 - Defina a cor preta como cor inicial. Ao carregar a página a cor preta já deve estar selecionada para pintar os pixels Verifica se nenhuma outra cor da paleta tem a `classe` `selected`",
              "timedOut": null,
              "duration": 196,
              "state": "passed",
              "speed": "slow",
              "pass": true,
              "fail": false,
              "pending": false,
              "context": null,
              "code": "cy.get('.color:not(:first-child)').each(function (color) {\n  cy.wrap(color).should('not.have.class', 'selected');\n});",
              "err": {},
              "uuid": "0ff20375-cfcf-4ecd-89c6-ab3827c55226",
              "parentUUID": "35797ece-d8d4-4388-994a-eb993048b07b",
              "isHook": false,
              "skipped": false
            }
          ],
          "suites": [],
          "passes": [
            "832bb4cc-679a-4fce-bf9a-626f8473917a",
            "0ff20375-cfcf-4ecd-89c6-ab3827c55226"
          ],
          "failures": [],
          "pending": [],
          "skipped": [],
          "duration": 433,
          "root": false,
          "rootEmpty": false,
          "_timeout": 2000
        },
        {
          "uuid": "2c494de2-d239-438a-8aba-8a0cad87d6de",
          "title": "7 - Clicar em uma das cores da paleta, faz com que ela seja selecionada e utilizada para preencher os pixels no quadro.",
          "fullFile": "",
          "file": "",
          "beforeHooks": [],
          "afterHooks": [],
          "tests": [
            {
              "title": "Verifica se somente uma cor da paleta de cores tem a classe `selected` de cada vez",
              "fullTitle": "7 - Clicar em uma das cores da paleta, faz com que ela seja selecionada e utilizada para preencher os pixels no quadro. Verifica se somente uma cor da paleta de cores tem a classe `selected` de cada vez",
              "timedOut": null,
              "duration": 554,
              "state": "passed",
              "speed": "slow",
              "pass": true,
              "fail": false,
              "pending": false,
              "context": null,
              "code": "cy.get('.color').each(function (selectedColor, selectedColorIndex) {\n  cy.wrap(selectedColor).click();\n  cy.get('.color').each(function (color, colorIndex) {\n    if (colorIndex === selectedColorIndex) {\n      expect(color).to.have[\"class\"]('selected');\n    } else {\n      expect(color).not.to.have[\"class\"]('selected');\n    }\n  });\n});",
              "err": {},
              "uuid": "113a6886-42da-46d6-8a7a-0e6a2a2f25ec",
              "parentUUID": "2c494de2-d239-438a-8aba-8a0cad87d6de",
              "isHook": false,
              "skipped": false
            },
            {
              "title": "Verifica se os pixels dentro do quadro não têm a classe `selected` quando são clicados",
              "fullTitle": "7 - Clicar em uma das cores da paleta, faz com que ela seja selecionada e utilizada para preencher os pixels no quadro. Verifica se os pixels dentro do quadro não têm a classe `selected` quando são clicados",
              "timedOut": null,
              "duration": 10259,
              "state": "passed",
              "speed": "slow",
              "pass": true,
              "fail": false,
              "pending": false,
              "context": null,
              "code": "cy.get('.color').each(function (color) {\n  var backgroundColor = color.css('background-color');\n  cy.wrap(color).click();\n  cy.get('.pixel').each(function (pixel) {\n    cy.wrap(pixel).click().should('not.have.class', 'selected');\n  });\n});",
              "err": {},
              "uuid": "765c53b1-e5d1-4c11-b721-b9634bd390f9",
              "parentUUID": "2c494de2-d239-438a-8aba-8a0cad87d6de",
              "isHook": false,
              "skipped": false
            }
          ],
          "suites": [],
          "passes": [
            "113a6886-42da-46d6-8a7a-0e6a2a2f25ec",
            "765c53b1-e5d1-4c11-b721-b9634bd390f9"
          ],
          "failures": [],
          "pending": [],
          "skipped": [],
          "duration": 10813,
          "root": false,
          "rootEmpty": false,
          "_timeout": 2000
        },
        {
          "uuid": "7b69e012-e99f-4f52-85db-8f7e6b021374",
          "title": "8 - Clicar em um pixel dentro do quadro após selecionar uma cor na paleta, faz com que o pixel seja preenchido com a cor selecionada.",
          "fullFile": "",
          "file": "",
          "beforeHooks": [],
          "afterHooks": [],
          "tests": [
            {
              "title": "Verifica se ao carregar a página deve ser possível pintar os pixels de preto",
              "fullTitle": "8 - Clicar em um pixel dentro do quadro após selecionar uma cor na paleta, faz com que o pixel seja preenchido com a cor selecionada. Verifica se ao carregar a página deve ser possível pintar os pixels de preto",
              "timedOut": null,
              "duration": 2767,
              "state": "passed",
              "speed": "slow",
              "pass": true,
              "fail": false,
              "pending": false,
              "context": null,
              "code": "cy.get('.pixel').each(function (pixel) {\n  cy.wrap(pixel).click().should('have.css', 'background-color', BLACK);\n});",
              "err": {},
              "uuid": "f0fd9938-9015-497f-9e8b-63d53e4e15d6",
              "parentUUID": "7b69e012-e99f-4f52-85db-8f7e6b021374",
              "isHook": false,
              "skipped": false
            },
            {
              "title": "Verifica se após selecionar uma outra cor na paleta, é possível pintar os pixels com essa cor",
              "fullTitle": "8 - Clicar em um pixel dentro do quadro após selecionar uma cor na paleta, faz com que o pixel seja preenchido com a cor selecionada. Verifica se após selecionar uma outra cor na paleta, é possível pintar os pixels com essa cor",
              "timedOut": null,
              "duration": 10147,
              "state": "passed",
              "speed": "slow",
              "pass": true,
              "fail": false,
              "pending": false,
              "context": null,
              "code": "cy.get('.color').each(function (color) {\n  var backgroundColor = color.css('background-color');\n  cy.wrap(color).click();\n  cy.get('.pixel').each(function (pixel) {\n    cy.wrap(pixel).click().should('have.css', 'background-color', backgroundColor);\n  });\n});",
              "err": {},
              "uuid": "6317c00a-d6d8-4a35-9d5b-46fb2b672de3",
              "parentUUID": "7b69e012-e99f-4f52-85db-8f7e6b021374",
              "isHook": false,
              "skipped": false
            },
            {
              "title": "Verifica se somente o pixel que foi clicado foi preenchido com a cor selecionada, sem influenciar na cor dos demais pixels.",
              "fullTitle": "8 - Clicar em um pixel dentro do quadro após selecionar uma cor na paleta, faz com que o pixel seja preenchido com a cor selecionada. Verifica se somente o pixel que foi clicado foi preenchido com a cor selecionada, sem influenciar na cor dos demais pixels.",
              "timedOut": null,
              "duration": 1941,
              "state": "passed",
              "speed": "slow",
              "pass": true,
              "fail": false,
              "pending": false,
              "context": null,
              "code": "var colorToPixelIndexMap = {\n  0: 6,\n  1: 8,\n  2: 16,\n  3: 18\n};\ncy.get('.color').each(function (color, index) {\n  cy.wrap(color).click();\n  var backgroundColor = color.css('background-color');\n  var clickedPixelIndex = colorToPixelIndexMap[index];\n  cy.get('.pixel').eq(clickedPixelIndex).click();\n  cy.get('.pixel').eq(clickedPixelIndex - 1).should('not.have.css', 'background-color', backgroundColor);\n  cy.get('.pixel').eq(clickedPixelIndex + 1).should('not.have.css', 'background-color', backgroundColor);\n  cy.get('.pixel').eq(clickedPixelIndex - 5).should('not.have.css', 'background-color', backgroundColor);\n  cy.get('.pixel').eq(clickedPixelIndex + 5).should('not.have.css', 'background-color', backgroundColor);\n  cy.get('.pixel').eq(clickedPixelIndex - 6).should('not.have.css', 'background-color', backgroundColor);\n  cy.get('.pixel').eq(clickedPixelIndex - 4).should('not.have.css', 'background-color', backgroundColor);\n  cy.get('.pixel').eq(clickedPixelIndex + 4).should('not.have.css', 'background-color', backgroundColor);\n  cy.get('.pixel').eq(clickedPixelIndex + 6).should('not.have.css', 'background-color', backgroundColor);\n});",
              "err": {},
              "uuid": "26ca6474-bc6f-4bb2-8fc5-ca16cc9b9844",
              "parentUUID": "7b69e012-e99f-4f52-85db-8f7e6b021374",
              "isHook": false,
              "skipped": false
            }
          ],
          "suites": [],
          "passes": [
            "f0fd9938-9015-497f-9e8b-63d53e4e15d6",
            "6317c00a-d6d8-4a35-9d5b-46fb2b672de3",
            "26ca6474-bc6f-4bb2-8fc5-ca16cc9b9844"
          ],
          "failures": [],
          "pending": [],
          "skipped": [],
          "duration": 14855,
          "root": false,
          "rootEmpty": false,
          "_timeout": 2000
        },
        {
          "uuid": "faa463fb-e00d-4b2b-8430-ef8d9b35768e",
          "title": "9 - Crie um botão que, ao ser clicado, limpa o quadro preenchendo a cor de todos seus pixels com branco.",
          "fullFile": "",
          "file": "",
          "beforeHooks": [],
          "afterHooks": [],
          "tests": [
            {
              "title": "Verifica se o botão tem o `id` denominado `clear-board`",
              "fullTitle": "9 - Crie um botão que, ao ser clicado, limpa o quadro preenchendo a cor de todos seus pixels com branco. Verifica se o botão tem o `id` denominado `clear-board`",
              "timedOut": null,
              "duration": 4569,
              "state": "failed",
              "speed": null,
              "pass": false,
              "fail": true,
              "pending": false,
              "context": null,
              "code": "cy.get('#clear-board').should('be.visible');",
              "err": {
                "message": "CypressError: Timed out retrying: Expected to find element: '#clear-board', but never found it.",
                "estack": "CypressError: Timed out retrying: Expected to find element: '#clear-board', but never found it.\n    at cypressErr (http://localhost:44739/__cypress/runner/cypress_runner.js:149934:9)\n    at throwErr (http://localhost:44739/__cypress/runner/cypress_runner.js:149867:11)\n    at Object.throwErrByPath (http://localhost:44739/__cypress/runner/cypress_runner.js:149915:3)\n    at retry (http://localhost:44739/__cypress/runner/cypress_runner.js:144197:19)\n    at onFailFn (http://localhost:44739/__cypress/runner/cypress_runner.js:132448:16)\n    at tryCatcher (http://localhost:44739/__cypress/runner/cypress_runner.js:167415:23)\n    at Promise._settlePromiseFromHandler (http://localhost:44739/__cypress/runner/cypress_runner.js:165351:31)\n    at Promise._settlePromise (http://localhost:44739/__cypress/runner/cypress_runner.js:165408:18)\n    at Promise._settlePromise0 (http://localhost:44739/__cypress/runner/cypress_runner.js:165453:10)\n    at Promise._settlePromises (http://localhost:44739/__cypress/runner/cypress_runner.js:165528:18)\n    at Async../node_modules/bluebird/js/release/async.js.Async._drainQueue (http://localhost:44739/__cypress/runner/cypress_runner.js:162140:16)\n    at Async../node_modules/bluebird/js/release/async.js.Async._drainQueues (http://localhost:44739/__cypress/runner/cypress_runner.js:162150:10)\n    at Async.drainQueues (http://localhost:44739/__cypress/runner/cypress_runner.js:162024:14)",
                "diff": null
              },
              "uuid": "4bd803d4-2002-4932-8cdb-5b325abe00bb",
              "parentUUID": "faa463fb-e00d-4b2b-8430-ef8d9b35768e",
              "isHook": false,
              "skipped": false
            },
            {
              "title": "Verifica se o botão está posicionado entre a paleta de cores e o quadro de pixels",
              "fullTitle": "9 - Crie um botão que, ao ser clicado, limpa o quadro preenchendo a cor de todos seus pixels com branco. Verifica se o botão está posicionado entre a paleta de cores e o quadro de pixels",
              "timedOut": null,
              "duration": 4541,
              "state": "failed",
              "speed": null,
              "pass": false,
              "fail": true,
              "pending": false,
              "context": null,
              "code": "cy.get('#color-palette').then(function (palette) {\n  cy.get('#clear-board').should('be.belowOf', palette);\n});\ncy.get('#clear-board').then(function (clearBtn) {\n  cy.get('#pixel-board').should('be.belowOf', clearBtn);\n});",
              "err": {
                "message": "CypressError: Timed out retrying: Expected to find element: '#clear-board', but never found it.",
                "estack": "CypressError: Timed out retrying: Expected to find element: '#clear-board', but never found it.\n    at cypressErr (http://localhost:44739/__cypress/runner/cypress_runner.js:149934:9)\n    at throwErr (http://localhost:44739/__cypress/runner/cypress_runner.js:149867:11)\n    at Object.throwErrByPath (http://localhost:44739/__cypress/runner/cypress_runner.js:149915:3)\n    at retry (http://localhost:44739/__cypress/runner/cypress_runner.js:144197:19)\n    at onFailFn (http://localhost:44739/__cypress/runner/cypress_runner.js:132448:16)\n    at tryCatcher (http://localhost:44739/__cypress/runner/cypress_runner.js:167415:23)\n    at Promise._settlePromiseFromHandler (http://localhost:44739/__cypress/runner/cypress_runner.js:165351:31)\n    at Promise._settlePromise (http://localhost:44739/__cypress/runner/cypress_runner.js:165408:18)\n    at Promise._settlePromise0 (http://localhost:44739/__cypress/runner/cypress_runner.js:165453:10)\n    at Promise._settlePromises (http://localhost:44739/__cypress/runner/cypress_runner.js:165528:18)\n    at Async../node_modules/bluebird/js/release/async.js.Async._drainQueue (http://localhost:44739/__cypress/runner/cypress_runner.js:162140:16)\n    at Async../node_modules/bluebird/js/release/async.js.Async._drainQueues (http://localhost:44739/__cypress/runner/cypress_runner.js:162150:10)\n    at Async.drainQueues (http://localhost:44739/__cypress/runner/cypress_runner.js:162024:14)",
                "diff": null
              },
              "uuid": "8d61a109-6935-486f-a6a6-033af5b1b079",
              "parentUUID": "faa463fb-e00d-4b2b-8430-ef8d9b35768e",
              "isHook": false,
              "skipped": false
            },
            {
              "title": "Verifica se o texto do botão é 'Limpar'",
              "fullTitle": "9 - Crie um botão que, ao ser clicado, limpa o quadro preenchendo a cor de todos seus pixels com branco. Verifica se o texto do botão é 'Limpar'",
              "timedOut": null,
              "duration": 4740,
              "state": "failed",
              "speed": null,
              "pass": false,
              "fail": true,
              "pending": false,
              "context": null,
              "code": "cy.get('#clear-board').should('contain.text', 'Limpar');",
              "err": {
                "message": "CypressError: Timed out retrying: Expected to find element: '#clear-board', but never found it.",
                "estack": "CypressError: Timed out retrying: Expected to find element: '#clear-board', but never found it.\n    at cypressErr (http://localhost:44739/__cypress/runner/cypress_runner.js:149934:9)\n    at throwErr (http://localhost:44739/__cypress/runner/cypress_runner.js:149867:11)\n    at Object.throwErrByPath (http://localhost:44739/__cypress/runner/cypress_runner.js:149915:3)\n    at retry (http://localhost:44739/__cypress/runner/cypress_runner.js:144197:19)\n    at onFailFn (http://localhost:44739/__cypress/runner/cypress_runner.js:132448:16)\n    at tryCatcher (http://localhost:44739/__cypress/runner/cypress_runner.js:167415:23)\n    at Promise._settlePromiseFromHandler (http://localhost:44739/__cypress/runner/cypress_runner.js:165351:31)\n    at Promise._settlePromise (http://localhost:44739/__cypress/runner/cypress_runner.js:165408:18)\n    at Promise._settlePromise0 (http://localhost:44739/__cypress/runner/cypress_runner.js:165453:10)\n    at Promise._settlePromises (http://localhost:44739/__cypress/runner/cypress_runner.js:165528:18)\n    at Async../node_modules/bluebird/js/release/async.js.Async._drainQueue (http://localhost:44739/__cypress/runner/cypress_runner.js:162140:16)\n    at Async../node_modules/bluebird/js/release/async.js.Async._drainQueues (http://localhost:44739/__cypress/runner/cypress_runner.js:162150:10)\n    at Async.drainQueues (http://localhost:44739/__cypress/runner/cypress_runner.js:162024:14)",
                "diff": null
              },
              "uuid": "a6787455-a374-4771-84a1-c1850cc71292",
              "parentUUID": "faa463fb-e00d-4b2b-8430-ef8d9b35768e",
              "isHook": false,
              "skipped": false
            },
            {
              "title": "Verifica se ao clicar no botão, o quadro de pixels é totalmente preenchido de branco",
              "fullTitle": "9 - Crie um botão que, ao ser clicado, limpa o quadro preenchendo a cor de todos seus pixels com branco. Verifica se ao clicar no botão, o quadro de pixels é totalmente preenchido de branco",
              "timedOut": null,
              "duration": 7182,
              "state": "failed",
              "speed": null,
              "pass": false,
              "fail": true,
              "pending": false,
              "context": null,
              "code": "cy.get('.color').eq(1).then(function (color) {\n  var backgroundColor = color.css('background-color');\n  cy.wrap(color).click();\n  cy.get('.pixel').each(function (pixel) {\n    cy.wrap(pixel).click().should('have.css', 'background-color', backgroundColor);\n  });\n});\ncy.get('#clear-board').click();\ncy.get('.pixel').each(function (pixel) {\n  cy.wrap(pixel).should('have.css', 'background-color', WHITE);\n});",
              "err": {
                "message": "CypressError: Timed out retrying: Expected to find element: '#clear-board', but never found it.",
                "estack": "CypressError: Timed out retrying: Expected to find element: '#clear-board', but never found it.\n    at cypressErr (http://localhost:44739/__cypress/runner/cypress_runner.js:149934:9)\n    at throwErr (http://localhost:44739/__cypress/runner/cypress_runner.js:149867:11)\n    at Object.throwErrByPath (http://localhost:44739/__cypress/runner/cypress_runner.js:149915:3)\n    at retry (http://localhost:44739/__cypress/runner/cypress_runner.js:144197:19)\n    at onFailFn (http://localhost:44739/__cypress/runner/cypress_runner.js:132448:16)\n    at tryCatcher (http://localhost:44739/__cypress/runner/cypress_runner.js:167415:23)\n    at Promise._settlePromiseFromHandler (http://localhost:44739/__cypress/runner/cypress_runner.js:165351:31)\n    at Promise._settlePromise (http://localhost:44739/__cypress/runner/cypress_runner.js:165408:18)\n    at Promise._settlePromise0 (http://localhost:44739/__cypress/runner/cypress_runner.js:165453:10)\n    at Promise._settlePromises (http://localhost:44739/__cypress/runner/cypress_runner.js:165528:18)\n    at Async../node_modules/bluebird/js/release/async.js.Async._drainQueue (http://localhost:44739/__cypress/runner/cypress_runner.js:162140:16)\n    at Async../node_modules/bluebird/js/release/async.js.Async._drainQueues (http://localhost:44739/__cypress/runner/cypress_runner.js:162150:10)\n    at Async.drainQueues (http://localhost:44739/__cypress/runner/cypress_runner.js:162024:14)",
                "diff": null
              },
              "uuid": "ed7bd4ce-7570-4ae4-88e2-1fae482f5ce5",
              "parentUUID": "faa463fb-e00d-4b2b-8430-ef8d9b35768e",
              "isHook": false,
              "skipped": false
            }
          ],
          "suites": [],
          "passes": [],
          "failures": [
            "4bd803d4-2002-4932-8cdb-5b325abe00bb",
            "8d61a109-6935-486f-a6a6-033af5b1b079",
            "a6787455-a374-4771-84a1-c1850cc71292",
            "ed7bd4ce-7570-4ae4-88e2-1fae482f5ce5"
          ],
          "pending": [],
          "skipped": [],
          "duration": 21032,
          "root": false,
          "rootEmpty": false,
          "_timeout": 2000
        },
        {
          "uuid": "e05913bb-35ff-4433-8f47-085352556080",
          "title": "10 - Faça o quadro de pixels ter seu tamanho definido pelo usuário.",
          "fullFile": "",
          "file": "",
          "beforeHooks": [],
          "afterHooks": [],
          "tests": [
            {
              "title": "Verifica se existe um input com o id `board-size`",
              "fullTitle": "10 - Faça o quadro de pixels ter seu tamanho definido pelo usuário. Verifica se existe um input com o id `board-size`",
              "timedOut": null,
              "duration": 4782,
              "state": "failed",
              "speed": null,
              "pass": false,
              "fail": true,
              "pending": false,
              "context": null,
              "code": "cy.get('#board-size').should('be.visible');",
              "err": {
                "message": "CypressError: Timed out retrying: Expected to find element: '#board-size', but never found it.",
                "estack": "CypressError: Timed out retrying: Expected to find element: '#board-size', but never found it.\n    at cypressErr (http://localhost:44739/__cypress/runner/cypress_runner.js:149934:9)\n    at throwErr (http://localhost:44739/__cypress/runner/cypress_runner.js:149867:11)\n    at Object.throwErrByPath (http://localhost:44739/__cypress/runner/cypress_runner.js:149915:3)\n    at retry (http://localhost:44739/__cypress/runner/cypress_runner.js:144197:19)\n    at onFailFn (http://localhost:44739/__cypress/runner/cypress_runner.js:132448:16)\n    at tryCatcher (http://localhost:44739/__cypress/runner/cypress_runner.js:167415:23)\n    at Promise._settlePromiseFromHandler (http://localhost:44739/__cypress/runner/cypress_runner.js:165351:31)\n    at Promise._settlePromise (http://localhost:44739/__cypress/runner/cypress_runner.js:165408:18)\n    at Promise._settlePromise0 (http://localhost:44739/__cypress/runner/cypress_runner.js:165453:10)\n    at Promise._settlePromises (http://localhost:44739/__cypress/runner/cypress_runner.js:165528:18)\n    at Async../node_modules/bluebird/js/release/async.js.Async._drainQueue (http://localhost:44739/__cypress/runner/cypress_runner.js:162140:16)\n    at Async../node_modules/bluebird/js/release/async.js.Async._drainQueues (http://localhost:44739/__cypress/runner/cypress_runner.js:162150:10)\n    at Async.drainQueues (http://localhost:44739/__cypress/runner/cypress_runner.js:162024:14)",
                "diff": null
              },
              "uuid": "1bbf198e-6117-4868-9fea-fe80d109cc51",
              "parentUUID": "e05913bb-35ff-4433-8f47-085352556080",
              "isHook": false,
              "skipped": false
            },
            {
              "title": "Verifica se existe um botão com o id `generate-board`",
              "fullTitle": "10 - Faça o quadro de pixels ter seu tamanho definido pelo usuário. Verifica se existe um botão com o id `generate-board`",
              "timedOut": null,
              "duration": 4795,
              "state": "failed",
              "speed": null,
              "pass": false,
              "fail": true,
              "pending": false,
              "context": null,
              "code": "cy.get('#generate-board').should('be.visible');",
              "err": {
                "message": "CypressError: Timed out retrying: Expected to find element: '#generate-board', but never found it.",
                "estack": "CypressError: Timed out retrying: Expected to find element: '#generate-board', but never found it.\n    at cypressErr (http://localhost:44739/__cypress/runner/cypress_runner.js:149934:9)\n    at throwErr (http://localhost:44739/__cypress/runner/cypress_runner.js:149867:11)\n    at Object.throwErrByPath (http://localhost:44739/__cypress/runner/cypress_runner.js:149915:3)\n    at retry (http://localhost:44739/__cypress/runner/cypress_runner.js:144197:19)\n    at onFailFn (http://localhost:44739/__cypress/runner/cypress_runner.js:132448:16)\n    at tryCatcher (http://localhost:44739/__cypress/runner/cypress_runner.js:167415:23)\n    at Promise._settlePromiseFromHandler (http://localhost:44739/__cypress/runner/cypress_runner.js:165351:31)\n    at Promise._settlePromise (http://localhost:44739/__cypress/runner/cypress_runner.js:165408:18)\n    at Promise._settlePromise0 (http://localhost:44739/__cypress/runner/cypress_runner.js:165453:10)\n    at Promise._settlePromises (http://localhost:44739/__cypress/runner/cypress_runner.js:165528:18)\n    at Async../node_modules/bluebird/js/release/async.js.Async._drainQueue (http://localhost:44739/__cypress/runner/cypress_runner.js:162140:16)\n    at Async../node_modules/bluebird/js/release/async.js.Async._drainQueues (http://localhost:44739/__cypress/runner/cypress_runner.js:162150:10)\n    at Async.drainQueues (http://localhost:44739/__cypress/runner/cypress_runner.js:162024:14)",
                "diff": null
              },
              "uuid": "6ada2706-3a27-41f3-a9e5-a4b2fda95441",
              "parentUUID": "e05913bb-35ff-4433-8f47-085352556080",
              "isHook": false,
              "skipped": false
            },
            {
              "title": "Verifica se o input só aceita número maiores que zero. Essa restrição deve ser feita usando os atributos do elemento `input`",
              "fullTitle": "10 - Faça o quadro de pixels ter seu tamanho definido pelo usuário. Verifica se o input só aceita número maiores que zero. Essa restrição deve ser feita usando os atributos do elemento `input`",
              "timedOut": null,
              "duration": 4808,
              "state": "failed",
              "speed": null,
              "pass": false,
              "fail": true,
              "pending": false,
              "context": null,
              "code": "cy.get('#board-size[type=\\'number\\'][min=\\'1\\']');",
              "err": {
                "message": "CypressError: Timed out retrying: Expected to find element: '#board-size[type='number'][min='1']', but never found it.",
                "estack": "CypressError: Timed out retrying: Expected to find element: '#board-size[type='number'][min='1']', but never found it.\n    at cypressErr (http://localhost:44739/__cypress/runner/cypress_runner.js:149934:9)\n    at throwErr (http://localhost:44739/__cypress/runner/cypress_runner.js:149867:11)\n    at Object.throwErrByPath (http://localhost:44739/__cypress/runner/cypress_runner.js:149915:3)\n    at retry (http://localhost:44739/__cypress/runner/cypress_runner.js:144197:19)\n    at onFailFn (http://localhost:44739/__cypress/runner/cypress_runner.js:132448:16)\n    at tryCatcher (http://localhost:44739/__cypress/runner/cypress_runner.js:167415:23)\n    at Promise._settlePromiseFromHandler (http://localhost:44739/__cypress/runner/cypress_runner.js:165351:31)\n    at Promise._settlePromise (http://localhost:44739/__cypress/runner/cypress_runner.js:165408:18)\n    at Promise._settlePromise0 (http://localhost:44739/__cypress/runner/cypress_runner.js:165453:10)\n    at Promise._settlePromises (http://localhost:44739/__cypress/runner/cypress_runner.js:165528:18)\n    at Async../node_modules/bluebird/js/release/async.js.Async._drainQueue (http://localhost:44739/__cypress/runner/cypress_runner.js:162140:16)\n    at Async../node_modules/bluebird/js/release/async.js.Async._drainQueues (http://localhost:44739/__cypress/runner/cypress_runner.js:162150:10)\n    at Async.drainQueues (http://localhost:44739/__cypress/runner/cypress_runner.js:162024:14)",
                "diff": null
              },
              "uuid": "a6676970-2ea8-4e94-b883-a8200fdf6a7e",
              "parentUUID": "e05913bb-35ff-4433-8f47-085352556080",
              "isHook": false,
              "skipped": false
            },
            {
              "title": "Verifica se o botão contém o texto 'VQV'",
              "fullTitle": "10 - Faça o quadro de pixels ter seu tamanho definido pelo usuário. Verifica se o botão contém o texto 'VQV'",
              "timedOut": null,
              "duration": 4806,
              "state": "failed",
              "speed": null,
              "pass": false,
              "fail": true,
              "pending": false,
              "context": null,
              "code": "cy.get('#generate-board').contains(/vqv/i);",
              "err": {
                "message": "CypressError: Timed out retrying: Expected to find element: '#generate-board', but never found it.",
                "estack": "CypressError: Timed out retrying: Expected to find element: '#generate-board', but never found it.\n    at cypressErr (http://localhost:44739/__cypress/runner/cypress_runner.js:149934:9)\n    at throwErr (http://localhost:44739/__cypress/runner/cypress_runner.js:149867:11)\n    at Object.throwErrByPath (http://localhost:44739/__cypress/runner/cypress_runner.js:149915:3)\n    at retry (http://localhost:44739/__cypress/runner/cypress_runner.js:144197:19)\n    at onFailFn (http://localhost:44739/__cypress/runner/cypress_runner.js:132448:16)\n    at tryCatcher (http://localhost:44739/__cypress/runner/cypress_runner.js:167415:23)\n    at Promise._settlePromiseFromHandler (http://localhost:44739/__cypress/runner/cypress_runner.js:165351:31)\n    at Promise._settlePromise (http://localhost:44739/__cypress/runner/cypress_runner.js:165408:18)\n    at Promise._settlePromise0 (http://localhost:44739/__cypress/runner/cypress_runner.js:165453:10)\n    at Promise._settlePromises (http://localhost:44739/__cypress/runner/cypress_runner.js:165528:18)\n    at Async../node_modules/bluebird/js/release/async.js.Async._drainQueue (http://localhost:44739/__cypress/runner/cypress_runner.js:162140:16)\n    at Async../node_modules/bluebird/js/release/async.js.Async._drainQueues (http://localhost:44739/__cypress/runner/cypress_runner.js:162150:10)\n    at Async.drainQueues (http://localhost:44739/__cypress/runner/cypress_runner.js:162024:14)",
                "diff": null
              },
              "uuid": "1ac169eb-e28c-4069-bd8b-fff3608b4633",
              "parentUUID": "e05913bb-35ff-4433-8f47-085352556080",
              "isHook": false,
              "skipped": false
            },
            {
              "title": "Verifica se o input está posicionado entre a paleta de cores e o quadro de pixels",
              "fullTitle": "10 - Faça o quadro de pixels ter seu tamanho definido pelo usuário. Verifica se o input está posicionado entre a paleta de cores e o quadro de pixels",
              "timedOut": null,
              "duration": 4764,
              "state": "failed",
              "speed": null,
              "pass": false,
              "fail": true,
              "pending": false,
              "context": null,
              "code": "cy.get('#color-palette').then(function (palette) {\n  cy.get('#board-size').should('be.belowOf', palette);\n});\ncy.get('#board-size').then(function (palette) {\n  cy.get('#pixel-board').should('be.belowOf', palette);\n});",
              "err": {
                "message": "CypressError: Timed out retrying: Expected to find element: '#board-size', but never found it.",
                "estack": "CypressError: Timed out retrying: Expected to find element: '#board-size', but never found it.\n    at cypressErr (http://localhost:44739/__cypress/runner/cypress_runner.js:149934:9)\n    at throwErr (http://localhost:44739/__cypress/runner/cypress_runner.js:149867:11)\n    at Object.throwErrByPath (http://localhost:44739/__cypress/runner/cypress_runner.js:149915:3)\n    at retry (http://localhost:44739/__cypress/runner/cypress_runner.js:144197:19)\n    at onFailFn (http://localhost:44739/__cypress/runner/cypress_runner.js:132448:16)\n    at tryCatcher (http://localhost:44739/__cypress/runner/cypress_runner.js:167415:23)\n    at Promise._settlePromiseFromHandler (http://localhost:44739/__cypress/runner/cypress_runner.js:165351:31)\n    at Promise._settlePromise (http://localhost:44739/__cypress/runner/cypress_runner.js:165408:18)\n    at Promise._settlePromise0 (http://localhost:44739/__cypress/runner/cypress_runner.js:165453:10)\n    at Promise._settlePromises (http://localhost:44739/__cypress/runner/cypress_runner.js:165528:18)\n    at Async../node_modules/bluebird/js/release/async.js.Async._drainQueue (http://localhost:44739/__cypress/runner/cypress_runner.js:162140:16)\n    at Async../node_modules/bluebird/js/release/async.js.Async._drainQueues (http://localhost:44739/__cypress/runner/cypress_runner.js:162150:10)\n    at Async.drainQueues (http://localhost:44739/__cypress/runner/cypress_runner.js:162024:14)",
                "diff": null
              },
              "uuid": "2a509608-a278-45f8-bfb7-242323c0ec68",
              "parentUUID": "e05913bb-35ff-4433-8f47-085352556080",
              "isHook": false,
              "skipped": false
            },
            {
              "title": "Verifica se o botão está posicionado ao lado do input",
              "fullTitle": "10 - Faça o quadro de pixels ter seu tamanho definido pelo usuário. Verifica se o botão está posicionado ao lado do input",
              "timedOut": null,
              "duration": 4904,
              "state": "failed",
              "speed": null,
              "pass": false,
              "fail": true,
              "pending": false,
              "context": null,
              "code": "cy.get('#board-size').then(function (board) {\n  cy.get('#generate-board').should('be.onTheRightOf', board);\n});",
              "err": {
                "message": "CypressError: Timed out retrying: Expected to find element: '#board-size', but never found it.",
                "estack": "CypressError: Timed out retrying: Expected to find element: '#board-size', but never found it.\n    at cypressErr (http://localhost:44739/__cypress/runner/cypress_runner.js:149934:9)\n    at throwErr (http://localhost:44739/__cypress/runner/cypress_runner.js:149867:11)\n    at Object.throwErrByPath (http://localhost:44739/__cypress/runner/cypress_runner.js:149915:3)\n    at retry (http://localhost:44739/__cypress/runner/cypress_runner.js:144197:19)\n    at onFailFn (http://localhost:44739/__cypress/runner/cypress_runner.js:132448:16)\n    at tryCatcher (http://localhost:44739/__cypress/runner/cypress_runner.js:167415:23)\n    at Promise._settlePromiseFromHandler (http://localhost:44739/__cypress/runner/cypress_runner.js:165351:31)\n    at Promise._settlePromise (http://localhost:44739/__cypress/runner/cypress_runner.js:165408:18)\n    at Promise._settlePromise0 (http://localhost:44739/__cypress/runner/cypress_runner.js:165453:10)\n    at Promise._settlePromises (http://localhost:44739/__cypress/runner/cypress_runner.js:165528:18)\n    at Async../node_modules/bluebird/js/release/async.js.Async._drainQueue (http://localhost:44739/__cypress/runner/cypress_runner.js:162140:16)\n    at Async../node_modules/bluebird/js/release/async.js.Async._drainQueues (http://localhost:44739/__cypress/runner/cypress_runner.js:162150:10)\n    at Async.drainQueues (http://localhost:44739/__cypress/runner/cypress_runner.js:162024:14)",
                "diff": null
              },
              "uuid": "1fdb0891-21e7-456a-ba66-a66b409dbf1a",
              "parentUUID": "e05913bb-35ff-4433-8f47-085352556080",
              "isHook": false,
              "skipped": false
            },
            {
              "title": "Verifica se nenhum valor for colocado no input ao clicar no botão, um `alert` é exibido com o texto: 'Board inválido!'",
              "fullTitle": "10 - Faça o quadro de pixels ter seu tamanho definido pelo usuário. Verifica se nenhum valor for colocado no input ao clicar no botão, um `alert` é exibido com o texto: 'Board inválido!'",
              "timedOut": null,
              "duration": 4844,
              "state": "failed",
              "speed": null,
              "pass": false,
              "fail": true,
              "pending": false,
              "context": null,
              "code": "var alerted = false;\ncy.on('window:alert', function (msg) {\n  return alerted = msg;\n});\ncy.get('#generate-board').click().then(function () {\n  return expect(alerted).to.match(/Board inválido!/i);\n});",
              "err": {
                "message": "CypressError: Timed out retrying: Expected to find element: '#generate-board', but never found it.",
                "estack": "CypressError: Timed out retrying: Expected to find element: '#generate-board', but never found it.\n    at cypressErr (http://localhost:44739/__cypress/runner/cypress_runner.js:149934:9)\n    at throwErr (http://localhost:44739/__cypress/runner/cypress_runner.js:149867:11)\n    at Object.throwErrByPath (http://localhost:44739/__cypress/runner/cypress_runner.js:149915:3)\n    at retry (http://localhost:44739/__cypress/runner/cypress_runner.js:144197:19)\n    at onFailFn (http://localhost:44739/__cypress/runner/cypress_runner.js:132448:16)\n    at tryCatcher (http://localhost:44739/__cypress/runner/cypress_runner.js:167415:23)\n    at Promise._settlePromiseFromHandler (http://localhost:44739/__cypress/runner/cypress_runner.js:165351:31)\n    at Promise._settlePromise (http://localhost:44739/__cypress/runner/cypress_runner.js:165408:18)\n    at Promise._settlePromise0 (http://localhost:44739/__cypress/runner/cypress_runner.js:165453:10)\n    at Promise._settlePromises (http://localhost:44739/__cypress/runner/cypress_runner.js:165528:18)\n    at Async../node_modules/bluebird/js/release/async.js.Async._drainQueue (http://localhost:44739/__cypress/runner/cypress_runner.js:162140:16)\n    at Async../node_modules/bluebird/js/release/async.js.Async._drainQueues (http://localhost:44739/__cypress/runner/cypress_runner.js:162150:10)\n    at Async.drainQueues (http://localhost:44739/__cypress/runner/cypress_runner.js:162024:14)",
                "diff": null
              },
              "uuid": "3910ed83-ec40-47de-aa96-d52e39472cd4",
              "parentUUID": "e05913bb-35ff-4433-8f47-085352556080",
              "isHook": false,
              "skipped": false
            },
            {
              "title": "Verifica se ao clicar no botão com um valor preenchido, o tamanho do board muda.",
              "fullTitle": "10 - Faça o quadro de pixels ter seu tamanho definido pelo usuário. Verifica se ao clicar no botão com um valor preenchido, o tamanho do board muda.",
              "timedOut": null,
              "duration": 4750,
              "state": "failed",
              "speed": null,
              "pass": false,
              "fail": true,
              "pending": false,
              "context": null,
              "code": "cy.get('#board-size').clear().type(10);\ncy.get('#generate-board').click();\ncy.get('.pixel').should('have.length', 100);",
              "err": {
                "message": "CypressError: Timed out retrying: Expected to find element: '#board-size', but never found it.",
                "estack": "CypressError: Timed out retrying: Expected to find element: '#board-size', but never found it.\n    at cypressErr (http://localhost:44739/__cypress/runner/cypress_runner.js:149934:9)\n    at throwErr (http://localhost:44739/__cypress/runner/cypress_runner.js:149867:11)\n    at Object.throwErrByPath (http://localhost:44739/__cypress/runner/cypress_runner.js:149915:3)\n    at retry (http://localhost:44739/__cypress/runner/cypress_runner.js:144197:19)\n    at onFailFn (http://localhost:44739/__cypress/runner/cypress_runner.js:132448:16)\n    at tryCatcher (http://localhost:44739/__cypress/runner/cypress_runner.js:167415:23)\n    at Promise._settlePromiseFromHandler (http://localhost:44739/__cypress/runner/cypress_runner.js:165351:31)\n    at Promise._settlePromise (http://localhost:44739/__cypress/runner/cypress_runner.js:165408:18)\n    at Promise._settlePromise0 (http://localhost:44739/__cypress/runner/cypress_runner.js:165453:10)\n    at Promise._settlePromises (http://localhost:44739/__cypress/runner/cypress_runner.js:165528:18)\n    at Async../node_modules/bluebird/js/release/async.js.Async._drainQueue (http://localhost:44739/__cypress/runner/cypress_runner.js:162140:16)\n    at Async../node_modules/bluebird/js/release/async.js.Async._drainQueues (http://localhost:44739/__cypress/runner/cypress_runner.js:162150:10)\n    at Async.drainQueues (http://localhost:44739/__cypress/runner/cypress_runner.js:162024:14)",
                "diff": null
              },
              "uuid": "1850ee8f-5843-4b66-bd96-eeb665571576",
              "parentUUID": "e05913bb-35ff-4433-8f47-085352556080",
              "isHook": false,
              "skipped": false
            },
            {
              "title": "Verifica se o novo quadro tem todos os pixels preenchidos com a cor branca",
              "fullTitle": "10 - Faça o quadro de pixels ter seu tamanho definido pelo usuário. Verifica se o novo quadro tem todos os pixels preenchidos com a cor branca",
              "timedOut": null,
              "duration": 4724,
              "state": "failed",
              "speed": null,
              "pass": false,
              "fail": true,
              "pending": false,
              "context": null,
              "code": "cy.get('#board-size').clear().type(6);\ncy.get('#generate-board').click();\ncy.get('.pixel').should('have.length', 36).each(function (pixel) {\n  expect(pixel).to.have.css('background-color', WHITE);\n});",
              "err": {
                "message": "CypressError: Timed out retrying: Expected to find element: '#board-size', but never found it.",
                "estack": "CypressError: Timed out retrying: Expected to find element: '#board-size', but never found it.\n    at cypressErr (http://localhost:44739/__cypress/runner/cypress_runner.js:149934:9)\n    at throwErr (http://localhost:44739/__cypress/runner/cypress_runner.js:149867:11)\n    at Object.throwErrByPath (http://localhost:44739/__cypress/runner/cypress_runner.js:149915:3)\n    at retry (http://localhost:44739/__cypress/runner/cypress_runner.js:144197:19)\n    at onFailFn (http://localhost:44739/__cypress/runner/cypress_runner.js:132448:16)\n    at tryCatcher (http://localhost:44739/__cypress/runner/cypress_runner.js:167415:23)\n    at Promise._settlePromiseFromHandler (http://localhost:44739/__cypress/runner/cypress_runner.js:165351:31)\n    at Promise._settlePromise (http://localhost:44739/__cypress/runner/cypress_runner.js:165408:18)\n    at Promise._settlePromise0 (http://localhost:44739/__cypress/runner/cypress_runner.js:165453:10)\n    at Promise._settlePromises (http://localhost:44739/__cypress/runner/cypress_runner.js:165528:18)\n    at Async../node_modules/bluebird/js/release/async.js.Async._drainQueue (http://localhost:44739/__cypress/runner/cypress_runner.js:162140:16)\n    at Async../node_modules/bluebird/js/release/async.js.Async._drainQueues (http://localhost:44739/__cypress/runner/cypress_runner.js:162150:10)\n    at Async.drainQueues (http://localhost:44739/__cypress/runner/cypress_runner.js:162024:14)",
                "diff": null
              },
              "uuid": "35dcd617-5169-4e9f-a8be-e8c4ff353f4e",
              "parentUUID": "e05913bb-35ff-4433-8f47-085352556080",
              "isHook": false,
              "skipped": false
            }
          ],
          "suites": [],
          "passes": [],
          "failures": [
            "1bbf198e-6117-4868-9fea-fe80d109cc51",
            "6ada2706-3a27-41f3-a9e5-a4b2fda95441",
            "a6676970-2ea8-4e94-b883-a8200fdf6a7e",
            "1ac169eb-e28c-4069-bd8b-fff3608b4633",
            "2a509608-a278-45f8-bfb7-242323c0ec68",
            "1fdb0891-21e7-456a-ba66-a66b409dbf1a",
            "3910ed83-ec40-47de-aa96-d52e39472cd4",
            "1850ee8f-5843-4b66-bd96-eeb665571576",
            "35dcd617-5169-4e9f-a8be-e8c4ff353f4e"
          ],
          "pending": [],
          "skipped": [],
          "duration": 43177,
          "root": false,
          "rootEmpty": false,
          "_timeout": 2000
        },
        {
          "uuid": "2d360153-325d-4bb0-8de0-a0d410e0f9e6",
          "title": "11 - Limite o tamanho mínimo e máximo do board.",
          "fullFile": "",
          "file": "",
          "beforeHooks": [],
          "afterHooks": [],
          "tests": [
            {
              "title": "Verifica se a altura máxima do board é 50",
              "fullTitle": "11 - Limite o tamanho mínimo e máximo do board. Verifica se a altura máxima do board é 50",
              "timedOut": null,
              "duration": 5008,
              "state": "failed",
              "speed": null,
              "pass": false,
              "fail": true,
              "pending": false,
              "context": null,
              "code": "cy.get('#board-size').clear().type(50);\ncy.get('#generate-board').click();\ncy.get('.pixel').should('have.length', 2500);",
              "err": {
                "message": "CypressError: Timed out retrying: Expected to find element: '#board-size', but never found it.",
                "estack": "CypressError: Timed out retrying: Expected to find element: '#board-size', but never found it.\n    at cypressErr (http://localhost:44739/__cypress/runner/cypress_runner.js:149934:9)\n    at throwErr (http://localhost:44739/__cypress/runner/cypress_runner.js:149867:11)\n    at Object.throwErrByPath (http://localhost:44739/__cypress/runner/cypress_runner.js:149915:3)\n    at retry (http://localhost:44739/__cypress/runner/cypress_runner.js:144197:19)\n    at onFailFn (http://localhost:44739/__cypress/runner/cypress_runner.js:132448:16)\n    at tryCatcher (http://localhost:44739/__cypress/runner/cypress_runner.js:167415:23)\n    at Promise._settlePromiseFromHandler (http://localhost:44739/__cypress/runner/cypress_runner.js:165351:31)\n    at Promise._settlePromise (http://localhost:44739/__cypress/runner/cypress_runner.js:165408:18)\n    at Promise._settlePromise0 (http://localhost:44739/__cypress/runner/cypress_runner.js:165453:10)\n    at Promise._settlePromises (http://localhost:44739/__cypress/runner/cypress_runner.js:165528:18)\n    at Async../node_modules/bluebird/js/release/async.js.Async._drainQueue (http://localhost:44739/__cypress/runner/cypress_runner.js:162140:16)\n    at Async../node_modules/bluebird/js/release/async.js.Async._drainQueues (http://localhost:44739/__cypress/runner/cypress_runner.js:162150:10)\n    at Async.drainQueues (http://localhost:44739/__cypress/runner/cypress_runner.js:162024:14)",
                "diff": null
              },
              "uuid": "b5beb8fe-fbfa-4f1e-9c6e-47b6c581a03e",
              "parentUUID": "2d360153-325d-4bb0-8de0-a0d410e0f9e6",
              "isHook": false,
              "skipped": false
            },
            {
              "title": "Verifica se a altura do board é 5 quando um valor menor é colocado no input",
              "fullTitle": "11 - Limite o tamanho mínimo e máximo do board. Verifica se a altura do board é 5 quando um valor menor é colocado no input",
              "timedOut": null,
              "duration": 4780,
              "state": "failed",
              "speed": null,
              "pass": false,
              "fail": true,
              "pending": false,
              "context": null,
              "code": "cy.get('#board-size').clear().type(4);\ncy.get('#generate-board').click();\ncy.get('.pixel').should('have.length', 25);",
              "err": {
                "message": "CypressError: Timed out retrying: Expected to find element: '#board-size', but never found it.",
                "estack": "CypressError: Timed out retrying: Expected to find element: '#board-size', but never found it.\n    at cypressErr (http://localhost:44739/__cypress/runner/cypress_runner.js:149934:9)\n    at throwErr (http://localhost:44739/__cypress/runner/cypress_runner.js:149867:11)\n    at Object.throwErrByPath (http://localhost:44739/__cypress/runner/cypress_runner.js:149915:3)\n    at retry (http://localhost:44739/__cypress/runner/cypress_runner.js:144197:19)\n    at onFailFn (http://localhost:44739/__cypress/runner/cypress_runner.js:132448:16)\n    at tryCatcher (http://localhost:44739/__cypress/runner/cypress_runner.js:167415:23)\n    at Promise._settlePromiseFromHandler (http://localhost:44739/__cypress/runner/cypress_runner.js:165351:31)\n    at Promise._settlePromise (http://localhost:44739/__cypress/runner/cypress_runner.js:165408:18)\n    at Promise._settlePromise0 (http://localhost:44739/__cypress/runner/cypress_runner.js:165453:10)\n    at Promise._settlePromises (http://localhost:44739/__cypress/runner/cypress_runner.js:165528:18)\n    at Async../node_modules/bluebird/js/release/async.js.Async._drainQueue (http://localhost:44739/__cypress/runner/cypress_runner.js:162140:16)\n    at Async../node_modules/bluebird/js/release/async.js.Async._drainQueues (http://localhost:44739/__cypress/runner/cypress_runner.js:162150:10)\n    at Async.drainQueues (http://localhost:44739/__cypress/runner/cypress_runner.js:162024:14)",
                "diff": null
              },
              "uuid": "2a0a06f7-860f-41b4-a0bb-be6af0f4039c",
              "parentUUID": "2d360153-325d-4bb0-8de0-a0d410e0f9e6",
              "isHook": false,
              "skipped": false
            },
            {
              "title": "Verifica se a altura do board é 50 quando um valor maior é colocado no input",
              "fullTitle": "11 - Limite o tamanho mínimo e máximo do board. Verifica se a altura do board é 50 quando um valor maior é colocado no input",
              "timedOut": null,
              "duration": 4950,
              "state": "failed",
              "speed": null,
              "pass": false,
              "fail": true,
              "pending": false,
              "context": null,
              "code": "cy.get('#board-size').clear().type(51);\ncy.get('#generate-board').click();\ncy.get('.pixel').should('have.length', 2500);",
              "err": {
                "message": "CypressError: Timed out retrying: Expected to find element: '#board-size', but never found it.",
                "estack": "CypressError: Timed out retrying: Expected to find element: '#board-size', but never found it.\n    at cypressErr (http://localhost:44739/__cypress/runner/cypress_runner.js:149934:9)\n    at throwErr (http://localhost:44739/__cypress/runner/cypress_runner.js:149867:11)\n    at Object.throwErrByPath (http://localhost:44739/__cypress/runner/cypress_runner.js:149915:3)\n    at retry (http://localhost:44739/__cypress/runner/cypress_runner.js:144197:19)\n    at onFailFn (http://localhost:44739/__cypress/runner/cypress_runner.js:132448:16)\n    at tryCatcher (http://localhost:44739/__cypress/runner/cypress_runner.js:167415:23)\n    at Promise._settlePromiseFromHandler (http://localhost:44739/__cypress/runner/cypress_runner.js:165351:31)\n    at Promise._settlePromise (http://localhost:44739/__cypress/runner/cypress_runner.js:165408:18)\n    at Promise._settlePromise0 (http://localhost:44739/__cypress/runner/cypress_runner.js:165453:10)\n    at Promise._settlePromises (http://localhost:44739/__cypress/runner/cypress_runner.js:165528:18)\n    at Async../node_modules/bluebird/js/release/async.js.Async._drainQueue (http://localhost:44739/__cypress/runner/cypress_runner.js:162140:16)\n    at Async../node_modules/bluebird/js/release/async.js.Async._drainQueues (http://localhost:44739/__cypress/runner/cypress_runner.js:162150:10)\n    at Async.drainQueues (http://localhost:44739/__cypress/runner/cypress_runner.js:162024:14)",
                "diff": null
              },
              "uuid": "4de15207-e988-4ac5-b665-ec1895dc38d0",
              "parentUUID": "2d360153-325d-4bb0-8de0-a0d410e0f9e6",
              "isHook": false,
              "skipped": false
            }
          ],
          "suites": [],
          "passes": [],
          "failures": [
            "b5beb8fe-fbfa-4f1e-9c6e-47b6c581a03e",
            "2a0a06f7-860f-41b4-a0bb-be6af0f4039c",
            "4de15207-e988-4ac5-b665-ec1895dc38d0"
          ],
          "pending": [],
          "skipped": [],
          "duration": 14738,
          "root": false,
          "rootEmpty": false,
          "_timeout": 2000
        },
        {
          "uuid": "639fecbc-81af-4390-a7fb-7529806e5ad7",
          "title": "12 - Faça com que as cores da paleta sejam geradas aleatoriamente ao carregar a página.",
          "fullFile": "",
          "file": "",
          "beforeHooks": [],
          "afterHooks": [],
          "tests": [
            {
              "title": "Verifica se as cores geradas na paleta são diferentes a cada carregamento da página",
              "fullTitle": "12 - Faça com que as cores da paleta sejam geradas aleatoriamente ao carregar a página. Verifica se as cores geradas na paleta são diferentes a cada carregamento da página",
              "timedOut": null,
              "duration": 1086,
              "state": "failed",
              "speed": null,
              "pass": false,
              "fail": true,
              "pending": false,
              "context": null,
              "code": "cy.get('.color').then(function (colors) {\n  var currentColors;\n  var previousColors;\n  previousColors = Array.from(colors).map(function (color) {\n    return Cypress.$(color).css('background-color');\n  });\n  for (var i = 0; i < 5; i += 1) {\n    cy.reload();\n    cy.get('.color').then(function (colors) {\n      currentColors = Array.from(colors).map(function (color) {\n        return Cypress.$(color).css('background-color');\n      });\n      expect(currentColors).not.to.deep.equal(previousColors);\n      previousColors = currentColors;\n    });\n  }\n});",
              "err": {
                "message": "AssertionError: expected [ Array(4) ] to not deeply equal [ Array(4) ]",
                "estack": "AssertionError: expected [ Array(4) ] to not deeply equal [ Array(4) ]\n    at getRet (http://localhost:44739/__cypress/runner/cypress_runner.js:136585:16)\n    at tryCatcher (http://localhost:44739/__cypress/runner/cypress_runner.js:167415:23)\n    at Function.Promise.attempt.Promise.try (http://localhost:44739/__cypress/runner/cypress_runner.js:164690:29)\n    at Context.thenFn (http://localhost:44739/__cypress/runner/cypress_runner.js:136599:23)\n    at Context.then (http://localhost:44739/__cypress/runner/cypress_runner.js:136971:21)\n    at Context.<anonymous> (http://localhost:44739/__cypress/runner/cypress_runner.js:148875:21)\n    at http://localhost:44739/__cypress/runner/cypress_runner.js:148351:33\n    at tryCatcher (http://localhost:44739/__cypress/runner/cypress_runner.js:167415:23)\n    at Promise._settlePromiseFromHandler (http://localhost:44739/__cypress/runner/cypress_runner.js:165351:31)\n    at Promise._settlePromise (http://localhost:44739/__cypress/runner/cypress_runner.js:165408:18)\n    at Promise._settlePromiseCtx (http://localhost:44739/__cypress/runner/cypress_runner.js:165445:10)\n    at Async../node_modules/bluebird/js/release/async.js.Async._drainQueue (http://localhost:44739/__cypress/runner/cypress_runner.js:162145:12)\n    at Async../node_modules/bluebird/js/release/async.js.Async._drainQueues (http://localhost:44739/__cypress/runner/cypress_runner.js:162150:10)\n    at Async.drainQueues (http://localhost:44739/__cypress/runner/cypress_runner.js:162024:14)",
                "diff": ""
              },
              "uuid": "48c10501-5104-4d69-a9ab-3a37890a1aba",
              "parentUUID": "639fecbc-81af-4390-a7fb-7529806e5ad7",
              "isHook": false,
              "skipped": false
            },
            {
              "title": "Verifica se a cor preta ainda está presente e é a primeira na sua paleta de cores",
              "fullTitle": "12 - Faça com que as cores da paleta sejam geradas aleatoriamente ao carregar a página. Verifica se a cor preta ainda está presente e é a primeira na sua paleta de cores",
              "timedOut": null,
              "duration": 990,
              "state": "failed",
              "speed": null,
              "pass": false,
              "fail": true,
              "pending": false,
              "context": null,
              "code": "cy.get('.color').then(function (colors) {\n  var currentColors;\n  var previousColors;\n  previousColors = Array.from(colors).map(function (color) {\n    return Cypress.$(color).css('background-color');\n  });\n  expect(previousColors[0]).to.eq(BLACK);\n  for (var i = 0; i < 5; i += 1) {\n    cy.reload();\n    cy.get('.color').then(function (colors) {\n      currentColors = Array.from(colors).map(function (color) {\n        return Cypress.$(color).css('background-color');\n      });\n      expect(currentColors[0]).to.eq(BLACK);\n      expect(currentColors).not.to.deep.equal(previousColors);\n      previousColors = currentColors;\n    });\n  }\n});",
              "err": {
                "message": "AssertionError: expected [ Array(4) ] to not deeply equal [ Array(4) ]",
                "estack": "AssertionError: expected [ Array(4) ] to not deeply equal [ Array(4) ]\n    at getRet (http://localhost:44739/__cypress/runner/cypress_runner.js:136585:16)\n    at tryCatcher (http://localhost:44739/__cypress/runner/cypress_runner.js:167415:23)\n    at Function.Promise.attempt.Promise.try (http://localhost:44739/__cypress/runner/cypress_runner.js:164690:29)\n    at Context.thenFn (http://localhost:44739/__cypress/runner/cypress_runner.js:136599:23)\n    at Context.then (http://localhost:44739/__cypress/runner/cypress_runner.js:136971:21)\n    at Context.<anonymous> (http://localhost:44739/__cypress/runner/cypress_runner.js:148875:21)\n    at http://localhost:44739/__cypress/runner/cypress_runner.js:148351:33\n    at tryCatcher (http://localhost:44739/__cypress/runner/cypress_runner.js:167415:23)\n    at Promise._settlePromiseFromHandler (http://localhost:44739/__cypress/runner/cypress_runner.js:165351:31)\n    at Promise._settlePromise (http://localhost:44739/__cypress/runner/cypress_runner.js:165408:18)\n    at Promise._settlePromiseCtx (http://localhost:44739/__cypress/runner/cypress_runner.js:165445:10)\n    at Async../node_modules/bluebird/js/release/async.js.Async._drainQueue (http://localhost:44739/__cypress/runner/cypress_runner.js:162145:12)\n    at Async../node_modules/bluebird/js/release/async.js.Async._drainQueues (http://localhost:44739/__cypress/runner/cypress_runner.js:162150:10)\n    at Async.drainQueues (http://localhost:44739/__cypress/runner/cypress_runner.js:162024:14)",
                "diff": ""
              },
              "uuid": "4048b146-0ea6-42a1-8fef-10b708f796b5",
              "parentUUID": "639fecbc-81af-4390-a7fb-7529806e5ad7",
              "isHook": false,
              "skipped": false
            }
          ],
          "suites": [],
          "passes": [],
          "failures": [
            "48c10501-5104-4d69-a9ab-3a37890a1aba",
            "4048b146-0ea6-42a1-8fef-10b708f796b5"
          ],
          "pending": [],
          "skipped": [],
          "duration": 2076,
          "root": false,
          "rootEmpty": false,
          "_timeout": 2000
        }
      ],
      "passes": [],
      "failures": [],
      "pending": [],
      "skipped": [],
      "duration": 0,
      "root": true,
      "rootEmpty": true,
      "_timeout": 2000
    }
  ],
  "meta": {
    "mocha": {
      "version": "7.0.1"
    },
    "mochawesome": {
      "options": {
        "quiet": false,
        "reportFilename": "mochawesome",
        "saveHtml": false,
        "saveJson": true,
        "consoleReporter": "spec",
        "useInlineDiffs": false
      },
      "version": "4.1.0"
    },
    "marge": {
      "options": {
        "id": "default",
        "reportDir": "cypress/reports",
        "overwrite": true,
        "html": false,
        "json": true
      },
      "version": "4.1.0"
    }
  }
}