{
  "stats": {
    "suites": 12,
    "tests": 41,
    "passes": 19,
    "pending": 0,
    "failures": 22,
    "start": "2021-09-11T22:19:01.499Z",
    "end": "2021-09-11T22:20:46.620Z",
    "duration": 105121,
    "testsRegistered": 41,
    "passPercent": 46.34146341463415,
    "pendingPercent": 0,
    "other": 0,
    "hasOther": false,
    "skipped": 0,
    "hasSkipped": false
  },
  "results": [
    {
      "uuid": "7ccf0492-5288-4a08-9a88-7e94210ad0ef",
      "title": "",
      "fullFile": "cypress/integration/project.spec.js",
      "file": "cypress/integration/project.spec.js",
      "beforeHooks": [],
      "afterHooks": [],
      "tests": [],
      "suites": [
        {
          "uuid": "23f218b2-df96-445d-8378-ba5b62601c37",
          "title": "1 - Adicione à página o título \"Paleta de Cores\".",
          "fullFile": "",
          "file": "",
          "beforeHooks": [],
          "afterHooks": [],
          "tests": [
            {
              "title": "Verifica se contém um elemento `h1` com o id `title` com o título correto",
              "fullTitle": "1 - Adicione à página o título \"Paleta de Cores\". Verifica se contém um elemento `h1` com o id `title` com o título correto",
              "timedOut": null,
              "duration": 511,
              "state": "passed",
              "speed": "slow",
              "pass": true,
              "fail": false,
              "pending": false,
              "context": null,
              "code": "cy.get('h1#title').should('contain.text', 'Paleta de Cores');",
              "err": {},
              "uuid": "f81441f4-44e4-4926-9eee-23aed27f0408",
              "parentUUID": "23f218b2-df96-445d-8378-ba5b62601c37",
              "isHook": false,
              "skipped": false
            }
          ],
          "suites": [],
          "passes": [
            "f81441f4-44e4-4926-9eee-23aed27f0408"
          ],
          "failures": [],
          "pending": [],
          "skipped": [],
          "duration": 511,
          "root": false,
          "rootEmpty": false,
          "_timeout": 2000
        },
        {
          "uuid": "fe3746aa-1a4f-45bb-b7f0-76af11079237",
          "title": "2 - Adicione à página uma paleta de quatro cores distintas.",
          "fullFile": "",
          "file": "",
          "beforeHooks": [],
          "afterHooks": [],
          "tests": [
            {
              "title": "A paleta de cores deve ser um elemento com `id` denominado `color-palette`",
              "fullTitle": "2 - Adicione à página uma paleta de quatro cores distintas. A paleta de cores deve ser um elemento com `id` denominado `color-palette`",
              "timedOut": null,
              "duration": 361,
              "state": "passed",
              "speed": "slow",
              "pass": true,
              "fail": false,
              "pending": false,
              "context": null,
              "code": "cy.get('#color-palette').should('be.visible');\ncy.get('#color-palette').children('.color');",
              "err": {},
              "uuid": "71844336-c62f-4294-9c8f-4a2bc9eff148",
              "parentUUID": "fe3746aa-1a4f-45bb-b7f0-76af11079237",
              "isHook": false,
              "skipped": false
            },
            {
              "title": "Verifica se cada cor individual da paleta de cores possui a `classe` chamada `color`.",
              "fullTitle": "2 - Adicione à página uma paleta de quatro cores distintas. Verifica se cada cor individual da paleta de cores possui a `classe` chamada `color`.",
              "timedOut": null,
              "duration": 432,
              "state": "passed",
              "speed": "slow",
              "pass": true,
              "fail": false,
              "pending": false,
              "context": null,
              "code": "cy.get('.color').should('have.length', 4).then(function (colors) {\n  for (var i = 0; i < colors.length; i++) {\n    cy.wrap(colors[i]).should('be.visible');\n  }\n});",
              "err": {},
              "uuid": "d8e96f09-a216-4826-8792-e31745c4b1c7",
              "parentUUID": "fe3746aa-1a4f-45bb-b7f0-76af11079237",
              "isHook": false,
              "skipped": false
            },
            {
              "title": "Verifica se a cor de fundo de cada elemento da paleta é a cor que o elemento representa. **A única cor não permitida na paleta é a cor branca.**",
              "fullTitle": "2 - Adicione à página uma paleta de quatro cores distintas. Verifica se a cor de fundo de cada elemento da paleta é a cor que o elemento representa. **A única cor não permitida na paleta é a cor branca.**",
              "timedOut": null,
              "duration": 307,
              "state": "passed",
              "speed": "slow",
              "pass": true,
              "fail": false,
              "pending": false,
              "context": null,
              "code": "cy.get('.color').each(function (color) {\n  cy.wrap(color).should('have.class', 'color').and('not.have.css', 'background-color', WHITE);\n  cy.wrap(color).should('have.css', 'background-color');\n});",
              "err": {},
              "uuid": "397ecddd-cf25-4ada-a685-459b1a576a7f",
              "parentUUID": "fe3746aa-1a4f-45bb-b7f0-76af11079237",
              "isHook": false,
              "skipped": false
            },
            {
              "title": "Verifica se cada elemento da paleta de cores tem uma borda preta, sólida e com 1 pixel de largura;",
              "fullTitle": "2 - Adicione à página uma paleta de quatro cores distintas. Verifica se cada elemento da paleta de cores tem uma borda preta, sólida e com 1 pixel de largura;",
              "timedOut": null,
              "duration": 218,
              "state": "passed",
              "speed": "slow",
              "pass": true,
              "fail": false,
              "pending": false,
              "context": null,
              "code": "cy.get('.color').each(function (color) {\n  cy.wrap(color).and('have.css', 'border', \"1px solid \".concat(BLACK)).and('have.class', 'color');\n});",
              "err": {},
              "uuid": "cbe40d3c-2640-4d30-ab1d-1082af6d57c2",
              "parentUUID": "fe3746aa-1a4f-45bb-b7f0-76af11079237",
              "isHook": false,
              "skipped": false
            },
            {
              "title": "Verifica se a paleta lista todas as cores disponíveis para utilização, lado a lado.",
              "fullTitle": "2 - Adicione à página uma paleta de quatro cores distintas. Verifica se a paleta lista todas as cores disponíveis para utilização, lado a lado.",
              "timedOut": null,
              "duration": 151,
              "state": "passed",
              "speed": "slow",
              "pass": true,
              "fail": false,
              "pending": false,
              "context": null,
              "code": "cy.get('.color').then(function (colors) {\n  for (var index = 1; index < colors.length; index += 1) {\n    var currentColor = colors[index];\n    var previousColor = colors[index - 1];\n    cy.wrap(currentColor).should('be.onTheRightOf', previousColor).and('be.horizontallyAlignedWith', previousColor);\n  }\n});",
              "err": {},
              "uuid": "4ce18200-92fd-4c4c-9c70-b133ba1732a4",
              "parentUUID": "fe3746aa-1a4f-45bb-b7f0-76af11079237",
              "isHook": false,
              "skipped": false
            },
            {
              "title": "Verifica se a paleta de cores está posicionada abaixo do título 'Paleta de Cores'",
              "fullTitle": "2 - Adicione à página uma paleta de quatro cores distintas. Verifica se a paleta de cores está posicionada abaixo do título 'Paleta de Cores'",
              "timedOut": null,
              "duration": 235,
              "state": "passed",
              "speed": "slow",
              "pass": true,
              "fail": false,
              "pending": false,
              "context": null,
              "code": "cy.get('h1#title').then(function (title) {\n  cy.get('#color-palette').should('be.belowOf', title);\n});",
              "err": {},
              "uuid": "b4626e7e-3f91-4158-8f41-11f1dc2d4eea",
              "parentUUID": "fe3746aa-1a4f-45bb-b7f0-76af11079237",
              "isHook": false,
              "skipped": false
            },
            {
              "title": "Verifica se a paleta de cores não contém cores repetidas.",
              "fullTitle": "2 - Adicione à página uma paleta de quatro cores distintas. Verifica se a paleta de cores não contém cores repetidas.",
              "timedOut": null,
              "duration": 136,
              "state": "passed",
              "speed": "slow",
              "pass": true,
              "fail": false,
              "pending": false,
              "context": null,
              "code": "cy.get('.color').then(function (colors) {\n  var allColors = Array.from(colors).map(function (color) {\n    return Cypress.$(color).css('background-color');\n  });\n  cy.log(allColors);\n  var uniqColors = (0, _toConsumableArray2[\"default\"])(new Set(allColors));\n  cy.log(uniqColors);\n  expect(allColors.length).to.eq(uniqColors.length);\n});",
              "err": {},
              "uuid": "c06eb297-1fc4-4e8c-8eb0-7e8909a0856f",
              "parentUUID": "fe3746aa-1a4f-45bb-b7f0-76af11079237",
              "isHook": false,
              "skipped": false
            }
          ],
          "suites": [],
          "passes": [
            "71844336-c62f-4294-9c8f-4a2bc9eff148",
            "d8e96f09-a216-4826-8792-e31745c4b1c7",
            "397ecddd-cf25-4ada-a685-459b1a576a7f",
            "cbe40d3c-2640-4d30-ab1d-1082af6d57c2",
            "4ce18200-92fd-4c4c-9c70-b133ba1732a4",
            "b4626e7e-3f91-4158-8f41-11f1dc2d4eea",
            "c06eb297-1fc4-4e8c-8eb0-7e8909a0856f"
          ],
          "failures": [],
          "pending": [],
          "skipped": [],
          "duration": 1840,
          "root": false,
          "rootEmpty": false,
          "_timeout": 2000
        },
        {
          "uuid": "943c5a14-79dd-462e-bfe3-6cae8b8d8cf2",
          "title": "3 - Adicione a cor **preta** como a primeira cor da paleta de cores.",
          "fullFile": "",
          "file": "",
          "beforeHooks": [],
          "afterHooks": [],
          "tests": [
            {
              "title": "Verifica se a primeira cor da paleta é preta",
              "fullTitle": "3 - Adicione a cor **preta** como a primeira cor da paleta de cores. Verifica se a primeira cor da paleta é preta",
              "timedOut": null,
              "duration": 232,
              "state": "passed",
              "speed": "slow",
              "pass": true,
              "fail": false,
              "pending": false,
              "context": null,
              "code": "cy.get('.color').first().should('have.css', 'background-color', BLACK);",
              "err": {},
              "uuid": "d1a9ad42-75e3-4484-bf07-9fa5c3837ef8",
              "parentUUID": "943c5a14-79dd-462e-bfe3-6cae8b8d8cf2",
              "isHook": false,
              "skipped": false
            },
            {
              "title": "Verifica se as demais cores podem ser escolhidas livremente.",
              "fullTitle": "3 - Adicione a cor **preta** como a primeira cor da paleta de cores. Verifica se as demais cores podem ser escolhidas livremente.",
              "timedOut": null,
              "duration": 296,
              "state": "passed",
              "speed": "slow",
              "pass": true,
              "fail": false,
              "pending": false,
              "context": null,
              "code": "cy.get('.color').eq(1).should('not.have.css', 'background-color', BLACK);\ncy.get('.color').eq(1).should('not.have.css', 'background-color', WHITE);\ncy.get('.color').eq(1).should('not.have.css', 'background-color', 'rgba(0, 0, 0, 0)');\ncy.get('.color').eq(1).should('have.css', 'background-color');\ncy.get('.color').eq(2).should('not.have.css', 'background-color', BLACK);\ncy.get('.color').eq(2).should('not.have.css', 'background-color', WHITE);\ncy.get('.color').eq(2).should('not.have.css', 'background-color', 'rgba(0, 0, 0, 0)');\ncy.get('.color').eq(2).should('have.css', 'background-color');\ncy.get('.color').eq(3).should('not.have.css', 'background-color', BLACK);\ncy.get('.color').eq(3).should('not.have.css', 'background-color', WHITE);\ncy.get('.color').eq(3).should('not.have.css', 'background-color', 'rgba(0, 0, 0, 0)');\ncy.get('.color').eq(3).should('have.css', 'background-color');",
              "err": {},
              "uuid": "6f66a8f8-2f3d-4d5c-ac0c-4fc313ae4d1e",
              "parentUUID": "943c5a14-79dd-462e-bfe3-6cae8b8d8cf2",
              "isHook": false,
              "skipped": false
            }
          ],
          "suites": [],
          "passes": [
            "d1a9ad42-75e3-4484-bf07-9fa5c3837ef8",
            "6f66a8f8-2f3d-4d5c-ac0c-4fc313ae4d1e"
          ],
          "failures": [],
          "pending": [],
          "skipped": [],
          "duration": 528,
          "root": false,
          "rootEmpty": false,
          "_timeout": 2000
        },
        {
          "uuid": "56861746-2033-428a-9c41-8cc22609e76a",
          "title": "4 - Adicione à página um quadro de pixels, com 25 pixels.",
          "fullFile": "",
          "file": "",
          "beforeHooks": [],
          "afterHooks": [],
          "tests": [
            {
              "title": "Verifica se o quadro de pixels possui o `id` denominado `pixel-board`",
              "fullTitle": "4 - Adicione à página um quadro de pixels, com 25 pixels. Verifica se o quadro de pixels possui o `id` denominado `pixel-board`",
              "timedOut": null,
              "duration": 216,
              "state": "passed",
              "speed": "slow",
              "pass": true,
              "fail": false,
              "pending": false,
              "context": null,
              "code": "cy.get('#pixel-board').should('be.visible');",
              "err": {},
              "uuid": "49d78567-0209-44d9-a886-cb2267e36e0a",
              "parentUUID": "56861746-2033-428a-9c41-8cc22609e76a",
              "isHook": false,
              "skipped": false
            },
            {
              "title": "Verifica se cada pixel individual dentro do quadro possui a `classe` denominada `pixel`.",
              "fullTitle": "4 - Adicione à página um quadro de pixels, com 25 pixels. Verifica se cada pixel individual dentro do quadro possui a `classe` denominada `pixel`.",
              "timedOut": null,
              "duration": 229,
              "state": "passed",
              "speed": "slow",
              "pass": true,
              "fail": false,
              "pending": false,
              "context": null,
              "code": "cy.get('.pixel').should('have.length', 25);",
              "err": {},
              "uuid": "b1f51eaa-1ae0-4e9e-b6d5-f47ba5445832",
              "parentUUID": "56861746-2033-428a-9c41-8cc22609e76a",
              "isHook": false,
              "skipped": false
            },
            {
              "title": "Verifica se a cor inicial dos pixels dentro do quadro, ao abrir a página, é branca.",
              "fullTitle": "4 - Adicione à página um quadro de pixels, com 25 pixels. Verifica se a cor inicial dos pixels dentro do quadro, ao abrir a página, é branca.",
              "timedOut": null,
              "duration": 327,
              "state": "passed",
              "speed": "slow",
              "pass": true,
              "fail": false,
              "pending": false,
              "context": null,
              "code": "cy.get('.pixel').should('have.length', 25).each(function (pixel) {\n  expect(pixel).to.have.css('background-color', WHITE);\n});",
              "err": {},
              "uuid": "16167e06-6dc5-472f-9c14-6fc3f47dfb12",
              "parentUUID": "56861746-2033-428a-9c41-8cc22609e76a",
              "isHook": false,
              "skipped": false
            },
            {
              "title": "Verifica se o quadro de pixels aparece abaixo da paleta de cores",
              "fullTitle": "4 - Adicione à página um quadro de pixels, com 25 pixels. Verifica se o quadro de pixels aparece abaixo da paleta de cores",
              "timedOut": null,
              "duration": 200,
              "state": "passed",
              "speed": "slow",
              "pass": true,
              "fail": false,
              "pending": false,
              "context": null,
              "code": "cy.get('#color-palette').then(function (palette) {\n  cy.get('#pixel-board').should('be.belowOf', palette);\n});",
              "err": {},
              "uuid": "0013e349-d914-401e-84af-592be802509c",
              "parentUUID": "56861746-2033-428a-9c41-8cc22609e76a",
              "isHook": false,
              "skipped": false
            }
          ],
          "suites": [],
          "passes": [
            "49d78567-0209-44d9-a886-cb2267e36e0a",
            "b1f51eaa-1ae0-4e9e-b6d5-f47ba5445832",
            "16167e06-6dc5-472f-9c14-6fc3f47dfb12",
            "0013e349-d914-401e-84af-592be802509c"
          ],
          "failures": [],
          "pending": [],
          "skipped": [],
          "duration": 972,
          "root": false,
          "rootEmpty": false,
          "_timeout": 2000
        },
        {
          "uuid": "f0aff6a8-9beb-46c8-a0fc-83f2dc405e64",
          "title": "5 - Faça com que cada elemento do quadro de pixels possua 40 pixels de largura, 40 pixels de altura e seja delimitado por uma borda preta de 1 pixel.",
          "fullFile": "",
          "file": "",
          "beforeHooks": [],
          "afterHooks": [],
          "tests": [
            {
              "title": "Verifica se o quadro de pixels tem altura e comprimento de 5 elementos",
              "fullTitle": "5 - Faça com que cada elemento do quadro de pixels possua 40 pixels de largura, 40 pixels de altura e seja delimitado por uma borda preta de 1 pixel. Verifica se o quadro de pixels tem altura e comprimento de 5 elementos",
              "timedOut": null,
              "duration": 517,
              "state": "passed",
              "speed": "slow",
              "pass": true,
              "fail": false,
              "pending": false,
              "context": null,
              "code": "cy.get('.pixel').should('have.length', 25).each(function (pixel) {\n  expect(pixel).to.have.css('background-color', WHITE);\n}).and(function (pixels) {\n  var rows = chunk(pixels, 5);\n  rows.forEach(function (row) {\n    for (var index = 1; index < row.length; index += 1) {\n      var current = pixels[index];\n      var previous = pixels[index - 1];\n      cy.wrap(current).should('be.onTheRightOf', previous).and('be.horizontallyAlignedWith', previous);\n    }\n  });\n  for (var index = 1; index < 5; index += 1) {\n    expect(pixels[index * 5]).to.be.belowOf(pixels[(index - 1) * 5]);\n  }\n});",
              "err": {},
              "uuid": "b382ac8c-ca5f-4497-a972-14a9eab1d627",
              "parentUUID": "f0aff6a8-9beb-46c8-a0fc-83f2dc405e64",
              "isHook": false,
              "skipped": false
            },
            {
              "title": "Verifica se 40 pixels é o tamanho total do elemento, incluindo seu conteúdo e excluindo a borda preta, que deve ser criada à parte.",
              "fullTitle": "5 - Faça com que cada elemento do quadro de pixels possua 40 pixels de largura, 40 pixels de altura e seja delimitado por uma borda preta de 1 pixel. Verifica se 40 pixels é o tamanho total do elemento, incluindo seu conteúdo e excluindo a borda preta, que deve ser criada à parte.",
              "timedOut": null,
              "duration": 394,
              "state": "passed",
              "speed": "slow",
              "pass": true,
              "fail": false,
              "pending": false,
              "context": null,
              "code": "cy.get('.pixel').each(function (pixel) {\n  cy.wrap(pixel).should('have.css', 'height', '40px').and('have.css', 'width', '40px').and('have.css', 'border', \"1px solid \".concat(BLACK));\n});",
              "err": {},
              "uuid": "2f347fe0-3d2d-4243-b4cc-e909647fffb5",
              "parentUUID": "f0aff6a8-9beb-46c8-a0fc-83f2dc405e64",
              "isHook": false,
              "skipped": false
            }
          ],
          "suites": [],
          "passes": [
            "b382ac8c-ca5f-4497-a972-14a9eab1d627",
            "2f347fe0-3d2d-4243-b4cc-e909647fffb5"
          ],
          "failures": [],
          "pending": [],
          "skipped": [],
          "duration": 911,
          "root": false,
          "rootEmpty": false,
          "_timeout": 2000
        },
        {
          "uuid": "58544f81-cf68-4c10-9cb6-89fa1b9ea5dc",
          "title": "6 - Defina a cor preta como cor inicial. Ao carregar a página a cor preta já deve estar selecionada para pintar os pixels",
          "fullFile": "",
          "file": "",
          "beforeHooks": [],
          "afterHooks": [],
          "tests": [
            {
              "title": "Verifica se o elemento da cor preta possui, inicialmente, a `classe` `selected`",
              "fullTitle": "6 - Defina a cor preta como cor inicial. Ao carregar a página a cor preta já deve estar selecionada para pintar os pixels Verifica se o elemento da cor preta possui, inicialmente, a `classe` `selected`",
              "timedOut": null,
              "duration": 4509,
              "state": "failed",
              "speed": null,
              "pass": false,
              "fail": true,
              "pending": false,
              "context": null,
              "code": "cy.get('.selected').first().should('have.css', 'background-color', BLACK);",
              "err": {
                "message": "CypressError: Timed out retrying: Expected to find element: '.selected', but never found it.",
                "estack": "CypressError: Timed out retrying: Expected to find element: '.selected', but never found it.\n    at cypressErr (http://localhost:37775/__cypress/runner/cypress_runner.js:149934:9)\n    at throwErr (http://localhost:37775/__cypress/runner/cypress_runner.js:149867:11)\n    at Object.throwErrByPath (http://localhost:37775/__cypress/runner/cypress_runner.js:149915:3)\n    at retry (http://localhost:37775/__cypress/runner/cypress_runner.js:144197:19)\n    at onFailFn (http://localhost:37775/__cypress/runner/cypress_runner.js:132448:16)\n    at tryCatcher (http://localhost:37775/__cypress/runner/cypress_runner.js:167415:23)\n    at Promise._settlePromiseFromHandler (http://localhost:37775/__cypress/runner/cypress_runner.js:165351:31)\n    at Promise._settlePromise (http://localhost:37775/__cypress/runner/cypress_runner.js:165408:18)\n    at Promise._settlePromise0 (http://localhost:37775/__cypress/runner/cypress_runner.js:165453:10)\n    at Promise._settlePromises (http://localhost:37775/__cypress/runner/cypress_runner.js:165528:18)\n    at Async../node_modules/bluebird/js/release/async.js.Async._drainQueue (http://localhost:37775/__cypress/runner/cypress_runner.js:162140:16)\n    at Async../node_modules/bluebird/js/release/async.js.Async._drainQueues (http://localhost:37775/__cypress/runner/cypress_runner.js:162150:10)\n    at Async.drainQueues (http://localhost:37775/__cypress/runner/cypress_runner.js:162024:14)",
                "diff": null
              },
              "uuid": "a92cd699-7fd3-4ae1-9106-abe3dc57f038",
              "parentUUID": "58544f81-cf68-4c10-9cb6-89fa1b9ea5dc",
              "isHook": false,
              "skipped": false
            },
            {
              "title": "Verifica se nenhuma outra cor da paleta tem a `classe` `selected`",
              "fullTitle": "6 - Defina a cor preta como cor inicial. Ao carregar a página a cor preta já deve estar selecionada para pintar os pixels Verifica se nenhuma outra cor da paleta tem a `classe` `selected`",
              "timedOut": null,
              "duration": 281,
              "state": "passed",
              "speed": "slow",
              "pass": true,
              "fail": false,
              "pending": false,
              "context": null,
              "code": "cy.get('.color:not(:first-child)').each(function (color) {\n  cy.wrap(color).should('not.have.class', 'selected');\n});",
              "err": {},
              "uuid": "521a0c00-6a0c-46fa-9a45-368217b1f979",
              "parentUUID": "58544f81-cf68-4c10-9cb6-89fa1b9ea5dc",
              "isHook": false,
              "skipped": false
            }
          ],
          "suites": [],
          "passes": [
            "521a0c00-6a0c-46fa-9a45-368217b1f979"
          ],
          "failures": [
            "a92cd699-7fd3-4ae1-9106-abe3dc57f038"
          ],
          "pending": [],
          "skipped": [],
          "duration": 4790,
          "root": false,
          "rootEmpty": false,
          "_timeout": 2000
        },
        {
          "uuid": "c82e19ae-42fa-4c3d-9ebd-d05a316450b9",
          "title": "7 - Clicar em uma das cores da paleta, faz com que ela seja selecionada e utilizada para preencher os pixels no quadro.",
          "fullFile": "",
          "file": "",
          "beforeHooks": [],
          "afterHooks": [],
          "tests": [
            {
              "title": "Verifica se somente uma cor da paleta de cores tem a classe `selected` de cada vez",
              "fullTitle": "7 - Clicar em uma das cores da paleta, faz com que ela seja selecionada e utilizada para preencher os pixels no quadro. Verifica se somente uma cor da paleta de cores tem a classe `selected` de cada vez",
              "timedOut": null,
              "duration": 508,
              "state": "failed",
              "speed": null,
              "pass": false,
              "fail": true,
              "pending": false,
              "context": null,
              "code": "cy.get('.color').each(function (selectedColor, selectedColorIndex) {\n  cy.wrap(selectedColor).click();\n  cy.get('.color').each(function (color, colorIndex) {\n    if (colorIndex === selectedColorIndex) {\n      expect(color).to.have[\"class\"]('selected');\n    } else {\n      expect(color).not.to.have[\"class\"]('selected');\n    }\n  });\n});",
              "err": {
                "message": "AssertionError: expected '<div#preto.color>' to have class 'selected'",
                "estack": "AssertionError: expected '<div#preto.color>' to have class 'selected'\n    at callback (http://localhost:37775/__cypress/runner/cypress_runner.js:136947:20)\n    at getRet (http://localhost:37775/__cypress/runner/cypress_runner.js:136585:16)\n    at tryCatcher (http://localhost:37775/__cypress/runner/cypress_runner.js:167415:23)\n    at Function.Promise.attempt.Promise.try (http://localhost:37775/__cypress/runner/cypress_runner.js:164690:29)\n    at thenFn (http://localhost:37775/__cypress/runner/cypress_runner.js:136599:23)\n    at yieldItem (http://localhost:37775/__cypress/runner/cypress_runner.js:136954:16)\n    at tryCatcher (http://localhost:37775/__cypress/runner/cypress_runner.js:167415:23)\n    at Object.gotValue (http://localhost:37775/__cypress/runner/cypress_runner.js:166557:18)\n    at Object.gotAccum (http://localhost:37775/__cypress/runner/cypress_runner.js:166546:25)\n    at Object.tryCatcher (http://localhost:37775/__cypress/runner/cypress_runner.js:167415:23)\n    at Promise._settlePromiseFromHandler (http://localhost:37775/__cypress/runner/cypress_runner.js:165351:31)\n    at Promise._settlePromise (http://localhost:37775/__cypress/runner/cypress_runner.js:165408:18)\n    at Promise._settlePromiseCtx (http://localhost:37775/__cypress/runner/cypress_runner.js:165445:10)\n    at Async../node_modules/bluebird/js/release/async.js.Async._drainQueue (http://localhost:37775/__cypress/runner/cypress_runner.js:162145:12)\n    at Async../node_modules/bluebird/js/release/async.js.Async._drainQueues (http://localhost:37775/__cypress/runner/cypress_runner.js:162150:10)\n    at Async.drainQueues (http://localhost:37775/__cypress/runner/cypress_runner.js:162024:14)",
                "diff": "- { '0': <div class=\"color\" id=\"preto\"></div>,\n-   length: 1,\n-   jquery: '3.1.1',\n-   constructor: \n-    { [Function: jQuery]\n-      fn: \n-       { jquery: '3.1.1',\n-         constructor: [Circular],\n-         length: 0,\n-         toArray: [Function: toArray],\n-         get: [Function: get],\n-         pushStack: [Function: pushStack],\n-         each: [Function: each],\n-         map: [Function: map],\n-         slice: [Function: slice],\n-         first: [Function: first],\n-         last: [Function: last],\n-         eq: [Function: eq],\n-         end: [Function: end],\n-         push: [Function: push],\n-         sort: [Function: sort],\n-         splice: [Function: splice],\n-         extend: [Function],\n-         find: [Function: find],\n-         filter: [Function: filter],\n-         not: [Function: not],\n-         is: [Function: is],\n-         init: [Function],\n-         has: [Function: has],\n-         closest: [Function: closest],\n-         index: [Function: index],\n-         add: [Function: add],\n-         addBack: [Function: addBack],\n-         parent: [Function],\n-         parents: [Function],\n-         parentsUntil: [Function],\n-         next: [Function],\n-         prev: [Function],\n-         nextAll: [Function],\n-         prevAll: [Function],\n-         nextUntil: [Function],\n-         prevUntil: [Function],\n-         siblings: [Function],\n-         children: [Function],\n-         contents: [Function],\n-         ready: [Function],\n-         data: [Function: data],\n-         removeData: [Function: removeData],\n-         queue: [Function: queue],\n-         dequeue: [Function: dequeue],\n-         clearQueue: [Function: clearQueue],\n-         promise: [Function: promise],\n-         show: [Function],\n-         hide: [Function],\n-         toggle: [Function],\n-         on: [Function: on],\n-         one: [Function: one],\n-         off: [Function: off],\n-         detach: [Function: detach],\n-         remove: [Function: remove],\n-         text: [Function: text],\n-         append: [Function: append],\n-         prepend: [Function: prepend],\n-         before: [Function: before],\n-         after: [Function: after],\n-         empty: [Function: empty],\n-         clone: [Function: clone],\n-         html: [Function: html],\n-         replaceWith: [Function: replaceWith],\n-         appendTo: [Function],\n-         prependTo: [Function],\n-         insertBefore: [Function],\n-         insertAfter: [Function],\n-         replaceAll: [Function],\n-         css: [Function: css],\n-         fadeTo: [Function: fadeTo],\n-         animate: [Function: animate],\n-         stop: [Function: stop],\n-         finish: [Function: finish],\n-         slideDown: [Function],\n-         slideUp: [Function],\n-         slideToggle: [Function],\n-         fadeIn: [Function],\n-         fadeOut: [Function],\n-         fadeToggle: [Function],\n-         delay: [Function],\n-         attr: [Function: attr],\n-         removeAttr: [Function: removeAttr],\n-         prop: [Function: prop],\n-         removeProp: [Function: removeProp],\n-         addClass: [Function: addClass],\n-         removeClass: [Function: removeClass],\n-         toggleClass: [Function: toggleClass],\n-         hasClass: [Function: hasClass],\n-         val: [Function: val],\n-         trigger: [Function: trigger],\n-         triggerHandler: [Function: triggerHandler],\n-         blur: [Function],\n-         focus: [Function],\n-         focusin: [Function],\n-         focusout: [Function],\n-         resize: [Function],\n-         scroll: [Function],\n-         click: [Function],\n-         dblclick: [Function],\n-         mousedown: [Function],\n-         mouseup: [Function],\n-         mousemove: [Function],\n-         mouseover: [Function],\n-         mouseout: [Function],\n-         mouseenter: [Function],\n-         mouseleave: [Function],\n-         change: [Function],\n-         select: [Function],\n-         submit: [Function],\n-         keydown: [Function],\n-         keypress: [Function],\n-         keyup: [Function],\n-         contextmenu: [Function],\n-         hover: [Function: hover],\n-         serialize: [Function: serialize],\n-         serializeArray: [Function: serializeArray],\n-         wrapAll: [Function: wrapAll],\n-         wrapInner: [Function: wrapInner],\n-         wrap: [Function: wrap],\n-         unwrap: [Function: unwrap],\n-         load: [Function],\n-         ajaxStart: [Function],\n-         ajaxStop: [Function],\n-         ajaxComplete: [Function],\n-         ajaxError: [Function],\n-         ajaxSuccess: [Function],\n-         ajaxSend: [Function],\n-         offset: [Function: offset],\n-         position: [Function: position],\n-         offsetParent: [Function: offsetParent],\n-         scrollLeft: [Function],\n-         scrollTop: [Function],\n-         innerHeight: [Function],\n-         height: [Function],\n-         outerHeight: [Function],\n-         innerWidth: [Function],\n-         width: [Function],\n-         outerWidth: [Function],\n-         bind: [Function: bind],\n-         unbind: [Function: unbind],\n-         delegate: [Function: delegate],\n-         undelegate: [Function: undelegate],\n-         scrollTo: [Function] },\n-      extend: [Function],\n-      expando: 'jQuery31102550470506214422',\n-      isReady: true,\n-      error: [Function: error],\n-      noop: [Function: noop],\n-      isFunction: [Function: isFunction],\n-      isArray: [Function: isArray],\n-      isWindow: [Function: isWindow],\n-      isNumeric: [Function: isNumeric],\n-      isPlainObject: [Function: isPlainObject],\n-      isEmptyObject: [Function: isEmptyObject],\n-      type: [Function: type],\n-      globalEval: [Function: globalEval],\n-      camelCase: [Function: camelCase],\n-      nodeName: [Function: nodeName],\n-      each: [Function: each],\n-      trim: [Function: trim],\n-      makeArray: [Function: makeArray],\n-      inArray: [Function: inArray],\n-      merge: [Function: merge],\n-      grep: [Function: grep],\n-      map: [Function: map],\n-      guid: 7,\n-      proxy: [Function: proxy],\n-      now: [Function: now],\n-      support: \n-       { checkClone: true,\n-         noCloneChecked: true,\n-         clearCloneStyle: true,\n-         pixelPosition: [Function: pixelPosition],\n-         boxSizingReliable: [Function: boxSizingReliable],\n-         pixelMarginRight: [Function: pixelMarginRight],\n-         reliableMarginLeft: [Function: reliableMarginLeft],\n-         checkOn: true,\n-         optSelected: true,\n-         radioValue: true,\n-         focusin: false,\n-         cors: true,\n-         ajax: true,\n-         createHTMLDocument: true },\n-      find: \n-       { [Function: Sizzle]\n-         support: [Object],\n-         isXML: [Function],\n-         setDocument: [Function],\n-         matches: [Function],\n-         matchesSelector: [Function],\n-         contains: [Function],\n-         attr: [Function],\n-         escape: [Function],\n-         error: [Function],\n-         uniqueSort: [Function],\n-         getText: [Function],\n-         selectors: [Object],\n-         tokenize: [Function],\n-         compile: [Function],\n-         select: [Function] },\n-      expr: \n-       { cacheLength: 1,\n-         createPseudo: [Function: markFunction],\n-         match: [Object],\n-         attrHandle: [Object],\n-         find: [Object],\n-         relative: [Object],\n-         preFilter: [Object],\n-         filter: [Object],\n-         pseudos: [Object],\n-         filters: [Object],\n-         setFilters: [Object],\n-         ':': [Object] },\n-      unique: [Function],\n-      uniqueSort: [Function],\n-      text: [Function],\n-      isXMLDoc: [Function],\n-      contains: [Function],\n-      escapeSelector: [Function],\n-      filter: [Function],\n-      Callbacks: [Function],\n-      Deferred: { [Function: Deferred] exceptionHook: [Function] },\n-      when: [Function: when],\n-      readyException: [Function],\n-      readyWait: 0,\n-      holdReady: [Function: holdReady],\n-      ready: { [Function: ready] then: [Function: then] },\n-      hasData: [Function: hasData],\n-      data: [Function: data],\n-      removeData: [Function: removeData],\n-      _data: [Function: _data],\n-      _removeData: [Function: _removeData],\n-      queue: [Function: queue],\n-      dequeue: [Function: dequeue],\n-      _queueHooks: [Function: _queueHooks],\n-      event: \n-       { global: [Object],\n-         add: [Function: add],\n-         remove: [Function: remove],\n-         dispatch: [Function: dispatch],\n-         handlers: [Function: handlers],\n-         addProp: [Function: addProp],\n-         fix: [Function: fix],\n-         special: [Object],\n-         trigger: [Function: trigger],\n-         simulate: [Function: simulate] },\n-      removeEvent: [Function],\n-      Event: [Function],\n-      htmlPrefilter: [Function: htmlPrefilter],\n-      clone: [Function: clone],\n-      cleanData: [Function: cleanData],\n-      cssHooks: \n-       { opacity: [Object],\n-         height: [Object],\n-         width: [Object],\n-         marginLeft: [Object],\n-         margin: [Object],\n-         padding: [Object],\n-         borderWidth: [Object],\n-         top: [Object],\n-         left: [Object] },\n-      cssNumber: \n-       { animationIterationCount: true,\n-         columnCount: true,\n-         fillOpacity: true,\n-         flexGrow: true,\n-         flexShrink: true,\n-         fontWeight: true,\n-         lineHeight: true,\n-         opacity: true,\n-         order: true,\n-         orphans: true,\n-         widows: true,\n-         zIndex: true,\n-         zoom: true },\n-      cssProps: \n-       { float: 'cssFloat',\n-         width: 'width',\n-         display: 'display',\n-         boxSizing: 'boxSizing',\n-         height: 'height',\n-         overflow: 'overflow',\n-         overflowY: 'overflowY',\n-         overflowX: 'overflowX',\n-         visibility: 'visibility',\n-         position: 'position',\n-         backgroundColor: 'backgroundColor',\n-         border: 'border',\n-         paddingRight: 'paddingRight',\n-         borderRightWidth: 'borderRightWidth',\n-         paddingLeft: 'paddingLeft',\n-         borderLeftWidth: 'borderLeftWidth',\n-         paddingTop: 'paddingTop',\n-         borderTopWidth: 'borderTopWidth',\n-         paddingBottom: 'paddingBottom',\n-         borderBottomWidth: 'borderBottomWidth' },\n-      style: [Function: style],\n-      css: [Function: css],\n-      Tween: { [Function: Tween] propHooks: [Object] },\n-      easing: \n-       { linear: [Function: linear],\n-         swing: [Function: swing],\n-         _default: 'swing' },\n-      fx: \n-       { [Function: init]\n-         step: {},\n-         tick: [Function],\n-         timer: [Function],\n-         interval: 13,\n-         start: [Function],\n-         stop: [Function],\n-         speeds: [Object] },\n-      Animation: \n-       { [Function: Animation]\n-         tweeners: [Object],\n-         tweener: [Function: tweener],\n-         prefilters: [Object],\n-         prefilter: [Function: prefilter] },\n-      speed: [Function],\n-      timers: [],\n-      attr: [Function: attr],\n-      attrHooks: { type: [Object] },\n-      removeAttr: [Function: removeAttr],\n-      prop: [Function: prop],\n-      propHooks: { tabIndex: [Object] },\n-      propFix: \n-       { for: 'htmlFor',\n-         class: 'className',\n-         tabindex: 'tabIndex',\n-         readonly: 'readOnly',\n-         maxlength: 'maxLength',\n-         cellspacing: 'cellSpacing',\n-         cellpadding: 'cellPadding',\n-         rowspan: 'rowSpan',\n-         colspan: 'colSpan',\n-         usemap: 'useMap',\n-         frameborder: 'frameBorder',\n-         contenteditable: 'contentEditable' },\n-      valHooks: \n-       { option: [Object],\n-         select: [Object],\n-         radio: [Object],\n-         checkbox: [Object] },\n-      parseXML: [Function],\n-      param: [Function],\n-      active: 0,\n-      lastModified: {},\n-      etag: {},\n-      ajaxSettings: \n-       { url: 'http://localhost:37775/__/#/tests/integration/project.spec.js',\n-         type: 'GET',\n-         isLocal: false,\n-         global: true,\n-         processData: true,\n-         async: true,\n-         contentType: 'application/x-www-form-urlencoded; charset=UTF-8',\n-         accepts: [Object],\n-         contents: [Object],\n-         responseFields: [Object],\n-         converters: [Object],\n-         flatOptions: [Object],\n-         xhr: [Function],\n-         jsonp: 'callback',\n-         jsonpCallback: [Function: jsonpCallback],\n-         cache: false },\n-      ajaxSetup: [Function: ajaxSetup],\n-      ajaxPrefilter: [Function],\n-      ajaxTransport: [Function],\n-      ajax: [Function: ajax],\n-      getJSON: [Function: getJSON],\n-      getScript: [Function: getScript],\n-      get: [Function],\n-      post: [Function],\n-      _evalUrl: [Function],\n-      parseHTML: [Function],\n-      offset: { setOffset: [Function: setOffset] },\n-      parseJSON: [Function: parse],\n-      noConflict: [Function],\n-      scrollTo: { [Function] defaults: [Object], max: [Function] } },\n-   toArray: [Function: toArray],\n-   get: [Function: get],\n-   pushStack: [Function: pushStack],\n-   each: [Function: each],\n-   map: [Function: map],\n-   slice: [Function: slice],\n-   first: [Function: first],\n-   last: [Function: last],\n-   eq: [Function: eq],\n-   end: [Function: end],\n-   push: [Function: push],\n-   sort: [Function: sort],\n-   splice: [Function: splice],\n-   extend: [Function],\n-   find: [Function: find],\n-   filter: [Function: filter],\n-   not: [Function: not],\n-   is: [Function: is],\n-   init: [Function],\n-   has: [Function: has],\n-   closest: [Function: closest],\n-   index: [Function: index],\n-   add: [Function: add],\n-   addBack: [Function: addBack],\n-   parent: [Function],\n-   parents: [Function],\n-   parentsUntil: [Function],\n-   next: [Function],\n-   prev: [Function],\n-   nextAll: [Function],\n-   prevAll: [Function],\n-   nextUntil: [Function],\n-   prevUntil: [Function],\n-   siblings: [Function],\n-   children: [Function],\n-   contents: [Function],\n-   ready: [Function],\n-   data: [Function: data],\n-   removeData: [Function: removeData],\n-   queue: [Function: queue],\n-   dequeue: [Function: dequeue],\n-   clearQueue: [Function: clearQueue],\n-   promise: [Function: promise],\n-   show: [Function],\n-   hide: [Function],\n-   toggle: [Function],\n-   on: [Function: on],\n-   one: [Function: one],\n-   off: [Function: off],\n-   detach: [Function: detach],\n-   remove: [Function: remove],\n-   text: [Function: text],\n-   append: [Function: append],\n-   prepend: [Function: prepend],\n-   before: [Function: before],\n-   after: [Function: after],\n-   empty: [Function: empty],\n-   clone: [Function: clone],\n-   html: [Function: html],\n-   replaceWith: [Function: replaceWith],\n-   appendTo: [Function],\n-   prependTo: [Function],\n-   insertBefore: [Function],\n-   insertAfter: [Function],\n-   replaceAll: [Function],\n-   css: [Function: css],\n-   fadeTo: [Function: fadeTo],\n-   animate: [Function: animate],\n-   stop: [Function: stop],\n-   finish: [Function: finish],\n-   slideDown: [Function],\n-   slideUp: [Function],\n-   slideToggle: [Function],\n-   fadeIn: [Function],\n-   fadeOut: [Function],\n-   fadeToggle: [Function],\n-   delay: [Function],\n-   attr: [Function: attr],\n-   removeAttr: [Function: removeAttr],\n-   prop: [Function: prop],\n-   removeProp: [Function: removeProp],\n-   addClass: [Function: addClass],\n-   removeClass: [Function: removeClass],\n-   toggleClass: [Function: toggleClass],\n-   hasClass: [Function: hasClass],\n-   val: [Function: val],\n-   trigger: [Function: trigger],\n-   triggerHandler: [Function: triggerHandler],\n-   blur: [Function],\n-   focus: [Function],\n-   focusin: [Function],\n-   focusout: [Function],\n-   resize: [Function],\n-   scroll: [Function],\n-   click: [Function],\n-   dblclick: [Function],\n-   mousedown: [Function],\n-   mouseup: [Function],\n-   mousemove: [Function],\n-   mouseover: [Function],\n-   mouseout: [Function],\n-   mouseenter: [Function],\n-   mouseleave: [Function],\n-   change: [Function],\n-   select: [Function],\n-   submit: [Function],\n-   keydown: [Function],\n-   keypress: [Function],\n-   keyup: [Function],\n-   contextmenu: [Function],\n-   hover: [Function: hover],\n-   serialize: [Function: serialize],\n-   serializeArray: [Function: serializeArray],\n-   wrapAll: [Function: wrapAll],\n-   wrapInner: [Function: wrapInner],\n-   wrap: [Function: wrap],\n-   unwrap: [Function: unwrap],\n-   load: [Function],\n-   ajaxStart: [Function],\n-   ajaxStop: [Function],\n-   ajaxComplete: [Function],\n-   ajaxError: [Function],\n-   ajaxSuccess: [Function],\n-   ajaxSend: [Function],\n-   offset: [Function: offset],\n-   position: [Function: position],\n-   offsetParent: [Function: offsetParent],\n-   scrollLeft: [Function],\n-   scrollTop: [Function],\n-   innerHeight: [Function],\n-   height: [Function],\n-   outerHeight: [Function],\n-   innerWidth: [Function],\n-   width: [Function],\n-   outerWidth: [Function],\n-   bind: [Function: bind],\n-   unbind: [Function: unbind],\n-   delegate: [Function: delegate],\n-   undelegate: [Function: undelegate],\n-   scrollTo: [Function] }\n+ 'selected'\n"
              },
              "uuid": "ee1e4133-df36-48cd-baa6-859e4f7c8750",
              "parentUUID": "c82e19ae-42fa-4c3d-9ebd-d05a316450b9",
              "isHook": false,
              "skipped": false
            },
            {
              "title": "Verifica se os pixels dentro do quadro não têm a classe `selected` quando são clicados",
              "fullTitle": "7 - Clicar em uma das cores da paleta, faz com que ela seja selecionada e utilizada para preencher os pixels no quadro. Verifica se os pixels dentro do quadro não têm a classe `selected` quando são clicados",
              "timedOut": null,
              "duration": 8973,
              "state": "passed",
              "speed": "slow",
              "pass": true,
              "fail": false,
              "pending": false,
              "context": null,
              "code": "cy.get('.color').each(function (color) {\n  var backgroundColor = color.css('background-color');\n  cy.wrap(color).click();\n  cy.get('.pixel').each(function (pixel) {\n    cy.wrap(pixel).click().should('not.have.class', 'selected');\n  });\n});",
              "err": {},
              "uuid": "1b570279-3b5a-48c5-9962-6dde52b6c61c",
              "parentUUID": "c82e19ae-42fa-4c3d-9ebd-d05a316450b9",
              "isHook": false,
              "skipped": false
            }
          ],
          "suites": [],
          "passes": [
            "1b570279-3b5a-48c5-9962-6dde52b6c61c"
          ],
          "failures": [
            "ee1e4133-df36-48cd-baa6-859e4f7c8750"
          ],
          "pending": [],
          "skipped": [],
          "duration": 9481,
          "root": false,
          "rootEmpty": false,
          "_timeout": 2000
        },
        {
          "uuid": "808f5641-920b-4bf4-881e-815513a23ee9",
          "title": "8 - Clicar em um pixel dentro do quadro após selecionar uma cor na paleta, faz com que o pixel seja preenchido com a cor selecionada.",
          "fullFile": "",
          "file": "",
          "beforeHooks": [],
          "afterHooks": [],
          "tests": [
            {
              "title": "Verifica se ao carregar a página deve ser possível pintar os pixels de preto",
              "fullTitle": "8 - Clicar em um pixel dentro do quadro após selecionar uma cor na paleta, faz com que o pixel seja preenchido com a cor selecionada. Verifica se ao carregar a página deve ser possível pintar os pixels de preto",
              "timedOut": null,
              "duration": 4521,
              "state": "failed",
              "speed": null,
              "pass": false,
              "fail": true,
              "pending": false,
              "context": null,
              "code": "cy.get('.pixel').each(function (pixel) {\n  cy.wrap(pixel).click().should('have.css', 'background-color', BLACK);\n});",
              "err": {
                "message": "CypressError: Timed out retrying: expected '<div.pixel>' to have CSS property 'background-color' with the value 'rgb(0, 0, 0)', but the value was 'rgb(255, 255, 255)'",
                "estack": "CypressError: Timed out retrying: expected '<div.pixel>' to have CSS property 'background-color' with the value 'rgb(0, 0, 0)', but the value was 'rgb(255, 255, 255)'\n    at cypressErr (http://localhost:37775/__cypress/runner/cypress_runner.js:149934:9)\n    at throwErr (http://localhost:37775/__cypress/runner/cypress_runner.js:149867:11)\n    at Object.throwErrByPath (http://localhost:37775/__cypress/runner/cypress_runner.js:149915:3)\n    at retry (http://localhost:37775/__cypress/runner/cypress_runner.js:144197:19)\n    at onFailFn (http://localhost:37775/__cypress/runner/cypress_runner.js:132448:16)\n    at tryCatcher (http://localhost:37775/__cypress/runner/cypress_runner.js:167415:23)\n    at Promise._settlePromiseFromHandler (http://localhost:37775/__cypress/runner/cypress_runner.js:165351:31)\n    at Promise._settlePromise (http://localhost:37775/__cypress/runner/cypress_runner.js:165408:18)\n    at Promise._settlePromise0 (http://localhost:37775/__cypress/runner/cypress_runner.js:165453:10)\n    at Promise._settlePromises (http://localhost:37775/__cypress/runner/cypress_runner.js:165528:18)\n    at Async../node_modules/bluebird/js/release/async.js.Async._drainQueue (http://localhost:37775/__cypress/runner/cypress_runner.js:162140:16)\n    at Async../node_modules/bluebird/js/release/async.js.Async._drainQueues (http://localhost:37775/__cypress/runner/cypress_runner.js:162150:10)\n    at Async.drainQueues (http://localhost:37775/__cypress/runner/cypress_runner.js:162024:14)",
                "diff": null
              },
              "uuid": "f9bcca65-37ba-49ac-83ee-dd6e87b3fe2d",
              "parentUUID": "808f5641-920b-4bf4-881e-815513a23ee9",
              "isHook": false,
              "skipped": false
            },
            {
              "title": "Verifica se após selecionar uma outra cor na paleta, é possível pintar os pixels com essa cor",
              "fullTitle": "8 - Clicar em um pixel dentro do quadro após selecionar uma cor na paleta, faz com que o pixel seja preenchido com a cor selecionada. Verifica se após selecionar uma outra cor na paleta, é possível pintar os pixels com essa cor",
              "timedOut": null,
              "duration": 4615,
              "state": "failed",
              "speed": null,
              "pass": false,
              "fail": true,
              "pending": false,
              "context": null,
              "code": "cy.get('.color').each(function (color) {\n  var backgroundColor = color.css('background-color');\n  cy.wrap(color).click();\n  cy.get('.pixel').each(function (pixel) {\n    cy.wrap(pixel).click().should('have.css', 'background-color', backgroundColor);\n  });\n});",
              "err": {
                "message": "CypressError: Timed out retrying: expected '<div.pixel>' to have CSS property 'background-color' with the value 'rgb(0, 0, 0)', but the value was 'rgb(255, 255, 255)'",
                "estack": "CypressError: Timed out retrying: expected '<div.pixel>' to have CSS property 'background-color' with the value 'rgb(0, 0, 0)', but the value was 'rgb(255, 255, 255)'\n    at cypressErr (http://localhost:37775/__cypress/runner/cypress_runner.js:149934:9)\n    at throwErr (http://localhost:37775/__cypress/runner/cypress_runner.js:149867:11)\n    at Object.throwErrByPath (http://localhost:37775/__cypress/runner/cypress_runner.js:149915:3)\n    at retry (http://localhost:37775/__cypress/runner/cypress_runner.js:144197:19)\n    at onFailFn (http://localhost:37775/__cypress/runner/cypress_runner.js:132448:16)\n    at tryCatcher (http://localhost:37775/__cypress/runner/cypress_runner.js:167415:23)\n    at Promise._settlePromiseFromHandler (http://localhost:37775/__cypress/runner/cypress_runner.js:165351:31)\n    at Promise._settlePromise (http://localhost:37775/__cypress/runner/cypress_runner.js:165408:18)\n    at Promise._settlePromise0 (http://localhost:37775/__cypress/runner/cypress_runner.js:165453:10)\n    at Promise._settlePromises (http://localhost:37775/__cypress/runner/cypress_runner.js:165528:18)\n    at Async../node_modules/bluebird/js/release/async.js.Async._drainQueue (http://localhost:37775/__cypress/runner/cypress_runner.js:162140:16)\n    at Async../node_modules/bluebird/js/release/async.js.Async._drainQueues (http://localhost:37775/__cypress/runner/cypress_runner.js:162150:10)\n    at Async.drainQueues (http://localhost:37775/__cypress/runner/cypress_runner.js:162024:14)",
                "diff": null
              },
              "uuid": "0f27aadf-5eab-447f-8373-34f7b95b381a",
              "parentUUID": "808f5641-920b-4bf4-881e-815513a23ee9",
              "isHook": false,
              "skipped": false
            },
            {
              "title": "Verifica se somente o pixel que foi clicado foi preenchido com a cor selecionada, sem influenciar na cor dos demais pixels.",
              "fullTitle": "8 - Clicar em um pixel dentro do quadro após selecionar uma cor na paleta, faz com que o pixel seja preenchido com a cor selecionada. Verifica se somente o pixel que foi clicado foi preenchido com a cor selecionada, sem influenciar na cor dos demais pixels.",
              "timedOut": null,
              "duration": 1699,
              "state": "passed",
              "speed": "slow",
              "pass": true,
              "fail": false,
              "pending": false,
              "context": null,
              "code": "var colorToPixelIndexMap = {\n  0: 6,\n  1: 8,\n  2: 16,\n  3: 18\n};\ncy.get('.color').each(function (color, index) {\n  cy.wrap(color).click();\n  var backgroundColor = color.css('background-color');\n  var clickedPixelIndex = colorToPixelIndexMap[index];\n  cy.get('.pixel').eq(clickedPixelIndex).click();\n  cy.get('.pixel').eq(clickedPixelIndex - 1).should('not.have.css', 'background-color', backgroundColor);\n  cy.get('.pixel').eq(clickedPixelIndex + 1).should('not.have.css', 'background-color', backgroundColor);\n  cy.get('.pixel').eq(clickedPixelIndex - 5).should('not.have.css', 'background-color', backgroundColor);\n  cy.get('.pixel').eq(clickedPixelIndex + 5).should('not.have.css', 'background-color', backgroundColor);\n  cy.get('.pixel').eq(clickedPixelIndex - 6).should('not.have.css', 'background-color', backgroundColor);\n  cy.get('.pixel').eq(clickedPixelIndex - 4).should('not.have.css', 'background-color', backgroundColor);\n  cy.get('.pixel').eq(clickedPixelIndex + 4).should('not.have.css', 'background-color', backgroundColor);\n  cy.get('.pixel').eq(clickedPixelIndex + 6).should('not.have.css', 'background-color', backgroundColor);\n});",
              "err": {},
              "uuid": "4bb9ac1a-63a3-4dfe-abf8-676c5d89a248",
              "parentUUID": "808f5641-920b-4bf4-881e-815513a23ee9",
              "isHook": false,
              "skipped": false
            }
          ],
          "suites": [],
          "passes": [
            "4bb9ac1a-63a3-4dfe-abf8-676c5d89a248"
          ],
          "failures": [
            "f9bcca65-37ba-49ac-83ee-dd6e87b3fe2d",
            "0f27aadf-5eab-447f-8373-34f7b95b381a"
          ],
          "pending": [],
          "skipped": [],
          "duration": 10835,
          "root": false,
          "rootEmpty": false,
          "_timeout": 2000
        },
        {
          "uuid": "76280443-7f7c-47b7-8d40-c870e79bf82e",
          "title": "9 - Crie um botão que, ao ser clicado, limpa o quadro preenchendo a cor de todos seus pixels com branco.",
          "fullFile": "",
          "file": "",
          "beforeHooks": [],
          "afterHooks": [],
          "tests": [
            {
              "title": "Verifica se o botão tem o `id` denominado `clear-board`",
              "fullTitle": "9 - Crie um botão que, ao ser clicado, limpa o quadro preenchendo a cor de todos seus pixels com branco. Verifica se o botão tem o `id` denominado `clear-board`",
              "timedOut": null,
              "duration": 4620,
              "state": "failed",
              "speed": null,
              "pass": false,
              "fail": true,
              "pending": false,
              "context": null,
              "code": "cy.get('#clear-board').should('be.visible');",
              "err": {
                "message": "CypressError: Timed out retrying: Expected to find element: '#clear-board', but never found it.",
                "estack": "CypressError: Timed out retrying: Expected to find element: '#clear-board', but never found it.\n    at cypressErr (http://localhost:37775/__cypress/runner/cypress_runner.js:149934:9)\n    at throwErr (http://localhost:37775/__cypress/runner/cypress_runner.js:149867:11)\n    at Object.throwErrByPath (http://localhost:37775/__cypress/runner/cypress_runner.js:149915:3)\n    at retry (http://localhost:37775/__cypress/runner/cypress_runner.js:144197:19)\n    at onFailFn (http://localhost:37775/__cypress/runner/cypress_runner.js:132448:16)\n    at tryCatcher (http://localhost:37775/__cypress/runner/cypress_runner.js:167415:23)\n    at Promise._settlePromiseFromHandler (http://localhost:37775/__cypress/runner/cypress_runner.js:165351:31)\n    at Promise._settlePromise (http://localhost:37775/__cypress/runner/cypress_runner.js:165408:18)\n    at Promise._settlePromise0 (http://localhost:37775/__cypress/runner/cypress_runner.js:165453:10)\n    at Promise._settlePromises (http://localhost:37775/__cypress/runner/cypress_runner.js:165528:18)\n    at Async../node_modules/bluebird/js/release/async.js.Async._drainQueue (http://localhost:37775/__cypress/runner/cypress_runner.js:162140:16)\n    at Async../node_modules/bluebird/js/release/async.js.Async._drainQueues (http://localhost:37775/__cypress/runner/cypress_runner.js:162150:10)\n    at Async.drainQueues (http://localhost:37775/__cypress/runner/cypress_runner.js:162024:14)",
                "diff": null
              },
              "uuid": "ead620e9-e61f-4d44-b7e9-59616a132eef",
              "parentUUID": "76280443-7f7c-47b7-8d40-c870e79bf82e",
              "isHook": false,
              "skipped": false
            },
            {
              "title": "Verifica se o botão está posicionado entre a paleta de cores e o quadro de pixels",
              "fullTitle": "9 - Crie um botão que, ao ser clicado, limpa o quadro preenchendo a cor de todos seus pixels com branco. Verifica se o botão está posicionado entre a paleta de cores e o quadro de pixels",
              "timedOut": null,
              "duration": 4361,
              "state": "failed",
              "speed": null,
              "pass": false,
              "fail": true,
              "pending": false,
              "context": null,
              "code": "cy.get('#color-palette').then(function (palette) {\n  cy.get('#clear-board').should('be.belowOf', palette);\n});\ncy.get('#clear-board').then(function (clearBtn) {\n  cy.get('#pixel-board').should('be.belowOf', clearBtn);\n});",
              "err": {
                "message": "CypressError: Timed out retrying: Expected to find element: '#clear-board', but never found it.",
                "estack": "CypressError: Timed out retrying: Expected to find element: '#clear-board', but never found it.\n    at cypressErr (http://localhost:37775/__cypress/runner/cypress_runner.js:149934:9)\n    at throwErr (http://localhost:37775/__cypress/runner/cypress_runner.js:149867:11)\n    at Object.throwErrByPath (http://localhost:37775/__cypress/runner/cypress_runner.js:149915:3)\n    at retry (http://localhost:37775/__cypress/runner/cypress_runner.js:144197:19)\n    at onFailFn (http://localhost:37775/__cypress/runner/cypress_runner.js:132448:16)\n    at tryCatcher (http://localhost:37775/__cypress/runner/cypress_runner.js:167415:23)\n    at Promise._settlePromiseFromHandler (http://localhost:37775/__cypress/runner/cypress_runner.js:165351:31)\n    at Promise._settlePromise (http://localhost:37775/__cypress/runner/cypress_runner.js:165408:18)\n    at Promise._settlePromise0 (http://localhost:37775/__cypress/runner/cypress_runner.js:165453:10)\n    at Promise._settlePromises (http://localhost:37775/__cypress/runner/cypress_runner.js:165528:18)\n    at Async../node_modules/bluebird/js/release/async.js.Async._drainQueue (http://localhost:37775/__cypress/runner/cypress_runner.js:162140:16)\n    at Async../node_modules/bluebird/js/release/async.js.Async._drainQueues (http://localhost:37775/__cypress/runner/cypress_runner.js:162150:10)\n    at Async.drainQueues (http://localhost:37775/__cypress/runner/cypress_runner.js:162024:14)",
                "diff": null
              },
              "uuid": "a015efe1-b061-496e-89fa-ab7ade06bd0c",
              "parentUUID": "76280443-7f7c-47b7-8d40-c870e79bf82e",
              "isHook": false,
              "skipped": false
            },
            {
              "title": "Verifica se o texto do botão é 'Limpar'",
              "fullTitle": "9 - Crie um botão que, ao ser clicado, limpa o quadro preenchendo a cor de todos seus pixels com branco. Verifica se o texto do botão é 'Limpar'",
              "timedOut": null,
              "duration": 4402,
              "state": "failed",
              "speed": null,
              "pass": false,
              "fail": true,
              "pending": false,
              "context": null,
              "code": "cy.get('#clear-board').should('contain.text', 'Limpar');",
              "err": {
                "message": "CypressError: Timed out retrying: Expected to find element: '#clear-board', but never found it.",
                "estack": "CypressError: Timed out retrying: Expected to find element: '#clear-board', but never found it.\n    at cypressErr (http://localhost:37775/__cypress/runner/cypress_runner.js:149934:9)\n    at throwErr (http://localhost:37775/__cypress/runner/cypress_runner.js:149867:11)\n    at Object.throwErrByPath (http://localhost:37775/__cypress/runner/cypress_runner.js:149915:3)\n    at retry (http://localhost:37775/__cypress/runner/cypress_runner.js:144197:19)\n    at onFailFn (http://localhost:37775/__cypress/runner/cypress_runner.js:132448:16)\n    at tryCatcher (http://localhost:37775/__cypress/runner/cypress_runner.js:167415:23)\n    at Promise._settlePromiseFromHandler (http://localhost:37775/__cypress/runner/cypress_runner.js:165351:31)\n    at Promise._settlePromise (http://localhost:37775/__cypress/runner/cypress_runner.js:165408:18)\n    at Promise._settlePromise0 (http://localhost:37775/__cypress/runner/cypress_runner.js:165453:10)\n    at Promise._settlePromises (http://localhost:37775/__cypress/runner/cypress_runner.js:165528:18)\n    at Async../node_modules/bluebird/js/release/async.js.Async._drainQueue (http://localhost:37775/__cypress/runner/cypress_runner.js:162140:16)\n    at Async../node_modules/bluebird/js/release/async.js.Async._drainQueues (http://localhost:37775/__cypress/runner/cypress_runner.js:162150:10)\n    at Async.drainQueues (http://localhost:37775/__cypress/runner/cypress_runner.js:162024:14)",
                "diff": null
              },
              "uuid": "8a2336db-a854-4e99-b657-752eaf4970ec",
              "parentUUID": "76280443-7f7c-47b7-8d40-c870e79bf82e",
              "isHook": false,
              "skipped": false
            },
            {
              "title": "Verifica se ao clicar no botão, o quadro de pixels é totalmente preenchido de branco",
              "fullTitle": "9 - Crie um botão que, ao ser clicado, limpa o quadro preenchendo a cor de todos seus pixels com branco. Verifica se ao clicar no botão, o quadro de pixels é totalmente preenchido de branco",
              "timedOut": null,
              "duration": 4686,
              "state": "failed",
              "speed": null,
              "pass": false,
              "fail": true,
              "pending": false,
              "context": null,
              "code": "cy.get('.color').eq(1).then(function (color) {\n  var backgroundColor = color.css('background-color');\n  cy.wrap(color).click();\n  cy.get('.pixel').each(function (pixel) {\n    cy.wrap(pixel).click().should('have.css', 'background-color', backgroundColor);\n  });\n});\ncy.get('#clear-board').click();\ncy.get('.pixel').each(function (pixel) {\n  cy.wrap(pixel).should('have.css', 'background-color', WHITE);\n});",
              "err": {
                "message": "CypressError: Timed out retrying: expected '<div.pixel>' to have CSS property 'background-color' with the value 'rgb(128, 128, 128)', but the value was 'rgb(255, 255, 255)'",
                "estack": "CypressError: Timed out retrying: expected '<div.pixel>' to have CSS property 'background-color' with the value 'rgb(128, 128, 128)', but the value was 'rgb(255, 255, 255)'\n    at cypressErr (http://localhost:37775/__cypress/runner/cypress_runner.js:149934:9)\n    at throwErr (http://localhost:37775/__cypress/runner/cypress_runner.js:149867:11)\n    at Object.throwErrByPath (http://localhost:37775/__cypress/runner/cypress_runner.js:149915:3)\n    at retry (http://localhost:37775/__cypress/runner/cypress_runner.js:144197:19)\n    at onFailFn (http://localhost:37775/__cypress/runner/cypress_runner.js:132448:16)\n    at tryCatcher (http://localhost:37775/__cypress/runner/cypress_runner.js:167415:23)\n    at Promise._settlePromiseFromHandler (http://localhost:37775/__cypress/runner/cypress_runner.js:165351:31)\n    at Promise._settlePromise (http://localhost:37775/__cypress/runner/cypress_runner.js:165408:18)\n    at Promise._settlePromise0 (http://localhost:37775/__cypress/runner/cypress_runner.js:165453:10)\n    at Promise._settlePromises (http://localhost:37775/__cypress/runner/cypress_runner.js:165528:18)\n    at Async../node_modules/bluebird/js/release/async.js.Async._drainQueue (http://localhost:37775/__cypress/runner/cypress_runner.js:162140:16)\n    at Async../node_modules/bluebird/js/release/async.js.Async._drainQueues (http://localhost:37775/__cypress/runner/cypress_runner.js:162150:10)\n    at Async.drainQueues (http://localhost:37775/__cypress/runner/cypress_runner.js:162024:14)",
                "diff": null
              },
              "uuid": "622a17f0-a1d2-478a-996d-b3d3dc02ef4b",
              "parentUUID": "76280443-7f7c-47b7-8d40-c870e79bf82e",
              "isHook": false,
              "skipped": false
            }
          ],
          "suites": [],
          "passes": [],
          "failures": [
            "ead620e9-e61f-4d44-b7e9-59616a132eef",
            "a015efe1-b061-496e-89fa-ab7ade06bd0c",
            "8a2336db-a854-4e99-b657-752eaf4970ec",
            "622a17f0-a1d2-478a-996d-b3d3dc02ef4b"
          ],
          "pending": [],
          "skipped": [],
          "duration": 18069,
          "root": false,
          "rootEmpty": false,
          "_timeout": 2000
        },
        {
          "uuid": "4cf5f38e-9cda-4f2d-b486-50361db22a01",
          "title": "10 - Faça o quadro de pixels ter seu tamanho definido pelo usuário.",
          "fullFile": "",
          "file": "",
          "beforeHooks": [],
          "afterHooks": [],
          "tests": [
            {
              "title": "Verifica se existe um input com o id `board-size`",
              "fullTitle": "10 - Faça o quadro de pixels ter seu tamanho definido pelo usuário. Verifica se existe um input com o id `board-size`",
              "timedOut": null,
              "duration": 4420,
              "state": "failed",
              "speed": null,
              "pass": false,
              "fail": true,
              "pending": false,
              "context": null,
              "code": "cy.get('#board-size').should('be.visible');",
              "err": {
                "message": "CypressError: Timed out retrying: Expected to find element: '#board-size', but never found it.",
                "estack": "CypressError: Timed out retrying: Expected to find element: '#board-size', but never found it.\n    at cypressErr (http://localhost:37775/__cypress/runner/cypress_runner.js:149934:9)\n    at throwErr (http://localhost:37775/__cypress/runner/cypress_runner.js:149867:11)\n    at Object.throwErrByPath (http://localhost:37775/__cypress/runner/cypress_runner.js:149915:3)\n    at retry (http://localhost:37775/__cypress/runner/cypress_runner.js:144197:19)\n    at onFailFn (http://localhost:37775/__cypress/runner/cypress_runner.js:132448:16)\n    at tryCatcher (http://localhost:37775/__cypress/runner/cypress_runner.js:167415:23)\n    at Promise._settlePromiseFromHandler (http://localhost:37775/__cypress/runner/cypress_runner.js:165351:31)\n    at Promise._settlePromise (http://localhost:37775/__cypress/runner/cypress_runner.js:165408:18)\n    at Promise._settlePromise0 (http://localhost:37775/__cypress/runner/cypress_runner.js:165453:10)\n    at Promise._settlePromises (http://localhost:37775/__cypress/runner/cypress_runner.js:165528:18)\n    at Async../node_modules/bluebird/js/release/async.js.Async._drainQueue (http://localhost:37775/__cypress/runner/cypress_runner.js:162140:16)\n    at Async../node_modules/bluebird/js/release/async.js.Async._drainQueues (http://localhost:37775/__cypress/runner/cypress_runner.js:162150:10)\n    at Async.drainQueues (http://localhost:37775/__cypress/runner/cypress_runner.js:162024:14)",
                "diff": null
              },
              "uuid": "9b048be4-9a26-4612-a251-6d97cd121152",
              "parentUUID": "4cf5f38e-9cda-4f2d-b486-50361db22a01",
              "isHook": false,
              "skipped": false
            },
            {
              "title": "Verifica se existe um botão com o id `generate-board`",
              "fullTitle": "10 - Faça o quadro de pixels ter seu tamanho definido pelo usuário. Verifica se existe um botão com o id `generate-board`",
              "timedOut": null,
              "duration": 4465,
              "state": "failed",
              "speed": null,
              "pass": false,
              "fail": true,
              "pending": false,
              "context": null,
              "code": "cy.get('#generate-board').should('be.visible');",
              "err": {
                "message": "CypressError: Timed out retrying: Expected to find element: '#generate-board', but never found it.",
                "estack": "CypressError: Timed out retrying: Expected to find element: '#generate-board', but never found it.\n    at cypressErr (http://localhost:37775/__cypress/runner/cypress_runner.js:149934:9)\n    at throwErr (http://localhost:37775/__cypress/runner/cypress_runner.js:149867:11)\n    at Object.throwErrByPath (http://localhost:37775/__cypress/runner/cypress_runner.js:149915:3)\n    at retry (http://localhost:37775/__cypress/runner/cypress_runner.js:144197:19)\n    at onFailFn (http://localhost:37775/__cypress/runner/cypress_runner.js:132448:16)\n    at tryCatcher (http://localhost:37775/__cypress/runner/cypress_runner.js:167415:23)\n    at Promise._settlePromiseFromHandler (http://localhost:37775/__cypress/runner/cypress_runner.js:165351:31)\n    at Promise._settlePromise (http://localhost:37775/__cypress/runner/cypress_runner.js:165408:18)\n    at Promise._settlePromise0 (http://localhost:37775/__cypress/runner/cypress_runner.js:165453:10)\n    at Promise._settlePromises (http://localhost:37775/__cypress/runner/cypress_runner.js:165528:18)\n    at Async../node_modules/bluebird/js/release/async.js.Async._drainQueue (http://localhost:37775/__cypress/runner/cypress_runner.js:162140:16)\n    at Async../node_modules/bluebird/js/release/async.js.Async._drainQueues (http://localhost:37775/__cypress/runner/cypress_runner.js:162150:10)\n    at Async.drainQueues (http://localhost:37775/__cypress/runner/cypress_runner.js:162024:14)",
                "diff": null
              },
              "uuid": "c8ca5768-2624-4b0a-b64f-fca419193de9",
              "parentUUID": "4cf5f38e-9cda-4f2d-b486-50361db22a01",
              "isHook": false,
              "skipped": false
            },
            {
              "title": "Verifica se o input só aceita número maiores que zero. Essa restrição deve ser feita usando os atributos do elemento `input`",
              "fullTitle": "10 - Faça o quadro de pixels ter seu tamanho definido pelo usuário. Verifica se o input só aceita número maiores que zero. Essa restrição deve ser feita usando os atributos do elemento `input`",
              "timedOut": null,
              "duration": 4446,
              "state": "failed",
              "speed": null,
              "pass": false,
              "fail": true,
              "pending": false,
              "context": null,
              "code": "cy.get('#board-size[type=\\'number\\'][min=\\'1\\']');",
              "err": {
                "message": "CypressError: Timed out retrying: Expected to find element: '#board-size[type='number'][min='1']', but never found it.",
                "estack": "CypressError: Timed out retrying: Expected to find element: '#board-size[type='number'][min='1']', but never found it.\n    at cypressErr (http://localhost:37775/__cypress/runner/cypress_runner.js:149934:9)\n    at throwErr (http://localhost:37775/__cypress/runner/cypress_runner.js:149867:11)\n    at Object.throwErrByPath (http://localhost:37775/__cypress/runner/cypress_runner.js:149915:3)\n    at retry (http://localhost:37775/__cypress/runner/cypress_runner.js:144197:19)\n    at onFailFn (http://localhost:37775/__cypress/runner/cypress_runner.js:132448:16)\n    at tryCatcher (http://localhost:37775/__cypress/runner/cypress_runner.js:167415:23)\n    at Promise._settlePromiseFromHandler (http://localhost:37775/__cypress/runner/cypress_runner.js:165351:31)\n    at Promise._settlePromise (http://localhost:37775/__cypress/runner/cypress_runner.js:165408:18)\n    at Promise._settlePromise0 (http://localhost:37775/__cypress/runner/cypress_runner.js:165453:10)\n    at Promise._settlePromises (http://localhost:37775/__cypress/runner/cypress_runner.js:165528:18)\n    at Async../node_modules/bluebird/js/release/async.js.Async._drainQueue (http://localhost:37775/__cypress/runner/cypress_runner.js:162140:16)\n    at Async../node_modules/bluebird/js/release/async.js.Async._drainQueues (http://localhost:37775/__cypress/runner/cypress_runner.js:162150:10)\n    at Async.drainQueues (http://localhost:37775/__cypress/runner/cypress_runner.js:162024:14)",
                "diff": null
              },
              "uuid": "36fe7a8b-2f87-4cc7-8f94-009c367f4d86",
              "parentUUID": "4cf5f38e-9cda-4f2d-b486-50361db22a01",
              "isHook": false,
              "skipped": false
            },
            {
              "title": "Verifica se o botão contém o texto 'VQV'",
              "fullTitle": "10 - Faça o quadro de pixels ter seu tamanho definido pelo usuário. Verifica se o botão contém o texto 'VQV'",
              "timedOut": null,
              "duration": 4594,
              "state": "failed",
              "speed": null,
              "pass": false,
              "fail": true,
              "pending": false,
              "context": null,
              "code": "cy.get('#generate-board').contains(/vqv/i);",
              "err": {
                "message": "CypressError: Timed out retrying: Expected to find element: '#generate-board', but never found it.",
                "estack": "CypressError: Timed out retrying: Expected to find element: '#generate-board', but never found it.\n    at cypressErr (http://localhost:37775/__cypress/runner/cypress_runner.js:149934:9)\n    at throwErr (http://localhost:37775/__cypress/runner/cypress_runner.js:149867:11)\n    at Object.throwErrByPath (http://localhost:37775/__cypress/runner/cypress_runner.js:149915:3)\n    at retry (http://localhost:37775/__cypress/runner/cypress_runner.js:144197:19)\n    at onFailFn (http://localhost:37775/__cypress/runner/cypress_runner.js:132448:16)\n    at tryCatcher (http://localhost:37775/__cypress/runner/cypress_runner.js:167415:23)\n    at Promise._settlePromiseFromHandler (http://localhost:37775/__cypress/runner/cypress_runner.js:165351:31)\n    at Promise._settlePromise (http://localhost:37775/__cypress/runner/cypress_runner.js:165408:18)\n    at Promise._settlePromise0 (http://localhost:37775/__cypress/runner/cypress_runner.js:165453:10)\n    at Promise._settlePromises (http://localhost:37775/__cypress/runner/cypress_runner.js:165528:18)\n    at Async../node_modules/bluebird/js/release/async.js.Async._drainQueue (http://localhost:37775/__cypress/runner/cypress_runner.js:162140:16)\n    at Async../node_modules/bluebird/js/release/async.js.Async._drainQueues (http://localhost:37775/__cypress/runner/cypress_runner.js:162150:10)\n    at Async.drainQueues (http://localhost:37775/__cypress/runner/cypress_runner.js:162024:14)",
                "diff": null
              },
              "uuid": "c7b00a4c-0679-48a2-8333-9598061fee31",
              "parentUUID": "4cf5f38e-9cda-4f2d-b486-50361db22a01",
              "isHook": false,
              "skipped": false
            },
            {
              "title": "Verifica se o input está posicionado entre a paleta de cores e o quadro de pixels",
              "fullTitle": "10 - Faça o quadro de pixels ter seu tamanho definido pelo usuário. Verifica se o input está posicionado entre a paleta de cores e o quadro de pixels",
              "timedOut": null,
              "duration": 4562,
              "state": "failed",
              "speed": null,
              "pass": false,
              "fail": true,
              "pending": false,
              "context": null,
              "code": "cy.get('#color-palette').then(function (palette) {\n  cy.get('#board-size').should('be.belowOf', palette);\n});\ncy.get('#board-size').then(function (palette) {\n  cy.get('#pixel-board').should('be.belowOf', palette);\n});",
              "err": {
                "message": "CypressError: Timed out retrying: Expected to find element: '#board-size', but never found it.",
[...]
                "diff": null
              },
              "uuid": "7b23d590-1d1d-433d-a25e-54d73b9a8389",
              "parentUUID": "4cf5f38e-9cda-4f2d-b486-50361db22a01",
              "isHook": false,
              "skipped": false
            },
            {
              "title": "Verifica se o novo quadro tem todos os pixels preenchidos com a cor branca",
              "fullTitle": "10 - Faça o quadro de pixels ter seu tamanho definido pelo usuário. Verifica se o novo quadro tem todos os pixels preenchidos com a cor branca",
              "timedOut": null,
              "duration": 4603,
              "state": "failed",
              "speed": null,
              "pass": false,
              "fail": true,
              "pending": false,
              "context": null,
              "code": "cy.get('#board-size').clear().type(6);\ncy.get('#generate-board').click();\ncy.get('.pixel').should('have.length', 36).each(function (pixel) {\n  expect(pixel).to.have.css('background-color', WHITE);\n});",
              "err": {
                "message": "CypressError: Timed out retrying: Expected to find element: '#board-size', but never found it.",
                "estack": "CypressError: Timed out retrying: Expected to find element: '#board-size', but never found it.\n    at cypressErr (http://localhost:37775/__cypress/runner/cypress_runner.js:149934:9)\n    at throwErr (http://localhost:37775/__cypress/runner/cypress_runner.js:149867:11)\n    at Object.throwErrByPath (http://localhost:37775/__cypress/runner/cypress_runner.js:149915:3)\n    at retry (http://localhost:37775/__cypress/runner/cypress_runner.js:144197:19)\n    at onFailFn (http://localhost:37775/__cypress/runner/cypress_runner.js:132448:16)\n    at tryCatcher (http://localhost:37775/__cypress/runner/cypress_runner.js:167415:23)\n    at Promise._settlePromiseFromHandler (http://localhost:37775/__cypress/runner/cypress_runner.js:165351:31)\n    at Promise._settlePromise (http://localhost:37775/__cypress/runner/cypress_runner.js:165408:18)\n    at Promise._settlePromise0 (http://localhost:37775/__cypress/runner/cypress_runner.js:165453:10)\n    at Promise._settlePromises (http://localhost:37775/__cypress/runner/cypress_runner.js:165528:18)\n    at Async../node_modules/bluebird/js/release/async.js.Async._drainQueue (http://localhost:37775/__cypress/runner/cypress_runner.js:162140:16)\n    at Async../node_modules/bluebird/js/release/async.js.Async._drainQueues (http://localhost:37775/__cypress/runner/cypress_runner.js:162150:10)\n    at Async.drainQueues (http://localhost:37775/__cypress/runner/cypress_runner.js:162024:14)",
                "diff": null
              },
              "uuid": "eba0a966-12a0-49a1-a889-73c71b24b608",
              "parentUUID": "4cf5f38e-9cda-4f2d-b486-50361db22a01",
              "isHook": false,
              "skipped": false
            }
          ],
          "suites": [],
          "passes": [],
          "failures": [
            "9b048be4-9a26-4612-a251-6d97cd121152",
            "c8ca5768-2624-4b0a-b64f-fca419193de9",
            "36fe7a8b-2f87-4cc7-8f94-009c367f4d86",
            "c7b00a4c-0679-48a2-8333-9598061fee31",
            "55df5b0b-4138-4a82-bbc5-6fda2a453603",
            "d1585c26-d2ff-4b19-b435-abdcd26c5d4a",
            "530f0e73-d5a4-490c-ab45-87e71ca56957",
            "7b23d590-1d1d-433d-a25e-54d73b9a8389",
            "eba0a966-12a0-49a1-a889-73c71b24b608"
          ],
          "pending": [],
          "skipped": [],
          "duration": 40616,
          "root": false,
          "rootEmpty": false,
          "_timeout": 2000
        },
        {
          "uuid": "85a2cb32-8681-48a9-ad8b-31cf1d3aebdc",
          "title": "11 - Limite o tamanho mínimo e máximo do board.",
          "fullFile": "",
          "file": "",
          "beforeHooks": [],
          "afterHooks": [],
          "tests": [
            {
              "title": "Verifica se a altura máxima do board é 50",
              "fullTitle": "11 - Limite o tamanho mínimo e máximo do board. Verifica se a altura máxima do board é 50",
              "timedOut": null,
              "duration": 4625,
              "state": "failed",
              "speed": null,
              "pass": false,
              "fail": true,
              "pending": false,
              "context": null,
              "code": "cy.get('#board-size').clear().type(50);\ncy.get('#generate-board').click();\ncy.get('.pixel').should('have.length', 2500);",
              "err": {
                "message": "CypressError: Timed out retrying: Expected to find element: '#board-size', but never found it.",
                "estack": "CypressError: Timed out retrying: Expected to find element: '#board-size', but never found it.\n    at cypressErr (http://localhost:37775/__cypress/runner/cypress_runner.js:149934:9)\n    at throwErr (http://localhost:37775/__cypress/runner/cypress_runner.js:149867:11)\n    at Object.throwErrByPath (http://localhost:37775/__cypress/runner/cypress_runner.js:149915:3)\n    at retry (http://localhost:37775/__cypress/runner/cypress_runner.js:144197:19)\n    at onFailFn (http://localhost:37775/__cypress/runner/cypress_runner.js:132448:16)\n    at tryCatcher (http://localhost:37775/__cypress/runner/cypress_runner.js:167415:23)\n    at Promise._settlePromiseFromHandler (http://localhost:37775/__cypress/runner/cypress_runner.js:165351:31)\n    at Promise._settlePromise (http://localhost:37775/__cypress/runner/cypress_runner.js:165408:18)\n    at Promise._settlePromise0 (http://localhost:37775/__cypress/runner/cypress_runner.js:165453:10)\n    at Promise._settlePromises (http://localhost:37775/__cypress/runner/cypress_runner.js:165528:18)\n    at Async../node_modules/bluebird/js/release/async.js.Async._drainQueue (http://localhost:37775/__cypress/runner/cypress_runner.js:162140:16)\n    at Async../node_modules/bluebird/js/release/async.js.Async._drainQueues (http://localhost:37775/__cypress/runner/cypress_runner.js:162150:10)\n    at Async.drainQueues (http://localhost:37775/__cypress/runner/cypress_runner.js:162024:14)",
                "diff": null
              },
              "uuid": "0bc1283d-8e08-44f4-be89-cd18e33170da",
              "parentUUID": "85a2cb32-8681-48a9-ad8b-31cf1d3aebdc",
              "isHook": false,
              "skipped": false
            },
            {
              "title": "Verifica se a altura do board é 5 quando um valor menor é colocado no input",
              "fullTitle": "11 - Limite o tamanho mínimo e máximo do board. Verifica se a altura do board é 5 quando um valor menor é colocado no input",
              "timedOut": null,
              "duration": 4548,
              "state": "failed",
              "speed": null,
              "pass": false,
              "fail": true,
              "pending": false,
              "context": null,
              "code": "cy.get('#board-size').clear().type(4);\ncy.get('#generate-board').click();\ncy.get('.pixel').should('have.length', 25);",
              "err": {
                "message": "CypressError: Timed out retrying: Expected to find element: '#board-size', but never found it.",
                "estack": "CypressError: Timed out retrying: Expected to find element: '#board-size', but never found it.\n    at cypressErr (http://localhost:37775/__cypress/runner/cypress_runner.js:149934:9)\n    at throwErr (http://localhost:37775/__cypress/runner/cypress_runner.js:149867:11)\n    at Object.throwErrByPath (http://localhost:37775/__cypress/runner/cypress_runner.js:149915:3)\n    at retry (http://localhost:37775/__cypress/runner/cypress_runner.js:144197:19)\n    at onFailFn (http://localhost:37775/__cypress/runner/cypress_runner.js:132448:16)\n    at tryCatcher (http://localhost:37775/__cypress/runner/cypress_runner.js:167415:23)\n    at Promise._settlePromiseFromHandler (http://localhost:37775/__cypress/runner/cypress_runner.js:165351:31)\n    at Promise._settlePromise (http://localhost:37775/__cypress/runner/cypress_runner.js:165408:18)\n    at Promise._settlePromise0 (http://localhost:37775/__cypress/runner/cypress_runner.js:165453:10)\n    at Promise._settlePromises (http://localhost:37775/__cypress/runner/cypress_runner.js:165528:18)\n    at Async../node_modules/bluebird/js/release/async.js.Async._drainQueue (http://localhost:37775/__cypress/runner/cypress_runner.js:162140:16)\n    at Async../node_modules/bluebird/js/release/async.js.Async._drainQueues (http://localhost:37775/__cypress/runner/cypress_runner.js:162150:10)\n    at Async.drainQueues (http://localhost:37775/__cypress/runner/cypress_runner.js:162024:14)",
                "diff": null
              },
              "uuid": "0b060365-c2e4-4b9a-b74b-2abd459f7a1d",
              "parentUUID": "85a2cb32-8681-48a9-ad8b-31cf1d3aebdc",
              "isHook": false,
              "skipped": false
            },
            {
              "title": "Verifica se a altura do board é 50 quando um valor maior é colocado no input",
              "fullTitle": "11 - Limite o tamanho mínimo e máximo do board. Verifica se a altura do board é 50 quando um valor maior é colocado no input",
              "timedOut": null,
              "duration": 4490,
              "state": "failed",
              "speed": null,
              "pass": false,
              "fail": true,
              "pending": false,
              "context": null,
              "code": "cy.get('#board-size').clear().type(51);\ncy.get('#generate-board').click();\ncy.get('.pixel').should('have.length', 2500);",
              "err": {
                "message": "CypressError: Timed out retrying: Expected to find element: '#board-size', but never found it.",
                "estack": "CypressError: Timed out retrying: Expected to find element: '#board-size', but never found it.\n    at cypressErr (http://localhost:37775/__cypress/runner/cypress_runner.js:149934:9)\n    at throwErr (http://localhost:37775/__cypress/runner/cypress_runner.js:149867:11)\n    at Object.throwErrByPath (http://localhost:37775/__cypress/runner/cypress_runner.js:149915:3)\n    at retry (http://localhost:37775/__cypress/runner/cypress_runner.js:144197:19)\n    at onFailFn (http://localhost:37775/__cypress/runner/cypress_runner.js:132448:16)\n    at tryCatcher (http://localhost:37775/__cypress/runner/cypress_runner.js:167415:23)\n    at Promise._settlePromiseFromHandler (http://localhost:37775/__cypress/runner/cypress_runner.js:165351:31)\n    at Promise._settlePromise (http://localhost:37775/__cypress/runner/cypress_runner.js:165408:18)\n    at Promise._settlePromise0 (http://localhost:37775/__cypress/runner/cypress_runner.js:165453:10)\n    at Promise._settlePromises (http://localhost:37775/__cypress/runner/cypress_runner.js:165528:18)\n    at Async../node_modules/bluebird/js/release/async.js.Async._drainQueue (http://localhost:37775/__cypress/runner/cypress_runner.js:162140:16)\n    at Async../node_modules/bluebird/js/release/async.js.Async._drainQueues (http://localhost:37775/__cypress/runner/cypress_runner.js:162150:10)\n    at Async.drainQueues (http://localhost:37775/__cypress/runner/cypress_runner.js:162024:14)",
                "diff": null
              },
              "uuid": "667769a6-67ac-45be-9af0-a5757cbbbd82",
              "parentUUID": "85a2cb32-8681-48a9-ad8b-31cf1d3aebdc",
              "isHook": false,
              "skipped": false
            }
          ],
          "suites": [],
          "passes": [],
          "failures": [
            "0bc1283d-8e08-44f4-be89-cd18e33170da",
            "0b060365-c2e4-4b9a-b74b-2abd459f7a1d",
            "667769a6-67ac-45be-9af0-a5757cbbbd82"
          ],
          "pending": [],
          "skipped": [],
          "duration": 13663,
          "root": false,
          "rootEmpty": false,
          "_timeout": 2000
        },
        {
          "uuid": "f6bf2814-3103-4eab-b96f-b43ac0f270ed",
          "title": "12 - Faça com que as cores da paleta sejam geradas aleatoriamente ao carregar a página.",
          "fullFile": "",
          "file": "",
          "beforeHooks": [],
          "afterHooks": [],
          "tests": [
            {
              "title": "Verifica se as cores geradas na paleta são diferentes a cada carregamento da página",
              "fullTitle": "12 - Faça com que as cores da paleta sejam geradas aleatoriamente ao carregar a página. Verifica se as cores geradas na paleta são diferentes a cada carregamento da página",
              "timedOut": null,
              "duration": 660,
              "state": "failed",
              "speed": null,
              "pass": false,
              "fail": true,
              "pending": false,
              "context": null,
              "code": "cy.get('.color').then(function (colors) {\n  var currentColors;\n  var previousColors;\n  previousColors = Array.from(colors).map(function (color) {\n    return Cypress.$(color).css('background-color');\n  });\n  for (var i = 0; i < 5; i += 1) {\n    cy.reload();\n    cy.get('.color').then(function (colors) {\n      currentColors = Array.from(colors).map(function (color) {\n        return Cypress.$(color).css('background-color');\n      });\n      expect(currentColors).not.to.deep.equal(previousColors);\n      previousColors = currentColors;\n    });\n  }\n});",
              "err": {
                "message": "AssertionError: expected [ Array(4) ] to not deeply equal [ Array(4) ]",
                "estack": "AssertionError: expected [ Array(4) ] to not deeply equal [ Array(4) ]\n    at getRet (http://localhost:37775/__cypress/runner/cypress_runner.js:136585:16)\n    at tryCatcher (http://localhost:37775/__cypress/runner/cypress_runner.js:167415:23)\n    at Function.Promise.attempt.Promise.try (http://localhost:37775/__cypress/runner/cypress_runner.js:164690:29)\n    at Context.thenFn (http://localhost:37775/__cypress/runner/cypress_runner.js:136599:23)\n    at Context.then (http://localhost:37775/__cypress/runner/cypress_runner.js:136971:21)\n    at Context.<anonymous> (http://localhost:37775/__cypress/runner/cypress_runner.js:148875:21)\n    at http://localhost:37775/__cypress/runner/cypress_runner.js:148351:33\n    at tryCatcher (http://localhost:37775/__cypress/runner/cypress_runner.js:167415:23)\n    at Promise._settlePromiseFromHandler (http://localhost:37775/__cypress/runner/cypress_runner.js:165351:31)\n    at Promise._settlePromise (http://localhost:37775/__cypress/runner/cypress_runner.js:165408:18)\n    at Promise._settlePromiseCtx (http://localhost:37775/__cypress/runner/cypress_runner.js:165445:10)\n    at Async../node_modules/bluebird/js/release/async.js.Async._drainQueue (http://localhost:37775/__cypress/runner/cypress_runner.js:162145:12)\n    at Async../node_modules/bluebird/js/release/async.js.Async._drainQueues (http://localhost:37775/__cypress/runner/cypress_runner.js:162150:10)\n    at Async.drainQueues (http://localhost:37775/__cypress/runner/cypress_runner.js:162024:14)",
                "diff": ""
              },
              "uuid": "098daa5b-1dd8-4f6c-8945-d40a9bf6a164",
              "parentUUID": "f6bf2814-3103-4eab-b96f-b43ac0f270ed",
              "isHook": false,
              "skipped": false
            },
            {
              "title": "Verifica se a cor preta ainda está presente e é a primeira na sua paleta de cores",
              "fullTitle": "12 - Faça com que as cores da paleta sejam geradas aleatoriamente ao carregar a página. Verifica se a cor preta ainda está presente e é a primeira na sua paleta de cores",
              "timedOut": null,
              "duration": 548,
              "state": "failed",
              "speed": null,
              "pass": false,
              "fail": true,
              "pending": false,
              "context": null,
              "code": "cy.get('.color').then(function (colors) {\n  var currentColors;\n  var previousColors;\n  previousColors = Array.from(colors).map(function (color) {\n    return Cypress.$(color).css('background-color');\n  });\n  expect(previousColors[0]).to.eq(BLACK);\n  for (var i = 0; i < 5; i += 1) {\n    cy.reload();\n    cy.get('.color').then(function (colors) {\n      currentColors = Array.from(colors).map(function (color) {\n        return Cypress.$(color).css('background-color');\n      });\n      expect(currentColors[0]).to.eq(BLACK);\n      expect(currentColors).not.to.deep.equal(previousColors);\n      previousColors = currentColors;\n    });\n  }\n});",
              "err": {
                "message": "AssertionError: expected [ Array(4) ] to not deeply equal [ Array(4) ]",
                "estack": "AssertionError: expected [ Array(4) ] to not deeply equal [ Array(4) ]\n    at getRet (http://localhost:37775/__cypress/runner/cypress_runner.js:136585:16)\n    at tryCatcher (http://localhost:37775/__cypress/runner/cypress_runner.js:167415:23)\n    at Function.Promise.attempt.Promise.try (http://localhost:37775/__cypress/runner/cypress_runner.js:164690:29)\n    at Context.thenFn (http://localhost:37775/__cypress/runner/cypress_runner.js:136599:23)\n    at Context.then (http://localhost:37775/__cypress/runner/cypress_runner.js:136971:21)\n    at Context.<anonymous> (http://localhost:37775/__cypress/runner/cypress_runner.js:148875:21)\n    at http://localhost:37775/__cypress/runner/cypress_runner.js:148351:33\n    at tryCatcher (http://localhost:37775/__cypress/runner/cypress_runner.js:167415:23)\n    at Promise._settlePromiseFromHandler (http://localhost:37775/__cypress/runner/cypress_runner.js:165351:31)\n    at Promise._settlePromise (http://localhost:37775/__cypress/runner/cypress_runner.js:165408:18)\n    at Promise._settlePromiseCtx (http://localhost:37775/__cypress/runner/cypress_runner.js:165445:10)\n    at Async../node_modules/bluebird/js/release/async.js.Async._drainQueue (http://localhost:37775/__cypress/runner/cypress_runner.js:162145:12)\n    at Async../node_modules/bluebird/js/release/async.js.Async._drainQueues (http://localhost:37775/__cypress/runner/cypress_runner.js:162150:10)\n    at Async.drainQueues (http://localhost:37775/__cypress/runner/cypress_runner.js:162024:14)",
                "diff": ""
              },
              "uuid": "87a9a8b6-b749-4165-b9d3-f23fb0061fe7",
              "parentUUID": "f6bf2814-3103-4eab-b96f-b43ac0f270ed",
              "isHook": false,
              "skipped": false
            }
          ],
          "suites": [],
          "passes": [],
          "failures": [
            "098daa5b-1dd8-4f6c-8945-d40a9bf6a164",
            "87a9a8b6-b749-4165-b9d3-f23fb0061fe7"
          ],
          "pending": [],
          "skipped": [],
          "duration": 1208,
          "root": false,
          "rootEmpty": false,
          "_timeout": 2000
        }
      ],
      "passes": [],
      "failures": [],
      "pending": [],
      "skipped": [],
      "duration": 0,
      "root": true,
      "rootEmpty": true,
      "_timeout": 2000
    }
  ],
  "meta": {
    "mocha": {
      "version": "7.0.1"
    },
    "mochawesome": {
      "options": {
        "quiet": false,
        "reportFilename": "mochawesome",
        "saveHtml": false,
        "saveJson": true,
        "consoleReporter": "spec",
        "useInlineDiffs": false
      },
      "version": "4.1.0"
    },
    "marge": {
      "options": {
        "id": "default",
        "reportDir": "cypress/reports",
        "overwrite": true,
        "html": false,
        "json": true
      },
      "version": "4.1.0"
    }
  }
}