{
  "stats": {
    "suites": 12,
    "tests": 41,
    "passes": 21,
    "pending": 0,
    "failures": 20,
    "start": "2021-09-12T00:23:22.241Z",
    "end": "2021-09-12T00:24:55.584Z",
    "duration": 93343,
    "testsRegistered": 41,
    "passPercent": 51.21951219512195,
    "pendingPercent": 0,
    "other": 0,
    "hasOther": false,
    "skipped": 0,
    "hasSkipped": false
  },
  "results": [
    {
      "uuid": "cabb20a8-bcdc-4c0b-9ec6-561215b7189d",
      "title": "",
      "fullFile": "cypress/integration/project.spec.js",
      "file": "cypress/integration/project.spec.js",
      "beforeHooks": [],
      "afterHooks": [],
      "tests": [],
      "suites": [
        {
          "uuid": "d685b6ce-61d4-44bf-871f-050a910f474a",
          "title": "1 - Adicione à página o título \"Paleta de Cores\".",
          "fullFile": "",
          "file": "",
          "beforeHooks": [],
          "afterHooks": [],
          "tests": [
            {
              "title": "Verifica se contém um elemento `h1` com o id `title` com o título correto",
              "fullTitle": "1 - Adicione à página o título \"Paleta de Cores\". Verifica se contém um elemento `h1` com o id `title` com o título correto",
              "timedOut": null,
              "duration": 227,
              "state": "passed",
              "speed": "slow",
              "pass": true,
              "fail": false,
              "pending": false,
              "context": null,
              "code": "cy.get('h1#title').should('contain.text', 'Paleta de Cores');",
              "err": {},
              "uuid": "9489983c-55ba-4476-bba3-e54eb7dfca9b",
              "parentUUID": "d685b6ce-61d4-44bf-871f-050a910f474a",
              "isHook": false,
              "skipped": false
            }
          ],
          "suites": [],
          "passes": [
            "9489983c-55ba-4476-bba3-e54eb7dfca9b"
          ],
          "failures": [],
          "pending": [],
          "skipped": [],
          "duration": 227,
          "root": false,
          "rootEmpty": false,
          "_timeout": 2000
        },
        {
          "uuid": "c334ec80-d2b9-4a51-995a-171492f11c11",
          "title": "2 - Adicione à página uma paleta de quatro cores distintas.",
          "fullFile": "",
          "file": "",
          "beforeHooks": [],
          "afterHooks": [],
          "tests": [
            {
              "title": "A paleta de cores deve ser um elemento com `id` denominado `color-palette`",
              "fullTitle": "2 - Adicione à página uma paleta de quatro cores distintas. A paleta de cores deve ser um elemento com `id` denominado `color-palette`",
              "timedOut": null,
              "duration": 163,
              "state": "passed",
              "speed": "slow",
              "pass": true,
              "fail": false,
              "pending": false,
              "context": null,
              "code": "cy.get('#color-palette').should('be.visible');\ncy.get('#color-palette').children('.color');",
              "err": {},
              "uuid": "c7d9ed26-9417-4fb3-b253-e3960dac7140",
              "parentUUID": "c334ec80-d2b9-4a51-995a-171492f11c11",
              "isHook": false,
              "skipped": false
            },
            {
              "title": "Verifica se cada cor individual da paleta de cores possui a `classe` chamada `color`.",
              "fullTitle": "2 - Adicione à página uma paleta de quatro cores distintas. Verifica se cada cor individual da paleta de cores possui a `classe` chamada `color`.",
              "timedOut": null,
              "duration": 178,
              "state": "passed",
              "speed": "slow",
              "pass": true,
              "fail": false,
              "pending": false,
              "context": null,
              "code": "cy.get('.color').should('have.length', 4).then(function (colors) {\n  for (var i = 0; i < colors.length; i++) {\n    cy.wrap(colors[i]).should('be.visible');\n  }\n});",
              "err": {},
              "uuid": "b0ddf3d1-a8da-473c-a114-7d4baae5c9de",
              "parentUUID": "c334ec80-d2b9-4a51-995a-171492f11c11",
              "isHook": false,
              "skipped": false
            },
            {
              "title": "Verifica se a cor de fundo de cada elemento da paleta é a cor que o elemento representa. **A única cor não permitida na paleta é a cor branca.**",
              "fullTitle": "2 - Adicione à página uma paleta de quatro cores distintas. Verifica se a cor de fundo de cada elemento da paleta é a cor que o elemento representa. **A única cor não permitida na paleta é a cor branca.**",
              "timedOut": null,
              "duration": 204,
              "state": "passed",
              "speed": "slow",
              "pass": true,
              "fail": false,
              "pending": false,
              "context": null,
              "code": "cy.get('.color').each(function (color) {\n  cy.wrap(color).should('have.class', 'color').and('not.have.css', 'background-color', WHITE);\n  cy.wrap(color).should('have.css', 'background-color');\n});",
              "err": {},
              "uuid": "e08c76e9-f678-4f0e-b765-d0895e785b05",
              "parentUUID": "c334ec80-d2b9-4a51-995a-171492f11c11",
              "isHook": false,
              "skipped": false
            },
            {
              "title": "Verifica se cada elemento da paleta de cores tem uma borda preta, sólida e com 1 pixel de largura;",
              "fullTitle": "2 - Adicione à página uma paleta de quatro cores distintas. Verifica se cada elemento da paleta de cores tem uma borda preta, sólida e com 1 pixel de largura;",
              "timedOut": null,
              "duration": 167,
              "state": "passed",
              "speed": "slow",
              "pass": true,
              "fail": false,
              "pending": false,
              "context": null,
              "code": "cy.get('.color').each(function (color) {\n  cy.wrap(color).and('have.css', 'border', \"1px solid \".concat(BLACK)).and('have.class', 'color');\n});",
              "err": {},
              "uuid": "fb71cd6f-c752-42f6-8264-974fda56df11",
              "parentUUID": "c334ec80-d2b9-4a51-995a-171492f11c11",
              "isHook": false,
              "skipped": false
            },
            {
              "title": "Verifica se a paleta lista todas as cores disponíveis para utilização, lado a lado.",
              "fullTitle": "2 - Adicione à página uma paleta de quatro cores distintas. Verifica se a paleta lista todas as cores disponíveis para utilização, lado a lado.",
              "timedOut": null,
              "duration": 115,
              "state": "passed",
              "speed": "slow",
              "pass": true,
              "fail": false,
              "pending": false,
              "context": null,
              "code": "cy.get('.color').then(function (colors) {\n  for (var index = 1; index < colors.length; index += 1) {\n    var currentColor = colors[index];\n    var previousColor = colors[index - 1];\n    cy.wrap(currentColor).should('be.onTheRightOf', previousColor).and('be.horizontallyAlignedWith', previousColor);\n  }\n});",
              "err": {},
              "uuid": "97c5c569-b71c-4553-98b8-612b4574447b",
              "parentUUID": "c334ec80-d2b9-4a51-995a-171492f11c11",
              "isHook": false,
              "skipped": false
            },
            {
              "title": "Verifica se a paleta de cores está posicionada abaixo do título 'Paleta de Cores'",
              "fullTitle": "2 - Adicione à página uma paleta de quatro cores distintas. Verifica se a paleta de cores está posicionada abaixo do título 'Paleta de Cores'",
              "timedOut": null,
              "duration": 113,
              "state": "passed",
              "speed": "slow",
              "pass": true,
              "fail": false,
              "pending": false,
              "context": null,
              "code": "cy.get('h1#title').then(function (title) {\n  cy.get('#color-palette').should('be.belowOf', title);\n});",
              "err": {},
              "uuid": "bfeadc70-a03d-4286-8a5a-259587581bd8",
              "parentUUID": "c334ec80-d2b9-4a51-995a-171492f11c11",
              "isHook": false,
              "skipped": false
            },
            {
              "title": "Verifica se a paleta de cores não contém cores repetidas.",
              "fullTitle": "2 - Adicione à página uma paleta de quatro cores distintas. Verifica se a paleta de cores não contém cores repetidas.",
              "timedOut": null,
              "duration": 133,
              "state": "passed",
              "speed": "slow",
              "pass": true,
              "fail": false,
              "pending": false,
              "context": null,
              "code": "cy.get('.color').then(function (colors) {\n  var allColors = Array.from(colors).map(function (color) {\n    return Cypress.$(color).css('background-color');\n  });\n  cy.log(allColors);\n  var uniqColors = (0, _toConsumableArray2[\"default\"])(new Set(allColors));\n  cy.log(uniqColors);\n  expect(allColors.length).to.eq(uniqColors.length);\n});",
              "err": {},
              "uuid": "f4becaaa-d9fe-45aa-8ea2-5765727f084d",
              "parentUUID": "c334ec80-d2b9-4a51-995a-171492f11c11",
              "isHook": false,
              "skipped": false
            }
          ],
          "suites": [],
          "passes": [
            "c7d9ed26-9417-4fb3-b253-e3960dac7140",
            "b0ddf3d1-a8da-473c-a114-7d4baae5c9de",
            "e08c76e9-f678-4f0e-b765-d0895e785b05",
            "fb71cd6f-c752-42f6-8264-974fda56df11",
            "97c5c569-b71c-4553-98b8-612b4574447b",
            "bfeadc70-a03d-4286-8a5a-259587581bd8",
            "f4becaaa-d9fe-45aa-8ea2-5765727f084d"
          ],
          "failures": [],
          "pending": [],
          "skipped": [],
          "duration": 1073,
          "root": false,
          "rootEmpty": false,
          "_timeout": 2000
        },
        {
          "uuid": "ae4fbf2b-447e-48e1-855f-1a91d02dc675",
          "title": "3 - Adicione a cor **preta** como a primeira cor da paleta de cores.",
          "fullFile": "",
          "file": "",
          "beforeHooks": [],
          "afterHooks": [],
          "tests": [
            {
              "title": "Verifica se a primeira cor da paleta é preta",
              "fullTitle": "3 - Adicione a cor **preta** como a primeira cor da paleta de cores. Verifica se a primeira cor da paleta é preta",
              "timedOut": null,
              "duration": 99,
              "state": "passed",
              "speed": "slow",
              "pass": true,
              "fail": false,
              "pending": false,
              "context": null,
              "code": "cy.get('.color').first().should('have.css', 'background-color', BLACK);",
              "err": {},
              "uuid": "ab822adc-aa30-432f-a698-d27d0120f72c",
              "parentUUID": "ae4fbf2b-447e-48e1-855f-1a91d02dc675",
              "isHook": false,
              "skipped": false
            },
            {
              "title": "Verifica se as demais cores podem ser escolhidas livremente.",
              "fullTitle": "3 - Adicione a cor **preta** como a primeira cor da paleta de cores. Verifica se as demais cores podem ser escolhidas livremente.",
              "timedOut": null,
              "duration": 210,
              "state": "passed",
              "speed": "slow",
              "pass": true,
              "fail": false,
              "pending": false,
              "context": null,
              "code": "cy.get('.color').eq(1).should('not.have.css', 'background-color', BLACK);\ncy.get('.color').eq(1).should('not.have.css', 'background-color', WHITE);\ncy.get('.color').eq(1).should('not.have.css', 'background-color', 'rgba(0, 0, 0, 0)');\ncy.get('.color').eq(1).should('have.css', 'background-color');\ncy.get('.color').eq(2).should('not.have.css', 'background-color', BLACK);\ncy.get('.color').eq(2).should('not.have.css', 'background-color', WHITE);\ncy.get('.color').eq(2).should('not.have.css', 'background-color', 'rgba(0, 0, 0, 0)');\ncy.get('.color').eq(2).should('have.css', 'background-color');\ncy.get('.color').eq(3).should('not.have.css', 'background-color', BLACK);\ncy.get('.color').eq(3).should('not.have.css', 'background-color', WHITE);\ncy.get('.color').eq(3).should('not.have.css', 'background-color', 'rgba(0, 0, 0, 0)');\ncy.get('.color').eq(3).should('have.css', 'background-color');",
              "err": {},
              "uuid": "4adc410f-c0ed-4998-9d2f-03074411c293",
              "parentUUID": "ae4fbf2b-447e-48e1-855f-1a91d02dc675",
              "isHook": false,
              "skipped": false
            }
          ],
          "suites": [],
          "passes": [
            "ab822adc-aa30-432f-a698-d27d0120f72c",
            "4adc410f-c0ed-4998-9d2f-03074411c293"
          ],
          "failures": [],
          "pending": [],
          "skipped": [],
          "duration": 309,
          "root": false,
          "rootEmpty": false,
          "_timeout": 2000
        },
        {
          "uuid": "f03e1d1a-d30f-4c52-8d21-0036bb1dbd38",
          "title": "4 - Adicione à página um quadro de pixels, com 25 pixels.",
          "fullFile": "",
          "file": "",
          "beforeHooks": [],
          "afterHooks": [],
          "tests": [
            {
              "title": "Verifica se o quadro de pixels possui o `id` denominado `pixel-board`",
              "fullTitle": "4 - Adicione à página um quadro de pixels, com 25 pixels. Verifica se o quadro de pixels possui o `id` denominado `pixel-board`",
              "timedOut": null,
              "duration": 94,
              "state": "passed",
              "speed": "slow",
              "pass": true,
              "fail": false,
              "pending": false,
              "context": null,
              "code": "cy.get('#pixel-board').should('be.visible');",
              "err": {},
              "uuid": "4b65344e-1a00-4609-b692-5a81b76e1cd5",
              "parentUUID": "f03e1d1a-d30f-4c52-8d21-0036bb1dbd38",
              "isHook": false,
              "skipped": false
            },
            {
              "title": "Verifica se cada pixel individual dentro do quadro possui a `classe` denominada `pixel`.",
              "fullTitle": "4 - Adicione à página um quadro de pixels, com 25 pixels. Verifica se cada pixel individual dentro do quadro possui a `classe` denominada `pixel`.",
              "timedOut": null,
              "duration": 157,
              "state": "passed",
              "speed": "slow",
              "pass": true,
              "fail": false,
              "pending": false,
              "context": null,
              "code": "cy.get('.pixel').should('have.length', 25);",
              "err": {},
              "uuid": "0823bed8-cc0f-4362-bd76-62b50013a17f",
              "parentUUID": "f03e1d1a-d30f-4c52-8d21-0036bb1dbd38",
              "isHook": false,
              "skipped": false
            },
            {
              "title": "Verifica se a cor inicial dos pixels dentro do quadro, ao abrir a página, é branca.",
              "fullTitle": "4 - Adicione à página um quadro de pixels, com 25 pixels. Verifica se a cor inicial dos pixels dentro do quadro, ao abrir a página, é branca.",
              "timedOut": null,
              "duration": 172,
              "state": "passed",
              "speed": "slow",
              "pass": true,
              "fail": false,
              "pending": false,
              "context": null,
              "code": "cy.get('.pixel').should('have.length', 25).each(function (pixel) {\n  expect(pixel).to.have.css('background-color', WHITE);\n});",
              "err": {},
              "uuid": "f06e22cf-c37e-4f64-83ff-1e60c5e486b5",
              "parentUUID": "f03e1d1a-d30f-4c52-8d21-0036bb1dbd38",
              "isHook": false,
              "skipped": false
            },
            {
              "title": "Verifica se o quadro de pixels aparece abaixo da paleta de cores",
              "fullTitle": "4 - Adicione à página um quadro de pixels, com 25 pixels. Verifica se o quadro de pixels aparece abaixo da paleta de cores",
              "timedOut": null,
              "duration": 139,
              "state": "passed",
              "speed": "slow",
              "pass": true,
              "fail": false,
              "pending": false,
              "context": null,
              "code": "cy.get('#color-palette').then(function (palette) {\n  cy.get('#pixel-board').should('be.belowOf', palette);\n});",
              "err": {},
              "uuid": "3db785b9-d2dc-41f9-a9b7-66b61b28fcc0",
              "parentUUID": "f03e1d1a-d30f-4c52-8d21-0036bb1dbd38",
              "isHook": false,
              "skipped": false
            }
          ],
          "suites": [],
          "passes": [
            "4b65344e-1a00-4609-b692-5a81b76e1cd5",
            "0823bed8-cc0f-4362-bd76-62b50013a17f",
            "f06e22cf-c37e-4f64-83ff-1e60c5e486b5",
            "3db785b9-d2dc-41f9-a9b7-66b61b28fcc0"
          ],
          "failures": [],
          "pending": [],
          "skipped": [],
          "duration": 562,
          "root": false,
          "rootEmpty": false,
          "_timeout": 2000
        },
        {
          "uuid": "b6d9b3cc-a9a1-4790-922b-205bf2d130fc",
          "title": "5 - Faça com que cada elemento do quadro de pixels possua 40 pixels de largura, 40 pixels de altura e seja delimitado por uma borda preta de 1 pixel.",
          "fullFile": "",
          "file": "",
          "beforeHooks": [],
          "afterHooks": [],
          "tests": [
            {
              "title": "Verifica se o quadro de pixels tem altura e comprimento de 5 elementos",
              "fullTitle": "5 - Faça com que cada elemento do quadro de pixels possua 40 pixels de largura, 40 pixels de altura e seja delimitado por uma borda preta de 1 pixel. Verifica se o quadro de pixels tem altura e comprimento de 5 elementos",
              "timedOut": null,
              "duration": 302,
              "state": "passed",
              "speed": "slow",
              "pass": true,
              "fail": false,
              "pending": false,
              "context": null,
              "code": "cy.get('.pixel').should('have.length', 25).each(function (pixel) {\n  expect(pixel).to.have.css('background-color', WHITE);\n}).and(function (pixels) {\n  var rows = chunk(pixels, 5);\n  rows.forEach(function (row) {\n    for (var index = 1; index < row.length; index += 1) {\n      var current = pixels[index];\n      var previous = pixels[index - 1];\n      cy.wrap(current).should('be.onTheRightOf', previous).and('be.horizontallyAlignedWith', previous);\n    }\n  });\n  for (var index = 1; index < 5; index += 1) {\n    expect(pixels[index * 5]).to.be.belowOf(pixels[(index - 1) * 5]);\n  }\n});",
              "err": {},
              "uuid": "a5022361-e2e2-4a01-913d-3ba3058d79b3",
              "parentUUID": "b6d9b3cc-a9a1-4790-922b-205bf2d130fc",
              "isHook": false,
              "skipped": false
            },
            {
              "title": "Verifica se 40 pixels é o tamanho total do elemento, incluindo seu conteúdo e excluindo a borda preta, que deve ser criada à parte.",
              "fullTitle": "5 - Faça com que cada elemento do quadro de pixels possua 40 pixels de largura, 40 pixels de altura e seja delimitado por uma borda preta de 1 pixel. Verifica se 40 pixels é o tamanho total do elemento, incluindo seu conteúdo e excluindo a borda preta, que deve ser criada à parte.",
              "timedOut": null,
              "duration": 213,
              "state": "passed",
              "speed": "slow",
              "pass": true,
              "fail": false,
              "pending": false,
              "context": null,
              "code": "cy.get('.pixel').each(function (pixel) {\n  cy.wrap(pixel).should('have.css', 'height', '40px').and('have.css', 'width', '40px').and('have.css', 'border', \"1px solid \".concat(BLACK));\n});",
              "err": {},
              "uuid": "0ac5fa18-5680-45e6-8bb9-90a9d8c2f463",
              "parentUUID": "b6d9b3cc-a9a1-4790-922b-205bf2d130fc",
              "isHook": false,
              "skipped": false
            }
          ],
          "suites": [],
          "passes": [
            "a5022361-e2e2-4a01-913d-3ba3058d79b3",
            "0ac5fa18-5680-45e6-8bb9-90a9d8c2f463"
          ],
          "failures": [],
          "pending": [],
          "skipped": [],
          "duration": 515,
          "root": false,
          "rootEmpty": false,
          "_timeout": 2000
        },
        {
          "uuid": "edb0bd8f-6117-49d2-a512-fe40860172dc",
          "title": "6 - Defina a cor preta como cor inicial. Ao carregar a página a cor preta já deve estar selecionada para pintar os pixels",
          "fullFile": "",
          "file": "",
          "beforeHooks": [],
          "afterHooks": [],
          "tests": [
            {
              "title": "Verifica se o elemento da cor preta possui, inicialmente, a `classe` `selected`",
              "fullTitle": "6 - Defina a cor preta como cor inicial. Ao carregar a página a cor preta já deve estar selecionada para pintar os pixels Verifica se o elemento da cor preta possui, inicialmente, a `classe` `selected`",
              "timedOut": null,
              "duration": 110,
              "state": "passed",
              "speed": "slow",
              "pass": true,
              "fail": false,
              "pending": false,
              "context": null,
              "code": "cy.get('.selected').first().should('have.css', 'background-color', BLACK);",
              "err": {},
              "uuid": "cbb80ba6-f8e4-432b-a363-ab2391356cb1",
              "parentUUID": "edb0bd8f-6117-49d2-a512-fe40860172dc",
              "isHook": false,
              "skipped": false
            },
            {
              "title": "Verifica se nenhuma outra cor da paleta tem a `classe` `selected`",
              "fullTitle": "6 - Defina a cor preta como cor inicial. Ao carregar a página a cor preta já deve estar selecionada para pintar os pixels Verifica se nenhuma outra cor da paleta tem a `classe` `selected`",
              "timedOut": null,
              "duration": 102,
              "state": "passed",
              "speed": "slow",
              "pass": true,
              "fail": false,
              "pending": false,
              "context": null,
              "code": "cy.get('.color:not(:first-child)').each(function (color) {\n  cy.wrap(color).should('not.have.class', 'selected');\n});",
              "err": {},
              "uuid": "7675d1c3-8e83-4b10-a9c5-d1fb7f396e02",
              "parentUUID": "edb0bd8f-6117-49d2-a512-fe40860172dc",
              "isHook": false,
              "skipped": false
            }
          ],
          "suites": [],
          "passes": [
            "cbb80ba6-f8e4-432b-a363-ab2391356cb1",
            "7675d1c3-8e83-4b10-a9c5-d1fb7f396e02"
          ],
          "failures": [],
          "pending": [],
          "skipped": [],
          "duration": 212,
          "root": false,
          "rootEmpty": false,
          "_timeout": 2000
        },
        {
          "uuid": "f0536d59-b3ed-4352-a92e-da9752892beb",
          "title": "7 - Clicar em uma das cores da paleta, faz com que ela seja selecionada e utilizada para preencher os pixels no quadro.",
          "fullFile": "",
          "file": "",
          "beforeHooks": [],
          "afterHooks": [],
          "tests": [
            {
              "title": "Verifica se somente uma cor da paleta de cores tem a classe `selected` de cada vez",
              "fullTitle": "7 - Clicar em uma das cores da paleta, faz com que ela seja selecionada e utilizada para preencher os pixels no quadro. Verifica se somente uma cor da paleta de cores tem a classe `selected` de cada vez",
              "timedOut": null,
              "duration": 468,
              "state": "passed",
              "speed": "slow",
              "pass": true,
              "fail": false,
              "pending": false,
              "context": null,
              "code": "cy.get('.color').each(function (selectedColor, selectedColorIndex) {\n  cy.wrap(selectedColor).click();\n  cy.get('.color').each(function (color, colorIndex) {\n    if (colorIndex === selectedColorIndex) {\n      expect(color).to.have[\"class\"]('selected');\n    } else {\n      expect(color).not.to.have[\"class\"]('selected');\n    }\n  });\n});",
              "err": {},
              "uuid": "794b41fe-c7a2-4ec0-9c2f-4768363af117",
              "parentUUID": "f0536d59-b3ed-4352-a92e-da9752892beb",
              "isHook": false,
              "skipped": false
            },
            {
              "title": "Verifica se os pixels dentro do quadro não têm a classe `selected` quando são clicados",
              "fullTitle": "7 - Clicar em uma das cores da paleta, faz com que ela seja selecionada e utilizada para preencher os pixels no quadro. Verifica se os pixels dentro do quadro não têm a classe `selected` quando são clicados",
              "timedOut": null,
              "duration": 8578,
              "state": "passed",
              "speed": "slow",
              "pass": true,
              "fail": false,
              "pending": false,
              "context": null,
              "code": "cy.get('.color').each(function (color) {\n  var backgroundColor = color.css('background-color');\n  cy.wrap(color).click();\n  cy.get('.pixel').each(function (pixel) {\n    cy.wrap(pixel).click().should('not.have.class', 'selected');\n  });\n});",
              "err": {},
              "uuid": "5e2db27f-bbbd-4849-be61-8b47919463df",
              "parentUUID": "f0536d59-b3ed-4352-a92e-da9752892beb",
              "isHook": false,
              "skipped": false
            }
          ],
          "suites": [],
          "passes": [
            "794b41fe-c7a2-4ec0-9c2f-4768363af117",
            "5e2db27f-bbbd-4849-be61-8b47919463df"
          ],
          "failures": [],
          "pending": [],
          "skipped": [],
          "duration": 9046,
          "root": false,
          "rootEmpty": false,
          "_timeout": 2000
        },
        {
          "uuid": "a7a0f5de-2884-4d60-b3e0-bbb61e66ca40",
          "title": "8 - Clicar em um pixel dentro do quadro após selecionar uma cor na paleta, faz com que o pixel seja preenchido com a cor selecionada.",
          "fullFile": "",
          "file": "",
          "beforeHooks": [],
          "afterHooks": [],
          "tests": [
            {
              "title": "Verifica se ao carregar a página deve ser possível pintar os pixels de preto",
              "fullTitle": "8 - Clicar em um pixel dentro do quadro após selecionar uma cor na paleta, faz com que o pixel seja preenchido com a cor selecionada. Verifica se ao carregar a página deve ser possível pintar os pixels de preto",
              "timedOut": null,
              "duration": 4431,
              "state": "failed",
              "speed": null,
              "pass": false,
              "fail": true,
              "pending": false,
              "context": null,
              "code": "cy.get('.pixel').each(function (pixel) {\n  cy.wrap(pixel).click().should('have.css', 'background-color', BLACK);\n});",
              "err": {
                "message": "CypressError: Timed out retrying: expected '<div.pixel>' to have CSS property 'background-color' with the value 'rgb(0, 0, 0)', but the value was 'rgb(255, 255, 255)'",
                "estack": "CypressError: Timed out retrying: expected '<div.pixel>' to have CSS property 'background-color' with the value 'rgb(0, 0, 0)', but the value was 'rgb(255, 255, 255)'\n    at cypressErr (http://localhost:43437/__cypress/runner/cypress_runner.js:149934:9)\n    at throwErr (http://localhost:43437/__cypress/runner/cypress_runner.js:149867:11)\n    at Object.throwErrByPath (http://localhost:43437/__cypress/runner/cypress_runner.js:149915:3)\n    at retry (http://localhost:43437/__cypress/runner/cypress_runner.js:144197:19)\n    at onFailFn (http://localhost:43437/__cypress/runner/cypress_runner.js:132448:16)\n    at tryCatcher (http://localhost:43437/__cypress/runner/cypress_runner.js:167415:23)\n    at Promise._settlePromiseFromHandler (http://localhost:43437/__cypress/runner/cypress_runner.js:165351:31)\n    at Promise._settlePromise (http://localhost:43437/__cypress/runner/cypress_runner.js:165408:18)\n    at Promise._settlePromise0 (http://localhost:43437/__cypress/runner/cypress_runner.js:165453:10)\n    at Promise._settlePromises (http://localhost:43437/__cypress/runner/cypress_runner.js:165528:18)\n    at Async../node_modules/bluebird/js/release/async.js.Async._drainQueue (http://localhost:43437/__cypress/runner/cypress_runner.js:162140:16)\n    at Async../node_modules/bluebird/js/release/async.js.Async._drainQueues (http://localhost:43437/__cypress/runner/cypress_runner.js:162150:10)\n    at Async.drainQueues (http://localhost:43437/__cypress/runner/cypress_runner.js:162024:14)",
                "diff": null
              },
              "uuid": "08a13c54-194c-4bbc-9c5a-e2d2eabd0715",
              "parentUUID": "a7a0f5de-2884-4d60-b3e0-bbb61e66ca40",
              "isHook": false,
              "skipped": false
            },
            {
              "title": "Verifica se após selecionar uma outra cor na paleta, é possível pintar os pixels com essa cor",
              "fullTitle": "8 - Clicar em um pixel dentro do quadro após selecionar uma cor na paleta, faz com que o pixel seja preenchido com a cor selecionada. Verifica se após selecionar uma outra cor na paleta, é possível pintar os pixels com essa cor",
              "timedOut": null,
              "duration": 4475,
              "state": "failed",
              "speed": null,
              "pass": false,
              "fail": true,
              "pending": false,
              "context": null,
              "code": "cy.get('.color').each(function (color) {\n  var backgroundColor = color.css('background-color');\n  cy.wrap(color).click();\n  cy.get('.pixel').each(function (pixel) {\n    cy.wrap(pixel).click().should('have.css', 'background-color', backgroundColor);\n  });\n});",
              "err": {
                "message": "CypressError: Timed out retrying: expected '<div.pixel>' to have CSS property 'background-color' with the value 'rgb(0, 0, 0)', but the value was 'rgb(255, 255, 255)'",
                "estack": "CypressError: Timed out retrying: expected '<div.pixel>' to have CSS property 'background-color' with the value 'rgb(0, 0, 0)', but the value was 'rgb(255, 255, 255)'\n    at cypressErr (http://localhost:43437/__cypress/runner/cypress_runner.js:149934:9)\n    at throwErr (http://localhost:43437/__cypress/runner/cypress_runner.js:149867:11)\n    at Object.throwErrByPath (http://localhost:43437/__cypress/runner/cypress_runner.js:149915:3)\n    at retry (http://localhost:43437/__cypress/runner/cypress_runner.js:144197:19)\n    at onFailFn (http://localhost:43437/__cypress/runner/cypress_runner.js:132448:16)\n    at tryCatcher (http://localhost:43437/__cypress/runner/cypress_runner.js:167415:23)\n    at Promise._settlePromiseFromHandler (http://localhost:43437/__cypress/runner/cypress_runner.js:165351:31)\n    at Promise._settlePromise (http://localhost:43437/__cypress/runner/cypress_runner.js:165408:18)\n    at Promise._settlePromise0 (http://localhost:43437/__cypress/runner/cypress_runner.js:165453:10)\n    at Promise._settlePromises (http://localhost:43437/__cypress/runner/cypress_runner.js:165528:18)\n    at Async../node_modules/bluebird/js/release/async.js.Async._drainQueue (http://localhost:43437/__cypress/runner/cypress_runner.js:162140:16)\n    at Async../node_modules/bluebird/js/release/async.js.Async._drainQueues (http://localhost:43437/__cypress/runner/cypress_runner.js:162150:10)\n    at Async.drainQueues (http://localhost:43437/__cypress/runner/cypress_runner.js:162024:14)",
                "diff": null
              },
              "uuid": "0ad453fe-2b97-4fe0-a1d3-e6d8e5cba5bb",
              "parentUUID": "a7a0f5de-2884-4d60-b3e0-bbb61e66ca40",
              "isHook": false,
              "skipped": false
            },
            {
              "title": "Verifica se somente o pixel que foi clicado foi preenchido com a cor selecionada, sem influenciar na cor dos demais pixels.",
              "fullTitle": "8 - Clicar em um pixel dentro do quadro após selecionar uma cor na paleta, faz com que o pixel seja preenchido com a cor selecionada. Verifica se somente o pixel que foi clicado foi preenchido com a cor selecionada, sem influenciar na cor dos demais pixels.",
              "timedOut": null,
              "duration": 1226,
              "state": "passed",
              "speed": "slow",
              "pass": true,
              "fail": false,
              "pending": false,
              "context": null,
              "code": "var colorToPixelIndexMap = {\n  0: 6,\n  1: 8,\n  2: 16,\n  3: 18\n};\ncy.get('.color').each(function (color, index) {\n  cy.wrap(color).click();\n  var backgroundColor = color.css('background-color');\n  var clickedPixelIndex = colorToPixelIndexMap[index];\n  cy.get('.pixel').eq(clickedPixelIndex).click();\n  cy.get('.pixel').eq(clickedPixelIndex - 1).should('not.have.css', 'background-color', backgroundColor);\n  cy.get('.pixel').eq(clickedPixelIndex + 1).should('not.have.css', 'background-color', backgroundColor);\n  cy.get('.pixel').eq(clickedPixelIndex - 5).should('not.have.css', 'background-color', backgroundColor);\n  cy.get('.pixel').eq(clickedPixelIndex + 5).should('not.have.css', 'background-color', backgroundColor);\n  cy.get('.pixel').eq(clickedPixelIndex - 6).should('not.have.css', 'background-color', backgroundColor);\n  cy.get('.pixel').eq(clickedPixelIndex - 4).should('not.have.css', 'background-color', backgroundColor);\n  cy.get('.pixel').eq(clickedPixelIndex + 4).should('not.have.css', 'background-color', backgroundColor);\n  cy.get('.pixel').eq(clickedPixelIndex + 6).should('not.have.css', 'background-color', backgroundColor);\n});",
              "err": {},
              "uuid": "50f9d021-981a-4d22-94fe-58eada29e5e9",
              "parentUUID": "a7a0f5de-2884-4d60-b3e0-bbb61e66ca40",
              "isHook": false,
              "skipped": false
            }
          ],
          "suites": [],
          "passes": [
            "50f9d021-981a-4d22-94fe-58eada29e5e9"
          ],
          "failures": [
            "08a13c54-194c-4bbc-9c5a-e2d2eabd0715",
            "0ad453fe-2b97-4fe0-a1d3-e6d8e5cba5bb"
          ],
          "pending": [],
          "skipped": [],
          "duration": 10132,
          "root": false,
          "rootEmpty": false,
          "_timeout": 2000
        },
        {
          "uuid": "b339c7a6-820c-4b9b-a885-3b3a8ff18068",
          "title": "9 - Crie um botão que, ao ser clicado, limpa o quadro preenchendo a cor de todos seus pixels com branco.",
          "fullFile": "",
          "file": "",
          "beforeHooks": [],
          "afterHooks": [],
          "tests": [
            {
              "title": "Verifica se o botão tem o `id` denominado `clear-board`",
              "fullTitle": "9 - Crie um botão que, ao ser clicado, limpa o quadro preenchendo a cor de todos seus pixels com branco. Verifica se o botão tem o `id` denominado `clear-board`",
              "timedOut": null,
              "duration": 4346,
              "state": "failed",
              "speed": null,
              "pass": false,
              "fail": true,
              "pending": false,
              "context": null,
              "code": "cy.get('#clear-board').should('be.visible');",
              "err": {
                "message": "CypressError: Timed out retrying: Expected to find element: '#clear-board', but never found it.",
                "estack": "CypressError: Timed out retrying: Expected to find element: '#clear-board', but never found it.\n    at cypressErr (http://localhost:43437/__cypress/runner/cypress_runner.js:149934:9)\n    at throwErr (http://localhost:43437/__cypress/runner/cypress_runner.js:149867:11)\n    at Object.throwErrByPath (http://localhost:43437/__cypress/runner/cypress_runner.js:149915:3)\n    at retry (http://localhost:43437/__cypress/runner/cypress_runner.js:144197:19)\n    at onFailFn (http://localhost:43437/__cypress/runner/cypress_runner.js:132448:16)\n    at tryCatcher (http://localhost:43437/__cypress/runner/cypress_runner.js:167415:23)\n    at Promise._settlePromiseFromHandler (http://localhost:43437/__cypress/runner/cypress_runner.js:165351:31)\n    at Promise._settlePromise (http://localhost:43437/__cypress/runner/cypress_runner.js:165408:18)\n    at Promise._settlePromise0 (http://localhost:43437/__cypress/runner/cypress_runner.js:165453:10)\n    at Promise._settlePromises (http://localhost:43437/__cypress/runner/cypress_runner.js:165528:18)\n    at Async../node_modules/bluebird/js/release/async.js.Async._drainQueue (http://localhost:43437/__cypress/runner/cypress_runner.js:162140:16)\n    at Async../node_modules/bluebird/js/release/async.js.Async._drainQueues (http://localhost:43437/__cypress/runner/cypress_runner.js:162150:10)\n    at Async.drainQueues (http://localhost:43437/__cypress/runner/cypress_runner.js:162024:14)",
                "diff": null
              },
              "uuid": "e3d3f26a-eda8-41f1-8f4d-e1b18a66ab6e",
              "parentUUID": "b339c7a6-820c-4b9b-a885-3b3a8ff18068",
              "isHook": false,
              "skipped": false
            },
            {
              "title": "Verifica se o botão está posicionado entre a paleta de cores e o quadro de pixels",
              "fullTitle": "9 - Crie um botão que, ao ser clicado, limpa o quadro preenchendo a cor de todos seus pixels com branco. Verifica se o botão está posicionado entre a paleta de cores e o quadro de pixels",
              "timedOut": null,
              "duration": 4343,
              "state": "failed",
              "speed": null,
              "pass": false,
              "fail": true,
              "pending": false,
              "context": null,
              "code": "cy.get('#color-palette').then(function (palette) {\n  cy.get('#clear-board').should('be.belowOf', palette);\n});\ncy.get('#clear-board').then(function (clearBtn) {\n  cy.get('#pixel-board').should('be.belowOf', clearBtn);\n});",
              "err": {
                "message": "CypressError: Timed out retrying: Expected to find element: '#clear-board', but never found it.",
                "estack": "CypressError: Timed out retrying: Expected to find element: '#clear-board', but never found it.\n    at cypressErr (http://localhost:43437/__cypress/runner/cypress_runner.js:149934:9)\n    at throwErr (http://localhost:43437/__cypress/runner/cypress_runner.js:149867:11)\n    at Object.throwErrByPath (http://localhost:43437/__cypress/runner/cypress_runner.js:149915:3)\n    at retry (http://localhost:43437/__cypress/runner/cypress_runner.js:144197:19)\n    at onFailFn (http://localhost:43437/__cypress/runner/cypress_runner.js:132448:16)\n    at tryCatcher (http://localhost:43437/__cypress/runner/cypress_runner.js:167415:23)\n    at Promise._settlePromiseFromHandler (http://localhost:43437/__cypress/runner/cypress_runner.js:165351:31)\n    at Promise._settlePromise (http://localhost:43437/__cypress/runner/cypress_runner.js:165408:18)\n    at Promise._settlePromise0 (http://localhost:43437/__cypress/runner/cypress_runner.js:165453:10)\n    at Promise._settlePromises (http://localhost:43437/__cypress/runner/cypress_runner.js:165528:18)\n    at Async../node_modules/bluebird/js/release/async.js.Async._drainQueue (http://localhost:43437/__cypress/runner/cypress_runner.js:162140:16)\n    at Async../node_modules/bluebird/js/release/async.js.Async._drainQueues (http://localhost:43437/__cypress/runner/cypress_runner.js:162150:10)\n    at Async.drainQueues (http://localhost:43437/__cypress/runner/cypress_runner.js:162024:14)",
                "diff": null
              },
              "uuid": "f7b83fe4-c453-48da-8007-399ac10121c7",
              "parentUUID": "b339c7a6-820c-4b9b-a885-3b3a8ff18068",
              "isHook": false,
              "skipped": false
            },
            {
              "title": "Verifica se o texto do botão é 'Limpar'",
              "fullTitle": "9 - Crie um botão que, ao ser clicado, limpa o quadro preenchendo a cor de todos seus pixels com branco. Verifica se o texto do botão é 'Limpar'",
              "timedOut": null,
              "duration": 4315,
              "state": "failed",
              "speed": null,
              "pass": false,
              "fail": true,
              "pending": false,
              "context": null,
              "code": "cy.get('#clear-board').should('contain.text', 'Limpar');",
              "err": {
                "message": "CypressError: Timed out retrying: Expected to find element: '#clear-board', but never found it.",
                "estack": "CypressError: Timed out retrying: Expected to find element: '#clear-board', but never found it.\n    at cypressErr (http://localhost:43437/__cypress/runner/cypress_runner.js:149934:9)\n    at throwErr (http://localhost:43437/__cypress/runner/cypress_runner.js:149867:11)\n    at Object.throwErrByPath (http://localhost:43437/__cypress/runner/cypress_runner.js:149915:3)\n    at retry (http://localhost:43437/__cypress/runner/cypress_runner.js:144197:19)\n    at onFailFn (http://localhost:43437/__cypress/runner/cypress_runner.js:132448:16)\n    at tryCatcher (http://localhost:43437/__cypress/runner/cypress_runner.js:167415:23)\n    at Promise._settlePromiseFromHandler (http://localhost:43437/__cypress/runner/cypress_runner.js:165351:31)\n    at Promise._settlePromise (http://localhost:43437/__cypress/runner/cypress_runner.js:165408:18)\n    at Promise._settlePromise0 (http://localhost:43437/__cypress/runner/cypress_runner.js:165453:10)\n    at Promise._settlePromises (http://localhost:43437/__cypress/runner/cypress_runner.js:165528:18)\n    at Async../node_modules/bluebird/js/release/async.js.Async._drainQueue (http://localhost:43437/__cypress/runner/cypress_runner.js:162140:16)\n    at Async../node_modules/bluebird/js/release/async.js.Async._drainQueues (http://localhost:43437/__cypress/runner/cypress_runner.js:162150:10)\n    at Async.drainQueues (http://localhost:43437/__cypress/runner/cypress_runner.js:162024:14)",
                "diff": null
              },
              "uuid": "f1b40139-8e95-4c9a-a8d7-7e2d08ab3f38",
              "parentUUID": "b339c7a6-820c-4b9b-a885-3b3a8ff18068",
              "isHook": false,
              "skipped": false
            },
            {
              "title": "Verifica se ao clicar no botão, o quadro de pixels é totalmente preenchido de branco",
              "fullTitle": "9 - Crie um botão que, ao ser clicado, limpa o quadro preenchendo a cor de todos seus pixels com branco. Verifica se ao clicar no botão, o quadro de pixels é totalmente preenchido de branco",
              "timedOut": null,
              "duration": 4476,
              "state": "failed",
              "speed": null,
              "pass": false,
              "fail": true,
              "pending": false,
              "context": null,
              "code": "cy.get('.color').eq(1).then(function (color) {\n  var backgroundColor = color.css('background-color');\n  cy.wrap(color).click();\n  cy.get('.pixel').each(function (pixel) {\n    cy.wrap(pixel).click().should('have.css', 'background-color', backgroundColor);\n  });\n});\ncy.get('#clear-board').click();\ncy.get('.pixel').each(function (pixel) {\n  cy.wrap(pixel).should('have.css', 'background-color', WHITE);\n});",
              "err": {
                "message": "CypressError: Timed out retrying: expected '<div.pixel>' to have CSS property 'background-color' with the value 'rgb(255, 255, 0)', but the value was 'rgb(255, 255, 255)'",
                "estack": "CypressError: Timed out retrying: expected '<div.pixel>' to have CSS property 'background-color' with the value 'rgb(255, 255, 0)', but the value was 'rgb(255, 255, 255)'\n    at cypressErr (http://localhost:43437/__cypress/runner/cypress_runner.js:149934:9)\n    at throwErr (http://localhost:43437/__cypress/runner/cypress_runner.js:149867:11)\n    at Object.throwErrByPath (http://localhost:43437/__cypress/runner/cypress_runner.js:149915:3)\n    at retry (http://localhost:43437/__cypress/runner/cypress_runner.js:144197:19)\n    at onFailFn (http://localhost:43437/__cypress/runner/cypress_runner.js:132448:16)\n    at tryCatcher (http://localhost:43437/__cypress/runner/cypress_runner.js:167415:23)\n    at Promise._settlePromiseFromHandler (http://localhost:43437/__cypress/runner/cypress_runner.js:165351:31)\n    at Promise._settlePromise (http://localhost:43437/__cypress/runner/cypress_runner.js:165408:18)\n    at Promise._settlePromise0 (http://localhost:43437/__cypress/runner/cypress_runner.js:165453:10)\n    at Promise._settlePromises (http://localhost:43437/__cypress/runner/cypress_runner.js:165528:18)\n    at Async../node_modules/bluebird/js/release/async.js.Async._drainQueue (http://localhost:43437/__cypress/runner/cypress_runner.js:162140:16)\n    at Async../node_modules/bluebird/js/release/async.js.Async._drainQueues (http://localhost:43437/__cypress/runner/cypress_runner.js:162150:10)\n    at Async.drainQueues (http://localhost:43437/__cypress/runner/cypress_runner.js:162024:14)",
                "diff": null
              },
              "uuid": "810ff425-db15-4995-954b-a6a44bfb5edc",
              "parentUUID": "b339c7a6-820c-4b9b-a885-3b3a8ff18068",
              "isHook": false,
              "skipped": false
            }
          ],
          "suites": [],
          "passes": [],
          "failures": [
            "e3d3f26a-eda8-41f1-8f4d-e1b18a66ab6e",
            "f7b83fe4-c453-48da-8007-399ac10121c7",
            "f1b40139-8e95-4c9a-a8d7-7e2d08ab3f38",
            "810ff425-db15-4995-954b-a6a44bfb5edc"
          ],
          "pending": [],
          "skipped": [],
          "duration": 17480,
          "root": false,
          "rootEmpty": false,
          "_timeout": 2000
        },
        {
          "uuid": "5bd37dc3-540b-486c-af56-81b573fc1f3a",
          "title": "10 - Faça o quadro de pixels ter seu tamanho definido pelo usuário.",
          "fullFile": "",
          "file": "",
          "beforeHooks": [],
          "afterHooks": [],
          "tests": [
            {
              "title": "Verifica se existe um input com o id `board-size`",
              "fullTitle": "10 - Faça o quadro de pixels ter seu tamanho definido pelo usuário. Verifica se existe um input com o id `board-size`",
              "timedOut": null,
              "duration": 4351,
              "state": "failed",
              "speed": null,
              "pass": false,
              "fail": true,
              "pending": false,
              "context": null,
              "code": "cy.get('#board-size').should('be.visible');",
              "err": {
                "message": "CypressError: Timed out retrying: Expected to find element: '#board-size', but never found it.",
                "estack": "CypressError: Timed out retrying: Expected to find element: '#board-size', but never found it.\n    at cypressErr (http://localhost:43437/__cypress/runner/cypress_runner.js:149934:9)\n    at throwErr (http://localhost:43437/__cypress/runner/cypress_runner.js:149867:11)\n    at Object.throwErrByPath (http://localhost:43437/__cypress/runner/cypress_runner.js:149915:3)\n    at retry (http://localhost:43437/__cypress/runner/cypress_runner.js:144197:19)\n    at onFailFn (http://localhost:43437/__cypress/runner/cypress_runner.js:132448:16)\n    at tryCatcher (http://localhost:43437/__cypress/runner/cypress_runner.js:167415:23)\n    at Promise._settlePromiseFromHandler (http://localhost:43437/__cypress/runner/cypress_runner.js:165351:31)\n    at Promise._settlePromise (http://localhost:43437/__cypress/runner/cypress_runner.js:165408:18)\n    at Promise._settlePromise0 (http://localhost:43437/__cypress/runner/cypress_runner.js:165453:10)\n    at Promise._settlePromises (http://localhost:43437/__cypress/runner/cypress_runner.js:165528:18)\n    at Async../node_modules/bluebird/js/release/async.js.Async._drainQueue (http://localhost:43437/__cypress/runner/cypress_runner.js:162140:16)\n    at Async../node_modules/bluebird/js/release/async.js.Async._drainQueues (http://localhost:43437/__cypress/runner/cypress_runner.js:162150:10)\n    at Async.drainQueues (http://localhost:43437/__cypress/runner/cypress_runner.js:162024:14)",
                "diff": null
              },
              "uuid": "673b2fa0-75ab-405e-9ba5-b6575f7909c3",
              "parentUUID": "5bd37dc3-540b-486c-af56-81b573fc1f3a",
              "isHook": false,
              "skipped": false
            },
            {
              "title": "Verifica se existe um botão com o id `generate-board`",
              "fullTitle": "10 - Faça o quadro de pixels ter seu tamanho definido pelo usuário. Verifica se existe um botão com o id `generate-board`",
              "timedOut": null,
              "duration": 4328,
              "state": "failed",
              "speed": null,
              "pass": false,
              "fail": true,
              "pending": false,
              "context": null,
              "code": "cy.get('#generate-board').should('be.visible');",
              "err": {
                "message": "CypressError: Timed out retrying: Expected to find element: '#generate-board', but never found it.",
                "estack": "CypressError: Timed out retrying: Expected to find element: '#generate-board', but never found it.\n    at cypressErr (http://localhost:43437/__cypress/runner/cypress_runner.js:149934:9)\n    at throwErr (http://localhost:43437/__cypress/runner/cypress_runner.js:149867:11)\n    at Object.throwErrByPath (http://localhost:43437/__cypress/runner/cypress_runner.js:149915:3)\n    at retry (http://localhost:43437/__cypress/runner/cypress_runner.js:144197:19)\n    at onFailFn (http://localhost:43437/__cypress/runner/cypress_runner.js:132448:16)\n    at tryCatcher (http://localhost:43437/__cypress/runner/cypress_runner.js:167415:23)\n    at Promise._settlePromiseFromHandler (http://localhost:43437/__cypress/runner/cypress_runner.js:165351:31)\n    at Promise._settlePromise (http://localhost:43437/__cypress/runner/cypress_runner.js:165408:18)\n    at Promise._settlePromise0 (http://localhost:43437/__cypress/runner/cypress_runner.js:165453:10)\n    at Promise._settlePromises (http://localhost:43437/__cypress/runner/cypress_runner.js:165528:18)\n    at Async../node_modules/bluebird/js/release/async.js.Async._drainQueue (http://localhost:43437/__cypress/runner/cypress_runner.js:162140:16)\n    at Async../node_modules/bluebird/js/release/async.js.Async._drainQueues (http://localhost:43437/__cypress/runner/cypress_runner.js:162150:10)\n    at Async.drainQueues (http://localhost:43437/__cypress/runner/cypress_runner.js:162024:14)",
                "diff": null
              },
              "uuid": "3aedfb66-12ab-4d12-8428-c56763d4dc32",
              "parentUUID": "5bd37dc3-540b-486c-af56-81b573fc1f3a",
              "isHook": false,
              "skipped": false
            },
            {
              "title": "Verifica se o input só aceita número maiores que zero. Essa restrição deve ser feita usando os atributos do elemento `input`",
              "fullTitle": "10 - Faça o quadro de pixels ter seu tamanho definido pelo usuário. Verifica se o input só aceita número maiores que zero. Essa restrição deve ser feita usando os atributos do elemento `input`",
              "timedOut": null,
              "duration": 4307,
              "state": "failed",
              "speed": null,
              "pass": false,
              "fail": true,
              "pending": false,
              "context": null,
              "code": "cy.get('#board-size[type=\\'number\\'][min=\\'1\\']');",
              "err": {
                "message": "CypressError: Timed out retrying: Expected to find element: '#board-size[type='number'][min='1']', but never found it.",
                "estack": "CypressError: Timed out retrying: Expected to find element: '#board-size[type='number'][min='1']', but never found it.\n    at cypressErr (http://localhost:43437/__cypress/runner/cypress_runner.js:149934:9)\n    at throwErr (http://localhost:43437/__cypress/runner/cypress_runner.js:149867:11)\n    at Object.throwErrByPath (http://localhost:43437/__cypress/runner/cypress_runner.js:149915:3)\n    at retry (http://localhost:43437/__cypress/runner/cypress_runner.js:144197:19)\n    at onFailFn (http://localhost:43437/__cypress/runner/cypress_runner.js:132448:16)\n    at tryCatcher (http://localhost:43437/__cypress/runner/cypress_runner.js:167415:23)\n    at Promise._settlePromiseFromHandler (http://localhost:43437/__cypress/runner/cypress_runner.js:165351:31)\n    at Promise._settlePromise (http://localhost:43437/__cypress/runner/cypress_runner.js:165408:18)\n    at Promise._settlePromise0 (http://localhost:43437/__cypress/runner/cypress_runner.js:165453:10)\n    at Promise._settlePromises (http://localhost:43437/__cypress/runner/cypress_runner.js:165528:18)\n    at Async../node_modules/bluebird/js/release/async.js.Async._drainQueue (http://localhost:43437/__cypress/runner/cypress_runner.js:162140:16)\n    at Async../node_modules/bluebird/js/release/async.js.Async._drainQueues (http://localhost:43437/__cypress/runner/cypress_runner.js:162150:10)\n    at Async.drainQueues (http://localhost:43437/__cypress/runner/cypress_runner.js:162024:14)",
                "diff": null
              },
              "uuid": "ed625089-bb51-4531-a31f-02f58d02348a",
              "parentUUID": "5bd37dc3-540b-486c-af56-81b573fc1f3a",
              "isHook": false,
              "skipped": false
            },
            {
              "title": "Verifica se o botão contém o texto 'VQV'",
              "fullTitle": "10 - Faça o quadro de pixels ter seu tamanho definido pelo usuário. Verifica se o botão contém o texto 'VQV'",
              "timedOut": null,
              "duration": 4421,
              "state": "failed",
              "speed": null,
              "pass": false,
              "fail": true,
              "pending": false,
              "context": null,
              "code": "cy.get('#generate-board').contains(/vqv/i);",
              "err": {
                "message": "CypressError: Timed out retrying: Expected to find element: '#generate-board', but never found it.",
                "estack": "CypressError: Timed out retrying: Expected to find element: '#generate-board', but never found it.\n    at cypressErr (http://localhost:43437/__cypress/runner/cypress_runner.js:149934:9)\n    at throwErr (http://localhost:43437/__cypress/runner/cypress_runner.js:149867:11)\n    at Object.throwErrByPath (http://localhost:43437/__cypress/runner/cypress_runner.js:149915:3)\n    at retry (http://localhost:43437/__cypress/runner/cypress_runner.js:144197:19)\n    at onFailFn (http://localhost:43437/__cypress/runner/cypress_runner.js:132448:16)\n    at tryCatcher (http://localhost:43437/__cypress/runner/cypress_runner.js:167415:23)\n    at Promise._settlePromiseFromHandler (http://localhost:43437/__cypress/runner/cypress_runner.js:165351:31)\n    at Promise._settlePromise (http://localhost:43437/__cypress/runner/cypress_runner.js:165408:18)\n    at Promise._settlePromise0 (http://localhost:43437/__cypress/runner/cypress_runner.js:165453:10)\n    at Promise._settlePromises (http://localhost:43437/__cypress/runner/cypress_runner.js:165528:18)\n    at Async../node_modules/bluebird/js/release/async.js.Async._drainQueue (http://localhost:43437/__cypress/runner/cypress_runner.js:162140:16)\n    at Async../node_modules/bluebird/js/release/async.js.Async._drainQueues (http://localhost:43437/__cypress/runner/cypress_runner.js:162150:10)\n    at Async.drainQueues (http://localhost:43437/__cypress/runner/cypress_runner.js:162024:14)",
                "diff": null
              },
              "uuid": "065161e4-da0f-4a22-869b-57afea5c8672",
              "parentUUID": "5bd37dc3-540b-486c-af56-81b573fc1f3a",
              "isHook": false,
              "skipped": false
            },
            {
              "title": "Verifica se o input está posicionado entre a paleta de cores e o quadro de pixels",
              "fullTitle": "10 - Faça o quadro de pixels ter seu tamanho definido pelo usuário. Verifica se o input está posicionado entre a paleta de cores e o quadro de pixels",
              "timedOut": null,
              "duration": 4355,
              "state": "failed",
              "speed": null,
              "pass": false,
              "fail": true,
              "pending": false,
              "context": null,
              "code": "cy.get('#color-palette').then(function (palette) {\n  cy.get('#board-size').should('be.belowOf', palette);\n});\ncy.get('#board-size').then(function (palette) {\n  cy.get('#pixel-board').should('be.belowOf', palette);\n});",
              "err": {
                "message": "CypressError: Timed out retrying: Expected to find element: '#board-size', but never found it.",
                "estack": "CypressError: Timed out retrying: Expected to find element: '#board-size', but never found it.\n    at cypressErr (http://localhost:43437/__cypress/runner/cypress_runner.js:149934:9)\n    at throwErr (http://localhost:43437/__cypress/runner/cypress_runner.js:149867:11)\n    at Object.throwErrByPath (http://localhost:43437/__cypress/runner/cypress_runner.js:149915:3)\n    at retry (http://localhost:43437/__cypress/runner/cypress_runner.js:144197:19)\n    at onFailFn (http://localhost:43437/__cypress/runner/cypress_runner.js:132448:16)\n    at tryCatcher (http://localhost:43437/__cypress/runner/cypress_runner.js:167415:23)\n    at Promise._settlePromiseFromHandler (http://localhost:43437/__cypress/runner/cypress_runner.js:165351:31)\n    at Promise._settlePromise (http://localhost:43437/__cypress/runner/cypress_runner.js:165408:18)\n    at Promise._settlePromise0 (http://localhost:43437/__cypress/runner/cypress_runner.js:165453:10)\n    at Promise._settlePromises (http://localhost:43437/__cypress/runner/cypress_runner.js:165528:18)\n    at Async../node_modules/bluebird/js/release/async.js.Async._drainQueue (http://localhost:43437/__cypress/runner/cypress_runner.js:162140:16)\n    at Async../node_modules/bluebird/js/release/async.js.Async._drainQueues (http://localhost:43437/__cypress/runner/cypress_runner.js:162150:10)\n    at Async.drainQueues (http://localhost:43437/__cypress/runner/cypress_runner.js:162024:14)",
                "diff": null
              },
              "uuid": "bcc72ee5-e9dd-49c4-8180-4db328b8bb10",
              "parentUUID": "5bd37dc3-540b-486c-af56-81b573fc1f3a",
              "isHook": false,
              "skipped": false
            },
            {
              "title": "Verifica se o botão está posicionado ao lado do input",
              "fullTitle": "10 - Faça o quadro de pixels ter seu tamanho definido pelo usuário. Verifica se o botão está posicionado ao lado do input",
              "timedOut": null,
              "duration": 4309,
              "state": "failed",
              "speed": null,
              "pass": false,
              "fail": true,
              "pending": false,
              "context": null,
              "code": "cy.get('#board-size').then(function (board) {\n  cy.get('#generate-board').should('be.onTheRightOf', board);\n});",
              "err": {
                "message": "CypressError: Timed out retrying: Expected to find element: '#board-size', but never found it.",
                "estack": "CypressError: Timed out retrying: Expected to find element: '#board-size', but never found it.\n    at cypressErr (http://localhost:43437/__cypress/runner/cypress_runner.js:149934:9)\n    at throwErr (http://localhost:43437/__cypress/runner/cypress_runner.js:149867:11)\n    at Object.throwErrByPath (http://localhost:43437/__cypress/runner/cypress_runner.js:149915:3)\n    at retry (http://localhost:43437/__cypress/runner/cypress_runner.js:144197:19)\n    at onFailFn (http://localhost:43437/__cypress/runner/cypress_runner.js:132448:16)\n    at tryCatcher (http://localhost:43437/__cypress/runner/cypress_runner.js:167415:23)\n    at Promise._settlePromiseFromHandler (http://localhost:43437/__cypress/runner/cypress_runner.js:165351:31)\n    at Promise._settlePromise (http://localhost:43437/__cypress/runner/cypress_runner.js:165408:18)\n    at Promise._settlePromise0 (http://localhost:43437/__cypress/runner/cypress_runner.js:165453:10)\n    at Promise._settlePromises (http://localhost:43437/__cypress/runner/cypress_runner.js:165528:18)\n    at Async../node_modules/bluebird/js/release/async.js.Async._drainQueue (http://localhost:43437/__cypress/runner/cypress_runner.js:162140:16)\n    at Async../node_modules/bluebird/js/release/async.js.Async._drainQueues (http://localhost:43437/__cypress/runner/cypress_runner.js:162150:10)\n    at Async.drainQueues (http://localhost:43437/__cypress/runner/cypress_runner.js:162024:14)",
                "diff": null
              },
              "uuid": "13aa9390-5cc9-4768-94f9-5cbdc9c9fcd0",
              "parentUUID": "5bd37dc3-540b-486c-af56-81b573fc1f3a",
              "isHook": false,
              "skipped": false
            },
            {
              "title": "Verifica se nenhum valor for colocado no input ao clicar no botão, um `alert` é exibido com o texto: 'Board inválido!'",
              "fullTitle": "10 - Faça o quadro de pixels ter seu tamanho definido pelo usuário. Verifica se nenhum valor for colocado no input ao clicar no botão, um `alert` é exibido com o texto: 'Board inválido!'",
              "timedOut": null,
              "duration": 4302,
              "state": "failed",
              "speed": null,
              "pass": false,
              "fail": true,
              "pending": false,
              "context": null,
              "code": "var alerted = false;\ncy.on('window:alert', function (msg) {\n  return alerted = msg;\n});\ncy.get('#generate-board').click().then(function () {\n  return expect(alerted).to.match(/Board inválido!/i);\n});",
              "err": {
                "message": "CypressError: Timed out retrying: Expected to find element: '#generate-board', but never found it.",
                "estack": "CypressError: Timed out retrying: Expected to find element: '#generate-board', but never found it.\n    at cypressErr (http://localhost:43437/__cypress/runner/cypress_runner.js:149934:9)\n    at throwErr (http://localhost:43437/__cypress/runner/cypress_runner.js:149867:11)\n    at Object.throwErrByPath (http://localhost:43437/__cypress/runner/cypress_runner.js:149915:3)\n    at retry (http://localhost:43437/__cypress/runner/cypress_runner.js:144197:19)\n    at onFailFn (http://localhost:43437/__cypress/runner/cypress_runner.js:132448:16)\n    at tryCatcher (http://localhost:43437/__cypress/runner/cypress_runner.js:167415:23)\n    at Promise._settlePromiseFromHandler (http://localhost:43437/__cypress/runner/cypress_runner.js:165351:31)\n    at Promise._settlePromise (http://localhost:43437/__cypress/runner/cypress_runner.js:165408:18)\n    at Promise._settlePromise0 (http://localhost:43437/__cypress/runner/cypress_runner.js:165453:10)\n    at Promise._settlePromises (http://localhost:43437/__cypress/runner/cypress_runner.js:165528:18)\n    at Async../node_modules/bluebird/js/release/async.js.Async._drainQueue (http://localhost:43437/__cypress/runner/cypress_runner.js:162140:16)\n    at Async../node_modules/bluebird/js/release/async.js.Async._drainQueues (http://localhost:43437/__cypress/runner/cypress_runner.js:162150:10)\n    at Async.drainQueues (http://localhost:43437/__cypress/runner/cypress_runner.js:162024:14)",
                "diff": null
              },
              "uuid": "f42a8574-2e04-44bd-b969-03093e43f060",
              "parentUUID": "5bd37dc3-540b-486c-af56-81b573fc1f3a",
              "isHook": false,
              "skipped": false
            },
            {
              "title": "Verifica se ao clicar no botão com um valor preenchido, o tamanho do board muda.",
              "fullTitle": "10 - Faça o quadro de pixels ter seu tamanho definido pelo usuário. Verifica se ao clicar no botão com um valor preenchido, o tamanho do board muda.",
              "timedOut": null,
              "duration": 4296,
              "state": "failed",
              "speed": null,
              "pass": false,
              "fail": true,
              "pending": false,
              "context": null,
              "code": "cy.get('#board-size').clear().type(10);\ncy.get('#generate-board').click();\ncy.get('.pixel').should('have.length', 100);",
              "err": {
                "message": "CypressError: Timed out retrying: Expected to find element: '#board-size', but never found it.",
                "estack": "CypressError: Timed out retrying: Expected to find element: '#board-size', but never found it.\n    at cypressErr (http://localhost:43437/__cypress/runner/cypress_runner.js:149934:9)\n    at throwErr (http://localhost:43437/__cypress/runner/cypress_runner.js:149867:11)\n    at Object.throwErrByPath (http://localhost:43437/__cypress/runner/cypress_runner.js:149915:3)\n    at retry (http://localhost:43437/__cypress/runner/cypress_runner.js:144197:19)\n    at onFailFn (http://localhost:43437/__cypress/runner/cypress_runner.js:132448:16)\n    at tryCatcher (http://localhost:43437/__cypress/runner/cypress_runner.js:167415:23)\n    at Promise._settlePromiseFromHandler (http://localhost:43437/__cypress/runner/cypress_runner.js:165351:31)\n    at Promise._settlePromise (http://localhost:43437/__cypress/runner/cypress_runner.js:165408:18)\n    at Promise._settlePromise0 (http://localhost:43437/__cypress/runner/cypress_runner.js:165453:10)\n    at Promise._settlePromises (http://localhost:43437/__cypress/runner/cypress_runner.js:165528:18)\n    at Async../node_modules/bluebird/js/release/async.js.Async._drainQueue (http://localhost:43437/__cypress/runner/cypress_runner.js:162140:16)\n    at Async../node_modules/bluebird/js/release/async.js.Async._drainQueues (http://localhost:43437/__cypress/runner/cypress_runner.js:162150:10)\n    at Async.drainQueues (http://localhost:43437/__cypress/runner/cypress_runner.js:162024:14)",
                "diff": null
              },
              "uuid": "a8f4d027-84c5-4d3f-be45-12be1d8c39f4",
              "parentUUID": "5bd37dc3-540b-486c-af56-81b573fc1f3a",
              "isHook": false,
              "skipped": false
            },
            {
              "title": "Verifica se o novo quadro tem todos os pixels preenchidos com a cor branca",
              "fullTitle": "10 - Faça o quadro de pixels ter seu tamanho definido pelo usuário. Verifica se o novo quadro tem todos os pixels preenchidos com a cor branca",
              "timedOut": null,
              "duration": 4305,
              "state": "failed",
              "speed": null,
              "pass": false,
              "fail": true,
              "pending": false,
              "context": null,
              "code": "cy.get('#board-size').clear().type(6);\ncy.get('#generate-board').click();\ncy.get('.pixel').should('have.length', 36).each(function (pixel) {\n  expect(pixel).to.have.css('background-color', WHITE);\n});",
              "err": {
                "message": "CypressError: Timed out retrying: Expected to find element: '#board-size', but never found it.",
                "estack": "CypressError: Timed out retrying: Expected to find element: '#board-size', but never found it.\n    at cypressErr (http://localhost:43437/__cypress/runner/cypress_runner.js:149934:9)\n    at throwErr (http://localhost:43437/__cypress/runner/cypress_runner.js:149867:11)\n    at Object.throwErrByPath (http://localhost:43437/__cypress/runner/cypress_runner.js:149915:3)\n    at retry (http://localhost:43437/__cypress/runner/cypress_runner.js:144197:19)\n    at onFailFn (http://localhost:43437/__cypress/runner/cypress_runner.js:132448:16)\n    at tryCatcher (http://localhost:43437/__cypress/runner/cypress_runner.js:167415:23)\n    at Promise._settlePromiseFromHandler (http://localhost:43437/__cypress/runner/cypress_runner.js:165351:31)\n    at Promise._settlePromise (http://localhost:43437/__cypress/runner/cypress_runner.js:165408:18)\n    at Promise._settlePromise0 (http://localhost:43437/__cypress/runner/cypress_runner.js:165453:10)\n    at Promise._settlePromises (http://localhost:43437/__cypress/runner/cypress_runner.js:165528:18)\n    at Async../node_modules/bluebird/js/release/async.js.Async._drainQueue (http://localhost:43437/__cypress/runner/cypress_runner.js:162140:16)\n    at Async../node_modules/bluebird/js/release/async.js.Async._drainQueues (http://localhost:43437/__cypress/runner/cypress_runner.js:162150:10)\n    at Async.drainQueues (http://localhost:43437/__cypress/runner/cypress_runner.js:162024:14)",
                "diff": null
              },
              "uuid": "b0b597ce-1a7e-4af2-af85-2ef5ae45c946",
              "parentUUID": "5bd37dc3-540b-486c-af56-81b573fc1f3a",
              "isHook": false,
              "skipped": false
            }
          ],
          "suites": [],
          "passes": [],
          "failures": [
            "673b2fa0-75ab-405e-9ba5-b6575f7909c3",
            "3aedfb66-12ab-4d12-8428-c56763d4dc32",
            "ed625089-bb51-4531-a31f-02f58d02348a",
            "065161e4-da0f-4a22-869b-57afea5c8672",
            "bcc72ee5-e9dd-49c4-8180-4db328b8bb10",
            "13aa9390-5cc9-4768-94f9-5cbdc9c9fcd0",
            "f42a8574-2e04-44bd-b969-03093e43f060",
            "a8f4d027-84c5-4d3f-be45-12be1d8c39f4",
            "b0b597ce-1a7e-4af2-af85-2ef5ae45c946"
          ],
          "pending": [],
          "skipped": [],
          "duration": 38974,
          "root": false,
          "rootEmpty": false,
          "_timeout": 2000
        },
        {
          "uuid": "f665008f-274c-47b9-ae8f-39d01f604599",
          "title": "11 - Limite o tamanho mínimo e máximo do board.",
          "fullFile": "",
          "file": "",
          "beforeHooks": [],
          "afterHooks": [],
          "tests": [
            {
              "title": "Verifica se a altura máxima do board é 50",
              "fullTitle": "11 - Limite o tamanho mínimo e máximo do board. Verifica se a altura máxima do board é 50",
              "timedOut": null,
              "duration": 4304,
              "state": "failed",
              "speed": null,
              "pass": false,
              "fail": true,
              "pending": false,
              "context": null,
              "code": "cy.get('#board-size').clear().type(50);\ncy.get('#generate-board').click();\ncy.get('.pixel').should('have.length', 2500);",
              "err": {
                "message": "CypressError: Timed out retrying: Expected to find element: '#board-size', but never found it.",
                "estack": "CypressError: Timed out retrying: Expected to find element: '#board-size', but never found it.\n    at cypressErr (http://localhost:43437/__cypress/runner/cypress_runner.js:149934:9)\n    at throwErr (http://localhost:43437/__cypress/runner/cypress_runner.js:149867:11)\n    at Object.throwErrByPath (http://localhost:43437/__cypress/runner/cypress_runner.js:149915:3)\n    at retry (http://localhost:43437/__cypress/runner/cypress_runner.js:144197:19)\n    at onFailFn (http://localhost:43437/__cypress/runner/cypress_runner.js:132448:16)\n    at tryCatcher (http://localhost:43437/__cypress/runner/cypress_runner.js:167415:23)\n    at Promise._settlePromiseFromHandler (http://localhost:43437/__cypress/runner/cypress_runner.js:165351:31)\n    at Promise._settlePromise (http://localhost:43437/__cypress/runner/cypress_runner.js:165408:18)\n    at Promise._settlePromise0 (http://localhost:43437/__cypress/runner/cypress_runner.js:165453:10)\n    at Promise._settlePromises (http://localhost:43437/__cypress/runner/cypress_runner.js:165528:18)\n    at Async../node_modules/bluebird/js/release/async.js.Async._drainQueue (http://localhost:43437/__cypress/runner/cypress_runner.js:162140:16)\n    at Async../node_modules/bluebird/js/release/async.js.Async._drainQueues (http://localhost:43437/__cypress/runner/cypress_runner.js:162150:10)\n    at Async.drainQueues (http://localhost:43437/__cypress/runner/cypress_runner.js:162024:14)",
                "diff": null
              },
              "uuid": "735c95b9-0ec6-4a9e-88b0-f2a393289411",
              "parentUUID": "f665008f-274c-47b9-ae8f-39d01f604599",
              "isHook": false,
              "skipped": false
            },
            {
              "title": "Verifica se a altura do board é 5 quando um valor menor é colocado no input",
              "fullTitle": "11 - Limite o tamanho mínimo e máximo do board. Verifica se a altura do board é 5 quando um valor menor é colocado no input",
              "timedOut": null,
              "duration": 4300,
              "state": "failed",
              "speed": null,
              "pass": false,
              "fail": true,
              "pending": false,
              "context": null,
              "code": "cy.get('#board-size').clear().type(4);\ncy.get('#generate-board').click();\ncy.get('.pixel').should('have.length', 25);",
              "err": {
                "message": "CypressError: Timed out retrying: Expected to find element: '#board-size', but never found it.",
                "estack": "CypressError: Timed out retrying: Expected to find element: '#board-size', but never found it.\n    at cypressErr (http://localhost:43437/__cypress/runner/cypress_runner.js:149934:9)\n    at throwErr (http://localhost:43437/__cypress/runner/cypress_runner.js:149867:11)\n    at Object.throwErrByPath (http://localhost:43437/__cypress/runner/cypress_runner.js:149915:3)\n    at retry (http://localhost:43437/__cypress/runner/cypress_runner.js:144197:19)\n    at onFailFn (http://localhost:43437/__cypress/runner/cypress_runner.js:132448:16)\n    at tryCatcher (http://localhost:43437/__cypress/runner/cypress_runner.js:167415:23)\n    at Promise._settlePromiseFromHandler (http://localhost:43437/__cypress/runner/cypress_runner.js:165351:31)\n    at Promise._settlePromise (http://localhost:43437/__cypress/runner/cypress_runner.js:165408:18)\n    at Promise._settlePromise0 (http://localhost:43437/__cypress/runner/cypress_runner.js:165453:10)\n    at Promise._settlePromises (http://localhost:43437/__cypress/runner/cypress_runner.js:165528:18)\n    at Async../node_modules/bluebird/js/release/async.js.Async._drainQueue (http://localhost:43437/__cypress/runner/cypress_runner.js:162140:16)\n    at Async../node_modules/bluebird/js/release/async.js.Async._drainQueues (http://localhost:43437/__cypress/runner/cypress_runner.js:162150:10)\n    at Async.drainQueues (http://localhost:43437/__cypress/runner/cypress_runner.js:162024:14)",
                "diff": null
              },
              "uuid": "a70a8989-c778-4355-9d25-ddbcc9b1edb7",
              "parentUUID": "f665008f-274c-47b9-ae8f-39d01f604599",
              "isHook": false,
              "skipped": false
            },
            {
              "title": "Verifica se a altura do board é 50 quando um valor maior é colocado no input",
              "fullTitle": "11 - Limite o tamanho mínimo e máximo do board. Verifica se a altura do board é 50 quando um valor maior é colocado no input",
              "timedOut": null,
              "duration": 4309,
              "state": "failed",
              "speed": null,
              "pass": false,
              "fail": true,
              "pending": false,
              "context": null,
              "code": "cy.get('#board-size').clear().type(51);\ncy.get('#generate-board').click();\ncy.get('.pixel').should('have.length', 2500);",
              "err": {
                "message": "CypressError: Timed out retrying: Expected to find element: '#board-size', but never found it.",
                "estack": "CypressError: Timed out retrying: Expected to find element: '#board-size', but never found it.\n    at cypressErr (http://localhost:43437/__cypress/runner/cypress_runner.js:149934:9)\n    at throwErr (http://localhost:43437/__cypress/runner/cypress_runner.js:149867:11)\n    at Object.throwErrByPath (http://localhost:43437/__cypress/runner/cypress_runner.js:149915:3)\n    at retry (http://localhost:43437/__cypress/runner/cypress_runner.js:144197:19)\n    at onFailFn (http://localhost:43437/__cypress/runner/cypress_runner.js:132448:16)\n    at tryCatcher (http://localhost:43437/__cypress/runner/cypress_runner.js:167415:23)\n    at Promise._settlePromiseFromHandler (http://localhost:43437/__cypress/runner/cypress_runner.js:165351:31)\n    at Promise._settlePromise (http://localhost:43437/__cypress/runner/cypress_runner.js:165408:18)\n    at Promise._settlePromise0 (http://localhost:43437/__cypress/runner/cypress_runner.js:165453:10)\n    at Promise._settlePromises (http://localhost:43437/__cypress/runner/cypress_runner.js:165528:18)\n    at Async../node_modules/bluebird/js/release/async.js.Async._drainQueue (http://localhost:43437/__cypress/runner/cypress_runner.js:162140:16)\n    at Async../node_modules/bluebird/js/release/async.js.Async._drainQueues (http://localhost:43437/__cypress/runner/cypress_runner.js:162150:10)\n    at Async.drainQueues (http://localhost:43437/__cypress/runner/cypress_runner.js:162024:14)",
                "diff": null
              },
              "uuid": "4524149c-a7f3-41ab-975b-2083b9cfaf3f",
              "parentUUID": "f665008f-274c-47b9-ae8f-39d01f604599",
              "isHook": false,
              "skipped": false
            }
          ],
          "suites": [],
          "passes": [],
          "failures": [
            "735c95b9-0ec6-4a9e-88b0-f2a393289411",
            "a70a8989-c778-4355-9d25-ddbcc9b1edb7",
            "4524149c-a7f3-41ab-975b-2083b9cfaf3f"
          ],
          "pending": [],
          "skipped": [],
          "duration": 12913,
          "root": false,
          "rootEmpty": false,
          "_timeout": 2000
        },
        {
          "uuid": "d922cecd-ddb8-4c27-8aad-2c5b5f127e0c",
          "title": "12 - Faça com que as cores da paleta sejam geradas aleatoriamente ao carregar a página.",
          "fullFile": "",
          "file": "",
          "beforeHooks": [],
          "afterHooks": [],
          "tests": [
            {
              "title": "Verifica se as cores geradas na paleta são diferentes a cada carregamento da página",
              "fullTitle": "12 - Faça com que as cores da paleta sejam geradas aleatoriamente ao carregar a página. Verifica se as cores geradas na paleta são diferentes a cada carregamento da página",
              "timedOut": null,
              "duration": 393,
              "state": "failed",
              "speed": null,
              "pass": false,
              "fail": true,
              "pending": false,
              "context": null,
              "code": "cy.get('.color').then(function (colors) {\n  var currentColors;\n  var previousColors;\n  previousColors = Array.from(colors).map(function (color) {\n    return Cypress.$(color).css('background-color');\n  });\n  for (var i = 0; i < 5; i += 1) {\n    cy.reload();\n    cy.get('.color').then(function (colors) {\n      currentColors = Array.from(colors).map(function (color) {\n        return Cypress.$(color).css('background-color');\n      });\n      expect(currentColors).not.to.deep.equal(previousColors);\n      previousColors = currentColors;\n    });\n  }\n});",
              "err": {
                "message": "AssertionError: expected [ Array(4) ] to not deeply equal [ Array(4) ]",
                "estack": "AssertionError: expected [ Array(4) ] to not deeply equal [ Array(4) ]\n    at getRet (http://localhost:43437/__cypress/runner/cypress_runner.js:136585:16)\n    at tryCatcher (http://localhost:43437/__cypress/runner/cypress_runner.js:167415:23)\n    at Function.Promise.attempt.Promise.try (http://localhost:43437/__cypress/runner/cypress_runner.js:164690:29)\n    at Context.thenFn (http://localhost:43437/__cypress/runner/cypress_runner.js:136599:23)\n    at Context.then (http://localhost:43437/__cypress/runner/cypress_runner.js:136971:21)\n    at Context.<anonymous> (http://localhost:43437/__cypress/runner/cypress_runner.js:148875:21)\n    at http://localhost:43437/__cypress/runner/cypress_runner.js:148351:33\n    at tryCatcher (http://localhost:43437/__cypress/runner/cypress_runner.js:167415:23)\n    at Promise._settlePromiseFromHandler (http://localhost:43437/__cypress/runner/cypress_runner.js:165351:31)\n    at Promise._settlePromise (http://localhost:43437/__cypress/runner/cypress_runner.js:165408:18)\n    at Promise._settlePromiseCtx (http://localhost:43437/__cypress/runner/cypress_runner.js:165445:10)\n    at Async../node_modules/bluebird/js/release/async.js.Async._drainQueue (http://localhost:43437/__cypress/runner/cypress_runner.js:162145:12)\n    at Async../node_modules/bluebird/js/release/async.js.Async._drainQueues (http://localhost:43437/__cypress/runner/cypress_runner.js:162150:10)\n    at Async.drainQueues (http://localhost:43437/__cypress/runner/cypress_runner.js:162024:14)",
                "diff": ""
              },
              "uuid": "2d126b5d-fd10-437a-8991-00196d31386e",
              "parentUUID": "d922cecd-ddb8-4c27-8aad-2c5b5f127e0c",
              "isHook": false,
              "skipped": false
            },
            {
              "title": "Verifica se a cor preta ainda está presente e é a primeira na sua paleta de cores",
              "fullTitle": "12 - Faça com que as cores da paleta sejam geradas aleatoriamente ao carregar a página. Verifica se a cor preta ainda está presente e é a primeira na sua paleta de cores",
              "timedOut": null,
              "duration": 385,
              "state": "failed",
              "speed": null,
              "pass": false,
              "fail": true,
              "pending": false,
              "context": null,
              "code": "cy.get('.color').then(function (colors) {\n  var currentColors;\n  var previousColors;\n  previousColors = Array.from(colors).map(function (color) {\n    return Cypress.$(color).css('background-color');\n  });\n  expect(previousColors[0]).to.eq(BLACK);\n  for (var i = 0; i < 5; i += 1) {\n    cy.reload();\n    cy.get('.color').then(function (colors) {\n      currentColors = Array.from(colors).map(function (color) {\n        return Cypress.$(color).css('background-color');\n      });\n      expect(currentColors[0]).to.eq(BLACK);\n      expect(currentColors).not.to.deep.equal(previousColors);\n      previousColors = currentColors;\n    });\n  }\n});",
              "err": {
                "message": "AssertionError: expected [ Array(4) ] to not deeply equal [ Array(4) ]",
                "estack": "AssertionError: expected [ Array(4) ] to not deeply equal [ Array(4) ]\n    at getRet (http://localhost:43437/__cypress/runner/cypress_runner.js:136585:16)\n    at tryCatcher (http://localhost:43437/__cypress/runner/cypress_runner.js:167415:23)\n    at Function.Promise.attempt.Promise.try (http://localhost:43437/__cypress/runner/cypress_runner.js:164690:29)\n    at Context.thenFn (http://localhost:43437/__cypress/runner/cypress_runner.js:136599:23)\n    at Context.then (http://localhost:43437/__cypress/runner/cypress_runner.js:136971:21)\n    at Context.<anonymous> (http://localhost:43437/__cypress/runner/cypress_runner.js:148875:21)\n    at http://localhost:43437/__cypress/runner/cypress_runner.js:148351:33\n    at tryCatcher (http://localhost:43437/__cypress/runner/cypress_runner.js:167415:23)\n    at Promise._settlePromiseFromHandler (http://localhost:43437/__cypress/runner/cypress_runner.js:165351:31)\n    at Promise._settlePromise (http://localhost:43437/__cypress/runner/cypress_runner.js:165408:18)\n    at Promise._settlePromiseCtx (http://localhost:43437/__cypress/runner/cypress_runner.js:165445:10)\n    at Async../node_modules/bluebird/js/release/async.js.Async._drainQueue (http://localhost:43437/__cypress/runner/cypress_runner.js:162145:12)\n    at Async../node_modules/bluebird/js/release/async.js.Async._drainQueues (http://localhost:43437/__cypress/runner/cypress_runner.js:162150:10)\n    at Async.drainQueues (http://localhost:43437/__cypress/runner/cypress_runner.js:162024:14)",
                "diff": ""
              },
              "uuid": "f6d3676e-50d1-46f9-bacb-dbf66d1392c1",
              "parentUUID": "d922cecd-ddb8-4c27-8aad-2c5b5f127e0c",
              "isHook": false,
              "skipped": false
            }
          ],
          "suites": [],
          "passes": [],
          "failures": [
            "2d126b5d-fd10-437a-8991-00196d31386e",
            "f6d3676e-50d1-46f9-bacb-dbf66d1392c1"
          ],
          "pending": [],
          "skipped": [],
          "duration": 778,
          "root": false,
          "rootEmpty": false,
          "_timeout": 2000
        }
      ],
      "passes": [],
      "failures": [],
      "pending": [],
      "skipped": [],
      "duration": 0,
      "root": true,
      "rootEmpty": true,
      "_timeout": 2000
    }
  ],
  "meta": {
    "mocha": {
      "version": "7.0.1"
    },
    "mochawesome": {
      "options": {
        "quiet": false,
        "reportFilename": "mochawesome",
        "saveHtml": false,
        "saveJson": true,
        "consoleReporter": "spec",
        "useInlineDiffs": false
      },
      "version": "4.1.0"
    },
    "marge": {
      "options": {
        "id": "default",
        "reportDir": "cypress/reports",
        "overwrite": true,
        "html": false,
        "json": true
      },
      "version": "4.1.0"
    }
  }
}