{
  "stats": {
    "suites": 12,
    "tests": 41,
    "passes": 0,
    "pending": 0,
    "failures": 41,
    "start": "2021-09-10T18:39:44.378Z",
    "end": "2021-09-10T18:42:46.422Z",
    "duration": 182044,
    "testsRegistered": 41,
    "passPercent": 0,
    "pendingPercent": 0,
    "other": 0,
    "hasOther": false,
    "skipped": 0,
    "hasSkipped": false
  },
  "results": [
    {
      "uuid": "d461a68a-abc4-4a7d-b6e6-b7a65b2d477f",
      "title": "",
      "fullFile": "cypress/integration/project.spec.js",
      "file": "cypress/integration/project.spec.js",
      "beforeHooks": [],
      "afterHooks": [],
      "tests": [],
      "suites": [
        {
          "uuid": "922daf20-b090-4d4a-b70a-6f84a8982b55",
          "title": "1 - Adicione à página o título \"Paleta de Cores\".",
          "fullFile": "",
          "file": "",
          "beforeHooks": [],
          "afterHooks": [],
          "tests": [
            {
              "title": "Verifica se contém um elemento `h1` com o id `title` com o título correto",
              "fullTitle": "1 - Adicione à página o título \"Paleta de Cores\". Verifica se contém um elemento `h1` com o id `title` com o título correto",
              "timedOut": null,
              "duration": 4433,
              "state": "failed",
              "speed": null,
              "pass": false,
              "fail": true,
              "pending": false,
              "context": null,
              "code": "cy.get('h1#title').should('contain.text', 'Paleta de Cores');",
              "err": {
                "message": "CypressError: Timed out retrying: expected '<h1#title>' to contain text 'Paleta de Cores', but the text was '\"Paletas de Cores\"'",
                "estack": "CypressError: Timed out retrying: expected '<h1#title>' to contain text 'Paleta de Cores', but the text was '\"Paletas de Cores\"'\n    at cypressErr (http://localhost:34699/__cypress/runner/cypress_runner.js:149934:9)\n    at throwErr (http://localhost:34699/__cypress/runner/cypress_runner.js:149867:11)\n    at Object.throwErrByPath (http://localhost:34699/__cypress/runner/cypress_runner.js:149915:3)\n    at retry (http://localhost:34699/__cypress/runner/cypress_runner.js:144197:19)\n    at onFailFn (http://localhost:34699/__cypress/runner/cypress_runner.js:132448:16)\n    at tryCatcher (http://localhost:34699/__cypress/runner/cypress_runner.js:167415:23)\n    at Promise._settlePromiseFromHandler (http://localhost:34699/__cypress/runner/cypress_runner.js:165351:31)\n    at Promise._settlePromise (http://localhost:34699/__cypress/runner/cypress_runner.js:165408:18)\n    at Promise._settlePromise0 (http://localhost:34699/__cypress/runner/cypress_runner.js:165453:10)\n    at Promise._settlePromises (http://localhost:34699/__cypress/runner/cypress_runner.js:165528:18)\n    at Async../node_modules/bluebird/js/release/async.js.Async._drainQueue (http://localhost:34699/__cypress/runner/cypress_runner.js:162140:16)\n    at Async../node_modules/bluebird/js/release/async.js.Async._drainQueues (http://localhost:34699/__cypress/runner/cypress_runner.js:162150:10)\n    at Async.drainQueues (http://localhost:34699/__cypress/runner/cypress_runner.js:162024:14)",
                "diff": null
              },
              "uuid": "5ded5a1f-1808-484d-b761-75f9d2899eb6",
              "parentUUID": "922daf20-b090-4d4a-b70a-6f84a8982b55",
              "isHook": false,
              "skipped": false
            }
          ],
          "suites": [],
          "passes": [],
          "failures": [
            "5ded5a1f-1808-484d-b761-75f9d2899eb6"
          ],
          "pending": [],
          "skipped": [],
          "duration": 4433,
          "root": false,
          "rootEmpty": false,
          "_timeout": 2000
        },
        {
          "uuid": "c4233b58-ce68-4d27-8ee5-99160e51dbdd",
          "title": "2 - Adicione à página uma paleta de quatro cores distintas.",
          "fullFile": "",
          "file": "",
          "beforeHooks": [],
          "afterHooks": [],
          "tests": [
            {
              "title": "A paleta de cores deve ser um elemento com `id` denominado `color-palette`",
              "fullTitle": "2 - Adicione à página uma paleta de quatro cores distintas. A paleta de cores deve ser um elemento com `id` denominado `color-palette`",
              "timedOut": null,
              "duration": 4392,
              "state": "failed",
              "speed": null,
              "pass": false,
              "fail": true,
              "pending": false,
              "context": null,
              "code": "cy.get('#color-palette').should('be.visible');\ncy.get('#color-palette').children('.color');",
              "err": {
                "message": "CypressError: Timed out retrying: Expected to find element: '#color-palette', but never found it.",
                "estack": "CypressError: Timed out retrying: Expected to find element: '#color-palette', but never found it.\n    at cypressErr (http://localhost:34699/__cypress/runner/cypress_runner.js:149934:9)\n    at throwErr (http://localhost:34699/__cypress/runner/cypress_runner.js:149867:11)\n    at Object.throwErrByPath (http://localhost:34699/__cypress/runner/cypress_runner.js:149915:3)\n    at retry (http://localhost:34699/__cypress/runner/cypress_runner.js:144197:19)\n    at onFailFn (http://localhost:34699/__cypress/runner/cypress_runner.js:132448:16)\n    at tryCatcher (http://localhost:34699/__cypress/runner/cypress_runner.js:167415:23)\n    at Promise._settlePromiseFromHandler (http://localhost:34699/__cypress/runner/cypress_runner.js:165351:31)\n    at Promise._settlePromise (http://localhost:34699/__cypress/runner/cypress_runner.js:165408:18)\n    at Promise._settlePromise0 (http://localhost:34699/__cypress/runner/cypress_runner.js:165453:10)\n    at Promise._settlePromises (http://localhost:34699/__cypress/runner/cypress_runner.js:165528:18)\n    at Async../node_modules/bluebird/js/release/async.js.Async._drainQueue (http://localhost:34699/__cypress/runner/cypress_runner.js:162140:16)\n    at Async../node_modules/bluebird/js/release/async.js.Async._drainQueues (http://localhost:34699/__cypress/runner/cypress_runner.js:162150:10)\n    at Async.drainQueues (http://localhost:34699/__cypress/runner/cypress_runner.js:162024:14)",
                "diff": null
              },
              "uuid": "cbf22c6d-b4a7-482e-83a3-01c78a8ff8ab",
              "parentUUID": "c4233b58-ce68-4d27-8ee5-99160e51dbdd",
              "isHook": false,
              "skipped": false
            },
            {
              "title": "Verifica se cada cor individual da paleta de cores possui a `classe` chamada `color`.",
              "fullTitle": "2 - Adicione à página uma paleta de quatro cores distintas. Verifica se cada cor individual da paleta de cores possui a `classe` chamada `color`.",
              "timedOut": null,
              "duration": 4370,
              "state": "failed",
              "speed": null,
              "pass": false,
              "fail": true,
              "pending": false,
              "context": null,
              "code": "cy.get('.color').should('have.length', 4).then(function (colors) {\n  for (var i = 0; i < colors.length; i++) {\n    cy.wrap(colors[i]).should('be.visible');\n  }\n});",
              "err": {
                "message": "CypressError: Timed out retrying: Expected to find element: '.color', but never found it.",
                "estack": "CypressError: Timed out retrying: Expected to find element: '.color', but never found it.\n    at cypressErr (http://localhost:34699/__cypress/runner/cypress_runner.js:149934:9)\n    at throwErr (http://localhost:34699/__cypress/runner/cypress_runner.js:149867:11)\n    at Object.throwErrByPath (http://localhost:34699/__cypress/runner/cypress_runner.js:149915:3)\n    at retry (http://localhost:34699/__cypress/runner/cypress_runner.js:144197:19)\n    at onFailFn (http://localhost:34699/__cypress/runner/cypress_runner.js:132448:16)\n    at tryCatcher (http://localhost:34699/__cypress/runner/cypress_runner.js:167415:23)\n    at Promise._settlePromiseFromHandler (http://localhost:34699/__cypress/runner/cypress_runner.js:165351:31)\n    at Promise._settlePromise (http://localhost:34699/__cypress/runner/cypress_runner.js:165408:18)\n    at Promise._settlePromise0 (http://localhost:34699/__cypress/runner/cypress_runner.js:165453:10)\n    at Promise._settlePromises (http://localhost:34699/__cypress/runner/cypress_runner.js:165528:18)\n    at Async../node_modules/bluebird/js/release/async.js.Async._drainQueue (http://localhost:34699/__cypress/runner/cypress_runner.js:162140:16)\n    at Async../node_modules/bluebird/js/release/async.js.Async._drainQueues (http://localhost:34699/__cypress/runner/cypress_runner.js:162150:10)\n    at Async.drainQueues (http://localhost:34699/__cypress/runner/cypress_runner.js:162024:14)",
                "diff": null
              },
              "uuid": "55fa88a9-bded-4082-89a9-7dfd3d0e6468",
              "parentUUID": "c4233b58-ce68-4d27-8ee5-99160e51dbdd",
              "isHook": false,
              "skipped": false
            },
            {
              "title": "Verifica se a cor de fundo de cada elemento da paleta é a cor que o elemento representa. **A única cor não permitida na paleta é a cor branca.**",
              "fullTitle": "2 - Adicione à página uma paleta de quatro cores distintas. Verifica se a cor de fundo de cada elemento da paleta é a cor que o elemento representa. **A única cor não permitida na paleta é a cor branca.**",
              "timedOut": null,
              "duration": 4364,
              "state": "failed",
              "speed": null,
              "pass": false,
              "fail": true,
              "pending": false,
              "context": null,
              "code": "cy.get('.color').each(function (color) {\n  cy.wrap(color).should('have.class', 'color').and('not.have.css', 'background-color', WHITE);\n  cy.wrap(color).should('have.css', 'background-color');\n});",
              "err": {
                "message": "CypressError: Timed out retrying: Expected to find element: '.color', but never found it.",
                "estack": "CypressError: Timed out retrying: Expected to find element: '.color', but never found it.\n    at cypressErr (http://localhost:34699/__cypress/runner/cypress_runner.js:149934:9)\n    at throwErr (http://localhost:34699/__cypress/runner/cypress_runner.js:149867:11)\n    at Object.throwErrByPath (http://localhost:34699/__cypress/runner/cypress_runner.js:149915:3)\n    at retry (http://localhost:34699/__cypress/runner/cypress_runner.js:144197:19)\n    at onFailFn (http://localhost:34699/__cypress/runner/cypress_runner.js:132448:16)\n    at tryCatcher (http://localhost:34699/__cypress/runner/cypress_runner.js:167415:23)\n    at Promise._settlePromiseFromHandler (http://localhost:34699/__cypress/runner/cypress_runner.js:165351:31)\n    at Promise._settlePromise (http://localhost:34699/__cypress/runner/cypress_runner.js:165408:18)\n    at Promise._settlePromise0 (http://localhost:34699/__cypress/runner/cypress_runner.js:165453:10)\n    at Promise._settlePromises (http://localhost:34699/__cypress/runner/cypress_runner.js:165528:18)\n    at Async../node_modules/bluebird/js/release/async.js.Async._drainQueue (http://localhost:34699/__cypress/runner/cypress_runner.js:162140:16)\n    at Async../node_modules/bluebird/js/release/async.js.Async._drainQueues (http://localhost:34699/__cypress/runner/cypress_runner.js:162150:10)\n    at Async.drainQueues (http://localhost:34699/__cypress/runner/cypress_runner.js:162024:14)",
                "diff": null
              },
              "uuid": "7f0b8391-46de-4c0d-98cb-48c01171fcf8",
              "parentUUID": "c4233b58-ce68-4d27-8ee5-99160e51dbdd",
              "isHook": false,
              "skipped": false
            },
            {
              "title": "Verifica se cada elemento da paleta de cores tem uma borda preta, sólida e com 1 pixel de largura;",
              "fullTitle": "2 - Adicione à página uma paleta de quatro cores distintas. Verifica se cada elemento da paleta de cores tem uma borda preta, sólida e com 1 pixel de largura;",
              "timedOut": null,
              "duration": 4341,
              "state": "failed",
              "speed": null,
              "pass": false,
              "fail": true,
              "pending": false,
              "context": null,
              "code": "cy.get('.color').each(function (color) {\n  cy.wrap(color).and('have.css', 'border', \"1px solid \".concat(BLACK)).and('have.class', 'color');\n});",
              "err": {
                "message": "CypressError: Timed out retrying: Expected to find element: '.color', but never found it.",
                "estack": "CypressError: Timed out retrying: Expected to find element: '.color', but never found it.\n    at cypressErr (http://localhost:34699/__cypress/runner/cypress_runner.js:149934:9)\n    at throwErr (http://localhost:34699/__cypress/runner/cypress_runner.js:149867:11)\n    at Object.throwErrByPath (http://localhost:34699/__cypress/runner/cypress_runner.js:149915:3)\n    at retry (http://localhost:34699/__cypress/runner/cypress_runner.js:144197:19)\n    at onFailFn (http://localhost:34699/__cypress/runner/cypress_runner.js:132448:16)\n    at tryCatcher (http://localhost:34699/__cypress/runner/cypress_runner.js:167415:23)\n    at Promise._settlePromiseFromHandler (http://localhost:34699/__cypress/runner/cypress_runner.js:165351:31)\n    at Promise._settlePromise (http://localhost:34699/__cypress/runner/cypress_runner.js:165408:18)\n    at Promise._settlePromise0 (http://localhost:34699/__cypress/runner/cypress_runner.js:165453:10)\n    at Promise._settlePromises (http://localhost:34699/__cypress/runner/cypress_runner.js:165528:18)\n    at Async../node_modules/bluebird/js/release/async.js.Async._drainQueue (http://localhost:34699/__cypress/runner/cypress_runner.js:162140:16)\n    at Async../node_modules/bluebird/js/release/async.js.Async._drainQueues (http://localhost:34699/__cypress/runner/cypress_runner.js:162150:10)\n    at Async.drainQueues (http://localhost:34699/__cypress/runner/cypress_runner.js:162024:14)",
                "diff": null
              },
              "uuid": "e091a1d9-e70c-4ba3-a566-c09be0702cdd",
              "parentUUID": "c4233b58-ce68-4d27-8ee5-99160e51dbdd",
              "isHook": false,
              "skipped": false
            },
            {
              "title": "Verifica se a paleta lista todas as cores disponíveis para utilização, lado a lado.",
              "fullTitle": "2 - Adicione à página uma paleta de quatro cores distintas. Verifica se a paleta lista todas as cores disponíveis para utilização, lado a lado.",
              "timedOut": null,
              "duration": 4359,
              "state": "failed",
              "speed": null,
              "pass": false,
              "fail": true,
              "pending": false,
              "context": null,
              "code": "cy.get('.color').then(function (colors) {\n  for (var index = 1; index < colors.length; index += 1) {\n    var currentColor = colors[index];\n    var previousColor = colors[index - 1];\n    cy.wrap(currentColor).should('be.onTheRightOf', previousColor).and('be.horizontallyAlignedWith', previousColor);\n  }\n});",
              "err": {
                "message": "CypressError: Timed out retrying: Expected to find element: '.color', but never found it.",
                "estack": "CypressError: Timed out retrying: Expected to find element: '.color', but never found it.\n    at cypressErr (http://localhost:34699/__cypress/runner/cypress_runner.js:149934:9)\n    at throwErr (http://localhost:34699/__cypress/runner/cypress_runner.js:149867:11)\n    at Object.throwErrByPath (http://localhost:34699/__cypress/runner/cypress_runner.js:149915:3)\n    at retry (http://localhost:34699/__cypress/runner/cypress_runner.js:144197:19)\n    at onFailFn (http://localhost:34699/__cypress/runner/cypress_runner.js:132448:16)\n    at tryCatcher (http://localhost:34699/__cypress/runner/cypress_runner.js:167415:23)\n    at Promise._settlePromiseFromHandler (http://localhost:34699/__cypress/runner/cypress_runner.js:165351:31)\n    at Promise._settlePromise (http://localhost:34699/__cypress/runner/cypress_runner.js:165408:18)\n    at Promise._settlePromise0 (http://localhost:34699/__cypress/runner/cypress_runner.js:165453:10)\n    at Promise._settlePromises (http://localhost:34699/__cypress/runner/cypress_runner.js:165528:18)\n    at Async../node_modules/bluebird/js/release/async.js.Async._drainQueue (http://localhost:34699/__cypress/runner/cypress_runner.js:162140:16)\n    at Async../node_modules/bluebird/js/release/async.js.Async._drainQueues (http://localhost:34699/__cypress/runner/cypress_runner.js:162150:10)\n    at Async.drainQueues (http://localhost:34699/__cypress/runner/cypress_runner.js:162024:14)",
                "diff": null
              },
              "uuid": "744d0ad4-6dd3-4ae8-99a9-d8df3fa938a7",
              "parentUUID": "c4233b58-ce68-4d27-8ee5-99160e51dbdd",
              "isHook": false,
              "skipped": false
            },
            {
              "title": "Verifica se a paleta de cores está posicionada abaixo do título 'Paleta de Cores'",
              "fullTitle": "2 - Adicione à página uma paleta de quatro cores distintas. Verifica se a paleta de cores está posicionada abaixo do título 'Paleta de Cores'",
              "timedOut": null,
              "duration": 4357,
              "state": "failed",
              "speed": null,
              "pass": false,
              "fail": true,
              "pending": false,
              "context": null,
              "code": "cy.get('h1#title').then(function (title) {\n  cy.get('#color-palette').should('be.belowOf', title);\n});",
              "err": {
                "message": "CypressError: Timed out retrying: Expected to find element: '#color-palette', but never found it.",
                "estack": "CypressError: Timed out retrying: Expected to find element: '#color-palette', but never found it.\n    at cypressErr (http://localhost:34699/__cypress/runner/cypress_runner.js:149934:9)\n    at throwErr (http://localhost:34699/__cypress/runner/cypress_runner.js:149867:11)\n    at Object.throwErrByPath (http://localhost:34699/__cypress/runner/cypress_runner.js:149915:3)\n    at retry (http://localhost:34699/__cypress/runner/cypress_runner.js:144197:19)\n    at onFailFn (http://localhost:34699/__cypress/runner/cypress_runner.js:132448:16)\n    at tryCatcher (http://localhost:34699/__cypress/runner/cypress_runner.js:167415:23)\n    at Promise._settlePromiseFromHandler (http://localhost:34699/__cypress/runner/cypress_runner.js:165351:31)\n    at Promise._settlePromise (http://localhost:34699/__cypress/runner/cypress_runner.js:165408:18)\n    at Promise._settlePromise0 (http://localhost:34699/__cypress/runner/cypress_runner.js:165453:10)\n    at Promise._settlePromises (http://localhost:34699/__cypress/runner/cypress_runner.js:165528:18)\n    at Async../node_modules/bluebird/js/release/async.js.Async._drainQueue (http://localhost:34699/__cypress/runner/cypress_runner.js:162140:16)\n    at Async../node_modules/bluebird/js/release/async.js.Async._drainQueues (http://localhost:34699/__cypress/runner/cypress_runner.js:162150:10)\n    at Async.drainQueues (http://localhost:34699/__cypress/runner/cypress_runner.js:162024:14)",
                "diff": null
              },
              "uuid": "77c17e0f-205d-4bb5-8938-6b3a4c470936",
              "parentUUID": "c4233b58-ce68-4d27-8ee5-99160e51dbdd",
              "isHook": false,
              "skipped": false
            },
            {
              "title": "Verifica se a paleta de cores não contém cores repetidas.",
              "fullTitle": "2 - Adicione à página uma paleta de quatro cores distintas. Verifica se a paleta de cores não contém cores repetidas.",
              "timedOut": null,
              "duration": 4386,
              "state": "failed",
              "speed": null,
              "pass": false,
              "fail": true,
              "pending": false,
              "context": null,
              "code": "cy.get('.color').then(function (colors) {\n  var allColors = Array.from(colors).map(function (color) {\n    return Cypress.$(color).css('background-color');\n  });\n  cy.log(allColors);\n  var uniqColors = (0, _toConsumableArray2[\"default\"])(new Set(allColors));\n  cy.log(uniqColors);\n  expect(allColors.length).to.eq(uniqColors.length);\n});",
              "err": {
                "message": "CypressError: Timed out retrying: Expected to find element: '.color', but never found it.",
                "estack": "CypressError: Timed out retrying: Expected to find element: '.color', but never found it.\n    at cypressErr (http://localhost:34699/__cypress/runner/cypress_runner.js:149934:9)\n    at throwErr (http://localhost:34699/__cypress/runner/cypress_runner.js:149867:11)\n    at Object.throwErrByPath (http://localhost:34699/__cypress/runner/cypress_runner.js:149915:3)\n    at retry (http://localhost:34699/__cypress/runner/cypress_runner.js:144197:19)\n    at onFailFn (http://localhost:34699/__cypress/runner/cypress_runner.js:132448:16)\n    at tryCatcher (http://localhost:34699/__cypress/runner/cypress_runner.js:167415:23)\n    at Promise._settlePromiseFromHandler (http://localhost:34699/__cypress/runner/cypress_runner.js:165351:31)\n    at Promise._settlePromise (http://localhost:34699/__cypress/runner/cypress_runner.js:165408:18)\n    at Promise._settlePromise0 (http://localhost:34699/__cypress/runner/cypress_runner.js:165453:10)\n    at Promise._settlePromises (http://localhost:34699/__cypress/runner/cypress_runner.js:165528:18)\n    at Async../node_modules/bluebird/js/release/async.js.Async._drainQueue (http://localhost:34699/__cypress/runner/cypress_runner.js:162140:16)\n    at Async../node_modules/bluebird/js/release/async.js.Async._drainQueues (http://localhost:34699/__cypress/runner/cypress_runner.js:162150:10)\n    at Async.drainQueues (http://localhost:34699/__cypress/runner/cypress_runner.js:162024:14)",
                "diff": null
              },
              "uuid": "dc8cd068-e0b3-4a31-9030-27a946d59729",
              "parentUUID": "c4233b58-ce68-4d27-8ee5-99160e51dbdd",
              "isHook": false,
              "skipped": false
            }
          ],
          "suites": [],
          "passes": [],
          "failures": [
            "cbf22c6d-b4a7-482e-83a3-01c78a8ff8ab",
            "55fa88a9-bded-4082-89a9-7dfd3d0e6468",
            "7f0b8391-46de-4c0d-98cb-48c01171fcf8",
            "e091a1d9-e70c-4ba3-a566-c09be0702cdd",
            "744d0ad4-6dd3-4ae8-99a9-d8df3fa938a7",
            "77c17e0f-205d-4bb5-8938-6b3a4c470936",
            "dc8cd068-e0b3-4a31-9030-27a946d59729"
          ],
          "pending": [],
          "skipped": [],
          "duration": 30569,
          "root": false,
          "rootEmpty": false,
          "_timeout": 2000
        },
        {
          "uuid": "662c02de-1536-452f-9fae-ebdf5510cacf",
          "title": "3 - Adicione a cor **preta** como a primeira cor da paleta de cores.",
          "fullFile": "",
          "file": "",
          "beforeHooks": [],
          "afterHooks": [],
          "tests": [
            {
              "title": "Verifica se a primeira cor da paleta é preta",
              "fullTitle": "3 - Adicione a cor **preta** como a primeira cor da paleta de cores. Verifica se a primeira cor da paleta é preta",
              "timedOut": null,
              "duration": 4381,
              "state": "failed",
              "speed": null,
              "pass": false,
              "fail": true,
              "pending": false,
              "context": null,
              "code": "cy.get('.color').first().should('have.css', 'background-color', BLACK);",
              "err": {
                "message": "CypressError: Timed out retrying: Expected to find element: '.color', but never found it.",
                "estack": "CypressError: Timed out retrying: Expected to find element: '.color', but never found it.\n    at cypressErr (http://localhost:34699/__cypress/runner/cypress_runner.js:149934:9)\n    at throwErr (http://localhost:34699/__cypress/runner/cypress_runner.js:149867:11)\n    at Object.throwErrByPath (http://localhost:34699/__cypress/runner/cypress_runner.js:149915:3)\n    at retry (http://localhost:34699/__cypress/runner/cypress_runner.js:144197:19)\n    at onFailFn (http://localhost:34699/__cypress/runner/cypress_runner.js:132448:16)\n    at tryCatcher (http://localhost:34699/__cypress/runner/cypress_runner.js:167415:23)\n    at Promise._settlePromiseFromHandler (http://localhost:34699/__cypress/runner/cypress_runner.js:165351:31)\n    at Promise._settlePromise (http://localhost:34699/__cypress/runner/cypress_runner.js:165408:18)\n    at Promise._settlePromise0 (http://localhost:34699/__cypress/runner/cypress_runner.js:165453:10)\n    at Promise._settlePromises (http://localhost:34699/__cypress/runner/cypress_runner.js:165528:18)\n    at Async../node_modules/bluebird/js/release/async.js.Async._drainQueue (http://localhost:34699/__cypress/runner/cypress_runner.js:162140:16)\n    at Async../node_modules/bluebird/js/release/async.js.Async._drainQueues (http://localhost:34699/__cypress/runner/cypress_runner.js:162150:10)\n    at Async.drainQueues (http://localhost:34699/__cypress/runner/cypress_runner.js:162024:14)",
                "diff": null
              },
              "uuid": "03c45733-9721-4bf9-8fd3-6d3103995f0c",
              "parentUUID": "662c02de-1536-452f-9fae-ebdf5510cacf",
              "isHook": false,
              "skipped": false
            },
            {
              "title": "Verifica se as demais cores podem ser escolhidas livremente.",
              "fullTitle": "3 - Adicione a cor **preta** como a primeira cor da paleta de cores. Verifica se as demais cores podem ser escolhidas livremente.",
              "timedOut": null,
              "duration": 4371,
              "state": "failed",
              "speed": null,
              "pass": false,
              "fail": true,
              "pending": false,
              "context": null,
              "code": "cy.get('.color').eq(1).should('not.have.css', 'background-color', BLACK);\ncy.get('.color').eq(1).should('not.have.css', 'background-color', WHITE);\ncy.get('.color').eq(1).should('not.have.css', 'background-color', 'rgba(0, 0, 0, 0)');\ncy.get('.color').eq(1).should('have.css', 'background-color');\ncy.get('.color').eq(2).should('not.have.css', 'background-color', BLACK);\ncy.get('.color').eq(2).should('not.have.css', 'background-color', WHITE);\ncy.get('.color').eq(2).should('not.have.css', 'background-color', 'rgba(0, 0, 0, 0)');\ncy.get('.color').eq(2).should('have.css', 'background-color');\ncy.get('.color').eq(3).should('not.have.css', 'background-color', BLACK);\ncy.get('.color').eq(3).should('not.have.css', 'background-color', WHITE);\ncy.get('.color').eq(3).should('not.have.css', 'background-color', 'rgba(0, 0, 0, 0)');\ncy.get('.color').eq(3).should('have.css', 'background-color');",
              "err": {
                "message": "CypressError: Timed out retrying: Expected to find element: '.color', but never found it.",
                "estack": "CypressError: Timed out retrying: Expected to find element: '.color', but never found it.\n    at cypressErr (http://localhost:34699/__cypress/runner/cypress_runner.js:149934:9)\n    at throwErr (http://localhost:34699/__cypress/runner/cypress_runner.js:149867:11)\n    at Object.throwErrByPath (http://localhost:34699/__cypress/runner/cypress_runner.js:149915:3)\n    at retry (http://localhost:34699/__cypress/runner/cypress_runner.js:144197:19)\n    at onFailFn (http://localhost:34699/__cypress/runner/cypress_runner.js:132448:16)\n    at tryCatcher (http://localhost:34699/__cypress/runner/cypress_runner.js:167415:23)\n    at Promise._settlePromiseFromHandler (http://localhost:34699/__cypress/runner/cypress_runner.js:165351:31)\n    at Promise._settlePromise (http://localhost:34699/__cypress/runner/cypress_runner.js:165408:18)\n    at Promise._settlePromise0 (http://localhost:34699/__cypress/runner/cypress_runner.js:165453:10)\n    at Promise._settlePromises (http://localhost:34699/__cypress/runner/cypress_runner.js:165528:18)\n    at Async../node_modules/bluebird/js/release/async.js.Async._drainQueue (http://localhost:34699/__cypress/runner/cypress_runner.js:162140:16)\n    at Async../node_modules/bluebird/js/release/async.js.Async._drainQueues (http://localhost:34699/__cypress/runner/cypress_runner.js:162150:10)\n    at Async.drainQueues (http://localhost:34699/__cypress/runner/cypress_runner.js:162024:14)",
                "diff": null
              },
              "uuid": "50d7290e-fa61-4e18-bb0d-8fc7b8de18c1",
              "parentUUID": "662c02de-1536-452f-9fae-ebdf5510cacf",
              "isHook": false,
              "skipped": false
            }
          ],
          "suites": [],
          "passes": [],
          "failures": [
            "03c45733-9721-4bf9-8fd3-6d3103995f0c",
            "50d7290e-fa61-4e18-bb0d-8fc7b8de18c1"
          ],
          "pending": [],
          "skipped": [],
          "duration": 8752,
          "root": false,
          "rootEmpty": false,
          "_timeout": 2000
        },
        {
          "uuid": "a1c08548-f501-495b-976f-0f828e1cae29",
          "title": "4 - Adicione à página um quadro de pixels, com 25 pixels.",
          "fullFile": "",
          "file": "",
          "beforeHooks": [],
          "afterHooks": [],
          "tests": [
            {
              "title": "Verifica se o quadro de pixels possui o `id` denominado `pixel-board`",
              "fullTitle": "4 - Adicione à página um quadro de pixels, com 25 pixels. Verifica se o quadro de pixels possui o `id` denominado `pixel-board`",
              "timedOut": null,
              "duration": 4390,
              "state": "failed",
              "speed": null,
              "pass": false,
              "fail": true,
              "pending": false,
              "context": null,
              "code": "cy.get('#pixel-board').should('be.visible');",
              "err": {
                "message": "CypressError: Timed out retrying: Expected to find element: '#pixel-board', but never found it.",
                "estack": "CypressError: Timed out retrying: Expected to find element: '#pixel-board', but never found it.\n    at cypressErr (http://localhost:34699/__cypress/runner/cypress_runner.js:149934:9)\n    at throwErr (http://localhost:34699/__cypress/runner/cypress_runner.js:149867:11)\n    at Object.throwErrByPath (http://localhost:34699/__cypress/runner/cypress_runner.js:149915:3)\n    at retry (http://localhost:34699/__cypress/runner/cypress_runner.js:144197:19)\n    at onFailFn (http://localhost:34699/__cypress/runner/cypress_runner.js:132448:16)\n    at tryCatcher (http://localhost:34699/__cypress/runner/cypress_runner.js:167415:23)\n    at Promise._settlePromiseFromHandler (http://localhost:34699/__cypress/runner/cypress_runner.js:165351:31)\n    at Promise._settlePromise (http://localhost:34699/__cypress/runner/cypress_runner.js:165408:18)\n    at Promise._settlePromise0 (http://localhost:34699/__cypress/runner/cypress_runner.js:165453:10)\n    at Promise._settlePromises (http://localhost:34699/__cypress/runner/cypress_runner.js:165528:18)\n    at Async../node_modules/bluebird/js/release/async.js.Async._drainQueue (http://localhost:34699/__cypress/runner/cypress_runner.js:162140:16)\n    at Async../node_modules/bluebird/js/release/async.js.Async._drainQueues (http://localhost:34699/__cypress/runner/cypress_runner.js:162150:10)\n    at Async.drainQueues (http://localhost:34699/__cypress/runner/cypress_runner.js:162024:14)",
                "diff": null
              },
              "uuid": "34d537a0-7fe3-463f-af82-d7deacb7aeab",
              "parentUUID": "a1c08548-f501-495b-976f-0f828e1cae29",
              "isHook": false,
              "skipped": false
            },
            {
              "title": "Verifica se cada pixel individual dentro do quadro possui a `classe` denominada `pixel`.",
              "fullTitle": "4 - Adicione à página um quadro de pixels, com 25 pixels. Verifica se cada pixel individual dentro do quadro possui a `classe` denominada `pixel`.",
              "timedOut": null,
              "duration": 4390,
              "state": "failed",
              "speed": null,
              "pass": false,
              "fail": true,
              "pending": false,
              "context": null,
              "code": "cy.get('.pixel').should('have.length', 25);",
              "err": {
                "message": "CypressError: Timed out retrying: Expected to find element: '.pixel', but never found it.",
                "estack": "CypressError: Timed out retrying: Expected to find element: '.pixel', but never found it.\n    at cypressErr (http://localhost:34699/__cypress/runner/cypress_runner.js:149934:9)\n    at throwErr (http://localhost:34699/__cypress/runner/cypress_runner.js:149867:11)\n    at Object.throwErrByPath (http://localhost:34699/__cypress/runner/cypress_runner.js:149915:3)\n    at retry (http://localhost:34699/__cypress/runner/cypress_runner.js:144197:19)\n    at onFailFn (http://localhost:34699/__cypress/runner/cypress_runner.js:132448:16)\n    at tryCatcher (http://localhost:34699/__cypress/runner/cypress_runner.js:167415:23)\n    at Promise._settlePromiseFromHandler (http://localhost:34699/__cypress/runner/cypress_runner.js:165351:31)\n    at Promise._settlePromise (http://localhost:34699/__cypress/runner/cypress_runner.js:165408:18)\n    at Promise._settlePromise0 (http://localhost:34699/__cypress/runner/cypress_runner.js:165453:10)\n    at Promise._settlePromises (http://localhost:34699/__cypress/runner/cypress_runner.js:165528:18)\n    at Async../node_modules/bluebird/js/release/async.js.Async._drainQueue (http://localhost:34699/__cypress/runner/cypress_runner.js:162140:16)\n    at Async../node_modules/bluebird/js/release/async.js.Async._drainQueues (http://localhost:34699/__cypress/runner/cypress_runner.js:162150:10)\n    at Async.drainQueues (http://localhost:34699/__cypress/runner/cypress_runner.js:162024:14)",
                "diff": null
              },
              "uuid": "1789d425-3d02-4ede-a4a0-ad08a250a60c",
              "parentUUID": "a1c08548-f501-495b-976f-0f828e1cae29",
              "isHook": false,
              "skipped": false
            },
            {
              "title": "Verifica se a cor inicial dos pixels dentro do quadro, ao abrir a página, é branca.",
              "fullTitle": "4 - Adicione à página um quadro de pixels, com 25 pixels. Verifica se a cor inicial dos pixels dentro do quadro, ao abrir a página, é branca.",
              "timedOut": null,
              "duration": 4346,
              "state": "failed",
              "speed": null,
              "pass": false,
              "fail": true,
              "pending": false,
              "context": null,
              "code": "cy.get('.pixel').should('have.length', 25).each(function (pixel) {\n  expect(pixel).to.have.css('background-color', WHITE);\n});",
              "err": {
                "message": "CypressError: Timed out retrying: Expected to find element: '.pixel', but never found it.",
                "estack": "CypressError: Timed out retrying: Expected to find element: '.pixel', but never found it.\n    at cypressErr (http://localhost:34699/__cypress/runner/cypress_runner.js:149934:9)\n    at throwErr (http://localhost:34699/__cypress/runner/cypress_runner.js:149867:11)\n    at Object.throwErrByPath (http://localhost:34699/__cypress/runner/cypress_runner.js:149915:3)\n    at retry (http://localhost:34699/__cypress/runner/cypress_runner.js:144197:19)\n    at onFailFn (http://localhost:34699/__cypress/runner/cypress_runner.js:132448:16)\n    at tryCatcher (http://localhost:34699/__cypress/runner/cypress_runner.js:167415:23)\n    at Promise._settlePromiseFromHandler (http://localhost:34699/__cypress/runner/cypress_runner.js:165351:31)\n    at Promise._settlePromise (http://localhost:34699/__cypress/runner/cypress_runner.js:165408:18)\n    at Promise._settlePromise0 (http://localhost:34699/__cypress/runner/cypress_runner.js:165453:10)\n    at Promise._settlePromises (http://localhost:34699/__cypress/runner/cypress_runner.js:165528:18)\n    at Async../node_modules/bluebird/js/release/async.js.Async._drainQueue (http://localhost:34699/__cypress/runner/cypress_runner.js:162140:16)\n    at Async../node_modules/bluebird/js/release/async.js.Async._drainQueues (http://localhost:34699/__cypress/runner/cypress_runner.js:162150:10)\n    at Async.drainQueues (http://localhost:34699/__cypress/runner/cypress_runner.js:162024:14)",
                "diff": null
              },
              "uuid": "047e00a7-9f4e-4aae-a214-3635b6d481cc",
              "parentUUID": "a1c08548-f501-495b-976f-0f828e1cae29",
              "isHook": false,
              "skipped": false
            },
            {
              "title": "Verifica se o quadro de pixels aparece abaixo da paleta de cores",
              "fullTitle": "4 - Adicione à página um quadro de pixels, com 25 pixels. Verifica se o quadro de pixels aparece abaixo da paleta de cores",
              "timedOut": null,
              "duration": 4332,
              "state": "failed",
              "speed": null,
              "pass": false,
              "fail": true,
              "pending": false,
              "context": null,
              "code": "cy.get('#color-palette').then(function (palette) {\n  cy.get('#pixel-board').should('be.belowOf', palette);\n});",
              "err": {
                "message": "CypressError: Timed out retrying: Expected to find element: '#color-palette', but never found it.",
                "estack": "CypressError: Timed out retrying: Expected to find element: '#color-palette', but never found it.\n    at cypressErr (http://localhost:34699/__cypress/runner/cypress_runner.js:149934:9)\n    at throwErr (http://localhost:34699/__cypress/runner/cypress_runner.js:149867:11)\n    at Object.throwErrByPath (http://localhost:34699/__cypress/runner/cypress_runner.js:149915:3)\n    at retry (http://localhost:34699/__cypress/runner/cypress_runner.js:144197:19)\n    at onFailFn (http://localhost:34699/__cypress/runner/cypress_runner.js:132448:16)\n    at tryCatcher (http://localhost:34699/__cypress/runner/cypress_runner.js:167415:23)\n    at Promise._settlePromiseFromHandler (http://localhost:34699/__cypress/runner/cypress_runner.js:165351:31)\n    at Promise._settlePromise (http://localhost:34699/__cypress/runner/cypress_runner.js:165408:18)\n    at Promise._settlePromise0 (http://localhost:34699/__cypress/runner/cypress_runner.js:165453:10)\n    at Promise._settlePromises (http://localhost:34699/__cypress/runner/cypress_runner.js:165528:18)\n    at Async../node_modules/bluebird/js/release/async.js.Async._drainQueue (http://localhost:34699/__cypress/runner/cypress_runner.js:162140:16)\n    at Async../node_modules/bluebird/js/release/async.js.Async._drainQueues (http://localhost:34699/__cypress/runner/cypress_runner.js:162150:10)\n    at Async.drainQueues (http://localhost:34699/__cypress/runner/cypress_runner.js:162024:14)",
                "diff": null
              },
              "uuid": "ee3e7a1a-0d27-45b1-9782-525e82195f2e",
              "parentUUID": "a1c08548-f501-495b-976f-0f828e1cae29",
              "isHook": false,
              "skipped": false
            }
          ],
          "suites": [],
          "passes": [],
          "failures": [
            "34d537a0-7fe3-463f-af82-d7deacb7aeab",
            "1789d425-3d02-4ede-a4a0-ad08a250a60c",
            "047e00a7-9f4e-4aae-a214-3635b6d481cc",
            "ee3e7a1a-0d27-45b1-9782-525e82195f2e"
          ],
          "pending": [],
          "skipped": [],
          "duration": 17458,
          "root": false,
          "rootEmpty": false,
          "_timeout": 2000
        },
        {
          "uuid": "9588ad2b-e020-4e7f-a847-eae66922d35f",
          "title": "5 - Faça com que cada elemento do quadro de pixels possua 40 pixels de largura, 40 pixels de altura e seja delimitado por uma borda preta de 1 pixel.",
          "fullFile": "",
          "file": "",
          "beforeHooks": [],
          "afterHooks": [],
          "tests": [
            {
              "title": "Verifica se o quadro de pixels tem altura e comprimento de 5 elementos",
              "fullTitle": "5 - Faça com que cada elemento do quadro de pixels possua 40 pixels de largura, 40 pixels de altura e seja delimitado por uma borda preta de 1 pixel. Verifica se o quadro de pixels tem altura e comprimento de 5 elementos",
              "timedOut": null,
              "duration": 4408,
              "state": "failed",
              "speed": null,
              "pass": false,
              "fail": true,
              "pending": false,
              "context": null,
              "code": "cy.get('.pixel').should('have.length', 25).each(function (pixel) {\n  expect(pixel).to.have.css('background-color', WHITE);\n}).and(function (pixels) {\n  var rows = chunk(pixels, 5);\n  rows.forEach(function (row) {\n    for (var index = 1; index < row.length; index += 1) {\n      var current = pixels[index];\n      var previous = pixels[index - 1];\n      cy.wrap(current).should('be.onTheRightOf', previous).and('be.horizontallyAlignedWith', previous);\n    }\n  });\n  for (var index = 1; index < 5; index += 1) {\n    expect(pixels[index * 5]).to.be.belowOf(pixels[(index - 1) * 5]);\n  }\n});",
              "err": {
                "message": "CypressError: Timed out retrying: Expected to find element: '.pixel', but never found it.",
                "estack": "CypressError: Timed out retrying: Expected to find element: '.pixel', but never found it.\n    at cypressErr (http://localhost:34699/__cypress/runner/cypress_runner.js:149934:9)\n    at throwErr (http://localhost:34699/__cypress/runner/cypress_runner.js:149867:11)\n    at Object.throwErrByPath (http://localhost:34699/__cypress/runner/cypress_runner.js:149915:3)\n    at retry (http://localhost:34699/__cypress/runner/cypress_runner.js:144197:19)\n    at onFailFn (http://localhost:34699/__cypress/runner/cypress_runner.js:132448:16)\n    at tryCatcher (http://localhost:34699/__cypress/runner/cypress_runner.js:167415:23)\n    at Promise._settlePromiseFromHandler (http://localhost:34699/__cypress/runner/cypress_runner.js:165351:31)\n    at Promise._settlePromise (http://localhost:34699/__cypress/runner/cypress_runner.js:165408:18)\n    at Promise._settlePromise0 (http://localhost:34699/__cypress/runner/cypress_runner.js:165453:10)\n    at Promise._settlePromises (http://localhost:34699/__cypress/runner/cypress_runner.js:165528:18)\n    at Async../node_modules/bluebird/js/release/async.js.Async._drainQueue (http://localhost:34699/__cypress/runner/cypress_runner.js:162140:16)\n    at Async../node_modules/bluebird/js/release/async.js.Async._drainQueues (http://localhost:34699/__cypress/runner/cypress_runner.js:162150:10)\n    at Async.drainQueues (http://localhost:34699/__cypress/runner/cypress_runner.js:162024:14)",
                "diff": null
              },
              "uuid": "6ace9e17-44b9-4307-ad1b-2b9945a722b7",
              "parentUUID": "9588ad2b-e020-4e7f-a847-eae66922d35f",
              "isHook": false,
              "skipped": false
            },
            {
              "title": "Verifica se 40 pixels é o tamanho total do elemento, incluindo seu conteúdo e excluindo a borda preta, que deve ser criada à parte.",
              "fullTitle": "5 - Faça com que cada elemento do quadro de pixels possua 40 pixels de largura, 40 pixels de altura e seja delimitado por uma borda preta de 1 pixel. Verifica se 40 pixels é o tamanho total do elemento, incluindo seu conteúdo e excluindo a borda preta, que deve ser criada à parte.",
              "timedOut": null,
              "duration": 4365,
              "state": "failed",
              "speed": null,
              "pass": false,
              "fail": true,
              "pending": false,
              "context": null,
              "code": "cy.get('.pixel').each(function (pixel) {\n  cy.wrap(pixel).should('have.css', 'height', '40px').and('have.css', 'width', '40px').and('have.css', 'border', \"1px solid \".concat(BLACK));\n});",
              "err": {
                "message": "CypressError: Timed out retrying: Expected to find element: '.pixel', but never found it.",
                "estack": "CypressError: Timed out retrying: Expected to find element: '.pixel', but never found it.\n    at cypressErr (http://localhost:34699/__cypress/runner/cypress_runner.js:149934:9)\n    at throwErr (http://localhost:34699/__cypress/runner/cypress_runner.js:149867:11)\n    at Object.throwErrByPath (http://localhost:34699/__cypress/runner/cypress_runner.js:149915:3)\n    at retry (http://localhost:34699/__cypress/runner/cypress_runner.js:144197:19)\n    at onFailFn (http://localhost:34699/__cypress/runner/cypress_runner.js:132448:16)\n    at tryCatcher (http://localhost:34699/__cypress/runner/cypress_runner.js:167415:23)\n    at Promise._settlePromiseFromHandler (http://localhost:34699/__cypress/runner/cypress_runner.js:165351:31)\n    at Promise._settlePromise (http://localhost:34699/__cypress/runner/cypress_runner.js:165408:18)\n    at Promise._settlePromise0 (http://localhost:34699/__cypress/runner/cypress_runner.js:165453:10)\n    at Promise._settlePromises (http://localhost:34699/__cypress/runner/cypress_runner.js:165528:18)\n    at Async../node_modules/bluebird/js/release/async.js.Async._drainQueue (http://localhost:34699/__cypress/runner/cypress_runner.js:162140:16)\n    at Async../node_modules/bluebird/js/release/async.js.Async._drainQueues (http://localhost:34699/__cypress/runner/cypress_runner.js:162150:10)\n    at Async.drainQueues (http://localhost:34699/__cypress/runner/cypress_runner.js:162024:14)",
                "diff": null
              },
              "uuid": "30ed93d9-c60d-406e-901e-cbf751ff05c1",
              "parentUUID": "9588ad2b-e020-4e7f-a847-eae66922d35f",
              "isHook": false,
              "skipped": false
            }
          ],
          "suites": [],
          "passes": [],
          "failures": [
            "6ace9e17-44b9-4307-ad1b-2b9945a722b7",
            "30ed93d9-c60d-406e-901e-cbf751ff05c1"
          ],
          "pending": [],
          "skipped": [],
          "duration": 8773,
          "root": false,
          "rootEmpty": false,
          "_timeout": 2000
        },
        {
          "uuid": "612f87b2-253b-46e5-b7ef-e95e53c81967",
          "title": "6 - Defina a cor preta como cor inicial. Ao carregar a página a cor preta já deve estar selecionada para pintar os pixels",
          "fullFile": "",
          "file": "",
          "beforeHooks": [],
          "afterHooks": [],
          "tests": [
            {
              "title": "Verifica se o elemento da cor preta possui, inicialmente, a `classe` `selected`",
              "fullTitle": "6 - Defina a cor preta como cor inicial. Ao carregar a página a cor preta já deve estar selecionada para pintar os pixels Verifica se o elemento da cor preta possui, inicialmente, a `classe` `selected`",
              "timedOut": null,
              "duration": 4402,
              "state": "failed",
              "speed": null,
              "pass": false,
              "fail": true,
              "pending": false,
              "context": null,
              "code": "cy.get('.selected').first().should('have.css', 'background-color', BLACK);",
              "err": {
                "message": "CypressError: Timed out retrying: Expected to find element: '.selected', but never found it.",
                "estack": "CypressError: Timed out retrying: Expected to find element: '.selected', but never found it.\n    at cypressErr (http://localhost:34699/__cypress/runner/cypress_runner.js:149934:9)\n    at throwErr (http://localhost:34699/__cypress/runner/cypress_runner.js:149867:11)\n    at Object.throwErrByPath (http://localhost:34699/__cypress/runner/cypress_runner.js:149915:3)\n    at retry (http://localhost:34699/__cypress/runner/cypress_runner.js:144197:19)\n    at onFailFn (http://localhost:34699/__cypress/runner/cypress_runner.js:132448:16)\n    at tryCatcher (http://localhost:34699/__cypress/runner/cypress_runner.js:167415:23)\n    at Promise._settlePromiseFromHandler (http://localhost:34699/__cypress/runner/cypress_runner.js:165351:31)\n    at Promise._settlePromise (http://localhost:34699/__cypress/runner/cypress_runner.js:165408:18)\n    at Promise._settlePromise0 (http://localhost:34699/__cypress/runner/cypress_runner.js:165453:10)\n    at Promise._settlePromises (http://localhost:34699/__cypress/runner/cypress_runner.js:165528:18)\n    at Async../node_modules/bluebird/js/release/async.js.Async._drainQueue (http://localhost:34699/__cypress/runner/cypress_runner.js:162140:16)\n    at Async../node_modules/bluebird/js/release/async.js.Async._drainQueues (http://localhost:34699/__cypress/runner/cypress_runner.js:162150:10)\n    at Async.drainQueues (http://localhost:34699/__cypress/runner/cypress_runner.js:162024:14)",
                "diff": null
              },
              "uuid": "e872058a-12a1-423c-bd79-0510c7e0fd19",
              "parentUUID": "612f87b2-253b-46e5-b7ef-e95e53c81967",
              "isHook": false,
              "skipped": false
            },
            {
              "title": "Verifica se nenhuma outra cor da paleta tem a `classe` `selected`",
              "fullTitle": "6 - Defina a cor preta como cor inicial. Ao carregar a página a cor preta já deve estar selecionada para pintar os pixels Verifica se nenhuma outra cor da paleta tem a `classe` `selected`",
              "timedOut": null,
              "duration": 4370,
              "state": "failed",
              "speed": null,
              "pass": false,
              "fail": true,
              "pending": false,
              "context": null,
              "code": "cy.get('.color:not(:first-child)').each(function (color) {\n  cy.wrap(color).should('not.have.class', 'selected');\n});",
              "err": {
                "message": "CypressError: Timed out retrying: Expected to find element: '.color:not(:first-child)', but never found it.",
                "estack": "CypressError: Timed out retrying: Expected to find element: '.color:not(:first-child)', but never found it.\n    at cypressErr (http://localhost:34699/__cypress/runner/cypress_runner.js:149934:9)\n    at throwErr (http://localhost:34699/__cypress/runner/cypress_runner.js:149867:11)\n    at Object.throwErrByPath (http://localhost:34699/__cypress/runner/cypress_runner.js:149915:3)\n    at retry (http://localhost:34699/__cypress/runner/cypress_runner.js:144197:19)\n    at onFailFn (http://localhost:34699/__cypress/runner/cypress_runner.js:132448:16)\n    at tryCatcher (http://localhost:34699/__cypress/runner/cypress_runner.js:167415:23)\n    at Promise._settlePromiseFromHandler (http://localhost:34699/__cypress/runner/cypress_runner.js:165351:31)\n    at Promise._settlePromise (http://localhost:34699/__cypress/runner/cypress_runner.js:165408:18)\n    at Promise._settlePromise0 (http://localhost:34699/__cypress/runner/cypress_runner.js:165453:10)\n    at Promise._settlePromises (http://localhost:34699/__cypress/runner/cypress_runner.js:165528:18)\n    at Async../node_modules/bluebird/js/release/async.js.Async._drainQueue (http://localhost:34699/__cypress/runner/cypress_runner.js:162140:16)\n    at Async../node_modules/bluebird/js/release/async.js.Async._drainQueues (http://localhost:34699/__cypress/runner/cypress_runner.js:162150:10)\n    at Async.drainQueues (http://localhost:34699/__cypress/runner/cypress_runner.js:162024:14)",
                "diff": null
              },
              "uuid": "5ed6842a-94f4-476c-a864-c20631e6a459",
              "parentUUID": "612f87b2-253b-46e5-b7ef-e95e53c81967",
              "isHook": false,
              "skipped": false
            }
          ],
          "suites": [],
          "passes": [],
          "failures": [
            "e872058a-12a1-423c-bd79-0510c7e0fd19",
            "5ed6842a-94f4-476c-a864-c20631e6a459"
          ],
          "pending": [],
          "skipped": [],
          "duration": 8772,
          "root": false,
          "rootEmpty": false,
          "_timeout": 2000
        },
        {
          "uuid": "df6ade0f-b917-4c50-ad27-bca7e78bd946",
          "title": "7 - Clicar em uma das cores da paleta, faz com que ela seja selecionada e utilizada para preencher os pixels no quadro.",
          "fullFile": "",
          "file": "",
          "beforeHooks": [],
          "afterHooks": [],
          "tests": [
            {
              "title": "Verifica se somente uma cor da paleta de cores tem a classe `selected` de cada vez",
              "fullTitle": "7 - Clicar em uma das cores da paleta, faz com que ela seja selecionada e utilizada para preencher os pixels no quadro. Verifica se somente uma cor da paleta de cores tem a classe `selected` de cada vez",
              "timedOut": null,
              "duration": 4453,
              "state": "failed",
              "speed": null,
              "pass": false,
              "fail": true,
              "pending": false,
              "context": null,
              "code": "cy.get('.color').each(function (selectedColor, selectedColorIndex) {\n  cy.wrap(selectedColor).click();\n  cy.get('.color').each(function (color, colorIndex) {\n    if (colorIndex === selectedColorIndex) {\n      expect(color).to.have[\"class\"]('selected');\n    } else {\n      expect(color).not.to.have[\"class\"]('selected');\n    }\n  });\n});",
              "err": {
                "message": "CypressError: Timed out retrying: Expected to find element: '.color', but never found it.",
                "estack": "CypressError: Timed out retrying: Expected to find element: '.color', but never found it.\n    at cypressErr (http://localhost:34699/__cypress/runner/cypress_runner.js:149934:9)\n    at throwErr (http://localhost:34699/__cypress/runner/cypress_runner.js:149867:11)\n    at Object.throwErrByPath (http://localhost:34699/__cypress/runner/cypress_runner.js:149915:3)\n    at retry (http://localhost:34699/__cypress/runner/cypress_runner.js:144197:19)\n    at onFailFn (http://localhost:34699/__cypress/runner/cypress_runner.js:132448:16)\n    at tryCatcher (http://localhost:34699/__cypress/runner/cypress_runner.js:167415:23)\n    at Promise._settlePromiseFromHandler (http://localhost:34699/__cypress/runner/cypress_runner.js:165351:31)\n    at Promise._settlePromise (http://localhost:34699/__cypress/runner/cypress_runner.js:165408:18)\n    at Promise._settlePromise0 (http://localhost:34699/__cypress/runner/cypress_runner.js:165453:10)\n    at Promise._settlePromises (http://localhost:34699/__cypress/runner/cypress_runner.js:165528:18)\n    at Async../node_modules/bluebird/js/release/async.js.Async._drainQueue (http://localhost:34699/__cypress/runner/cypress_runner.js:162140:16)\n    at Async../node_modules/bluebird/js/release/async.js.Async._drainQueues (http://localhost:34699/__cypress/runner/cypress_runner.js:162150:10)\n    at Async.drainQueues (http://localhost:34699/__cypress/runner/cypress_runner.js:162024:14)",
                "diff": null
              },
              "uuid": "e9319c7f-6738-45b2-8616-b19fe32edae9",
              "parentUUID": "df6ade0f-b917-4c50-ad27-bca7e78bd946",
              "isHook": false,
              "skipped": false
            },
            {
              "title": "Verifica se os pixels dentro do quadro não têm a classe `selected` quando são clicados",
              "fullTitle": "7 - Clicar em uma das cores da paleta, faz com que ela seja selecionada e utilizada para preencher os pixels no quadro. Verifica se os pixels dentro do quadro não têm a classe `selected` quando são clicados",
              "timedOut": null,
              "duration": 4415,
              "state": "failed",
              "speed": null,
              "pass": false,
              "fail": true,
              "pending": false,
              "context": null,
              "code": "cy.get('.color').each(function (color) {\n  var backgroundColor = color.css('background-color');\n  cy.wrap(color).click();\n  cy.get('.pixel').each(function (pixel) {\n    cy.wrap(pixel).click().should('not.have.class', 'selected');\n  });\n});",
              "err": {
                "message": "CypressError: Timed out retrying: Expected to find element: '.color', but never found it.",
                "estack": "CypressError: Timed out retrying: Expected to find element: '.color', but never found it.\n    at cypressErr (http://localhost:34699/__cypress/runner/cypress_runner.js:149934:9)\n    at throwErr (http://localhost:34699/__cypress/runner/cypress_runner.js:149867:11)\n    at Object.throwErrByPath (http://localhost:34699/__cypress/runner/cypress_runner.js:149915:3)\n    at retry (http://localhost:34699/__cypress/runner/cypress_runner.js:144197:19)\n    at onFailFn (http://localhost:34699/__cypress/runner/cypress_runner.js:132448:16)\n    at tryCatcher (http://localhost:34699/__cypress/runner/cypress_runner.js:167415:23)\n    at Promise._settlePromiseFromHandler (http://localhost:34699/__cypress/runner/cypress_runner.js:165351:31)\n    at Promise._settlePromise (http://localhost:34699/__cypress/runner/cypress_runner.js:165408:18)\n    at Promise._settlePromise0 (http://localhost:34699/__cypress/runner/cypress_runner.js:165453:10)\n    at Promise._settlePromises (http://localhost:34699/__cypress/runner/cypress_runner.js:165528:18)\n    at Async../node_modules/bluebird/js/release/async.js.Async._drainQueue (http://localhost:34699/__cypress/runner/cypress_runner.js:162140:16)\n    at Async../node_modules/bluebird/js/release/async.js.Async._drainQueues (http://localhost:34699/__cypress/runner/cypress_runner.js:162150:10)\n    at Async.drainQueues (http://localhost:34699/__cypress/runner/cypress_runner.js:162024:14)",
                "diff": null
              },
              "uuid": "72605249-4cd4-4457-b357-f2b11452215e",
              "parentUUID": "df6ade0f-b917-4c50-ad27-bca7e78bd946",
              "isHook": false,
              "skipped": false
            }
          ],
          "suites": [],
          "passes": [],
          "failures": [
            "e9319c7f-6738-45b2-8616-b19fe32edae9",
            "72605249-4cd4-4457-b357-f2b11452215e"
          ],
          "pending": [],
          "skipped": [],
          "duration": 8868,
          "root": false,
          "rootEmpty": false,
          "_timeout": 2000
        },
        {
          "uuid": "8860991f-d226-49e5-8c42-ad32765d7f82",
          "title": "8 - Clicar em um pixel dentro do quadro após selecionar uma cor na paleta, faz com que o pixel seja preenchido com a cor selecionada.",
          "fullFile": "",
          "file": "",
          "beforeHooks": [],
          "afterHooks": [],
          "tests": [
            {
              "title": "Verifica se ao carregar a página deve ser possível pintar os pixels de preto",
              "fullTitle": "8 - Clicar em um pixel dentro do quadro após selecionar uma cor na paleta, faz com que o pixel seja preenchido com a cor selecionada. Verifica se ao carregar a página deve ser possível pintar os pixels de preto",
              "timedOut": null,
              "duration": 4414,
              "state": "failed",
              "speed": null,
              "pass": false,
              "fail": true,
              "pending": false,
              "context": null,
              "code": "cy.get('.pixel').each(function (pixel) {\n  cy.wrap(pixel).click().should('have.css', 'background-color', BLACK);\n});",
              "err": {
                "message": "CypressError: Timed out retrying: Expected to find element: '.pixel', but never found it.",
                "estack": "CypressError: Timed out retrying: Expected to find element: '.pixel', but never found it.\n    at cypressErr (http://localhost:34699/__cypress/runner/cypress_runner.js:149934:9)\n    at throwErr (http://localhost:34699/__cypress/runner/cypress_runner.js:149867:11)\n    at Object.throwErrByPath (http://localhost:34699/__cypress/runner/cypress_runner.js:149915:3)\n    at retry (http://localhost:34699/__cypress/runner/cypress_runner.js:144197:19)\n    at onFailFn (http://localhost:34699/__cypress/runner/cypress_runner.js:132448:16)\n    at tryCatcher (http://localhost:34699/__cypress/runner/cypress_runner.js:167415:23)\n    at Promise._settlePromiseFromHandler (http://localhost:34699/__cypress/runner/cypress_runner.js:165351:31)\n    at Promise._settlePromise (http://localhost:34699/__cypress/runner/cypress_runner.js:165408:18)\n    at Promise._settlePromise0 (http://localhost:34699/__cypress/runner/cypress_runner.js:165453:10)\n    at Promise._settlePromises (http://localhost:34699/__cypress/runner/cypress_runner.js:165528:18)\n    at Async../node_modules/bluebird/js/release/async.js.Async._drainQueue (http://localhost:34699/__cypress/runner/cypress_runner.js:162140:16)\n    at Async../node_modules/bluebird/js/release/async.js.Async._drainQueues (http://localhost:34699/__cypress/runner/cypress_runner.js:162150:10)\n    at Async.drainQueues (http://localhost:34699/__cypress/runner/cypress_runner.js:162024:14)",
                "diff": null
              },
              "uuid": "55380169-cfd7-4ad4-aa0a-5e0d0c5d30e9",
              "parentUUID": "8860991f-d226-49e5-8c42-ad32765d7f82",
              "isHook": false,
              "skipped": false
            },
            {
              "title": "Verifica se após selecionar uma outra cor na paleta, é possível pintar os pixels com essa cor",
              "fullTitle": "8 - Clicar em um pixel dentro do quadro após selecionar uma cor na paleta, faz com que o pixel seja preenchido com a cor selecionada. Verifica se após selecionar uma outra cor na paleta, é possível pintar os pixels com essa cor",
              "timedOut": null,
              "duration": 4517,
              "state": "failed",
              "speed": null,
              "pass": false,
              "fail": true,
              "pending": false,
              "context": null,
              "code": "cy.get('.color').each(function (color) {\n  var backgroundColor = color.css('background-color');\n  cy.wrap(color).click();\n  cy.get('.pixel').each(function (pixel) {\n    cy.wrap(pixel).click().should('have.css', 'background-color', backgroundColor);\n  });\n});",
              "err": {
                "message": "CypressError: Timed out retrying: Expected to find element: '.color', but never found it.",
                "estack": "CypressError: Timed out retrying: Expected to find element: '.color', but never found it.\n    at cypressErr (http://localhost:34699/__cypress/runner/cypress_runner.js:149934:9)\n    at throwErr (http://localhost:34699/__cypress/runner/cypress_runner.js:149867:11)\n    at Object.throwErrByPath (http://localhost:34699/__cypress/runner/cypress_runner.js:149915:3)\n    at retry (http://localhost:34699/__cypress/runner/cypress_runner.js:144197:19)\n    at onFailFn (http://localhost:34699/__cypress/runner/cypress_runner.js:132448:16)\n    at tryCatcher (http://localhost:34699/__cypress/runner/cypress_runner.js:167415:23)\n    at Promise._settlePromiseFromHandler (http://localhost:34699/__cypress/runner/cypress_runner.js:165351:31)\n    at Promise._settlePromise (http://localhost:34699/__cypress/runner/cypress_runner.js:165408:18)\n    at Promise._settlePromise0 (http://localhost:34699/__cypress/runner/cypress_runner.js:165453:10)\n    at Promise._settlePromises (http://localhost:34699/__cypress/runner/cypress_runner.js:165528:18)\n    at Async../node_modules/bluebird/js/release/async.js.Async._drainQueue (http://localhost:34699/__cypress/runner/cypress_runner.js:162140:16)\n    at Async../node_modules/bluebird/js/release/async.js.Async._drainQueues (http://localhost:34699/__cypress/runner/cypress_runner.js:162150:10)\n    at Async.drainQueues (http://localhost:34699/__cypress/runner/cypress_runner.js:162024:14)",
                "diff": null
              },
              "uuid": "c2d682a9-0f4d-4c10-aab5-aa3db0313f99",
              "parentUUID": "8860991f-d226-49e5-8c42-ad32765d7f82",
              "isHook": false,
              "skipped": false
            },
            {
              "title": "Verifica se somente o pixel que foi clicado foi preenchido com a cor selecionada, sem influenciar na cor dos demais pixels.",
              "fullTitle": "8 - Clicar em um pixel dentro do quadro após selecionar uma cor na paleta, faz com que o pixel seja preenchido com a cor selecionada. Verifica se somente o pixel que foi clicado foi preenchido com a cor selecionada, sem influenciar na cor dos demais pixels.",
              "timedOut": null,
              "duration": 4369,
              "state": "failed",
              "speed": null,
              "pass": false,
              "fail": true,
              "pending": false,
              "context": null,
              "code": "var colorToPixelIndexMap = {\n  0: 6,\n  1: 8,\n  2: 16,\n  3: 18\n};\ncy.get('.color').each(function (color, index) {\n  cy.wrap(color).click();\n  var backgroundColor = color.css('background-color');\n  var clickedPixelIndex = colorToPixelIndexMap[index];\n  cy.get('.pixel').eq(clickedPixelIndex).click();\n  cy.get('.pixel').eq(clickedPixelIndex - 1).should('not.have.css', 'background-color', backgroundColor);\n  cy.get('.pixel').eq(clickedPixelIndex + 1).should('not.have.css', 'background-color', backgroundColor);\n  cy.get('.pixel').eq(clickedPixelIndex - 5).should('not.have.css', 'background-color', backgroundColor);\n  cy.get('.pixel').eq(clickedPixelIndex + 5).should('not.have.css', 'background-color', backgroundColor);\n  cy.get('.pixel').eq(clickedPixelIndex - 6).should('not.have.css', 'background-color', backgroundColor);\n  cy.get('.pixel').eq(clickedPixelIndex - 4).should('not.have.css', 'background-color', backgroundColor);\n  cy.get('.pixel').eq(clickedPixelIndex + 4).should('not.have.css', 'background-color', backgroundColor);\n  cy.get('.pixel').eq(clickedPixelIndex + 6).should('not.have.css', 'background-color', backgroundColor);\n});",
              "err": {
                "message": "CypressError: Timed out retrying: Expected to find element: '.color', but never found it.",
                "estack": "CypressError: Timed out retrying: Expected to find element: '.color', but never found it.\n    at cypressErr (http://localhost:34699/__cypress/runner/cypress_runner.js:149934:9)\n    at throwErr (http://localhost:34699/__cypress/runner/cypress_runner.js:149867:11)\n    at Object.throwErrByPath (http://localhost:34699/__cypress/runner/cypress_runner.js:149915:3)\n    at retry (http://localhost:34699/__cypress/runner/cypress_runner.js:144197:19)\n    at onFailFn (http://localhost:34699/__cypress/runner/cypress_runner.js:132448:16)\n    at tryCatcher (http://localhost:34699/__cypress/runner/cypress_runner.js:167415:23)\n    at Promise._settlePromiseFromHandler (http://localhost:34699/__cypress/runner/cypress_runner.js:165351:31)\n    at Promise._settlePromise (http://localhost:34699/__cypress/runner/cypress_runner.js:165408:18)\n    at Promise._settlePromise0 (http://localhost:34699/__cypress/runner/cypress_runner.js:165453:10)\n    at Promise._settlePromises (http://localhost:34699/__cypress/runner/cypress_runner.js:165528:18)\n    at Async../node_modules/bluebird/js/release/async.js.Async._drainQueue (http://localhost:34699/__cypress/runner/cypress_runner.js:162140:16)\n    at Async../node_modules/bluebird/js/release/async.js.Async._drainQueues (http://localhost:34699/__cypress/runner/cypress_runner.js:162150:10)\n    at Async.drainQueues (http://localhost:34699/__cypress/runner/cypress_runner.js:162024:14)",
                "diff": null
              },
              "uuid": "343f9fcf-0849-4874-84f5-596961421c2c",
              "parentUUID": "8860991f-d226-49e5-8c42-ad32765d7f82",
              "isHook": false,
              "skipped": false
            }
          ],
          "suites": [],
          "passes": [],
          "failures": [
            "55380169-cfd7-4ad4-aa0a-5e0d0c5d30e9",
            "c2d682a9-0f4d-4c10-aab5-aa3db0313f99",
            "343f9fcf-0849-4874-84f5-596961421c2c"
          ],
          "pending": [],
          "skipped": [],
          "duration": 13300,
          "root": false,
          "rootEmpty": false,
          "_timeout": 2000
        },
        {
          "uuid": "7cd6fbef-3905-43f2-9a5c-b3b21c6c262d",
          "title": "9 - Crie um botão que, ao ser clicado, limpa o quadro preenchendo a cor de todos seus pixels com branco.",
          "fullFile": "",
          "file": "",
          "beforeHooks": [],
          "afterHooks": [],
          "tests": [
            {
              "title": "Verifica se o botão tem o `id` denominado `clear-board`",
              "fullTitle": "9 - Crie um botão que, ao ser clicado, limpa o quadro preenchendo a cor de todos seus pixels com branco. Verifica se o botão tem o `id` denominado `clear-board`",
              "timedOut": null,
              "duration": 4487,
              "state": "failed",
              "speed": null,
              "pass": false,
              "fail": true,
              "pending": false,
              "context": null,
              "code": "cy.get('#clear-board').should('be.visible');",
              "err": {
                "message": "CypressError: Timed out retrying: Expected to find element: '#clear-board', but never found it.",
                "estack": "CypressError: Timed out retrying: Expected to find element: '#clear-board', but never found it.\n    at cypressErr (http://localhost:34699/__cypress/runner/cypress_runner.js:149934:9)\n    at throwErr (http://localhost:34699/__cypress/runner/cypress_runner.js:149867:11)\n    at Object.throwErrByPath (http://localhost:34699/__cypress/runner/cypress_runner.js:149915:3)\n    at retry (http://localhost:34699/__cypress/runner/cypress_runner.js:144197:19)\n    at onFailFn (http://localhost:34699/__cypress/runner/cypress_runner.js:132448:16)\n    at tryCatcher (http://localhost:34699/__cypress/runner/cypress_runner.js:167415:23)\n    at Promise._settlePromiseFromHandler (http://localhost:34699/__cypress/runner/cypress_runner.js:165351:31)\n    at Promise._settlePromise (http://localhost:34699/__cypress/runner/cypress_runner.js:165408:18)\n    at Promise._settlePromise0 (http://localhost:34699/__cypress/runner/cypress_runner.js:165453:10)\n    at Promise._settlePromises (http://localhost:34699/__cypress/runner/cypress_runner.js:165528:18)\n    at Async../node_modules/bluebird/js/release/async.js.Async._drainQueue (http://localhost:34699/__cypress/runner/cypress_runner.js:162140:16)\n    at Async../node_modules/bluebird/js/release/async.js.Async._drainQueues (http://localhost:34699/__cypress/runner/cypress_runner.js:162150:10)\n    at Async.drainQueues (http://localhost:34699/__cypress/runner/cypress_runner.js:162024:14)",
                "diff": null
              },
              "uuid": "9b612af0-66c3-4360-aa83-53c164ec1bea",
              "parentUUID": "7cd6fbef-3905-43f2-9a5c-b3b21c6c262d",
              "isHook": false,
              "skipped": false
            },
            {
              "title": "Verifica se o botão está posicionado entre a paleta de cores e o quadro de pixels",
              "fullTitle": "9 - Crie um botão que, ao ser clicado, limpa o quadro preenchendo a cor de todos seus pixels com branco. Verifica se o botão está posicionado entre a paleta de cores e o quadro de pixels",
              "timedOut": null,
              "duration": 4404,
              "state": "failed",
              "speed": null,
              "pass": false,
              "fail": true,
              "pending": false,
              "context": null,
              "code": "cy.get('#color-palette').then(function (palette) {\n  cy.get('#clear-board').should('be.belowOf', palette);\n});\ncy.get('#clear-board').then(function (clearBtn) {\n  cy.get('#pixel-board').should('be.belowOf', clearBtn);\n});",
              "err": {
                "message": "CypressError: Timed out retrying: Expected to find element: '#color-palette', but never found it.",
                "estack": "CypressError: Timed out retrying: Expected to find element: '#color-palette', but never found it.\n    at cypressErr (http://localhost:34699/__cypress/runner/cypress_runner.js:149934:9)\n    at throwErr (http://localhost:34699/__cypress/runner/cypress_runner.js:149867:11)\n    at Object.throwErrByPath (http://localhost:34699/__cypress/runner/cypress_runner.js:149915:3)\n    at retry (http://localhost:34699/__cypress/runner/cypress_runner.js:144197:19)\n    at onFailFn (http://localhost:34699/__cypress/runner/cypress_runner.js:132448:16)\n    at tryCatcher (http://localhost:34699/__cypress/runner/cypress_runner.js:167415:23)\n    at Promise._settlePromiseFromHandler (http://localhost:34699/__cypress/runner/cypress_runner.js:165351:31)\n    at Promise._settlePromise (http://localhost:34699/__cypress/runner/cypress_runner.js:165408:18)\n    at Promise._settlePromise0 (http://localhost:34699/__cypress/runner/cypress_runner.js:165453:10)\n    at Promise._settlePromises (http://localhost:34699/__cypress/runner/cypress_runner.js:165528:18)\n    at Async../node_modules/bluebird/js/release/async.js.Async._drainQueue (http://localhost:34699/__cypress/runner/cypress_runner.js:162140:16)\n    at Async../node_modules/bluebird/js/release/async.js.Async._drainQueues (http://localhost:34699/__cypress/runner/cypress_runner.js:162150:10)\n    at Async.drainQueues (http://localhost:34699/__cypress/runner/cypress_runner.js:162024:14)",
                "diff": null
              },
              "uuid": "fe183085-431c-4d11-afbd-4870e582a4b9",
              "parentUUID": "7cd6fbef-3905-43f2-9a5c-b3b21c6c262d",
              "isHook": false,
              "skipped": false
            },
            {
              "title": "Verifica se o texto do botão é 'Limpar'",
              "fullTitle": "9 - Crie um botão que, ao ser clicado, limpa o quadro preenchendo a cor de todos seus pixels com branco. Verifica se o texto do botão é 'Limpar'",
              "timedOut": null,
              "duration": 4450,
              "state": "failed",
              "speed": null,
              "pass": false,
              "fail": true,
              "pending": false,
              "context": null,
              "code": "cy.get('#clear-board').should('contain.text', 'Limpar');",
              "err": {
                "message": "CypressError: Timed out retrying: Expected to find element: '#clear-board', but never found it.",
                "estack": "CypressError: Timed out retrying: Expected to find element: '#clear-board', but never found it.\n    at cypressErr (http://localhost:34699/__cypress/runner/cypress_runner.js:149934:9)\n    at throwErr (http://localhost:34699/__cypress/runner/cypress_runner.js:149867:11)\n    at Object.throwErrByPath (http://localhost:34699/__cypress/runner/cypress_runner.js:149915:3)\n    at retry (http://localhost:34699/__cypress/runner/cypress_runner.js:144197:19)\n    at onFailFn (http://localhost:34699/__cypress/runner/cypress_runner.js:132448:16)\n    at tryCatcher (http://localhost:34699/__cypress/runner/cypress_runner.js:167415:23)\n    at Promise._settlePromiseFromHandler (http://localhost:34699/__cypress/runner/cypress_runner.js:165351:31)\n    at Promise._settlePromise (http://localhost:34699/__cypress/runner/cypress_runner.js:165408:18)\n    at Promise._settlePromise0 (http://localhost:34699/__cypress/runner/cypress_runner.js:165453:10)\n    at Promise._settlePromises (http://localhost:34699/__cypress/runner/cypress_runner.js:165528:18)\n    at Async../node_modules/bluebird/js/release/async.js.Async._drainQueue (http://localhost:34699/__cypress/runner/cypress_runner.js:162140:16)\n    at Async../node_modules/bluebird/js/release/async.js.Async._drainQueues (http://localhost:34699/__cypress/runner/cypress_runner.js:162150:10)\n    at Async.drainQueues (http://localhost:34699/__cypress/runner/cypress_runner.js:162024:14)",
                "diff": null
              },
              "uuid": "fb2892d0-1ef5-452a-bb5d-85bc3f32bccd",
              "parentUUID": "7cd6fbef-3905-43f2-9a5c-b3b21c6c262d",
              "isHook": false,
              "skipped": false
            },
            {
              "title": "Verifica se ao clicar no botão, o quadro de pixels é totalmente preenchido de branco",
              "fullTitle": "9 - Crie um botão que, ao ser clicado, limpa o quadro preenchendo a cor de todos seus pixels com branco. Verifica se ao clicar no botão, o quadro de pixels é totalmente preenchido de branco",
              "timedOut": null,
              "duration": 4367,
              "state": "failed",
              "speed": null,
              "pass": false,
              "fail": true,
              "pending": false,
              "context": null,
              "code": "cy.get('.color').eq(1).then(function (color) {\n  var backgroundColor = color.css('background-color');\n  cy.wrap(color).click();\n  cy.get('.pixel').each(function (pixel) {\n    cy.wrap(pixel).click().should('have.css', 'background-color', backgroundColor);\n  });\n});\ncy.get('#clear-board').click();\ncy.get('.pixel').each(function (pixel) {\n  cy.wrap(pixel).should('have.css', 'background-color', WHITE);\n});",
              "err": {
                "message": "CypressError: Timed out retrying: Expected to find element: '.color', but never found it.",
                "estack": "CypressError: Timed out retrying: Expected to find element: '.color', but never found it.\n    at cypressErr (http://localhost:34699/__cypress/runner/cypress_runner.js:149934:9)\n    at throwErr (http://localhost:34699/__cypress/runner/cypress_runner.js:149867:11)\n    at Object.throwErrByPath (http://localhost:34699/__cypress/runner/cypress_runner.js:149915:3)\n    at retry (http://localhost:34699/__cypress/runner/cypress_runner.js:144197:19)\n    at onFailFn (http://localhost:34699/__cypress/runner/cypress_runner.js:132448:16)\n    at tryCatcher (http://localhost:34699/__cypress/runner/cypress_runner.js:167415:23)\n    at Promise._settlePromiseFromHandler (http://localhost:34699/__cypress/runner/cypress_runner.js:165351:31)\n    at Promise._settlePromise (http://localhost:34699/__cypress/runner/cypress_runner.js:165408:18)\n    at Promise._settlePromise0 (http://localhost:34699/__cypress/runner/cypress_runner.js:165453:10)\n    at Promise._settlePromises (http://localhost:34699/__cypress/runner/cypress_runner.js:165528:18)\n    at Async../node_modules/bluebird/js/release/async.js.Async._drainQueue (http://localhost:34699/__cypress/runner/cypress_runner.js:162140:16)\n    at Async../node_modules/bluebird/js/release/async.js.Async._drainQueues (http://localhost:34699/__cypress/runner/cypress_runner.js:162150:10)\n    at Async.drainQueues (http://localhost:34699/__cypress/runner/cypress_runner.js:162024:14)",
                "diff": null
              },
              "uuid": "90b31a98-27a8-4e17-abb8-849fe85d4eb7",
              "parentUUID": "7cd6fbef-3905-43f2-9a5c-b3b21c6c262d",
              "isHook": false,
              "skipped": false
            }
          ],
          "suites": [],
          "passes": [],
          "failures": [
            "9b612af0-66c3-4360-aa83-53c164ec1bea",
            "fe183085-431c-4d11-afbd-4870e582a4b9",
[...]
                "diff": null
              },
              "uuid": "7bfd06cc-1672-4b5e-89f8-b6a3ab12bdb5",
              "parentUUID": "b34b3bcd-d19a-452d-8186-6484aee2c2cc",
              "isHook": false,
              "skipped": false
            },
            {
              "title": "Verifica se o novo quadro tem todos os pixels preenchidos com a cor branca",
              "fullTitle": "10 - Faça o quadro de pixels ter seu tamanho definido pelo usuário. Verifica se o novo quadro tem todos os pixels preenchidos com a cor branca",
              "timedOut": null,
              "duration": 4407,
              "state": "failed",
              "speed": null,
              "pass": false,
              "fail": true,
              "pending": false,
              "context": null,
              "code": "cy.get('#board-size').clear().type(6);\ncy.get('#generate-board').click();\ncy.get('.pixel').should('have.length', 36).each(function (pixel) {\n  expect(pixel).to.have.css('background-color', WHITE);\n});",
              "err": {
                "message": "CypressError: Timed out retrying: Expected to find element: '#board-size', but never found it.",
                "estack": "CypressError: Timed out retrying: Expected to find element: '#board-size', but never found it.\n    at cypressErr (http://localhost:34699/__cypress/runner/cypress_runner.js:149934:9)\n    at throwErr (http://localhost:34699/__cypress/runner/cypress_runner.js:149867:11)\n    at Object.throwErrByPath (http://localhost:34699/__cypress/runner/cypress_runner.js:149915:3)\n    at retry (http://localhost:34699/__cypress/runner/cypress_runner.js:144197:19)\n    at onFailFn (http://localhost:34699/__cypress/runner/cypress_runner.js:132448:16)\n    at tryCatcher (http://localhost:34699/__cypress/runner/cypress_runner.js:167415:23)\n    at Promise._settlePromiseFromHandler (http://localhost:34699/__cypress/runner/cypress_runner.js:165351:31)\n    at Promise._settlePromise (http://localhost:34699/__cypress/runner/cypress_runner.js:165408:18)\n    at Promise._settlePromise0 (http://localhost:34699/__cypress/runner/cypress_runner.js:165453:10)\n    at Promise._settlePromises (http://localhost:34699/__cypress/runner/cypress_runner.js:165528:18)\n    at Async../node_modules/bluebird/js/release/async.js.Async._drainQueue (http://localhost:34699/__cypress/runner/cypress_runner.js:162140:16)\n    at Async../node_modules/bluebird/js/release/async.js.Async._drainQueues (http://localhost:34699/__cypress/runner/cypress_runner.js:162150:10)\n    at Async.drainQueues (http://localhost:34699/__cypress/runner/cypress_runner.js:162024:14)",
                "diff": null
              },
              "uuid": "c9054bcd-300a-4ce9-8db6-5395d0d58172",
              "parentUUID": "b34b3bcd-d19a-452d-8186-6484aee2c2cc",
              "isHook": false,
              "skipped": false
            }
          ],
          "suites": [],
          "passes": [],
          "failures": [
            "9ebcc792-3485-4093-bb3a-173041da3a1d",
            "6908d5af-bca8-4e46-9500-c535fa6b10d5",
            "daa0bc58-840b-4cf2-bd3c-feb99bbe109b",
            "906e6a5d-13b8-4d61-a0cf-3068dee78ed1",
            "84a4ddca-d48f-4963-a454-445526ed0c94",
            "1a285e99-7635-4681-bf9b-52ece7f3fe7c",
            "ddc5cf44-0aa7-4766-b81e-6fb56f539beb",
            "7bfd06cc-1672-4b5e-89f8-b6a3ab12bdb5",
            "c9054bcd-300a-4ce9-8db6-5395d0d58172"
          ],
          "pending": [],
          "skipped": [],
          "duration": 39507,
          "root": false,
          "rootEmpty": false,
          "_timeout": 2000
        },
        {
          "uuid": "e00c3783-1cd6-4e50-814f-f56364cee93c",
          "title": "11 - Limite o tamanho mínimo e máximo do board.",
          "fullFile": "",
          "file": "",
          "beforeHooks": [],
          "afterHooks": [],
          "tests": [
            {
              "title": "Verifica se a altura máxima do board é 50",
              "fullTitle": "11 - Limite o tamanho mínimo e máximo do board. Verifica se a altura máxima do board é 50",
              "timedOut": null,
              "duration": 4442,
              "state": "failed",
              "speed": null,
              "pass": false,
              "fail": true,
              "pending": false,
              "context": null,
              "code": "cy.get('#board-size').clear().type(50);\ncy.get('#generate-board').click();\ncy.get('.pixel').should('have.length', 2500);",
              "err": {
                "message": "CypressError: Timed out retrying: Expected to find element: '#board-size', but never found it.",
                "estack": "CypressError: Timed out retrying: Expected to find element: '#board-size', but never found it.\n    at cypressErr (http://localhost:34699/__cypress/runner/cypress_runner.js:149934:9)\n    at throwErr (http://localhost:34699/__cypress/runner/cypress_runner.js:149867:11)\n    at Object.throwErrByPath (http://localhost:34699/__cypress/runner/cypress_runner.js:149915:3)\n    at retry (http://localhost:34699/__cypress/runner/cypress_runner.js:144197:19)\n    at onFailFn (http://localhost:34699/__cypress/runner/cypress_runner.js:132448:16)\n    at tryCatcher (http://localhost:34699/__cypress/runner/cypress_runner.js:167415:23)\n    at Promise._settlePromiseFromHandler (http://localhost:34699/__cypress/runner/cypress_runner.js:165351:31)\n    at Promise._settlePromise (http://localhost:34699/__cypress/runner/cypress_runner.js:165408:18)\n    at Promise._settlePromise0 (http://localhost:34699/__cypress/runner/cypress_runner.js:165453:10)\n    at Promise._settlePromises (http://localhost:34699/__cypress/runner/cypress_runner.js:165528:18)\n    at Async../node_modules/bluebird/js/release/async.js.Async._drainQueue (http://localhost:34699/__cypress/runner/cypress_runner.js:162140:16)\n    at Async../node_modules/bluebird/js/release/async.js.Async._drainQueues (http://localhost:34699/__cypress/runner/cypress_runner.js:162150:10)\n    at Async.drainQueues (http://localhost:34699/__cypress/runner/cypress_runner.js:162024:14)",
                "diff": null
              },
              "uuid": "1a49a9bd-1969-40e9-96fb-8890ce885948",
              "parentUUID": "e00c3783-1cd6-4e50-814f-f56364cee93c",
              "isHook": false,
              "skipped": false
            },
            {
              "title": "Verifica se a altura do board é 5 quando um valor menor é colocado no input",
              "fullTitle": "11 - Limite o tamanho mínimo e máximo do board. Verifica se a altura do board é 5 quando um valor menor é colocado no input",
              "timedOut": null,
              "duration": 4404,
              "state": "failed",
              "speed": null,
              "pass": false,
              "fail": true,
              "pending": false,
              "context": null,
              "code": "cy.get('#board-size').clear().type(4);\ncy.get('#generate-board').click();\ncy.get('.pixel').should('have.length', 25);",
              "err": {
                "message": "CypressError: Timed out retrying: Expected to find element: '#board-size', but never found it.",
                "estack": "CypressError: Timed out retrying: Expected to find element: '#board-size', but never found it.\n    at cypressErr (http://localhost:34699/__cypress/runner/cypress_runner.js:149934:9)\n    at throwErr (http://localhost:34699/__cypress/runner/cypress_runner.js:149867:11)\n    at Object.throwErrByPath (http://localhost:34699/__cypress/runner/cypress_runner.js:149915:3)\n    at retry (http://localhost:34699/__cypress/runner/cypress_runner.js:144197:19)\n    at onFailFn (http://localhost:34699/__cypress/runner/cypress_runner.js:132448:16)\n    at tryCatcher (http://localhost:34699/__cypress/runner/cypress_runner.js:167415:23)\n    at Promise._settlePromiseFromHandler (http://localhost:34699/__cypress/runner/cypress_runner.js:165351:31)\n    at Promise._settlePromise (http://localhost:34699/__cypress/runner/cypress_runner.js:165408:18)\n    at Promise._settlePromise0 (http://localhost:34699/__cypress/runner/cypress_runner.js:165453:10)\n    at Promise._settlePromises (http://localhost:34699/__cypress/runner/cypress_runner.js:165528:18)\n    at Async../node_modules/bluebird/js/release/async.js.Async._drainQueue (http://localhost:34699/__cypress/runner/cypress_runner.js:162140:16)\n    at Async../node_modules/bluebird/js/release/async.js.Async._drainQueues (http://localhost:34699/__cypress/runner/cypress_runner.js:162150:10)\n    at Async.drainQueues (http://localhost:34699/__cypress/runner/cypress_runner.js:162024:14)",
                "diff": null
              },
              "uuid": "21e7f150-1464-41ac-91b6-8ce8629df6a4",
              "parentUUID": "e00c3783-1cd6-4e50-814f-f56364cee93c",
              "isHook": false,
              "skipped": false
            },
            {
              "title": "Verifica se a altura do board é 50 quando um valor maior é colocado no input",
              "fullTitle": "11 - Limite o tamanho mínimo e máximo do board. Verifica se a altura do board é 50 quando um valor maior é colocado no input",
              "timedOut": null,
              "duration": 4424,
              "state": "failed",
              "speed": null,
              "pass": false,
              "fail": true,
              "pending": false,
              "context": null,
              "code": "cy.get('#board-size').clear().type(51);\ncy.get('#generate-board').click();\ncy.get('.pixel').should('have.length', 2500);",
              "err": {
                "message": "CypressError: Timed out retrying: Expected to find element: '#board-size', but never found it.",
                "estack": "CypressError: Timed out retrying: Expected to find element: '#board-size', but never found it.\n    at cypressErr (http://localhost:34699/__cypress/runner/cypress_runner.js:149934:9)\n    at throwErr (http://localhost:34699/__cypress/runner/cypress_runner.js:149867:11)\n    at Object.throwErrByPath (http://localhost:34699/__cypress/runner/cypress_runner.js:149915:3)\n    at retry (http://localhost:34699/__cypress/runner/cypress_runner.js:144197:19)\n    at onFailFn (http://localhost:34699/__cypress/runner/cypress_runner.js:132448:16)\n    at tryCatcher (http://localhost:34699/__cypress/runner/cypress_runner.js:167415:23)\n    at Promise._settlePromiseFromHandler (http://localhost:34699/__cypress/runner/cypress_runner.js:165351:31)\n    at Promise._settlePromise (http://localhost:34699/__cypress/runner/cypress_runner.js:165408:18)\n    at Promise._settlePromise0 (http://localhost:34699/__cypress/runner/cypress_runner.js:165453:10)\n    at Promise._settlePromises (http://localhost:34699/__cypress/runner/cypress_runner.js:165528:18)\n    at Async../node_modules/bluebird/js/release/async.js.Async._drainQueue (http://localhost:34699/__cypress/runner/cypress_runner.js:162140:16)\n    at Async../node_modules/bluebird/js/release/async.js.Async._drainQueues (http://localhost:34699/__cypress/runner/cypress_runner.js:162150:10)\n    at Async.drainQueues (http://localhost:34699/__cypress/runner/cypress_runner.js:162024:14)",
                "diff": null
              },
              "uuid": "d7aa501f-bd0d-4940-80fe-a9037f15c7c0",
              "parentUUID": "e00c3783-1cd6-4e50-814f-f56364cee93c",
              "isHook": false,
              "skipped": false
            }
          ],
          "suites": [],
          "passes": [],
          "failures": [
            "1a49a9bd-1969-40e9-96fb-8890ce885948",
            "21e7f150-1464-41ac-91b6-8ce8629df6a4",
            "d7aa501f-bd0d-4940-80fe-a9037f15c7c0"
          ],
          "pending": [],
          "skipped": [],
          "duration": 13270,
          "root": false,
          "rootEmpty": false,
          "_timeout": 2000
        },
        {
          "uuid": "c95a55fe-7119-4548-9b0d-6c48e1eef29a",
          "title": "12 - Faça com que as cores da paleta sejam geradas aleatoriamente ao carregar a página.",
          "fullFile": "",
          "file": "",
          "beforeHooks": [],
          "afterHooks": [],
          "tests": [
            {
              "title": "Verifica se as cores geradas na paleta são diferentes a cada carregamento da página",
              "fullTitle": "12 - Faça com que as cores da paleta sejam geradas aleatoriamente ao carregar a página. Verifica se as cores geradas na paleta são diferentes a cada carregamento da página",
              "timedOut": null,
              "duration": 4561,
              "state": "failed",
              "speed": null,
              "pass": false,
              "fail": true,
              "pending": false,
              "context": null,
              "code": "cy.get('.color').then(function (colors) {\n  var currentColors;\n  var previousColors;\n  previousColors = Array.from(colors).map(function (color) {\n    return Cypress.$(color).css('background-color');\n  });\n  for (var i = 0; i < 5; i += 1) {\n    cy.reload();\n    cy.get('.color').then(function (colors) {\n      currentColors = Array.from(colors).map(function (color) {\n        return Cypress.$(color).css('background-color');\n      });\n      expect(currentColors).not.to.deep.equal(previousColors);\n      previousColors = currentColors;\n    });\n  }\n});",
              "err": {
                "message": "CypressError: Timed out retrying: Expected to find element: '.color', but never found it.",
                "estack": "CypressError: Timed out retrying: Expected to find element: '.color', but never found it.\n    at cypressErr (http://localhost:34699/__cypress/runner/cypress_runner.js:149934:9)\n    at throwErr (http://localhost:34699/__cypress/runner/cypress_runner.js:149867:11)\n    at Object.throwErrByPath (http://localhost:34699/__cypress/runner/cypress_runner.js:149915:3)\n    at retry (http://localhost:34699/__cypress/runner/cypress_runner.js:144197:19)\n    at onFailFn (http://localhost:34699/__cypress/runner/cypress_runner.js:132448:16)\n    at tryCatcher (http://localhost:34699/__cypress/runner/cypress_runner.js:167415:23)\n    at Promise._settlePromiseFromHandler (http://localhost:34699/__cypress/runner/cypress_runner.js:165351:31)\n    at Promise._settlePromise (http://localhost:34699/__cypress/runner/cypress_runner.js:165408:18)\n    at Promise._settlePromise0 (http://localhost:34699/__cypress/runner/cypress_runner.js:165453:10)\n    at Promise._settlePromises (http://localhost:34699/__cypress/runner/cypress_runner.js:165528:18)\n    at Async../node_modules/bluebird/js/release/async.js.Async._drainQueue (http://localhost:34699/__cypress/runner/cypress_runner.js:162140:16)\n    at Async../node_modules/bluebird/js/release/async.js.Async._drainQueues (http://localhost:34699/__cypress/runner/cypress_runner.js:162150:10)\n    at Async.drainQueues (http://localhost:34699/__cypress/runner/cypress_runner.js:162024:14)",
                "diff": null
              },
              "uuid": "56580aa4-563a-4b5d-aa91-a9c6cad8e66e",
              "parentUUID": "c95a55fe-7119-4548-9b0d-6c48e1eef29a",
              "isHook": false,
              "skipped": false
            },
            {
              "title": "Verifica se a cor preta ainda está presente e é a primeira na sua paleta de cores",
              "fullTitle": "12 - Faça com que as cores da paleta sejam geradas aleatoriamente ao carregar a página. Verifica se a cor preta ainda está presente e é a primeira na sua paleta de cores",
              "timedOut": null,
              "duration": 4444,
              "state": "failed",
              "speed": null,
              "pass": false,
              "fail": true,
              "pending": false,
              "context": null,
              "code": "cy.get('.color').then(function (colors) {\n  var currentColors;\n  var previousColors;\n  previousColors = Array.from(colors).map(function (color) {\n    return Cypress.$(color).css('background-color');\n  });\n  expect(previousColors[0]).to.eq(BLACK);\n  for (var i = 0; i < 5; i += 1) {\n    cy.reload();\n    cy.get('.color').then(function (colors) {\n      currentColors = Array.from(colors).map(function (color) {\n        return Cypress.$(color).css('background-color');\n      });\n      expect(currentColors[0]).to.eq(BLACK);\n      expect(currentColors).not.to.deep.equal(previousColors);\n      previousColors = currentColors;\n    });\n  }\n});",
              "err": {
                "message": "CypressError: Timed out retrying: Expected to find element: '.color', but never found it.",
                "estack": "CypressError: Timed out retrying: Expected to find element: '.color', but never found it.\n    at cypressErr (http://localhost:34699/__cypress/runner/cypress_runner.js:149934:9)\n    at throwErr (http://localhost:34699/__cypress/runner/cypress_runner.js:149867:11)\n    at Object.throwErrByPath (http://localhost:34699/__cypress/runner/cypress_runner.js:149915:3)\n    at retry (http://localhost:34699/__cypress/runner/cypress_runner.js:144197:19)\n    at onFailFn (http://localhost:34699/__cypress/runner/cypress_runner.js:132448:16)\n    at tryCatcher (http://localhost:34699/__cypress/runner/cypress_runner.js:167415:23)\n    at Promise._settlePromiseFromHandler (http://localhost:34699/__cypress/runner/cypress_runner.js:165351:31)\n    at Promise._settlePromise (http://localhost:34699/__cypress/runner/cypress_runner.js:165408:18)\n    at Promise._settlePromise0 (http://localhost:34699/__cypress/runner/cypress_runner.js:165453:10)\n    at Promise._settlePromises (http://localhost:34699/__cypress/runner/cypress_runner.js:165528:18)\n    at Async../node_modules/bluebird/js/release/async.js.Async._drainQueue (http://localhost:34699/__cypress/runner/cypress_runner.js:162140:16)\n    at Async../node_modules/bluebird/js/release/async.js.Async._drainQueues (http://localhost:34699/__cypress/runner/cypress_runner.js:162150:10)\n    at Async.drainQueues (http://localhost:34699/__cypress/runner/cypress_runner.js:162024:14)",
                "diff": null
              },
              "uuid": "9f3aab83-2849-409f-aecd-d1361d608eba",
              "parentUUID": "c95a55fe-7119-4548-9b0d-6c48e1eef29a",
              "isHook": false,
              "skipped": false
            }
          ],
          "suites": [],
          "passes": [],
          "failures": [
            "56580aa4-563a-4b5d-aa91-a9c6cad8e66e",
            "9f3aab83-2849-409f-aecd-d1361d608eba"
          ],
          "pending": [],
          "skipped": [],
          "duration": 9005,
          "root": false,
          "rootEmpty": false,
          "_timeout": 2000
        }
      ],
      "passes": [],
      "failures": [],
      "pending": [],
      "skipped": [],
      "duration": 0,
      "root": true,
      "rootEmpty": true,
      "_timeout": 2000
    }
  ],
  "meta": {
    "mocha": {
      "version": "7.0.1"
    },
    "mochawesome": {
      "options": {
        "quiet": false,
        "reportFilename": "mochawesome",
        "saveHtml": false,
        "saveJson": true,
        "consoleReporter": "spec",
        "useInlineDiffs": false
      },
      "version": "4.1.0"
    },
    "marge": {
      "options": {
        "id": "default",
        "reportDir": "cypress/reports",
        "overwrite": true,
        "html": false,
        "json": true
      },
      "version": "4.1.0"
    }
  }
}