{
  "stats": {
    "suites": 12,
    "tests": 41,
    "passes": 24,
    "pending": 0,
    "failures": 17,
    "start": "2021-09-21T12:44:16.589Z",
    "end": "2021-09-21T12:45:33.549Z",
    "duration": 76960,
    "testsRegistered": 41,
    "passPercent": 58.536585365853654,
    "pendingPercent": 0,
    "other": 0,
    "hasOther": false,
    "skipped": 0,
    "hasSkipped": false
  },
  "results": [
    {
      "uuid": "4869c169-f32e-422e-8642-72fbf6d8a4c0",
      "title": "",
      "fullFile": "cypress/integration/project.spec.js",
      "file": "cypress/integration/project.spec.js",
      "beforeHooks": [],
      "afterHooks": [],
      "tests": [],
      "suites": [
        {
          "uuid": "dc2afbd4-c15f-427b-aadd-5a23b221f48c",
          "title": "1 - Adicione à página o título \"Paleta de Cores\".",
          "fullFile": "",
          "file": "",
          "beforeHooks": [],
          "afterHooks": [],
          "tests": [
            {
              "title": "Verifica se contém um elemento `h1` com o id `title` com o título correto",
              "fullTitle": "1 - Adicione à página o título \"Paleta de Cores\". Verifica se contém um elemento `h1` com o id `title` com o título correto",
              "timedOut": null,
              "duration": 115,
              "state": "passed",
              "speed": "slow",
              "pass": true,
              "fail": false,
              "pending": false,
              "context": null,
              "code": "cy.get('h1#title').should('contain.text', 'Paleta de Cores');",
              "err": {},
              "uuid": "0f89f669-a01a-4d8d-a4ff-8d31c2b97413",
              "parentUUID": "dc2afbd4-c15f-427b-aadd-5a23b221f48c",
              "isHook": false,
              "skipped": false
            }
          ],
          "suites": [],
          "passes": [
            "0f89f669-a01a-4d8d-a4ff-8d31c2b97413"
          ],
          "failures": [],
          "pending": [],
          "skipped": [],
          "duration": 115,
          "root": false,
          "rootEmpty": false,
          "_timeout": 2000
        },
        {
          "uuid": "37adf916-2c05-4bf5-bddc-5a8ee90859d1",
          "title": "2 - Adicione à página uma paleta de quatro cores distintas.",
          "fullFile": "",
          "file": "",
          "beforeHooks": [],
          "afterHooks": [],
          "tests": [
            {
              "title": "A paleta de cores deve ser um elemento com `id` denominado `color-palette`",
              "fullTitle": "2 - Adicione à página uma paleta de quatro cores distintas. A paleta de cores deve ser um elemento com `id` denominado `color-palette`",
              "timedOut": null,
              "duration": 58,
              "state": "passed",
              "speed": "medium",
              "pass": true,
              "fail": false,
              "pending": false,
              "context": null,
              "code": "cy.get('#color-palette').should('be.visible');\ncy.get('#color-palette').children('.color');",
              "err": {},
              "uuid": "2ee1e95d-80e5-4392-afe2-8638ce2843e7",
              "parentUUID": "37adf916-2c05-4bf5-bddc-5a8ee90859d1",
              "isHook": false,
              "skipped": false
            },
            {
              "title": "Verifica se cada cor individual da paleta de cores possui a `classe` chamada `color`.",
              "fullTitle": "2 - Adicione à página uma paleta de quatro cores distintas. Verifica se cada cor individual da paleta de cores possui a `classe` chamada `color`.",
              "timedOut": null,
              "duration": 75,
              "state": "passed",
              "speed": "medium",
              "pass": true,
              "fail": false,
              "pending": false,
              "context": null,
              "code": "cy.get('.color').should('have.length', 4).then(function (colors) {\n  for (var i = 0; i < colors.length; i++) {\n    cy.wrap(colors[i]).should('be.visible');\n  }\n});",
              "err": {},
              "uuid": "9541356e-f801-4835-a753-6f3f904241e7",
              "parentUUID": "37adf916-2c05-4bf5-bddc-5a8ee90859d1",
              "isHook": false,
              "skipped": false
            },
            {
              "title": "Verifica se a cor de fundo de cada elemento da paleta é a cor que o elemento representa. **A única cor não permitida na paleta é a cor branca.**",
              "fullTitle": "2 - Adicione à página uma paleta de quatro cores distintas. Verifica se a cor de fundo de cada elemento da paleta é a cor que o elemento representa. **A única cor não permitida na paleta é a cor branca.**",
              "timedOut": null,
              "duration": 73,
              "state": "passed",
              "speed": "medium",
              "pass": true,
              "fail": false,
              "pending": false,
              "context": null,
              "code": "cy.get('.color').each(function (color) {\n  cy.wrap(color).should('have.class', 'color').and('not.have.css', 'background-color', WHITE);\n  cy.wrap(color).should('have.css', 'background-color');\n});",
              "err": {},
              "uuid": "9d49c667-d4c3-4006-b344-672788028614",
              "parentUUID": "37adf916-2c05-4bf5-bddc-5a8ee90859d1",
              "isHook": false,
              "skipped": false
            },
            {
              "title": "Verifica se cada elemento da paleta de cores tem uma borda preta, sólida e com 1 pixel de largura;",
              "fullTitle": "2 - Adicione à página uma paleta de quatro cores distintas. Verifica se cada elemento da paleta de cores tem uma borda preta, sólida e com 1 pixel de largura;",
              "timedOut": null,
              "duration": 61,
              "state": "passed",
              "speed": "medium",
              "pass": true,
              "fail": false,
              "pending": false,
              "context": null,
              "code": "cy.get('.color').each(function (color) {\n  cy.wrap(color).and('have.css', 'border', \"1px solid \".concat(BLACK)).and('have.class', 'color');\n});",
              "err": {},
              "uuid": "2db6a2b5-489d-4703-a942-26377fe28db1",
              "parentUUID": "37adf916-2c05-4bf5-bddc-5a8ee90859d1",
              "isHook": false,
              "skipped": false
            },
            {
              "title": "Verifica se a paleta lista todas as cores disponíveis para utilização, lado a lado.",
              "fullTitle": "2 - Adicione à página uma paleta de quatro cores distintas. Verifica se a paleta lista todas as cores disponíveis para utilização, lado a lado.",
              "timedOut": null,
              "duration": 86,
              "state": "passed",
              "speed": "slow",
              "pass": true,
              "fail": false,
              "pending": false,
              "context": null,
              "code": "cy.get('.color').then(function (colors) {\n  for (var index = 1; index < colors.length; index += 1) {\n    var currentColor = colors[index];\n    var previousColor = colors[index - 1];\n    cy.wrap(currentColor).should('be.onTheRightOf', previousColor).and('be.horizontallyAlignedWith', previousColor);\n  }\n});",
              "err": {},
              "uuid": "5c038c5d-126e-43bf-82cb-333413415b6c",
              "parentUUID": "37adf916-2c05-4bf5-bddc-5a8ee90859d1",
              "isHook": false,
              "skipped": false
            },
            {
              "title": "Verifica se a paleta de cores está posicionada abaixo do título 'Paleta de Cores'",
              "fullTitle": "2 - Adicione à página uma paleta de quatro cores distintas. Verifica se a paleta de cores está posicionada abaixo do título 'Paleta de Cores'",
              "timedOut": null,
              "duration": 58,
              "state": "passed",
              "speed": "medium",
              "pass": true,
              "fail": false,
              "pending": false,
              "context": null,
              "code": "cy.get('h1#title').then(function (title) {\n  cy.get('#color-palette').should('be.belowOf', title);\n});",
              "err": {},
              "uuid": "c4fe5047-0075-4992-b0ca-e05780a6e82e",
              "parentUUID": "37adf916-2c05-4bf5-bddc-5a8ee90859d1",
              "isHook": false,
              "skipped": false
            },
            {
              "title": "Verifica se a paleta de cores não contém cores repetidas.",
              "fullTitle": "2 - Adicione à página uma paleta de quatro cores distintas. Verifica se a paleta de cores não contém cores repetidas.",
              "timedOut": null,
              "duration": 64,
              "state": "passed",
              "speed": "medium",
              "pass": true,
              "fail": false,
              "pending": false,
              "context": null,
              "code": "cy.get('.color').then(function (colors) {\n  var allColors = Array.from(colors).map(function (color) {\n    return Cypress.$(color).css('background-color');\n  });\n  cy.log(allColors);\n  var uniqColors = (0, _toConsumableArray2[\"default\"])(new Set(allColors));\n  cy.log(uniqColors);\n  expect(allColors.length).to.eq(uniqColors.length);\n});",
              "err": {},
              "uuid": "23e561b3-34cc-44ea-ab85-86f1b1c2378a",
              "parentUUID": "37adf916-2c05-4bf5-bddc-5a8ee90859d1",
              "isHook": false,
              "skipped": false
            }
          ],
          "suites": [],
          "passes": [
            "2ee1e95d-80e5-4392-afe2-8638ce2843e7",
            "9541356e-f801-4835-a753-6f3f904241e7",
            "9d49c667-d4c3-4006-b344-672788028614",
            "2db6a2b5-489d-4703-a942-26377fe28db1",
            "5c038c5d-126e-43bf-82cb-333413415b6c",
            "c4fe5047-0075-4992-b0ca-e05780a6e82e",
            "23e561b3-34cc-44ea-ab85-86f1b1c2378a"
          ],
          "failures": [],
          "pending": [],
          "skipped": [],
          "duration": 475,
          "root": false,
          "rootEmpty": false,
          "_timeout": 2000
        },
        {
          "uuid": "3f64714f-3b56-444e-bcc6-2ea1c93258aa",
          "title": "3 - Adicione a cor **preta** como a primeira cor da paleta de cores.",
          "fullFile": "",
          "file": "",
          "beforeHooks": [],
          "afterHooks": [],
          "tests": [
            {
              "title": "Verifica se a primeira cor da paleta é preta",
              "fullTitle": "3 - Adicione a cor **preta** como a primeira cor da paleta de cores. Verifica se a primeira cor da paleta é preta",
              "timedOut": null,
              "duration": 67,
              "state": "passed",
              "speed": "medium",
              "pass": true,
              "fail": false,
              "pending": false,
              "context": null,
              "code": "cy.get('.color').first().should('have.css', 'background-color', BLACK);",
              "err": {},
              "uuid": "dc5c3f18-bfef-49ed-b022-796a5a0bdcec",
              "parentUUID": "3f64714f-3b56-444e-bcc6-2ea1c93258aa",
              "isHook": false,
              "skipped": false
            },
            {
              "title": "Verifica se as demais cores podem ser escolhidas livremente.",
              "fullTitle": "3 - Adicione a cor **preta** como a primeira cor da paleta de cores. Verifica se as demais cores podem ser escolhidas livremente.",
              "timedOut": null,
              "duration": 161,
              "state": "passed",
              "speed": "slow",
              "pass": true,
              "fail": false,
              "pending": false,
              "context": null,
              "code": "cy.get('.color').eq(1).should('not.have.css', 'background-color', BLACK);\ncy.get('.color').eq(1).should('not.have.css', 'background-color', WHITE);\ncy.get('.color').eq(1).should('not.have.css', 'background-color', 'rgba(0, 0, 0, 0)');\ncy.get('.color').eq(1).should('have.css', 'background-color');\ncy.get('.color').eq(2).should('not.have.css', 'background-color', BLACK);\ncy.get('.color').eq(2).should('not.have.css', 'background-color', WHITE);\ncy.get('.color').eq(2).should('not.have.css', 'background-color', 'rgba(0, 0, 0, 0)');\ncy.get('.color').eq(2).should('have.css', 'background-color');\ncy.get('.color').eq(3).should('not.have.css', 'background-color', BLACK);\ncy.get('.color').eq(3).should('not.have.css', 'background-color', WHITE);\ncy.get('.color').eq(3).should('not.have.css', 'background-color', 'rgba(0, 0, 0, 0)');\ncy.get('.color').eq(3).should('have.css', 'background-color');",
              "err": {},
              "uuid": "8a2700bb-3698-4d5f-9cf0-c8d267d64230",
              "parentUUID": "3f64714f-3b56-444e-bcc6-2ea1c93258aa",
              "isHook": false,
              "skipped": false
            }
          ],
          "suites": [],
          "passes": [
            "dc5c3f18-bfef-49ed-b022-796a5a0bdcec",
            "8a2700bb-3698-4d5f-9cf0-c8d267d64230"
          ],
          "failures": [],
          "pending": [],
          "skipped": [],
          "duration": 228,
          "root": false,
          "rootEmpty": false,
          "_timeout": 2000
        },
        {
          "uuid": "a5f660e7-8c9f-4b28-94b6-b80a8351b46b",
          "title": "4 - Adicione à página um quadro de pixels, com 25 pixels.",
          "fullFile": "",
          "file": "",
          "beforeHooks": [],
          "afterHooks": [],
          "tests": [
            {
              "title": "Verifica se o quadro de pixels possui o `id` denominado `pixel-board`",
              "fullTitle": "4 - Adicione à página um quadro de pixels, com 25 pixels. Verifica se o quadro de pixels possui o `id` denominado `pixel-board`",
              "timedOut": null,
              "duration": 48,
              "state": "passed",
              "speed": "medium",
              "pass": true,
              "fail": false,
              "pending": false,
              "context": null,
              "code": "cy.get('#pixel-board').should('be.visible');",
              "err": {},
              "uuid": "46be08c0-b166-4c5d-9b69-367a2c2d385e",
              "parentUUID": "a5f660e7-8c9f-4b28-94b6-b80a8351b46b",
              "isHook": false,
              "skipped": false
            },
            {
              "title": "Verifica se cada pixel individual dentro do quadro possui a `classe` denominada `pixel`.",
              "fullTitle": "4 - Adicione à página um quadro de pixels, com 25 pixels. Verifica se cada pixel individual dentro do quadro possui a `classe` denominada `pixel`.",
              "timedOut": null,
              "duration": 67,
              "state": "passed",
              "speed": "medium",
              "pass": true,
              "fail": false,
              "pending": false,
              "context": null,
              "code": "cy.get('.pixel').should('have.length', 25);",
              "err": {},
              "uuid": "c0049e51-5397-4ad3-95e7-4128a140ef5f",
              "parentUUID": "a5f660e7-8c9f-4b28-94b6-b80a8351b46b",
              "isHook": false,
              "skipped": false
            },
            {
              "title": "Verifica se a cor inicial dos pixels dentro do quadro, ao abrir a página, é branca.",
              "fullTitle": "4 - Adicione à página um quadro de pixels, com 25 pixels. Verifica se a cor inicial dos pixels dentro do quadro, ao abrir a página, é branca.",
              "timedOut": null,
              "duration": 100,
              "state": "passed",
              "speed": "slow",
              "pass": true,
              "fail": false,
              "pending": false,
              "context": null,
              "code": "cy.get('.pixel').should('have.length', 25).each(function (pixel) {\n  expect(pixel).to.have.css('background-color', WHITE);\n});",
              "err": {},
              "uuid": "1bd885e4-a29b-4733-b2c3-c88b7188d5f1",
              "parentUUID": "a5f660e7-8c9f-4b28-94b6-b80a8351b46b",
              "isHook": false,
              "skipped": false
            },
            {
              "title": "Verifica se o quadro de pixels aparece abaixo da paleta de cores",
              "fullTitle": "4 - Adicione à página um quadro de pixels, com 25 pixels. Verifica se o quadro de pixels aparece abaixo da paleta de cores",
              "timedOut": null,
              "duration": 48,
              "state": "passed",
              "speed": "medium",
              "pass": true,
              "fail": false,
              "pending": false,
              "context": null,
              "code": "cy.get('#color-palette').then(function (palette) {\n  cy.get('#pixel-board').should('be.belowOf', palette);\n});",
              "err": {},
              "uuid": "3c63ffa5-45a5-467f-b49c-fb43b55d8c97",
              "parentUUID": "a5f660e7-8c9f-4b28-94b6-b80a8351b46b",
              "isHook": false,
              "skipped": false
            }
          ],
          "suites": [],
          "passes": [
            "46be08c0-b166-4c5d-9b69-367a2c2d385e",
            "c0049e51-5397-4ad3-95e7-4128a140ef5f",
            "1bd885e4-a29b-4733-b2c3-c88b7188d5f1",
            "3c63ffa5-45a5-467f-b49c-fb43b55d8c97"
          ],
          "failures": [],
          "pending": [],
          "skipped": [],
          "duration": 263,
          "root": false,
          "rootEmpty": false,
          "_timeout": 2000
        },
        {
          "uuid": "3274b2c5-b846-4fc3-ab73-0a80bbacbc75",
          "title": "5 - Faça com que cada elemento do quadro de pixels possua 40 pixels de largura, 40 pixels de altura e seja delimitado por uma borda preta de 1 pixel.",
          "fullFile": "",
          "file": "",
          "beforeHooks": [],
          "afterHooks": [],
          "tests": [
            {
              "title": "Verifica se o quadro de pixels tem altura e comprimento de 5 elementos",
              "fullTitle": "5 - Faça com que cada elemento do quadro de pixels possua 40 pixels de largura, 40 pixels de altura e seja delimitado por uma borda preta de 1 pixel. Verifica se o quadro de pixels tem altura e comprimento de 5 elementos",
              "timedOut": null,
              "duration": 179,
              "state": "passed",
              "speed": "slow",
              "pass": true,
              "fail": false,
              "pending": false,
              "context": null,
              "code": "cy.get('.pixel').should('have.length', 25).each(function (pixel) {\n  expect(pixel).to.have.css('background-color', WHITE);\n}).and(function (pixels) {\n  var rows = chunk(pixels, 5);\n  rows.forEach(function (row) {\n    for (var index = 1; index < row.length; index += 1) {\n      var current = pixels[index];\n      var previous = pixels[index - 1];\n      cy.wrap(current).should('be.onTheRightOf', previous).and('be.horizontallyAlignedWith', previous);\n    }\n  });\n  for (var index = 1; index < 5; index += 1) {\n    expect(pixels[index * 5]).to.be.belowOf(pixels[(index - 1) * 5]);\n  }\n});",
              "err": {},
              "uuid": "f99bcb00-e0b1-4555-86db-faaec315ba63",
              "parentUUID": "3274b2c5-b846-4fc3-ab73-0a80bbacbc75",
              "isHook": false,
              "skipped": false
            },
            {
              "title": "Verifica se 40 pixels é o tamanho total do elemento, incluindo seu conteúdo e excluindo a borda preta, que deve ser criada à parte.",
              "fullTitle": "5 - Faça com que cada elemento do quadro de pixels possua 40 pixels de largura, 40 pixels de altura e seja delimitado por uma borda preta de 1 pixel. Verifica se 40 pixels é o tamanho total do elemento, incluindo seu conteúdo e excluindo a borda preta, que deve ser criada à parte.",
              "timedOut": null,
              "duration": 161,
              "state": "passed",
              "speed": "slow",
              "pass": true,
              "fail": false,
              "pending": false,
              "context": null,
              "code": "cy.get('.pixel').each(function (pixel) {\n  cy.wrap(pixel).should('have.css', 'height', '40px').and('have.css', 'width', '40px').and('have.css', 'border', \"1px solid \".concat(BLACK));\n});",
              "err": {},
              "uuid": "63d22cad-ca65-4e01-b764-82c29ca765be",
              "parentUUID": "3274b2c5-b846-4fc3-ab73-0a80bbacbc75",
              "isHook": false,
              "skipped": false
            }
          ],
          "suites": [],
          "passes": [
            "f99bcb00-e0b1-4555-86db-faaec315ba63",
            "63d22cad-ca65-4e01-b764-82c29ca765be"
          ],
          "failures": [],
          "pending": [],
          "skipped": [],
          "duration": 340,
          "root": false,
          "rootEmpty": false,
          "_timeout": 2000
        },
        {
          "uuid": "b4812b8a-7a83-47bb-8e3f-fa2779b8d0a8",
          "title": "6 - Defina a cor preta como cor inicial. Ao carregar a página a cor preta já deve estar selecionada para pintar os pixels",
          "fullFile": "",
          "file": "",
          "beforeHooks": [],
          "afterHooks": [],
          "tests": [
            {
              "title": "Verifica se o elemento da cor preta possui, inicialmente, a `classe` `selected`",
              "fullTitle": "6 - Defina a cor preta como cor inicial. Ao carregar a página a cor preta já deve estar selecionada para pintar os pixels Verifica se o elemento da cor preta possui, inicialmente, a `classe` `selected`",
              "timedOut": null,
              "duration": 61,
              "state": "passed",
              "speed": "medium",
              "pass": true,
              "fail": false,
              "pending": false,
              "context": null,
              "code": "cy.get('.selected').first().should('have.css', 'background-color', BLACK);",
              "err": {},
              "uuid": "c6162044-fdc0-49a0-b8dc-50db136b52d6",
              "parentUUID": "b4812b8a-7a83-47bb-8e3f-fa2779b8d0a8",
              "isHook": false,
              "skipped": false
            },
            {
              "title": "Verifica se nenhuma outra cor da paleta tem a `classe` `selected`",
              "fullTitle": "6 - Defina a cor preta como cor inicial. Ao carregar a página a cor preta já deve estar selecionada para pintar os pixels Verifica se nenhuma outra cor da paleta tem a `classe` `selected`",
              "timedOut": null,
              "duration": 55,
              "state": "passed",
              "speed": "medium",
              "pass": true,
              "fail": false,
              "pending": false,
              "context": null,
              "code": "cy.get('.color:not(:first-child)').each(function (color) {\n  cy.wrap(color).should('not.have.class', 'selected');\n});",
              "err": {},
              "uuid": "c87b932a-3dea-4686-9cfa-a826ba340509",
              "parentUUID": "b4812b8a-7a83-47bb-8e3f-fa2779b8d0a8",
              "isHook": false,
              "skipped": false
            }
          ],
          "suites": [],
          "passes": [
            "c6162044-fdc0-49a0-b8dc-50db136b52d6",
            "c87b932a-3dea-4686-9cfa-a826ba340509"
          ],
          "failures": [],
          "pending": [],
          "skipped": [],
          "duration": 116,
          "root": false,
          "rootEmpty": false,
          "_timeout": 2000
        },
        {
          "uuid": "26a4df28-c49e-4ca7-a1c3-bab5f75b8a9c",
          "title": "7 - Clicar em uma das cores da paleta, faz com que ela seja selecionada e utilizada para preencher os pixels no quadro.",
          "fullFile": "",
          "file": "",
          "beforeHooks": [],
          "afterHooks": [],
          "tests": [
            {
              "title": "Verifica se somente uma cor da paleta de cores tem a classe `selected` de cada vez",
              "fullTitle": "7 - Clicar em uma das cores da paleta, faz com que ela seja selecionada e utilizada para preencher os pixels no quadro. Verifica se somente uma cor da paleta de cores tem a classe `selected` de cada vez",
              "timedOut": null,
              "duration": 433,
              "state": "passed",
              "speed": "slow",
              "pass": true,
              "fail": false,
              "pending": false,
              "context": null,
              "code": "cy.get('.color').each(function (selectedColor, selectedColorIndex) {\n  cy.wrap(selectedColor).click();\n  cy.get('.color').each(function (color, colorIndex) {\n    if (colorIndex === selectedColorIndex) {\n      expect(color).to.have[\"class\"]('selected');\n    } else {\n      expect(color).not.to.have[\"class\"]('selected');\n    }\n  });\n});",
              "err": {},
              "uuid": "bf894b46-02f8-4a97-a537-0b94d5de5cf9",
              "parentUUID": "26a4df28-c49e-4ca7-a1c3-bab5f75b8a9c",
              "isHook": false,
              "skipped": false
            },
            {
              "title": "Verifica se os pixels dentro do quadro não têm a classe `selected` quando são clicados",
              "fullTitle": "7 - Clicar em uma das cores da paleta, faz com que ela seja selecionada e utilizada para preencher os pixels no quadro. Verifica se os pixels dentro do quadro não têm a classe `selected` quando são clicados",
              "timedOut": null,
              "duration": 8903,
              "state": "passed",
              "speed": "slow",
              "pass": true,
              "fail": false,
              "pending": false,
              "context": null,
              "code": "cy.get('.color').each(function (color) {\n  var backgroundColor = color.css('background-color');\n  cy.wrap(color).click();\n  cy.get('.pixel').each(function (pixel) {\n    cy.wrap(pixel).click().should('not.have.class', 'selected');\n  });\n});",
              "err": {},
              "uuid": "eb228ed3-5b3b-4cce-b4dd-6def0feffd44",
              "parentUUID": "26a4df28-c49e-4ca7-a1c3-bab5f75b8a9c",
              "isHook": false,
              "skipped": false
            }
          ],
          "suites": [],
          "passes": [
            "bf894b46-02f8-4a97-a537-0b94d5de5cf9",
            "eb228ed3-5b3b-4cce-b4dd-6def0feffd44"
          ],
          "failures": [],
          "pending": [],
          "skipped": [],
          "duration": 9336,
          "root": false,
          "rootEmpty": false,
          "_timeout": 2000
        },
        {
          "uuid": "82bd7620-d36f-4786-b0c5-2a77e3a3edba",
          "title": "8 - Clicar em um pixel dentro do quadro após selecionar uma cor na paleta, faz com que o pixel seja preenchido com a cor selecionada.",
          "fullFile": "",
          "file": "",
          "beforeHooks": [],
          "afterHooks": [],
          "tests": [
            {
              "title": "Verifica se ao carregar a página deve ser possível pintar os pixels de preto",
              "fullTitle": "8 - Clicar em um pixel dentro do quadro após selecionar uma cor na paleta, faz com que o pixel seja preenchido com a cor selecionada. Verifica se ao carregar a página deve ser possível pintar os pixels de preto",
              "timedOut": null,
              "duration": 4285,
              "state": "failed",
              "speed": null,
              "pass": false,
              "fail": true,
              "pending": false,
              "context": null,
              "code": "cy.get('.pixel').each(function (pixel) {\n  cy.wrap(pixel).click().should('have.css', 'background-color', BLACK);\n});",
              "err": {
                "message": "CypressError: Timed out retrying: expected '<li.pixel>' to have CSS property 'background-color' with the value 'rgb(0, 0, 0)', but the value was 'rgb(255, 255, 255)'",
                "estack": "CypressError: Timed out retrying: expected '<li.pixel>' to have CSS property 'background-color' with the value 'rgb(0, 0, 0)', but the value was 'rgb(255, 255, 255)'\n    at cypressErr (http://localhost:35965/__cypress/runner/cypress_runner.js:149934:9)\n    at throwErr (http://localhost:35965/__cypress/runner/cypress_runner.js:149867:11)\n    at Object.throwErrByPath (http://localhost:35965/__cypress/runner/cypress_runner.js:149915:3)\n    at retry (http://localhost:35965/__cypress/runner/cypress_runner.js:144197:19)\n    at onFailFn (http://localhost:35965/__cypress/runner/cypress_runner.js:132448:16)\n    at tryCatcher (http://localhost:35965/__cypress/runner/cypress_runner.js:167415:23)\n    at Promise._settlePromiseFromHandler (http://localhost:35965/__cypress/runner/cypress_runner.js:165351:31)\n    at Promise._settlePromise (http://localhost:35965/__cypress/runner/cypress_runner.js:165408:18)\n    at Promise._settlePromise0 (http://localhost:35965/__cypress/runner/cypress_runner.js:165453:10)\n    at Promise._settlePromises (http://localhost:35965/__cypress/runner/cypress_runner.js:165528:18)\n    at Async../node_modules/bluebird/js/release/async.js.Async._drainQueue (http://localhost:35965/__cypress/runner/cypress_runner.js:162140:16)\n    at Async../node_modules/bluebird/js/release/async.js.Async._drainQueues (http://localhost:35965/__cypress/runner/cypress_runner.js:162150:10)\n    at Async.drainQueues (http://localhost:35965/__cypress/runner/cypress_runner.js:162024:14)",
                "diff": null
              },
              "uuid": "8291c1f2-3882-4ff8-8db6-929646386f2d",
              "parentUUID": "82bd7620-d36f-4786-b0c5-2a77e3a3edba",
              "isHook": false,
              "skipped": false
            },
            {
              "title": "Verifica se após selecionar uma outra cor na paleta, é possível pintar os pixels com essa cor",
              "fullTitle": "8 - Clicar em um pixel dentro do quadro após selecionar uma cor na paleta, faz com que o pixel seja preenchido com a cor selecionada. Verifica se após selecionar uma outra cor na paleta, é possível pintar os pixels com essa cor",
              "timedOut": null,
              "duration": 4361,
              "state": "failed",
              "speed": null,
              "pass": false,
              "fail": true,
              "pending": false,
              "context": null,
              "code": "cy.get('.color').each(function (color) {\n  var backgroundColor = color.css('background-color');\n  cy.wrap(color).click();\n  cy.get('.pixel').each(function (pixel) {\n    cy.wrap(pixel).click().should('have.css', 'background-color', backgroundColor);\n  });\n});",
              "err": {
                "message": "CypressError: Timed out retrying: expected '<li.pixel>' to have CSS property 'background-color' with the value 'rgb(0, 0, 0)', but the value was 'rgb(255, 255, 255)'",
                "estack": "CypressError: Timed out retrying: expected '<li.pixel>' to have CSS property 'background-color' with the value 'rgb(0, 0, 0)', but the value was 'rgb(255, 255, 255)'\n    at cypressErr (http://localhost:35965/__cypress/runner/cypress_runner.js:149934:9)\n    at throwErr (http://localhost:35965/__cypress/runner/cypress_runner.js:149867:11)\n    at Object.throwErrByPath (http://localhost:35965/__cypress/runner/cypress_runner.js:149915:3)\n    at retry (http://localhost:35965/__cypress/runner/cypress_runner.js:144197:19)\n    at onFailFn (http://localhost:35965/__cypress/runner/cypress_runner.js:132448:16)\n    at tryCatcher (http://localhost:35965/__cypress/runner/cypress_runner.js:167415:23)\n    at Promise._settlePromiseFromHandler (http://localhost:35965/__cypress/runner/cypress_runner.js:165351:31)\n    at Promise._settlePromise (http://localhost:35965/__cypress/runner/cypress_runner.js:165408:18)\n    at Promise._settlePromise0 (http://localhost:35965/__cypress/runner/cypress_runner.js:165453:10)\n    at Promise._settlePromises (http://localhost:35965/__cypress/runner/cypress_runner.js:165528:18)\n    at Async../node_modules/bluebird/js/release/async.js.Async._drainQueue (http://localhost:35965/__cypress/runner/cypress_runner.js:162140:16)\n    at Async../node_modules/bluebird/js/release/async.js.Async._drainQueues (http://localhost:35965/__cypress/runner/cypress_runner.js:162150:10)\n    at Async.drainQueues (http://localhost:35965/__cypress/runner/cypress_runner.js:162024:14)",
                "diff": null
              },
              "uuid": "55ff0f19-6c75-466d-a6a3-9fcff8301e1f",
              "parentUUID": "82bd7620-d36f-4786-b0c5-2a77e3a3edba",
              "isHook": false,
              "skipped": false
            },
            {
              "title": "Verifica se somente o pixel que foi clicado foi preenchido com a cor selecionada, sem influenciar na cor dos demais pixels.",
              "fullTitle": "8 - Clicar em um pixel dentro do quadro após selecionar uma cor na paleta, faz com que o pixel seja preenchido com a cor selecionada. Verifica se somente o pixel que foi clicado foi preenchido com a cor selecionada, sem influenciar na cor dos demais pixels.",
              "timedOut": null,
              "duration": 1188,
              "state": "passed",
              "speed": "slow",
              "pass": true,
              "fail": false,
              "pending": false,
              "context": null,
              "code": "var colorToPixelIndexMap = {\n  0: 6,\n  1: 8,\n  2: 16,\n  3: 18\n};\ncy.get('.color').each(function (color, index) {\n  cy.wrap(color).click();\n  var backgroundColor = color.css('background-color');\n  var clickedPixelIndex = colorToPixelIndexMap[index];\n  cy.get('.pixel').eq(clickedPixelIndex).click();\n  cy.get('.pixel').eq(clickedPixelIndex - 1).should('not.have.css', 'background-color', backgroundColor);\n  cy.get('.pixel').eq(clickedPixelIndex + 1).should('not.have.css', 'background-color', backgroundColor);\n  cy.get('.pixel').eq(clickedPixelIndex - 5).should('not.have.css', 'background-color', backgroundColor);\n  cy.get('.pixel').eq(clickedPixelIndex + 5).should('not.have.css', 'background-color', backgroundColor);\n  cy.get('.pixel').eq(clickedPixelIndex - 6).should('not.have.css', 'background-color', backgroundColor);\n  cy.get('.pixel').eq(clickedPixelIndex - 4).should('not.have.css', 'background-color', backgroundColor);\n  cy.get('.pixel').eq(clickedPixelIndex + 4).should('not.have.css', 'background-color', backgroundColor);\n  cy.get('.pixel').eq(clickedPixelIndex + 6).should('not.have.css', 'background-color', backgroundColor);\n});",
              "err": {},
              "uuid": "2974c330-2ab6-44d3-84a4-e8f4f25aaddb",
              "parentUUID": "82bd7620-d36f-4786-b0c5-2a77e3a3edba",
              "isHook": false,
              "skipped": false
            }
          ],
          "suites": [],
          "passes": [
            "2974c330-2ab6-44d3-84a4-e8f4f25aaddb"
          ],
          "failures": [
            "8291c1f2-3882-4ff8-8db6-929646386f2d",
            "55ff0f19-6c75-466d-a6a3-9fcff8301e1f"
          ],
          "pending": [],
          "skipped": [],
          "duration": 9834,
          "root": false,
          "rootEmpty": false,
          "_timeout": 2000
        },
        {
          "uuid": "906426cb-8cff-4827-9ad0-3be1d9d4bc8c",
          "title": "9 - Crie um botão que, ao ser clicado, limpa o quadro preenchendo a cor de todos seus pixels com branco.",
          "fullFile": "",
          "file": "",
          "beforeHooks": [],
          "afterHooks": [],
          "tests": [
            {
              "title": "Verifica se o botão tem o `id` denominado `clear-board`",
              "fullTitle": "9 - Crie um botão que, ao ser clicado, limpa o quadro preenchendo a cor de todos seus pixels com branco. Verifica se o botão tem o `id` denominado `clear-board`",
              "timedOut": null,
              "duration": 101,
              "state": "passed",
              "speed": "slow",
              "pass": true,
              "fail": false,
              "pending": false,
              "context": null,
              "code": "cy.get('#clear-board').should('be.visible');",
              "err": {},
              "uuid": "fed5257b-1433-46a3-b97a-3f2fdff9dd98",
              "parentUUID": "906426cb-8cff-4827-9ad0-3be1d9d4bc8c",
              "isHook": false,
              "skipped": false
            },
            {
              "title": "Verifica se o botão está posicionado entre a paleta de cores e o quadro de pixels",
              "fullTitle": "9 - Crie um botão que, ao ser clicado, limpa o quadro preenchendo a cor de todos seus pixels com branco. Verifica se o botão está posicionado entre a paleta de cores e o quadro de pixels",
              "timedOut": null,
              "duration": 62,
              "state": "passed",
              "speed": "medium",
              "pass": true,
              "fail": false,
              "pending": false,
              "context": null,
              "code": "cy.get('#color-palette').then(function (palette) {\n  cy.get('#clear-board').should('be.belowOf', palette);\n});\ncy.get('#clear-board').then(function (clearBtn) {\n  cy.get('#pixel-board').should('be.belowOf', clearBtn);\n});",
              "err": {},
              "uuid": "44bb62dc-8caf-4dc6-a429-02a021306bbe",
              "parentUUID": "906426cb-8cff-4827-9ad0-3be1d9d4bc8c",
              "isHook": false,
              "skipped": false
            },
            {
              "title": "Verifica se o texto do botão é 'Limpar'",
              "fullTitle": "9 - Crie um botão que, ao ser clicado, limpa o quadro preenchendo a cor de todos seus pixels com branco. Verifica se o texto do botão é 'Limpar'",
              "timedOut": null,
              "duration": 45,
              "state": "passed",
              "speed": "medium",
              "pass": true,
              "fail": false,
              "pending": false,
              "context": null,
              "code": "cy.get('#clear-board').should('contain.text', 'Limpar');",
              "err": {},
              "uuid": "61c38513-0ab2-4127-9709-b570ab1b87cf",
              "parentUUID": "906426cb-8cff-4827-9ad0-3be1d9d4bc8c",
              "isHook": false,
              "skipped": false
            },
            {
              "title": "Verifica se ao clicar no botão, o quadro de pixels é totalmente preenchido de branco",
              "fullTitle": "9 - Crie um botão que, ao ser clicado, limpa o quadro preenchendo a cor de todos seus pixels com branco. Verifica se ao clicar no botão, o quadro de pixels é totalmente preenchido de branco",
              "timedOut": null,
              "duration": 4367,
              "state": "failed",
              "speed": null,
              "pass": false,
              "fail": true,
              "pending": false,
              "context": null,
              "code": "cy.get('.color').eq(1).then(function (color) {\n  var backgroundColor = color.css('background-color');\n  cy.wrap(color).click();\n  cy.get('.pixel').each(function (pixel) {\n    cy.wrap(pixel).click().should('have.css', 'background-color', backgroundColor);\n  });\n});\ncy.get('#clear-board').click();\ncy.get('.pixel').each(function (pixel) {\n  cy.wrap(pixel).should('have.css', 'background-color', WHITE);\n});",
              "err": {
                "message": "CypressError: Timed out retrying: expected '<li.pixel>' to have CSS property 'background-color' with the value 'rgb(0, 128, 0)', but the value was 'rgb(255, 255, 255)'",
                "estack": "CypressError: Timed out retrying: expected '<li.pixel>' to have CSS property 'background-color' with the value 'rgb(0, 128, 0)', but the value was 'rgb(255, 255, 255)'\n    at cypressErr (http://localhost:35965/__cypress/runner/cypress_runner.js:149934:9)\n    at throwErr (http://localhost:35965/__cypress/runner/cypress_runner.js:149867:11)\n    at Object.throwErrByPath (http://localhost:35965/__cypress/runner/cypress_runner.js:149915:3)\n    at retry (http://localhost:35965/__cypress/runner/cypress_runner.js:144197:19)\n    at onFailFn (http://localhost:35965/__cypress/runner/cypress_runner.js:132448:16)\n    at tryCatcher (http://localhost:35965/__cypress/runner/cypress_runner.js:167415:23)\n    at Promise._settlePromiseFromHandler (http://localhost:35965/__cypress/runner/cypress_runner.js:165351:31)\n    at Promise._settlePromise (http://localhost:35965/__cypress/runner/cypress_runner.js:165408:18)\n    at Promise._settlePromise0 (http://localhost:35965/__cypress/runner/cypress_runner.js:165453:10)\n    at Promise._settlePromises (http://localhost:35965/__cypress/runner/cypress_runner.js:165528:18)\n    at Async../node_modules/bluebird/js/release/async.js.Async._drainQueue (http://localhost:35965/__cypress/runner/cypress_runner.js:162140:16)\n    at Async../node_modules/bluebird/js/release/async.js.Async._drainQueues (http://localhost:35965/__cypress/runner/cypress_runner.js:162150:10)\n    at Async.drainQueues (http://localhost:35965/__cypress/runner/cypress_runner.js:162024:14)",
                "diff": null
              },
              "uuid": "96f3611e-6c87-4cd5-9c57-67d26c008d03",
              "parentUUID": "906426cb-8cff-4827-9ad0-3be1d9d4bc8c",
              "isHook": false,
              "skipped": false
            }
          ],
          "suites": [],
          "passes": [
            "fed5257b-1433-46a3-b97a-3f2fdff9dd98",
            "44bb62dc-8caf-4dc6-a429-02a021306bbe",
            "61c38513-0ab2-4127-9709-b570ab1b87cf"
          ],
          "failures": [
            "96f3611e-6c87-4cd5-9c57-67d26c008d03"
          ],
          "pending": [],
          "skipped": [],
          "duration": 4575,
          "root": false,
          "rootEmpty": false,
          "_timeout": 2000
        },
        {
          "uuid": "629ac68e-dac2-4840-b74e-3e09f62bfaff",
          "title": "10 - Faça o quadro de pixels ter seu tamanho definido pelo usuário.",
          "fullFile": "",
          "file": "",
          "beforeHooks": [],
          "afterHooks": [],
          "tests": [
            {
              "title": "Verifica se existe um input com o id `board-size`",
              "fullTitle": "10 - Faça o quadro de pixels ter seu tamanho definido pelo usuário. Verifica se existe um input com o id `board-size`",
              "timedOut": null,
              "duration": 4223,
              "state": "failed",
              "speed": null,
              "pass": false,
              "fail": true,
              "pending": false,
              "context": null,
              "code": "cy.get('#board-size').should('be.visible');",
              "err": {
                "message": "CypressError: Timed out retrying: Expected to find element: '#board-size', but never found it.",
                "estack": "CypressError: Timed out retrying: Expected to find element: '#board-size', but never found it.\n    at cypressErr (http://localhost:35965/__cypress/runner/cypress_runner.js:149934:9)\n    at throwErr (http://localhost:35965/__cypress/runner/cypress_runner.js:149867:11)\n    at Object.throwErrByPath (http://localhost:35965/__cypress/runner/cypress_runner.js:149915:3)\n    at retry (http://localhost:35965/__cypress/runner/cypress_runner.js:144197:19)\n    at onFailFn (http://localhost:35965/__cypress/runner/cypress_runner.js:132448:16)\n    at tryCatcher (http://localhost:35965/__cypress/runner/cypress_runner.js:167415:23)\n    at Promise._settlePromiseFromHandler (http://localhost:35965/__cypress/runner/cypress_runner.js:165351:31)\n    at Promise._settlePromise (http://localhost:35965/__cypress/runner/cypress_runner.js:165408:18)\n    at Promise._settlePromise0 (http://localhost:35965/__cypress/runner/cypress_runner.js:165453:10)\n    at Promise._settlePromises (http://localhost:35965/__cypress/runner/cypress_runner.js:165528:18)\n    at Async../node_modules/bluebird/js/release/async.js.Async._drainQueue (http://localhost:35965/__cypress/runner/cypress_runner.js:162140:16)\n    at Async../node_modules/bluebird/js/release/async.js.Async._drainQueues (http://localhost:35965/__cypress/runner/cypress_runner.js:162150:10)\n    at Async.drainQueues (http://localhost:35965/__cypress/runner/cypress_runner.js:162024:14)",
                "diff": null
              },
              "uuid": "d142b93c-0bc2-4ebd-b619-9bc0cdccd215",
              "parentUUID": "629ac68e-dac2-4840-b74e-3e09f62bfaff",
              "isHook": false,
              "skipped": false
            },
            {
              "title": "Verifica se existe um botão com o id `generate-board`",
              "fullTitle": "10 - Faça o quadro de pixels ter seu tamanho definido pelo usuário. Verifica se existe um botão com o id `generate-board`",
              "timedOut": null,
              "duration": 4208,
              "state": "failed",
              "speed": null,
              "pass": false,
              "fail": true,
              "pending": false,
              "context": null,
              "code": "cy.get('#generate-board').should('be.visible');",
              "err": {
                "message": "CypressError: Timed out retrying: Expected to find element: '#generate-board', but never found it.",
                "estack": "CypressError: Timed out retrying: Expected to find element: '#generate-board', but never found it.\n    at cypressErr (http://localhost:35965/__cypress/runner/cypress_runner.js:149934:9)\n    at throwErr (http://localhost:35965/__cypress/runner/cypress_runner.js:149867:11)\n    at Object.throwErrByPath (http://localhost:35965/__cypress/runner/cypress_runner.js:149915:3)\n    at retry (http://localhost:35965/__cypress/runner/cypress_runner.js:144197:19)\n    at onFailFn (http://localhost:35965/__cypress/runner/cypress_runner.js:132448:16)\n    at tryCatcher (http://localhost:35965/__cypress/runner/cypress_runner.js:167415:23)\n    at Promise._settlePromiseFromHandler (http://localhost:35965/__cypress/runner/cypress_runner.js:165351:31)\n    at Promise._settlePromise (http://localhost:35965/__cypress/runner/cypress_runner.js:165408:18)\n    at Promise._settlePromise0 (http://localhost:35965/__cypress/runner/cypress_runner.js:165453:10)\n    at Promise._settlePromises (http://localhost:35965/__cypress/runner/cypress_runner.js:165528:18)\n    at Async../node_modules/bluebird/js/release/async.js.Async._drainQueue (http://localhost:35965/__cypress/runner/cypress_runner.js:162140:16)\n    at Async../node_modules/bluebird/js/release/async.js.Async._drainQueues (http://localhost:35965/__cypress/runner/cypress_runner.js:162150:10)\n    at Async.drainQueues (http://localhost:35965/__cypress/runner/cypress_runner.js:162024:14)",
                "diff": null
              },
              "uuid": "becee3ab-0d0a-4a06-af31-f071784992c5",
              "parentUUID": "629ac68e-dac2-4840-b74e-3e09f62bfaff",
              "isHook": false,
              "skipped": false
            },
            {
              "title": "Verifica se o input só aceita número maiores que zero. Essa restrição deve ser feita usando os atributos do elemento `input`",
              "fullTitle": "10 - Faça o quadro de pixels ter seu tamanho definido pelo usuário. Verifica se o input só aceita número maiores que zero. Essa restrição deve ser feita usando os atributos do elemento `input`",
              "timedOut": null,
              "duration": 4179,
              "state": "failed",
              "speed": null,
              "pass": false,
              "fail": true,
              "pending": false,
              "context": null,
              "code": "cy.get('#board-size[type=\\'number\\'][min=\\'1\\']');",
              "err": {
                "message": "CypressError: Timed out retrying: Expected to find element: '#board-size[type='number'][min='1']', but never found it.",
                "estack": "CypressError: Timed out retrying: Expected to find element: '#board-size[type='number'][min='1']', but never found it.\n    at cypressErr (http://localhost:35965/__cypress/runner/cypress_runner.js:149934:9)\n    at throwErr (http://localhost:35965/__cypress/runner/cypress_runner.js:149867:11)\n    at Object.throwErrByPath (http://localhost:35965/__cypress/runner/cypress_runner.js:149915:3)\n    at retry (http://localhost:35965/__cypress/runner/cypress_runner.js:144197:19)\n    at onFailFn (http://localhost:35965/__cypress/runner/cypress_runner.js:132448:16)\n    at tryCatcher (http://localhost:35965/__cypress/runner/cypress_runner.js:167415:23)\n    at Promise._settlePromiseFromHandler (http://localhost:35965/__cypress/runner/cypress_runner.js:165351:31)\n    at Promise._settlePromise (http://localhost:35965/__cypress/runner/cypress_runner.js:165408:18)\n    at Promise._settlePromise0 (http://localhost:35965/__cypress/runner/cypress_runner.js:165453:10)\n    at Promise._settlePromises (http://localhost:35965/__cypress/runner/cypress_runner.js:165528:18)\n    at Async../node_modules/bluebird/js/release/async.js.Async._drainQueue (http://localhost:35965/__cypress/runner/cypress_runner.js:162140:16)\n    at Async../node_modules/bluebird/js/release/async.js.Async._drainQueues (http://localhost:35965/__cypress/runner/cypress_runner.js:162150:10)\n    at Async.drainQueues (http://localhost:35965/__cypress/runner/cypress_runner.js:162024:14)",
                "diff": null
              },
              "uuid": "0826aca1-8542-4c74-8aaa-0f1a9937c5cd",
              "parentUUID": "629ac68e-dac2-4840-b74e-3e09f62bfaff",
              "isHook": false,
              "skipped": false
            },
            {
              "title": "Verifica se o botão contém o texto 'VQV'",
              "fullTitle": "10 - Faça o quadro de pixels ter seu tamanho definido pelo usuário. Verifica se o botão contém o texto 'VQV'",
              "timedOut": null,
              "duration": 4187,
              "state": "failed",
              "speed": null,
              "pass": false,
              "fail": true,
              "pending": false,
              "context": null,
              "code": "cy.get('#generate-board').contains(/vqv/i);",
              "err": {
                "message": "CypressError: Timed out retrying: Expected to find element: '#generate-board', but never found it.",
                "estack": "CypressError: Timed out retrying: Expected to find element: '#generate-board', but never found it.\n    at cypressErr (http://localhost:35965/__cypress/runner/cypress_runner.js:149934:9)\n    at throwErr (http://localhost:35965/__cypress/runner/cypress_runner.js:149867:11)\n    at Object.throwErrByPath (http://localhost:35965/__cypress/runner/cypress_runner.js:149915:3)\n    at retry (http://localhost:35965/__cypress/runner/cypress_runner.js:144197:19)\n    at onFailFn (http://localhost:35965/__cypress/runner/cypress_runner.js:132448:16)\n    at tryCatcher (http://localhost:35965/__cypress/runner/cypress_runner.js:167415:23)\n    at Promise._settlePromiseFromHandler (http://localhost:35965/__cypress/runner/cypress_runner.js:165351:31)\n    at Promise._settlePromise (http://localhost:35965/__cypress/runner/cypress_runner.js:165408:18)\n    at Promise._settlePromise0 (http://localhost:35965/__cypress/runner/cypress_runner.js:165453:10)\n    at Promise._settlePromises (http://localhost:35965/__cypress/runner/cypress_runner.js:165528:18)\n    at Async../node_modules/bluebird/js/release/async.js.Async._drainQueue (http://localhost:35965/__cypress/runner/cypress_runner.js:162140:16)\n    at Async../node_modules/bluebird/js/release/async.js.Async._drainQueues (http://localhost:35965/__cypress/runner/cypress_runner.js:162150:10)\n    at Async.drainQueues (http://localhost:35965/__cypress/runner/cypress_runner.js:162024:14)",
                "diff": null
              },
              "uuid": "aff364a6-19c1-4c03-949d-37ea7953aeca",
              "parentUUID": "629ac68e-dac2-4840-b74e-3e09f62bfaff",
              "isHook": false,
              "skipped": false
            },
            {
              "title": "Verifica se o input está posicionado entre a paleta de cores e o quadro de pixels",
              "fullTitle": "10 - Faça o quadro de pixels ter seu tamanho definido pelo usuário. Verifica se o input está posicionado entre a paleta de cores e o quadro de pixels",
              "timedOut": null,
              "duration": 4209,
              "state": "failed",
              "speed": null,
              "pass": false,
              "fail": true,
              "pending": false,
              "context": null,
              "code": "cy.get('#color-palette').then(function (palette) {\n  cy.get('#board-size').should('be.belowOf', palette);\n});\ncy.get('#board-size').then(function (palette) {\n  cy.get('#pixel-board').should('be.belowOf', palette);\n});",
              "err": {
                "message": "CypressError: Timed out retrying: Expected to find element: '#board-size', but never found it.",
                "estack": "CypressError: Timed out retrying: Expected to find element: '#board-size', but never found it.\n    at cypressErr (http://localhost:35965/__cypress/runner/cypress_runner.js:149934:9)\n    at throwErr (http://localhost:35965/__cypress/runner/cypress_runner.js:149867:11)\n    at Object.throwErrByPath (http://localhost:35965/__cypress/runner/cypress_runner.js:149915:3)\n    at retry (http://localhost:35965/__cypress/runner/cypress_runner.js:144197:19)\n    at onFailFn (http://localhost:35965/__cypress/runner/cypress_runner.js:132448:16)\n    at tryCatcher (http://localhost:35965/__cypress/runner/cypress_runner.js:167415:23)\n    at Promise._settlePromiseFromHandler (http://localhost:35965/__cypress/runner/cypress_runner.js:165351:31)\n    at Promise._settlePromise (http://localhost:35965/__cypress/runner/cypress_runner.js:165408:18)\n    at Promise._settlePromise0 (http://localhost:35965/__cypress/runner/cypress_runner.js:165453:10)\n    at Promise._settlePromises (http://localhost:35965/__cypress/runner/cypress_runner.js:165528:18)\n    at Async../node_modules/bluebird/js/release/async.js.Async._drainQueue (http://localhost:35965/__cypress/runner/cypress_runner.js:162140:16)\n    at Async../node_modules/bluebird/js/release/async.js.Async._drainQueues (http://localhost:35965/__cypress/runner/cypress_runner.js:162150:10)\n    at Async.drainQueues (http://localhost:35965/__cypress/runner/cypress_runner.js:162024:14)",
                "diff": null
              },
              "uuid": "f75bb4dd-4296-45ee-9c98-95e6fc572ab2",
              "parentUUID": "629ac68e-dac2-4840-b74e-3e09f62bfaff",
              "isHook": false,
              "skipped": false
            },
            {
              "title": "Verifica se o botão está posicionado ao lado do input",
              "fullTitle": "10 - Faça o quadro de pixels ter seu tamanho definido pelo usuário. Verifica se o botão está posicionado ao lado do input",
              "timedOut": null,
              "duration": 4240,
              "state": "failed",
              "speed": null,
              "pass": false,
              "fail": true,
              "pending": false,
              "context": null,
              "code": "cy.get('#board-size').then(function (board) {\n  cy.get('#generate-board').should('be.onTheRightOf', board);\n});",
              "err": {
                "message": "CypressError: Timed out retrying: Expected to find element: '#board-size', but never found it.",
                "estack": "CypressError: Timed out retrying: Expected to find element: '#board-size', but never found it.\n    at cypressErr (http://localhost:35965/__cypress/runner/cypress_runner.js:149934:9)\n    at throwErr (http://localhost:35965/__cypress/runner/cypress_runner.js:149867:11)\n    at Object.throwErrByPath (http://localhost:35965/__cypress/runner/cypress_runner.js:149915:3)\n    at retry (http://localhost:35965/__cypress/runner/cypress_runner.js:144197:19)\n    at onFailFn (http://localhost:35965/__cypress/runner/cypress_runner.js:132448:16)\n    at tryCatcher (http://localhost:35965/__cypress/runner/cypress_runner.js:167415:23)\n    at Promise._settlePromiseFromHandler (http://localhost:35965/__cypress/runner/cypress_runner.js:165351:31)\n    at Promise._settlePromise (http://localhost:35965/__cypress/runner/cypress_runner.js:165408:18)\n    at Promise._settlePromise0 (http://localhost:35965/__cypress/runner/cypress_runner.js:165453:10)\n    at Promise._settlePromises (http://localhost:35965/__cypress/runner/cypress_runner.js:165528:18)\n    at Async../node_modules/bluebird/js/release/async.js.Async._drainQueue (http://localhost:35965/__cypress/runner/cypress_runner.js:162140:16)\n    at Async../node_modules/bluebird/js/release/async.js.Async._drainQueues (http://localhost:35965/__cypress/runner/cypress_runner.js:162150:10)\n    at Async.drainQueues (http://localhost:35965/__cypress/runner/cypress_runner.js:162024:14)",
                "diff": null
              },
              "uuid": "3fb147a7-4660-49ce-83fa-fd09012e3179",
              "parentUUID": "629ac68e-dac2-4840-b74e-3e09f62bfaff",
              "isHook": false,
              "skipped": false
            },
            {
              "title": "Verifica se nenhum valor for colocado no input ao clicar no botão, um `alert` é exibido com o texto: 'Board inválido!'",
              "fullTitle": "10 - Faça o quadro de pixels ter seu tamanho definido pelo usuário. Verifica se nenhum valor for colocado no input ao clicar no botão, um `alert` é exibido com o texto: 'Board inválido!'",
              "timedOut": null,
              "duration": 4190,
              "state": "failed",
              "speed": null,
              "pass": false,
              "fail": true,
              "pending": false,
              "context": null,
              "code": "var alerted = false;\ncy.on('window:alert', function (msg) {\n  return alerted = msg;\n});\ncy.get('#generate-board').click().then(function () {\n  return expect(alerted).to.match(/Board inválido!/i);\n});",
              "err": {
                "message": "CypressError: Timed out retrying: Expected to find element: '#generate-board', but never found it.",
                "estack": "CypressError: Timed out retrying: Expected to find element: '#generate-board', but never found it.\n    at cypressErr (http://localhost:35965/__cypress/runner/cypress_runner.js:149934:9)\n    at throwErr (http://localhost:35965/__cypress/runner/cypress_runner.js:149867:11)\n    at Object.throwErrByPath (http://localhost:35965/__cypress/runner/cypress_runner.js:149915:3)\n    at retry (http://localhost:35965/__cypress/runner/cypress_runner.js:144197:19)\n    at onFailFn (http://localhost:35965/__cypress/runner/cypress_runner.js:132448:16)\n    at tryCatcher (http://localhost:35965/__cypress/runner/cypress_runner.js:167415:23)\n    at Promise._settlePromiseFromHandler (http://localhost:35965/__cypress/runner/cypress_runner.js:165351:31)\n    at Promise._settlePromise (http://localhost:35965/__cypress/runner/cypress_runner.js:165408:18)\n    at Promise._settlePromise0 (http://localhost:35965/__cypress/runner/cypress_runner.js:165453:10)\n    at Promise._settlePromises (http://localhost:35965/__cypress/runner/cypress_runner.js:165528:18)\n    at Async../node_modules/bluebird/js/release/async.js.Async._drainQueue (http://localhost:35965/__cypress/runner/cypress_runner.js:162140:16)\n    at Async../node_modules/bluebird/js/release/async.js.Async._drainQueues (http://localhost:35965/__cypress/runner/cypress_runner.js:162150:10)\n    at Async.drainQueues (http://localhost:35965/__cypress/runner/cypress_runner.js:162024:14)",
                "diff": null
              },
              "uuid": "ffab210f-3f10-460e-a453-eb1fbf4785ce",
              "parentUUID": "629ac68e-dac2-4840-b74e-3e09f62bfaff",
              "isHook": false,
              "skipped": false
            },
            {
              "title": "Verifica se ao clicar no botão com um valor preenchido, o tamanho do board muda.",
              "fullTitle": "10 - Faça o quadro de pixels ter seu tamanho definido pelo usuário. Verifica se ao clicar no botão com um valor preenchido, o tamanho do board muda.",
              "timedOut": null,
              "duration": 4185,
              "state": "failed",
              "speed": null,
              "pass": false,
              "fail": true,
              "pending": false,
              "context": null,
              "code": "cy.get('#board-size').clear().type(10);\ncy.get('#generate-board').click();\ncy.get('.pixel').should('have.length', 100);",
              "err": {
                "message": "CypressError: Timed out retrying: Expected to find element: '#board-size', but never found it.",
                "estack": "CypressError: Timed out retrying: Expected to find element: '#board-size', but never found it.\n    at cypressErr (http://localhost:35965/__cypress/runner/cypress_runner.js:149934:9)\n    at throwErr (http://localhost:35965/__cypress/runner/cypress_runner.js:149867:11)\n    at Object.throwErrByPath (http://localhost:35965/__cypress/runner/cypress_runner.js:149915:3)\n    at retry (http://localhost:35965/__cypress/runner/cypress_runner.js:144197:19)\n    at onFailFn (http://localhost:35965/__cypress/runner/cypress_runner.js:132448:16)\n    at tryCatcher (http://localhost:35965/__cypress/runner/cypress_runner.js:167415:23)\n    at Promise._settlePromiseFromHandler (http://localhost:35965/__cypress/runner/cypress_runner.js:165351:31)\n    at Promise._settlePromise (http://localhost:35965/__cypress/runner/cypress_runner.js:165408:18)\n    at Promise._settlePromise0 (http://localhost:35965/__cypress/runner/cypress_runner.js:165453:10)\n    at Promise._settlePromises (http://localhost:35965/__cypress/runner/cypress_runner.js:165528:18)\n    at Async../node_modules/bluebird/js/release/async.js.Async._drainQueue (http://localhost:35965/__cypress/runner/cypress_runner.js:162140:16)\n    at Async../node_modules/bluebird/js/release/async.js.Async._drainQueues (http://localhost:35965/__cypress/runner/cypress_runner.js:162150:10)\n    at Async.drainQueues (http://localhost:35965/__cypress/runner/cypress_runner.js:162024:14)",
                "diff": null
              },
              "uuid": "5e2dfbea-f3b6-46cd-b142-b6158c53e410",
              "parentUUID": "629ac68e-dac2-4840-b74e-3e09f62bfaff",
              "isHook": false,
              "skipped": false
            },
            {
              "title": "Verifica se o novo quadro tem todos os pixels preenchidos com a cor branca",
              "fullTitle": "10 - Faça o quadro de pixels ter seu tamanho definido pelo usuário. Verifica se o novo quadro tem todos os pixels preenchidos com a cor branca",
              "timedOut": null,
              "duration": 4215,
              "state": "failed",
              "speed": null,
              "pass": false,
              "fail": true,
              "pending": false,
              "context": null,
              "code": "cy.get('#board-size').clear().type(6);\ncy.get('#generate-board').click();\ncy.get('.pixel').should('have.length', 36).each(function (pixel) {\n  expect(pixel).to.have.css('background-color', WHITE);\n});",
              "err": {
                "message": "CypressError: Timed out retrying: Expected to find element: '#board-size', but never found it.",
                "estack": "CypressError: Timed out retrying: Expected to find element: '#board-size', but never found it.\n    at cypressErr (http://localhost:35965/__cypress/runner/cypress_runner.js:149934:9)\n    at throwErr (http://localhost:35965/__cypress/runner/cypress_runner.js:149867:11)\n    at Object.throwErrByPath (http://localhost:35965/__cypress/runner/cypress_runner.js:149915:3)\n    at retry (http://localhost:35965/__cypress/runner/cypress_runner.js:144197:19)\n    at onFailFn (http://localhost:35965/__cypress/runner/cypress_runner.js:132448:16)\n    at tryCatcher (http://localhost:35965/__cypress/runner/cypress_runner.js:167415:23)\n    at Promise._settlePromiseFromHandler (http://localhost:35965/__cypress/runner/cypress_runner.js:165351:31)\n    at Promise._settlePromise (http://localhost:35965/__cypress/runner/cypress_runner.js:165408:18)\n    at Promise._settlePromise0 (http://localhost:35965/__cypress/runner/cypress_runner.js:165453:10)\n    at Promise._settlePromises (http://localhost:35965/__cypress/runner/cypress_runner.js:165528:18)\n    at Async../node_modules/bluebird/js/release/async.js.Async._drainQueue (http://localhost:35965/__cypress/runner/cypress_runner.js:162140:16)\n    at Async../node_modules/bluebird/js/release/async.js.Async._drainQueues (http://localhost:35965/__cypress/runner/cypress_runner.js:162150:10)\n    at Async.drainQueues (http://localhost:35965/__cypress/runner/cypress_runner.js:162024:14)",
                "diff": null
              },
              "uuid": "80a2f34d-8832-44d1-9294-4f9040cbcbda",
              "parentUUID": "629ac68e-dac2-4840-b74e-3e09f62bfaff",
              "isHook": false,
              "skipped": false
            }
          ],
          "suites": [],
          "passes": [],
          "failures": [
            "d142b93c-0bc2-4ebd-b619-9bc0cdccd215",
            "becee3ab-0d0a-4a06-af31-f071784992c5",
            "0826aca1-8542-4c74-8aaa-0f1a9937c5cd",
            "aff364a6-19c1-4c03-949d-37ea7953aeca",
            "f75bb4dd-4296-45ee-9c98-95e6fc572ab2",
            "3fb147a7-4660-49ce-83fa-fd09012e3179",
            "ffab210f-3f10-460e-a453-eb1fbf4785ce",
            "5e2dfbea-f3b6-46cd-b142-b6158c53e410",
            "80a2f34d-8832-44d1-9294-4f9040cbcbda"
          ],
          "pending": [],
          "skipped": [],
          "duration": 37836,
          "root": false,
          "rootEmpty": false,
          "_timeout": 2000
        },
        {
          "uuid": "638324d0-00e0-4fb6-9e07-4bdd545b1059",
          "title": "11 - Limite o tamanho mínimo e máximo do board.",
          "fullFile": "",
          "file": "",
          "beforeHooks": [],
          "afterHooks": [],
          "tests": [
            {
              "title": "Verifica se a altura máxima do board é 50",
              "fullTitle": "11 - Limite o tamanho mínimo e máximo do board. Verifica se a altura máxima do board é 50",
              "timedOut": null,
              "duration": 4187,
              "state": "failed",
              "speed": null,
              "pass": false,
              "fail": true,
              "pending": false,
              "context": null,
              "code": "cy.get('#board-size').clear().type(50);\ncy.get('#generate-board').click();\ncy.get('.pixel').should('have.length', 2500);",
              "err": {
                "message": "CypressError: Timed out retrying: Expected to find element: '#board-size', but never found it.",
                "estack": "CypressError: Timed out retrying: Expected to find element: '#board-size', but never found it.\n    at cypressErr (http://localhost:35965/__cypress/runner/cypress_runner.js:149934:9)\n    at throwErr (http://localhost:35965/__cypress/runner/cypress_runner.js:149867:11)\n    at Object.throwErrByPath (http://localhost:35965/__cypress/runner/cypress_runner.js:149915:3)\n    at retry (http://localhost:35965/__cypress/runner/cypress_runner.js:144197:19)\n    at onFailFn (http://localhost:35965/__cypress/runner/cypress_runner.js:132448:16)\n    at tryCatcher (http://localhost:35965/__cypress/runner/cypress_runner.js:167415:23)\n    at Promise._settlePromiseFromHandler (http://localhost:35965/__cypress/runner/cypress_runner.js:165351:31)\n    at Promise._settlePromise (http://localhost:35965/__cypress/runner/cypress_runner.js:165408:18)\n    at Promise._settlePromise0 (http://localhost:35965/__cypress/runner/cypress_runner.js:165453:10)\n    at Promise._settlePromises (http://localhost:35965/__cypress/runner/cypress_runner.js:165528:18)\n    at Async../node_modules/bluebird/js/release/async.js.Async._drainQueue (http://localhost:35965/__cypress/runner/cypress_runner.js:162140:16)\n    at Async../node_modules/bluebird/js/release/async.js.Async._drainQueues (http://localhost:35965/__cypress/runner/cypress_runner.js:162150:10)\n    at Async.drainQueues (http://localhost:35965/__cypress/runner/cypress_runner.js:162024:14)",
                "diff": null
              },
              "uuid": "c0fd28a0-6f60-4cd6-9765-61bf5f9fe723",
              "parentUUID": "638324d0-00e0-4fb6-9e07-4bdd545b1059",
              "isHook": false,
              "skipped": false
            },
            {
              "title": "Verifica se a altura do board é 5 quando um valor menor é colocado no input",
              "fullTitle": "11 - Limite o tamanho mínimo e máximo do board. Verifica se a altura do board é 5 quando um valor menor é colocado no input",
              "timedOut": null,
              "duration": 4239,
              "state": "failed",
              "speed": null,
              "pass": false,
              "fail": true,
              "pending": false,
              "context": null,
              "code": "cy.get('#board-size').clear().type(4);\ncy.get('#generate-board').click();\ncy.get('.pixel').should('have.length', 25);",
              "err": {
                "message": "CypressError: Timed out retrying: Expected to find element: '#board-size', but never found it.",
                "estack": "CypressError: Timed out retrying: Expected to find element: '#board-size', but never found it.\n    at cypressErr (http://localhost:35965/__cypress/runner/cypress_runner.js:149934:9)\n    at throwErr (http://localhost:35965/__cypress/runner/cypress_runner.js:149867:11)\n    at Object.throwErrByPath (http://localhost:35965/__cypress/runner/cypress_runner.js:149915:3)\n    at retry (http://localhost:35965/__cypress/runner/cypress_runner.js:144197:19)\n    at onFailFn (http://localhost:35965/__cypress/runner/cypress_runner.js:132448:16)\n    at tryCatcher (http://localhost:35965/__cypress/runner/cypress_runner.js:167415:23)\n    at Promise._settlePromiseFromHandler (http://localhost:35965/__cypress/runner/cypress_runner.js:165351:31)\n    at Promise._settlePromise (http://localhost:35965/__cypress/runner/cypress_runner.js:165408:18)\n    at Promise._settlePromise0 (http://localhost:35965/__cypress/runner/cypress_runner.js:165453:10)\n    at Promise._settlePromises (http://localhost:35965/__cypress/runner/cypress_runner.js:165528:18)\n    at Async../node_modules/bluebird/js/release/async.js.Async._drainQueue (http://localhost:35965/__cypress/runner/cypress_runner.js:162140:16)\n    at Async../node_modules/bluebird/js/release/async.js.Async._drainQueues (http://localhost:35965/__cypress/runner/cypress_runner.js:162150:10)\n    at Async.drainQueues (http://localhost:35965/__cypress/runner/cypress_runner.js:162024:14)",
                "diff": null
              },
              "uuid": "c948db68-31fd-4a0c-b254-67c1c0e746d9",
              "parentUUID": "638324d0-00e0-4fb6-9e07-4bdd545b1059",
              "isHook": false,
              "skipped": false
            },
            {
              "title": "Verifica se a altura do board é 50 quando um valor maior é colocado no input",
              "fullTitle": "11 - Limite o tamanho mínimo e máximo do board. Verifica se a altura do board é 50 quando um valor maior é colocado no input",
              "timedOut": null,
              "duration": 4226,
              "state": "failed",
              "speed": null,
              "pass": false,
              "fail": true,
              "pending": false,
              "context": null,
              "code": "cy.get('#board-size').clear().type(51);\ncy.get('#generate-board').click();\ncy.get('.pixel').should('have.length', 2500);",
              "err": {
                "message": "CypressError: Timed out retrying: Expected to find element: '#board-size', but never found it.",
                "estack": "CypressError: Timed out retrying: Expected to find element: '#board-size', but never found it.\n    at cypressErr (http://localhost:35965/__cypress/runner/cypress_runner.js:149934:9)\n    at throwErr (http://localhost:35965/__cypress/runner/cypress_runner.js:149867:11)\n    at Object.throwErrByPath (http://localhost:35965/__cypress/runner/cypress_runner.js:149915:3)\n    at retry (http://localhost:35965/__cypress/runner/cypress_runner.js:144197:19)\n    at onFailFn (http://localhost:35965/__cypress/runner/cypress_runner.js:132448:16)\n    at tryCatcher (http://localhost:35965/__cypress/runner/cypress_runner.js:167415:23)\n    at Promise._settlePromiseFromHandler (http://localhost:35965/__cypress/runner/cypress_runner.js:165351:31)\n    at Promise._settlePromise (http://localhost:35965/__cypress/runner/cypress_runner.js:165408:18)\n    at Promise._settlePromise0 (http://localhost:35965/__cypress/runner/cypress_runner.js:165453:10)\n    at Promise._settlePromises (http://localhost:35965/__cypress/runner/cypress_runner.js:165528:18)\n    at Async../node_modules/bluebird/js/release/async.js.Async._drainQueue (http://localhost:35965/__cypress/runner/cypress_runner.js:162140:16)\n    at Async../node_modules/bluebird/js/release/async.js.Async._drainQueues (http://localhost:35965/__cypress/runner/cypress_runner.js:162150:10)\n    at Async.drainQueues (http://localhost:35965/__cypress/runner/cypress_runner.js:162024:14)",
                "diff": null
              },
              "uuid": "1dfca7ae-a0ba-480a-a46b-88fa53ca7abd",
              "parentUUID": "638324d0-00e0-4fb6-9e07-4bdd545b1059",
              "isHook": false,
              "skipped": false
            }
          ],
          "suites": [],
          "passes": [],
          "failures": [
            "c0fd28a0-6f60-4cd6-9765-61bf5f9fe723",
            "c948db68-31fd-4a0c-b254-67c1c0e746d9",
            "1dfca7ae-a0ba-480a-a46b-88fa53ca7abd"
          ],
          "pending": [],
          "skipped": [],
          "duration": 12652,
          "root": false,
          "rootEmpty": false,
          "_timeout": 2000
        },
        {
          "uuid": "ddd38bf2-a41f-44ec-b579-24f5b599da3f",
          "title": "12 - Faça com que as cores da paleta sejam geradas aleatoriamente ao carregar a página.",
          "fullFile": "",
          "file": "",
          "beforeHooks": [],
          "afterHooks": [],
          "tests": [
            {
              "title": "Verifica se as cores geradas na paleta são diferentes a cada carregamento da página",
              "fullTitle": "12 - Faça com que as cores da paleta sejam geradas aleatoriamente ao carregar a página. Verifica se as cores geradas na paleta são diferentes a cada carregamento da página",
              "timedOut": null,
              "duration": 273,
              "state": "failed",
              "speed": null,
              "pass": false,
              "fail": true,
              "pending": false,
              "context": null,
              "code": "cy.get('.color').then(function (colors) {\n  var currentColors;\n  var previousColors;\n  previousColors = Array.from(colors).map(function (color) {\n    return Cypress.$(color).css('background-color');\n  });\n  for (var i = 0; i < 5; i += 1) {\n    cy.reload();\n    cy.get('.color').then(function (colors) {\n      currentColors = Array.from(colors).map(function (color) {\n        return Cypress.$(color).css('background-color');\n      });\n      expect(currentColors).not.to.deep.equal(previousColors);\n      previousColors = currentColors;\n    });\n  }\n});",
              "err": {
                "message": "AssertionError: expected [ Array(4) ] to not deeply equal [ Array(4) ]",
                "estack": "AssertionError: expected [ Array(4) ] to not deeply equal [ Array(4) ]\n    at getRet (http://localhost:35965/__cypress/runner/cypress_runner.js:136585:16)\n    at tryCatcher (http://localhost:35965/__cypress/runner/cypress_runner.js:167415:23)\n    at Function.Promise.attempt.Promise.try (http://localhost:35965/__cypress/runner/cypress_runner.js:164690:29)\n    at Context.thenFn (http://localhost:35965/__cypress/runner/cypress_runner.js:136599:23)\n    at Context.then (http://localhost:35965/__cypress/runner/cypress_runner.js:136971:21)\n    at Context.<anonymous> (http://localhost:35965/__cypress/runner/cypress_runner.js:148875:21)\n    at http://localhost:35965/__cypress/runner/cypress_runner.js:148351:33\n    at tryCatcher (http://localhost:35965/__cypress/runner/cypress_runner.js:167415:23)\n    at Promise._settlePromiseFromHandler (http://localhost:35965/__cypress/runner/cypress_runner.js:165351:31)\n    at Promise._settlePromise (http://localhost:35965/__cypress/runner/cypress_runner.js:165408:18)\n    at Promise._settlePromiseCtx (http://localhost:35965/__cypress/runner/cypress_runner.js:165445:10)\n    at Async../node_modules/bluebird/js/release/async.js.Async._drainQueue (http://localhost:35965/__cypress/runner/cypress_runner.js:162145:12)\n    at Async../node_modules/bluebird/js/release/async.js.Async._drainQueues (http://localhost:35965/__cypress/runner/cypress_runner.js:162150:10)\n    at Async.drainQueues (http://localhost:35965/__cypress/runner/cypress_runner.js:162024:14)",
                "diff": ""
              },
              "uuid": "8fe24918-660c-40ca-a82e-e20ab71dd329",
              "parentUUID": "ddd38bf2-a41f-44ec-b579-24f5b599da3f",
              "isHook": false,
              "skipped": false
            },
            {
              "title": "Verifica se a cor preta ainda está presente e é a primeira na sua paleta de cores",
              "fullTitle": "12 - Faça com que as cores da paleta sejam geradas aleatoriamente ao carregar a página. Verifica se a cor preta ainda está presente e é a primeira na sua paleta de cores",
              "timedOut": null,
              "duration": 250,
              "state": "failed",
              "speed": null,
              "pass": false,
              "fail": true,
              "pending": false,
              "context": null,
              "code": "cy.get('.color').then(function (colors) {\n  var currentColors;\n  var previousColors;\n  previousColors = Array.from(colors).map(function (color) {\n    return Cypress.$(color).css('background-color');\n  });\n  expect(previousColors[0]).to.eq(BLACK);\n  for (var i = 0; i < 5; i += 1) {\n    cy.reload();\n    cy.get('.color').then(function (colors) {\n      currentColors = Array.from(colors).map(function (color) {\n        return Cypress.$(color).css('background-color');\n      });\n      expect(currentColors[0]).to.eq(BLACK);\n      expect(currentColors).not.to.deep.equal(previousColors);\n      previousColors = currentColors;\n    });\n  }\n});",
              "err": {
                "message": "AssertionError: expected [ Array(4) ] to not deeply equal [ Array(4) ]",
                "estack": "AssertionError: expected [ Array(4) ] to not deeply equal [ Array(4) ]\n    at getRet (http://localhost:35965/__cypress/runner/cypress_runner.js:136585:16)\n    at tryCatcher (http://localhost:35965/__cypress/runner/cypress_runner.js:167415:23)\n    at Function.Promise.attempt.Promise.try (http://localhost:35965/__cypress/runner/cypress_runner.js:164690:29)\n    at Context.thenFn (http://localhost:35965/__cypress/runner/cypress_runner.js:136599:23)\n    at Context.then (http://localhost:35965/__cypress/runner/cypress_runner.js:136971:21)\n    at Context.<anonymous> (http://localhost:35965/__cypress/runner/cypress_runner.js:148875:21)\n    at http://localhost:35965/__cypress/runner/cypress_runner.js:148351:33\n    at tryCatcher (http://localhost:35965/__cypress/runner/cypress_runner.js:167415:23)\n    at Promise._settlePromiseFromHandler (http://localhost:35965/__cypress/runner/cypress_runner.js:165351:31)\n    at Promise._settlePromise (http://localhost:35965/__cypress/runner/cypress_runner.js:165408:18)\n    at Promise._settlePromiseCtx (http://localhost:35965/__cypress/runner/cypress_runner.js:165445:10)\n    at Async../node_modules/bluebird/js/release/async.js.Async._drainQueue (http://localhost:35965/__cypress/runner/cypress_runner.js:162145:12)\n    at Async../node_modules/bluebird/js/release/async.js.Async._drainQueues (http://localhost:35965/__cypress/runner/cypress_runner.js:162150:10)\n    at Async.drainQueues (http://localhost:35965/__cypress/runner/cypress_runner.js:162024:14)",
                "diff": ""
              },
              "uuid": "8659da36-0432-475a-ac95-0b9450e870cc",
              "parentUUID": "ddd38bf2-a41f-44ec-b579-24f5b599da3f",
              "isHook": false,
              "skipped": false
            }
          ],
          "suites": [],
          "passes": [],
          "failures": [
            "8fe24918-660c-40ca-a82e-e20ab71dd329",
            "8659da36-0432-475a-ac95-0b9450e870cc"
          ],
          "pending": [],
          "skipped": [],
          "duration": 523,
          "root": false,
          "rootEmpty": false,
          "_timeout": 2000
        }
      ],
      "passes": [],
      "failures": [],
      "pending": [],
      "skipped": [],
      "duration": 0,
      "root": true,
      "rootEmpty": true,
      "_timeout": 2000
    }
  ],
  "meta": {
    "mocha": {
      "version": "7.0.1"
    },
    "mochawesome": {
      "options": {
        "quiet": false,
        "reportFilename": "mochawesome",
        "saveHtml": false,
        "saveJson": true,
        "consoleReporter": "spec",
        "useInlineDiffs": false
      },
      "version": "4.1.0"
    },
    "marge": {
      "options": {
        "id": "default",
        "reportDir": "cypress/reports",
        "overwrite": true,
        "html": false,
        "json": true
      },
      "version": "4.1.0"
    }
  }
}