{
  "stats": {
    "suites": 12,
    "tests": 41,
    "passes": 22,
    "pending": 0,
    "failures": 19,
    "start": "2021-10-15T17:43:01.614Z",
    "end": "2021-10-15T17:44:58.527Z",
    "duration": 116913,
    "testsRegistered": 41,
    "passPercent": 53.65853658536586,
    "pendingPercent": 0,
    "other": 0,
    "hasOther": false,
    "skipped": 0,
    "hasSkipped": false
  },
  "results": [
    {
      "uuid": "4cca2bc6-4a51-44ab-80a8-673f8cb0823e",
      "title": "",
      "fullFile": "cypress/integration/project.spec.js",
      "file": "cypress/integration/project.spec.js",
      "beforeHooks": [],
      "afterHooks": [],
      "tests": [],
      "suites": [
        {
          "uuid": "0beb2894-e9a5-4faa-a1c3-38cd26400930",
          "title": "1 - Adicione à página o título \"Paleta de Cores\".",
          "fullFile": "",
          "file": "",
          "beforeHooks": [],
          "afterHooks": [],
          "tests": [
            {
              "title": "Verifica se contém um elemento `h1` com o id `title` com o título correto",
              "fullTitle": "1 - Adicione à página o título \"Paleta de Cores\". Verifica se contém um elemento `h1` com o id `title` com o título correto",
              "timedOut": null,
              "duration": 916,
              "state": "passed",
              "speed": "slow",
              "pass": true,
              "fail": false,
              "pending": false,
              "context": null,
              "code": "cy.get('h1#title').should('contain.text', 'Paleta de Cores');",
              "err": {},
              "uuid": "b7a15461-eb65-4cee-9922-acc86bef94a5",
              "parentUUID": "0beb2894-e9a5-4faa-a1c3-38cd26400930",
              "isHook": false,
              "skipped": false
            }
          ],
          "suites": [],
          "passes": [
            "b7a15461-eb65-4cee-9922-acc86bef94a5"
          ],
          "failures": [],
          "pending": [],
          "skipped": [],
          "duration": 916,
          "root": false,
          "rootEmpty": false,
          "_timeout": 2000
        },
        {
          "uuid": "fb70a654-d244-4c06-828d-6189387fd136",
          "title": "2 - Adicione à página uma paleta de quatro cores distintas.",
          "fullFile": "",
          "file": "",
          "beforeHooks": [],
          "afterHooks": [],
          "tests": [
            {
              "title": "A paleta de cores deve ser um elemento com `id` denominado `color-palette`",
              "fullTitle": "2 - Adicione à página uma paleta de quatro cores distintas. A paleta de cores deve ser um elemento com `id` denominado `color-palette`",
              "timedOut": null,
              "duration": 352,
              "state": "passed",
              "speed": "slow",
              "pass": true,
              "fail": false,
              "pending": false,
              "context": null,
              "code": "cy.get('#color-palette').should('be.visible');\ncy.get('#color-palette').children('.color');",
              "err": {},
              "uuid": "82a0948a-3893-4483-954a-0994b6f38cc7",
              "parentUUID": "fb70a654-d244-4c06-828d-6189387fd136",
              "isHook": false,
              "skipped": false
            },
            {
              "title": "Verifica se cada cor individual da paleta de cores possui a `classe` chamada `color`.",
              "fullTitle": "2 - Adicione à página uma paleta de quatro cores distintas. Verifica se cada cor individual da paleta de cores possui a `classe` chamada `color`.",
              "timedOut": null,
              "duration": 347,
              "state": "passed",
              "speed": "slow",
              "pass": true,
              "fail": false,
              "pending": false,
              "context": null,
              "code": "cy.get('.color').should('have.length', 4).then(function (colors) {\n  for (var i = 0; i < colors.length; i++) {\n    cy.wrap(colors[i]).should('be.visible');\n  }\n});",
              "err": {},
              "uuid": "03209202-c753-49a6-9705-16e5bdd3413c",
              "parentUUID": "fb70a654-d244-4c06-828d-6189387fd136",
              "isHook": false,
              "skipped": false
            },
            {
              "title": "Verifica se a cor de fundo de cada elemento da paleta é a cor que o elemento representa. **A única cor não permitida na paleta é a cor branca.**",
              "fullTitle": "2 - Adicione à página uma paleta de quatro cores distintas. Verifica se a cor de fundo de cada elemento da paleta é a cor que o elemento representa. **A única cor não permitida na paleta é a cor branca.**",
              "timedOut": null,
              "duration": 432,
              "state": "passed",
              "speed": "slow",
              "pass": true,
              "fail": false,
              "pending": false,
              "context": null,
              "code": "cy.get('.color').each(function (color) {\n  cy.wrap(color).should('have.class', 'color').and('not.have.css', 'background-color', WHITE);\n  cy.wrap(color).should('have.css', 'background-color');\n});",
              "err": {},
              "uuid": "c5d6a001-b464-4fa3-bfe9-ee8b75d4dcc9",
              "parentUUID": "fb70a654-d244-4c06-828d-6189387fd136",
              "isHook": false,
              "skipped": false
            },
            {
              "title": "Verifica se cada elemento da paleta de cores tem uma borda preta, sólida e com 1 pixel de largura;",
              "fullTitle": "2 - Adicione à página uma paleta de quatro cores distintas. Verifica se cada elemento da paleta de cores tem uma borda preta, sólida e com 1 pixel de largura;",
              "timedOut": null,
              "duration": 240,
              "state": "passed",
              "speed": "slow",
              "pass": true,
              "fail": false,
              "pending": false,
              "context": null,
              "code": "cy.get('.color').each(function (color) {\n  cy.wrap(color).and('have.css', 'border', \"1px solid \".concat(BLACK)).and('have.class', 'color');\n});",
              "err": {},
              "uuid": "cbf29236-4aff-4085-8ecc-5632f93c4be4",
              "parentUUID": "fb70a654-d244-4c06-828d-6189387fd136",
              "isHook": false,
              "skipped": false
            },
            {
              "title": "Verifica se a paleta lista todas as cores disponíveis para utilização, lado a lado.",
              "fullTitle": "2 - Adicione à página uma paleta de quatro cores distintas. Verifica se a paleta lista todas as cores disponíveis para utilização, lado a lado.",
              "timedOut": null,
              "duration": 240,
              "state": "passed",
              "speed": "slow",
              "pass": true,
              "fail": false,
              "pending": false,
              "context": null,
              "code": "cy.get('.color').then(function (colors) {\n  for (var index = 1; index < colors.length; index += 1) {\n    var currentColor = colors[index];\n    var previousColor = colors[index - 1];\n    cy.wrap(currentColor).should('be.onTheRightOf', previousColor).and('be.horizontallyAlignedWith', previousColor);\n  }\n});",
              "err": {},
              "uuid": "e84f6ee3-efc8-45a5-804a-2c31e9c21f56",
              "parentUUID": "fb70a654-d244-4c06-828d-6189387fd136",
              "isHook": false,
              "skipped": false
            },
            {
              "title": "Verifica se a paleta de cores está posicionada abaixo do título 'Paleta de Cores'",
              "fullTitle": "2 - Adicione à página uma paleta de quatro cores distintas. Verifica se a paleta de cores está posicionada abaixo do título 'Paleta de Cores'",
              "timedOut": null,
              "duration": 304,
              "state": "passed",
              "speed": "slow",
              "pass": true,
              "fail": false,
              "pending": false,
              "context": null,
              "code": "cy.get('h1#title').then(function (title) {\n  cy.get('#color-palette').should('be.belowOf', title);\n});",
              "err": {},
              "uuid": "2891d589-c7d7-48b9-aaee-0a4d62c87fa8",
              "parentUUID": "fb70a654-d244-4c06-828d-6189387fd136",
              "isHook": false,
              "skipped": false
            },
            {
              "title": "Verifica se a paleta de cores não contém cores repetidas.",
              "fullTitle": "2 - Adicione à página uma paleta de quatro cores distintas. Verifica se a paleta de cores não contém cores repetidas.",
              "timedOut": null,
              "duration": 180,
              "state": "passed",
              "speed": "slow",
              "pass": true,
              "fail": false,
              "pending": false,
              "context": null,
              "code": "cy.get('.color').then(function (colors) {\n  var allColors = Array.from(colors).map(function (color) {\n    return Cypress.$(color).css('background-color');\n  });\n  cy.log(allColors);\n  var uniqColors = (0, _toConsumableArray2[\"default\"])(new Set(allColors));\n  cy.log(uniqColors);\n  expect(allColors.length).to.eq(uniqColors.length);\n});",
              "err": {},
              "uuid": "908f2dd1-267f-43ba-8dd8-80c1686a955b",
              "parentUUID": "fb70a654-d244-4c06-828d-6189387fd136",
              "isHook": false,
              "skipped": false
            }
          ],
          "suites": [],
          "passes": [
            "82a0948a-3893-4483-954a-0994b6f38cc7",
            "03209202-c753-49a6-9705-16e5bdd3413c",
            "c5d6a001-b464-4fa3-bfe9-ee8b75d4dcc9",
            "cbf29236-4aff-4085-8ecc-5632f93c4be4",
            "e84f6ee3-efc8-45a5-804a-2c31e9c21f56",
            "2891d589-c7d7-48b9-aaee-0a4d62c87fa8",
            "908f2dd1-267f-43ba-8dd8-80c1686a955b"
          ],
          "failures": [],
          "pending": [],
          "skipped": [],
          "duration": 2095,
          "root": false,
          "rootEmpty": false,
          "_timeout": 2000
        },
        {
          "uuid": "b75401e0-be11-4d56-9c00-53cf4aa272ce",
          "title": "3 - Adicione a cor **preta** como a primeira cor da paleta de cores.",
          "fullFile": "",
          "file": "",
          "beforeHooks": [],
          "afterHooks": [],
          "tests": [
            {
              "title": "Verifica se a primeira cor da paleta é preta",
              "fullTitle": "3 - Adicione a cor **preta** como a primeira cor da paleta de cores. Verifica se a primeira cor da paleta é preta",
              "timedOut": null,
              "duration": 157,
              "state": "passed",
              "speed": "slow",
              "pass": true,
              "fail": false,
              "pending": false,
              "context": null,
              "code": "cy.get('.color').first().should('have.css', 'background-color', BLACK);",
              "err": {},
              "uuid": "0609e391-cac6-41ab-b2e1-8e8402a2d414",
              "parentUUID": "b75401e0-be11-4d56-9c00-53cf4aa272ce",
              "isHook": false,
              "skipped": false
            },
            {
              "title": "Verifica se as demais cores podem ser escolhidas livremente.",
              "fullTitle": "3 - Adicione a cor **preta** como a primeira cor da paleta de cores. Verifica se as demais cores podem ser escolhidas livremente.",
              "timedOut": null,
              "duration": 377,
              "state": "passed",
              "speed": "slow",
              "pass": true,
              "fail": false,
              "pending": false,
              "context": null,
              "code": "cy.get('.color').eq(1).should('not.have.css', 'background-color', BLACK);\ncy.get('.color').eq(1).should('not.have.css', 'background-color', WHITE);\ncy.get('.color').eq(1).should('not.have.css', 'background-color', 'rgba(0, 0, 0, 0)');\ncy.get('.color').eq(1).should('have.css', 'background-color');\ncy.get('.color').eq(2).should('not.have.css', 'background-color', BLACK);\ncy.get('.color').eq(2).should('not.have.css', 'background-color', WHITE);\ncy.get('.color').eq(2).should('not.have.css', 'background-color', 'rgba(0, 0, 0, 0)');\ncy.get('.color').eq(2).should('have.css', 'background-color');\ncy.get('.color').eq(3).should('not.have.css', 'background-color', BLACK);\ncy.get('.color').eq(3).should('not.have.css', 'background-color', WHITE);\ncy.get('.color').eq(3).should('not.have.css', 'background-color', 'rgba(0, 0, 0, 0)');\ncy.get('.color').eq(3).should('have.css', 'background-color');",
              "err": {},
              "uuid": "aa00ace5-4af4-4bc3-88b4-58a08ff7cfac",
              "parentUUID": "b75401e0-be11-4d56-9c00-53cf4aa272ce",
              "isHook": false,
              "skipped": false
            }
          ],
          "suites": [],
          "passes": [
            "0609e391-cac6-41ab-b2e1-8e8402a2d414",
            "aa00ace5-4af4-4bc3-88b4-58a08ff7cfac"
          ],
          "failures": [],
          "pending": [],
          "skipped": [],
          "duration": 534,
          "root": false,
          "rootEmpty": false,
          "_timeout": 2000
        },
        {
          "uuid": "92062e5f-019b-45b4-b1f9-c8da5a4a6e2a",
          "title": "4 - Adicione à página um quadro de pixels, com 25 pixels.",
          "fullFile": "",
          "file": "",
          "beforeHooks": [],
          "afterHooks": [],
          "tests": [
            {
              "title": "Verifica se o quadro de pixels possui o `id` denominado `pixel-board`",
              "fullTitle": "4 - Adicione à página um quadro de pixels, com 25 pixels. Verifica se o quadro de pixels possui o `id` denominado `pixel-board`",
              "timedOut": null,
              "duration": 230,
              "state": "passed",
              "speed": "slow",
              "pass": true,
              "fail": false,
              "pending": false,
              "context": null,
              "code": "cy.get('#pixel-board').should('be.visible');",
              "err": {},
              "uuid": "5ce9f6a0-a85b-47b3-9924-f59885aac627",
              "parentUUID": "92062e5f-019b-45b4-b1f9-c8da5a4a6e2a",
              "isHook": false,
              "skipped": false
            },
            {
              "title": "Verifica se cada pixel individual dentro do quadro possui a `classe` denominada `pixel`.",
              "fullTitle": "4 - Adicione à página um quadro de pixels, com 25 pixels. Verifica se cada pixel individual dentro do quadro possui a `classe` denominada `pixel`.",
              "timedOut": null,
              "duration": 303,
              "state": "passed",
              "speed": "slow",
              "pass": true,
              "fail": false,
              "pending": false,
              "context": null,
              "code": "cy.get('.pixel').should('have.length', 25);",
              "err": {},
              "uuid": "a01ee5a0-e337-4f55-9f51-9db37322608d",
              "parentUUID": "92062e5f-019b-45b4-b1f9-c8da5a4a6e2a",
              "isHook": false,
              "skipped": false
            },
            {
              "title": "Verifica se a cor inicial dos pixels dentro do quadro, ao abrir a página, é branca.",
              "fullTitle": "4 - Adicione à página um quadro de pixels, com 25 pixels. Verifica se a cor inicial dos pixels dentro do quadro, ao abrir a página, é branca.",
              "timedOut": null,
              "duration": 336,
              "state": "passed",
              "speed": "slow",
              "pass": true,
              "fail": false,
              "pending": false,
              "context": null,
              "code": "cy.get('.pixel').should('have.length', 25).each(function (pixel) {\n  expect(pixel).to.have.css('background-color', WHITE);\n});",
              "err": {},
              "uuid": "c0e56442-64a4-4174-ba9f-2137eb6eaa18",
              "parentUUID": "92062e5f-019b-45b4-b1f9-c8da5a4a6e2a",
              "isHook": false,
              "skipped": false
            },
            {
              "title": "Verifica se o quadro de pixels aparece abaixo da paleta de cores",
              "fullTitle": "4 - Adicione à página um quadro de pixels, com 25 pixels. Verifica se o quadro de pixels aparece abaixo da paleta de cores",
              "timedOut": null,
              "duration": 265,
              "state": "passed",
              "speed": "slow",
              "pass": true,
              "fail": false,
              "pending": false,
              "context": null,
              "code": "cy.get('#color-palette').then(function (palette) {\n  cy.get('#pixel-board').should('be.belowOf', palette);\n});",
              "err": {},
              "uuid": "2089ff61-b8e4-4923-ad4a-922d4d74585a",
              "parentUUID": "92062e5f-019b-45b4-b1f9-c8da5a4a6e2a",
              "isHook": false,
              "skipped": false
            }
          ],
          "suites": [],
          "passes": [
            "5ce9f6a0-a85b-47b3-9924-f59885aac627",
            "a01ee5a0-e337-4f55-9f51-9db37322608d",
            "c0e56442-64a4-4174-ba9f-2137eb6eaa18",
            "2089ff61-b8e4-4923-ad4a-922d4d74585a"
          ],
          "failures": [],
          "pending": [],
          "skipped": [],
          "duration": 1134,
          "root": false,
          "rootEmpty": false,
          "_timeout": 2000
        },
        {
          "uuid": "09f83f39-8a56-4d62-a91c-adc4292c03c3",
          "title": "5 - Faça com que cada elemento do quadro de pixels possua 40 pixels de largura, 40 pixels de altura e seja delimitado por uma borda preta de 1 pixel.",
          "fullFile": "",
          "file": "",
          "beforeHooks": [],
          "afterHooks": [],
          "tests": [
            {
              "title": "Verifica se o quadro de pixels tem altura e comprimento de 5 elementos",
              "fullTitle": "5 - Faça com que cada elemento do quadro de pixels possua 40 pixels de largura, 40 pixels de altura e seja delimitado por uma borda preta de 1 pixel. Verifica se o quadro de pixels tem altura e comprimento de 5 elementos",
              "timedOut": null,
              "duration": 487,
              "state": "passed",
              "speed": "slow",
              "pass": true,
              "fail": false,
              "pending": false,
              "context": null,
              "code": "cy.get('.pixel').should('have.length', 25).each(function (pixel) {\n  expect(pixel).to.have.css('background-color', WHITE);\n}).and(function (pixels) {\n  var rows = chunk(pixels, 5);\n  rows.forEach(function (row) {\n    for (var index = 1; index < row.length; index += 1) {\n      var current = pixels[index];\n      var previous = pixels[index - 1];\n      cy.wrap(current).should('be.onTheRightOf', previous).and('be.horizontallyAlignedWith', previous);\n    }\n  });\n  for (var index = 1; index < 5; index += 1) {\n    expect(pixels[index * 5]).to.be.belowOf(pixels[(index - 1) * 5]);\n  }\n});",
              "err": {},
              "uuid": "1eab91cb-279f-4b44-b4cf-e1ba9e00183b",
              "parentUUID": "09f83f39-8a56-4d62-a91c-adc4292c03c3",
              "isHook": false,
              "skipped": false
            },
            {
              "title": "Verifica se 40 pixels é o tamanho total do elemento, incluindo seu conteúdo e excluindo a borda preta, que deve ser criada à parte.",
              "fullTitle": "5 - Faça com que cada elemento do quadro de pixels possua 40 pixels de largura, 40 pixels de altura e seja delimitado por uma borda preta de 1 pixel. Verifica se 40 pixels é o tamanho total do elemento, incluindo seu conteúdo e excluindo a borda preta, que deve ser criada à parte.",
              "timedOut": null,
              "duration": 614,
              "state": "passed",
              "speed": "slow",
              "pass": true,
              "fail": false,
              "pending": false,
              "context": null,
              "code": "cy.get('.pixel').each(function (pixel) {\n  cy.wrap(pixel).should('have.css', 'height', '40px').and('have.css', 'width', '40px').and('have.css', 'border', \"1px solid \".concat(BLACK));\n});",
              "err": {},
              "uuid": "df2490fd-5b20-4f22-9bac-93715ccebc49",
              "parentUUID": "09f83f39-8a56-4d62-a91c-adc4292c03c3",
              "isHook": false,
              "skipped": false
            }
          ],
          "suites": [],
          "passes": [
            "1eab91cb-279f-4b44-b4cf-e1ba9e00183b",
            "df2490fd-5b20-4f22-9bac-93715ccebc49"
          ],
          "failures": [],
          "pending": [],
          "skipped": [],
          "duration": 1101,
          "root": false,
          "rootEmpty": false,
          "_timeout": 2000
        },
        {
          "uuid": "8a54c476-6f83-4005-a651-bccc98e77879",
          "title": "6 - Defina a cor preta como cor inicial. Ao carregar a página a cor preta já deve estar selecionada para pintar os pixels",
          "fullFile": "",
          "file": "",
          "beforeHooks": [],
          "afterHooks": [],
          "tests": [
            {
              "title": "Verifica se o elemento da cor preta possui, inicialmente, a `classe` `selected`",
              "fullTitle": "6 - Defina a cor preta como cor inicial. Ao carregar a página a cor preta já deve estar selecionada para pintar os pixels Verifica se o elemento da cor preta possui, inicialmente, a `classe` `selected`",
              "timedOut": null,
              "duration": 205,
              "state": "passed",
              "speed": "slow",
              "pass": true,
              "fail": false,
              "pending": false,
              "context": null,
              "code": "cy.get('.selected').first().should('have.css', 'background-color', BLACK);",
              "err": {},
              "uuid": "f9053342-854a-495b-b6dd-843eb371d7b1",
              "parentUUID": "8a54c476-6f83-4005-a651-bccc98e77879",
              "isHook": false,
              "skipped": false
            },
            {
              "title": "Verifica se nenhuma outra cor da paleta tem a `classe` `selected`",
              "fullTitle": "6 - Defina a cor preta como cor inicial. Ao carregar a página a cor preta já deve estar selecionada para pintar os pixels Verifica se nenhuma outra cor da paleta tem a `classe` `selected`",
              "timedOut": null,
              "duration": 200,
              "state": "passed",
              "speed": "slow",
              "pass": true,
              "fail": false,
              "pending": false,
              "context": null,
              "code": "cy.get('.color:not(:first-child)').each(function (color) {\n  cy.wrap(color).should('not.have.class', 'selected');\n});",
              "err": {},
              "uuid": "41799360-9929-4e2a-9ca8-02682883a648",
              "parentUUID": "8a54c476-6f83-4005-a651-bccc98e77879",
              "isHook": false,
              "skipped": false
            }
          ],
          "suites": [],
          "passes": [
            "f9053342-854a-495b-b6dd-843eb371d7b1",
            "41799360-9929-4e2a-9ca8-02682883a648"
          ],
          "failures": [],
          "pending": [],
          "skipped": [],
          "duration": 405,
          "root": false,
          "rootEmpty": false,
          "_timeout": 2000
        },
        {
          "uuid": "68903ecc-5dfd-4c06-a97a-13e4fd847d45",
          "title": "7 - Clicar em uma das cores da paleta, faz com que ela seja selecionada e utilizada para preencher os pixels no quadro.",
          "fullFile": "",
          "file": "",
          "beforeHooks": [],
          "afterHooks": [],
          "tests": [
            {
              "title": "Verifica se somente uma cor da paleta de cores tem a classe `selected` de cada vez",
              "fullTitle": "7 - Clicar em uma das cores da paleta, faz com que ela seja selecionada e utilizada para preencher os pixels no quadro. Verifica se somente uma cor da paleta de cores tem a classe `selected` de cada vez",
              "timedOut": null,
              "duration": 634,
              "state": "passed",
              "speed": "slow",
              "pass": true,
              "fail": false,
              "pending": false,
              "context": null,
              "code": "cy.get('.color').each(function (selectedColor, selectedColorIndex) {\n  cy.wrap(selectedColor).click();\n  cy.get('.color').each(function (color, colorIndex) {\n    if (colorIndex === selectedColorIndex) {\n      expect(color).to.have[\"class\"]('selected');\n    } else {\n      expect(color).not.to.have[\"class\"]('selected');\n    }\n  });\n});",
              "err": {},
              "uuid": "9a98fec2-bf21-4531-871e-62f03f059654",
              "parentUUID": "68903ecc-5dfd-4c06-a97a-13e4fd847d45",
              "isHook": false,
              "skipped": false
            },
            {
              "title": "Verifica se os pixels dentro do quadro não têm a classe `selected` quando são clicados",
              "fullTitle": "7 - Clicar em uma das cores da paleta, faz com que ela seja selecionada e utilizada para preencher os pixels no quadro. Verifica se os pixels dentro do quadro não têm a classe `selected` quando são clicados",
              "timedOut": null,
              "duration": 10020,
              "state": "passed",
              "speed": "slow",
              "pass": true,
              "fail": false,
              "pending": false,
              "context": null,
              "code": "cy.get('.color').each(function (color) {\n  var backgroundColor = color.css('background-color');\n  cy.wrap(color).click();\n  cy.get('.pixel').each(function (pixel) {\n    cy.wrap(pixel).click().should('not.have.class', 'selected');\n  });\n});",
              "err": {},
              "uuid": "2c078450-e80f-4c1f-99e5-b5ed020c27f1",
              "parentUUID": "68903ecc-5dfd-4c06-a97a-13e4fd847d45",
              "isHook": false,
              "skipped": false
            }
          ],
          "suites": [],
          "passes": [
            "9a98fec2-bf21-4531-871e-62f03f059654",
            "2c078450-e80f-4c1f-99e5-b5ed020c27f1"
          ],
          "failures": [],
          "pending": [],
          "skipped": [],
          "duration": 10654,
          "root": false,
          "rootEmpty": false,
          "_timeout": 2000
        },
        {
          "uuid": "6a27ae1d-a71e-4de3-b7ff-135855845bcf",
          "title": "8 - Clicar em um pixel dentro do quadro após selecionar uma cor na paleta, faz com que o pixel seja preenchido com a cor selecionada.",
          "fullFile": "",
          "file": "",
          "beforeHooks": [],
          "afterHooks": [],
          "tests": [
            {
              "title": "Verifica se ao carregar a página deve ser possível pintar os pixels de preto",
              "fullTitle": "8 - Clicar em um pixel dentro do quadro após selecionar uma cor na paleta, faz com que o pixel seja preenchido com a cor selecionada. Verifica se ao carregar a página deve ser possível pintar os pixels de preto",
              "timedOut": null,
              "duration": 4885,
              "state": "failed",
              "speed": null,
              "pass": false,
              "fail": true,
              "pending": false,
              "context": null,
              "code": "cy.get('.pixel').each(function (pixel) {\n  cy.wrap(pixel).click().should('have.css', 'background-color', BLACK);\n});",
              "err": {
                "message": "CypressError: Timed out retrying: expected '<div.pixel>' to have CSS property 'background-color' with the value 'rgb(0, 0, 0)', but the value was 'rgb(0, 128, 0)'",
                "estack": "CypressError: Timed out retrying: expected '<div.pixel>' to have CSS property 'background-color' with the value 'rgb(0, 0, 0)', but the value was 'rgb(0, 128, 0)'\n    at cypressErr (http://localhost:45327/__cypress/runner/cypress_runner.js:149934:9)\n    at throwErr (http://localhost:45327/__cypress/runner/cypress_runner.js:149867:11)\n    at Object.throwErrByPath (http://localhost:45327/__cypress/runner/cypress_runner.js:149915:3)\n    at retry (http://localhost:45327/__cypress/runner/cypress_runner.js:144197:19)\n    at onFailFn (http://localhost:45327/__cypress/runner/cypress_runner.js:132448:16)\n    at tryCatcher (http://localhost:45327/__cypress/runner/cypress_runner.js:167415:23)\n    at Promise._settlePromiseFromHandler (http://localhost:45327/__cypress/runner/cypress_runner.js:165351:31)\n    at Promise._settlePromise (http://localhost:45327/__cypress/runner/cypress_runner.js:165408:18)\n    at Promise._settlePromise0 (http://localhost:45327/__cypress/runner/cypress_runner.js:165453:10)\n    at Promise._settlePromises (http://localhost:45327/__cypress/runner/cypress_runner.js:165528:18)\n    at Async../node_modules/bluebird/js/release/async.js.Async._drainQueue (http://localhost:45327/__cypress/runner/cypress_runner.js:162140:16)\n    at Async../node_modules/bluebird/js/release/async.js.Async._drainQueues (http://localhost:45327/__cypress/runner/cypress_runner.js:162150:10)\n    at Async.drainQueues (http://localhost:45327/__cypress/runner/cypress_runner.js:162024:14)",
                "diff": null
              },
              "uuid": "05fa5e11-1155-4c42-b757-3ccf5fa2a580",
              "parentUUID": "6a27ae1d-a71e-4de3-b7ff-135855845bcf",
              "isHook": false,
              "skipped": false
            },
            {
              "title": "Verifica se após selecionar uma outra cor na paleta, é possível pintar os pixels com essa cor",
              "fullTitle": "8 - Clicar em um pixel dentro do quadro após selecionar uma cor na paleta, faz com que o pixel seja preenchido com a cor selecionada. Verifica se após selecionar uma outra cor na paleta, é possível pintar os pixels com essa cor",
              "timedOut": null,
              "duration": 10422,
              "state": "passed",
              "speed": "slow",
              "pass": true,
              "fail": false,
              "pending": false,
              "context": null,
              "code": "cy.get('.color').each(function (color) {\n  var backgroundColor = color.css('background-color');\n  cy.wrap(color).click();\n  cy.get('.pixel').each(function (pixel) {\n    cy.wrap(pixel).click().should('have.css', 'background-color', backgroundColor);\n  });\n});",
              "err": {},
              "uuid": "161fb5f6-4460-4633-b144-f4207e6a26c3",
              "parentUUID": "6a27ae1d-a71e-4de3-b7ff-135855845bcf",
              "isHook": false,
              "skipped": false
            },
            {
              "title": "Verifica se somente o pixel que foi clicado foi preenchido com a cor selecionada, sem influenciar na cor dos demais pixels.",
              "fullTitle": "8 - Clicar em um pixel dentro do quadro após selecionar uma cor na paleta, faz com que o pixel seja preenchido com a cor selecionada. Verifica se somente o pixel que foi clicado foi preenchido com a cor selecionada, sem influenciar na cor dos demais pixels.",
              "timedOut": null,
              "duration": 1980,
              "state": "passed",
              "speed": "slow",
              "pass": true,
              "fail": false,
              "pending": false,
              "context": null,
              "code": "var colorToPixelIndexMap = {\n  0: 6,\n  1: 8,\n  2: 16,\n  3: 18\n};\ncy.get('.color').each(function (color, index) {\n  cy.wrap(color).click();\n  var backgroundColor = color.css('background-color');\n  var clickedPixelIndex = colorToPixelIndexMap[index];\n  cy.get('.pixel').eq(clickedPixelIndex).click();\n  cy.get('.pixel').eq(clickedPixelIndex - 1).should('not.have.css', 'background-color', backgroundColor);\n  cy.get('.pixel').eq(clickedPixelIndex + 1).should('not.have.css', 'background-color', backgroundColor);\n  cy.get('.pixel').eq(clickedPixelIndex - 5).should('not.have.css', 'background-color', backgroundColor);\n  cy.get('.pixel').eq(clickedPixelIndex + 5).should('not.have.css', 'background-color', backgroundColor);\n  cy.get('.pixel').eq(clickedPixelIndex - 6).should('not.have.css', 'background-color', backgroundColor);\n  cy.get('.pixel').eq(clickedPixelIndex - 4).should('not.have.css', 'background-color', backgroundColor);\n  cy.get('.pixel').eq(clickedPixelIndex + 4).should('not.have.css', 'background-color', backgroundColor);\n  cy.get('.pixel').eq(clickedPixelIndex + 6).should('not.have.css', 'background-color', backgroundColor);\n});",
              "err": {},
              "uuid": "7942c2ed-8d15-404e-8672-b789e7b872fd",
              "parentUUID": "6a27ae1d-a71e-4de3-b7ff-135855845bcf",
              "isHook": false,
              "skipped": false
            }
          ],
          "suites": [],
          "passes": [
            "161fb5f6-4460-4633-b144-f4207e6a26c3",
            "7942c2ed-8d15-404e-8672-b789e7b872fd"
          ],
          "failures": [
            "05fa5e11-1155-4c42-b757-3ccf5fa2a580"
          ],
          "pending": [],
          "skipped": [],
          "duration": 17287,
          "root": false,
          "rootEmpty": false,
          "_timeout": 2000
        },
        {
          "uuid": "2230a79d-ca01-423a-94ac-30be43660c83",
          "title": "9 - Crie um botão que, ao ser clicado, limpa o quadro preenchendo a cor de todos seus pixels com branco.",
          "fullFile": "",
          "file": "",
          "beforeHooks": [],
          "afterHooks": [],
          "tests": [
            {
              "title": "Verifica se o botão tem o `id` denominado `clear-board`",
              "fullTitle": "9 - Crie um botão que, ao ser clicado, limpa o quadro preenchendo a cor de todos seus pixels com branco. Verifica se o botão tem o `id` denominado `clear-board`",
              "timedOut": null,
              "duration": 4530,
              "state": "failed",
              "speed": null,
              "pass": false,
              "fail": true,
              "pending": false,
              "context": null,
              "code": "cy.get('#clear-board').should('be.visible');",
              "err": {
                "message": "CypressError: Timed out retrying: Expected to find element: '#clear-board', but never found it.",
                "estack": "CypressError: Timed out retrying: Expected to find element: '#clear-board', but never found it.\n    at cypressErr (http://localhost:45327/__cypress/runner/cypress_runner.js:149934:9)\n    at throwErr (http://localhost:45327/__cypress/runner/cypress_runner.js:149867:11)\n    at Object.throwErrByPath (http://localhost:45327/__cypress/runner/cypress_runner.js:149915:3)\n    at retry (http://localhost:45327/__cypress/runner/cypress_runner.js:144197:19)\n    at onFailFn (http://localhost:45327/__cypress/runner/cypress_runner.js:132448:16)\n    at tryCatcher (http://localhost:45327/__cypress/runner/cypress_runner.js:167415:23)\n    at Promise._settlePromiseFromHandler (http://localhost:45327/__cypress/runner/cypress_runner.js:165351:31)\n    at Promise._settlePromise (http://localhost:45327/__cypress/runner/cypress_runner.js:165408:18)\n    at Promise._settlePromise0 (http://localhost:45327/__cypress/runner/cypress_runner.js:165453:10)\n    at Promise._settlePromises (http://localhost:45327/__cypress/runner/cypress_runner.js:165528:18)\n    at Async../node_modules/bluebird/js/release/async.js.Async._drainQueue (http://localhost:45327/__cypress/runner/cypress_runner.js:162140:16)\n    at Async../node_modules/bluebird/js/release/async.js.Async._drainQueues (http://localhost:45327/__cypress/runner/cypress_runner.js:162150:10)\n    at Async.drainQueues (http://localhost:45327/__cypress/runner/cypress_runner.js:162024:14)",
                "diff": null
              },
              "uuid": "71b410e2-bc03-43d1-aab9-21c6124471a3",
              "parentUUID": "2230a79d-ca01-423a-94ac-30be43660c83",
              "isHook": false,
              "skipped": false
            },
            {
              "title": "Verifica se o botão está posicionado entre a paleta de cores e o quadro de pixels",
              "fullTitle": "9 - Crie um botão que, ao ser clicado, limpa o quadro preenchendo a cor de todos seus pixels com branco. Verifica se o botão está posicionado entre a paleta de cores e o quadro de pixels",
              "timedOut": null,
              "duration": 4688,
              "state": "failed",
              "speed": null,
              "pass": false,
              "fail": true,
              "pending": false,
              "context": null,
              "code": "cy.get('#color-palette').then(function (palette) {\n  cy.get('#clear-board').should('be.belowOf', palette);\n});\ncy.get('#clear-board').then(function (clearBtn) {\n  cy.get('#pixel-board').should('be.belowOf', clearBtn);\n});",
              "err": {
                "message": "CypressError: Timed out retrying: Expected to find element: '#clear-board', but never found it.",
                "estack": "CypressError: Timed out retrying: Expected to find element: '#clear-board', but never found it.\n    at cypressErr (http://localhost:45327/__cypress/runner/cypress_runner.js:149934:9)\n    at throwErr (http://localhost:45327/__cypress/runner/cypress_runner.js:149867:11)\n    at Object.throwErrByPath (http://localhost:45327/__cypress/runner/cypress_runner.js:149915:3)\n    at retry (http://localhost:45327/__cypress/runner/cypress_runner.js:144197:19)\n    at onFailFn (http://localhost:45327/__cypress/runner/cypress_runner.js:132448:16)\n    at tryCatcher (http://localhost:45327/__cypress/runner/cypress_runner.js:167415:23)\n    at Promise._settlePromiseFromHandler (http://localhost:45327/__cypress/runner/cypress_runner.js:165351:31)\n    at Promise._settlePromise (http://localhost:45327/__cypress/runner/cypress_runner.js:165408:18)\n    at Promise._settlePromise0 (http://localhost:45327/__cypress/runner/cypress_runner.js:165453:10)\n    at Promise._settlePromises (http://localhost:45327/__cypress/runner/cypress_runner.js:165528:18)\n    at Async../node_modules/bluebird/js/release/async.js.Async._drainQueue (http://localhost:45327/__cypress/runner/cypress_runner.js:162140:16)\n    at Async../node_modules/bluebird/js/release/async.js.Async._drainQueues (http://localhost:45327/__cypress/runner/cypress_runner.js:162150:10)\n    at Async.drainQueues (http://localhost:45327/__cypress/runner/cypress_runner.js:162024:14)",
                "diff": null
              },
              "uuid": "56699121-0aa7-4d89-a9bd-c27b14dc6767",
              "parentUUID": "2230a79d-ca01-423a-94ac-30be43660c83",
              "isHook": false,
              "skipped": false
            },
            {
              "title": "Verifica se o texto do botão é 'Limpar'",
              "fullTitle": "9 - Crie um botão que, ao ser clicado, limpa o quadro preenchendo a cor de todos seus pixels com branco. Verifica se o texto do botão é 'Limpar'",
              "timedOut": null,
              "duration": 4675,
              "state": "failed",
              "speed": null,
              "pass": false,
              "fail": true,
              "pending": false,
              "context": null,
              "code": "cy.get('#clear-board').should('contain.text', 'Limpar');",
              "err": {
                "message": "CypressError: Timed out retrying: Expected to find element: '#clear-board', but never found it.",
                "estack": "CypressError: Timed out retrying: Expected to find element: '#clear-board', but never found it.\n    at cypressErr (http://localhost:45327/__cypress/runner/cypress_runner.js:149934:9)\n    at throwErr (http://localhost:45327/__cypress/runner/cypress_runner.js:149867:11)\n    at Object.throwErrByPath (http://localhost:45327/__cypress/runner/cypress_runner.js:149915:3)\n    at retry (http://localhost:45327/__cypress/runner/cypress_runner.js:144197:19)\n    at onFailFn (http://localhost:45327/__cypress/runner/cypress_runner.js:132448:16)\n    at tryCatcher (http://localhost:45327/__cypress/runner/cypress_runner.js:167415:23)\n    at Promise._settlePromiseFromHandler (http://localhost:45327/__cypress/runner/cypress_runner.js:165351:31)\n    at Promise._settlePromise (http://localhost:45327/__cypress/runner/cypress_runner.js:165408:18)\n    at Promise._settlePromise0 (http://localhost:45327/__cypress/runner/cypress_runner.js:165453:10)\n    at Promise._settlePromises (http://localhost:45327/__cypress/runner/cypress_runner.js:165528:18)\n    at Async../node_modules/bluebird/js/release/async.js.Async._drainQueue (http://localhost:45327/__cypress/runner/cypress_runner.js:162140:16)\n    at Async../node_modules/bluebird/js/release/async.js.Async._drainQueues (http://localhost:45327/__cypress/runner/cypress_runner.js:162150:10)\n    at Async.drainQueues (http://localhost:45327/__cypress/runner/cypress_runner.js:162024:14)",
                "diff": null
              },
              "uuid": "48cbb0d1-429b-4d29-aa53-d970ce0be1e3",
              "parentUUID": "2230a79d-ca01-423a-94ac-30be43660c83",
              "isHook": false,
              "skipped": false
            },
            {
              "title": "Verifica se ao clicar no botão, o quadro de pixels é totalmente preenchido de branco",
              "fullTitle": "9 - Crie um botão que, ao ser clicado, limpa o quadro preenchendo a cor de todos seus pixels com branco. Verifica se ao clicar no botão, o quadro de pixels é totalmente preenchido de branco",
              "timedOut": null,
              "duration": 7101,
              "state": "failed",
              "speed": null,
              "pass": false,
              "fail": true,
              "pending": false,
              "context": null,
              "code": "cy.get('.color').eq(1).then(function (color) {\n  var backgroundColor = color.css('background-color');\n  cy.wrap(color).click();\n  cy.get('.pixel').each(function (pixel) {\n    cy.wrap(pixel).click().should('have.css', 'background-color', backgroundColor);\n  });\n});\ncy.get('#clear-board').click();\ncy.get('.pixel').each(function (pixel) {\n  cy.wrap(pixel).should('have.css', 'background-color', WHITE);\n});",
              "err": {
                "message": "CypressError: Timed out retrying: Expected to find element: '#clear-board', but never found it.",
                "estack": "CypressError: Timed out retrying: Expected to find element: '#clear-board', but never found it.\n    at cypressErr (http://localhost:45327/__cypress/runner/cypress_runner.js:149934:9)\n    at throwErr (http://localhost:45327/__cypress/runner/cypress_runner.js:149867:11)\n    at Object.throwErrByPath (http://localhost:45327/__cypress/runner/cypress_runner.js:149915:3)\n    at retry (http://localhost:45327/__cypress/runner/cypress_runner.js:144197:19)\n    at onFailFn (http://localhost:45327/__cypress/runner/cypress_runner.js:132448:16)\n    at tryCatcher (http://localhost:45327/__cypress/runner/cypress_runner.js:167415:23)\n    at Promise._settlePromiseFromHandler (http://localhost:45327/__cypress/runner/cypress_runner.js:165351:31)\n    at Promise._settlePromise (http://localhost:45327/__cypress/runner/cypress_runner.js:165408:18)\n    at Promise._settlePromise0 (http://localhost:45327/__cypress/runner/cypress_runner.js:165453:10)\n    at Promise._settlePromises (http://localhost:45327/__cypress/runner/cypress_runner.js:165528:18)\n    at Async../node_modules/bluebird/js/release/async.js.Async._drainQueue (http://localhost:45327/__cypress/runner/cypress_runner.js:162140:16)\n    at Async../node_modules/bluebird/js/release/async.js.Async._drainQueues (http://localhost:45327/__cypress/runner/cypress_runner.js:162150:10)\n    at Async.drainQueues (http://localhost:45327/__cypress/runner/cypress_runner.js:162024:14)",
                "diff": null
              },
              "uuid": "25eabc55-532b-4c0d-a9f7-d8ad95d1ccdd",
              "parentUUID": "2230a79d-ca01-423a-94ac-30be43660c83",
              "isHook": false,
              "skipped": false
            }
          ],
          "suites": [],
          "passes": [],
          "failures": [
            "71b410e2-bc03-43d1-aab9-21c6124471a3",
            "56699121-0aa7-4d89-a9bd-c27b14dc6767",
            "48cbb0d1-429b-4d29-aa53-d970ce0be1e3",
            "25eabc55-532b-4c0d-a9f7-d8ad95d1ccdd"
          ],
          "pending": [],
          "skipped": [],
          "duration": 20994,
          "root": false,
          "rootEmpty": false,
          "_timeout": 2000
        },
        {
          "uuid": "bf476cf8-4bdd-4a0d-bb6a-6f4352dde2cf",
          "title": "10 - Faça o quadro de pixels ter seu tamanho definido pelo usuário.",
          "fullFile": "",
          "file": "",
          "beforeHooks": [],
          "afterHooks": [],
          "tests": [
            {
              "title": "Verifica se existe um input com o id `board-size`",
              "fullTitle": "10 - Faça o quadro de pixels ter seu tamanho definido pelo usuário. Verifica se existe um input com o id `board-size`",
              "timedOut": null,
              "duration": 4758,
              "state": "failed",
              "speed": null,
              "pass": false,
              "fail": true,
              "pending": false,
              "context": null,
              "code": "cy.get('#board-size').should('be.visible');",
              "err": {
                "message": "CypressError: Timed out retrying: Expected to find element: '#board-size', but never found it.",
                "estack": "CypressError: Timed out retrying: Expected to find element: '#board-size', but never found it.\n    at cypressErr (http://localhost:45327/__cypress/runner/cypress_runner.js:149934:9)\n    at throwErr (http://localhost:45327/__cypress/runner/cypress_runner.js:149867:11)\n    at Object.throwErrByPath (http://localhost:45327/__cypress/runner/cypress_runner.js:149915:3)\n    at retry (http://localhost:45327/__cypress/runner/cypress_runner.js:144197:19)\n    at onFailFn (http://localhost:45327/__cypress/runner/cypress_runner.js:132448:16)\n    at tryCatcher (http://localhost:45327/__cypress/runner/cypress_runner.js:167415:23)\n    at Promise._settlePromiseFromHandler (http://localhost:45327/__cypress/runner/cypress_runner.js:165351:31)\n    at Promise._settlePromise (http://localhost:45327/__cypress/runner/cypress_runner.js:165408:18)\n    at Promise._settlePromise0 (http://localhost:45327/__cypress/runner/cypress_runner.js:165453:10)\n    at Promise._settlePromises (http://localhost:45327/__cypress/runner/cypress_runner.js:165528:18)\n    at Async../node_modules/bluebird/js/release/async.js.Async._drainQueue (http://localhost:45327/__cypress/runner/cypress_runner.js:162140:16)\n    at Async../node_modules/bluebird/js/release/async.js.Async._drainQueues (http://localhost:45327/__cypress/runner/cypress_runner.js:162150:10)\n    at Async.drainQueues (http://localhost:45327/__cypress/runner/cypress_runner.js:162024:14)",
                "diff": null
              },
              "uuid": "1ccb9a51-29e1-4915-b56c-2d38ab7a62b1",
              "parentUUID": "bf476cf8-4bdd-4a0d-bb6a-6f4352dde2cf",
              "isHook": false,
              "skipped": false
            },
            {
              "title": "Verifica se existe um botão com o id `generate-board`",
              "fullTitle": "10 - Faça o quadro de pixels ter seu tamanho definido pelo usuário. Verifica se existe um botão com o id `generate-board`",
              "timedOut": null,
              "duration": 4922,
              "state": "failed",
              "speed": null,
              "pass": false,
              "fail": true,
              "pending": false,
              "context": null,
              "code": "cy.get('#generate-board').should('be.visible');",
              "err": {
                "message": "CypressError: Timed out retrying: Expected to find element: '#generate-board', but never found it.",
                "estack": "CypressError: Timed out retrying: Expected to find element: '#generate-board', but never found it.\n    at cypressErr (http://localhost:45327/__cypress/runner/cypress_runner.js:149934:9)\n    at throwErr (http://localhost:45327/__cypress/runner/cypress_runner.js:149867:11)\n    at Object.throwErrByPath (http://localhost:45327/__cypress/runner/cypress_runner.js:149915:3)\n    at retry (http://localhost:45327/__cypress/runner/cypress_runner.js:144197:19)\n    at onFailFn (http://localhost:45327/__cypress/runner/cypress_runner.js:132448:16)\n    at tryCatcher (http://localhost:45327/__cypress/runner/cypress_runner.js:167415:23)\n    at Promise._settlePromiseFromHandler (http://localhost:45327/__cypress/runner/cypress_runner.js:165351:31)\n    at Promise._settlePromise (http://localhost:45327/__cypress/runner/cypress_runner.js:165408:18)\n    at Promise._settlePromise0 (http://localhost:45327/__cypress/runner/cypress_runner.js:165453:10)\n    at Promise._settlePromises (http://localhost:45327/__cypress/runner/cypress_runner.js:165528:18)\n    at Async../node_modules/bluebird/js/release/async.js.Async._drainQueue (http://localhost:45327/__cypress/runner/cypress_runner.js:162140:16)\n    at Async../node_modules/bluebird/js/release/async.js.Async._drainQueues (http://localhost:45327/__cypress/runner/cypress_runner.js:162150:10)\n    at Async.drainQueues (http://localhost:45327/__cypress/runner/cypress_runner.js:162024:14)",
                "diff": null
              },
              "uuid": "407d30ea-c94b-41fd-9cd6-79c28fbb6448",
              "parentUUID": "bf476cf8-4bdd-4a0d-bb6a-6f4352dde2cf",
              "isHook": false,
              "skipped": false
            },
            {
              "title": "Verifica se o input só aceita número maiores que zero. Essa restrição deve ser feita usando os atributos do elemento `input`",
              "fullTitle": "10 - Faça o quadro de pixels ter seu tamanho definido pelo usuário. Verifica se o input só aceita número maiores que zero. Essa restrição deve ser feita usando os atributos do elemento `input`",
              "timedOut": null,
              "duration": 4765,
              "state": "failed",
              "speed": null,
              "pass": false,
              "fail": true,
              "pending": false,
              "context": null,
              "code": "cy.get('#board-size[type=\\'number\\'][min=\\'1\\']');",
              "err": {
                "message": "CypressError: Timed out retrying: Expected to find element: '#board-size[type='number'][min='1']', but never found it.",
                "estack": "CypressError: Timed out retrying: Expected to find element: '#board-size[type='number'][min='1']', but never found it.\n    at cypressErr (http://localhost:45327/__cypress/runner/cypress_runner.js:149934:9)\n    at throwErr (http://localhost:45327/__cypress/runner/cypress_runner.js:149867:11)\n    at Object.throwErrByPath (http://localhost:45327/__cypress/runner/cypress_runner.js:149915:3)\n    at retry (http://localhost:45327/__cypress/runner/cypress_runner.js:144197:19)\n    at onFailFn (http://localhost:45327/__cypress/runner/cypress_runner.js:132448:16)\n    at tryCatcher (http://localhost:45327/__cypress/runner/cypress_runner.js:167415:23)\n    at Promise._settlePromiseFromHandler (http://localhost:45327/__cypress/runner/cypress_runner.js:165351:31)\n    at Promise._settlePromise (http://localhost:45327/__cypress/runner/cypress_runner.js:165408:18)\n    at Promise._settlePromise0 (http://localhost:45327/__cypress/runner/cypress_runner.js:165453:10)\n    at Promise._settlePromises (http://localhost:45327/__cypress/runner/cypress_runner.js:165528:18)\n    at Async../node_modules/bluebird/js/release/async.js.Async._drainQueue (http://localhost:45327/__cypress/runner/cypress_runner.js:162140:16)\n    at Async../node_modules/bluebird/js/release/async.js.Async._drainQueues (http://localhost:45327/__cypress/runner/cypress_runner.js:162150:10)\n    at Async.drainQueues (http://localhost:45327/__cypress/runner/cypress_runner.js:162024:14)",
                "diff": null
              },
              "uuid": "401e78cf-c49e-4d24-8aaf-abc7bfca0c04",
              "parentUUID": "bf476cf8-4bdd-4a0d-bb6a-6f4352dde2cf",
              "isHook": false,
              "skipped": false
            },
            {
              "title": "Verifica se o botão contém o texto 'VQV'",
              "fullTitle": "10 - Faça o quadro de pixels ter seu tamanho definido pelo usuário. Verifica se o botão contém o texto 'VQV'",
              "timedOut": null,
              "duration": 4751,
              "state": "failed",
              "speed": null,
              "pass": false,
              "fail": true,
              "pending": false,
              "context": null,
              "code": "cy.get('#generate-board').contains(/vqv/i);",
              "err": {
                "message": "CypressError: Timed out retrying: Expected to find element: '#generate-board', but never found it.",
                "estack": "CypressError: Timed out retrying: Expected to find element: '#generate-board', but never found it.\n    at cypressErr (http://localhost:45327/__cypress/runner/cypress_runner.js:149934:9)\n    at throwErr (http://localhost:45327/__cypress/runner/cypress_runner.js:149867:11)\n    at Object.throwErrByPath (http://localhost:45327/__cypress/runner/cypress_runner.js:149915:3)\n    at retry (http://localhost:45327/__cypress/runner/cypress_runner.js:144197:19)\n    at onFailFn (http://localhost:45327/__cypress/runner/cypress_runner.js:132448:16)\n    at tryCatcher (http://localhost:45327/__cypress/runner/cypress_runner.js:167415:23)\n    at Promise._settlePromiseFromHandler (http://localhost:45327/__cypress/runner/cypress_runner.js:165351:31)\n    at Promise._settlePromise (http://localhost:45327/__cypress/runner/cypress_runner.js:165408:18)\n    at Promise._settlePromise0 (http://localhost:45327/__cypress/runner/cypress_runner.js:165453:10)\n    at Promise._settlePromises (http://localhost:45327/__cypress/runner/cypress_runner.js:165528:18)\n    at Async../node_modules/bluebird/js/release/async.js.Async._drainQueue (http://localhost:45327/__cypress/runner/cypress_runner.js:162140:16)\n    at Async../node_modules/bluebird/js/release/async.js.Async._drainQueues (http://localhost:45327/__cypress/runner/cypress_runner.js:162150:10)\n    at Async.drainQueues (http://localhost:45327/__cypress/runner/cypress_runner.js:162024:14)",
                "diff": null
              },
              "uuid": "fac27a40-4db0-4791-b0a6-243bf680b89b",
              "parentUUID": "bf476cf8-4bdd-4a0d-bb6a-6f4352dde2cf",
              "isHook": false,
              "skipped": false
            },
            {
              "title": "Verifica se o input está posicionado entre a paleta de cores e o quadro de pixels",
              "fullTitle": "10 - Faça o quadro de pixels ter seu tamanho definido pelo usuário. Verifica se o input está posicionado entre a paleta de cores e o quadro de pixels",
              "timedOut": null,
              "duration": 4712,
              "state": "failed",
              "speed": null,
              "pass": false,
              "fail": true,
              "pending": false,
              "context": null,
              "code": "cy.get('#color-palette').then(function (palette) {\n  cy.get('#board-size').should('be.belowOf', palette);\n});\ncy.get('#board-size').then(function (palette) {\n  cy.get('#pixel-board').should('be.belowOf', palette);\n});",
              "err": {
                "message": "CypressError: Timed out retrying: Expected to find element: '#board-size', but never found it.",
                "estack": "CypressError: Timed out retrying: Expected to find element: '#board-size', but never found it.\n    at cypressErr (http://localhost:45327/__cypress/runner/cypress_runner.js:149934:9)\n    at throwErr (http://localhost:45327/__cypress/runner/cypress_runner.js:149867:11)\n    at Object.throwErrByPath (http://localhost:45327/__cypress/runner/cypress_runner.js:149915:3)\n    at retry (http://localhost:45327/__cypress/runner/cypress_runner.js:144197:19)\n    at onFailFn (http://localhost:45327/__cypress/runner/cypress_runner.js:132448:16)\n    at tryCatcher (http://localhost:45327/__cypress/runner/cypress_runner.js:167415:23)\n    at Promise._settlePromiseFromHandler (http://localhost:45327/__cypress/runner/cypress_runner.js:165351:31)\n    at Promise._settlePromise (http://localhost:45327/__cypress/runner/cypress_runner.js:165408:18)\n    at Promise._settlePromise0 (http://localhost:45327/__cypress/runner/cypress_runner.js:165453:10)\n    at Promise._settlePromises (http://localhost:45327/__cypress/runner/cypress_runner.js:165528:18)\n    at Async../node_modules/bluebird/js/release/async.js.Async._drainQueue (http://localhost:45327/__cypress/runner/cypress_runner.js:162140:16)\n    at Async../node_modules/bluebird/js/release/async.js.Async._drainQueues (http://localhost:45327/__cypress/runner/cypress_runner.js:162150:10)\n    at Async.drainQueues (http://localhost:45327/__cypress/runner/cypress_runner.js:162024:14)",
                "diff": null
              },
              "uuid": "b322c6f5-6428-4565-9621-3a39228282e4",
              "parentUUID": "bf476cf8-4bdd-4a0d-bb6a-6f4352dde2cf",
              "isHook": false,
              "skipped": false
            },
            {
              "title": "Verifica se o botão está posicionado ao lado do input",
              "fullTitle": "10 - Faça o quadro de pixels ter seu tamanho definido pelo usuário. Verifica se o botão está posicionado ao lado do input",
              "timedOut": null,
              "duration": 4862,
              "state": "failed",
              "speed": null,
              "pass": false,
              "fail": true,
              "pending": false,
              "context": null,
              "code": "cy.get('#board-size').then(function (board) {\n  cy.get('#generate-board').should('be.onTheRightOf', board);\n});",
              "err": {
                "message": "CypressError: Timed out retrying: Expected to find element: '#board-size', but never found it.",
                "estack": "CypressError: Timed out retrying: Expected to find element: '#board-size', but never found it.\n    at cypressErr (http://localhost:45327/__cypress/runner/cypress_runner.js:149934:9)\n    at throwErr (http://localhost:45327/__cypress/runner/cypress_runner.js:149867:11)\n    at Object.throwErrByPath (http://localhost:45327/__cypress/runner/cypress_runner.js:149915:3)\n    at retry (http://localhost:45327/__cypress/runner/cypress_runner.js:144197:19)\n    at onFailFn (http://localhost:45327/__cypress/runner/cypress_runner.js:132448:16)\n    at tryCatcher (http://localhost:45327/__cypress/runner/cypress_runner.js:167415:23)\n    at Promise._settlePromiseFromHandler (http://localhost:45327/__cypress/runner/cypress_runner.js:165351:31)\n    at Promise._settlePromise (http://localhost:45327/__cypress/runner/cypress_runner.js:165408:18)\n    at Promise._settlePromise0 (http://localhost:45327/__cypress/runner/cypress_runner.js:165453:10)\n    at Promise._settlePromises (http://localhost:45327/__cypress/runner/cypress_runner.js:165528:18)\n    at Async../node_modules/bluebird/js/release/async.js.Async._drainQueue (http://localhost:45327/__cypress/runner/cypress_runner.js:162140:16)\n    at Async../node_modules/bluebird/js/release/async.js.Async._drainQueues (http://localhost:45327/__cypress/runner/cypress_runner.js:162150:10)\n    at Async.drainQueues (http://localhost:45327/__cypress/runner/cypress_runner.js:162024:14)",
                "diff": null
              },
              "uuid": "0e4003ac-681d-4e48-873d-f4773f284ca1",
              "parentUUID": "bf476cf8-4bdd-4a0d-bb6a-6f4352dde2cf",
              "isHook": false,
              "skipped": false
            },
            {
              "title": "Verifica se nenhum valor for colocado no input ao clicar no botão, um `alert` é exibido com o texto: 'Board inválido!'",
              "fullTitle": "10 - Faça o quadro de pixels ter seu tamanho definido pelo usuário. Verifica se nenhum valor for colocado no input ao clicar no botão, um `alert` é exibido com o texto: 'Board inválido!'",
              "timedOut": null,
              "duration": 4759,
              "state": "failed",
              "speed": null,
              "pass": false,
              "fail": true,
              "pending": false,
              "context": null,
              "code": "var alerted = false;\ncy.on('window:alert', function (msg) {\n  return alerted = msg;\n});\ncy.get('#generate-board').click().then(function () {\n  return expect(alerted).to.match(/Board inválido!/i);\n});",
              "err": {
                "message": "CypressError: Timed out retrying: Expected to find element: '#generate-board', but never found it.",
                "estack": "CypressError: Timed out retrying: Expected to find element: '#generate-board', but never found it.\n    at cypressErr (http://localhost:45327/__cypress/runner/cypress_runner.js:149934:9)\n    at throwErr (http://localhost:45327/__cypress/runner/cypress_runner.js:149867:11)\n    at Object.throwErrByPath (http://localhost:45327/__cypress/runner/cypress_runner.js:149915:3)\n    at retry (http://localhost:45327/__cypress/runner/cypress_runner.js:144197:19)\n    at onFailFn (http://localhost:45327/__cypress/runner/cypress_runner.js:132448:16)\n    at tryCatcher (http://localhost:45327/__cypress/runner/cypress_runner.js:167415:23)\n    at Promise._settlePromiseFromHandler (http://localhost:45327/__cypress/runner/cypress_runner.js:165351:31)\n    at Promise._settlePromise (http://localhost:45327/__cypress/runner/cypress_runner.js:165408:18)\n    at Promise._settlePromise0 (http://localhost:45327/__cypress/runner/cypress_runner.js:165453:10)\n    at Promise._settlePromises (http://localhost:45327/__cypress/runner/cypress_runner.js:165528:18)\n    at Async../node_modules/bluebird/js/release/async.js.Async._drainQueue (http://localhost:45327/__cypress/runner/cypress_runner.js:162140:16)\n    at Async../node_modules/bluebird/js/release/async.js.Async._drainQueues (http://localhost:45327/__cypress/runner/cypress_runner.js:162150:10)\n    at Async.drainQueues (http://localhost:45327/__cypress/runner/cypress_runner.js:162024:14)",
                "diff": null
              },
              "uuid": "cc5802cd-6cb0-472b-8d1d-f7c9f7c3148f",
              "parentUUID": "bf476cf8-4bdd-4a0d-bb6a-6f4352dde2cf",
              "isHook": false,
              "skipped": false
            },
            {
              "title": "Verifica se ao clicar no botão com um valor preenchido, o tamanho do board muda.",
              "fullTitle": "10 - Faça o quadro de pixels ter seu tamanho definido pelo usuário. Verifica se ao clicar no botão com um valor preenchido, o tamanho do board muda.",
              "timedOut": null,
              "duration": 5065,
              "state": "failed",
              "speed": null,
              "pass": false,
              "fail": true,
              "pending": false,
              "context": null,
              "code": "cy.get('#board-size').clear().type(10);\ncy.get('#generate-board').click();\ncy.get('.pixel').should('have.length', 100);",
              "err": {
                "message": "CypressError: Timed out retrying: Expected to find element: '#board-size', but never found it.",
                "estack": "CypressError: Timed out retrying: Expected to find element: '#board-size', but never found it.\n    at cypressErr (http://localhost:45327/__cypress/runner/cypress_runner.js:149934:9)\n    at throwErr (http://localhost:45327/__cypress/runner/cypress_runner.js:149867:11)\n    at Object.throwErrByPath (http://localhost:45327/__cypress/runner/cypress_runner.js:149915:3)\n    at retry (http://localhost:45327/__cypress/runner/cypress_runner.js:144197:19)\n    at onFailFn (http://localhost:45327/__cypress/runner/cypress_runner.js:132448:16)\n    at tryCatcher (http://localhost:45327/__cypress/runner/cypress_runner.js:167415:23)\n    at Promise._settlePromiseFromHandler (http://localhost:45327/__cypress/runner/cypress_runner.js:165351:31)\n    at Promise._settlePromise (http://localhost:45327/__cypress/runner/cypress_runner.js:165408:18)\n    at Promise._settlePromise0 (http://localhost:45327/__cypress/runner/cypress_runner.js:165453:10)\n    at Promise._settlePromises (http://localhost:45327/__cypress/runner/cypress_runner.js:165528:18)\n    at Async../node_modules/bluebird/js/release/async.js.Async._drainQueue (http://localhost:45327/__cypress/runner/cypress_runner.js:162140:16)\n    at Async../node_modules/bluebird/js/release/async.js.Async._drainQueues (http://localhost:45327/__cypress/runner/cypress_runner.js:162150:10)\n    at Async.drainQueues (http://localhost:45327/__cypress/runner/cypress_runner.js:162024:14)",
                "diff": null
              },
              "uuid": "f6c20e4d-5a38-4335-b673-9fd130667b78",
              "parentUUID": "bf476cf8-4bdd-4a0d-bb6a-6f4352dde2cf",
              "isHook": false,
              "skipped": false
            },
            {
              "title": "Verifica se o novo quadro tem todos os pixels preenchidos com a cor branca",
              "fullTitle": "10 - Faça o quadro de pixels ter seu tamanho definido pelo usuário. Verifica se o novo quadro tem todos os pixels preenchidos com a cor branca",
              "timedOut": null,
              "duration": 4645,
              "state": "failed",
              "speed": null,
              "pass": false,
              "fail": true,
              "pending": false,
              "context": null,
              "code": "cy.get('#board-size').clear().type(6);\ncy.get('#generate-board').click();\ncy.get('.pixel').should('have.length', 36).each(function (pixel) {\n  expect(pixel).to.have.css('background-color', WHITE);\n});",
              "err": {
                "message": "CypressError: Timed out retrying: Expected to find element: '#board-size', but never found it.",
                "estack": "CypressError: Timed out retrying: Expected to find element: '#board-size', but never found it.\n    at cypressErr (http://localhost:45327/__cypress/runner/cypress_runner.js:149934:9)\n    at throwErr (http://localhost:45327/__cypress/runner/cypress_runner.js:149867:11)\n    at Object.throwErrByPath (http://localhost:45327/__cypress/runner/cypress_runner.js:149915:3)\n    at retry (http://localhost:45327/__cypress/runner/cypress_runner.js:144197:19)\n    at onFailFn (http://localhost:45327/__cypress/runner/cypress_runner.js:132448:16)\n    at tryCatcher (http://localhost:45327/__cypress/runner/cypress_runner.js:167415:23)\n    at Promise._settlePromiseFromHandler (http://localhost:45327/__cypress/runner/cypress_runner.js:165351:31)\n    at Promise._settlePromise (http://localhost:45327/__cypress/runner/cypress_runner.js:165408:18)\n    at Promise._settlePromise0 (http://localhost:45327/__cypress/runner/cypress_runner.js:165453:10)\n    at Promise._settlePromises (http://localhost:45327/__cypress/runner/cypress_runner.js:165528:18)\n    at Async../node_modules/bluebird/js/release/async.js.Async._drainQueue (http://localhost:45327/__cypress/runner/cypress_runner.js:162140:16)\n    at Async../node_modules/bluebird/js/release/async.js.Async._drainQueues (http://localhost:45327/__cypress/runner/cypress_runner.js:162150:10)\n    at Async.drainQueues (http://localhost:45327/__cypress/runner/cypress_runner.js:162024:14)",
                "diff": null
              },
              "uuid": "e6f51cf8-bbb3-495e-88fb-0fbe7ca30af9",
              "parentUUID": "bf476cf8-4bdd-4a0d-bb6a-6f4352dde2cf",
              "isHook": false,
              "skipped": false
            }
          ],
          "suites": [],
          "passes": [],
          "failures": [
            "1ccb9a51-29e1-4915-b56c-2d38ab7a62b1",
            "407d30ea-c94b-41fd-9cd6-79c28fbb6448",
            "401e78cf-c49e-4d24-8aaf-abc7bfca0c04",
            "fac27a40-4db0-4791-b0a6-243bf680b89b",
            "b322c6f5-6428-4565-9621-3a39228282e4",
            "0e4003ac-681d-4e48-873d-f4773f284ca1",
            "cc5802cd-6cb0-472b-8d1d-f7c9f7c3148f",
            "f6c20e4d-5a38-4335-b673-9fd130667b78",
            "e6f51cf8-bbb3-495e-88fb-0fbe7ca30af9"
          ],
          "pending": [],
          "skipped": [],
          "duration": 43239,
          "root": false,
          "rootEmpty": false,
          "_timeout": 2000
        },
        {
          "uuid": "f98b6232-7978-4045-a30e-79a225d7698c",
          "title": "11 - Limite o tamanho mínimo e máximo do board.",
          "fullFile": "",
          "file": "",
          "beforeHooks": [],
          "afterHooks": [],
          "tests": [
            {
              "title": "Verifica se a altura máxima do board é 50",
              "fullTitle": "11 - Limite o tamanho mínimo e máximo do board. Verifica se a altura máxima do board é 50",
              "timedOut": null,
              "duration": 4771,
              "state": "failed",
              "speed": null,
              "pass": false,
              "fail": true,
              "pending": false,
              "context": null,
              "code": "cy.get('#board-size').clear().type(50);\ncy.get('#generate-board').click();\ncy.get('.pixel').should('have.length', 2500);",
              "err": {
                "message": "CypressError: Timed out retrying: Expected to find element: '#board-size', but never found it.",
                "estack": "CypressError: Timed out retrying: Expected to find element: '#board-size', but never found it.\n    at cypressErr (http://localhost:45327/__cypress/runner/cypress_runner.js:149934:9)\n    at throwErr (http://localhost:45327/__cypress/runner/cypress_runner.js:149867:11)\n    at Object.throwErrByPath (http://localhost:45327/__cypress/runner/cypress_runner.js:149915:3)\n    at retry (http://localhost:45327/__cypress/runner/cypress_runner.js:144197:19)\n    at onFailFn (http://localhost:45327/__cypress/runner/cypress_runner.js:132448:16)\n    at tryCatcher (http://localhost:45327/__cypress/runner/cypress_runner.js:167415:23)\n    at Promise._settlePromiseFromHandler (http://localhost:45327/__cypress/runner/cypress_runner.js:165351:31)\n    at Promise._settlePromise (http://localhost:45327/__cypress/runner/cypress_runner.js:165408:18)\n    at Promise._settlePromise0 (http://localhost:45327/__cypress/runner/cypress_runner.js:165453:10)\n    at Promise._settlePromises (http://localhost:45327/__cypress/runner/cypress_runner.js:165528:18)\n    at Async../node_modules/bluebird/js/release/async.js.Async._drainQueue (http://localhost:45327/__cypress/runner/cypress_runner.js:162140:16)\n    at Async../node_modules/bluebird/js/release/async.js.Async._drainQueues (http://localhost:45327/__cypress/runner/cypress_runner.js:162150:10)\n    at Async.drainQueues (http://localhost:45327/__cypress/runner/cypress_runner.js:162024:14)",
                "diff": null
              },
              "uuid": "c4229c09-30ea-4bef-a41b-d2f4efdf23f8",
              "parentUUID": "f98b6232-7978-4045-a30e-79a225d7698c",
              "isHook": false,
              "skipped": false
            },
            {
              "title": "Verifica se a altura do board é 5 quando um valor menor é colocado no input",
              "fullTitle": "11 - Limite o tamanho mínimo e máximo do board. Verifica se a altura do board é 5 quando um valor menor é colocado no input",
              "timedOut": null,
              "duration": 4810,
              "state": "failed",
              "speed": null,
              "pass": false,
              "fail": true,
              "pending": false,
              "context": null,
              "code": "cy.get('#board-size').clear().type(4);\ncy.get('#generate-board').click();\ncy.get('.pixel').should('have.length', 25);",
              "err": {
                "message": "CypressError: Timed out retrying: Expected to find element: '#board-size', but never found it.",
                "estack": "CypressError: Timed out retrying: Expected to find element: '#board-size', but never found it.\n    at cypressErr (http://localhost:45327/__cypress/runner/cypress_runner.js:149934:9)\n    at throwErr (http://localhost:45327/__cypress/runner/cypress_runner.js:149867:11)\n    at Object.throwErrByPath (http://localhost:45327/__cypress/runner/cypress_runner.js:149915:3)\n    at retry (http://localhost:45327/__cypress/runner/cypress_runner.js:144197:19)\n    at onFailFn (http://localhost:45327/__cypress/runner/cypress_runner.js:132448:16)\n    at tryCatcher (http://localhost:45327/__cypress/runner/cypress_runner.js:167415:23)\n    at Promise._settlePromiseFromHandler (http://localhost:45327/__cypress/runner/cypress_runner.js:165351:31)\n    at Promise._settlePromise (http://localhost:45327/__cypress/runner/cypress_runner.js:165408:18)\n    at Promise._settlePromise0 (http://localhost:45327/__cypress/runner/cypress_runner.js:165453:10)\n    at Promise._settlePromises (http://localhost:45327/__cypress/runner/cypress_runner.js:165528:18)\n    at Async../node_modules/bluebird/js/release/async.js.Async._drainQueue (http://localhost:45327/__cypress/runner/cypress_runner.js:162140:16)\n    at Async../node_modules/bluebird/js/release/async.js.Async._drainQueues (http://localhost:45327/__cypress/runner/cypress_runner.js:162150:10)\n    at Async.drainQueues (http://localhost:45327/__cypress/runner/cypress_runner.js:162024:14)",
                "diff": null
              },
              "uuid": "ab02e014-6b13-4933-92e3-d5cf1a0e4658",
              "parentUUID": "f98b6232-7978-4045-a30e-79a225d7698c",
              "isHook": false,
              "skipped": false
            },
            {
              "title": "Verifica se a altura do board é 50 quando um valor maior é colocado no input",
              "fullTitle": "11 - Limite o tamanho mínimo e máximo do board. Verifica se a altura do board é 50 quando um valor maior é colocado no input",
              "timedOut": null,
              "duration": 4796,
              "state": "failed",
              "speed": null,
              "pass": false,
              "fail": true,
              "pending": false,
              "context": null,
              "code": "cy.get('#board-size').clear().type(51);\ncy.get('#generate-board').click();\ncy.get('.pixel').should('have.length', 2500);",
              "err": {
                "message": "CypressError: Timed out retrying: Expected to find element: '#board-size', but never found it.",
                "estack": "CypressError: Timed out retrying: Expected to find element: '#board-size', but never found it.\n    at cypressErr (http://localhost:45327/__cypress/runner/cypress_runner.js:149934:9)\n    at throwErr (http://localhost:45327/__cypress/runner/cypress_runner.js:149867:11)\n    at Object.throwErrByPath (http://localhost:45327/__cypress/runner/cypress_runner.js:149915:3)\n    at retry (http://localhost:45327/__cypress/runner/cypress_runner.js:144197:19)\n    at onFailFn (http://localhost:45327/__cypress/runner/cypress_runner.js:132448:16)\n    at tryCatcher (http://localhost:45327/__cypress/runner/cypress_runner.js:167415:23)\n    at Promise._settlePromiseFromHandler (http://localhost:45327/__cypress/runner/cypress_runner.js:165351:31)\n    at Promise._settlePromise (http://localhost:45327/__cypress/runner/cypress_runner.js:165408:18)\n    at Promise._settlePromise0 (http://localhost:45327/__cypress/runner/cypress_runner.js:165453:10)\n    at Promise._settlePromises (http://localhost:45327/__cypress/runner/cypress_runner.js:165528:18)\n    at Async../node_modules/bluebird/js/release/async.js.Async._drainQueue (http://localhost:45327/__cypress/runner/cypress_runner.js:162140:16)\n    at Async../node_modules/bluebird/js/release/async.js.Async._drainQueues (http://localhost:45327/__cypress/runner/cypress_runner.js:162150:10)\n    at Async.drainQueues (http://localhost:45327/__cypress/runner/cypress_runner.js:162024:14)",
                "diff": null
              },
              "uuid": "98d0bc35-5fe8-421e-81c5-bd92c8096aab",
              "parentUUID": "f98b6232-7978-4045-a30e-79a225d7698c",
              "isHook": false,
              "skipped": false
            }
          ],
          "suites": [],
          "passes": [],
          "failures": [
            "c4229c09-30ea-4bef-a41b-d2f4efdf23f8",
            "ab02e014-6b13-4933-92e3-d5cf1a0e4658",
            "98d0bc35-5fe8-421e-81c5-bd92c8096aab"
          ],
          "pending": [],
          "skipped": [],
          "duration": 14377,
          "root": false,
          "rootEmpty": false,
          "_timeout": 2000
        },
        {
          "uuid": "159ed22b-2b7f-4d73-aa58-b7c47853688c",
          "title": "12 - Faça com que as cores da paleta sejam geradas aleatoriamente ao carregar a página.",
          "fullFile": "",
          "file": "",
          "beforeHooks": [],
          "afterHooks": [],
          "tests": [
            {
              "title": "Verifica se as cores geradas na paleta são diferentes a cada carregamento da página",
              "fullTitle": "12 - Faça com que as cores da paleta sejam geradas aleatoriamente ao carregar a página. Verifica se as cores geradas na paleta são diferentes a cada carregamento da página",
              "timedOut": null,
              "duration": 1085,
              "state": "failed",
              "speed": null,
              "pass": false,
              "fail": true,
              "pending": false,
              "context": null,
              "code": "cy.get('.color').then(function (colors) {\n  var currentColors;\n  var previousColors;\n  previousColors = Array.from(colors).map(function (color) {\n    return Cypress.$(color).css('background-color');\n  });\n  for (var i = 0; i < 5; i += 1) {\n    cy.reload();\n    cy.get('.color').then(function (colors) {\n      currentColors = Array.from(colors).map(function (color) {\n        return Cypress.$(color).css('background-color');\n      });\n      expect(currentColors).not.to.deep.equal(previousColors);\n      previousColors = currentColors;\n    });\n  }\n});",
              "err": {
                "message": "AssertionError: expected [ Array(4) ] to not deeply equal [ Array(4) ]",
                "estack": "AssertionError: expected [ Array(4) ] to not deeply equal [ Array(4) ]\n    at getRet (http://localhost:45327/__cypress/runner/cypress_runner.js:136585:16)\n    at tryCatcher (http://localhost:45327/__cypress/runner/cypress_runner.js:167415:23)\n    at Function.Promise.attempt.Promise.try (http://localhost:45327/__cypress/runner/cypress_runner.js:164690:29)\n    at Context.thenFn (http://localhost:45327/__cypress/runner/cypress_runner.js:136599:23)\n    at Context.then (http://localhost:45327/__cypress/runner/cypress_runner.js:136971:21)\n    at Context.<anonymous> (http://localhost:45327/__cypress/runner/cypress_runner.js:148875:21)\n    at http://localhost:45327/__cypress/runner/cypress_runner.js:148351:33\n    at tryCatcher (http://localhost:45327/__cypress/runner/cypress_runner.js:167415:23)\n    at Promise._settlePromiseFromHandler (http://localhost:45327/__cypress/runner/cypress_runner.js:165351:31)\n    at Promise._settlePromise (http://localhost:45327/__cypress/runner/cypress_runner.js:165408:18)\n    at Promise._settlePromiseCtx (http://localhost:45327/__cypress/runner/cypress_runner.js:165445:10)\n    at Async../node_modules/bluebird/js/release/async.js.Async._drainQueue (http://localhost:45327/__cypress/runner/cypress_runner.js:162145:12)\n    at Async../node_modules/bluebird/js/release/async.js.Async._drainQueues (http://localhost:45327/__cypress/runner/cypress_runner.js:162150:10)\n    at Async.drainQueues (http://localhost:45327/__cypress/runner/cypress_runner.js:162024:14)",
                "diff": ""
              },
              "uuid": "985f2ae1-d320-4e3b-bdbe-01909a2f2eb0",
              "parentUUID": "159ed22b-2b7f-4d73-aa58-b7c47853688c",
              "isHook": false,
              "skipped": false
            },
            {
              "title": "Verifica se a cor preta ainda está presente e é a primeira na sua paleta de cores",
              "fullTitle": "12 - Faça com que as cores da paleta sejam geradas aleatoriamente ao carregar a página. Verifica se a cor preta ainda está presente e é a primeira na sua paleta de cores",
              "timedOut": null,
              "duration": 1128,
              "state": "failed",
              "speed": null,
              "pass": false,
              "fail": true,
              "pending": false,
              "context": null,
              "code": "cy.get('.color').then(function (colors) {\n  var currentColors;\n  var previousColors;\n  previousColors = Array.from(colors).map(function (color) {\n    return Cypress.$(color).css('background-color');\n  });\n  expect(previousColors[0]).to.eq(BLACK);\n  for (var i = 0; i < 5; i += 1) {\n    cy.reload();\n    cy.get('.color').then(function (colors) {\n      currentColors = Array.from(colors).map(function (color) {\n        return Cypress.$(color).css('background-color');\n      });\n      expect(currentColors[0]).to.eq(BLACK);\n      expect(currentColors).not.to.deep.equal(previousColors);\n      previousColors = currentColors;\n    });\n  }\n});",
              "err": {
                "message": "AssertionError: expected [ Array(4) ] to not deeply equal [ Array(4) ]",
                "estack": "AssertionError: expected [ Array(4) ] to not deeply equal [ Array(4) ]\n    at getRet (http://localhost:45327/__cypress/runner/cypress_runner.js:136585:16)\n    at tryCatcher (http://localhost:45327/__cypress/runner/cypress_runner.js:167415:23)\n    at Function.Promise.attempt.Promise.try (http://localhost:45327/__cypress/runner/cypress_runner.js:164690:29)\n    at Context.thenFn (http://localhost:45327/__cypress/runner/cypress_runner.js:136599:23)\n    at Context.then (http://localhost:45327/__cypress/runner/cypress_runner.js:136971:21)\n    at Context.<anonymous> (http://localhost:45327/__cypress/runner/cypress_runner.js:148875:21)\n    at http://localhost:45327/__cypress/runner/cypress_runner.js:148351:33\n    at tryCatcher (http://localhost:45327/__cypress/runner/cypress_runner.js:167415:23)\n    at Promise._settlePromiseFromHandler (http://localhost:45327/__cypress/runner/cypress_runner.js:165351:31)\n    at Promise._settlePromise (http://localhost:45327/__cypress/runner/cypress_runner.js:165408:18)\n    at Promise._settlePromiseCtx (http://localhost:45327/__cypress/runner/cypress_runner.js:165445:10)\n    at Async../node_modules/bluebird/js/release/async.js.Async._drainQueue (http://localhost:45327/__cypress/runner/cypress_runner.js:162145:12)\n    at Async../node_modules/bluebird/js/release/async.js.Async._drainQueues (http://localhost:45327/__cypress/runner/cypress_runner.js:162150:10)\n    at Async.drainQueues (http://localhost:45327/__cypress/runner/cypress_runner.js:162024:14)",
                "diff": ""
              },
              "uuid": "ff661cd7-e4c0-42b8-a22b-8da22fd89044",
              "parentUUID": "159ed22b-2b7f-4d73-aa58-b7c47853688c",
              "isHook": false,
              "skipped": false
            }
          ],
          "suites": [],
          "passes": [],
          "failures": [
            "985f2ae1-d320-4e3b-bdbe-01909a2f2eb0",
            "ff661cd7-e4c0-42b8-a22b-8da22fd89044"
          ],
          "pending": [],
          "skipped": [],
          "duration": 2213,
          "root": false,
          "rootEmpty": false,
          "_timeout": 2000
        }
      ],
      "passes": [],
      "failures": [],
      "pending": [],
      "skipped": [],
      "duration": 0,
      "root": true,
      "rootEmpty": true,
      "_timeout": 2000
    }
  ],
  "meta": {
    "mocha": {
      "version": "7.0.1"
    },
    "mochawesome": {
      "options": {
        "quiet": false,
        "reportFilename": "mochawesome",
        "saveHtml": false,
        "saveJson": true,
        "consoleReporter": "spec",
        "useInlineDiffs": false
      },
      "version": "4.1.0"
    },
    "marge": {
      "options": {
        "id": "default",
        "reportDir": "cypress/reports",
        "overwrite": true,
        "html": false,
        "json": true
      },
      "version": "4.1.0"
    }
  }
}