{
  "stats": {
    "suites": 12,
    "tests": 41,
    "passes": 23,
    "pending": 0,
    "failures": 18,
    "start": "2021-09-13T20:20:15.991Z",
    "end": "2021-09-13T20:22:11.737Z",
    "duration": 115746,
    "testsRegistered": 41,
    "passPercent": 56.09756097560976,
    "pendingPercent": 0,
    "other": 0,
    "hasOther": false,
    "skipped": 0,
    "hasSkipped": false
  },
  "results": [
    {
      "uuid": "6a74569a-10e9-4558-b17c-221089dc89c0",
      "title": "",
      "fullFile": "cypress/integration/project.spec.js",
      "file": "cypress/integration/project.spec.js",
      "beforeHooks": [],
      "afterHooks": [],
      "tests": [],
      "suites": [
        {
          "uuid": "3c3ca120-d631-483a-bf7d-1b7709a74c7c",
          "title": "1 - Adicione à página o título \"Paleta de Cores\".",
          "fullFile": "",
          "file": "",
          "beforeHooks": [],
          "afterHooks": [],
          "tests": [
            {
              "title": "Verifica se contém um elemento `h1` com o id `title` com o título correto",
              "fullTitle": "1 - Adicione à página o título \"Paleta de Cores\". Verifica se contém um elemento `h1` com o id `title` com o título correto",
              "timedOut": null,
              "duration": 382,
              "state": "passed",
              "speed": "slow",
              "pass": true,
              "fail": false,
              "pending": false,
              "context": null,
              "code": "cy.get('h1#title').should('contain.text', 'Paleta de Cores');",
              "err": {},
              "uuid": "7cd631a1-6e2b-41aa-a0b9-76cd38e2cfeb",
              "parentUUID": "3c3ca120-d631-483a-bf7d-1b7709a74c7c",
              "isHook": false,
              "skipped": false
            }
          ],
          "suites": [],
          "passes": [
            "7cd631a1-6e2b-41aa-a0b9-76cd38e2cfeb"
          ],
          "failures": [],
          "pending": [],
          "skipped": [],
          "duration": 382,
          "root": false,
          "rootEmpty": false,
          "_timeout": 2000
        },
        {
          "uuid": "4c3ca1f3-d5fa-4390-acf4-5c5864a5759b",
          "title": "2 - Adicione à página uma paleta de quatro cores distintas.",
          "fullFile": "",
          "file": "",
          "beforeHooks": [],
          "afterHooks": [],
          "tests": [
            {
              "title": "A paleta de cores deve ser um elemento com `id` denominado `color-palette`",
              "fullTitle": "2 - Adicione à página uma paleta de quatro cores distintas. A paleta de cores deve ser um elemento com `id` denominado `color-palette`",
              "timedOut": null,
              "duration": 296,
              "state": "passed",
              "speed": "slow",
              "pass": true,
              "fail": false,
              "pending": false,
              "context": null,
              "code": "cy.get('#color-palette').should('be.visible');\ncy.get('#color-palette').children('.color');",
              "err": {},
              "uuid": "58e2e709-9a77-481d-9e3b-ef46333b9632",
              "parentUUID": "4c3ca1f3-d5fa-4390-acf4-5c5864a5759b",
              "isHook": false,
              "skipped": false
            },
            {
              "title": "Verifica se cada cor individual da paleta de cores possui a `classe` chamada `color`.",
              "fullTitle": "2 - Adicione à página uma paleta de quatro cores distintas. Verifica se cada cor individual da paleta de cores possui a `classe` chamada `color`.",
              "timedOut": null,
              "duration": 317,
              "state": "passed",
              "speed": "slow",
              "pass": true,
              "fail": false,
              "pending": false,
              "context": null,
              "code": "cy.get('.color').should('have.length', 4).then(function (colors) {\n  for (var i = 0; i < colors.length; i++) {\n    cy.wrap(colors[i]).should('be.visible');\n  }\n});",
              "err": {},
              "uuid": "cd276bb3-162c-4141-9ebb-90de40ba857b",
              "parentUUID": "4c3ca1f3-d5fa-4390-acf4-5c5864a5759b",
              "isHook": false,
              "skipped": false
            },
            {
              "title": "Verifica se a cor de fundo de cada elemento da paleta é a cor que o elemento representa. **A única cor não permitida na paleta é a cor branca.**",
              "fullTitle": "2 - Adicione à página uma paleta de quatro cores distintas. Verifica se a cor de fundo de cada elemento da paleta é a cor que o elemento representa. **A única cor não permitida na paleta é a cor branca.**",
              "timedOut": null,
              "duration": 347,
              "state": "passed",
              "speed": "slow",
              "pass": true,
              "fail": false,
              "pending": false,
              "context": null,
              "code": "cy.get('.color').each(function (color) {\n  cy.wrap(color).should('have.class', 'color').and('not.have.css', 'background-color', WHITE);\n  cy.wrap(color).should('have.css', 'background-color');\n});",
              "err": {},
              "uuid": "7532ac2a-0d8b-42b8-82fb-6e0b1cf80ad9",
              "parentUUID": "4c3ca1f3-d5fa-4390-acf4-5c5864a5759b",
              "isHook": false,
              "skipped": false
            },
            {
              "title": "Verifica se cada elemento da paleta de cores tem uma borda preta, sólida e com 1 pixel de largura;",
              "fullTitle": "2 - Adicione à página uma paleta de quatro cores distintas. Verifica se cada elemento da paleta de cores tem uma borda preta, sólida e com 1 pixel de largura;",
              "timedOut": null,
              "duration": 284,
              "state": "passed",
              "speed": "slow",
              "pass": true,
              "fail": false,
              "pending": false,
              "context": null,
              "code": "cy.get('.color').each(function (color) {\n  cy.wrap(color).and('have.css', 'border', \"1px solid \".concat(BLACK)).and('have.class', 'color');\n});",
              "err": {},
              "uuid": "5c89ffd8-0060-4b2d-aa88-52fd283e53c4",
              "parentUUID": "4c3ca1f3-d5fa-4390-acf4-5c5864a5759b",
              "isHook": false,
              "skipped": false
            },
            {
              "title": "Verifica se a paleta lista todas as cores disponíveis para utilização, lado a lado.",
              "fullTitle": "2 - Adicione à página uma paleta de quatro cores distintas. Verifica se a paleta lista todas as cores disponíveis para utilização, lado a lado.",
              "timedOut": null,
              "duration": 217,
              "state": "passed",
              "speed": "slow",
              "pass": true,
              "fail": false,
              "pending": false,
              "context": null,
              "code": "cy.get('.color').then(function (colors) {\n  for (var index = 1; index < colors.length; index += 1) {\n    var currentColor = colors[index];\n    var previousColor = colors[index - 1];\n    cy.wrap(currentColor).should('be.onTheRightOf', previousColor).and('be.horizontallyAlignedWith', previousColor);\n  }\n});",
              "err": {},
              "uuid": "7e51cb85-a152-4f40-8882-ebc171d1e513",
              "parentUUID": "4c3ca1f3-d5fa-4390-acf4-5c5864a5759b",
              "isHook": false,
              "skipped": false
            },
            {
              "title": "Verifica se a paleta de cores está posicionada abaixo do título 'Paleta de Cores'",
              "fullTitle": "2 - Adicione à página uma paleta de quatro cores distintas. Verifica se a paleta de cores está posicionada abaixo do título 'Paleta de Cores'",
              "timedOut": null,
              "duration": 202,
              "state": "passed",
              "speed": "slow",
              "pass": true,
              "fail": false,
              "pending": false,
              "context": null,
              "code": "cy.get('h1#title').then(function (title) {\n  cy.get('#color-palette').should('be.belowOf', title);\n});",
              "err": {},
              "uuid": "da39f33b-d806-4aa9-8f7d-dae2971bd657",
              "parentUUID": "4c3ca1f3-d5fa-4390-acf4-5c5864a5759b",
              "isHook": false,
              "skipped": false
            },
            {
              "title": "Verifica se a paleta de cores não contém cores repetidas.",
              "fullTitle": "2 - Adicione à página uma paleta de quatro cores distintas. Verifica se a paleta de cores não contém cores repetidas.",
              "timedOut": null,
              "duration": 162,
              "state": "passed",
              "speed": "slow",
              "pass": true,
              "fail": false,
              "pending": false,
              "context": null,
              "code": "cy.get('.color').then(function (colors) {\n  var allColors = Array.from(colors).map(function (color) {\n    return Cypress.$(color).css('background-color');\n  });\n  cy.log(allColors);\n  var uniqColors = (0, _toConsumableArray2[\"default\"])(new Set(allColors));\n  cy.log(uniqColors);\n  expect(allColors.length).to.eq(uniqColors.length);\n});",
              "err": {},
              "uuid": "dc5e8122-34ee-4929-9df0-e2ba1a5aaf30",
              "parentUUID": "4c3ca1f3-d5fa-4390-acf4-5c5864a5759b",
              "isHook": false,
              "skipped": false
            }
          ],
          "suites": [],
          "passes": [
            "58e2e709-9a77-481d-9e3b-ef46333b9632",
            "cd276bb3-162c-4141-9ebb-90de40ba857b",
            "7532ac2a-0d8b-42b8-82fb-6e0b1cf80ad9",
            "5c89ffd8-0060-4b2d-aa88-52fd283e53c4",
            "7e51cb85-a152-4f40-8882-ebc171d1e513",
            "da39f33b-d806-4aa9-8f7d-dae2971bd657",
            "dc5e8122-34ee-4929-9df0-e2ba1a5aaf30"
          ],
          "failures": [],
          "pending": [],
          "skipped": [],
          "duration": 1825,
          "root": false,
          "rootEmpty": false,
          "_timeout": 2000
        },
        {
          "uuid": "c60eeade-a54a-4e4c-860e-ec89244fc3e9",
          "title": "3 - Adicione a cor **preta** como a primeira cor da paleta de cores.",
          "fullFile": "",
          "file": "",
          "beforeHooks": [],
          "afterHooks": [],
          "tests": [
            {
              "title": "Verifica se a primeira cor da paleta é preta",
              "fullTitle": "3 - Adicione a cor **preta** como a primeira cor da paleta de cores. Verifica se a primeira cor da paleta é preta",
              "timedOut": null,
              "duration": 205,
              "state": "passed",
              "speed": "slow",
              "pass": true,
              "fail": false,
              "pending": false,
              "context": null,
              "code": "cy.get('.color').first().should('have.css', 'background-color', BLACK);",
              "err": {},
              "uuid": "f8110967-97f2-499e-8ec8-220a7c7d9053",
              "parentUUID": "c60eeade-a54a-4e4c-860e-ec89244fc3e9",
              "isHook": false,
              "skipped": false
            },
            {
              "title": "Verifica se as demais cores podem ser escolhidas livremente.",
              "fullTitle": "3 - Adicione a cor **preta** como a primeira cor da paleta de cores. Verifica se as demais cores podem ser escolhidas livremente.",
              "timedOut": null,
              "duration": 355,
              "state": "passed",
              "speed": "slow",
              "pass": true,
              "fail": false,
              "pending": false,
              "context": null,
              "code": "cy.get('.color').eq(1).should('not.have.css', 'background-color', BLACK);\ncy.get('.color').eq(1).should('not.have.css', 'background-color', WHITE);\ncy.get('.color').eq(1).should('not.have.css', 'background-color', 'rgba(0, 0, 0, 0)');\ncy.get('.color').eq(1).should('have.css', 'background-color');\ncy.get('.color').eq(2).should('not.have.css', 'background-color', BLACK);\ncy.get('.color').eq(2).should('not.have.css', 'background-color', WHITE);\ncy.get('.color').eq(2).should('not.have.css', 'background-color', 'rgba(0, 0, 0, 0)');\ncy.get('.color').eq(2).should('have.css', 'background-color');\ncy.get('.color').eq(3).should('not.have.css', 'background-color', BLACK);\ncy.get('.color').eq(3).should('not.have.css', 'background-color', WHITE);\ncy.get('.color').eq(3).should('not.have.css', 'background-color', 'rgba(0, 0, 0, 0)');\ncy.get('.color').eq(3).should('have.css', 'background-color');",
              "err": {},
              "uuid": "144b4d17-e09f-4b9d-8fdc-a72c9464a085",
              "parentUUID": "c60eeade-a54a-4e4c-860e-ec89244fc3e9",
              "isHook": false,
              "skipped": false
            }
          ],
          "suites": [],
          "passes": [
            "f8110967-97f2-499e-8ec8-220a7c7d9053",
            "144b4d17-e09f-4b9d-8fdc-a72c9464a085"
          ],
          "failures": [],
          "pending": [],
          "skipped": [],
          "duration": 560,
          "root": false,
          "rootEmpty": false,
          "_timeout": 2000
        },
        {
          "uuid": "ef5631f5-c26c-4f9a-8c1c-5278f034b07b",
          "title": "4 - Adicione à página um quadro de pixels, com 25 pixels.",
          "fullFile": "",
          "file": "",
          "beforeHooks": [],
          "afterHooks": [],
          "tests": [
            {
              "title": "Verifica se o quadro de pixels possui o `id` denominado `pixel-board`",
              "fullTitle": "4 - Adicione à página um quadro de pixels, com 25 pixels. Verifica se o quadro de pixels possui o `id` denominado `pixel-board`",
              "timedOut": null,
              "duration": 139,
              "state": "passed",
              "speed": "slow",
              "pass": true,
              "fail": false,
              "pending": false,
              "context": null,
              "code": "cy.get('#pixel-board').should('be.visible');",
              "err": {},
              "uuid": "406410f4-f1bd-4912-b9e2-e07edecc8491",
              "parentUUID": "ef5631f5-c26c-4f9a-8c1c-5278f034b07b",
              "isHook": false,
              "skipped": false
            },
            {
              "title": "Verifica se cada pixel individual dentro do quadro possui a `classe` denominada `pixel`.",
              "fullTitle": "4 - Adicione à página um quadro de pixels, com 25 pixels. Verifica se cada pixel individual dentro do quadro possui a `classe` denominada `pixel`.",
              "timedOut": null,
              "duration": 303,
              "state": "passed",
              "speed": "slow",
              "pass": true,
              "fail": false,
              "pending": false,
              "context": null,
              "code": "cy.get('.pixel').should('have.length', 25);",
              "err": {},
              "uuid": "373f5d40-18f9-493e-a26f-f36cc78a0eed",
              "parentUUID": "ef5631f5-c26c-4f9a-8c1c-5278f034b07b",
              "isHook": false,
              "skipped": false
            },
            {
              "title": "Verifica se a cor inicial dos pixels dentro do quadro, ao abrir a página, é branca.",
              "fullTitle": "4 - Adicione à página um quadro de pixels, com 25 pixels. Verifica se a cor inicial dos pixels dentro do quadro, ao abrir a página, é branca.",
              "timedOut": null,
              "duration": 328,
              "state": "passed",
              "speed": "slow",
              "pass": true,
              "fail": false,
              "pending": false,
              "context": null,
              "code": "cy.get('.pixel').should('have.length', 25).each(function (pixel) {\n  expect(pixel).to.have.css('background-color', WHITE);\n});",
              "err": {},
              "uuid": "e6750e06-8a30-486d-87b2-4ac1d9b2de45",
              "parentUUID": "ef5631f5-c26c-4f9a-8c1c-5278f034b07b",
              "isHook": false,
              "skipped": false
            },
            {
              "title": "Verifica se o quadro de pixels aparece abaixo da paleta de cores",
              "fullTitle": "4 - Adicione à página um quadro de pixels, com 25 pixels. Verifica se o quadro de pixels aparece abaixo da paleta de cores",
              "timedOut": null,
              "duration": 251,
              "state": "passed",
              "speed": "slow",
              "pass": true,
              "fail": false,
              "pending": false,
              "context": null,
              "code": "cy.get('#color-palette').then(function (palette) {\n  cy.get('#pixel-board').should('be.belowOf', palette);\n});",
              "err": {},
              "uuid": "7d846da1-6bd2-42da-a8df-8bfd7381eb7c",
              "parentUUID": "ef5631f5-c26c-4f9a-8c1c-5278f034b07b",
              "isHook": false,
              "skipped": false
            }
          ],
          "suites": [],
          "passes": [
            "406410f4-f1bd-4912-b9e2-e07edecc8491",
            "373f5d40-18f9-493e-a26f-f36cc78a0eed",
            "e6750e06-8a30-486d-87b2-4ac1d9b2de45",
            "7d846da1-6bd2-42da-a8df-8bfd7381eb7c"
          ],
          "failures": [],
          "pending": [],
          "skipped": [],
          "duration": 1021,
          "root": false,
          "rootEmpty": false,
          "_timeout": 2000
        },
        {
          "uuid": "bde1a6a9-50aa-4a03-a19e-11b23601427d",
          "title": "5 - Faça com que cada elemento do quadro de pixels possua 40 pixels de largura, 40 pixels de altura e seja delimitado por uma borda preta de 1 pixel.",
          "fullFile": "",
          "file": "",
          "beforeHooks": [],
          "afterHooks": [],
          "tests": [
            {
              "title": "Verifica se o quadro de pixels tem altura e comprimento de 5 elementos",
              "fullTitle": "5 - Faça com que cada elemento do quadro de pixels possua 40 pixels de largura, 40 pixels de altura e seja delimitado por uma borda preta de 1 pixel. Verifica se o quadro de pixels tem altura e comprimento de 5 elementos",
              "timedOut": null,
              "duration": 562,
              "state": "passed",
              "speed": "slow",
              "pass": true,
              "fail": false,
              "pending": false,
              "context": null,
              "code": "cy.get('.pixel').should('have.length', 25).each(function (pixel) {\n  expect(pixel).to.have.css('background-color', WHITE);\n}).and(function (pixels) {\n  var rows = chunk(pixels, 5);\n  rows.forEach(function (row) {\n    for (var index = 1; index < row.length; index += 1) {\n      var current = pixels[index];\n      var previous = pixels[index - 1];\n      cy.wrap(current).should('be.onTheRightOf', previous).and('be.horizontallyAlignedWith', previous);\n    }\n  });\n  for (var index = 1; index < 5; index += 1) {\n    expect(pixels[index * 5]).to.be.belowOf(pixels[(index - 1) * 5]);\n  }\n});",
              "err": {},
              "uuid": "cb33e952-b00a-418f-a92b-d6cf916ac816",
              "parentUUID": "bde1a6a9-50aa-4a03-a19e-11b23601427d",
              "isHook": false,
              "skipped": false
            },
            {
              "title": "Verifica se 40 pixels é o tamanho total do elemento, incluindo seu conteúdo e excluindo a borda preta, que deve ser criada à parte.",
              "fullTitle": "5 - Faça com que cada elemento do quadro de pixels possua 40 pixels de largura, 40 pixels de altura e seja delimitado por uma borda preta de 1 pixel. Verifica se 40 pixels é o tamanho total do elemento, incluindo seu conteúdo e excluindo a borda preta, que deve ser criada à parte.",
              "timedOut": null,
              "duration": 543,
              "state": "passed",
              "speed": "slow",
              "pass": true,
              "fail": false,
              "pending": false,
              "context": null,
              "code": "cy.get('.pixel').each(function (pixel) {\n  cy.wrap(pixel).should('have.css', 'height', '40px').and('have.css', 'width', '40px').and('have.css', 'border', \"1px solid \".concat(BLACK));\n});",
              "err": {},
              "uuid": "73528680-99bc-4554-a2c2-a74156bda405",
              "parentUUID": "bde1a6a9-50aa-4a03-a19e-11b23601427d",
              "isHook": false,
              "skipped": false
            }
          ],
          "suites": [],
          "passes": [
            "cb33e952-b00a-418f-a92b-d6cf916ac816",
            "73528680-99bc-4554-a2c2-a74156bda405"
          ],
          "failures": [],
          "pending": [],
          "skipped": [],
          "duration": 1105,
          "root": false,
          "rootEmpty": false,
          "_timeout": 2000
        },
        {
          "uuid": "2dba4441-59c1-4398-80a6-e7ae18cbd254",
          "title": "6 - Defina a cor preta como cor inicial. Ao carregar a página a cor preta já deve estar selecionada para pintar os pixels",
          "fullFile": "",
          "file": "",
          "beforeHooks": [],
          "afterHooks": [],
          "tests": [
            {
              "title": "Verifica se o elemento da cor preta possui, inicialmente, a `classe` `selected`",
              "fullTitle": "6 - Defina a cor preta como cor inicial. Ao carregar a página a cor preta já deve estar selecionada para pintar os pixels Verifica se o elemento da cor preta possui, inicialmente, a `classe` `selected`",
              "timedOut": null,
              "duration": 226,
              "state": "passed",
              "speed": "slow",
              "pass": true,
              "fail": false,
              "pending": false,
              "context": null,
              "code": "cy.get('.selected').first().should('have.css', 'background-color', BLACK);",
              "err": {},
              "uuid": "b1b6ee73-0366-49d4-9e16-65385916c1db",
              "parentUUID": "2dba4441-59c1-4398-80a6-e7ae18cbd254",
              "isHook": false,
              "skipped": false
            },
            {
              "title": "Verifica se nenhuma outra cor da paleta tem a `classe` `selected`",
              "fullTitle": "6 - Defina a cor preta como cor inicial. Ao carregar a página a cor preta já deve estar selecionada para pintar os pixels Verifica se nenhuma outra cor da paleta tem a `classe` `selected`",
              "timedOut": null,
              "duration": 186,
              "state": "passed",
              "speed": "slow",
              "pass": true,
              "fail": false,
              "pending": false,
              "context": null,
              "code": "cy.get('.color:not(:first-child)').each(function (color) {\n  cy.wrap(color).should('not.have.class', 'selected');\n});",
              "err": {},
              "uuid": "4d775dbb-b4bb-4cc8-8201-865ba43ad2b8",
              "parentUUID": "2dba4441-59c1-4398-80a6-e7ae18cbd254",
              "isHook": false,
              "skipped": false
            }
          ],
          "suites": [],
          "passes": [
            "b1b6ee73-0366-49d4-9e16-65385916c1db",
            "4d775dbb-b4bb-4cc8-8201-865ba43ad2b8"
          ],
          "failures": [],
          "pending": [],
          "skipped": [],
          "duration": 412,
          "root": false,
          "rootEmpty": false,
          "_timeout": 2000
        },
        {
          "uuid": "a75618a8-164b-4f6d-81e1-7aefa371f05e",
          "title": "7 - Clicar em uma das cores da paleta, faz com que ela seja selecionada e utilizada para preencher os pixels no quadro.",
          "fullFile": "",
          "file": "",
          "beforeHooks": [],
          "afterHooks": [],
          "tests": [
            {
              "title": "Verifica se somente uma cor da paleta de cores tem a classe `selected` de cada vez",
              "fullTitle": "7 - Clicar em uma das cores da paleta, faz com que ela seja selecionada e utilizada para preencher os pixels no quadro. Verifica se somente uma cor da paleta de cores tem a classe `selected` de cada vez",
              "timedOut": null,
              "duration": 660,
              "state": "passed",
              "speed": "slow",
              "pass": true,
              "fail": false,
              "pending": false,
              "context": null,
              "code": "cy.get('.color').each(function (selectedColor, selectedColorIndex) {\n  cy.wrap(selectedColor).click();\n  cy.get('.color').each(function (color, colorIndex) {\n    if (colorIndex === selectedColorIndex) {\n      expect(color).to.have[\"class\"]('selected');\n    } else {\n      expect(color).not.to.have[\"class\"]('selected');\n    }\n  });\n});",
              "err": {},
              "uuid": "1eef54b3-55fc-40dc-9c2d-4f77b4237fd4",
              "parentUUID": "a75618a8-164b-4f6d-81e1-7aefa371f05e",
              "isHook": false,
              "skipped": false
            },
            {
              "title": "Verifica se os pixels dentro do quadro não têm a classe `selected` quando são clicados",
              "fullTitle": "7 - Clicar em uma das cores da paleta, faz com que ela seja selecionada e utilizada para preencher os pixels no quadro. Verifica se os pixels dentro do quadro não têm a classe `selected` quando são clicados",
              "timedOut": null,
              "duration": 9642,
              "state": "passed",
              "speed": "slow",
              "pass": true,
              "fail": false,
              "pending": false,
              "context": null,
              "code": "cy.get('.color').each(function (color) {\n  var backgroundColor = color.css('background-color');\n  cy.wrap(color).click();\n  cy.get('.pixel').each(function (pixel) {\n    cy.wrap(pixel).click().should('not.have.class', 'selected');\n  });\n});",
              "err": {},
              "uuid": "aa79fc63-c840-4a6b-9261-b6edb632b6ab",
              "parentUUID": "a75618a8-164b-4f6d-81e1-7aefa371f05e",
              "isHook": false,
              "skipped": false
            }
          ],
          "suites": [],
          "passes": [
            "1eef54b3-55fc-40dc-9c2d-4f77b4237fd4",
            "aa79fc63-c840-4a6b-9261-b6edb632b6ab"
          ],
          "failures": [],
          "pending": [],
          "skipped": [],
          "duration": 10302,
          "root": false,
          "rootEmpty": false,
          "_timeout": 2000
        },
        {
          "uuid": "14753805-0c95-43e8-8b3a-472713a6f42d",
          "title": "8 - Clicar em um pixel dentro do quadro após selecionar uma cor na paleta, faz com que o pixel seja preenchido com a cor selecionada.",
          "fullFile": "",
          "file": "",
          "beforeHooks": [],
          "afterHooks": [],
          "tests": [
            {
              "title": "Verifica se ao carregar a página deve ser possível pintar os pixels de preto",
              "fullTitle": "8 - Clicar em um pixel dentro do quadro após selecionar uma cor na paleta, faz com que o pixel seja preenchido com a cor selecionada. Verifica se ao carregar a página deve ser possível pintar os pixels de preto",
              "timedOut": null,
              "duration": 2543,
              "state": "passed",
              "speed": "slow",
              "pass": true,
              "fail": false,
              "pending": false,
              "context": null,
              "code": "cy.get('.pixel').each(function (pixel) {\n  cy.wrap(pixel).click().should('have.css', 'background-color', BLACK);\n});",
              "err": {},
              "uuid": "c5272ec5-303a-47b1-ae25-469efdf4bdfc",
              "parentUUID": "14753805-0c95-43e8-8b3a-472713a6f42d",
              "isHook": false,
              "skipped": false
            },
            {
              "title": "Verifica se após selecionar uma outra cor na paleta, é possível pintar os pixels com essa cor",
              "fullTitle": "8 - Clicar em um pixel dentro do quadro após selecionar uma cor na paleta, faz com que o pixel seja preenchido com a cor selecionada. Verifica se após selecionar uma outra cor na paleta, é possível pintar os pixels com essa cor",
              "timedOut": null,
              "duration": 9657,
              "state": "passed",
              "speed": "slow",
              "pass": true,
              "fail": false,
              "pending": false,
              "context": null,
              "code": "cy.get('.color').each(function (color) {\n  var backgroundColor = color.css('background-color');\n  cy.wrap(color).click();\n  cy.get('.pixel').each(function (pixel) {\n    cy.wrap(pixel).click().should('have.css', 'background-color', backgroundColor);\n  });\n});",
              "err": {},
              "uuid": "74903a31-1a90-4954-bb74-497c9c1ba302",
              "parentUUID": "14753805-0c95-43e8-8b3a-472713a6f42d",
              "isHook": false,
              "skipped": false
            },
            {
              "title": "Verifica se somente o pixel que foi clicado foi preenchido com a cor selecionada, sem influenciar na cor dos demais pixels.",
              "fullTitle": "8 - Clicar em um pixel dentro do quadro após selecionar uma cor na paleta, faz com que o pixel seja preenchido com a cor selecionada. Verifica se somente o pixel que foi clicado foi preenchido com a cor selecionada, sem influenciar na cor dos demais pixels.",
              "timedOut": null,
              "duration": 2158,
              "state": "passed",
              "speed": "slow",
              "pass": true,
              "fail": false,
              "pending": false,
              "context": null,
              "code": "var colorToPixelIndexMap = {\n  0: 6,\n  1: 8,\n  2: 16,\n  3: 18\n};\ncy.get('.color').each(function (color, index) {\n  cy.wrap(color).click();\n  var backgroundColor = color.css('background-color');\n  var clickedPixelIndex = colorToPixelIndexMap[index];\n  cy.get('.pixel').eq(clickedPixelIndex).click();\n  cy.get('.pixel').eq(clickedPixelIndex - 1).should('not.have.css', 'background-color', backgroundColor);\n  cy.get('.pixel').eq(clickedPixelIndex + 1).should('not.have.css', 'background-color', backgroundColor);\n  cy.get('.pixel').eq(clickedPixelIndex - 5).should('not.have.css', 'background-color', backgroundColor);\n  cy.get('.pixel').eq(clickedPixelIndex + 5).should('not.have.css', 'background-color', backgroundColor);\n  cy.get('.pixel').eq(clickedPixelIndex - 6).should('not.have.css', 'background-color', backgroundColor);\n  cy.get('.pixel').eq(clickedPixelIndex - 4).should('not.have.css', 'background-color', backgroundColor);\n  cy.get('.pixel').eq(clickedPixelIndex + 4).should('not.have.css', 'background-color', backgroundColor);\n  cy.get('.pixel').eq(clickedPixelIndex + 6).should('not.have.css', 'background-color', backgroundColor);\n});",
              "err": {},
              "uuid": "1411cf1c-61e9-4d3a-92f1-5a7b08c28a76",
              "parentUUID": "14753805-0c95-43e8-8b3a-472713a6f42d",
              "isHook": false,
              "skipped": false
            }
          ],
          "suites": [],
          "passes": [
            "c5272ec5-303a-47b1-ae25-469efdf4bdfc",
            "74903a31-1a90-4954-bb74-497c9c1ba302",
            "1411cf1c-61e9-4d3a-92f1-5a7b08c28a76"
          ],
          "failures": [],
          "pending": [],
          "skipped": [],
          "duration": 14358,
          "root": false,
          "rootEmpty": false,
          "_timeout": 2000
        },
        {
          "uuid": "1e60917a-056b-4afb-b088-809a13ecbb6d",
          "title": "9 - Crie um botão que, ao ser clicado, limpa o quadro preenchendo a cor de todos seus pixels com branco.",
          "fullFile": "",
          "file": "",
          "beforeHooks": [],
          "afterHooks": [],
          "tests": [
            {
              "title": "Verifica se o botão tem o `id` denominado `clear-board`",
              "fullTitle": "9 - Crie um botão que, ao ser clicado, limpa o quadro preenchendo a cor de todos seus pixels com branco. Verifica se o botão tem o `id` denominado `clear-board`",
              "timedOut": null,
              "duration": 4631,
              "state": "failed",
              "speed": null,
              "pass": false,
              "fail": true,
              "pending": false,
              "context": null,
              "code": "cy.get('#clear-board').should('be.visible');",
              "err": {
                "message": "CypressError: Timed out retrying: Expected to find element: '#clear-board', but never found it.",
                "estack": "CypressError: Timed out retrying: Expected to find element: '#clear-board', but never found it.\n    at cypressErr (http://localhost:41811/__cypress/runner/cypress_runner.js:149934:9)\n    at throwErr (http://localhost:41811/__cypress/runner/cypress_runner.js:149867:11)\n    at Object.throwErrByPath (http://localhost:41811/__cypress/runner/cypress_runner.js:149915:3)\n    at retry (http://localhost:41811/__cypress/runner/cypress_runner.js:144197:19)\n    at onFailFn (http://localhost:41811/__cypress/runner/cypress_runner.js:132448:16)\n    at tryCatcher (http://localhost:41811/__cypress/runner/cypress_runner.js:167415:23)\n    at Promise._settlePromiseFromHandler (http://localhost:41811/__cypress/runner/cypress_runner.js:165351:31)\n    at Promise._settlePromise (http://localhost:41811/__cypress/runner/cypress_runner.js:165408:18)\n    at Promise._settlePromise0 (http://localhost:41811/__cypress/runner/cypress_runner.js:165453:10)\n    at Promise._settlePromises (http://localhost:41811/__cypress/runner/cypress_runner.js:165528:18)\n    at Async../node_modules/bluebird/js/release/async.js.Async._drainQueue (http://localhost:41811/__cypress/runner/cypress_runner.js:162140:16)\n    at Async../node_modules/bluebird/js/release/async.js.Async._drainQueues (http://localhost:41811/__cypress/runner/cypress_runner.js:162150:10)\n    at Async.drainQueues (http://localhost:41811/__cypress/runner/cypress_runner.js:162024:14)",
                "diff": null
              },
              "uuid": "a1103ba6-53ea-4a0c-90ed-cd55e16e3228",
              "parentUUID": "1e60917a-056b-4afb-b088-809a13ecbb6d",
              "isHook": false,
              "skipped": false
            },
            {
              "title": "Verifica se o botão está posicionado entre a paleta de cores e o quadro de pixels",
              "fullTitle": "9 - Crie um botão que, ao ser clicado, limpa o quadro preenchendo a cor de todos seus pixels com branco. Verifica se o botão está posicionado entre a paleta de cores e o quadro de pixels",
              "timedOut": null,
              "duration": 4631,
              "state": "failed",
              "speed": null,
              "pass": false,
              "fail": true,
              "pending": false,
              "context": null,
              "code": "cy.get('#color-palette').then(function (palette) {\n  cy.get('#clear-board').should('be.belowOf', palette);\n});\ncy.get('#clear-board').then(function (clearBtn) {\n  cy.get('#pixel-board').should('be.belowOf', clearBtn);\n});",
              "err": {
                "message": "CypressError: Timed out retrying: Expected to find element: '#clear-board', but never found it.",
                "estack": "CypressError: Timed out retrying: Expected to find element: '#clear-board', but never found it.\n    at cypressErr (http://localhost:41811/__cypress/runner/cypress_runner.js:149934:9)\n    at throwErr (http://localhost:41811/__cypress/runner/cypress_runner.js:149867:11)\n    at Object.throwErrByPath (http://localhost:41811/__cypress/runner/cypress_runner.js:149915:3)\n    at retry (http://localhost:41811/__cypress/runner/cypress_runner.js:144197:19)\n    at onFailFn (http://localhost:41811/__cypress/runner/cypress_runner.js:132448:16)\n    at tryCatcher (http://localhost:41811/__cypress/runner/cypress_runner.js:167415:23)\n    at Promise._settlePromiseFromHandler (http://localhost:41811/__cypress/runner/cypress_runner.js:165351:31)\n    at Promise._settlePromise (http://localhost:41811/__cypress/runner/cypress_runner.js:165408:18)\n    at Promise._settlePromise0 (http://localhost:41811/__cypress/runner/cypress_runner.js:165453:10)\n    at Promise._settlePromises (http://localhost:41811/__cypress/runner/cypress_runner.js:165528:18)\n    at Async../node_modules/bluebird/js/release/async.js.Async._drainQueue (http://localhost:41811/__cypress/runner/cypress_runner.js:162140:16)\n    at Async../node_modules/bluebird/js/release/async.js.Async._drainQueues (http://localhost:41811/__cypress/runner/cypress_runner.js:162150:10)\n    at Async.drainQueues (http://localhost:41811/__cypress/runner/cypress_runner.js:162024:14)",
                "diff": null
              },
              "uuid": "05db0d69-9b2b-4681-be88-c02f79c51e67",
              "parentUUID": "1e60917a-056b-4afb-b088-809a13ecbb6d",
              "isHook": false,
              "skipped": false
            },
            {
              "title": "Verifica se o texto do botão é 'Limpar'",
              "fullTitle": "9 - Crie um botão que, ao ser clicado, limpa o quadro preenchendo a cor de todos seus pixels com branco. Verifica se o texto do botão é 'Limpar'",
              "timedOut": null,
              "duration": 4866,
              "state": "failed",
              "speed": null,
              "pass": false,
              "fail": true,
              "pending": false,
              "context": null,
              "code": "cy.get('#clear-board').should('contain.text', 'Limpar');",
              "err": {
                "message": "CypressError: Timed out retrying: Expected to find element: '#clear-board', but never found it.",
                "estack": "CypressError: Timed out retrying: Expected to find element: '#clear-board', but never found it.\n    at cypressErr (http://localhost:41811/__cypress/runner/cypress_runner.js:149934:9)\n    at throwErr (http://localhost:41811/__cypress/runner/cypress_runner.js:149867:11)\n    at Object.throwErrByPath (http://localhost:41811/__cypress/runner/cypress_runner.js:149915:3)\n    at retry (http://localhost:41811/__cypress/runner/cypress_runner.js:144197:19)\n    at onFailFn (http://localhost:41811/__cypress/runner/cypress_runner.js:132448:16)\n    at tryCatcher (http://localhost:41811/__cypress/runner/cypress_runner.js:167415:23)\n    at Promise._settlePromiseFromHandler (http://localhost:41811/__cypress/runner/cypress_runner.js:165351:31)\n    at Promise._settlePromise (http://localhost:41811/__cypress/runner/cypress_runner.js:165408:18)\n    at Promise._settlePromise0 (http://localhost:41811/__cypress/runner/cypress_runner.js:165453:10)\n    at Promise._settlePromises (http://localhost:41811/__cypress/runner/cypress_runner.js:165528:18)\n    at Async../node_modules/bluebird/js/release/async.js.Async._drainQueue (http://localhost:41811/__cypress/runner/cypress_runner.js:162140:16)\n    at Async../node_modules/bluebird/js/release/async.js.Async._drainQueues (http://localhost:41811/__cypress/runner/cypress_runner.js:162150:10)\n    at Async.drainQueues (http://localhost:41811/__cypress/runner/cypress_runner.js:162024:14)",
                "diff": null
              },
              "uuid": "498e108a-0f50-46a6-a79a-8a4f4e064ddc",
              "parentUUID": "1e60917a-056b-4afb-b088-809a13ecbb6d",
              "isHook": false,
              "skipped": false
            },
            {
              "title": "Verifica se ao clicar no botão, o quadro de pixels é totalmente preenchido de branco",
              "fullTitle": "9 - Crie um botão que, ao ser clicado, limpa o quadro preenchendo a cor de todos seus pixels com branco. Verifica se ao clicar no botão, o quadro de pixels é totalmente preenchido de branco",
              "timedOut": null,
              "duration": 7321,
              "state": "failed",
              "speed": null,
              "pass": false,
              "fail": true,
              "pending": false,
              "context": null,
              "code": "cy.get('.color').eq(1).then(function (color) {\n  var backgroundColor = color.css('background-color');\n  cy.wrap(color).click();\n  cy.get('.pixel').each(function (pixel) {\n    cy.wrap(pixel).click().should('have.css', 'background-color', backgroundColor);\n  });\n});\ncy.get('#clear-board').click();\ncy.get('.pixel').each(function (pixel) {\n  cy.wrap(pixel).should('have.css', 'background-color', WHITE);\n});",
              "err": {
                "message": "CypressError: Timed out retrying: Expected to find element: '#clear-board', but never found it.",
                "estack": "CypressError: Timed out retrying: Expected to find element: '#clear-board', but never found it.\n    at cypressErr (http://localhost:41811/__cypress/runner/cypress_runner.js:149934:9)\n    at throwErr (http://localhost:41811/__cypress/runner/cypress_runner.js:149867:11)\n    at Object.throwErrByPath (http://localhost:41811/__cypress/runner/cypress_runner.js:149915:3)\n    at retry (http://localhost:41811/__cypress/runner/cypress_runner.js:144197:19)\n    at onFailFn (http://localhost:41811/__cypress/runner/cypress_runner.js:132448:16)\n    at tryCatcher (http://localhost:41811/__cypress/runner/cypress_runner.js:167415:23)\n    at Promise._settlePromiseFromHandler (http://localhost:41811/__cypress/runner/cypress_runner.js:165351:31)\n    at Promise._settlePromise (http://localhost:41811/__cypress/runner/cypress_runner.js:165408:18)\n    at Promise._settlePromise0 (http://localhost:41811/__cypress/runner/cypress_runner.js:165453:10)\n    at Promise._settlePromises (http://localhost:41811/__cypress/runner/cypress_runner.js:165528:18)\n    at Async../node_modules/bluebird/js/release/async.js.Async._drainQueue (http://localhost:41811/__cypress/runner/cypress_runner.js:162140:16)\n    at Async../node_modules/bluebird/js/release/async.js.Async._drainQueues (http://localhost:41811/__cypress/runner/cypress_runner.js:162150:10)\n    at Async.drainQueues (http://localhost:41811/__cypress/runner/cypress_runner.js:162024:14)",
                "diff": null
              },
              "uuid": "1a1ec569-0fe8-432f-868c-da5265c7eb81",
              "parentUUID": "1e60917a-056b-4afb-b088-809a13ecbb6d",
              "isHook": false,
              "skipped": false
            }
          ],
          "suites": [],
          "passes": [],
          "failures": [
            "a1103ba6-53ea-4a0c-90ed-cd55e16e3228",
            "05db0d69-9b2b-4681-be88-c02f79c51e67",
            "498e108a-0f50-46a6-a79a-8a4f4e064ddc",
            "1a1ec569-0fe8-432f-868c-da5265c7eb81"
          ],
          "pending": [],
          "skipped": [],
          "duration": 21449,
          "root": false,
          "rootEmpty": false,
          "_timeout": 2000
        },
        {
          "uuid": "c65a30e1-daf8-4214-82e4-ab3fc6925d9f",
          "title": "10 - Faça o quadro de pixels ter seu tamanho definido pelo usuário.",
          "fullFile": "",
          "file": "",
          "beforeHooks": [],
          "afterHooks": [],
          "tests": [
            {
              "title": "Verifica se existe um input com o id `board-size`",
              "fullTitle": "10 - Faça o quadro de pixels ter seu tamanho definido pelo usuário. Verifica se existe um input com o id `board-size`",
              "timedOut": null,
              "duration": 4852,
              "state": "failed",
              "speed": null,
              "pass": false,
              "fail": true,
              "pending": false,
              "context": null,
              "code": "cy.get('#board-size').should('be.visible');",
              "err": {
                "message": "CypressError: Timed out retrying: Expected to find element: '#board-size', but never found it.",
                "estack": "CypressError: Timed out retrying: Expected to find element: '#board-size', but never found it.\n    at cypressErr (http://localhost:41811/__cypress/runner/cypress_runner.js:149934:9)\n    at throwErr (http://localhost:41811/__cypress/runner/cypress_runner.js:149867:11)\n    at Object.throwErrByPath (http://localhost:41811/__cypress/runner/cypress_runner.js:149915:3)\n    at retry (http://localhost:41811/__cypress/runner/cypress_runner.js:144197:19)\n    at onFailFn (http://localhost:41811/__cypress/runner/cypress_runner.js:132448:16)\n    at tryCatcher (http://localhost:41811/__cypress/runner/cypress_runner.js:167415:23)\n    at Promise._settlePromiseFromHandler (http://localhost:41811/__cypress/runner/cypress_runner.js:165351:31)\n    at Promise._settlePromise (http://localhost:41811/__cypress/runner/cypress_runner.js:165408:18)\n    at Promise._settlePromise0 (http://localhost:41811/__cypress/runner/cypress_runner.js:165453:10)\n    at Promise._settlePromises (http://localhost:41811/__cypress/runner/cypress_runner.js:165528:18)\n    at Async../node_modules/bluebird/js/release/async.js.Async._drainQueue (http://localhost:41811/__cypress/runner/cypress_runner.js:162140:16)\n    at Async../node_modules/bluebird/js/release/async.js.Async._drainQueues (http://localhost:41811/__cypress/runner/cypress_runner.js:162150:10)\n    at Async.drainQueues (http://localhost:41811/__cypress/runner/cypress_runner.js:162024:14)",
                "diff": null
              },
              "uuid": "5b19e302-377d-4664-9581-c8942a6cb70c",
              "parentUUID": "c65a30e1-daf8-4214-82e4-ab3fc6925d9f",
              "isHook": false,
              "skipped": false
            },
            {
              "title": "Verifica se existe um botão com o id `generate-board`",
              "fullTitle": "10 - Faça o quadro de pixels ter seu tamanho definido pelo usuário. Verifica se existe um botão com o id `generate-board`",
              "timedOut": null,
              "duration": 4957,
              "state": "failed",
              "speed": null,
              "pass": false,
              "fail": true,
              "pending": false,
              "context": null,
              "code": "cy.get('#generate-board').should('be.visible');",
              "err": {
                "message": "CypressError: Timed out retrying: Expected to find element: '#generate-board', but never found it.",
                "estack": "CypressError: Timed out retrying: Expected to find element: '#generate-board', but never found it.\n    at cypressErr (http://localhost:41811/__cypress/runner/cypress_runner.js:149934:9)\n    at throwErr (http://localhost:41811/__cypress/runner/cypress_runner.js:149867:11)\n    at Object.throwErrByPath (http://localhost:41811/__cypress/runner/cypress_runner.js:149915:3)\n    at retry (http://localhost:41811/__cypress/runner/cypress_runner.js:144197:19)\n    at onFailFn (http://localhost:41811/__cypress/runner/cypress_runner.js:132448:16)\n    at tryCatcher (http://localhost:41811/__cypress/runner/cypress_runner.js:167415:23)\n    at Promise._settlePromiseFromHandler (http://localhost:41811/__cypress/runner/cypress_runner.js:165351:31)\n    at Promise._settlePromise (http://localhost:41811/__cypress/runner/cypress_runner.js:165408:18)\n    at Promise._settlePromise0 (http://localhost:41811/__cypress/runner/cypress_runner.js:165453:10)\n    at Promise._settlePromises (http://localhost:41811/__cypress/runner/cypress_runner.js:165528:18)\n    at Async../node_modules/bluebird/js/release/async.js.Async._drainQueue (http://localhost:41811/__cypress/runner/cypress_runner.js:162140:16)\n    at Async../node_modules/bluebird/js/release/async.js.Async._drainQueues (http://localhost:41811/__cypress/runner/cypress_runner.js:162150:10)\n    at Async.drainQueues (http://localhost:41811/__cypress/runner/cypress_runner.js:162024:14)",
                "diff": null
              },
              "uuid": "5c988d98-2127-41f7-b3f2-a9f232aa9f67",
              "parentUUID": "c65a30e1-daf8-4214-82e4-ab3fc6925d9f",
              "isHook": false,
              "skipped": false
            },
            {
              "title": "Verifica se o input só aceita número maiores que zero. Essa restrição deve ser feita usando os atributos do elemento `input`",
              "fullTitle": "10 - Faça o quadro de pixels ter seu tamanho definido pelo usuário. Verifica se o input só aceita número maiores que zero. Essa restrição deve ser feita usando os atributos do elemento `input`",
              "timedOut": null,
              "duration": 5101,
              "state": "failed",
              "speed": null,
              "pass": false,
              "fail": true,
              "pending": false,
              "context": null,
              "code": "cy.get('#board-size[type=\\'number\\'][min=\\'1\\']');",
              "err": {
                "message": "CypressError: Timed out retrying: Expected to find element: '#board-size[type='number'][min='1']', but never found it.",
                "estack": "CypressError: Timed out retrying: Expected to find element: '#board-size[type='number'][min='1']', but never found it.\n    at cypressErr (http://localhost:41811/__cypress/runner/cypress_runner.js:149934:9)\n    at throwErr (http://localhost:41811/__cypress/runner/cypress_runner.js:149867:11)\n    at Object.throwErrByPath (http://localhost:41811/__cypress/runner/cypress_runner.js:149915:3)\n    at retry (http://localhost:41811/__cypress/runner/cypress_runner.js:144197:19)\n    at onFailFn (http://localhost:41811/__cypress/runner/cypress_runner.js:132448:16)\n    at tryCatcher (http://localhost:41811/__cypress/runner/cypress_runner.js:167415:23)\n    at Promise._settlePromiseFromHandler (http://localhost:41811/__cypress/runner/cypress_runner.js:165351:31)\n    at Promise._settlePromise (http://localhost:41811/__cypress/runner/cypress_runner.js:165408:18)\n    at Promise._settlePromise0 (http://localhost:41811/__cypress/runner/cypress_runner.js:165453:10)\n    at Promise._settlePromises (http://localhost:41811/__cypress/runner/cypress_runner.js:165528:18)\n    at Async../node_modules/bluebird/js/release/async.js.Async._drainQueue (http://localhost:41811/__cypress/runner/cypress_runner.js:162140:16)\n    at Async../node_modules/bluebird/js/release/async.js.Async._drainQueues (http://localhost:41811/__cypress/runner/cypress_runner.js:162150:10)\n    at Async.drainQueues (http://localhost:41811/__cypress/runner/cypress_runner.js:162024:14)",
                "diff": null
              },
              "uuid": "913ce14b-2195-4fd0-bda8-92d6e359c1af",
              "parentUUID": "c65a30e1-daf8-4214-82e4-ab3fc6925d9f",
              "isHook": false,
              "skipped": false
            },
            {
              "title": "Verifica se o botão contém o texto 'VQV'",
              "fullTitle": "10 - Faça o quadro de pixels ter seu tamanho definido pelo usuário. Verifica se o botão contém o texto 'VQV'",
              "timedOut": null,
              "duration": 4830,
              "state": "failed",
              "speed": null,
              "pass": false,
              "fail": true,
              "pending": false,
              "context": null,
              "code": "cy.get('#generate-board').contains(/vqv/i);",
              "err": {
                "message": "CypressError: Timed out retrying: Expected to find element: '#generate-board', but never found it.",
                "estack": "CypressError: Timed out retrying: Expected to find element: '#generate-board', but never found it.\n    at cypressErr (http://localhost:41811/__cypress/runner/cypress_runner.js:149934:9)\n    at throwErr (http://localhost:41811/__cypress/runner/cypress_runner.js:149867:11)\n    at Object.throwErrByPath (http://localhost:41811/__cypress/runner/cypress_runner.js:149915:3)\n    at retry (http://localhost:41811/__cypress/runner/cypress_runner.js:144197:19)\n    at onFailFn (http://localhost:41811/__cypress/runner/cypress_runner.js:132448:16)\n    at tryCatcher (http://localhost:41811/__cypress/runner/cypress_runner.js:167415:23)\n    at Promise._settlePromiseFromHandler (http://localhost:41811/__cypress/runner/cypress_runner.js:165351:31)\n    at Promise._settlePromise (http://localhost:41811/__cypress/runner/cypress_runner.js:165408:18)\n    at Promise._settlePromise0 (http://localhost:41811/__cypress/runner/cypress_runner.js:165453:10)\n    at Promise._settlePromises (http://localhost:41811/__cypress/runner/cypress_runner.js:165528:18)\n    at Async../node_modules/bluebird/js/release/async.js.Async._drainQueue (http://localhost:41811/__cypress/runner/cypress_runner.js:162140:16)\n    at Async../node_modules/bluebird/js/release/async.js.Async._drainQueues (http://localhost:41811/__cypress/runner/cypress_runner.js:162150:10)\n    at Async.drainQueues (http://localhost:41811/__cypress/runner/cypress_runner.js:162024:14)",
                "diff": null
              },
              "uuid": "06e6fee4-8c7f-46f6-94b8-7054b67e5b95",
              "parentUUID": "c65a30e1-daf8-4214-82e4-ab3fc6925d9f",
              "isHook": false,
              "skipped": false
            },
            {
              "title": "Verifica se o input está posicionado entre a paleta de cores e o quadro de pixels",
              "fullTitle": "10 - Faça o quadro de pixels ter seu tamanho definido pelo usuário. Verifica se o input está posicionado entre a paleta de cores e o quadro de pixels",
              "timedOut": null,
              "duration": 4924,
              "state": "failed",
              "speed": null,
              "pass": false,
              "fail": true,
              "pending": false,
              "context": null,
              "code": "cy.get('#color-palette').then(function (palette) {\n  cy.get('#board-size').should('be.belowOf', palette);\n});\ncy.get('#board-size').then(function (palette) {\n  cy.get('#pixel-board').should('be.belowOf', palette);\n});",
              "err": {
                "message": "CypressError: Timed out retrying: Expected to find element: '#board-size', but never found it.",
                "estack": "CypressError: Timed out retrying: Expected to find element: '#board-size', but never found it.\n    at cypressErr (http://localhost:41811/__cypress/runner/cypress_runner.js:149934:9)\n    at throwErr (http://localhost:41811/__cypress/runner/cypress_runner.js:149867:11)\n    at Object.throwErrByPath (http://localhost:41811/__cypress/runner/cypress_runner.js:149915:3)\n    at retry (http://localhost:41811/__cypress/runner/cypress_runner.js:144197:19)\n    at onFailFn (http://localhost:41811/__cypress/runner/cypress_runner.js:132448:16)\n    at tryCatcher (http://localhost:41811/__cypress/runner/cypress_runner.js:167415:23)\n    at Promise._settlePromiseFromHandler (http://localhost:41811/__cypress/runner/cypress_runner.js:165351:31)\n    at Promise._settlePromise (http://localhost:41811/__cypress/runner/cypress_runner.js:165408:18)\n    at Promise._settlePromise0 (http://localhost:41811/__cypress/runner/cypress_runner.js:165453:10)\n    at Promise._settlePromises (http://localhost:41811/__cypress/runner/cypress_runner.js:165528:18)\n    at Async../node_modules/bluebird/js/release/async.js.Async._drainQueue (http://localhost:41811/__cypress/runner/cypress_runner.js:162140:16)\n    at Async../node_modules/bluebird/js/release/async.js.Async._drainQueues (http://localhost:41811/__cypress/runner/cypress_runner.js:162150:10)\n    at Async.drainQueues (http://localhost:41811/__cypress/runner/cypress_runner.js:162024:14)",
                "diff": null
              },
              "uuid": "4b3d3bac-b5ac-43aa-9f7d-53194fcf3066",
              "parentUUID": "c65a30e1-daf8-4214-82e4-ab3fc6925d9f",
              "isHook": false,
              "skipped": false
            },
            {
              "title": "Verifica se o botão está posicionado ao lado do input",
              "fullTitle": "10 - Faça o quadro de pixels ter seu tamanho definido pelo usuário. Verifica se o botão está posicionado ao lado do input",
              "timedOut": null,
              "duration": 4910,
              "state": "failed",
              "speed": null,
              "pass": false,
              "fail": true,
              "pending": false,
              "context": null,
              "code": "cy.get('#board-size').then(function (board) {\n  cy.get('#generate-board').should('be.onTheRightOf', board);\n});",
              "err": {
                "message": "CypressError: Timed out retrying: Expected to find element: '#board-size', but never found it.",
                "estack": "CypressError: Timed out retrying: Expected to find element: '#board-size', but never found it.\n    at cypressErr (http://localhost:41811/__cypress/runner/cypress_runner.js:149934:9)\n    at throwErr (http://localhost:41811/__cypress/runner/cypress_runner.js:149867:11)\n    at Object.throwErrByPath (http://localhost:41811/__cypress/runner/cypress_runner.js:149915:3)\n    at retry (http://localhost:41811/__cypress/runner/cypress_runner.js:144197:19)\n    at onFailFn (http://localhost:41811/__cypress/runner/cypress_runner.js:132448:16)\n    at tryCatcher (http://localhost:41811/__cypress/runner/cypress_runner.js:167415:23)\n    at Promise._settlePromiseFromHandler (http://localhost:41811/__cypress/runner/cypress_runner.js:165351:31)\n    at Promise._settlePromise (http://localhost:41811/__cypress/runner/cypress_runner.js:165408:18)\n    at Promise._settlePromise0 (http://localhost:41811/__cypress/runner/cypress_runner.js:165453:10)\n    at Promise._settlePromises (http://localhost:41811/__cypress/runner/cypress_runner.js:165528:18)\n    at Async../node_modules/bluebird/js/release/async.js.Async._drainQueue (http://localhost:41811/__cypress/runner/cypress_runner.js:162140:16)\n    at Async../node_modules/bluebird/js/release/async.js.Async._drainQueues (http://localhost:41811/__cypress/runner/cypress_runner.js:162150:10)\n    at Async.drainQueues (http://localhost:41811/__cypress/runner/cypress_runner.js:162024:14)",
                "diff": null
              },
              "uuid": "9c96b315-9619-4c29-b60a-04ffe7be78ab",
              "parentUUID": "c65a30e1-daf8-4214-82e4-ab3fc6925d9f",
              "isHook": false,
              "skipped": false
            },
            {
              "title": "Verifica se nenhum valor for colocado no input ao clicar no botão, um `alert` é exibido com o texto: 'Board inválido!'",
              "fullTitle": "10 - Faça o quadro de pixels ter seu tamanho definido pelo usuário. Verifica se nenhum valor for colocado no input ao clicar no botão, um `alert` é exibido com o texto: 'Board inválido!'",
              "timedOut": null,
              "duration": 5044,
              "state": "failed",
              "speed": null,
              "pass": false,
              "fail": true,
              "pending": false,
              "context": null,
              "code": "var alerted = false;\ncy.on('window:alert', function (msg) {\n  return alerted = msg;\n});\ncy.get('#generate-board').click().then(function () {\n  return expect(alerted).to.match(/Board inválido!/i);\n});",
              "err": {
                "message": "CypressError: Timed out retrying: Expected to find element: '#generate-board', but never found it.",
                "estack": "CypressError: Timed out retrying: Expected to find element: '#generate-board', but never found it.\n    at cypressErr (http://localhost:41811/__cypress/runner/cypress_runner.js:149934:9)\n    at throwErr (http://localhost:41811/__cypress/runner/cypress_runner.js:149867:11)\n    at Object.throwErrByPath (http://localhost:41811/__cypress/runner/cypress_runner.js:149915:3)\n    at retry (http://localhost:41811/__cypress/runner/cypress_runner.js:144197:19)\n    at onFailFn (http://localhost:41811/__cypress/runner/cypress_runner.js:132448:16)\n    at tryCatcher (http://localhost:41811/__cypress/runner/cypress_runner.js:167415:23)\n    at Promise._settlePromiseFromHandler (http://localhost:41811/__cypress/runner/cypress_runner.js:165351:31)\n    at Promise._settlePromise (http://localhost:41811/__cypress/runner/cypress_runner.js:165408:18)\n    at Promise._settlePromise0 (http://localhost:41811/__cypress/runner/cypress_runner.js:165453:10)\n    at Promise._settlePromises (http://localhost:41811/__cypress/runner/cypress_runner.js:165528:18)\n    at Async../node_modules/bluebird/js/release/async.js.Async._drainQueue (http://localhost:41811/__cypress/runner/cypress_runner.js:162140:16)\n    at Async../node_modules/bluebird/js/release/async.js.Async._drainQueues (http://localhost:41811/__cypress/runner/cypress_runner.js:162150:10)\n    at Async.drainQueues (http://localhost:41811/__cypress/runner/cypress_runner.js:162024:14)",
                "diff": null
              },
              "uuid": "51f5294c-7b6f-49a8-9b9a-cf5362750a7d",
              "parentUUID": "c65a30e1-daf8-4214-82e4-ab3fc6925d9f",
              "isHook": false,
              "skipped": false
            },
            {
              "title": "Verifica se ao clicar no botão com um valor preenchido, o tamanho do board muda.",
              "fullTitle": "10 - Faça o quadro de pixels ter seu tamanho definido pelo usuário. Verifica se ao clicar no botão com um valor preenchido, o tamanho do board muda.",
              "timedOut": null,
              "duration": 4971,
              "state": "failed",
              "speed": null,
              "pass": false,
              "fail": true,
              "pending": false,
              "context": null,
              "code": "cy.get('#board-size').clear().type(10);\ncy.get('#generate-board').click();\ncy.get('.pixel').should('have.length', 100);",
              "err": {
                "message": "CypressError: Timed out retrying: Expected to find element: '#board-size', but never found it.",
                "estack": "CypressError: Timed out retrying: Expected to find element: '#board-size', but never found it.\n    at cypressErr (http://localhost:41811/__cypress/runner/cypress_runner.js:149934:9)\n    at throwErr (http://localhost:41811/__cypress/runner/cypress_runner.js:149867:11)\n    at Object.throwErrByPath (http://localhost:41811/__cypress/runner/cypress_runner.js:149915:3)\n    at retry (http://localhost:41811/__cypress/runner/cypress_runner.js:144197:19)\n    at onFailFn (http://localhost:41811/__cypress/runner/cypress_runner.js:132448:16)\n    at tryCatcher (http://localhost:41811/__cypress/runner/cypress_runner.js:167415:23)\n    at Promise._settlePromiseFromHandler (http://localhost:41811/__cypress/runner/cypress_runner.js:165351:31)\n    at Promise._settlePromise (http://localhost:41811/__cypress/runner/cypress_runner.js:165408:18)\n    at Promise._settlePromise0 (http://localhost:41811/__cypress/runner/cypress_runner.js:165453:10)\n    at Promise._settlePromises (http://localhost:41811/__cypress/runner/cypress_runner.js:165528:18)\n    at Async../node_modules/bluebird/js/release/async.js.Async._drainQueue (http://localhost:41811/__cypress/runner/cypress_runner.js:162140:16)\n    at Async../node_modules/bluebird/js/release/async.js.Async._drainQueues (http://localhost:41811/__cypress/runner/cypress_runner.js:162150:10)\n    at Async.drainQueues (http://localhost:41811/__cypress/runner/cypress_runner.js:162024:14)",
                "diff": null
              },
              "uuid": "a12656cf-4ea9-4895-93fc-0fc89b0092d4",
              "parentUUID": "c65a30e1-daf8-4214-82e4-ab3fc6925d9f",
              "isHook": false,
              "skipped": false
            },
            {
              "title": "Verifica se o novo quadro tem todos os pixels preenchidos com a cor branca",
              "fullTitle": "10 - Faça o quadro de pixels ter seu tamanho definido pelo usuário. Verifica se o novo quadro tem todos os pixels preenchidos com a cor branca",
              "timedOut": null,
              "duration": 4959,
              "state": "failed",
              "speed": null,
              "pass": false,
              "fail": true,
              "pending": false,
              "context": null,
              "code": "cy.get('#board-size').clear().type(6);\ncy.get('#generate-board').click();\ncy.get('.pixel').should('have.length', 36).each(function (pixel) {\n  expect(pixel).to.have.css('background-color', WHITE);\n});",
              "err": {
                "message": "CypressError: Timed out retrying: Expected to find element: '#board-size', but never found it.",
                "estack": "CypressError: Timed out retrying: Expected to find element: '#board-size', but never found it.\n    at cypressErr (http://localhost:41811/__cypress/runner/cypress_runner.js:149934:9)\n    at throwErr (http://localhost:41811/__cypress/runner/cypress_runner.js:149867:11)\n    at Object.throwErrByPath (http://localhost:41811/__cypress/runner/cypress_runner.js:149915:3)\n    at retry (http://localhost:41811/__cypress/runner/cypress_runner.js:144197:19)\n    at onFailFn (http://localhost:41811/__cypress/runner/cypress_runner.js:132448:16)\n    at tryCatcher (http://localhost:41811/__cypress/runner/cypress_runner.js:167415:23)\n    at Promise._settlePromiseFromHandler (http://localhost:41811/__cypress/runner/cypress_runner.js:165351:31)\n    at Promise._settlePromise (http://localhost:41811/__cypress/runner/cypress_runner.js:165408:18)\n    at Promise._settlePromise0 (http://localhost:41811/__cypress/runner/cypress_runner.js:165453:10)\n    at Promise._settlePromises (http://localhost:41811/__cypress/runner/cypress_runner.js:165528:18)\n    at Async../node_modules/bluebird/js/release/async.js.Async._drainQueue (http://localhost:41811/__cypress/runner/cypress_runner.js:162140:16)\n    at Async../node_modules/bluebird/js/release/async.js.Async._drainQueues (http://localhost:41811/__cypress/runner/cypress_runner.js:162150:10)\n    at Async.drainQueues (http://localhost:41811/__cypress/runner/cypress_runner.js:162024:14)",
                "diff": null
              },
              "uuid": "8a53350d-e62a-49dd-aad0-1db255c1ab81",
              "parentUUID": "c65a30e1-daf8-4214-82e4-ab3fc6925d9f",
              "isHook": false,
              "skipped": false
            }
          ],
          "suites": [],
          "passes": [],
          "failures": [
            "5b19e302-377d-4664-9581-c8942a6cb70c",
            "5c988d98-2127-41f7-b3f2-a9f232aa9f67",
            "913ce14b-2195-4fd0-bda8-92d6e359c1af",
            "06e6fee4-8c7f-46f6-94b8-7054b67e5b95",
            "4b3d3bac-b5ac-43aa-9f7d-53194fcf3066",
            "9c96b315-9619-4c29-b60a-04ffe7be78ab",
            "51f5294c-7b6f-49a8-9b9a-cf5362750a7d",
            "a12656cf-4ea9-4895-93fc-0fc89b0092d4",
            "8a53350d-e62a-49dd-aad0-1db255c1ab81"
          ],
          "pending": [],
          "skipped": [],
          "duration": 44548,
          "root": false,
          "rootEmpty": false,
          "_timeout": 2000
        },
        {
          "uuid": "02f6b89c-8df9-480a-8a10-4ad297d9b2dd",
          "title": "11 - Limite o tamanho mínimo e máximo do board.",
          "fullFile": "",
          "file": "",
          "beforeHooks": [],
          "afterHooks": [],
          "tests": [
            {
              "title": "Verifica se a altura máxima do board é 50",
              "fullTitle": "11 - Limite o tamanho mínimo e máximo do board. Verifica se a altura máxima do board é 50",
              "timedOut": null,
              "duration": 4715,
              "state": "failed",
              "speed": null,
              "pass": false,
              "fail": true,
              "pending": false,
              "context": null,
              "code": "cy.get('#board-size').clear().type(50);\ncy.get('#generate-board').click();\ncy.get('.pixel').should('have.length', 2500);",
              "err": {
                "message": "CypressError: Timed out retrying: Expected to find element: '#board-size', but never found it.",
                "estack": "CypressError: Timed out retrying: Expected to find element: '#board-size', but never found it.\n    at cypressErr (http://localhost:41811/__cypress/runner/cypress_runner.js:149934:9)\n    at throwErr (http://localhost:41811/__cypress/runner/cypress_runner.js:149867:11)\n    at Object.throwErrByPath (http://localhost:41811/__cypress/runner/cypress_runner.js:149915:3)\n    at retry (http://localhost:41811/__cypress/runner/cypress_runner.js:144197:19)\n    at onFailFn (http://localhost:41811/__cypress/runner/cypress_runner.js:132448:16)\n    at tryCatcher (http://localhost:41811/__cypress/runner/cypress_runner.js:167415:23)\n    at Promise._settlePromiseFromHandler (http://localhost:41811/__cypress/runner/cypress_runner.js:165351:31)\n    at Promise._settlePromise (http://localhost:41811/__cypress/runner/cypress_runner.js:165408:18)\n    at Promise._settlePromise0 (http://localhost:41811/__cypress/runner/cypress_runner.js:165453:10)\n    at Promise._settlePromises (http://localhost:41811/__cypress/runner/cypress_runner.js:165528:18)\n    at Async../node_modules/bluebird/js/release/async.js.Async._drainQueue (http://localhost:41811/__cypress/runner/cypress_runner.js:162140:16)\n    at Async../node_modules/bluebird/js/release/async.js.Async._drainQueues (http://localhost:41811/__cypress/runner/cypress_runner.js:162150:10)\n    at Async.drainQueues (http://localhost:41811/__cypress/runner/cypress_runner.js:162024:14)",
                "diff": null
              },
              "uuid": "adcb725e-bea9-49e3-b6e6-8d4c1a6bd190",
              "parentUUID": "02f6b89c-8df9-480a-8a10-4ad297d9b2dd",
              "isHook": false,
              "skipped": false
            },
            {
              "title": "Verifica se a altura do board é 5 quando um valor menor é colocado no input",
              "fullTitle": "11 - Limite o tamanho mínimo e máximo do board. Verifica se a altura do board é 5 quando um valor menor é colocado no input",
              "timedOut": null,
              "duration": 4996,
              "state": "failed",
              "speed": null,
              "pass": false,
              "fail": true,
              "pending": false,
              "context": null,
              "code": "cy.get('#board-size').clear().type(4);\ncy.get('#generate-board').click();\ncy.get('.pixel').should('have.length', 25);",
              "err": {
                "message": "CypressError: Timed out retrying: Expected to find element: '#board-size', but never found it.",
                "estack": "CypressError: Timed out retrying: Expected to find element: '#board-size', but never found it.\n    at cypressErr (http://localhost:41811/__cypress/runner/cypress_runner.js:149934:9)\n    at throwErr (http://localhost:41811/__cypress/runner/cypress_runner.js:149867:11)\n    at Object.throwErrByPath (http://localhost:41811/__cypress/runner/cypress_runner.js:149915:3)\n    at retry (http://localhost:41811/__cypress/runner/cypress_runner.js:144197:19)\n    at onFailFn (http://localhost:41811/__cypress/runner/cypress_runner.js:132448:16)\n    at tryCatcher (http://localhost:41811/__cypress/runner/cypress_runner.js:167415:23)\n    at Promise._settlePromiseFromHandler (http://localhost:41811/__cypress/runner/cypress_runner.js:165351:31)\n    at Promise._settlePromise (http://localhost:41811/__cypress/runner/cypress_runner.js:165408:18)\n    at Promise._settlePromise0 (http://localhost:41811/__cypress/runner/cypress_runner.js:165453:10)\n    at Promise._settlePromises (http://localhost:41811/__cypress/runner/cypress_runner.js:165528:18)\n    at Async../node_modules/bluebird/js/release/async.js.Async._drainQueue (http://localhost:41811/__cypress/runner/cypress_runner.js:162140:16)\n    at Async../node_modules/bluebird/js/release/async.js.Async._drainQueues (http://localhost:41811/__cypress/runner/cypress_runner.js:162150:10)\n    at Async.drainQueues (http://localhost:41811/__cypress/runner/cypress_runner.js:162024:14)",
                "diff": null
              },
              "uuid": "7d63f831-9b8e-440a-bf17-fb55d2523eea",
              "parentUUID": "02f6b89c-8df9-480a-8a10-4ad297d9b2dd",
              "isHook": false,
              "skipped": false
            },
            {
              "title": "Verifica se a altura do board é 50 quando um valor maior é colocado no input",
              "fullTitle": "11 - Limite o tamanho mínimo e máximo do board. Verifica se a altura do board é 50 quando um valor maior é colocado no input",
              "timedOut": null,
              "duration": 4854,
              "state": "failed",
              "speed": null,
              "pass": false,
              "fail": true,
              "pending": false,
              "context": null,
              "code": "cy.get('#board-size').clear().type(51);\ncy.get('#generate-board').click();\ncy.get('.pixel').should('have.length', 2500);",
              "err": {
                "message": "CypressError: Timed out retrying: Expected to find element: '#board-size', but never found it.",
                "estack": "CypressError: Timed out retrying: Expected to find element: '#board-size', but never found it.\n    at cypressErr (http://localhost:41811/__cypress/runner/cypress_runner.js:149934:9)\n    at throwErr (http://localhost:41811/__cypress/runner/cypress_runner.js:149867:11)\n    at Object.throwErrByPath (http://localhost:41811/__cypress/runner/cypress_runner.js:149915:3)\n    at retry (http://localhost:41811/__cypress/runner/cypress_runner.js:144197:19)\n    at onFailFn (http://localhost:41811/__cypress/runner/cypress_runner.js:132448:16)\n    at tryCatcher (http://localhost:41811/__cypress/runner/cypress_runner.js:167415:23)\n    at Promise._settlePromiseFromHandler (http://localhost:41811/__cypress/runner/cypress_runner.js:165351:31)\n    at Promise._settlePromise (http://localhost:41811/__cypress/runner/cypress_runner.js:165408:18)\n    at Promise._settlePromise0 (http://localhost:41811/__cypress/runner/cypress_runner.js:165453:10)\n    at Promise._settlePromises (http://localhost:41811/__cypress/runner/cypress_runner.js:165528:18)\n    at Async../node_modules/bluebird/js/release/async.js.Async._drainQueue (http://localhost:41811/__cypress/runner/cypress_runner.js:162140:16)\n    at Async../node_modules/bluebird/js/release/async.js.Async._drainQueues (http://localhost:41811/__cypress/runner/cypress_runner.js:162150:10)\n    at Async.drainQueues (http://localhost:41811/__cypress/runner/cypress_runner.js:162024:14)",
                "diff": null
              },
              "uuid": "05dd9ef2-91dd-4c0b-b940-04c8a9f63848",
              "parentUUID": "02f6b89c-8df9-480a-8a10-4ad297d9b2dd",
              "isHook": false,
              "skipped": false
            }
          ],
          "suites": [],
          "passes": [],
          "failures": [
            "adcb725e-bea9-49e3-b6e6-8d4c1a6bd190",
            "7d63f831-9b8e-440a-bf17-fb55d2523eea",
            "05dd9ef2-91dd-4c0b-b940-04c8a9f63848"
          ],
          "pending": [],
          "skipped": [],
          "duration": 14565,
          "root": false,
          "rootEmpty": false,
          "_timeout": 2000
        },
        {
          "uuid": "ed0f70ce-7452-46ce-a689-0fed26a22b0d",
          "title": "12 - Faça com que as cores da paleta sejam geradas aleatoriamente ao carregar a página.",
          "fullFile": "",
          "file": "",
          "beforeHooks": [],
          "afterHooks": [],
          "tests": [
            {
              "title": "Verifica se as cores geradas na paleta são diferentes a cada carregamento da página",
              "fullTitle": "12 - Faça com que as cores da paleta sejam geradas aleatoriamente ao carregar a página. Verifica se as cores geradas na paleta são diferentes a cada carregamento da página",
              "timedOut": null,
              "duration": 1238,
              "state": "failed",
              "speed": null,
              "pass": false,
              "fail": true,
              "pending": false,
              "context": null,
              "code": "cy.get('.color').then(function (colors) {\n  var currentColors;\n  var previousColors;\n  previousColors = Array.from(colors).map(function (color) {\n    return Cypress.$(color).css('background-color');\n  });\n  for (var i = 0; i < 5; i += 1) {\n    cy.reload();\n    cy.get('.color').then(function (colors) {\n      currentColors = Array.from(colors).map(function (color) {\n        return Cypress.$(color).css('background-color');\n      });\n      expect(currentColors).not.to.deep.equal(previousColors);\n      previousColors = currentColors;\n    });\n  }\n});",
              "err": {
                "message": "AssertionError: expected [ Array(4) ] to not deeply equal [ Array(4) ]",
                "estack": "AssertionError: expected [ Array(4) ] to not deeply equal [ Array(4) ]\n    at getRet (http://localhost:41811/__cypress/runner/cypress_runner.js:136585:16)\n    at tryCatcher (http://localhost:41811/__cypress/runner/cypress_runner.js:167415:23)\n    at Function.Promise.attempt.Promise.try (http://localhost:41811/__cypress/runner/cypress_runner.js:164690:29)\n    at Context.thenFn (http://localhost:41811/__cypress/runner/cypress_runner.js:136599:23)\n    at Context.then (http://localhost:41811/__cypress/runner/cypress_runner.js:136971:21)\n    at Context.<anonymous> (http://localhost:41811/__cypress/runner/cypress_runner.js:148875:21)\n    at http://localhost:41811/__cypress/runner/cypress_runner.js:148351:33\n    at tryCatcher (http://localhost:41811/__cypress/runner/cypress_runner.js:167415:23)\n    at Promise._settlePromiseFromHandler (http://localhost:41811/__cypress/runner/cypress_runner.js:165351:31)\n    at Promise._settlePromise (http://localhost:41811/__cypress/runner/cypress_runner.js:165408:18)\n    at Promise._settlePromiseCtx (http://localhost:41811/__cypress/runner/cypress_runner.js:165445:10)\n    at Async../node_modules/bluebird/js/release/async.js.Async._drainQueue (http://localhost:41811/__cypress/runner/cypress_runner.js:162145:12)\n    at Async../node_modules/bluebird/js/release/async.js.Async._drainQueues (http://localhost:41811/__cypress/runner/cypress_runner.js:162150:10)\n    at Async.drainQueues (http://localhost:41811/__cypress/runner/cypress_runner.js:162024:14)",
                "diff": ""
              },
              "uuid": "ed0b4bcf-496f-4666-8f44-9a2c2811ee82",
              "parentUUID": "ed0f70ce-7452-46ce-a689-0fed26a22b0d",
              "isHook": false,
              "skipped": false
            },
            {
              "title": "Verifica se a cor preta ainda está presente e é a primeira na sua paleta de cores",
              "fullTitle": "12 - Faça com que as cores da paleta sejam geradas aleatoriamente ao carregar a página. Verifica se a cor preta ainda está presente e é a primeira na sua paleta de cores",
              "timedOut": null,
              "duration": 1022,
              "state": "failed",
              "speed": null,
              "pass": false,
              "fail": true,
              "pending": false,
              "context": null,
              "code": "cy.get('.color').then(function (colors) {\n  var currentColors;\n  var previousColors;\n  previousColors = Array.from(colors).map(function (color) {\n    return Cypress.$(color).css('background-color');\n  });\n  expect(previousColors[0]).to.eq(BLACK);\n  for (var i = 0; i < 5; i += 1) {\n    cy.reload();\n    cy.get('.color').then(function (colors) {\n      currentColors = Array.from(colors).map(function (color) {\n        return Cypress.$(color).css('background-color');\n      });\n      expect(currentColors[0]).to.eq(BLACK);\n      expect(currentColors).not.to.deep.equal(previousColors);\n      previousColors = currentColors;\n    });\n  }\n});",
              "err": {
                "message": "AssertionError: expected [ Array(4) ] to not deeply equal [ Array(4) ]",
                "estack": "AssertionError: expected [ Array(4) ] to not deeply equal [ Array(4) ]\n    at getRet (http://localhost:41811/__cypress/runner/cypress_runner.js:136585:16)\n    at tryCatcher (http://localhost:41811/__cypress/runner/cypress_runner.js:167415:23)\n    at Function.Promise.attempt.Promise.try (http://localhost:41811/__cypress/runner/cypress_runner.js:164690:29)\n    at Context.thenFn (http://localhost:41811/__cypress/runner/cypress_runner.js:136599:23)\n    at Context.then (http://localhost:41811/__cypress/runner/cypress_runner.js:136971:21)\n    at Context.<anonymous> (http://localhost:41811/__cypress/runner/cypress_runner.js:148875:21)\n    at http://localhost:41811/__cypress/runner/cypress_runner.js:148351:33\n    at tryCatcher (http://localhost:41811/__cypress/runner/cypress_runner.js:167415:23)\n    at Promise._settlePromiseFromHandler (http://localhost:41811/__cypress/runner/cypress_runner.js:165351:31)\n    at Promise._settlePromise (http://localhost:41811/__cypress/runner/cypress_runner.js:165408:18)\n    at Promise._settlePromiseCtx (http://localhost:41811/__cypress/runner/cypress_runner.js:165445:10)\n    at Async../node_modules/bluebird/js/release/async.js.Async._drainQueue (http://localhost:41811/__cypress/runner/cypress_runner.js:162145:12)\n    at Async../node_modules/bluebird/js/release/async.js.Async._drainQueues (http://localhost:41811/__cypress/runner/cypress_runner.js:162150:10)\n    at Async.drainQueues (http://localhost:41811/__cypress/runner/cypress_runner.js:162024:14)",
                "diff": ""
              },
              "uuid": "1876d236-0692-42f3-9871-25278d83223f",
              "parentUUID": "ed0f70ce-7452-46ce-a689-0fed26a22b0d",
              "isHook": false,
              "skipped": false
            }
          ],
          "suites": [],
          "passes": [],
          "failures": [
            "ed0b4bcf-496f-4666-8f44-9a2c2811ee82",
            "1876d236-0692-42f3-9871-25278d83223f"
          ],
          "pending": [],
          "skipped": [],
          "duration": 2260,
          "root": false,
          "rootEmpty": false,
          "_timeout": 2000
        }
      ],
      "passes": [],
      "failures": [],
      "pending": [],
      "skipped": [],
      "duration": 0,
      "root": true,
      "rootEmpty": true,
      "_timeout": 2000
    }
  ],
  "meta": {
    "mocha": {
      "version": "7.0.1"
    },
    "mochawesome": {
      "options": {
        "quiet": false,
        "reportFilename": "mochawesome",
        "saveHtml": false,
        "saveJson": true,
        "consoleReporter": "spec",
        "useInlineDiffs": false
      },
      "version": "4.1.0"
    },
    "marge": {
      "options": {
        "id": "default",
        "reportDir": "cypress/reports",
        "overwrite": true,
        "html": false,
        "json": true
      },
      "version": "4.1.0"
    }
  }
}