{
  "stats": {
    "suites": 12,
    "tests": 41,
    "passes": 23,
    "pending": 0,
    "failures": 18,
    "start": "2021-09-16T19:18:56.828Z",
    "end": "2021-09-16T19:20:59.579Z",
    "duration": 122751,
    "testsRegistered": 41,
    "passPercent": 56.09756097560976,
    "pendingPercent": 0,
    "other": 0,
    "hasOther": false,
    "skipped": 0,
    "hasSkipped": false
  },
  "results": [
    {
      "uuid": "0974bb08-b5e3-4f44-9bba-062e6740af11",
      "title": "",
      "fullFile": "cypress/integration/project.spec.js",
      "file": "cypress/integration/project.spec.js",
      "beforeHooks": [],
      "afterHooks": [],
      "tests": [],
      "suites": [
        {
          "uuid": "50875a69-f0bd-4e30-aa63-c06f74f0268d",
          "title": "1 - Adicione à página o título \"Paleta de Cores\".",
          "fullFile": "",
          "file": "",
          "beforeHooks": [],
          "afterHooks": [],
          "tests": [
            {
              "title": "Verifica se contém um elemento `h1` com o id `title` com o título correto",
              "fullTitle": "1 - Adicione à página o título \"Paleta de Cores\". Verifica se contém um elemento `h1` com o id `title` com o título correto",
              "timedOut": null,
              "duration": 642,
              "state": "passed",
              "speed": "slow",
              "pass": true,
              "fail": false,
              "pending": false,
              "context": null,
              "code": "cy.get('h1#title').should('contain.text', 'Paleta de Cores');",
              "err": {},
              "uuid": "ae862122-72f4-4698-9dcc-a6a3653ff22b",
              "parentUUID": "50875a69-f0bd-4e30-aa63-c06f74f0268d",
              "isHook": false,
              "skipped": false
            }
          ],
          "suites": [],
          "passes": [
            "ae862122-72f4-4698-9dcc-a6a3653ff22b"
          ],
          "failures": [],
          "pending": [],
          "skipped": [],
          "duration": 642,
          "root": false,
          "rootEmpty": false,
          "_timeout": 2000
        },
        {
          "uuid": "b8de8eb2-21f9-4198-a165-5d0fc2f4caf3",
          "title": "2 - Adicione à página uma paleta de quatro cores distintas.",
          "fullFile": "",
          "file": "",
          "beforeHooks": [],
          "afterHooks": [],
          "tests": [
            {
              "title": "A paleta de cores deve ser um elemento com `id` denominado `color-palette`",
              "fullTitle": "2 - Adicione à página uma paleta de quatro cores distintas. A paleta de cores deve ser um elemento com `id` denominado `color-palette`",
              "timedOut": null,
              "duration": 451,
              "state": "passed",
              "speed": "slow",
              "pass": true,
              "fail": false,
              "pending": false,
              "context": null,
              "code": "cy.get('#color-palette').should('be.visible');\ncy.get('#color-palette').children('.color');",
              "err": {},
              "uuid": "5b25f469-a9f0-4e26-a2c8-e2c01fc05760",
              "parentUUID": "b8de8eb2-21f9-4198-a165-5d0fc2f4caf3",
              "isHook": false,
              "skipped": false
            },
            {
              "title": "Verifica se cada cor individual da paleta de cores possui a `classe` chamada `color`.",
              "fullTitle": "2 - Adicione à página uma paleta de quatro cores distintas. Verifica se cada cor individual da paleta de cores possui a `classe` chamada `color`.",
              "timedOut": null,
              "duration": 513,
              "state": "passed",
              "speed": "slow",
              "pass": true,
              "fail": false,
              "pending": false,
              "context": null,
              "code": "cy.get('.color').should('have.length', 4).then(function (colors) {\n  for (var i = 0; i < colors.length; i++) {\n    cy.wrap(colors[i]).should('be.visible');\n  }\n});",
              "err": {},
              "uuid": "240a4fe2-7502-42ef-a2ad-98ddd50845fe",
              "parentUUID": "b8de8eb2-21f9-4198-a165-5d0fc2f4caf3",
              "isHook": false,
              "skipped": false
            },
            {
              "title": "Verifica se a cor de fundo de cada elemento da paleta é a cor que o elemento representa. **A única cor não permitida na paleta é a cor branca.**",
              "fullTitle": "2 - Adicione à página uma paleta de quatro cores distintas. Verifica se a cor de fundo de cada elemento da paleta é a cor que o elemento representa. **A única cor não permitida na paleta é a cor branca.**",
              "timedOut": null,
              "duration": 503,
              "state": "passed",
              "speed": "slow",
              "pass": true,
              "fail": false,
              "pending": false,
              "context": null,
              "code": "cy.get('.color').each(function (color) {\n  cy.wrap(color).should('have.class', 'color').and('not.have.css', 'background-color', WHITE);\n  cy.wrap(color).should('have.css', 'background-color');\n});",
              "err": {},
              "uuid": "421d2716-310d-488c-bb1e-39ec3b7e0047",
              "parentUUID": "b8de8eb2-21f9-4198-a165-5d0fc2f4caf3",
              "isHook": false,
              "skipped": false
            },
            {
              "title": "Verifica se cada elemento da paleta de cores tem uma borda preta, sólida e com 1 pixel de largura;",
              "fullTitle": "2 - Adicione à página uma paleta de quatro cores distintas. Verifica se cada elemento da paleta de cores tem uma borda preta, sólida e com 1 pixel de largura;",
              "timedOut": null,
              "duration": 312,
              "state": "passed",
              "speed": "slow",
              "pass": true,
              "fail": false,
              "pending": false,
              "context": null,
              "code": "cy.get('.color').each(function (color) {\n  cy.wrap(color).and('have.css', 'border', \"1px solid \".concat(BLACK)).and('have.class', 'color');\n});",
              "err": {},
              "uuid": "9b0c829a-2126-49a1-9ef0-3dfff12653ee",
              "parentUUID": "b8de8eb2-21f9-4198-a165-5d0fc2f4caf3",
              "isHook": false,
              "skipped": false
            },
            {
              "title": "Verifica se a paleta lista todas as cores disponíveis para utilização, lado a lado.",
              "fullTitle": "2 - Adicione à página uma paleta de quatro cores distintas. Verifica se a paleta lista todas as cores disponíveis para utilização, lado a lado.",
              "timedOut": null,
              "duration": 262,
              "state": "passed",
              "speed": "slow",
              "pass": true,
              "fail": false,
              "pending": false,
              "context": null,
              "code": "cy.get('.color').then(function (colors) {\n  for (var index = 1; index < colors.length; index += 1) {\n    var currentColor = colors[index];\n    var previousColor = colors[index - 1];\n    cy.wrap(currentColor).should('be.onTheRightOf', previousColor).and('be.horizontallyAlignedWith', previousColor);\n  }\n});",
              "err": {},
              "uuid": "bea4bb45-b50f-4118-9d7d-f5bf1d01857a",
              "parentUUID": "b8de8eb2-21f9-4198-a165-5d0fc2f4caf3",
              "isHook": false,
              "skipped": false
            },
            {
              "title": "Verifica se a paleta de cores está posicionada abaixo do título 'Paleta de Cores'",
              "fullTitle": "2 - Adicione à página uma paleta de quatro cores distintas. Verifica se a paleta de cores está posicionada abaixo do título 'Paleta de Cores'",
              "timedOut": null,
              "duration": 350,
              "state": "passed",
              "speed": "slow",
              "pass": true,
              "fail": false,
              "pending": false,
              "context": null,
              "code": "cy.get('h1#title').then(function (title) {\n  cy.get('#color-palette').should('be.belowOf', title);\n});",
              "err": {},
              "uuid": "0775c5c6-3651-4823-96df-363a891456c7",
              "parentUUID": "b8de8eb2-21f9-4198-a165-5d0fc2f4caf3",
              "isHook": false,
              "skipped": false
            },
            {
              "title": "Verifica se a paleta de cores não contém cores repetidas.",
              "fullTitle": "2 - Adicione à página uma paleta de quatro cores distintas. Verifica se a paleta de cores não contém cores repetidas.",
              "timedOut": null,
              "duration": 251,
              "state": "passed",
              "speed": "slow",
              "pass": true,
              "fail": false,
              "pending": false,
              "context": null,
              "code": "cy.get('.color').then(function (colors) {\n  var allColors = Array.from(colors).map(function (color) {\n    return Cypress.$(color).css('background-color');\n  });\n  cy.log(allColors);\n  var uniqColors = (0, _toConsumableArray2[\"default\"])(new Set(allColors));\n  cy.log(uniqColors);\n  expect(allColors.length).to.eq(uniqColors.length);\n});",
              "err": {},
              "uuid": "773401ae-4ddb-4eef-9cc5-bcf071c2059d",
              "parentUUID": "b8de8eb2-21f9-4198-a165-5d0fc2f4caf3",
              "isHook": false,
              "skipped": false
            }
          ],
          "suites": [],
          "passes": [
            "5b25f469-a9f0-4e26-a2c8-e2c01fc05760",
            "240a4fe2-7502-42ef-a2ad-98ddd50845fe",
            "421d2716-310d-488c-bb1e-39ec3b7e0047",
            "9b0c829a-2126-49a1-9ef0-3dfff12653ee",
            "bea4bb45-b50f-4118-9d7d-f5bf1d01857a",
            "0775c5c6-3651-4823-96df-363a891456c7",
            "773401ae-4ddb-4eef-9cc5-bcf071c2059d"
          ],
          "failures": [],
          "pending": [],
          "skipped": [],
          "duration": 2642,
          "root": false,
          "rootEmpty": false,
          "_timeout": 2000
        },
        {
          "uuid": "fca1f5a2-8d1d-4e7e-80c8-64424475a422",
          "title": "3 - Adicione a cor **preta** como a primeira cor da paleta de cores.",
          "fullFile": "",
          "file": "",
          "beforeHooks": [],
          "afterHooks": [],
          "tests": [
            {
              "title": "Verifica se a primeira cor da paleta é preta",
              "fullTitle": "3 - Adicione a cor **preta** como a primeira cor da paleta de cores. Verifica se a primeira cor da paleta é preta",
              "timedOut": null,
              "duration": 317,
              "state": "passed",
              "speed": "slow",
              "pass": true,
              "fail": false,
              "pending": false,
              "context": null,
              "code": "cy.get('.color').first().should('have.css', 'background-color', BLACK);",
              "err": {},
              "uuid": "e19e8fe9-28ef-45b6-85d3-4abd559843de",
              "parentUUID": "fca1f5a2-8d1d-4e7e-80c8-64424475a422",
              "isHook": false,
              "skipped": false
            },
            {
              "title": "Verifica se as demais cores podem ser escolhidas livremente.",
              "fullTitle": "3 - Adicione a cor **preta** como a primeira cor da paleta de cores. Verifica se as demais cores podem ser escolhidas livremente.",
              "timedOut": null,
              "duration": 411,
              "state": "passed",
              "speed": "slow",
              "pass": true,
              "fail": false,
              "pending": false,
              "context": null,
              "code": "cy.get('.color').eq(1).should('not.have.css', 'background-color', BLACK);\ncy.get('.color').eq(1).should('not.have.css', 'background-color', WHITE);\ncy.get('.color').eq(1).should('not.have.css', 'background-color', 'rgba(0, 0, 0, 0)');\ncy.get('.color').eq(1).should('have.css', 'background-color');\ncy.get('.color').eq(2).should('not.have.css', 'background-color', BLACK);\ncy.get('.color').eq(2).should('not.have.css', 'background-color', WHITE);\ncy.get('.color').eq(2).should('not.have.css', 'background-color', 'rgba(0, 0, 0, 0)');\ncy.get('.color').eq(2).should('have.css', 'background-color');\ncy.get('.color').eq(3).should('not.have.css', 'background-color', BLACK);\ncy.get('.color').eq(3).should('not.have.css', 'background-color', WHITE);\ncy.get('.color').eq(3).should('not.have.css', 'background-color', 'rgba(0, 0, 0, 0)');\ncy.get('.color').eq(3).should('have.css', 'background-color');",
              "err": {},
              "uuid": "65ab090c-5d5c-4a59-96e2-74322cccf923",
              "parentUUID": "fca1f5a2-8d1d-4e7e-80c8-64424475a422",
              "isHook": false,
              "skipped": false
            }
          ],
          "suites": [],
          "passes": [
            "e19e8fe9-28ef-45b6-85d3-4abd559843de",
            "65ab090c-5d5c-4a59-96e2-74322cccf923"
          ],
          "failures": [],
          "pending": [],
          "skipped": [],
          "duration": 728,
          "root": false,
          "rootEmpty": false,
          "_timeout": 2000
        },
        {
          "uuid": "e406b0f4-b1f9-4251-aace-4100cd0bb6f3",
          "title": "4 - Adicione à página um quadro de pixels, com 25 pixels.",
          "fullFile": "",
          "file": "",
          "beforeHooks": [],
          "afterHooks": [],
          "tests": [
            {
              "title": "Verifica se o quadro de pixels possui o `id` denominado `pixel-board`",
              "fullTitle": "4 - Adicione à página um quadro de pixels, com 25 pixels. Verifica se o quadro de pixels possui o `id` denominado `pixel-board`",
              "timedOut": null,
              "duration": 340,
              "state": "passed",
              "speed": "slow",
              "pass": true,
              "fail": false,
              "pending": false,
              "context": null,
              "code": "cy.get('#pixel-board').should('be.visible');",
              "err": {},
              "uuid": "fd472494-54a0-4da9-9ed2-2e1f5ce92632",
              "parentUUID": "e406b0f4-b1f9-4251-aace-4100cd0bb6f3",
              "isHook": false,
              "skipped": false
            },
            {
              "title": "Verifica se cada pixel individual dentro do quadro possui a `classe` denominada `pixel`.",
              "fullTitle": "4 - Adicione à página um quadro de pixels, com 25 pixels. Verifica se cada pixel individual dentro do quadro possui a `classe` denominada `pixel`.",
              "timedOut": null,
              "duration": 425,
              "state": "passed",
              "speed": "slow",
              "pass": true,
              "fail": false,
              "pending": false,
              "context": null,
              "code": "cy.get('.pixel').should('have.length', 25);",
              "err": {},
              "uuid": "520fcc78-ca1a-49dd-a1c3-055247304c55",
              "parentUUID": "e406b0f4-b1f9-4251-aace-4100cd0bb6f3",
              "isHook": false,
              "skipped": false
            },
            {
              "title": "Verifica se a cor inicial dos pixels dentro do quadro, ao abrir a página, é branca.",
              "fullTitle": "4 - Adicione à página um quadro de pixels, com 25 pixels. Verifica se a cor inicial dos pixels dentro do quadro, ao abrir a página, é branca.",
              "timedOut": null,
              "duration": 510,
              "state": "passed",
              "speed": "slow",
              "pass": true,
              "fail": false,
              "pending": false,
              "context": null,
              "code": "cy.get('.pixel').should('have.length', 25).each(function (pixel) {\n  expect(pixel).to.have.css('background-color', WHITE);\n});",
              "err": {},
              "uuid": "96c9d7e5-255d-4af0-903d-399f4ffe7692",
              "parentUUID": "e406b0f4-b1f9-4251-aace-4100cd0bb6f3",
              "isHook": false,
              "skipped": false
            },
            {
              "title": "Verifica se o quadro de pixels aparece abaixo da paleta de cores",
              "fullTitle": "4 - Adicione à página um quadro de pixels, com 25 pixels. Verifica se o quadro de pixels aparece abaixo da paleta de cores",
              "timedOut": null,
              "duration": 366,
              "state": "passed",
              "speed": "slow",
              "pass": true,
              "fail": false,
              "pending": false,
              "context": null,
              "code": "cy.get('#color-palette').then(function (palette) {\n  cy.get('#pixel-board').should('be.belowOf', palette);\n});",
              "err": {},
              "uuid": "92c544fe-c34b-463d-a3aa-b20b0c6145f4",
              "parentUUID": "e406b0f4-b1f9-4251-aace-4100cd0bb6f3",
              "isHook": false,
              "skipped": false
            }
          ],
          "suites": [],
          "passes": [
            "fd472494-54a0-4da9-9ed2-2e1f5ce92632",
            "520fcc78-ca1a-49dd-a1c3-055247304c55",
            "96c9d7e5-255d-4af0-903d-399f4ffe7692",
            "92c544fe-c34b-463d-a3aa-b20b0c6145f4"
          ],
          "failures": [],
          "pending": [],
          "skipped": [],
          "duration": 1641,
          "root": false,
          "rootEmpty": false,
          "_timeout": 2000
        },
        {
          "uuid": "9bedec46-2448-421d-9303-a2616026d235",
          "title": "5 - Faça com que cada elemento do quadro de pixels possua 40 pixels de largura, 40 pixels de altura e seja delimitado por uma borda preta de 1 pixel.",
          "fullFile": "",
          "file": "",
          "beforeHooks": [],
          "afterHooks": [],
          "tests": [
            {
              "title": "Verifica se o quadro de pixels tem altura e comprimento de 5 elementos",
              "fullTitle": "5 - Faça com que cada elemento do quadro de pixels possua 40 pixels de largura, 40 pixels de altura e seja delimitado por uma borda preta de 1 pixel. Verifica se o quadro de pixels tem altura e comprimento de 5 elementos",
              "timedOut": null,
              "duration": 770,
              "state": "passed",
              "speed": "slow",
              "pass": true,
              "fail": false,
              "pending": false,
              "context": null,
              "code": "cy.get('.pixel').should('have.length', 25).each(function (pixel) {\n  expect(pixel).to.have.css('background-color', WHITE);\n}).and(function (pixels) {\n  var rows = chunk(pixels, 5);\n  rows.forEach(function (row) {\n    for (var index = 1; index < row.length; index += 1) {\n      var current = pixels[index];\n      var previous = pixels[index - 1];\n      cy.wrap(current).should('be.onTheRightOf', previous).and('be.horizontallyAlignedWith', previous);\n    }\n  });\n  for (var index = 1; index < 5; index += 1) {\n    expect(pixels[index * 5]).to.be.belowOf(pixels[(index - 1) * 5]);\n  }\n});",
              "err": {},
              "uuid": "a86e97f7-4500-49d6-8036-54fe9890bf00",
              "parentUUID": "9bedec46-2448-421d-9303-a2616026d235",
              "isHook": false,
              "skipped": false
            },
            {
              "title": "Verifica se 40 pixels é o tamanho total do elemento, incluindo seu conteúdo e excluindo a borda preta, que deve ser criada à parte.",
              "fullTitle": "5 - Faça com que cada elemento do quadro de pixels possua 40 pixels de largura, 40 pixels de altura e seja delimitado por uma borda preta de 1 pixel. Verifica se 40 pixels é o tamanho total do elemento, incluindo seu conteúdo e excluindo a borda preta, que deve ser criada à parte.",
              "timedOut": null,
              "duration": 732,
              "state": "passed",
              "speed": "slow",
              "pass": true,
              "fail": false,
              "pending": false,
              "context": null,
              "code": "cy.get('.pixel').each(function (pixel) {\n  cy.wrap(pixel).should('have.css', 'height', '40px').and('have.css', 'width', '40px').and('have.css', 'border', \"1px solid \".concat(BLACK));\n});",
              "err": {},
              "uuid": "93ddfc9c-11e8-40bc-8950-d6f3f2895b13",
              "parentUUID": "9bedec46-2448-421d-9303-a2616026d235",
              "isHook": false,
              "skipped": false
            }
          ],
          "suites": [],
          "passes": [
            "a86e97f7-4500-49d6-8036-54fe9890bf00",
            "93ddfc9c-11e8-40bc-8950-d6f3f2895b13"
          ],
          "failures": [],
          "pending": [],
          "skipped": [],
          "duration": 1502,
          "root": false,
          "rootEmpty": false,
          "_timeout": 2000
        },
        {
          "uuid": "82b1d168-9fe7-4776-9a4c-572958a891d8",
          "title": "6 - Defina a cor preta como cor inicial. Ao carregar a página a cor preta já deve estar selecionada para pintar os pixels",
          "fullFile": "",
          "file": "",
          "beforeHooks": [],
          "afterHooks": [],
          "tests": [
            {
              "title": "Verifica se o elemento da cor preta possui, inicialmente, a `classe` `selected`",
              "fullTitle": "6 - Defina a cor preta como cor inicial. Ao carregar a página a cor preta já deve estar selecionada para pintar os pixels Verifica se o elemento da cor preta possui, inicialmente, a `classe` `selected`",
              "timedOut": null,
              "duration": 228,
              "state": "passed",
              "speed": "slow",
              "pass": true,
              "fail": false,
              "pending": false,
              "context": null,
              "code": "cy.get('.selected').first().should('have.css', 'background-color', BLACK);",
              "err": {},
              "uuid": "80f37b53-d324-4d47-b1a9-d1e085499639",
              "parentUUID": "82b1d168-9fe7-4776-9a4c-572958a891d8",
              "isHook": false,
              "skipped": false
            },
            {
              "title": "Verifica se nenhuma outra cor da paleta tem a `classe` `selected`",
              "fullTitle": "6 - Defina a cor preta como cor inicial. Ao carregar a página a cor preta já deve estar selecionada para pintar os pixels Verifica se nenhuma outra cor da paleta tem a `classe` `selected`",
              "timedOut": null,
              "duration": 310,
              "state": "passed",
              "speed": "slow",
              "pass": true,
              "fail": false,
              "pending": false,
              "context": null,
              "code": "cy.get('.color:not(:first-child)').each(function (color) {\n  cy.wrap(color).should('not.have.class', 'selected');\n});",
              "err": {},
              "uuid": "7fc18839-e949-40df-9658-c817c56ede74",
              "parentUUID": "82b1d168-9fe7-4776-9a4c-572958a891d8",
              "isHook": false,
              "skipped": false
            }
          ],
          "suites": [],
          "passes": [
            "80f37b53-d324-4d47-b1a9-d1e085499639",
            "7fc18839-e949-40df-9658-c817c56ede74"
          ],
          "failures": [],
          "pending": [],
          "skipped": [],
          "duration": 538,
          "root": false,
          "rootEmpty": false,
          "_timeout": 2000
        },
        {
          "uuid": "07657fcc-9ed3-413a-9a52-ec946dc92862",
          "title": "7 - Clicar em uma das cores da paleta, faz com que ela seja selecionada e utilizada para preencher os pixels no quadro.",
          "fullFile": "",
          "file": "",
          "beforeHooks": [],
          "afterHooks": [],
          "tests": [
            {
              "title": "Verifica se somente uma cor da paleta de cores tem a classe `selected` de cada vez",
              "fullTitle": "7 - Clicar em uma das cores da paleta, faz com que ela seja selecionada e utilizada para preencher os pixels no quadro. Verifica se somente uma cor da paleta de cores tem a classe `selected` de cada vez",
              "timedOut": null,
              "duration": 693,
              "state": "passed",
              "speed": "slow",
              "pass": true,
              "fail": false,
              "pending": false,
              "context": null,
              "code": "cy.get('.color').each(function (selectedColor, selectedColorIndex) {\n  cy.wrap(selectedColor).click();\n  cy.get('.color').each(function (color, colorIndex) {\n    if (colorIndex === selectedColorIndex) {\n      expect(color).to.have[\"class\"]('selected');\n    } else {\n      expect(color).not.to.have[\"class\"]('selected');\n    }\n  });\n});",
              "err": {},
              "uuid": "74c14df2-ddde-4b69-9f2d-bbc105661280",
              "parentUUID": "07657fcc-9ed3-413a-9a52-ec946dc92862",
              "isHook": false,
              "skipped": false
            },
            {
              "title": "Verifica se os pixels dentro do quadro não têm a classe `selected` quando são clicados",
              "fullTitle": "7 - Clicar em uma das cores da paleta, faz com que ela seja selecionada e utilizada para preencher os pixels no quadro. Verifica se os pixels dentro do quadro não têm a classe `selected` quando são clicados",
              "timedOut": null,
              "duration": 10701,
              "state": "passed",
              "speed": "slow",
              "pass": true,
              "fail": false,
              "pending": false,
              "context": null,
              "code": "cy.get('.color').each(function (color) {\n  var backgroundColor = color.css('background-color');\n  cy.wrap(color).click();\n  cy.get('.pixel').each(function (pixel) {\n    cy.wrap(pixel).click().should('not.have.class', 'selected');\n  });\n});",
              "err": {},
              "uuid": "d1ad6ca5-0dd2-43fa-9169-db5afde94f64",
              "parentUUID": "07657fcc-9ed3-413a-9a52-ec946dc92862",
              "isHook": false,
              "skipped": false
            }
          ],
          "suites": [],
          "passes": [
            "74c14df2-ddde-4b69-9f2d-bbc105661280",
            "d1ad6ca5-0dd2-43fa-9169-db5afde94f64"
          ],
          "failures": [],
          "pending": [],
          "skipped": [],
          "duration": 11394,
          "root": false,
          "rootEmpty": false,
          "_timeout": 2000
        },
        {
          "uuid": "066d0b26-ff10-486a-be25-99eaac7339eb",
          "title": "8 - Clicar em um pixel dentro do quadro após selecionar uma cor na paleta, faz com que o pixel seja preenchido com a cor selecionada.",
          "fullFile": "",
          "file": "",
          "beforeHooks": [],
          "afterHooks": [],
          "tests": [
            {
              "title": "Verifica se ao carregar a página deve ser possível pintar os pixels de preto",
              "fullTitle": "8 - Clicar em um pixel dentro do quadro após selecionar uma cor na paleta, faz com que o pixel seja preenchido com a cor selecionada. Verifica se ao carregar a página deve ser possível pintar os pixels de preto",
              "timedOut": null,
              "duration": 2862,
              "state": "passed",
              "speed": "slow",
              "pass": true,
              "fail": false,
              "pending": false,
              "context": null,
              "code": "cy.get('.pixel').each(function (pixel) {\n  cy.wrap(pixel).click().should('have.css', 'background-color', BLACK);\n});",
              "err": {},
              "uuid": "0d9900bc-a447-4add-a246-c9b7e33be91a",
              "parentUUID": "066d0b26-ff10-486a-be25-99eaac7339eb",
              "isHook": false,
              "skipped": false
            },
            {
              "title": "Verifica se após selecionar uma outra cor na paleta, é possível pintar os pixels com essa cor",
              "fullTitle": "8 - Clicar em um pixel dentro do quadro após selecionar uma cor na paleta, faz com que o pixel seja preenchido com a cor selecionada. Verifica se após selecionar uma outra cor na paleta, é possível pintar os pixels com essa cor",
              "timedOut": null,
              "duration": 10759,
              "state": "passed",
              "speed": "slow",
              "pass": true,
              "fail": false,
              "pending": false,
              "context": null,
              "code": "cy.get('.color').each(function (color) {\n  var backgroundColor = color.css('background-color');\n  cy.wrap(color).click();\n  cy.get('.pixel').each(function (pixel) {\n    cy.wrap(pixel).click().should('have.css', 'background-color', backgroundColor);\n  });\n});",
              "err": {},
              "uuid": "e7ce2144-8ba4-4ee7-8f19-50353ecdf0d9",
              "parentUUID": "066d0b26-ff10-486a-be25-99eaac7339eb",
              "isHook": false,
              "skipped": false
            },
            {
              "title": "Verifica se somente o pixel que foi clicado foi preenchido com a cor selecionada, sem influenciar na cor dos demais pixels.",
              "fullTitle": "8 - Clicar em um pixel dentro do quadro após selecionar uma cor na paleta, faz com que o pixel seja preenchido com a cor selecionada. Verifica se somente o pixel que foi clicado foi preenchido com a cor selecionada, sem influenciar na cor dos demais pixels.",
              "timedOut": null,
              "duration": 2957,
              "state": "passed",
              "speed": "slow",
              "pass": true,
              "fail": false,
              "pending": false,
              "context": null,
              "code": "var colorToPixelIndexMap = {\n  0: 6,\n  1: 8,\n  2: 16,\n  3: 18\n};\ncy.get('.color').each(function (color, index) {\n  cy.wrap(color).click();\n  var backgroundColor = color.css('background-color');\n  var clickedPixelIndex = colorToPixelIndexMap[index];\n  cy.get('.pixel').eq(clickedPixelIndex).click();\n  cy.get('.pixel').eq(clickedPixelIndex - 1).should('not.have.css', 'background-color', backgroundColor);\n  cy.get('.pixel').eq(clickedPixelIndex + 1).should('not.have.css', 'background-color', backgroundColor);\n  cy.get('.pixel').eq(clickedPixelIndex - 5).should('not.have.css', 'background-color', backgroundColor);\n  cy.get('.pixel').eq(clickedPixelIndex + 5).should('not.have.css', 'background-color', backgroundColor);\n  cy.get('.pixel').eq(clickedPixelIndex - 6).should('not.have.css', 'background-color', backgroundColor);\n  cy.get('.pixel').eq(clickedPixelIndex - 4).should('not.have.css', 'background-color', backgroundColor);\n  cy.get('.pixel').eq(clickedPixelIndex + 4).should('not.have.css', 'background-color', backgroundColor);\n  cy.get('.pixel').eq(clickedPixelIndex + 6).should('not.have.css', 'background-color', backgroundColor);\n});",
              "err": {},
              "uuid": "564e14be-7126-4029-acad-272c356301de",
              "parentUUID": "066d0b26-ff10-486a-be25-99eaac7339eb",
              "isHook": false,
              "skipped": false
            }
          ],
          "suites": [],
          "passes": [
            "0d9900bc-a447-4add-a246-c9b7e33be91a",
            "e7ce2144-8ba4-4ee7-8f19-50353ecdf0d9",
            "564e14be-7126-4029-acad-272c356301de"
          ],
          "failures": [],
          "pending": [],
          "skipped": [],
          "duration": 16578,
          "root": false,
          "rootEmpty": false,
          "_timeout": 2000
        },
        {
          "uuid": "86927249-5bc0-428f-b8cc-7199cc6b9e13",
          "title": "9 - Crie um botão que, ao ser clicado, limpa o quadro preenchendo a cor de todos seus pixels com branco.",
          "fullFile": "",
          "file": "",
          "beforeHooks": [],
          "afterHooks": [],
          "tests": [
            {
              "title": "Verifica se o botão tem o `id` denominado `clear-board`",
              "fullTitle": "9 - Crie um botão que, ao ser clicado, limpa o quadro preenchendo a cor de todos seus pixels com branco. Verifica se o botão tem o `id` denominado `clear-board`",
              "timedOut": null,
              "duration": 4908,
              "state": "failed",
              "speed": null,
              "pass": false,
              "fail": true,
              "pending": false,
              "context": null,
              "code": "cy.get('#clear-board').should('be.visible');",
              "err": {
                "message": "CypressError: Timed out retrying: Expected to find element: '#clear-board', but never found it.",
                "estack": "CypressError: Timed out retrying: Expected to find element: '#clear-board', but never found it.\n    at cypressErr (http://localhost:37903/__cypress/runner/cypress_runner.js:149934:9)\n    at throwErr (http://localhost:37903/__cypress/runner/cypress_runner.js:149867:11)\n    at Object.throwErrByPath (http://localhost:37903/__cypress/runner/cypress_runner.js:149915:3)\n    at retry (http://localhost:37903/__cypress/runner/cypress_runner.js:144197:19)\n    at onFailFn (http://localhost:37903/__cypress/runner/cypress_runner.js:132448:16)\n    at tryCatcher (http://localhost:37903/__cypress/runner/cypress_runner.js:167415:23)\n    at Promise._settlePromiseFromHandler (http://localhost:37903/__cypress/runner/cypress_runner.js:165351:31)\n    at Promise._settlePromise (http://localhost:37903/__cypress/runner/cypress_runner.js:165408:18)\n    at Promise._settlePromise0 (http://localhost:37903/__cypress/runner/cypress_runner.js:165453:10)\n    at Promise._settlePromises (http://localhost:37903/__cypress/runner/cypress_runner.js:165528:18)\n    at Async../node_modules/bluebird/js/release/async.js.Async._drainQueue (http://localhost:37903/__cypress/runner/cypress_runner.js:162140:16)\n    at Async../node_modules/bluebird/js/release/async.js.Async._drainQueues (http://localhost:37903/__cypress/runner/cypress_runner.js:162150:10)\n    at Async.drainQueues (http://localhost:37903/__cypress/runner/cypress_runner.js:162024:14)",
                "diff": null
              },
              "uuid": "b5ac5add-24c6-496e-94a9-a70aa45165c9",
              "parentUUID": "86927249-5bc0-428f-b8cc-7199cc6b9e13",
              "isHook": false,
              "skipped": false
            },
            {
              "title": "Verifica se o botão está posicionado entre a paleta de cores e o quadro de pixels",
              "fullTitle": "9 - Crie um botão que, ao ser clicado, limpa o quadro preenchendo a cor de todos seus pixels com branco. Verifica se o botão está posicionado entre a paleta de cores e o quadro de pixels",
              "timedOut": null,
              "duration": 4783,
              "state": "failed",
              "speed": null,
              "pass": false,
              "fail": true,
              "pending": false,
              "context": null,
              "code": "cy.get('#color-palette').then(function (palette) {\n  cy.get('#clear-board').should('be.belowOf', palette);\n});\ncy.get('#clear-board').then(function (clearBtn) {\n  cy.get('#pixel-board').should('be.belowOf', clearBtn);\n});",
              "err": {
                "message": "CypressError: Timed out retrying: Expected to find element: '#clear-board', but never found it.",
                "estack": "CypressError: Timed out retrying: Expected to find element: '#clear-board', but never found it.\n    at cypressErr (http://localhost:37903/__cypress/runner/cypress_runner.js:149934:9)\n    at throwErr (http://localhost:37903/__cypress/runner/cypress_runner.js:149867:11)\n    at Object.throwErrByPath (http://localhost:37903/__cypress/runner/cypress_runner.js:149915:3)\n    at retry (http://localhost:37903/__cypress/runner/cypress_runner.js:144197:19)\n    at onFailFn (http://localhost:37903/__cypress/runner/cypress_runner.js:132448:16)\n    at tryCatcher (http://localhost:37903/__cypress/runner/cypress_runner.js:167415:23)\n    at Promise._settlePromiseFromHandler (http://localhost:37903/__cypress/runner/cypress_runner.js:165351:31)\n    at Promise._settlePromise (http://localhost:37903/__cypress/runner/cypress_runner.js:165408:18)\n    at Promise._settlePromise0 (http://localhost:37903/__cypress/runner/cypress_runner.js:165453:10)\n    at Promise._settlePromises (http://localhost:37903/__cypress/runner/cypress_runner.js:165528:18)\n    at Async../node_modules/bluebird/js/release/async.js.Async._drainQueue (http://localhost:37903/__cypress/runner/cypress_runner.js:162140:16)\n    at Async../node_modules/bluebird/js/release/async.js.Async._drainQueues (http://localhost:37903/__cypress/runner/cypress_runner.js:162150:10)\n    at Async.drainQueues (http://localhost:37903/__cypress/runner/cypress_runner.js:162024:14)",
                "diff": null
              },
              "uuid": "0db65313-9056-4c70-a76a-e4fb42ec0c53",
              "parentUUID": "86927249-5bc0-428f-b8cc-7199cc6b9e13",
              "isHook": false,
              "skipped": false
            },
            {
              "title": "Verifica se o texto do botão é 'Limpar'",
              "fullTitle": "9 - Crie um botão que, ao ser clicado, limpa o quadro preenchendo a cor de todos seus pixels com branco. Verifica se o texto do botão é 'Limpar'",
              "timedOut": null,
              "duration": 4745,
              "state": "failed",
              "speed": null,
              "pass": false,
              "fail": true,
              "pending": false,
              "context": null,
              "code": "cy.get('#clear-board').should('contain.text', 'Limpar');",
              "err": {
                "message": "CypressError: Timed out retrying: Expected to find element: '#clear-board', but never found it.",
                "estack": "CypressError: Timed out retrying: Expected to find element: '#clear-board', but never found it.\n    at cypressErr (http://localhost:37903/__cypress/runner/cypress_runner.js:149934:9)\n    at throwErr (http://localhost:37903/__cypress/runner/cypress_runner.js:149867:11)\n    at Object.throwErrByPath (http://localhost:37903/__cypress/runner/cypress_runner.js:149915:3)\n    at retry (http://localhost:37903/__cypress/runner/cypress_runner.js:144197:19)\n    at onFailFn (http://localhost:37903/__cypress/runner/cypress_runner.js:132448:16)\n    at tryCatcher (http://localhost:37903/__cypress/runner/cypress_runner.js:167415:23)\n    at Promise._settlePromiseFromHandler (http://localhost:37903/__cypress/runner/cypress_runner.js:165351:31)\n    at Promise._settlePromise (http://localhost:37903/__cypress/runner/cypress_runner.js:165408:18)\n    at Promise._settlePromise0 (http://localhost:37903/__cypress/runner/cypress_runner.js:165453:10)\n    at Promise._settlePromises (http://localhost:37903/__cypress/runner/cypress_runner.js:165528:18)\n    at Async../node_modules/bluebird/js/release/async.js.Async._drainQueue (http://localhost:37903/__cypress/runner/cypress_runner.js:162140:16)\n    at Async../node_modules/bluebird/js/release/async.js.Async._drainQueues (http://localhost:37903/__cypress/runner/cypress_runner.js:162150:10)\n    at Async.drainQueues (http://localhost:37903/__cypress/runner/cypress_runner.js:162024:14)",
                "diff": null
              },
              "uuid": "903cfe71-bd6a-49d2-b09f-f2f94a86c851",
              "parentUUID": "86927249-5bc0-428f-b8cc-7199cc6b9e13",
              "isHook": false,
              "skipped": false
            },
            {
              "title": "Verifica se ao clicar no botão, o quadro de pixels é totalmente preenchido de branco",
              "fullTitle": "9 - Crie um botão que, ao ser clicado, limpa o quadro preenchendo a cor de todos seus pixels com branco. Verifica se ao clicar no botão, o quadro de pixels é totalmente preenchido de branco",
              "timedOut": null,
              "duration": 7225,
              "state": "failed",
              "speed": null,
              "pass": false,
              "fail": true,
              "pending": false,
              "context": null,
              "code": "cy.get('.color').eq(1).then(function (color) {\n  var backgroundColor = color.css('background-color');\n  cy.wrap(color).click();\n  cy.get('.pixel').each(function (pixel) {\n    cy.wrap(pixel).click().should('have.css', 'background-color', backgroundColor);\n  });\n});\ncy.get('#clear-board').click();\ncy.get('.pixel').each(function (pixel) {\n  cy.wrap(pixel).should('have.css', 'background-color', WHITE);\n});",
              "err": {
                "message": "CypressError: Timed out retrying: Expected to find element: '#clear-board', but never found it.",
                "estack": "CypressError: Timed out retrying: Expected to find element: '#clear-board', but never found it.\n    at cypressErr (http://localhost:37903/__cypress/runner/cypress_runner.js:149934:9)\n    at throwErr (http://localhost:37903/__cypress/runner/cypress_runner.js:149867:11)\n    at Object.throwErrByPath (http://localhost:37903/__cypress/runner/cypress_runner.js:149915:3)\n    at retry (http://localhost:37903/__cypress/runner/cypress_runner.js:144197:19)\n    at onFailFn (http://localhost:37903/__cypress/runner/cypress_runner.js:132448:16)\n    at tryCatcher (http://localhost:37903/__cypress/runner/cypress_runner.js:167415:23)\n    at Promise._settlePromiseFromHandler (http://localhost:37903/__cypress/runner/cypress_runner.js:165351:31)\n    at Promise._settlePromise (http://localhost:37903/__cypress/runner/cypress_runner.js:165408:18)\n    at Promise._settlePromise0 (http://localhost:37903/__cypress/runner/cypress_runner.js:165453:10)\n    at Promise._settlePromises (http://localhost:37903/__cypress/runner/cypress_runner.js:165528:18)\n    at Async../node_modules/bluebird/js/release/async.js.Async._drainQueue (http://localhost:37903/__cypress/runner/cypress_runner.js:162140:16)\n    at Async../node_modules/bluebird/js/release/async.js.Async._drainQueues (http://localhost:37903/__cypress/runner/cypress_runner.js:162150:10)\n    at Async.drainQueues (http://localhost:37903/__cypress/runner/cypress_runner.js:162024:14)",
                "diff": null
              },
              "uuid": "6ba8bb70-26c9-415c-8ddc-a0546791efc1",
              "parentUUID": "86927249-5bc0-428f-b8cc-7199cc6b9e13",
              "isHook": false,
              "skipped": false
            }
          ],
          "suites": [],
          "passes": [],
          "failures": [
            "b5ac5add-24c6-496e-94a9-a70aa45165c9",
            "0db65313-9056-4c70-a76a-e4fb42ec0c53",
            "903cfe71-bd6a-49d2-b09f-f2f94a86c851",
            "6ba8bb70-26c9-415c-8ddc-a0546791efc1"
          ],
          "pending": [],
          "skipped": [],
          "duration": 21661,
          "root": false,
          "rootEmpty": false,
          "_timeout": 2000
        },
        {
          "uuid": "4545bdcb-4a5c-4012-a05d-7b560c01209d",
          "title": "10 - Faça o quadro de pixels ter seu tamanho definido pelo usuário.",
          "fullFile": "",
          "file": "",
          "beforeHooks": [],
          "afterHooks": [],
          "tests": [
            {
              "title": "Verifica se existe um input com o id `board-size`",
              "fullTitle": "10 - Faça o quadro de pixels ter seu tamanho definido pelo usuário. Verifica se existe um input com o id `board-size`",
              "timedOut": null,
              "duration": 5040,
              "state": "failed",
              "speed": null,
              "pass": false,
              "fail": true,
              "pending": false,
              "context": null,
              "code": "cy.get('#board-size').should('be.visible');",
              "err": {
                "message": "CypressError: Timed out retrying: Expected to find element: '#board-size', but never found it.",
                "estack": "CypressError: Timed out retrying: Expected to find element: '#board-size', but never found it.\n    at cypressErr (http://localhost:37903/__cypress/runner/cypress_runner.js:149934:9)\n    at throwErr (http://localhost:37903/__cypress/runner/cypress_runner.js:149867:11)\n    at Object.throwErrByPath (http://localhost:37903/__cypress/runner/cypress_runner.js:149915:3)\n    at retry (http://localhost:37903/__cypress/runner/cypress_runner.js:144197:19)\n    at onFailFn (http://localhost:37903/__cypress/runner/cypress_runner.js:132448:16)\n    at tryCatcher (http://localhost:37903/__cypress/runner/cypress_runner.js:167415:23)\n    at Promise._settlePromiseFromHandler (http://localhost:37903/__cypress/runner/cypress_runner.js:165351:31)\n    at Promise._settlePromise (http://localhost:37903/__cypress/runner/cypress_runner.js:165408:18)\n    at Promise._settlePromise0 (http://localhost:37903/__cypress/runner/cypress_runner.js:165453:10)\n    at Promise._settlePromises (http://localhost:37903/__cypress/runner/cypress_runner.js:165528:18)\n    at Async../node_modules/bluebird/js/release/async.js.Async._drainQueue (http://localhost:37903/__cypress/runner/cypress_runner.js:162140:16)\n    at Async../node_modules/bluebird/js/release/async.js.Async._drainQueues (http://localhost:37903/__cypress/runner/cypress_runner.js:162150:10)\n    at Async.drainQueues (http://localhost:37903/__cypress/runner/cypress_runner.js:162024:14)",
                "diff": null
              },
              "uuid": "c654ebbb-49a7-41cb-8853-07af023bbe5a",
              "parentUUID": "4545bdcb-4a5c-4012-a05d-7b560c01209d",
              "isHook": false,
              "skipped": false
            },
            {
              "title": "Verifica se existe um botão com o id `generate-board`",
              "fullTitle": "10 - Faça o quadro de pixels ter seu tamanho definido pelo usuário. Verifica se existe um botão com o id `generate-board`",
              "timedOut": null,
              "duration": 4973,
              "state": "failed",
              "speed": null,
              "pass": false,
              "fail": true,
              "pending": false,
              "context": null,
              "code": "cy.get('#generate-board').should('be.visible');",
              "err": {
                "message": "CypressError: Timed out retrying: Expected to find element: '#generate-board', but never found it.",
                "estack": "CypressError: Timed out retrying: Expected to find element: '#generate-board', but never found it.\n    at cypressErr (http://localhost:37903/__cypress/runner/cypress_runner.js:149934:9)\n    at throwErr (http://localhost:37903/__cypress/runner/cypress_runner.js:149867:11)\n    at Object.throwErrByPath (http://localhost:37903/__cypress/runner/cypress_runner.js:149915:3)\n    at retry (http://localhost:37903/__cypress/runner/cypress_runner.js:144197:19)\n    at onFailFn (http://localhost:37903/__cypress/runner/cypress_runner.js:132448:16)\n    at tryCatcher (http://localhost:37903/__cypress/runner/cypress_runner.js:167415:23)\n    at Promise._settlePromiseFromHandler (http://localhost:37903/__cypress/runner/cypress_runner.js:165351:31)\n    at Promise._settlePromise (http://localhost:37903/__cypress/runner/cypress_runner.js:165408:18)\n    at Promise._settlePromise0 (http://localhost:37903/__cypress/runner/cypress_runner.js:165453:10)\n    at Promise._settlePromises (http://localhost:37903/__cypress/runner/cypress_runner.js:165528:18)\n    at Async../node_modules/bluebird/js/release/async.js.Async._drainQueue (http://localhost:37903/__cypress/runner/cypress_runner.js:162140:16)\n    at Async../node_modules/bluebird/js/release/async.js.Async._drainQueues (http://localhost:37903/__cypress/runner/cypress_runner.js:162150:10)\n    at Async.drainQueues (http://localhost:37903/__cypress/runner/cypress_runner.js:162024:14)",
                "diff": null
              },
              "uuid": "6e615bf1-0efb-4252-8cd1-907b350657a8",
              "parentUUID": "4545bdcb-4a5c-4012-a05d-7b560c01209d",
              "isHook": false,
              "skipped": false
            },
            {
              "title": "Verifica se o input só aceita número maiores que zero. Essa restrição deve ser feita usando os atributos do elemento `input`",
              "fullTitle": "10 - Faça o quadro de pixels ter seu tamanho definido pelo usuário. Verifica se o input só aceita número maiores que zero. Essa restrição deve ser feita usando os atributos do elemento `input`",
              "timedOut": null,
              "duration": 4835,
              "state": "failed",
              "speed": null,
              "pass": false,
              "fail": true,
              "pending": false,
              "context": null,
              "code": "cy.get('#board-size[type=\\'number\\'][min=\\'1\\']');",
              "err": {
                "message": "CypressError: Timed out retrying: Expected to find element: '#board-size[type='number'][min='1']', but never found it.",
                "estack": "CypressError: Timed out retrying: Expected to find element: '#board-size[type='number'][min='1']', but never found it.\n    at cypressErr (http://localhost:37903/__cypress/runner/cypress_runner.js:149934:9)\n    at throwErr (http://localhost:37903/__cypress/runner/cypress_runner.js:149867:11)\n    at Object.throwErrByPath (http://localhost:37903/__cypress/runner/cypress_runner.js:149915:3)\n    at retry (http://localhost:37903/__cypress/runner/cypress_runner.js:144197:19)\n    at onFailFn (http://localhost:37903/__cypress/runner/cypress_runner.js:132448:16)\n    at tryCatcher (http://localhost:37903/__cypress/runner/cypress_runner.js:167415:23)\n    at Promise._settlePromiseFromHandler (http://localhost:37903/__cypress/runner/cypress_runner.js:165351:31)\n    at Promise._settlePromise (http://localhost:37903/__cypress/runner/cypress_runner.js:165408:18)\n    at Promise._settlePromise0 (http://localhost:37903/__cypress/runner/cypress_runner.js:165453:10)\n    at Promise._settlePromises (http://localhost:37903/__cypress/runner/cypress_runner.js:165528:18)\n    at Async../node_modules/bluebird/js/release/async.js.Async._drainQueue (http://localhost:37903/__cypress/runner/cypress_runner.js:162140:16)\n    at Async../node_modules/bluebird/js/release/async.js.Async._drainQueues (http://localhost:37903/__cypress/runner/cypress_runner.js:162150:10)\n    at Async.drainQueues (http://localhost:37903/__cypress/runner/cypress_runner.js:162024:14)",
                "diff": null
              },
              "uuid": "aa2aec99-f4d9-49bc-a7a5-c724945a7b2d",
              "parentUUID": "4545bdcb-4a5c-4012-a05d-7b560c01209d",
              "isHook": false,
              "skipped": false
            },
            {
              "title": "Verifica se o botão contém o texto 'VQV'",
              "fullTitle": "10 - Faça o quadro de pixels ter seu tamanho definido pelo usuário. Verifica se o botão contém o texto 'VQV'",
              "timedOut": null,
              "duration": 4931,
              "state": "failed",
              "speed": null,
              "pass": false,
              "fail": true,
              "pending": false,
              "context": null,
              "code": "cy.get('#generate-board').contains(/vqv/i);",
              "err": {
                "message": "CypressError: Timed out retrying: Expected to find element: '#generate-board', but never found it.",
                "estack": "CypressError: Timed out retrying: Expected to find element: '#generate-board', but never found it.\n    at cypressErr (http://localhost:37903/__cypress/runner/cypress_runner.js:149934:9)\n    at throwErr (http://localhost:37903/__cypress/runner/cypress_runner.js:149867:11)\n    at Object.throwErrByPath (http://localhost:37903/__cypress/runner/cypress_runner.js:149915:3)\n    at retry (http://localhost:37903/__cypress/runner/cypress_runner.js:144197:19)\n    at onFailFn (http://localhost:37903/__cypress/runner/cypress_runner.js:132448:16)\n    at tryCatcher (http://localhost:37903/__cypress/runner/cypress_runner.js:167415:23)\n    at Promise._settlePromiseFromHandler (http://localhost:37903/__cypress/runner/cypress_runner.js:165351:31)\n    at Promise._settlePromise (http://localhost:37903/__cypress/runner/cypress_runner.js:165408:18)\n    at Promise._settlePromise0 (http://localhost:37903/__cypress/runner/cypress_runner.js:165453:10)\n    at Promise._settlePromises (http://localhost:37903/__cypress/runner/cypress_runner.js:165528:18)\n    at Async../node_modules/bluebird/js/release/async.js.Async._drainQueue (http://localhost:37903/__cypress/runner/cypress_runner.js:162140:16)\n    at Async../node_modules/bluebird/js/release/async.js.Async._drainQueues (http://localhost:37903/__cypress/runner/cypress_runner.js:162150:10)\n    at Async.drainQueues (http://localhost:37903/__cypress/runner/cypress_runner.js:162024:14)",
                "diff": null
              },
              "uuid": "f1d55bef-7a82-41cc-b3cf-52239878e402",
              "parentUUID": "4545bdcb-4a5c-4012-a05d-7b560c01209d",
              "isHook": false,
              "skipped": false
            },
            {
              "title": "Verifica se o input está posicionado entre a paleta de cores e o quadro de pixels",
              "fullTitle": "10 - Faça o quadro de pixels ter seu tamanho definido pelo usuário. Verifica se o input está posicionado entre a paleta de cores e o quadro de pixels",
              "timedOut": null,
              "duration": 5096,
              "state": "failed",
              "speed": null,
              "pass": false,
              "fail": true,
              "pending": false,
              "context": null,
              "code": "cy.get('#color-palette').then(function (palette) {\n  cy.get('#board-size').should('be.belowOf', palette);\n});\ncy.get('#board-size').then(function (palette) {\n  cy.get('#pixel-board').should('be.belowOf', palette);\n});",
              "err": {
                "message": "CypressError: Timed out retrying: Expected to find element: '#board-size', but never found it.",
                "estack": "CypressError: Timed out retrying: Expected to find element: '#board-size', but never found it.\n    at cypressErr (http://localhost:37903/__cypress/runner/cypress_runner.js:149934:9)\n    at throwErr (http://localhost:37903/__cypress/runner/cypress_runner.js:149867:11)\n    at Object.throwErrByPath (http://localhost:37903/__cypress/runner/cypress_runner.js:149915:3)\n    at retry (http://localhost:37903/__cypress/runner/cypress_runner.js:144197:19)\n    at onFailFn (http://localhost:37903/__cypress/runner/cypress_runner.js:132448:16)\n    at tryCatcher (http://localhost:37903/__cypress/runner/cypress_runner.js:167415:23)\n    at Promise._settlePromiseFromHandler (http://localhost:37903/__cypress/runner/cypress_runner.js:165351:31)\n    at Promise._settlePromise (http://localhost:37903/__cypress/runner/cypress_runner.js:165408:18)\n    at Promise._settlePromise0 (http://localhost:37903/__cypress/runner/cypress_runner.js:165453:10)\n    at Promise._settlePromises (http://localhost:37903/__cypress/runner/cypress_runner.js:165528:18)\n    at Async../node_modules/bluebird/js/release/async.js.Async._drainQueue (http://localhost:37903/__cypress/runner/cypress_runner.js:162140:16)\n    at Async../node_modules/bluebird/js/release/async.js.Async._drainQueues (http://localhost:37903/__cypress/runner/cypress_runner.js:162150:10)\n    at Async.drainQueues (http://localhost:37903/__cypress/runner/cypress_runner.js:162024:14)",
                "diff": null
              },
              "uuid": "bfbdc345-ade7-4c84-a3bc-0e504cd7e4dd",
              "parentUUID": "4545bdcb-4a5c-4012-a05d-7b560c01209d",
              "isHook": false,
              "skipped": false
            },
            {
              "title": "Verifica se o botão está posicionado ao lado do input",
              "fullTitle": "10 - Faça o quadro de pixels ter seu tamanho definido pelo usuário. Verifica se o botão está posicionado ao lado do input",
              "timedOut": null,
              "duration": 5070,
              "state": "failed",
              "speed": null,
              "pass": false,
              "fail": true,
              "pending": false,
              "context": null,
              "code": "cy.get('#board-size').then(function (board) {\n  cy.get('#generate-board').should('be.onTheRightOf', board);\n});",
              "err": {
                "message": "CypressError: Timed out retrying: Expected to find element: '#board-size', but never found it.",
                "estack": "CypressError: Timed out retrying: Expected to find element: '#board-size', but never found it.\n    at cypressErr (http://localhost:37903/__cypress/runner/cypress_runner.js:149934:9)\n    at throwErr (http://localhost:37903/__cypress/runner/cypress_runner.js:149867:11)\n    at Object.throwErrByPath (http://localhost:37903/__cypress/runner/cypress_runner.js:149915:3)\n    at retry (http://localhost:37903/__cypress/runner/cypress_runner.js:144197:19)\n    at onFailFn (http://localhost:37903/__cypress/runner/cypress_runner.js:132448:16)\n    at tryCatcher (http://localhost:37903/__cypress/runner/cypress_runner.js:167415:23)\n    at Promise._settlePromiseFromHandler (http://localhost:37903/__cypress/runner/cypress_runner.js:165351:31)\n    at Promise._settlePromise (http://localhost:37903/__cypress/runner/cypress_runner.js:165408:18)\n    at Promise._settlePromise0 (http://localhost:37903/__cypress/runner/cypress_runner.js:165453:10)\n    at Promise._settlePromises (http://localhost:37903/__cypress/runner/cypress_runner.js:165528:18)\n    at Async../node_modules/bluebird/js/release/async.js.Async._drainQueue (http://localhost:37903/__cypress/runner/cypress_runner.js:162140:16)\n    at Async../node_modules/bluebird/js/release/async.js.Async._drainQueues (http://localhost:37903/__cypress/runner/cypress_runner.js:162150:10)\n    at Async.drainQueues (http://localhost:37903/__cypress/runner/cypress_runner.js:162024:14)",
                "diff": null
              },
              "uuid": "b2a30251-2073-4023-8ee5-da82ce526714",
              "parentUUID": "4545bdcb-4a5c-4012-a05d-7b560c01209d",
              "isHook": false,
              "skipped": false
            },
            {
              "title": "Verifica se nenhum valor for colocado no input ao clicar no botão, um `alert` é exibido com o texto: 'Board inválido!'",
              "fullTitle": "10 - Faça o quadro de pixels ter seu tamanho definido pelo usuário. Verifica se nenhum valor for colocado no input ao clicar no botão, um `alert` é exibido com o texto: 'Board inválido!'",
              "timedOut": null,
              "duration": 4968,
              "state": "failed",
              "speed": null,
              "pass": false,
              "fail": true,
              "pending": false,
              "context": null,
              "code": "var alerted = false;\ncy.on('window:alert', function (msg) {\n  return alerted = msg;\n});\ncy.get('#generate-board').click().then(function () {\n  return expect(alerted).to.match(/Board inválido!/i);\n});",
              "err": {
                "message": "CypressError: Timed out retrying: Expected to find element: '#generate-board', but never found it.",
                "estack": "CypressError: Timed out retrying: Expected to find element: '#generate-board', but never found it.\n    at cypressErr (http://localhost:37903/__cypress/runner/cypress_runner.js:149934:9)\n    at throwErr (http://localhost:37903/__cypress/runner/cypress_runner.js:149867:11)\n    at Object.throwErrByPath (http://localhost:37903/__cypress/runner/cypress_runner.js:149915:3)\n    at retry (http://localhost:37903/__cypress/runner/cypress_runner.js:144197:19)\n    at onFailFn (http://localhost:37903/__cypress/runner/cypress_runner.js:132448:16)\n    at tryCatcher (http://localhost:37903/__cypress/runner/cypress_runner.js:167415:23)\n    at Promise._settlePromiseFromHandler (http://localhost:37903/__cypress/runner/cypress_runner.js:165351:31)\n    at Promise._settlePromise (http://localhost:37903/__cypress/runner/cypress_runner.js:165408:18)\n    at Promise._settlePromise0 (http://localhost:37903/__cypress/runner/cypress_runner.js:165453:10)\n    at Promise._settlePromises (http://localhost:37903/__cypress/runner/cypress_runner.js:165528:18)\n    at Async../node_modules/bluebird/js/release/async.js.Async._drainQueue (http://localhost:37903/__cypress/runner/cypress_runner.js:162140:16)\n    at Async../node_modules/bluebird/js/release/async.js.Async._drainQueues (http://localhost:37903/__cypress/runner/cypress_runner.js:162150:10)\n    at Async.drainQueues (http://localhost:37903/__cypress/runner/cypress_runner.js:162024:14)",
                "diff": null
              },
              "uuid": "b93b9f86-3ab6-4c40-8ab9-8a96674753bd",
              "parentUUID": "4545bdcb-4a5c-4012-a05d-7b560c01209d",
              "isHook": false,
              "skipped": false
            },
            {
              "title": "Verifica se ao clicar no botão com um valor preenchido, o tamanho do board muda.",
              "fullTitle": "10 - Faça o quadro de pixels ter seu tamanho definido pelo usuário. Verifica se ao clicar no botão com um valor preenchido, o tamanho do board muda.",
              "timedOut": null,
              "duration": 5016,
              "state": "failed",
              "speed": null,
              "pass": false,
              "fail": true,
              "pending": false,
              "context": null,
              "code": "cy.get('#board-size').clear().type(10);\ncy.get('#generate-board').click();\ncy.get('.pixel').should('have.length', 100);",
              "err": {
                "message": "CypressError: Timed out retrying: Expected to find element: '#board-size', but never found it.",
                "estack": "CypressError: Timed out retrying: Expected to find element: '#board-size', but never found it.\n    at cypressErr (http://localhost:37903/__cypress/runner/cypress_runner.js:149934:9)\n    at throwErr (http://localhost:37903/__cypress/runner/cypress_runner.js:149867:11)\n    at Object.throwErrByPath (http://localhost:37903/__cypress/runner/cypress_runner.js:149915:3)\n    at retry (http://localhost:37903/__cypress/runner/cypress_runner.js:144197:19)\n    at onFailFn (http://localhost:37903/__cypress/runner/cypress_runner.js:132448:16)\n    at tryCatcher (http://localhost:37903/__cypress/runner/cypress_runner.js:167415:23)\n    at Promise._settlePromiseFromHandler (http://localhost:37903/__cypress/runner/cypress_runner.js:165351:31)\n    at Promise._settlePromise (http://localhost:37903/__cypress/runner/cypress_runner.js:165408:18)\n    at Promise._settlePromise0 (http://localhost:37903/__cypress/runner/cypress_runner.js:165453:10)\n    at Promise._settlePromises (http://localhost:37903/__cypress/runner/cypress_runner.js:165528:18)\n    at Async../node_modules/bluebird/js/release/async.js.Async._drainQueue (http://localhost:37903/__cypress/runner/cypress_runner.js:162140:16)\n    at Async../node_modules/bluebird/js/release/async.js.Async._drainQueues (http://localhost:37903/__cypress/runner/cypress_runner.js:162150:10)\n    at Async.drainQueues (http://localhost:37903/__cypress/runner/cypress_runner.js:162024:14)",
                "diff": null
              },
              "uuid": "dc129713-7e48-4cf5-bbc4-e8b839562a95",
              "parentUUID": "4545bdcb-4a5c-4012-a05d-7b560c01209d",
              "isHook": false,
              "skipped": false
            },
            {
              "title": "Verifica se o novo quadro tem todos os pixels preenchidos com a cor branca",
              "fullTitle": "10 - Faça o quadro de pixels ter seu tamanho definido pelo usuário. Verifica se o novo quadro tem todos os pixels preenchidos com a cor branca",
              "timedOut": null,
              "duration": 5076,
              "state": "failed",
              "speed": null,
              "pass": false,
              "fail": true,
              "pending": false,
              "context": null,
              "code": "cy.get('#board-size').clear().type(6);\ncy.get('#generate-board').click();\ncy.get('.pixel').should('have.length', 36).each(function (pixel) {\n  expect(pixel).to.have.css('background-color', WHITE);\n});",
              "err": {
                "message": "CypressError: Timed out retrying: Expected to find element: '#board-size', but never found it.",
                "estack": "CypressError: Timed out retrying: Expected to find element: '#board-size', but never found it.\n    at cypressErr (http://localhost:37903/__cypress/runner/cypress_runner.js:149934:9)\n    at throwErr (http://localhost:37903/__cypress/runner/cypress_runner.js:149867:11)\n    at Object.throwErrByPath (http://localhost:37903/__cypress/runner/cypress_runner.js:149915:3)\n    at retry (http://localhost:37903/__cypress/runner/cypress_runner.js:144197:19)\n    at onFailFn (http://localhost:37903/__cypress/runner/cypress_runner.js:132448:16)\n    at tryCatcher (http://localhost:37903/__cypress/runner/cypress_runner.js:167415:23)\n    at Promise._settlePromiseFromHandler (http://localhost:37903/__cypress/runner/cypress_runner.js:165351:31)\n    at Promise._settlePromise (http://localhost:37903/__cypress/runner/cypress_runner.js:165408:18)\n    at Promise._settlePromise0 (http://localhost:37903/__cypress/runner/cypress_runner.js:165453:10)\n    at Promise._settlePromises (http://localhost:37903/__cypress/runner/cypress_runner.js:165528:18)\n    at Async../node_modules/bluebird/js/release/async.js.Async._drainQueue (http://localhost:37903/__cypress/runner/cypress_runner.js:162140:16)\n    at Async../node_modules/bluebird/js/release/async.js.Async._drainQueues (http://localhost:37903/__cypress/runner/cypress_runner.js:162150:10)\n    at Async.drainQueues (http://localhost:37903/__cypress/runner/cypress_runner.js:162024:14)",
                "diff": null
              },
              "uuid": "0e73a8aa-18f0-4f39-871e-b46c1b424ed8",
              "parentUUID": "4545bdcb-4a5c-4012-a05d-7b560c01209d",
              "isHook": false,
              "skipped": false
            }
          ],
          "suites": [],
          "passes": [],
          "failures": [
            "c654ebbb-49a7-41cb-8853-07af023bbe5a",
            "6e615bf1-0efb-4252-8cd1-907b350657a8",
            "aa2aec99-f4d9-49bc-a7a5-c724945a7b2d",
            "f1d55bef-7a82-41cc-b3cf-52239878e402",
            "bfbdc345-ade7-4c84-a3bc-0e504cd7e4dd",
            "b2a30251-2073-4023-8ee5-da82ce526714",
            "b93b9f86-3ab6-4c40-8ab9-8a96674753bd",
            "dc129713-7e48-4cf5-bbc4-e8b839562a95",
            "0e73a8aa-18f0-4f39-871e-b46c1b424ed8"
          ],
          "pending": [],
          "skipped": [],
          "duration": 45005,
          "root": false,
          "rootEmpty": false,
          "_timeout": 2000
        },
        {
          "uuid": "a1d064de-b9b9-4140-aca2-0d7bc23b48f2",
          "title": "11 - Limite o tamanho mínimo e máximo do board.",
          "fullFile": "",
          "file": "",
          "beforeHooks": [],
          "afterHooks": [],
          "tests": [
            {
              "title": "Verifica se a altura máxima do board é 50",
              "fullTitle": "11 - Limite o tamanho mínimo e máximo do board. Verifica se a altura máxima do board é 50",
              "timedOut": null,
              "duration": 4900,
              "state": "failed",
              "speed": null,
              "pass": false,
              "fail": true,
              "pending": false,
              "context": null,
              "code": "cy.get('#board-size').clear().type(50);\ncy.get('#generate-board').click();\ncy.get('.pixel').should('have.length', 2500);",
              "err": {
                "message": "CypressError: Timed out retrying: Expected to find element: '#board-size', but never found it.",
                "estack": "CypressError: Timed out retrying: Expected to find element: '#board-size', but never found it.\n    at cypressErr (http://localhost:37903/__cypress/runner/cypress_runner.js:149934:9)\n    at throwErr (http://localhost:37903/__cypress/runner/cypress_runner.js:149867:11)\n    at Object.throwErrByPath (http://localhost:37903/__cypress/runner/cypress_runner.js:149915:3)\n    at retry (http://localhost:37903/__cypress/runner/cypress_runner.js:144197:19)\n    at onFailFn (http://localhost:37903/__cypress/runner/cypress_runner.js:132448:16)\n    at tryCatcher (http://localhost:37903/__cypress/runner/cypress_runner.js:167415:23)\n    at Promise._settlePromiseFromHandler (http://localhost:37903/__cypress/runner/cypress_runner.js:165351:31)\n    at Promise._settlePromise (http://localhost:37903/__cypress/runner/cypress_runner.js:165408:18)\n    at Promise._settlePromise0 (http://localhost:37903/__cypress/runner/cypress_runner.js:165453:10)\n    at Promise._settlePromises (http://localhost:37903/__cypress/runner/cypress_runner.js:165528:18)\n    at Async../node_modules/bluebird/js/release/async.js.Async._drainQueue (http://localhost:37903/__cypress/runner/cypress_runner.js:162140:16)\n    at Async../node_modules/bluebird/js/release/async.js.Async._drainQueues (http://localhost:37903/__cypress/runner/cypress_runner.js:162150:10)\n    at Async.drainQueues (http://localhost:37903/__cypress/runner/cypress_runner.js:162024:14)",
                "diff": null
              },
              "uuid": "f6e1e64a-738b-4688-9b63-54390c7f5206",
              "parentUUID": "a1d064de-b9b9-4140-aca2-0d7bc23b48f2",
              "isHook": false,
              "skipped": false
            },
            {
              "title": "Verifica se a altura do board é 5 quando um valor menor é colocado no input",
              "fullTitle": "11 - Limite o tamanho mínimo e máximo do board. Verifica se a altura do board é 5 quando um valor menor é colocado no input",
              "timedOut": null,
              "duration": 5174,
              "state": "failed",
              "speed": null,
              "pass": false,
              "fail": true,
              "pending": false,
              "context": null,
              "code": "cy.get('#board-size').clear().type(4);\ncy.get('#generate-board').click();\ncy.get('.pixel').should('have.length', 25);",
              "err": {
                "message": "CypressError: Timed out retrying: Expected to find element: '#board-size', but never found it.",
                "estack": "CypressError: Timed out retrying: Expected to find element: '#board-size', but never found it.\n    at cypressErr (http://localhost:37903/__cypress/runner/cypress_runner.js:149934:9)\n    at throwErr (http://localhost:37903/__cypress/runner/cypress_runner.js:149867:11)\n    at Object.throwErrByPath (http://localhost:37903/__cypress/runner/cypress_runner.js:149915:3)\n    at retry (http://localhost:37903/__cypress/runner/cypress_runner.js:144197:19)\n    at onFailFn (http://localhost:37903/__cypress/runner/cypress_runner.js:132448:16)\n    at tryCatcher (http://localhost:37903/__cypress/runner/cypress_runner.js:167415:23)\n    at Promise._settlePromiseFromHandler (http://localhost:37903/__cypress/runner/cypress_runner.js:165351:31)\n    at Promise._settlePromise (http://localhost:37903/__cypress/runner/cypress_runner.js:165408:18)\n    at Promise._settlePromise0 (http://localhost:37903/__cypress/runner/cypress_runner.js:165453:10)\n    at Promise._settlePromises (http://localhost:37903/__cypress/runner/cypress_runner.js:165528:18)\n    at Async../node_modules/bluebird/js/release/async.js.Async._drainQueue (http://localhost:37903/__cypress/runner/cypress_runner.js:162140:16)\n    at Async../node_modules/bluebird/js/release/async.js.Async._drainQueues (http://localhost:37903/__cypress/runner/cypress_runner.js:162150:10)\n    at Async.drainQueues (http://localhost:37903/__cypress/runner/cypress_runner.js:162024:14)",
                "diff": null
              },
              "uuid": "e29aa5b1-0af6-4052-9857-03e791db6e5b",
              "parentUUID": "a1d064de-b9b9-4140-aca2-0d7bc23b48f2",
              "isHook": false,
              "skipped": false
            },
            {
              "title": "Verifica se a altura do board é 50 quando um valor maior é colocado no input",
              "fullTitle": "11 - Limite o tamanho mínimo e máximo do board. Verifica se a altura do board é 50 quando um valor maior é colocado no input",
              "timedOut": null,
              "duration": 5089,
              "state": "failed",
              "speed": null,
              "pass": false,
              "fail": true,
              "pending": false,
              "context": null,
              "code": "cy.get('#board-size').clear().type(51);\ncy.get('#generate-board').click();\ncy.get('.pixel').should('have.length', 2500);",
              "err": {
                "message": "CypressError: Timed out retrying: Expected to find element: '#board-size', but never found it.",
                "estack": "CypressError: Timed out retrying: Expected to find element: '#board-size', but never found it.\n    at cypressErr (http://localhost:37903/__cypress/runner/cypress_runner.js:149934:9)\n    at throwErr (http://localhost:37903/__cypress/runner/cypress_runner.js:149867:11)\n    at Object.throwErrByPath (http://localhost:37903/__cypress/runner/cypress_runner.js:149915:3)\n    at retry (http://localhost:37903/__cypress/runner/cypress_runner.js:144197:19)\n    at onFailFn (http://localhost:37903/__cypress/runner/cypress_runner.js:132448:16)\n    at tryCatcher (http://localhost:37903/__cypress/runner/cypress_runner.js:167415:23)\n    at Promise._settlePromiseFromHandler (http://localhost:37903/__cypress/runner/cypress_runner.js:165351:31)\n    at Promise._settlePromise (http://localhost:37903/__cypress/runner/cypress_runner.js:165408:18)\n    at Promise._settlePromise0 (http://localhost:37903/__cypress/runner/cypress_runner.js:165453:10)\n    at Promise._settlePromises (http://localhost:37903/__cypress/runner/cypress_runner.js:165528:18)\n    at Async../node_modules/bluebird/js/release/async.js.Async._drainQueue (http://localhost:37903/__cypress/runner/cypress_runner.js:162140:16)\n    at Async../node_modules/bluebird/js/release/async.js.Async._drainQueues (http://localhost:37903/__cypress/runner/cypress_runner.js:162150:10)\n    at Async.drainQueues (http://localhost:37903/__cypress/runner/cypress_runner.js:162024:14)",
                "diff": null
              },
              "uuid": "63b7168c-c6d4-4002-96e3-e48bc9faeb66",
              "parentUUID": "a1d064de-b9b9-4140-aca2-0d7bc23b48f2",
              "isHook": false,
              "skipped": false
            }
          ],
          "suites": [],
          "passes": [],
          "failures": [
            "f6e1e64a-738b-4688-9b63-54390c7f5206",
            "e29aa5b1-0af6-4052-9857-03e791db6e5b",
            "63b7168c-c6d4-4002-96e3-e48bc9faeb66"
          ],
          "pending": [],
          "skipped": [],
          "duration": 15163,
          "root": false,
          "rootEmpty": false,
          "_timeout": 2000
        },
        {
          "uuid": "c434ead8-2ee7-4def-afef-6f39775b3dd9",
          "title": "12 - Faça com que as cores da paleta sejam geradas aleatoriamente ao carregar a página.",
          "fullFile": "",
          "file": "",
          "beforeHooks": [],
          "afterHooks": [],
          "tests": [
            {
              "title": "Verifica se as cores geradas na paleta são diferentes a cada carregamento da página",
              "fullTitle": "12 - Faça com que as cores da paleta sejam geradas aleatoriamente ao carregar a página. Verifica se as cores geradas na paleta são diferentes a cada carregamento da página",
              "timedOut": null,
              "duration": 1187,
              "state": "failed",
              "speed": null,
              "pass": false,
              "fail": true,
              "pending": false,
              "context": null,
              "code": "cy.get('.color').then(function (colors) {\n  var currentColors;\n  var previousColors;\n  previousColors = Array.from(colors).map(function (color) {\n    return Cypress.$(color).css('background-color');\n  });\n  for (var i = 0; i < 5; i += 1) {\n    cy.reload();\n    cy.get('.color').then(function (colors) {\n      currentColors = Array.from(colors).map(function (color) {\n        return Cypress.$(color).css('background-color');\n      });\n      expect(currentColors).not.to.deep.equal(previousColors);\n      previousColors = currentColors;\n    });\n  }\n});",
              "err": {
                "message": "AssertionError: expected [ Array(4) ] to not deeply equal [ Array(4) ]",
                "estack": "AssertionError: expected [ Array(4) ] to not deeply equal [ Array(4) ]\n    at getRet (http://localhost:37903/__cypress/runner/cypress_runner.js:136585:16)\n    at tryCatcher (http://localhost:37903/__cypress/runner/cypress_runner.js:167415:23)\n    at Function.Promise.attempt.Promise.try (http://localhost:37903/__cypress/runner/cypress_runner.js:164690:29)\n    at Context.thenFn (http://localhost:37903/__cypress/runner/cypress_runner.js:136599:23)\n    at Context.then (http://localhost:37903/__cypress/runner/cypress_runner.js:136971:21)\n    at Context.<anonymous> (http://localhost:37903/__cypress/runner/cypress_runner.js:148875:21)\n    at http://localhost:37903/__cypress/runner/cypress_runner.js:148351:33\n    at tryCatcher (http://localhost:37903/__cypress/runner/cypress_runner.js:167415:23)\n    at Promise._settlePromiseFromHandler (http://localhost:37903/__cypress/runner/cypress_runner.js:165351:31)\n    at Promise._settlePromise (http://localhost:37903/__cypress/runner/cypress_runner.js:165408:18)\n    at Promise._settlePromiseCtx (http://localhost:37903/__cypress/runner/cypress_runner.js:165445:10)\n    at Async../node_modules/bluebird/js/release/async.js.Async._drainQueue (http://localhost:37903/__cypress/runner/cypress_runner.js:162145:12)\n    at Async../node_modules/bluebird/js/release/async.js.Async._drainQueues (http://localhost:37903/__cypress/runner/cypress_runner.js:162150:10)\n    at Async.drainQueues (http://localhost:37903/__cypress/runner/cypress_runner.js:162024:14)",
                "diff": ""
              },
              "uuid": "a9c3c2b5-9c54-455b-bdbd-54b680964c22",
              "parentUUID": "c434ead8-2ee7-4def-afef-6f39775b3dd9",
              "isHook": false,
              "skipped": false
            },
            {
              "title": "Verifica se a cor preta ainda está presente e é a primeira na sua paleta de cores",
              "fullTitle": "12 - Faça com que as cores da paleta sejam geradas aleatoriamente ao carregar a página. Verifica se a cor preta ainda está presente e é a primeira na sua paleta de cores",
              "timedOut": null,
              "duration": 1063,
              "state": "failed",
              "speed": null,
              "pass": false,
              "fail": true,
              "pending": false,
              "context": null,
              "code": "cy.get('.color').then(function (colors) {\n  var currentColors;\n  var previousColors;\n  previousColors = Array.from(colors).map(function (color) {\n    return Cypress.$(color).css('background-color');\n  });\n  expect(previousColors[0]).to.eq(BLACK);\n  for (var i = 0; i < 5; i += 1) {\n    cy.reload();\n    cy.get('.color').then(function (colors) {\n      currentColors = Array.from(colors).map(function (color) {\n        return Cypress.$(color).css('background-color');\n      });\n      expect(currentColors[0]).to.eq(BLACK);\n      expect(currentColors).not.to.deep.equal(previousColors);\n      previousColors = currentColors;\n    });\n  }\n});",
              "err": {
                "message": "AssertionError: expected [ Array(4) ] to not deeply equal [ Array(4) ]",
                "estack": "AssertionError: expected [ Array(4) ] to not deeply equal [ Array(4) ]\n    at getRet (http://localhost:37903/__cypress/runner/cypress_runner.js:136585:16)\n    at tryCatcher (http://localhost:37903/__cypress/runner/cypress_runner.js:167415:23)\n    at Function.Promise.attempt.Promise.try (http://localhost:37903/__cypress/runner/cypress_runner.js:164690:29)\n    at Context.thenFn (http://localhost:37903/__cypress/runner/cypress_runner.js:136599:23)\n    at Context.then (http://localhost:37903/__cypress/runner/cypress_runner.js:136971:21)\n    at Context.<anonymous> (http://localhost:37903/__cypress/runner/cypress_runner.js:148875:21)\n    at http://localhost:37903/__cypress/runner/cypress_runner.js:148351:33\n    at tryCatcher (http://localhost:37903/__cypress/runner/cypress_runner.js:167415:23)\n    at Promise._settlePromiseFromHandler (http://localhost:37903/__cypress/runner/cypress_runner.js:165351:31)\n    at Promise._settlePromise (http://localhost:37903/__cypress/runner/cypress_runner.js:165408:18)\n    at Promise._settlePromiseCtx (http://localhost:37903/__cypress/runner/cypress_runner.js:165445:10)\n    at Async../node_modules/bluebird/js/release/async.js.Async._drainQueue (http://localhost:37903/__cypress/runner/cypress_runner.js:162145:12)\n    at Async../node_modules/bluebird/js/release/async.js.Async._drainQueues (http://localhost:37903/__cypress/runner/cypress_runner.js:162150:10)\n    at Async.drainQueues (http://localhost:37903/__cypress/runner/cypress_runner.js:162024:14)",
                "diff": ""
              },
              "uuid": "f158fc28-e093-4535-8065-77c0d8bf8dfd",
              "parentUUID": "c434ead8-2ee7-4def-afef-6f39775b3dd9",
              "isHook": false,
              "skipped": false
            }
          ],
          "suites": [],
          "passes": [],
          "failures": [
            "a9c3c2b5-9c54-455b-bdbd-54b680964c22",
            "f158fc28-e093-4535-8065-77c0d8bf8dfd"
          ],
          "pending": [],
          "skipped": [],
          "duration": 2250,
          "root": false,
          "rootEmpty": false,
          "_timeout": 2000
        }
      ],
      "passes": [],
      "failures": [],
      "pending": [],
      "skipped": [],
      "duration": 0,
      "root": true,
      "rootEmpty": true,
      "_timeout": 2000
    }
  ],
  "meta": {
    "mocha": {
      "version": "7.0.1"
    },
    "mochawesome": {
      "options": {
        "quiet": false,
        "reportFilename": "mochawesome",
        "saveHtml": false,
        "saveJson": true,
        "consoleReporter": "spec",
        "useInlineDiffs": false
      },
      "version": "4.1.0"
    },
    "marge": {
      "options": {
        "id": "default",
        "reportDir": "cypress/reports",
        "overwrite": true,
        "html": false,
        "json": true
      },
      "version": "4.1.0"
    }
  }
}