{
  "stats": {
    "suites": 12,
    "tests": 41,
    "passes": 19,
    "pending": 0,
    "failures": 22,
    "start": "2021-09-15T16:00:14.305Z",
    "end": "2021-09-15T16:01:51.686Z",
    "duration": 97381,
    "testsRegistered": 41,
    "passPercent": 46.34146341463415,
    "pendingPercent": 0,
    "other": 0,
    "hasOther": false,
    "skipped": 0,
    "hasSkipped": false
  },
  "results": [
    {
      "uuid": "07249950-358e-4642-8457-22d4cc063319",
      "title": "",
      "fullFile": "cypress/integration/project.spec.js",
      "file": "cypress/integration/project.spec.js",
      "beforeHooks": [],
      "afterHooks": [],
      "tests": [],
      "suites": [
        {
          "uuid": "acbe18f7-e75a-472e-aa58-399f82afa2b0",
          "title": "1 - Adicione à página o título \"Paleta de Cores\".",
          "fullFile": "",
          "file": "",
          "beforeHooks": [],
          "afterHooks": [],
          "tests": [
            {
              "title": "Verifica se contém um elemento `h1` com o id `title` com o título correto",
              "fullTitle": "1 - Adicione à página o título \"Paleta de Cores\". Verifica se contém um elemento `h1` com o id `title` com o título correto",
              "timedOut": null,
              "duration": 526,
              "state": "passed",
              "speed": "slow",
              "pass": true,
              "fail": false,
              "pending": false,
              "context": null,
              "code": "cy.get('h1#title').should('contain.text', 'Paleta de Cores');",
              "err": {},
              "uuid": "744dd5ef-6f55-440f-b676-a06c73e0d8eb",
              "parentUUID": "acbe18f7-e75a-472e-aa58-399f82afa2b0",
              "isHook": false,
              "skipped": false
            }
          ],
          "suites": [],
          "passes": [
            "744dd5ef-6f55-440f-b676-a06c73e0d8eb"
          ],
          "failures": [],
          "pending": [],
          "skipped": [],
          "duration": 526,
          "root": false,
          "rootEmpty": false,
          "_timeout": 2000
        },
        {
          "uuid": "dcd4beaa-265e-4e5b-801d-8313b780fe1a",
          "title": "2 - Adicione à página uma paleta de quatro cores distintas.",
          "fullFile": "",
          "file": "",
          "beforeHooks": [],
          "afterHooks": [],
          "tests": [
            {
              "title": "A paleta de cores deve ser um elemento com `id` denominado `color-palette`",
              "fullTitle": "2 - Adicione à página uma paleta de quatro cores distintas. A paleta de cores deve ser um elemento com `id` denominado `color-palette`",
              "timedOut": null,
              "duration": 188,
              "state": "passed",
              "speed": "slow",
              "pass": true,
              "fail": false,
              "pending": false,
              "context": null,
              "code": "cy.get('#color-palette').should('be.visible');\ncy.get('#color-palette').children('.color');",
              "err": {},
              "uuid": "cc78b01a-60da-4372-9f5e-9f710055344e",
              "parentUUID": "dcd4beaa-265e-4e5b-801d-8313b780fe1a",
              "isHook": false,
              "skipped": false
            },
            {
              "title": "Verifica se cada cor individual da paleta de cores possui a `classe` chamada `color`.",
              "fullTitle": "2 - Adicione à página uma paleta de quatro cores distintas. Verifica se cada cor individual da paleta de cores possui a `classe` chamada `color`.",
              "timedOut": null,
              "duration": 460,
              "state": "passed",
              "speed": "slow",
              "pass": true,
              "fail": false,
              "pending": false,
              "context": null,
              "code": "cy.get('.color').should('have.length', 4).then(function (colors) {\n  for (var i = 0; i < colors.length; i++) {\n    cy.wrap(colors[i]).should('be.visible');\n  }\n});",
              "err": {},
              "uuid": "43f280d8-a4a1-489e-bf74-e3323594abd0",
              "parentUUID": "dcd4beaa-265e-4e5b-801d-8313b780fe1a",
              "isHook": false,
              "skipped": false
            },
            {
              "title": "Verifica se a cor de fundo de cada elemento da paleta é a cor que o elemento representa. **A única cor não permitida na paleta é a cor branca.**",
              "fullTitle": "2 - Adicione à página uma paleta de quatro cores distintas. Verifica se a cor de fundo de cada elemento da paleta é a cor que o elemento representa. **A única cor não permitida na paleta é a cor branca.**",
              "timedOut": null,
              "duration": 557,
              "state": "passed",
              "speed": "slow",
              "pass": true,
              "fail": false,
              "pending": false,
              "context": null,
              "code": "cy.get('.color').each(function (color) {\n  cy.wrap(color).should('have.class', 'color').and('not.have.css', 'background-color', WHITE);\n  cy.wrap(color).should('have.css', 'background-color');\n});",
              "err": {},
              "uuid": "4c937bf1-59fc-4e1c-ba95-f4d0432d59c9",
              "parentUUID": "dcd4beaa-265e-4e5b-801d-8313b780fe1a",
              "isHook": false,
              "skipped": false
            },
            {
              "title": "Verifica se cada elemento da paleta de cores tem uma borda preta, sólida e com 1 pixel de largura;",
              "fullTitle": "2 - Adicione à página uma paleta de quatro cores distintas. Verifica se cada elemento da paleta de cores tem uma borda preta, sólida e com 1 pixel de largura;",
              "timedOut": null,
              "duration": 350,
              "state": "passed",
              "speed": "slow",
              "pass": true,
              "fail": false,
              "pending": false,
              "context": null,
              "code": "cy.get('.color').each(function (color) {\n  cy.wrap(color).and('have.css', 'border', \"1px solid \".concat(BLACK)).and('have.class', 'color');\n});",
              "err": {},
              "uuid": "b853af9f-17cf-4bf1-a8e9-83e3c74fb67e",
              "parentUUID": "dcd4beaa-265e-4e5b-801d-8313b780fe1a",
              "isHook": false,
              "skipped": false
            },
            {
              "title": "Verifica se a paleta lista todas as cores disponíveis para utilização, lado a lado.",
              "fullTitle": "2 - Adicione à página uma paleta de quatro cores distintas. Verifica se a paleta lista todas as cores disponíveis para utilização, lado a lado.",
              "timedOut": null,
              "duration": 4475,
              "state": "failed",
              "speed": null,
              "pass": false,
              "fail": true,
              "pending": false,
              "context": null,
              "code": "cy.get('.color').then(function (colors) {\n  for (var index = 1; index < colors.length; index += 1) {\n    var currentColor = colors[index];\n    var previousColor = colors[index - 1];\n    cy.wrap(currentColor).should('be.onTheRightOf', previousColor).and('be.horizontallyAlignedWith', previousColor);\n  }\n});",
              "err": {
                "message": "CypressError: Timed out retrying: expected '<div.color>' to be horizontally aligned with <div class=\"color selected\" style=\"background-color: black; border: thin solid black;\"></div>",
                "estack": "CypressError: Timed out retrying: expected '<div.color>' to be horizontally aligned with <div class=\"color selected\" style=\"background-color: black; border: thin solid black;\"></div>\n    at cypressErr (http://localhost:38773/__cypress/runner/cypress_runner.js:149934:9)\n    at throwErr (http://localhost:38773/__cypress/runner/cypress_runner.js:149867:11)\n    at Object.throwErrByPath (http://localhost:38773/__cypress/runner/cypress_runner.js:149915:3)\n    at retry (http://localhost:38773/__cypress/runner/cypress_runner.js:144197:19)\n    at onFailFn (http://localhost:38773/__cypress/runner/cypress_runner.js:132448:16)\n    at tryCatcher (http://localhost:38773/__cypress/runner/cypress_runner.js:167415:23)\n    at Promise._settlePromiseFromHandler (http://localhost:38773/__cypress/runner/cypress_runner.js:165351:31)\n    at Promise._settlePromise (http://localhost:38773/__cypress/runner/cypress_runner.js:165408:18)\n    at Promise._settlePromise0 (http://localhost:38773/__cypress/runner/cypress_runner.js:165453:10)\n    at Promise._settlePromises (http://localhost:38773/__cypress/runner/cypress_runner.js:165528:18)\n    at Async../node_modules/bluebird/js/release/async.js.Async._drainQueue (http://localhost:38773/__cypress/runner/cypress_runner.js:162140:16)\n    at Async../node_modules/bluebird/js/release/async.js.Async._drainQueues (http://localhost:38773/__cypress/runner/cypress_runner.js:162150:10)\n    at Async.drainQueues (http://localhost:38773/__cypress/runner/cypress_runner.js:162024:14)",
                "diff": null
              },
              "uuid": "ed5079bb-7d66-4c12-aea3-d23d36b09d80",
              "parentUUID": "dcd4beaa-265e-4e5b-801d-8313b780fe1a",
              "isHook": false,
              "skipped": false
            },
            {
              "title": "Verifica se a paleta de cores está posicionada abaixo do título 'Paleta de Cores'",
              "fullTitle": "2 - Adicione à página uma paleta de quatro cores distintas. Verifica se a paleta de cores está posicionada abaixo do título 'Paleta de Cores'",
              "timedOut": null,
              "duration": 197,
              "state": "passed",
              "speed": "slow",
              "pass": true,
              "fail": false,
              "pending": false,
              "context": null,
              "code": "cy.get('h1#title').then(function (title) {\n  cy.get('#color-palette').should('be.belowOf', title);\n});",
              "err": {},
              "uuid": "88c84cb0-edd9-4ffe-9ad5-eeff20188518",
              "parentUUID": "dcd4beaa-265e-4e5b-801d-8313b780fe1a",
              "isHook": false,
              "skipped": false
            },
            {
              "title": "Verifica se a paleta de cores não contém cores repetidas.",
              "fullTitle": "2 - Adicione à página uma paleta de quatro cores distintas. Verifica se a paleta de cores não contém cores repetidas.",
              "timedOut": null,
              "duration": 167,
              "state": "passed",
              "speed": "slow",
              "pass": true,
              "fail": false,
              "pending": false,
              "context": null,
              "code": "cy.get('.color').then(function (colors) {\n  var allColors = Array.from(colors).map(function (color) {\n    return Cypress.$(color).css('background-color');\n  });\n  cy.log(allColors);\n  var uniqColors = (0, _toConsumableArray2[\"default\"])(new Set(allColors));\n  cy.log(uniqColors);\n  expect(allColors.length).to.eq(uniqColors.length);\n});",
              "err": {},
              "uuid": "f1eef866-bc0c-41e7-b5f9-721ec1aef57a",
              "parentUUID": "dcd4beaa-265e-4e5b-801d-8313b780fe1a",
              "isHook": false,
              "skipped": false
            }
          ],
          "suites": [],
          "passes": [
            "cc78b01a-60da-4372-9f5e-9f710055344e",
            "43f280d8-a4a1-489e-bf74-e3323594abd0",
            "4c937bf1-59fc-4e1c-ba95-f4d0432d59c9",
            "b853af9f-17cf-4bf1-a8e9-83e3c74fb67e",
            "88c84cb0-edd9-4ffe-9ad5-eeff20188518",
            "f1eef866-bc0c-41e7-b5f9-721ec1aef57a"
          ],
          "failures": [
            "ed5079bb-7d66-4c12-aea3-d23d36b09d80"
          ],
          "pending": [],
          "skipped": [],
          "duration": 6394,
          "root": false,
          "rootEmpty": false,
          "_timeout": 2000
        },
        {
          "uuid": "ea0dabdb-50c9-408d-b54c-631e49063682",
          "title": "3 - Adicione a cor **preta** como a primeira cor da paleta de cores.",
          "fullFile": "",
          "file": "",
          "beforeHooks": [],
          "afterHooks": [],
          "tests": [
            {
              "title": "Verifica se a primeira cor da paleta é preta",
              "fullTitle": "3 - Adicione a cor **preta** como a primeira cor da paleta de cores. Verifica se a primeira cor da paleta é preta",
              "timedOut": null,
              "duration": 105,
              "state": "passed",
              "speed": "slow",
              "pass": true,
              "fail": false,
              "pending": false,
              "context": null,
              "code": "cy.get('.color').first().should('have.css', 'background-color', BLACK);",
              "err": {},
              "uuid": "a129fee8-6d83-4f1a-b3b1-7df1e69c4991",
              "parentUUID": "ea0dabdb-50c9-408d-b54c-631e49063682",
              "isHook": false,
              "skipped": false
            },
            {
              "title": "Verifica se as demais cores podem ser escolhidas livremente.",
              "fullTitle": "3 - Adicione a cor **preta** como a primeira cor da paleta de cores. Verifica se as demais cores podem ser escolhidas livremente.",
              "timedOut": null,
              "duration": 195,
              "state": "passed",
              "speed": "slow",
              "pass": true,
              "fail": false,
              "pending": false,
              "context": null,
              "code": "cy.get('.color').eq(1).should('not.have.css', 'background-color', BLACK);\ncy.get('.color').eq(1).should('not.have.css', 'background-color', WHITE);\ncy.get('.color').eq(1).should('not.have.css', 'background-color', 'rgba(0, 0, 0, 0)');\ncy.get('.color').eq(1).should('have.css', 'background-color');\ncy.get('.color').eq(2).should('not.have.css', 'background-color', BLACK);\ncy.get('.color').eq(2).should('not.have.css', 'background-color', WHITE);\ncy.get('.color').eq(2).should('not.have.css', 'background-color', 'rgba(0, 0, 0, 0)');\ncy.get('.color').eq(2).should('have.css', 'background-color');\ncy.get('.color').eq(3).should('not.have.css', 'background-color', BLACK);\ncy.get('.color').eq(3).should('not.have.css', 'background-color', WHITE);\ncy.get('.color').eq(3).should('not.have.css', 'background-color', 'rgba(0, 0, 0, 0)');\ncy.get('.color').eq(3).should('have.css', 'background-color');",
              "err": {},
              "uuid": "34de4fd1-4d98-4307-a18a-587308827a57",
              "parentUUID": "ea0dabdb-50c9-408d-b54c-631e49063682",
              "isHook": false,
              "skipped": false
            }
          ],
          "suites": [],
          "passes": [
            "a129fee8-6d83-4f1a-b3b1-7df1e69c4991",
            "34de4fd1-4d98-4307-a18a-587308827a57"
          ],
          "failures": [],
          "pending": [],
          "skipped": [],
          "duration": 300,
          "root": false,
          "rootEmpty": false,
          "_timeout": 2000
        },
        {
          "uuid": "d5d1c54b-976d-4229-8bc9-e4041d9330a8",
          "title": "4 - Adicione à página um quadro de pixels, com 25 pixels.",
          "fullFile": "",
          "file": "",
          "beforeHooks": [],
          "afterHooks": [],
          "tests": [
            {
              "title": "Verifica se o quadro de pixels possui o `id` denominado `pixel-board`",
              "fullTitle": "4 - Adicione à página um quadro de pixels, com 25 pixels. Verifica se o quadro de pixels possui o `id` denominado `pixel-board`",
              "timedOut": null,
              "duration": 114,
              "state": "passed",
              "speed": "slow",
              "pass": true,
              "fail": false,
              "pending": false,
              "context": null,
              "code": "cy.get('#pixel-board').should('be.visible');",
              "err": {},
              "uuid": "8a654a89-fc9b-44cb-b9a8-7ca28136990d",
              "parentUUID": "d5d1c54b-976d-4229-8bc9-e4041d9330a8",
              "isHook": false,
              "skipped": false
            },
            {
              "title": "Verifica se cada pixel individual dentro do quadro possui a `classe` denominada `pixel`.",
              "fullTitle": "4 - Adicione à página um quadro de pixels, com 25 pixels. Verifica se cada pixel individual dentro do quadro possui a `classe` denominada `pixel`.",
              "timedOut": null,
              "duration": 230,
              "state": "passed",
              "speed": "slow",
              "pass": true,
              "fail": false,
              "pending": false,
              "context": null,
              "code": "cy.get('.pixel').should('have.length', 25);",
              "err": {},
              "uuid": "d0bb32d7-f70d-4ca9-9131-e4f26afe8087",
              "parentUUID": "d5d1c54b-976d-4229-8bc9-e4041d9330a8",
              "isHook": false,
              "skipped": false
            },
            {
              "title": "Verifica se a cor inicial dos pixels dentro do quadro, ao abrir a página, é branca.",
              "fullTitle": "4 - Adicione à página um quadro de pixels, com 25 pixels. Verifica se a cor inicial dos pixels dentro do quadro, ao abrir a página, é branca.",
              "timedOut": null,
              "duration": 284,
              "state": "passed",
              "speed": "slow",
              "pass": true,
              "fail": false,
              "pending": false,
              "context": null,
              "code": "cy.get('.pixel').should('have.length', 25).each(function (pixel) {\n  expect(pixel).to.have.css('background-color', WHITE);\n});",
              "err": {},
              "uuid": "912132c7-3c8d-4fd3-af38-334752cf831b",
              "parentUUID": "d5d1c54b-976d-4229-8bc9-e4041d9330a8",
              "isHook": false,
              "skipped": false
            },
            {
              "title": "Verifica se o quadro de pixels aparece abaixo da paleta de cores",
              "fullTitle": "4 - Adicione à página um quadro de pixels, com 25 pixels. Verifica se o quadro de pixels aparece abaixo da paleta de cores",
              "timedOut": null,
              "duration": 112,
              "state": "passed",
              "speed": "slow",
              "pass": true,
              "fail": false,
              "pending": false,
              "context": null,
              "code": "cy.get('#color-palette').then(function (palette) {\n  cy.get('#pixel-board').should('be.belowOf', palette);\n});",
              "err": {},
              "uuid": "7d2f9804-dcee-410f-8cad-476d1d327198",
              "parentUUID": "d5d1c54b-976d-4229-8bc9-e4041d9330a8",
              "isHook": false,
              "skipped": false
            }
          ],
          "suites": [],
          "passes": [
            "8a654a89-fc9b-44cb-b9a8-7ca28136990d",
            "d0bb32d7-f70d-4ca9-9131-e4f26afe8087",
            "912132c7-3c8d-4fd3-af38-334752cf831b",
            "7d2f9804-dcee-410f-8cad-476d1d327198"
          ],
          "failures": [],
          "pending": [],
          "skipped": [],
          "duration": 740,
          "root": false,
          "rootEmpty": false,
          "_timeout": 2000
        },
        {
          "uuid": "d602804c-c7a4-4f30-8043-ffc65031dcca",
          "title": "5 - Faça com que cada elemento do quadro de pixels possua 40 pixels de largura, 40 pixels de altura e seja delimitado por uma borda preta de 1 pixel.",
          "fullFile": "",
          "file": "",
          "beforeHooks": [],
          "afterHooks": [],
          "tests": [
            {
              "title": "Verifica se o quadro de pixels tem altura e comprimento de 5 elementos",
              "fullTitle": "5 - Faça com que cada elemento do quadro de pixels possua 40 pixels de largura, 40 pixels de altura e seja delimitado por uma borda preta de 1 pixel. Verifica se o quadro de pixels tem altura e comprimento de 5 elementos",
              "timedOut": null,
              "duration": 396,
              "state": "passed",
              "speed": "slow",
              "pass": true,
              "fail": false,
              "pending": false,
              "context": null,
              "code": "cy.get('.pixel').should('have.length', 25).each(function (pixel) {\n  expect(pixel).to.have.css('background-color', WHITE);\n}).and(function (pixels) {\n  var rows = chunk(pixels, 5);\n  rows.forEach(function (row) {\n    for (var index = 1; index < row.length; index += 1) {\n      var current = pixels[index];\n      var previous = pixels[index - 1];\n      cy.wrap(current).should('be.onTheRightOf', previous).and('be.horizontallyAlignedWith', previous);\n    }\n  });\n  for (var index = 1; index < 5; index += 1) {\n    expect(pixels[index * 5]).to.be.belowOf(pixels[(index - 1) * 5]);\n  }\n});",
              "err": {},
              "uuid": "3a11c406-bc97-46ab-a4ae-ce0aadb69a82",
              "parentUUID": "d602804c-c7a4-4f30-8043-ffc65031dcca",
              "isHook": false,
              "skipped": false
            },
            {
              "title": "Verifica se 40 pixels é o tamanho total do elemento, incluindo seu conteúdo e excluindo a borda preta, que deve ser criada à parte.",
              "fullTitle": "5 - Faça com que cada elemento do quadro de pixels possua 40 pixels de largura, 40 pixels de altura e seja delimitado por uma borda preta de 1 pixel. Verifica se 40 pixels é o tamanho total do elemento, incluindo seu conteúdo e excluindo a borda preta, que deve ser criada à parte.",
              "timedOut": null,
              "duration": 488,
              "state": "passed",
              "speed": "slow",
              "pass": true,
              "fail": false,
              "pending": false,
              "context": null,
              "code": "cy.get('.pixel').each(function (pixel) {\n  cy.wrap(pixel).should('have.css', 'height', '40px').and('have.css', 'width', '40px').and('have.css', 'border', \"1px solid \".concat(BLACK));\n});",
              "err": {},
              "uuid": "ad85e457-ec6a-4fe9-9494-e29169ef453e",
              "parentUUID": "d602804c-c7a4-4f30-8043-ffc65031dcca",
              "isHook": false,
              "skipped": false
            }
          ],
          "suites": [],
          "passes": [
            "3a11c406-bc97-46ab-a4ae-ce0aadb69a82",
            "ad85e457-ec6a-4fe9-9494-e29169ef453e"
          ],
          "failures": [],
          "pending": [],
          "skipped": [],
          "duration": 884,
          "root": false,
          "rootEmpty": false,
          "_timeout": 2000
        },
        {
          "uuid": "d31956e6-9559-476f-9a64-3e70516d37cf",
          "title": "6 - Defina a cor preta como cor inicial. Ao carregar a página a cor preta já deve estar selecionada para pintar os pixels",
          "fullFile": "",
          "file": "",
          "beforeHooks": [],
          "afterHooks": [],
          "tests": [
            {
              "title": "Verifica se o elemento da cor preta possui, inicialmente, a `classe` `selected`",
              "fullTitle": "6 - Defina a cor preta como cor inicial. Ao carregar a página a cor preta já deve estar selecionada para pintar os pixels Verifica se o elemento da cor preta possui, inicialmente, a `classe` `selected`",
              "timedOut": null,
              "duration": 164,
              "state": "passed",
              "speed": "slow",
              "pass": true,
              "fail": false,
              "pending": false,
              "context": null,
              "code": "cy.get('.selected').first().should('have.css', 'background-color', BLACK);",
              "err": {},
              "uuid": "1664e946-e30f-4ccd-a9be-c56ded1e9915",
              "parentUUID": "d31956e6-9559-476f-9a64-3e70516d37cf",
              "isHook": false,
              "skipped": false
            },
            {
              "title": "Verifica se nenhuma outra cor da paleta tem a `classe` `selected`",
              "fullTitle": "6 - Defina a cor preta como cor inicial. Ao carregar a página a cor preta já deve estar selecionada para pintar os pixels Verifica se nenhuma outra cor da paleta tem a `classe` `selected`",
              "timedOut": null,
              "duration": 205,
              "state": "passed",
              "speed": "slow",
              "pass": true,
              "fail": false,
              "pending": false,
              "context": null,
              "code": "cy.get('.color:not(:first-child)').each(function (color) {\n  cy.wrap(color).should('not.have.class', 'selected');\n});",
              "err": {},
              "uuid": "648ba665-59fd-4f09-979a-79d10b85e071",
              "parentUUID": "d31956e6-9559-476f-9a64-3e70516d37cf",
              "isHook": false,
              "skipped": false
            }
          ],
          "suites": [],
          "passes": [
            "1664e946-e30f-4ccd-a9be-c56ded1e9915",
            "648ba665-59fd-4f09-979a-79d10b85e071"
          ],
          "failures": [],
          "pending": [],
          "skipped": [],
          "duration": 369,
          "root": false,
          "rootEmpty": false,
          "_timeout": 2000
        },
        {
          "uuid": "194967b9-46ef-4c88-9a3b-1a406f80987e",
          "title": "7 - Clicar em uma das cores da paleta, faz com que ela seja selecionada e utilizada para preencher os pixels no quadro.",
          "fullFile": "",
          "file": "",
          "beforeHooks": [],
          "afterHooks": [],
          "tests": [
            {
              "title": "Verifica se somente uma cor da paleta de cores tem a classe `selected` de cada vez",
              "fullTitle": "7 - Clicar em uma das cores da paleta, faz com que ela seja selecionada e utilizada para preencher os pixels no quadro. Verifica se somente uma cor da paleta de cores tem a classe `selected` de cada vez",
              "timedOut": null,
              "duration": 482,
              "state": "passed",
              "speed": "slow",
              "pass": true,
              "fail": false,
              "pending": false,
              "context": null,
              "code": "cy.get('.color').each(function (selectedColor, selectedColorIndex) {\n  cy.wrap(selectedColor).click();\n  cy.get('.color').each(function (color, colorIndex) {\n    if (colorIndex === selectedColorIndex) {\n      expect(color).to.have[\"class\"]('selected');\n    } else {\n      expect(color).not.to.have[\"class\"]('selected');\n    }\n  });\n});",
              "err": {},
              "uuid": "0a730781-0b70-43d0-9d1f-821580f33aa1",
              "parentUUID": "194967b9-46ef-4c88-9a3b-1a406f80987e",
              "isHook": false,
              "skipped": false
            },
            {
              "title": "Verifica se os pixels dentro do quadro não têm a classe `selected` quando são clicados",
              "fullTitle": "7 - Clicar em uma das cores da paleta, faz com que ela seja selecionada e utilizada para preencher os pixels no quadro. Verifica se os pixels dentro do quadro não têm a classe `selected` quando são clicados",
              "timedOut": null,
              "duration": 4463,
              "state": "failed",
              "speed": null,
              "pass": false,
              "fail": true,
              "pending": false,
              "context": null,
              "code": "cy.get('.color').each(function (color) {\n  var backgroundColor = color.css('background-color');\n  cy.wrap(color).click();\n  cy.get('.pixel').each(function (pixel) {\n    cy.wrap(pixel).click().should('not.have.class', 'selected');\n  });\n});",
              "err": {
                "message": "CypressError: Timed out retrying: expected '<div.pixel.selected>' not to have class 'selected'",
                "estack": "CypressError: Timed out retrying: expected '<div.pixel.selected>' not to have class 'selected'\n    at cypressErr (http://localhost:38773/__cypress/runner/cypress_runner.js:149934:9)\n    at throwErr (http://localhost:38773/__cypress/runner/cypress_runner.js:149867:11)\n    at Object.throwErrByPath (http://localhost:38773/__cypress/runner/cypress_runner.js:149915:3)\n    at retry (http://localhost:38773/__cypress/runner/cypress_runner.js:144197:19)\n    at onFailFn (http://localhost:38773/__cypress/runner/cypress_runner.js:132448:16)\n    at tryCatcher (http://localhost:38773/__cypress/runner/cypress_runner.js:167415:23)\n    at Promise._settlePromiseFromHandler (http://localhost:38773/__cypress/runner/cypress_runner.js:165351:31)\n    at Promise._settlePromise (http://localhost:38773/__cypress/runner/cypress_runner.js:165408:18)\n    at Promise._settlePromise0 (http://localhost:38773/__cypress/runner/cypress_runner.js:165453:10)\n    at Promise._settlePromises (http://localhost:38773/__cypress/runner/cypress_runner.js:165528:18)\n    at Async../node_modules/bluebird/js/release/async.js.Async._drainQueue (http://localhost:38773/__cypress/runner/cypress_runner.js:162140:16)\n    at Async../node_modules/bluebird/js/release/async.js.Async._drainQueues (http://localhost:38773/__cypress/runner/cypress_runner.js:162150:10)\n    at Async.drainQueues (http://localhost:38773/__cypress/runner/cypress_runner.js:162024:14)",
                "diff": null
              },
              "uuid": "797165b2-4bae-4bfe-9d23-4a0593087b3e",
              "parentUUID": "194967b9-46ef-4c88-9a3b-1a406f80987e",
              "isHook": false,
              "skipped": false
            }
          ],
          "suites": [],
          "passes": [
            "0a730781-0b70-43d0-9d1f-821580f33aa1"
          ],
          "failures": [
            "797165b2-4bae-4bfe-9d23-4a0593087b3e"
          ],
          "pending": [],
          "skipped": [],
          "duration": 4945,
          "root": false,
          "rootEmpty": false,
          "_timeout": 2000
        },
        {
          "uuid": "49dc0830-a0e1-4765-b8f5-4e3ad7f504b5",
          "title": "8 - Clicar em um pixel dentro do quadro após selecionar uma cor na paleta, faz com que o pixel seja preenchido com a cor selecionada.",
          "fullFile": "",
          "file": "",
          "beforeHooks": [],
          "afterHooks": [],
          "tests": [
            {
              "title": "Verifica se ao carregar a página deve ser possível pintar os pixels de preto",
              "fullTitle": "8 - Clicar em um pixel dentro do quadro após selecionar uma cor na paleta, faz com que o pixel seja preenchido com a cor selecionada. Verifica se ao carregar a página deve ser possível pintar os pixels de preto",
              "timedOut": null,
              "duration": 4420,
              "state": "failed",
              "speed": null,
              "pass": false,
              "fail": true,
              "pending": false,
              "context": null,
              "code": "cy.get('.pixel').each(function (pixel) {\n  cy.wrap(pixel).click().should('have.css', 'background-color', BLACK);\n});",
              "err": {
                "message": "CypressError: Timed out retrying: expected '<div.pixel.selected>' to have CSS property 'background-color' with the value 'rgb(0, 0, 0)', but the value was 'rgb(255, 255, 255)'",
                "estack": "CypressError: Timed out retrying: expected '<div.pixel.selected>' to have CSS property 'background-color' with the value 'rgb(0, 0, 0)', but the value was 'rgb(255, 255, 255)'\n    at cypressErr (http://localhost:38773/__cypress/runner/cypress_runner.js:149934:9)\n    at throwErr (http://localhost:38773/__cypress/runner/cypress_runner.js:149867:11)\n    at Object.throwErrByPath (http://localhost:38773/__cypress/runner/cypress_runner.js:149915:3)\n    at retry (http://localhost:38773/__cypress/runner/cypress_runner.js:144197:19)\n    at onFailFn (http://localhost:38773/__cypress/runner/cypress_runner.js:132448:16)\n    at tryCatcher (http://localhost:38773/__cypress/runner/cypress_runner.js:167415:23)\n    at Promise._settlePromiseFromHandler (http://localhost:38773/__cypress/runner/cypress_runner.js:165351:31)\n    at Promise._settlePromise (http://localhost:38773/__cypress/runner/cypress_runner.js:165408:18)\n    at Promise._settlePromise0 (http://localhost:38773/__cypress/runner/cypress_runner.js:165453:10)\n    at Promise._settlePromises (http://localhost:38773/__cypress/runner/cypress_runner.js:165528:18)\n    at Async../node_modules/bluebird/js/release/async.js.Async._drainQueue (http://localhost:38773/__cypress/runner/cypress_runner.js:162140:16)\n    at Async../node_modules/bluebird/js/release/async.js.Async._drainQueues (http://localhost:38773/__cypress/runner/cypress_runner.js:162150:10)\n    at Async.drainQueues (http://localhost:38773/__cypress/runner/cypress_runner.js:162024:14)",
                "diff": null
              },
              "uuid": "ce2489a6-d563-4809-b012-aa42741e7a3e",
              "parentUUID": "49dc0830-a0e1-4765-b8f5-4e3ad7f504b5",
              "isHook": false,
              "skipped": false
            },
            {
              "title": "Verifica se após selecionar uma outra cor na paleta, é possível pintar os pixels com essa cor",
              "fullTitle": "8 - Clicar em um pixel dentro do quadro após selecionar uma cor na paleta, faz com que o pixel seja preenchido com a cor selecionada. Verifica se após selecionar uma outra cor na paleta, é possível pintar os pixels com essa cor",
              "timedOut": null,
              "duration": 4505,
              "state": "failed",
              "speed": null,
              "pass": false,
              "fail": true,
              "pending": false,
              "context": null,
              "code": "cy.get('.color').each(function (color) {\n  var backgroundColor = color.css('background-color');\n  cy.wrap(color).click();\n  cy.get('.pixel').each(function (pixel) {\n    cy.wrap(pixel).click().should('have.css', 'background-color', backgroundColor);\n  });\n});",
              "err": {
                "message": "CypressError: Timed out retrying: expected '<div.pixel.selected>' to have CSS property 'background-color' with the value 'rgb(0, 0, 0)', but the value was 'rgb(255, 255, 255)'",
                "estack": "CypressError: Timed out retrying: expected '<div.pixel.selected>' to have CSS property 'background-color' with the value 'rgb(0, 0, 0)', but the value was 'rgb(255, 255, 255)'\n    at cypressErr (http://localhost:38773/__cypress/runner/cypress_runner.js:149934:9)\n    at throwErr (http://localhost:38773/__cypress/runner/cypress_runner.js:149867:11)\n    at Object.throwErrByPath (http://localhost:38773/__cypress/runner/cypress_runner.js:149915:3)\n    at retry (http://localhost:38773/__cypress/runner/cypress_runner.js:144197:19)\n    at onFailFn (http://localhost:38773/__cypress/runner/cypress_runner.js:132448:16)\n    at tryCatcher (http://localhost:38773/__cypress/runner/cypress_runner.js:167415:23)\n    at Promise._settlePromiseFromHandler (http://localhost:38773/__cypress/runner/cypress_runner.js:165351:31)\n    at Promise._settlePromise (http://localhost:38773/__cypress/runner/cypress_runner.js:165408:18)\n    at Promise._settlePromise0 (http://localhost:38773/__cypress/runner/cypress_runner.js:165453:10)\n    at Promise._settlePromises (http://localhost:38773/__cypress/runner/cypress_runner.js:165528:18)\n    at Async../node_modules/bluebird/js/release/async.js.Async._drainQueue (http://localhost:38773/__cypress/runner/cypress_runner.js:162140:16)\n    at Async../node_modules/bluebird/js/release/async.js.Async._drainQueues (http://localhost:38773/__cypress/runner/cypress_runner.js:162150:10)\n    at Async.drainQueues (http://localhost:38773/__cypress/runner/cypress_runner.js:162024:14)",
                "diff": null
              },
              "uuid": "74e501ef-9ebe-4a5c-8a15-71c534024ed7",
              "parentUUID": "49dc0830-a0e1-4765-b8f5-4e3ad7f504b5",
              "isHook": false,
              "skipped": false
            },
            {
              "title": "Verifica se somente o pixel que foi clicado foi preenchido com a cor selecionada, sem influenciar na cor dos demais pixels.",
              "fullTitle": "8 - Clicar em um pixel dentro do quadro após selecionar uma cor na paleta, faz com que o pixel seja preenchido com a cor selecionada. Verifica se somente o pixel que foi clicado foi preenchido com a cor selecionada, sem influenciar na cor dos demais pixels.",
              "timedOut": null,
              "duration": 1696,
              "state": "passed",
              "speed": "slow",
              "pass": true,
              "fail": false,
              "pending": false,
              "context": null,
              "code": "var colorToPixelIndexMap = {\n  0: 6,\n  1: 8,\n  2: 16,\n  3: 18\n};\ncy.get('.color').each(function (color, index) {\n  cy.wrap(color).click();\n  var backgroundColor = color.css('background-color');\n  var clickedPixelIndex = colorToPixelIndexMap[index];\n  cy.get('.pixel').eq(clickedPixelIndex).click();\n  cy.get('.pixel').eq(clickedPixelIndex - 1).should('not.have.css', 'background-color', backgroundColor);\n  cy.get('.pixel').eq(clickedPixelIndex + 1).should('not.have.css', 'background-color', backgroundColor);\n  cy.get('.pixel').eq(clickedPixelIndex - 5).should('not.have.css', 'background-color', backgroundColor);\n  cy.get('.pixel').eq(clickedPixelIndex + 5).should('not.have.css', 'background-color', backgroundColor);\n  cy.get('.pixel').eq(clickedPixelIndex - 6).should('not.have.css', 'background-color', backgroundColor);\n  cy.get('.pixel').eq(clickedPixelIndex - 4).should('not.have.css', 'background-color', backgroundColor);\n  cy.get('.pixel').eq(clickedPixelIndex + 4).should('not.have.css', 'background-color', backgroundColor);\n  cy.get('.pixel').eq(clickedPixelIndex + 6).should('not.have.css', 'background-color', backgroundColor);\n});",
              "err": {},
              "uuid": "89c85954-970e-43f1-8ec1-f2b86d019ac8",
              "parentUUID": "49dc0830-a0e1-4765-b8f5-4e3ad7f504b5",
              "isHook": false,
              "skipped": false
            }
          ],
          "suites": [],
          "passes": [
            "89c85954-970e-43f1-8ec1-f2b86d019ac8"
          ],
          "failures": [
            "ce2489a6-d563-4809-b012-aa42741e7a3e",
            "74e501ef-9ebe-4a5c-8a15-71c534024ed7"
          ],
          "pending": [],
          "skipped": [],
          "duration": 10621,
          "root": false,
          "rootEmpty": false,
          "_timeout": 2000
        },
        {
          "uuid": "9ee862e0-c6b7-4454-b61f-6d34e32bb5aa",
          "title": "9 - Crie um botão que, ao ser clicado, limpa o quadro preenchendo a cor de todos seus pixels com branco.",
          "fullFile": "",
          "file": "",
          "beforeHooks": [],
          "afterHooks": [],
          "tests": [
            {
              "title": "Verifica se o botão tem o `id` denominado `clear-board`",
              "fullTitle": "9 - Crie um botão que, ao ser clicado, limpa o quadro preenchendo a cor de todos seus pixels com branco. Verifica se o botão tem o `id` denominado `clear-board`",
              "timedOut": null,
              "duration": 4333,
              "state": "failed",
              "speed": null,
              "pass": false,
              "fail": true,
              "pending": false,
              "context": null,
              "code": "cy.get('#clear-board').should('be.visible');",
              "err": {
                "message": "CypressError: Timed out retrying: Expected to find element: '#clear-board', but never found it.",
                "estack": "CypressError: Timed out retrying: Expected to find element: '#clear-board', but never found it.\n    at cypressErr (http://localhost:38773/__cypress/runner/cypress_runner.js:149934:9)\n    at throwErr (http://localhost:38773/__cypress/runner/cypress_runner.js:149867:11)\n    at Object.throwErrByPath (http://localhost:38773/__cypress/runner/cypress_runner.js:149915:3)\n    at retry (http://localhost:38773/__cypress/runner/cypress_runner.js:144197:19)\n    at onFailFn (http://localhost:38773/__cypress/runner/cypress_runner.js:132448:16)\n    at tryCatcher (http://localhost:38773/__cypress/runner/cypress_runner.js:167415:23)\n    at Promise._settlePromiseFromHandler (http://localhost:38773/__cypress/runner/cypress_runner.js:165351:31)\n    at Promise._settlePromise (http://localhost:38773/__cypress/runner/cypress_runner.js:165408:18)\n    at Promise._settlePromise0 (http://localhost:38773/__cypress/runner/cypress_runner.js:165453:10)\n    at Promise._settlePromises (http://localhost:38773/__cypress/runner/cypress_runner.js:165528:18)\n    at Async../node_modules/bluebird/js/release/async.js.Async._drainQueue (http://localhost:38773/__cypress/runner/cypress_runner.js:162140:16)\n    at Async../node_modules/bluebird/js/release/async.js.Async._drainQueues (http://localhost:38773/__cypress/runner/cypress_runner.js:162150:10)\n    at Async.drainQueues (http://localhost:38773/__cypress/runner/cypress_runner.js:162024:14)",
                "diff": null
              },
              "uuid": "17e8e666-39c2-49c8-a4b4-452c78732e97",
              "parentUUID": "9ee862e0-c6b7-4454-b61f-6d34e32bb5aa",
              "isHook": false,
              "skipped": false
            },
            {
              "title": "Verifica se o botão está posicionado entre a paleta de cores e o quadro de pixels",
              "fullTitle": "9 - Crie um botão que, ao ser clicado, limpa o quadro preenchendo a cor de todos seus pixels com branco. Verifica se o botão está posicionado entre a paleta de cores e o quadro de pixels",
              "timedOut": null,
              "duration": 4376,
              "state": "failed",
              "speed": null,
              "pass": false,
              "fail": true,
              "pending": false,
              "context": null,
              "code": "cy.get('#color-palette').then(function (palette) {\n  cy.get('#clear-board').should('be.belowOf', palette);\n});\ncy.get('#clear-board').then(function (clearBtn) {\n  cy.get('#pixel-board').should('be.belowOf', clearBtn);\n});",
              "err": {
                "message": "CypressError: Timed out retrying: Expected to find element: '#clear-board', but never found it.",
                "estack": "CypressError: Timed out retrying: Expected to find element: '#clear-board', but never found it.\n    at cypressErr (http://localhost:38773/__cypress/runner/cypress_runner.js:149934:9)\n    at throwErr (http://localhost:38773/__cypress/runner/cypress_runner.js:149867:11)\n    at Object.throwErrByPath (http://localhost:38773/__cypress/runner/cypress_runner.js:149915:3)\n    at retry (http://localhost:38773/__cypress/runner/cypress_runner.js:144197:19)\n    at onFailFn (http://localhost:38773/__cypress/runner/cypress_runner.js:132448:16)\n    at tryCatcher (http://localhost:38773/__cypress/runner/cypress_runner.js:167415:23)\n    at Promise._settlePromiseFromHandler (http://localhost:38773/__cypress/runner/cypress_runner.js:165351:31)\n    at Promise._settlePromise (http://localhost:38773/__cypress/runner/cypress_runner.js:165408:18)\n    at Promise._settlePromise0 (http://localhost:38773/__cypress/runner/cypress_runner.js:165453:10)\n    at Promise._settlePromises (http://localhost:38773/__cypress/runner/cypress_runner.js:165528:18)\n    at Async../node_modules/bluebird/js/release/async.js.Async._drainQueue (http://localhost:38773/__cypress/runner/cypress_runner.js:162140:16)\n    at Async../node_modules/bluebird/js/release/async.js.Async._drainQueues (http://localhost:38773/__cypress/runner/cypress_runner.js:162150:10)\n    at Async.drainQueues (http://localhost:38773/__cypress/runner/cypress_runner.js:162024:14)",
                "diff": null
              },
              "uuid": "eb5b135b-1a8c-4457-b7d0-98295dbb124b",
              "parentUUID": "9ee862e0-c6b7-4454-b61f-6d34e32bb5aa",
              "isHook": false,
              "skipped": false
            },
            {
              "title": "Verifica se o texto do botão é 'Limpar'",
              "fullTitle": "9 - Crie um botão que, ao ser clicado, limpa o quadro preenchendo a cor de todos seus pixels com branco. Verifica se o texto do botão é 'Limpar'",
              "timedOut": null,
              "duration": 4312,
              "state": "failed",
              "speed": null,
              "pass": false,
              "fail": true,
              "pending": false,
              "context": null,
              "code": "cy.get('#clear-board').should('contain.text', 'Limpar');",
              "err": {
                "message": "CypressError: Timed out retrying: Expected to find element: '#clear-board', but never found it.",
                "estack": "CypressError: Timed out retrying: Expected to find element: '#clear-board', but never found it.\n    at cypressErr (http://localhost:38773/__cypress/runner/cypress_runner.js:149934:9)\n    at throwErr (http://localhost:38773/__cypress/runner/cypress_runner.js:149867:11)\n    at Object.throwErrByPath (http://localhost:38773/__cypress/runner/cypress_runner.js:149915:3)\n    at retry (http://localhost:38773/__cypress/runner/cypress_runner.js:144197:19)\n    at onFailFn (http://localhost:38773/__cypress/runner/cypress_runner.js:132448:16)\n    at tryCatcher (http://localhost:38773/__cypress/runner/cypress_runner.js:167415:23)\n    at Promise._settlePromiseFromHandler (http://localhost:38773/__cypress/runner/cypress_runner.js:165351:31)\n    at Promise._settlePromise (http://localhost:38773/__cypress/runner/cypress_runner.js:165408:18)\n    at Promise._settlePromise0 (http://localhost:38773/__cypress/runner/cypress_runner.js:165453:10)\n    at Promise._settlePromises (http://localhost:38773/__cypress/runner/cypress_runner.js:165528:18)\n    at Async../node_modules/bluebird/js/release/async.js.Async._drainQueue (http://localhost:38773/__cypress/runner/cypress_runner.js:162140:16)\n    at Async../node_modules/bluebird/js/release/async.js.Async._drainQueues (http://localhost:38773/__cypress/runner/cypress_runner.js:162150:10)\n    at Async.drainQueues (http://localhost:38773/__cypress/runner/cypress_runner.js:162024:14)",
                "diff": null
              },
              "uuid": "1369028b-81a0-49f9-baed-b357d5e63579",
              "parentUUID": "9ee862e0-c6b7-4454-b61f-6d34e32bb5aa",
              "isHook": false,
              "skipped": false
            },
            {
              "title": "Verifica se ao clicar no botão, o quadro de pixels é totalmente preenchido de branco",
              "fullTitle": "9 - Crie um botão que, ao ser clicado, limpa o quadro preenchendo a cor de todos seus pixels com branco. Verifica se ao clicar no botão, o quadro de pixels é totalmente preenchido de branco",
              "timedOut": null,
              "duration": 4525,
              "state": "failed",
              "speed": null,
              "pass": false,
              "fail": true,
              "pending": false,
              "context": null,
              "code": "cy.get('.color').eq(1).then(function (color) {\n  var backgroundColor = color.css('background-color');\n  cy.wrap(color).click();\n  cy.get('.pixel').each(function (pixel) {\n    cy.wrap(pixel).click().should('have.css', 'background-color', backgroundColor);\n  });\n});\ncy.get('#clear-board').click();\ncy.get('.pixel').each(function (pixel) {\n  cy.wrap(pixel).should('have.css', 'background-color', WHITE);\n});",
              "err": {
                "message": "CypressError: Timed out retrying: expected '<div.pixel.selected>' to have CSS property 'background-color' with the value 'rgb(255, 0, 0)', but the value was 'rgb(255, 255, 255)'",
                "estack": "CypressError: Timed out retrying: expected '<div.pixel.selected>' to have CSS property 'background-color' with the value 'rgb(255, 0, 0)', but the value was 'rgb(255, 255, 255)'\n    at cypressErr (http://localhost:38773/__cypress/runner/cypress_runner.js:149934:9)\n    at throwErr (http://localhost:38773/__cypress/runner/cypress_runner.js:149867:11)\n    at Object.throwErrByPath (http://localhost:38773/__cypress/runner/cypress_runner.js:149915:3)\n    at retry (http://localhost:38773/__cypress/runner/cypress_runner.js:144197:19)\n    at onFailFn (http://localhost:38773/__cypress/runner/cypress_runner.js:132448:16)\n    at tryCatcher (http://localhost:38773/__cypress/runner/cypress_runner.js:167415:23)\n    at Promise._settlePromiseFromHandler (http://localhost:38773/__cypress/runner/cypress_runner.js:165351:31)\n    at Promise._settlePromise (http://localhost:38773/__cypress/runner/cypress_runner.js:165408:18)\n    at Promise._settlePromise0 (http://localhost:38773/__cypress/runner/cypress_runner.js:165453:10)\n    at Promise._settlePromises (http://localhost:38773/__cypress/runner/cypress_runner.js:165528:18)\n    at Async../node_modules/bluebird/js/release/async.js.Async._drainQueue (http://localhost:38773/__cypress/runner/cypress_runner.js:162140:16)\n    at Async../node_modules/bluebird/js/release/async.js.Async._drainQueues (http://localhost:38773/__cypress/runner/cypress_runner.js:162150:10)\n    at Async.drainQueues (http://localhost:38773/__cypress/runner/cypress_runner.js:162024:14)",
                "diff": null
              },
              "uuid": "d9db96e0-7b47-433d-88b4-d95b74522bce",
              "parentUUID": "9ee862e0-c6b7-4454-b61f-6d34e32bb5aa",
              "isHook": false,
              "skipped": false
            }
          ],
          "suites": [],
          "passes": [],
          "failures": [
            "17e8e666-39c2-49c8-a4b4-452c78732e97",
            "eb5b135b-1a8c-4457-b7d0-98295dbb124b",
            "1369028b-81a0-49f9-baed-b357d5e63579",
            "d9db96e0-7b47-433d-88b4-d95b74522bce"
          ],
          "pending": [],
          "skipped": [],
          "duration": 17546,
          "root": false,
          "rootEmpty": false,
          "_timeout": 2000
        },
        {
          "uuid": "2ca00fc9-9aeb-4842-b54d-40d4a29d3604",
          "title": "10 - Faça o quadro de pixels ter seu tamanho definido pelo usuário.",
          "fullFile": "",
          "file": "",
          "beforeHooks": [],
          "afterHooks": [],
          "tests": [
            {
              "title": "Verifica se existe um input com o id `board-size`",
              "fullTitle": "10 - Faça o quadro de pixels ter seu tamanho definido pelo usuário. Verifica se existe um input com o id `board-size`",
              "timedOut": null,
              "duration": 4373,
              "state": "failed",
              "speed": null,
              "pass": false,
              "fail": true,
              "pending": false,
              "context": null,
              "code": "cy.get('#board-size').should('be.visible');",
              "err": {
                "message": "CypressError: Timed out retrying: Expected to find element: '#board-size', but never found it.",
                "estack": "CypressError: Timed out retrying: Expected to find element: '#board-size', but never found it.\n    at cypressErr (http://localhost:38773/__cypress/runner/cypress_runner.js:149934:9)\n    at throwErr (http://localhost:38773/__cypress/runner/cypress_runner.js:149867:11)\n    at Object.throwErrByPath (http://localhost:38773/__cypress/runner/cypress_runner.js:149915:3)\n    at retry (http://localhost:38773/__cypress/runner/cypress_runner.js:144197:19)\n    at onFailFn (http://localhost:38773/__cypress/runner/cypress_runner.js:132448:16)\n    at tryCatcher (http://localhost:38773/__cypress/runner/cypress_runner.js:167415:23)\n    at Promise._settlePromiseFromHandler (http://localhost:38773/__cypress/runner/cypress_runner.js:165351:31)\n    at Promise._settlePromise (http://localhost:38773/__cypress/runner/cypress_runner.js:165408:18)\n    at Promise._settlePromise0 (http://localhost:38773/__cypress/runner/cypress_runner.js:165453:10)\n    at Promise._settlePromises (http://localhost:38773/__cypress/runner/cypress_runner.js:165528:18)\n    at Async../node_modules/bluebird/js/release/async.js.Async._drainQueue (http://localhost:38773/__cypress/runner/cypress_runner.js:162140:16)\n    at Async../node_modules/bluebird/js/release/async.js.Async._drainQueues (http://localhost:38773/__cypress/runner/cypress_runner.js:162150:10)\n    at Async.drainQueues (http://localhost:38773/__cypress/runner/cypress_runner.js:162024:14)",
                "diff": null
              },
              "uuid": "3f14c56e-b447-48e4-9c55-bf13998918b6",
              "parentUUID": "2ca00fc9-9aeb-4842-b54d-40d4a29d3604",
              "isHook": false,
              "skipped": false
            },
            {
              "title": "Verifica se existe um botão com o id `generate-board`",
              "fullTitle": "10 - Faça o quadro de pixels ter seu tamanho definido pelo usuário. Verifica se existe um botão com o id `generate-board`",
              "timedOut": null,
              "duration": 4455,
              "state": "failed",
              "speed": null,
              "pass": false,
              "fail": true,
              "pending": false,
              "context": null,
              "code": "cy.get('#generate-board').should('be.visible');",
              "err": {
                "message": "CypressError: Timed out retrying: Expected to find element: '#generate-board', but never found it.",
                "estack": "CypressError: Timed out retrying: Expected to find element: '#generate-board', but never found it.\n    at cypressErr (http://localhost:38773/__cypress/runner/cypress_runner.js:149934:9)\n    at throwErr (http://localhost:38773/__cypress/runner/cypress_runner.js:149867:11)\n    at Object.throwErrByPath (http://localhost:38773/__cypress/runner/cypress_runner.js:149915:3)\n    at retry (http://localhost:38773/__cypress/runner/cypress_runner.js:144197:19)\n    at onFailFn (http://localhost:38773/__cypress/runner/cypress_runner.js:132448:16)\n    at tryCatcher (http://localhost:38773/__cypress/runner/cypress_runner.js:167415:23)\n    at Promise._settlePromiseFromHandler (http://localhost:38773/__cypress/runner/cypress_runner.js:165351:31)\n    at Promise._settlePromise (http://localhost:38773/__cypress/runner/cypress_runner.js:165408:18)\n    at Promise._settlePromise0 (http://localhost:38773/__cypress/runner/cypress_runner.js:165453:10)\n    at Promise._settlePromises (http://localhost:38773/__cypress/runner/cypress_runner.js:165528:18)\n    at Async../node_modules/bluebird/js/release/async.js.Async._drainQueue (http://localhost:38773/__cypress/runner/cypress_runner.js:162140:16)\n    at Async../node_modules/bluebird/js/release/async.js.Async._drainQueues (http://localhost:38773/__cypress/runner/cypress_runner.js:162150:10)\n    at Async.drainQueues (http://localhost:38773/__cypress/runner/cypress_runner.js:162024:14)",
                "diff": null
              },
              "uuid": "16eb37c5-2e9e-40aa-b55f-ac53f9e8a85f",
              "parentUUID": "2ca00fc9-9aeb-4842-b54d-40d4a29d3604",
              "isHook": false,
              "skipped": false
            },
            {
              "title": "Verifica se o input só aceita número maiores que zero. Essa restrição deve ser feita usando os atributos do elemento `input`",
              "fullTitle": "10 - Faça o quadro de pixels ter seu tamanho definido pelo usuário. Verifica se o input só aceita número maiores que zero. Essa restrição deve ser feita usando os atributos do elemento `input`",
              "timedOut": null,
              "duration": 4341,
              "state": "failed",
              "speed": null,
              "pass": false,
              "fail": true,
              "pending": false,
              "context": null,
              "code": "cy.get('#board-size[type=\\'number\\'][min=\\'1\\']');",
              "err": {
                "message": "CypressError: Timed out retrying: Expected to find element: '#board-size[type='number'][min='1']', but never found it.",
                "estack": "CypressError: Timed out retrying: Expected to find element: '#board-size[type='number'][min='1']', but never found it.\n    at cypressErr (http://localhost:38773/__cypress/runner/cypress_runner.js:149934:9)\n    at throwErr (http://localhost:38773/__cypress/runner/cypress_runner.js:149867:11)\n    at Object.throwErrByPath (http://localhost:38773/__cypress/runner/cypress_runner.js:149915:3)\n    at retry (http://localhost:38773/__cypress/runner/cypress_runner.js:144197:19)\n    at onFailFn (http://localhost:38773/__cypress/runner/cypress_runner.js:132448:16)\n    at tryCatcher (http://localhost:38773/__cypress/runner/cypress_runner.js:167415:23)\n    at Promise._settlePromiseFromHandler (http://localhost:38773/__cypress/runner/cypress_runner.js:165351:31)\n    at Promise._settlePromise (http://localhost:38773/__cypress/runner/cypress_runner.js:165408:18)\n    at Promise._settlePromise0 (http://localhost:38773/__cypress/runner/cypress_runner.js:165453:10)\n    at Promise._settlePromises (http://localhost:38773/__cypress/runner/cypress_runner.js:165528:18)\n    at Async../node_modules/bluebird/js/release/async.js.Async._drainQueue (http://localhost:38773/__cypress/runner/cypress_runner.js:162140:16)\n    at Async../node_modules/bluebird/js/release/async.js.Async._drainQueues (http://localhost:38773/__cypress/runner/cypress_runner.js:162150:10)\n    at Async.drainQueues (http://localhost:38773/__cypress/runner/cypress_runner.js:162024:14)",
                "diff": null
              },
              "uuid": "01365e6a-f2e5-4def-af45-c67e582ff2ca",
              "parentUUID": "2ca00fc9-9aeb-4842-b54d-40d4a29d3604",
              "isHook": false,
              "skipped": false
            },
            {
              "title": "Verifica se o botão contém o texto 'VQV'",
              "fullTitle": "10 - Faça o quadro de pixels ter seu tamanho definido pelo usuário. Verifica se o botão contém o texto 'VQV'",
              "timedOut": null,
              "duration": 4343,
              "state": "failed",
              "speed": null,
              "pass": false,
              "fail": true,
              "pending": false,
              "context": null,
              "code": "cy.get('#generate-board').contains(/vqv/i);",
              "err": {
                "message": "CypressError: Timed out retrying: Expected to find element: '#generate-board', but never found it.",
                "estack": "CypressError: Timed out retrying: Expected to find element: '#generate-board', but never found it.\n    at cypressErr (http://localhost:38773/__cypress/runner/cypress_runner.js:149934:9)\n    at throwErr (http://localhost:38773/__cypress/runner/cypress_runner.js:149867:11)\n    at Object.throwErrByPath (http://localhost:38773/__cypress/runner/cypress_runner.js:149915:3)\n    at retry (http://localhost:38773/__cypress/runner/cypress_runner.js:144197:19)\n    at onFailFn (http://localhost:38773/__cypress/runner/cypress_runner.js:132448:16)\n    at tryCatcher (http://localhost:38773/__cypress/runner/cypress_runner.js:167415:23)\n    at Promise._settlePromiseFromHandler (http://localhost:38773/__cypress/runner/cypress_runner.js:165351:31)\n    at Promise._settlePromise (http://localhost:38773/__cypress/runner/cypress_runner.js:165408:18)\n    at Promise._settlePromise0 (http://localhost:38773/__cypress/runner/cypress_runner.js:165453:10)\n    at Promise._settlePromises (http://localhost:38773/__cypress/runner/cypress_runner.js:165528:18)\n    at Async../node_modules/bluebird/js/release/async.js.Async._drainQueue (http://localhost:38773/__cypress/runner/cypress_runner.js:162140:16)\n    at Async../node_modules/bluebird/js/release/async.js.Async._drainQueues (http://localhost:38773/__cypress/runner/cypress_runner.js:162150:10)\n    at Async.drainQueues (http://localhost:38773/__cypress/runner/cypress_runner.js:162024:14)",
                "diff": null
              },
              "uuid": "0960b80e-46df-4bf2-ae65-a421518344a7",
              "parentUUID": "2ca00fc9-9aeb-4842-b54d-40d4a29d3604",
              "isHook": false,
              "skipped": false
            },
            {
              "title": "Verifica se o input está posicionado entre a paleta de cores e o quadro de pixels",
              "fullTitle": "10 - Faça o quadro de pixels ter seu tamanho definido pelo usuário. Verifica se o input está posicionado entre a paleta de cores e o quadro de pixels",
              "timedOut": null,
              "duration": 4370,
              "state": "failed",
              "speed": null,
              "pass": false,
              "fail": true,
              "pending": false,
              "context": null,
              "code": "cy.get('#color-palette').then(function (palette) {\n  cy.get('#board-size').should('be.belowOf', palette);\n});\ncy.get('#board-size').then(function (palette) {\n  cy.get('#pixel-board').should('be.belowOf', palette);\n});",
              "err": {
                "message": "CypressError: Timed out retrying: Expected to find element: '#board-size', but never found it.",
                "estack": "CypressError: Timed out retrying: Expected to find element: '#board-size', but never found it.\n    at cypressErr (http://localhost:38773/__cypress/runner/cypress_runner.js:149934:9)\n    at throwErr (http://localhost:38773/__cypress/runner/cypress_runner.js:149867:11)\n    at Object.throwErrByPath (http://localhost:38773/__cypress/runner/cypress_runner.js:149915:3)\n    at retry (http://localhost:38773/__cypress/runner/cypress_runner.js:144197:19)\n    at onFailFn (http://localhost:38773/__cypress/runner/cypress_runner.js:132448:16)\n    at tryCatcher (http://localhost:38773/__cypress/runner/cypress_runner.js:167415:23)\n    at Promise._settlePromiseFromHandler (http://localhost:38773/__cypress/runner/cypress_runner.js:165351:31)\n    at Promise._settlePromise (http://localhost:38773/__cypress/runner/cypress_runner.js:165408:18)\n    at Promise._settlePromise0 (http://localhost:38773/__cypress/runner/cypress_runner.js:165453:10)\n    at Promise._settlePromises (http://localhost:38773/__cypress/runner/cypress_runner.js:165528:18)\n    at Async../node_modules/bluebird/js/release/async.js.Async._drainQueue (http://localhost:38773/__cypress/runner/cypress_runner.js:162140:16)\n    at Async../node_modules/bluebird/js/release/async.js.Async._drainQueues (http://localhost:38773/__cypress/runner/cypress_runner.js:162150:10)\n    at Async.drainQueues (http://localhost:38773/__cypress/runner/cypress_runner.js:162024:14)",
                "diff": null
              },
              "uuid": "a655fe07-a7d5-4634-bf94-75f7f6035850",
              "parentUUID": "2ca00fc9-9aeb-4842-b54d-40d4a29d3604",
              "isHook": false,
              "skipped": false
            },
            {
              "title": "Verifica se o botão está posicionado ao lado do input",
              "fullTitle": "10 - Faça o quadro de pixels ter seu tamanho definido pelo usuário. Verifica se o botão está posicionado ao lado do input",
              "timedOut": null,
              "duration": 4352,
              "state": "failed",
              "speed": null,
              "pass": false,
              "fail": true,
              "pending": false,
              "context": null,
              "code": "cy.get('#board-size').then(function (board) {\n  cy.get('#generate-board').should('be.onTheRightOf', board);\n});",
              "err": {
                "message": "CypressError: Timed out retrying: Expected to find element: '#board-size', but never found it.",
                "estack": "CypressError: Timed out retrying: Expected to find element: '#board-size', but never found it.\n    at cypressErr (http://localhost:38773/__cypress/runner/cypress_runner.js:149934:9)\n    at throwErr (http://localhost:38773/__cypress/runner/cypress_runner.js:149867:11)\n    at Object.throwErrByPath (http://localhost:38773/__cypress/runner/cypress_runner.js:149915:3)\n    at retry (http://localhost:38773/__cypress/runner/cypress_runner.js:144197:19)\n    at onFailFn (http://localhost:38773/__cypress/runner/cypress_runner.js:132448:16)\n    at tryCatcher (http://localhost:38773/__cypress/runner/cypress_runner.js:167415:23)\n    at Promise._settlePromiseFromHandler (http://localhost:38773/__cypress/runner/cypress_runner.js:165351:31)\n    at Promise._settlePromise (http://localhost:38773/__cypress/runner/cypress_runner.js:165408:18)\n    at Promise._settlePromise0 (http://localhost:38773/__cypress/runner/cypress_runner.js:165453:10)\n    at Promise._settlePromises (http://localhost:38773/__cypress/runner/cypress_runner.js:165528:18)\n    at Async../node_modules/bluebird/js/release/async.js.Async._drainQueue (http://localhost:38773/__cypress/runner/cypress_runner.js:162140:16)\n    at Async../node_modules/bluebird/js/release/async.js.Async._drainQueues (http://localhost:38773/__cypress/runner/cypress_runner.js:162150:10)\n    at Async.drainQueues (http://localhost:38773/__cypress/runner/cypress_runner.js:162024:14)",
                "diff": null
              },
              "uuid": "94556d76-7d9e-4dd5-9cb9-c363f882a20f",
              "parentUUID": "2ca00fc9-9aeb-4842-b54d-40d4a29d3604",
              "isHook": false,
              "skipped": false
            },
            {
              "title": "Verifica se nenhum valor for colocado no input ao clicar no botão, um `alert` é exibido com o texto: 'Board inválido!'",
              "fullTitle": "10 - Faça o quadro de pixels ter seu tamanho definido pelo usuário. Verifica se nenhum valor for colocado no input ao clicar no botão, um `alert` é exibido com o texto: 'Board inválido!'",
              "timedOut": null,
              "duration": 4318,
              "state": "failed",
              "speed": null,
              "pass": false,
              "fail": true,
              "pending": false,
              "context": null,
              "code": "var alerted = false;\ncy.on('window:alert', function (msg) {\n  return alerted = msg;\n});\ncy.get('#generate-board').click().then(function () {\n  return expect(alerted).to.match(/Board inválido!/i);\n});",
              "err": {
                "message": "CypressError: Timed out retrying: Expected to find element: '#generate-board', but never found it.",
                "estack": "CypressError: Timed out retrying: Expected to find element: '#generate-board', but never found it.\n    at cypressErr (http://localhost:38773/__cypress/runner/cypress_runner.js:149934:9)\n    at throwErr (http://localhost:38773/__cypress/runner/cypress_runner.js:149867:11)\n    at Object.throwErrByPath (http://localhost:38773/__cypress/runner/cypress_runner.js:149915:3)\n    at retry (http://localhost:38773/__cypress/runner/cypress_runner.js:144197:19)\n    at onFailFn (http://localhost:38773/__cypress/runner/cypress_runner.js:132448:16)\n    at tryCatcher (http://localhost:38773/__cypress/runner/cypress_runner.js:167415:23)\n    at Promise._settlePromiseFromHandler (http://localhost:38773/__cypress/runner/cypress_runner.js:165351:31)\n    at Promise._settlePromise (http://localhost:38773/__cypress/runner/cypress_runner.js:165408:18)\n    at Promise._settlePromise0 (http://localhost:38773/__cypress/runner/cypress_runner.js:165453:10)\n    at Promise._settlePromises (http://localhost:38773/__cypress/runner/cypress_runner.js:165528:18)\n    at Async../node_modules/bluebird/js/release/async.js.Async._drainQueue (http://localhost:38773/__cypress/runner/cypress_runner.js:162140:16)\n    at Async../node_modules/bluebird/js/release/async.js.Async._drainQueues (http://localhost:38773/__cypress/runner/cypress_runner.js:162150:10)\n    at Async.drainQueues (http://localhost:38773/__cypress/runner/cypress_runner.js:162024:14)",
                "diff": null
              },
              "uuid": "e43e84ea-4bea-4005-b703-97630a554047",
              "parentUUID": "2ca00fc9-9aeb-4842-b54d-40d4a29d3604",
              "isHook": false,
              "skipped": false
            },
            {
              "title": "Verifica se ao clicar no botão com um valor preenchido, o tamanho do board muda.",
              "fullTitle": "10 - Faça o quadro de pixels ter seu tamanho definido pelo usuário. Verifica se ao clicar no botão com um valor preenchido, o tamanho do board muda.",
              "timedOut": null,
              "duration": 4352,
              "state": "failed",
              "speed": null,
              "pass": false,
              "fail": true,
              "pending": false,
              "context": null,
              "code": "cy.get('#board-size').clear().type(10);\ncy.get('#generate-board').click();\ncy.get('.pixel').should('have.length', 100);",
              "err": {
                "message": "CypressError: Timed out retrying: Expected to find element: '#board-size', but never found it.",
                "estack": "CypressError: Timed out retrying: Expected to find element: '#board-size', but never found it.\n    at cypressErr (http://localhost:38773/__cypress/runner/cypress_runner.js:149934:9)\n    at throwErr (http://localhost:38773/__cypress/runner/cypress_runner.js:149867:11)\n    at Object.throwErrByPath (http://localhost:38773/__cypress/runner/cypress_runner.js:149915:3)\n    at retry (http://localhost:38773/__cypress/runner/cypress_runner.js:144197:19)\n    at onFailFn (http://localhost:38773/__cypress/runner/cypress_runner.js:132448:16)\n    at tryCatcher (http://localhost:38773/__cypress/runner/cypress_runner.js:167415:23)\n    at Promise._settlePromiseFromHandler (http://localhost:38773/__cypress/runner/cypress_runner.js:165351:31)\n    at Promise._settlePromise (http://localhost:38773/__cypress/runner/cypress_runner.js:165408:18)\n    at Promise._settlePromise0 (http://localhost:38773/__cypress/runner/cypress_runner.js:165453:10)\n    at Promise._settlePromises (http://localhost:38773/__cypress/runner/cypress_runner.js:165528:18)\n    at Async../node_modules/bluebird/js/release/async.js.Async._drainQueue (http://localhost:38773/__cypress/runner/cypress_runner.js:162140:16)\n    at Async../node_modules/bluebird/js/release/async.js.Async._drainQueues (http://localhost:38773/__cypress/runner/cypress_runner.js:162150:10)\n    at Async.drainQueues (http://localhost:38773/__cypress/runner/cypress_runner.js:162024:14)",
                "diff": null
              },
              "uuid": "7d2bdbcb-72ed-491d-886a-704aa82a111d",
              "parentUUID": "2ca00fc9-9aeb-4842-b54d-40d4a29d3604",
              "isHook": false,
              "skipped": false
            },
            {
              "title": "Verifica se o novo quadro tem todos os pixels preenchidos com a cor branca",
              "fullTitle": "10 - Faça o quadro de pixels ter seu tamanho definido pelo usuário. Verifica se o novo quadro tem todos os pixels preenchidos com a cor branca",
              "timedOut": null,
              "duration": 4399,
              "state": "failed",
              "speed": null,
              "pass": false,
              "fail": true,
              "pending": false,
              "context": null,
              "code": "cy.get('#board-size').clear().type(6);\ncy.get('#generate-board').click();\ncy.get('.pixel').should('have.length', 36).each(function (pixel) {\n  expect(pixel).to.have.css('background-color', WHITE);\n});",
              "err": {
                "message": "CypressError: Timed out retrying: Expected to find element: '#board-size', but never found it.",
                "estack": "CypressError: Timed out retrying: Expected to find element: '#board-size', but never found it.\n    at cypressErr (http://localhost:38773/__cypress/runner/cypress_runner.js:149934:9)\n    at throwErr (http://localhost:38773/__cypress/runner/cypress_runner.js:149867:11)\n    at Object.throwErrByPath (http://localhost:38773/__cypress/runner/cypress_runner.js:149915:3)\n    at retry (http://localhost:38773/__cypress/runner/cypress_runner.js:144197:19)\n    at onFailFn (http://localhost:38773/__cypress/runner/cypress_runner.js:132448:16)\n    at tryCatcher (http://localhost:38773/__cypress/runner/cypress_runner.js:167415:23)\n    at Promise._settlePromiseFromHandler (http://localhost:38773/__cypress/runner/cypress_runner.js:165351:31)\n    at Promise._settlePromise (http://localhost:38773/__cypress/runner/cypress_runner.js:165408:18)\n    at Promise._settlePromise0 (http://localhost:38773/__cypress/runner/cypress_runner.js:165453:10)\n    at Promise._settlePromises (http://localhost:38773/__cypress/runner/cypress_runner.js:165528:18)\n    at Async../node_modules/bluebird/js/release/async.js.Async._drainQueue (http://localhost:38773/__cypress/runner/cypress_runner.js:162140:16)\n    at Async../node_modules/bluebird/js/release/async.js.Async._drainQueues (http://localhost:38773/__cypress/runner/cypress_runner.js:162150:10)\n    at Async.drainQueues (http://localhost:38773/__cypress/runner/cypress_runner.js:162024:14)",
                "diff": null
              },
              "uuid": "03cde963-54ae-4b0d-b1d1-390f942bf5f5",
              "parentUUID": "2ca00fc9-9aeb-4842-b54d-40d4a29d3604",
              "isHook": false,
              "skipped": false
            }
          ],
          "suites": [],
          "passes": [],
          "failures": [
            "3f14c56e-b447-48e4-9c55-bf13998918b6",
            "16eb37c5-2e9e-40aa-b55f-ac53f9e8a85f",
            "01365e6a-f2e5-4def-af45-c67e582ff2ca",
            "0960b80e-46df-4bf2-ae65-a421518344a7",
            "a655fe07-a7d5-4634-bf94-75f7f6035850",
            "94556d76-7d9e-4dd5-9cb9-c363f882a20f",
            "e43e84ea-4bea-4005-b703-97630a554047",
            "7d2bdbcb-72ed-491d-886a-704aa82a111d",
            "03cde963-54ae-4b0d-b1d1-390f942bf5f5"
          ],
          "pending": [],
          "skipped": [],
          "duration": 39303,
          "root": false,
          "rootEmpty": false,
          "_timeout": 2000
        },
        {
          "uuid": "fa2dba2a-5200-4257-8173-86ea53c3765e",
          "title": "11 - Limite o tamanho mínimo e máximo do board.",
          "fullFile": "",
          "file": "",
          "beforeHooks": [],
          "afterHooks": [],
          "tests": [
            {
              "title": "Verifica se a altura máxima do board é 50",
              "fullTitle": "11 - Limite o tamanho mínimo e máximo do board. Verifica se a altura máxima do board é 50",
              "timedOut": null,
              "duration": 4415,
              "state": "failed",
              "speed": null,
              "pass": false,
              "fail": true,
              "pending": false,
              "context": null,
              "code": "cy.get('#board-size').clear().type(50);\ncy.get('#generate-board').click();\ncy.get('.pixel').should('have.length', 2500);",
              "err": {
                "message": "CypressError: Timed out retrying: Expected to find element: '#board-size', but never found it.",
                "estack": "CypressError: Timed out retrying: Expected to find element: '#board-size', but never found it.\n    at cypressErr (http://localhost:38773/__cypress/runner/cypress_runner.js:149934:9)\n    at throwErr (http://localhost:38773/__cypress/runner/cypress_runner.js:149867:11)\n    at Object.throwErrByPath (http://localhost:38773/__cypress/runner/cypress_runner.js:149915:3)\n    at retry (http://localhost:38773/__cypress/runner/cypress_runner.js:144197:19)\n    at onFailFn (http://localhost:38773/__cypress/runner/cypress_runner.js:132448:16)\n    at tryCatcher (http://localhost:38773/__cypress/runner/cypress_runner.js:167415:23)\n    at Promise._settlePromiseFromHandler (http://localhost:38773/__cypress/runner/cypress_runner.js:165351:31)\n    at Promise._settlePromise (http://localhost:38773/__cypress/runner/cypress_runner.js:165408:18)\n    at Promise._settlePromise0 (http://localhost:38773/__cypress/runner/cypress_runner.js:165453:10)\n    at Promise._settlePromises (http://localhost:38773/__cypress/runner/cypress_runner.js:165528:18)\n    at Async../node_modules/bluebird/js/release/async.js.Async._drainQueue (http://localhost:38773/__cypress/runner/cypress_runner.js:162140:16)\n    at Async../node_modules/bluebird/js/release/async.js.Async._drainQueues (http://localhost:38773/__cypress/runner/cypress_runner.js:162150:10)\n    at Async.drainQueues (http://localhost:38773/__cypress/runner/cypress_runner.js:162024:14)",
                "diff": null
              },
              "uuid": "a2c52c02-e217-4968-8073-fc2666047070",
              "parentUUID": "fa2dba2a-5200-4257-8173-86ea53c3765e",
              "isHook": false,
              "skipped": false
            },
            {
              "title": "Verifica se a altura do board é 5 quando um valor menor é colocado no input",
              "fullTitle": "11 - Limite o tamanho mínimo e máximo do board. Verifica se a altura do board é 5 quando um valor menor é colocado no input",
              "timedOut": null,
              "duration": 4381,
              "state": "failed",
              "speed": null,
              "pass": false,
              "fail": true,
              "pending": false,
              "context": null,
              "code": "cy.get('#board-size').clear().type(4);\ncy.get('#generate-board').click();\ncy.get('.pixel').should('have.length', 25);",
              "err": {
                "message": "CypressError: Timed out retrying: Expected to find element: '#board-size', but never found it.",
                "estack": "CypressError: Timed out retrying: Expected to find element: '#board-size', but never found it.\n    at cypressErr (http://localhost:38773/__cypress/runner/cypress_runner.js:149934:9)\n    at throwErr (http://localhost:38773/__cypress/runner/cypress_runner.js:149867:11)\n    at Object.throwErrByPath (http://localhost:38773/__cypress/runner/cypress_runner.js:149915:3)\n    at retry (http://localhost:38773/__cypress/runner/cypress_runner.js:144197:19)\n    at onFailFn (http://localhost:38773/__cypress/runner/cypress_runner.js:132448:16)\n    at tryCatcher (http://localhost:38773/__cypress/runner/cypress_runner.js:167415:23)\n    at Promise._settlePromiseFromHandler (http://localhost:38773/__cypress/runner/cypress_runner.js:165351:31)\n    at Promise._settlePromise (http://localhost:38773/__cypress/runner/cypress_runner.js:165408:18)\n    at Promise._settlePromise0 (http://localhost:38773/__cypress/runner/cypress_runner.js:165453:10)\n    at Promise._settlePromises (http://localhost:38773/__cypress/runner/cypress_runner.js:165528:18)\n    at Async../node_modules/bluebird/js/release/async.js.Async._drainQueue (http://localhost:38773/__cypress/runner/cypress_runner.js:162140:16)\n    at Async../node_modules/bluebird/js/release/async.js.Async._drainQueues (http://localhost:38773/__cypress/runner/cypress_runner.js:162150:10)\n    at Async.drainQueues (http://localhost:38773/__cypress/runner/cypress_runner.js:162024:14)",
                "diff": null
              },
              "uuid": "f4080d4b-6acb-4f86-a504-46f632198190",
              "parentUUID": "fa2dba2a-5200-4257-8173-86ea53c3765e",
              "isHook": false,
              "skipped": false
            },
            {
              "title": "Verifica se a altura do board é 50 quando um valor maior é colocado no input",
              "fullTitle": "11 - Limite o tamanho mínimo e máximo do board. Verifica se a altura do board é 50 quando um valor maior é colocado no input",
              "timedOut": null,
              "duration": 4376,
              "state": "failed",
              "speed": null,
              "pass": false,
              "fail": true,
              "pending": false,
              "context": null,
              "code": "cy.get('#board-size').clear().type(51);\ncy.get('#generate-board').click();\ncy.get('.pixel').should('have.length', 2500);",
              "err": {
                "message": "CypressError: Timed out retrying: Expected to find element: '#board-size', but never found it.",
                "estack": "CypressError: Timed out retrying: Expected to find element: '#board-size', but never found it.\n    at cypressErr (http://localhost:38773/__cypress/runner/cypress_runner.js:149934:9)\n    at throwErr (http://localhost:38773/__cypress/runner/cypress_runner.js:149867:11)\n    at Object.throwErrByPath (http://localhost:38773/__cypress/runner/cypress_runner.js:149915:3)\n    at retry (http://localhost:38773/__cypress/runner/cypress_runner.js:144197:19)\n    at onFailFn (http://localhost:38773/__cypress/runner/cypress_runner.js:132448:16)\n    at tryCatcher (http://localhost:38773/__cypress/runner/cypress_runner.js:167415:23)\n    at Promise._settlePromiseFromHandler (http://localhost:38773/__cypress/runner/cypress_runner.js:165351:31)\n    at Promise._settlePromise (http://localhost:38773/__cypress/runner/cypress_runner.js:165408:18)\n    at Promise._settlePromise0 (http://localhost:38773/__cypress/runner/cypress_runner.js:165453:10)\n    at Promise._settlePromises (http://localhost:38773/__cypress/runner/cypress_runner.js:165528:18)\n    at Async../node_modules/bluebird/js/release/async.js.Async._drainQueue (http://localhost:38773/__cypress/runner/cypress_runner.js:162140:16)\n    at Async../node_modules/bluebird/js/release/async.js.Async._drainQueues (http://localhost:38773/__cypress/runner/cypress_runner.js:162150:10)\n    at Async.drainQueues (http://localhost:38773/__cypress/runner/cypress_runner.js:162024:14)",
                "diff": null
              },
              "uuid": "aa656f2b-ab81-4d0a-8534-091da77604a7",
              "parentUUID": "fa2dba2a-5200-4257-8173-86ea53c3765e",
              "isHook": false,
              "skipped": false
            }
          ],
          "suites": [],
          "passes": [],
          "failures": [
            "a2c52c02-e217-4968-8073-fc2666047070",
            "f4080d4b-6acb-4f86-a504-46f632198190",
            "aa656f2b-ab81-4d0a-8534-091da77604a7"
          ],
          "pending": [],
          "skipped": [],
          "duration": 13172,
          "root": false,
          "rootEmpty": false,
          "_timeout": 2000
        },
        {
          "uuid": "796f3bbc-6679-4c98-ad37-21ed33456249",
          "title": "12 - Faça com que as cores da paleta sejam geradas aleatoriamente ao carregar a página.",
          "fullFile": "",
          "file": "",
          "beforeHooks": [],
          "afterHooks": [],
          "tests": [
            {
              "title": "Verifica se as cores geradas na paleta são diferentes a cada carregamento da página",
              "fullTitle": "12 - Faça com que as cores da paleta sejam geradas aleatoriamente ao carregar a página. Verifica se as cores geradas na paleta são diferentes a cada carregamento da página",
              "timedOut": null,
              "duration": 527,
              "state": "failed",
              "speed": null,
              "pass": false,
              "fail": true,
              "pending": false,
              "context": null,
              "code": "cy.get('.color').then(function (colors) {\n  var currentColors;\n  var previousColors;\n  previousColors = Array.from(colors).map(function (color) {\n    return Cypress.$(color).css('background-color');\n  });\n  for (var i = 0; i < 5; i += 1) {\n    cy.reload();\n    cy.get('.color').then(function (colors) {\n      currentColors = Array.from(colors).map(function (color) {\n        return Cypress.$(color).css('background-color');\n      });\n      expect(currentColors).not.to.deep.equal(previousColors);\n      previousColors = currentColors;\n    });\n  }\n});",
              "err": {
                "message": "AssertionError: expected [ Array(4) ] to not deeply equal [ Array(4) ]",
                "estack": "AssertionError: expected [ Array(4) ] to not deeply equal [ Array(4) ]\n    at getRet (http://localhost:38773/__cypress/runner/cypress_runner.js:136585:16)\n    at tryCatcher (http://localhost:38773/__cypress/runner/cypress_runner.js:167415:23)\n    at Function.Promise.attempt.Promise.try (http://localhost:38773/__cypress/runner/cypress_runner.js:164690:29)\n    at Context.thenFn (http://localhost:38773/__cypress/runner/cypress_runner.js:136599:23)\n    at Context.then (http://localhost:38773/__cypress/runner/cypress_runner.js:136971:21)\n    at Context.<anonymous> (http://localhost:38773/__cypress/runner/cypress_runner.js:148875:21)\n    at http://localhost:38773/__cypress/runner/cypress_runner.js:148351:33\n    at tryCatcher (http://localhost:38773/__cypress/runner/cypress_runner.js:167415:23)\n    at Promise._settlePromiseFromHandler (http://localhost:38773/__cypress/runner/cypress_runner.js:165351:31)\n    at Promise._settlePromise (http://localhost:38773/__cypress/runner/cypress_runner.js:165408:18)\n    at Promise._settlePromiseCtx (http://localhost:38773/__cypress/runner/cypress_runner.js:165445:10)\n    at Async../node_modules/bluebird/js/release/async.js.Async._drainQueue (http://localhost:38773/__cypress/runner/cypress_runner.js:162145:12)\n    at Async../node_modules/bluebird/js/release/async.js.Async._drainQueues (http://localhost:38773/__cypress/runner/cypress_runner.js:162150:10)\n    at Async.drainQueues (http://localhost:38773/__cypress/runner/cypress_runner.js:162024:14)",
                "diff": ""
              },
              "uuid": "10454f38-dbc6-4085-a5fa-c76aa750c663",
              "parentUUID": "796f3bbc-6679-4c98-ad37-21ed33456249",
              "isHook": false,
              "skipped": false
            },
            {
              "title": "Verifica se a cor preta ainda está presente e é a primeira na sua paleta de cores",
              "fullTitle": "12 - Faça com que as cores da paleta sejam geradas aleatoriamente ao carregar a página. Verifica se a cor preta ainda está presente e é a primeira na sua paleta de cores",
              "timedOut": null,
              "duration": 478,
              "state": "failed",
              "speed": null,
              "pass": false,
              "fail": true,
              "pending": false,
              "context": null,
              "code": "cy.get('.color').then(function (colors) {\n  var currentColors;\n  var previousColors;\n  previousColors = Array.from(colors).map(function (color) {\n    return Cypress.$(color).css('background-color');\n  });\n  expect(previousColors[0]).to.eq(BLACK);\n  for (var i = 0; i < 5; i += 1) {\n    cy.reload();\n    cy.get('.color').then(function (colors) {\n      currentColors = Array.from(colors).map(function (color) {\n        return Cypress.$(color).css('background-color');\n      });\n      expect(currentColors[0]).to.eq(BLACK);\n      expect(currentColors).not.to.deep.equal(previousColors);\n      previousColors = currentColors;\n    });\n  }\n});",
              "err": {
                "message": "AssertionError: expected [ Array(4) ] to not deeply equal [ Array(4) ]",
                "estack": "AssertionError: expected [ Array(4) ] to not deeply equal [ Array(4) ]\n    at getRet (http://localhost:38773/__cypress/runner/cypress_runner.js:136585:16)\n    at tryCatcher (http://localhost:38773/__cypress/runner/cypress_runner.js:167415:23)\n    at Function.Promise.attempt.Promise.try (http://localhost:38773/__cypress/runner/cypress_runner.js:164690:29)\n    at Context.thenFn (http://localhost:38773/__cypress/runner/cypress_runner.js:136599:23)\n    at Context.then (http://localhost:38773/__cypress/runner/cypress_runner.js:136971:21)\n    at Context.<anonymous> (http://localhost:38773/__cypress/runner/cypress_runner.js:148875:21)\n    at http://localhost:38773/__cypress/runner/cypress_runner.js:148351:33\n    at tryCatcher (http://localhost:38773/__cypress/runner/cypress_runner.js:167415:23)\n    at Promise._settlePromiseFromHandler (http://localhost:38773/__cypress/runner/cypress_runner.js:165351:31)\n    at Promise._settlePromise (http://localhost:38773/__cypress/runner/cypress_runner.js:165408:18)\n    at Promise._settlePromiseCtx (http://localhost:38773/__cypress/runner/cypress_runner.js:165445:10)\n    at Async../node_modules/bluebird/js/release/async.js.Async._drainQueue (http://localhost:38773/__cypress/runner/cypress_runner.js:162145:12)\n    at Async../node_modules/bluebird/js/release/async.js.Async._drainQueues (http://localhost:38773/__cypress/runner/cypress_runner.js:162150:10)\n    at Async.drainQueues (http://localhost:38773/__cypress/runner/cypress_runner.js:162024:14)",
                "diff": ""
              },
              "uuid": "bc0394a4-f64a-4071-9d3a-4ac64ac7f339",
              "parentUUID": "796f3bbc-6679-4c98-ad37-21ed33456249",
              "isHook": false,
              "skipped": false
            }
          ],
          "suites": [],
          "passes": [],
          "failures": [
            "10454f38-dbc6-4085-a5fa-c76aa750c663",
            "bc0394a4-f64a-4071-9d3a-4ac64ac7f339"
          ],
          "pending": [],
          "skipped": [],
          "duration": 1005,
          "root": false,
          "rootEmpty": false,
          "_timeout": 2000
        }
      ],
      "passes": [],
      "failures": [],
      "pending": [],
      "skipped": [],
      "duration": 0,
      "root": true,
      "rootEmpty": true,
      "_timeout": 2000
    }
  ],
  "meta": {
    "mocha": {
      "version": "7.0.1"
    },
    "mochawesome": {
      "options": {
        "quiet": false,
        "reportFilename": "mochawesome",
        "saveHtml": false,
        "saveJson": true,
        "consoleReporter": "spec",
        "useInlineDiffs": false
      },
      "version": "4.1.0"
    },
    "marge": {
      "options": {
        "id": "default",
        "reportDir": "cypress/reports",
        "overwrite": true,
        "html": false,
        "json": true
      },
      "version": "4.1.0"
    }
  }
}