{
  "stats": {
    "suites": 12,
    "tests": 41,
    "passes": 24,
    "pending": 0,
    "failures": 17,
    "start": "2021-09-13T19:07:01.583Z",
    "end": "2021-09-13T19:09:00.513Z",
    "duration": 118930,
    "testsRegistered": 41,
    "passPercent": 58.536585365853654,
    "pendingPercent": 0,
    "other": 0,
    "hasOther": false,
    "skipped": 0,
    "hasSkipped": false
  },
  "results": [
    {
      "uuid": "987caaaf-fd63-4877-b0ed-a7cbbbbf3da6",
      "title": "",
      "fullFile": "cypress/integration/project.spec.js",
      "file": "cypress/integration/project.spec.js",
      "beforeHooks": [],
      "afterHooks": [],
      "tests": [],
      "suites": [
        {
          "uuid": "81da5875-334d-4318-9389-dbc253e7f607",
          "title": "1 - Adicione à página o título \"Paleta de Cores\".",
          "fullFile": "",
          "file": "",
          "beforeHooks": [],
          "afterHooks": [],
          "tests": [
            {
              "title": "Verifica se contém um elemento `h1` com o id `title` com o título correto",
              "fullTitle": "1 - Adicione à página o título \"Paleta de Cores\". Verifica se contém um elemento `h1` com o id `title` com o título correto",
              "timedOut": null,
              "duration": 3692,
              "state": "passed",
              "speed": "slow",
              "pass": true,
              "fail": false,
              "pending": false,
              "context": null,
              "code": "cy.get('h1#title').should('contain.text', 'Paleta de Cores');",
              "err": {},
              "uuid": "f8d0edd8-2709-4888-afff-fdec3d256234",
              "parentUUID": "81da5875-334d-4318-9389-dbc253e7f607",
              "isHook": false,
              "skipped": false
            }
          ],
          "suites": [],
          "passes": [
            "f8d0edd8-2709-4888-afff-fdec3d256234"
          ],
          "failures": [],
          "pending": [],
          "skipped": [],
          "duration": 3692,
          "root": false,
          "rootEmpty": false,
          "_timeout": 2000
        },
        {
          "uuid": "c53123cc-6c26-4359-b77c-2ec128e5fc6f",
          "title": "2 - Adicione à página uma paleta de quatro cores distintas.",
          "fullFile": "",
          "file": "",
          "beforeHooks": [],
          "afterHooks": [],
          "tests": [
            {
              "title": "A paleta de cores deve ser um elemento com `id` denominado `color-palette`",
              "fullTitle": "2 - Adicione à página uma paleta de quatro cores distintas. A paleta de cores deve ser um elemento com `id` denominado `color-palette`",
              "timedOut": null,
              "duration": 836,
              "state": "passed",
              "speed": "slow",
              "pass": true,
              "fail": false,
              "pending": false,
              "context": null,
              "code": "cy.get('#color-palette').should('be.visible');\ncy.get('#color-palette').children('.color');",
              "err": {},
              "uuid": "530b1abd-80b7-488a-81b1-66ea1760e89e",
              "parentUUID": "c53123cc-6c26-4359-b77c-2ec128e5fc6f",
              "isHook": false,
              "skipped": false
            },
            {
              "title": "Verifica se cada cor individual da paleta de cores possui a `classe` chamada `color`.",
              "fullTitle": "2 - Adicione à página uma paleta de quatro cores distintas. Verifica se cada cor individual da paleta de cores possui a `classe` chamada `color`.",
              "timedOut": null,
              "duration": 660,
              "state": "passed",
              "speed": "slow",
              "pass": true,
              "fail": false,
              "pending": false,
              "context": null,
              "code": "cy.get('.color').should('have.length', 4).then(function (colors) {\n  for (var i = 0; i < colors.length; i++) {\n    cy.wrap(colors[i]).should('be.visible');\n  }\n});",
              "err": {},
              "uuid": "122d4f7d-b30c-41bb-812b-4a89c657a7ff",
              "parentUUID": "c53123cc-6c26-4359-b77c-2ec128e5fc6f",
              "isHook": false,
              "skipped": false
            },
            {
              "title": "Verifica se a cor de fundo de cada elemento da paleta é a cor que o elemento representa. **A única cor não permitida na paleta é a cor branca.**",
              "fullTitle": "2 - Adicione à página uma paleta de quatro cores distintas. Verifica se a cor de fundo de cada elemento da paleta é a cor que o elemento representa. **A única cor não permitida na paleta é a cor branca.**",
              "timedOut": null,
              "duration": 907,
              "state": "passed",
              "speed": "slow",
              "pass": true,
              "fail": false,
              "pending": false,
              "context": null,
              "code": "cy.get('.color').each(function (color) {\n  cy.wrap(color).should('have.class', 'color').and('not.have.css', 'background-color', WHITE);\n  cy.wrap(color).should('have.css', 'background-color');\n});",
              "err": {},
              "uuid": "0040c221-cc43-433b-ac3e-988cfe93c8aa",
              "parentUUID": "c53123cc-6c26-4359-b77c-2ec128e5fc6f",
              "isHook": false,
              "skipped": false
            },
            {
              "title": "Verifica se cada elemento da paleta de cores tem uma borda preta, sólida e com 1 pixel de largura;",
              "fullTitle": "2 - Adicione à página uma paleta de quatro cores distintas. Verifica se cada elemento da paleta de cores tem uma borda preta, sólida e com 1 pixel de largura;",
              "timedOut": null,
              "duration": 697,
              "state": "passed",
              "speed": "slow",
              "pass": true,
              "fail": false,
              "pending": false,
              "context": null,
              "code": "cy.get('.color').each(function (color) {\n  cy.wrap(color).and('have.css', 'border', \"1px solid \".concat(BLACK)).and('have.class', 'color');\n});",
              "err": {},
              "uuid": "9a7fbf72-67e5-437f-89df-0f479cb2d874",
              "parentUUID": "c53123cc-6c26-4359-b77c-2ec128e5fc6f",
              "isHook": false,
              "skipped": false
            },
            {
              "title": "Verifica se a paleta lista todas as cores disponíveis para utilização, lado a lado.",
              "fullTitle": "2 - Adicione à página uma paleta de quatro cores distintas. Verifica se a paleta lista todas as cores disponíveis para utilização, lado a lado.",
              "timedOut": null,
              "duration": 680,
              "state": "passed",
              "speed": "slow",
              "pass": true,
              "fail": false,
              "pending": false,
              "context": null,
              "code": "cy.get('.color').then(function (colors) {\n  for (var index = 1; index < colors.length; index += 1) {\n    var currentColor = colors[index];\n    var previousColor = colors[index - 1];\n    cy.wrap(currentColor).should('be.onTheRightOf', previousColor).and('be.horizontallyAlignedWith', previousColor);\n  }\n});",
              "err": {},
              "uuid": "c466c880-4b72-404b-a632-7d3139dcfd0c",
              "parentUUID": "c53123cc-6c26-4359-b77c-2ec128e5fc6f",
              "isHook": false,
              "skipped": false
            },
            {
              "title": "Verifica se a paleta de cores está posicionada abaixo do título 'Paleta de Cores'",
              "fullTitle": "2 - Adicione à página uma paleta de quatro cores distintas. Verifica se a paleta de cores está posicionada abaixo do título 'Paleta de Cores'",
              "timedOut": null,
              "duration": 261,
              "state": "passed",
              "speed": "slow",
              "pass": true,
              "fail": false,
              "pending": false,
              "context": null,
              "code": "cy.get('h1#title').then(function (title) {\n  cy.get('#color-palette').should('be.belowOf', title);\n});",
              "err": {},
              "uuid": "2d363f47-02cf-409f-ada2-42d7836f4eb5",
              "parentUUID": "c53123cc-6c26-4359-b77c-2ec128e5fc6f",
              "isHook": false,
              "skipped": false
            },
            {
              "title": "Verifica se a paleta de cores não contém cores repetidas.",
              "fullTitle": "2 - Adicione à página uma paleta de quatro cores distintas. Verifica se a paleta de cores não contém cores repetidas.",
              "timedOut": null,
              "duration": 437,
              "state": "passed",
              "speed": "slow",
              "pass": true,
              "fail": false,
              "pending": false,
              "context": null,
              "code": "cy.get('.color').then(function (colors) {\n  var allColors = Array.from(colors).map(function (color) {\n    return Cypress.$(color).css('background-color');\n  });\n  cy.log(allColors);\n  var uniqColors = (0, _toConsumableArray2[\"default\"])(new Set(allColors));\n  cy.log(uniqColors);\n  expect(allColors.length).to.eq(uniqColors.length);\n});",
              "err": {},
              "uuid": "795b79b9-97ea-4427-88f0-4dddb45b08aa",
              "parentUUID": "c53123cc-6c26-4359-b77c-2ec128e5fc6f",
              "isHook": false,
              "skipped": false
            }
          ],
          "suites": [],
          "passes": [
            "530b1abd-80b7-488a-81b1-66ea1760e89e",
            "122d4f7d-b30c-41bb-812b-4a89c657a7ff",
            "0040c221-cc43-433b-ac3e-988cfe93c8aa",
            "9a7fbf72-67e5-437f-89df-0f479cb2d874",
            "c466c880-4b72-404b-a632-7d3139dcfd0c",
            "2d363f47-02cf-409f-ada2-42d7836f4eb5",
            "795b79b9-97ea-4427-88f0-4dddb45b08aa"
          ],
          "failures": [],
          "pending": [],
          "skipped": [],
          "duration": 4478,
          "root": false,
          "rootEmpty": false,
          "_timeout": 2000
        },
        {
          "uuid": "402054e2-e4df-479b-b7f5-e69b6ce3b6ee",
          "title": "3 - Adicione a cor **preta** como a primeira cor da paleta de cores.",
          "fullFile": "",
          "file": "",
          "beforeHooks": [],
          "afterHooks": [],
          "tests": [
            {
              "title": "Verifica se a primeira cor da paleta é preta",
              "fullTitle": "3 - Adicione a cor **preta** como a primeira cor da paleta de cores. Verifica se a primeira cor da paleta é preta",
              "timedOut": null,
              "duration": 574,
              "state": "passed",
              "speed": "slow",
              "pass": true,
              "fail": false,
              "pending": false,
              "context": null,
              "code": "cy.get('.color').first().should('have.css', 'background-color', BLACK);",
              "err": {},
              "uuid": "c9439006-1ae8-458b-84f7-d49639b41af6",
              "parentUUID": "402054e2-e4df-479b-b7f5-e69b6ce3b6ee",
              "isHook": false,
              "skipped": false
            },
            {
              "title": "Verifica se as demais cores podem ser escolhidas livremente.",
              "fullTitle": "3 - Adicione a cor **preta** como a primeira cor da paleta de cores. Verifica se as demais cores podem ser escolhidas livremente.",
              "timedOut": null,
              "duration": 626,
              "state": "passed",
              "speed": "slow",
              "pass": true,
              "fail": false,
              "pending": false,
              "context": null,
              "code": "cy.get('.color').eq(1).should('not.have.css', 'background-color', BLACK);\ncy.get('.color').eq(1).should('not.have.css', 'background-color', WHITE);\ncy.get('.color').eq(1).should('not.have.css', 'background-color', 'rgba(0, 0, 0, 0)');\ncy.get('.color').eq(1).should('have.css', 'background-color');\ncy.get('.color').eq(2).should('not.have.css', 'background-color', BLACK);\ncy.get('.color').eq(2).should('not.have.css', 'background-color', WHITE);\ncy.get('.color').eq(2).should('not.have.css', 'background-color', 'rgba(0, 0, 0, 0)');\ncy.get('.color').eq(2).should('have.css', 'background-color');\ncy.get('.color').eq(3).should('not.have.css', 'background-color', BLACK);\ncy.get('.color').eq(3).should('not.have.css', 'background-color', WHITE);\ncy.get('.color').eq(3).should('not.have.css', 'background-color', 'rgba(0, 0, 0, 0)');\ncy.get('.color').eq(3).should('have.css', 'background-color');",
              "err": {},
              "uuid": "71aa59a2-2de1-419c-b566-11fd3369c7cb",
              "parentUUID": "402054e2-e4df-479b-b7f5-e69b6ce3b6ee",
              "isHook": false,
              "skipped": false
            }
          ],
          "suites": [],
          "passes": [
            "c9439006-1ae8-458b-84f7-d49639b41af6",
            "71aa59a2-2de1-419c-b566-11fd3369c7cb"
          ],
          "failures": [],
          "pending": [],
          "skipped": [],
          "duration": 1200,
          "root": false,
          "rootEmpty": false,
          "_timeout": 2000
        },
        {
          "uuid": "f6ee40eb-720e-4842-b2cd-196e4c3be21e",
          "title": "4 - Adicione à página um quadro de pixels, com 25 pixels.",
          "fullFile": "",
          "file": "",
          "beforeHooks": [],
          "afterHooks": [],
          "tests": [
            {
              "title": "Verifica se o quadro de pixels possui o `id` denominado `pixel-board`",
              "fullTitle": "4 - Adicione à página um quadro de pixels, com 25 pixels. Verifica se o quadro de pixels possui o `id` denominado `pixel-board`",
              "timedOut": null,
              "duration": 804,
              "state": "passed",
              "speed": "slow",
              "pass": true,
              "fail": false,
              "pending": false,
              "context": null,
              "code": "cy.get('#pixel-board').should('be.visible');",
              "err": {},
              "uuid": "587af656-9849-4944-bd6c-a9aca57778e2",
              "parentUUID": "f6ee40eb-720e-4842-b2cd-196e4c3be21e",
              "isHook": false,
              "skipped": false
            },
            {
              "title": "Verifica se cada pixel individual dentro do quadro possui a `classe` denominada `pixel`.",
              "fullTitle": "4 - Adicione à página um quadro de pixels, com 25 pixels. Verifica se cada pixel individual dentro do quadro possui a `classe` denominada `pixel`.",
              "timedOut": null,
              "duration": 755,
              "state": "passed",
              "speed": "slow",
              "pass": true,
              "fail": false,
              "pending": false,
              "context": null,
              "code": "cy.get('.pixel').should('have.length', 25);",
              "err": {},
              "uuid": "d1082d64-e1af-4b31-8426-d8a6f8adf37d",
              "parentUUID": "f6ee40eb-720e-4842-b2cd-196e4c3be21e",
              "isHook": false,
              "skipped": false
            },
            {
              "title": "Verifica se a cor inicial dos pixels dentro do quadro, ao abrir a página, é branca.",
              "fullTitle": "4 - Adicione à página um quadro de pixels, com 25 pixels. Verifica se a cor inicial dos pixels dentro do quadro, ao abrir a página, é branca.",
              "timedOut": null,
              "duration": 747,
              "state": "passed",
              "speed": "slow",
              "pass": true,
              "fail": false,
              "pending": false,
              "context": null,
              "code": "cy.get('.pixel').should('have.length', 25).each(function (pixel) {\n  expect(pixel).to.have.css('background-color', WHITE);\n});",
              "err": {},
              "uuid": "96f69447-c67d-4df9-ac84-df14bd3bd757",
              "parentUUID": "f6ee40eb-720e-4842-b2cd-196e4c3be21e",
              "isHook": false,
              "skipped": false
            },
            {
              "title": "Verifica se o quadro de pixels aparece abaixo da paleta de cores",
              "fullTitle": "4 - Adicione à página um quadro de pixels, com 25 pixels. Verifica se o quadro de pixels aparece abaixo da paleta de cores",
              "timedOut": null,
              "duration": 534,
              "state": "passed",
              "speed": "slow",
              "pass": true,
              "fail": false,
              "pending": false,
              "context": null,
              "code": "cy.get('#color-palette').then(function (palette) {\n  cy.get('#pixel-board').should('be.belowOf', palette);\n});",
              "err": {},
              "uuid": "1ef090bd-2508-4491-80d9-ad045dd3ff76",
              "parentUUID": "f6ee40eb-720e-4842-b2cd-196e4c3be21e",
              "isHook": false,
              "skipped": false
            }
          ],
          "suites": [],
          "passes": [
            "587af656-9849-4944-bd6c-a9aca57778e2",
            "d1082d64-e1af-4b31-8426-d8a6f8adf37d",
            "96f69447-c67d-4df9-ac84-df14bd3bd757",
            "1ef090bd-2508-4491-80d9-ad045dd3ff76"
          ],
          "failures": [],
          "pending": [],
          "skipped": [],
          "duration": 2840,
          "root": false,
          "rootEmpty": false,
          "_timeout": 2000
        },
        {
          "uuid": "758f5974-fbdd-40d5-b8bf-eb13fa1fd05e",
          "title": "5 - Faça com que cada elemento do quadro de pixels possua 40 pixels de largura, 40 pixels de altura e seja delimitado por uma borda preta de 1 pixel.",
          "fullFile": "",
          "file": "",
          "beforeHooks": [],
          "afterHooks": [],
          "tests": [
            {
              "title": "Verifica se o quadro de pixels tem altura e comprimento de 5 elementos",
              "fullTitle": "5 - Faça com que cada elemento do quadro de pixels possua 40 pixels de largura, 40 pixels de altura e seja delimitado por uma borda preta de 1 pixel. Verifica se o quadro de pixels tem altura e comprimento de 5 elementos",
              "timedOut": null,
              "duration": 1219,
              "state": "passed",
              "speed": "slow",
              "pass": true,
              "fail": false,
              "pending": false,
              "context": null,
              "code": "cy.get('.pixel').should('have.length', 25).each(function (pixel) {\n  expect(pixel).to.have.css('background-color', WHITE);\n}).and(function (pixels) {\n  var rows = chunk(pixels, 5);\n  rows.forEach(function (row) {\n    for (var index = 1; index < row.length; index += 1) {\n      var current = pixels[index];\n      var previous = pixels[index - 1];\n      cy.wrap(current).should('be.onTheRightOf', previous).and('be.horizontallyAlignedWith', previous);\n    }\n  });\n  for (var index = 1; index < 5; index += 1) {\n    expect(pixels[index * 5]).to.be.belowOf(pixels[(index - 1) * 5]);\n  }\n});",
              "err": {},
              "uuid": "f0d2636c-521a-426a-a3c6-ad0c622fcde4",
              "parentUUID": "758f5974-fbdd-40d5-b8bf-eb13fa1fd05e",
              "isHook": false,
              "skipped": false
            },
            {
              "title": "Verifica se 40 pixels é o tamanho total do elemento, incluindo seu conteúdo e excluindo a borda preta, que deve ser criada à parte.",
              "fullTitle": "5 - Faça com que cada elemento do quadro de pixels possua 40 pixels de largura, 40 pixels de altura e seja delimitado por uma borda preta de 1 pixel. Verifica se 40 pixels é o tamanho total do elemento, incluindo seu conteúdo e excluindo a borda preta, que deve ser criada à parte.",
              "timedOut": null,
              "duration": 1127,
              "state": "passed",
              "speed": "slow",
              "pass": true,
              "fail": false,
              "pending": false,
              "context": null,
              "code": "cy.get('.pixel').each(function (pixel) {\n  cy.wrap(pixel).should('have.css', 'height', '40px').and('have.css', 'width', '40px').and('have.css', 'border', \"1px solid \".concat(BLACK));\n});",
              "err": {},
              "uuid": "dddc024f-6303-4bc5-84e9-43097cb53481",
              "parentUUID": "758f5974-fbdd-40d5-b8bf-eb13fa1fd05e",
              "isHook": false,
              "skipped": false
            }
          ],
          "suites": [],
          "passes": [
            "f0d2636c-521a-426a-a3c6-ad0c622fcde4",
            "dddc024f-6303-4bc5-84e9-43097cb53481"
          ],
          "failures": [],
          "pending": [],
          "skipped": [],
          "duration": 2346,
          "root": false,
          "rootEmpty": false,
          "_timeout": 2000
        },
        {
          "uuid": "0ff69bc6-c582-40e3-b949-1227f4805f52",
          "title": "6 - Defina a cor preta como cor inicial. Ao carregar a página a cor preta já deve estar selecionada para pintar os pixels",
          "fullFile": "",
          "file": "",
          "beforeHooks": [],
          "afterHooks": [],
          "tests": [
            {
              "title": "Verifica se o elemento da cor preta possui, inicialmente, a `classe` `selected`",
              "fullTitle": "6 - Defina a cor preta como cor inicial. Ao carregar a página a cor preta já deve estar selecionada para pintar os pixels Verifica se o elemento da cor preta possui, inicialmente, a `classe` `selected`",
              "timedOut": null,
              "duration": 583,
              "state": "passed",
              "speed": "slow",
              "pass": true,
              "fail": false,
              "pending": false,
              "context": null,
              "code": "cy.get('.selected').first().should('have.css', 'background-color', BLACK);",
              "err": {},
              "uuid": "5b61667c-ef1d-4331-a04e-33c473e253f0",
              "parentUUID": "0ff69bc6-c582-40e3-b949-1227f4805f52",
              "isHook": false,
              "skipped": false
            },
            {
              "title": "Verifica se nenhuma outra cor da paleta tem a `classe` `selected`",
              "fullTitle": "6 - Defina a cor preta como cor inicial. Ao carregar a página a cor preta já deve estar selecionada para pintar os pixels Verifica se nenhuma outra cor da paleta tem a `classe` `selected`",
              "timedOut": null,
              "duration": 597,
              "state": "passed",
              "speed": "slow",
              "pass": true,
              "fail": false,
              "pending": false,
              "context": null,
              "code": "cy.get('.color:not(:first-child)').each(function (color) {\n  cy.wrap(color).should('not.have.class', 'selected');\n});",
              "err": {},
              "uuid": "a776f9c6-72c2-4cf8-9157-78b4d601d2f8",
              "parentUUID": "0ff69bc6-c582-40e3-b949-1227f4805f52",
              "isHook": false,
              "skipped": false
            }
          ],
          "suites": [],
          "passes": [
            "5b61667c-ef1d-4331-a04e-33c473e253f0",
            "a776f9c6-72c2-4cf8-9157-78b4d601d2f8"
          ],
          "failures": [],
          "pending": [],
          "skipped": [],
          "duration": 1180,
          "root": false,
          "rootEmpty": false,
          "_timeout": 2000
        },
        {
          "uuid": "e188faaa-f88d-424d-bf82-a0e29d6e9f50",
          "title": "7 - Clicar em uma das cores da paleta, faz com que ela seja selecionada e utilizada para preencher os pixels no quadro.",
          "fullFile": "",
          "file": "",
          "beforeHooks": [],
          "afterHooks": [],
          "tests": [
            {
              "title": "Verifica se somente uma cor da paleta de cores tem a classe `selected` de cada vez",
              "fullTitle": "7 - Clicar em uma das cores da paleta, faz com que ela seja selecionada e utilizada para preencher os pixels no quadro. Verifica se somente uma cor da paleta de cores tem a classe `selected` de cada vez",
              "timedOut": null,
              "duration": 1145,
              "state": "passed",
              "speed": "slow",
              "pass": true,
              "fail": false,
              "pending": false,
              "context": null,
              "code": "cy.get('.color').each(function (selectedColor, selectedColorIndex) {\n  cy.wrap(selectedColor).click();\n  cy.get('.color').each(function (color, colorIndex) {\n    if (colorIndex === selectedColorIndex) {\n      expect(color).to.have[\"class\"]('selected');\n    } else {\n      expect(color).not.to.have[\"class\"]('selected');\n    }\n  });\n});",
              "err": {},
              "uuid": "7468498d-1dd7-4fa9-8d0a-b1e2b0d8b939",
              "parentUUID": "e188faaa-f88d-424d-bf82-a0e29d6e9f50",
              "isHook": false,
              "skipped": false
            },
            {
              "title": "Verifica se os pixels dentro do quadro não têm a classe `selected` quando são clicados",
              "fullTitle": "7 - Clicar em uma das cores da paleta, faz com que ela seja selecionada e utilizada para preencher os pixels no quadro. Verifica se os pixels dentro do quadro não têm a classe `selected` quando são clicados",
              "timedOut": null,
              "duration": 11223,
              "state": "passed",
              "speed": "slow",
              "pass": true,
              "fail": false,
              "pending": false,
              "context": null,
              "code": "cy.get('.color').each(function (color) {\n  var backgroundColor = color.css('background-color');\n  cy.wrap(color).click();\n  cy.get('.pixel').each(function (pixel) {\n    cy.wrap(pixel).click().should('not.have.class', 'selected');\n  });\n});",
              "err": {},
              "uuid": "1fed2248-b04b-425f-b104-680acc43bae4",
              "parentUUID": "e188faaa-f88d-424d-bf82-a0e29d6e9f50",
              "isHook": false,
              "skipped": false
            }
          ],
          "suites": [],
          "passes": [
            "7468498d-1dd7-4fa9-8d0a-b1e2b0d8b939",
            "1fed2248-b04b-425f-b104-680acc43bae4"
          ],
          "failures": [],
          "pending": [],
          "skipped": [],
          "duration": 12368,
          "root": false,
          "rootEmpty": false,
          "_timeout": 2000
        },
        {
          "uuid": "1fe941c0-8fa3-4e6b-ba5b-2abb89733d98",
          "title": "8 - Clicar em um pixel dentro do quadro após selecionar uma cor na paleta, faz com que o pixel seja preenchido com a cor selecionada.",
          "fullFile": "",
          "file": "",
          "beforeHooks": [],
          "afterHooks": [],
          "tests": [
            {
              "title": "Verifica se ao carregar a página deve ser possível pintar os pixels de preto",
              "fullTitle": "8 - Clicar em um pixel dentro do quadro após selecionar uma cor na paleta, faz com que o pixel seja preenchido com a cor selecionada. Verifica se ao carregar a página deve ser possível pintar os pixels de preto",
              "timedOut": null,
              "duration": 5317,
              "state": "failed",
              "speed": null,
              "pass": false,
              "fail": true,
              "pending": false,
              "context": null,
              "code": "cy.get('.pixel').each(function (pixel) {\n  cy.wrap(pixel).click().should('have.css', 'background-color', BLACK);\n});",
              "err": {
                "message": "CypressError: Timed out retrying: expected '<div.pixel.pink>' to have CSS property 'background-color' with the value 'rgb(0, 0, 0)', but the value was 'rgb(255, 255, 255)'",
                "estack": "CypressError: Timed out retrying: expected '<div.pixel.pink>' to have CSS property 'background-color' with the value 'rgb(0, 0, 0)', but the value was 'rgb(255, 255, 255)'\n    at cypressErr (http://localhost:43323/__cypress/runner/cypress_runner.js:149934:9)\n    at throwErr (http://localhost:43323/__cypress/runner/cypress_runner.js:149867:11)\n    at Object.throwErrByPath (http://localhost:43323/__cypress/runner/cypress_runner.js:149915:3)\n    at retry (http://localhost:43323/__cypress/runner/cypress_runner.js:144197:19)\n    at onFailFn (http://localhost:43323/__cypress/runner/cypress_runner.js:132448:16)\n    at tryCatcher (http://localhost:43323/__cypress/runner/cypress_runner.js:167415:23)\n    at Promise._settlePromiseFromHandler (http://localhost:43323/__cypress/runner/cypress_runner.js:165351:31)\n    at Promise._settlePromise (http://localhost:43323/__cypress/runner/cypress_runner.js:165408:18)\n    at Promise._settlePromise0 (http://localhost:43323/__cypress/runner/cypress_runner.js:165453:10)\n    at Promise._settlePromises (http://localhost:43323/__cypress/runner/cypress_runner.js:165528:18)\n    at Async../node_modules/bluebird/js/release/async.js.Async._drainQueue (http://localhost:43323/__cypress/runner/cypress_runner.js:162140:16)\n    at Async../node_modules/bluebird/js/release/async.js.Async._drainQueues (http://localhost:43323/__cypress/runner/cypress_runner.js:162150:10)\n    at Async.drainQueues (http://localhost:43323/__cypress/runner/cypress_runner.js:162024:14)",
                "diff": null
              },
              "uuid": "d2d0459f-36ac-4fe2-b693-cf4ee73fa097",
              "parentUUID": "1fe941c0-8fa3-4e6b-ba5b-2abb89733d98",
              "isHook": false,
              "skipped": false
            },
            {
              "title": "Verifica se após selecionar uma outra cor na paleta, é possível pintar os pixels com essa cor",
              "fullTitle": "8 - Clicar em um pixel dentro do quadro após selecionar uma cor na paleta, faz com que o pixel seja preenchido com a cor selecionada. Verifica se após selecionar uma outra cor na paleta, é possível pintar os pixels com essa cor",
              "timedOut": null,
              "duration": 5263,
              "state": "failed",
              "speed": null,
              "pass": false,
              "fail": true,
              "pending": false,
              "context": null,
              "code": "cy.get('.color').each(function (color) {\n  var backgroundColor = color.css('background-color');\n  cy.wrap(color).click();\n  cy.get('.pixel').each(function (pixel) {\n    cy.wrap(pixel).click().should('have.css', 'background-color', backgroundColor);\n  });\n});",
              "err": {
                "message": "CypressError: Timed out retrying: expected '<div.pixel.pink>' to have CSS property 'background-color' with the value 'rgb(0, 0, 0)', but the value was 'rgb(255, 255, 255)'",
                "estack": "CypressError: Timed out retrying: expected '<div.pixel.pink>' to have CSS property 'background-color' with the value 'rgb(0, 0, 0)', but the value was 'rgb(255, 255, 255)'\n    at cypressErr (http://localhost:43323/__cypress/runner/cypress_runner.js:149934:9)\n    at throwErr (http://localhost:43323/__cypress/runner/cypress_runner.js:149867:11)\n    at Object.throwErrByPath (http://localhost:43323/__cypress/runner/cypress_runner.js:149915:3)\n    at retry (http://localhost:43323/__cypress/runner/cypress_runner.js:144197:19)\n    at onFailFn (http://localhost:43323/__cypress/runner/cypress_runner.js:132448:16)\n    at tryCatcher (http://localhost:43323/__cypress/runner/cypress_runner.js:167415:23)\n    at Promise._settlePromiseFromHandler (http://localhost:43323/__cypress/runner/cypress_runner.js:165351:31)\n    at Promise._settlePromise (http://localhost:43323/__cypress/runner/cypress_runner.js:165408:18)\n    at Promise._settlePromise0 (http://localhost:43323/__cypress/runner/cypress_runner.js:165453:10)\n    at Promise._settlePromises (http://localhost:43323/__cypress/runner/cypress_runner.js:165528:18)\n    at Async../node_modules/bluebird/js/release/async.js.Async._drainQueue (http://localhost:43323/__cypress/runner/cypress_runner.js:162140:16)\n    at Async../node_modules/bluebird/js/release/async.js.Async._drainQueues (http://localhost:43323/__cypress/runner/cypress_runner.js:162150:10)\n    at Async.drainQueues (http://localhost:43323/__cypress/runner/cypress_runner.js:162024:14)",
                "diff": null
              },
              "uuid": "7eaeff0b-08c5-4057-bb56-f8616defcf3e",
              "parentUUID": "1fe941c0-8fa3-4e6b-ba5b-2abb89733d98",
              "isHook": false,
              "skipped": false
            },
            {
              "title": "Verifica se somente o pixel que foi clicado foi preenchido com a cor selecionada, sem influenciar na cor dos demais pixels.",
              "fullTitle": "8 - Clicar em um pixel dentro do quadro após selecionar uma cor na paleta, faz com que o pixel seja preenchido com a cor selecionada. Verifica se somente o pixel que foi clicado foi preenchido com a cor selecionada, sem influenciar na cor dos demais pixels.",
              "timedOut": null,
              "duration": 4082,
              "state": "passed",
              "speed": "slow",
              "pass": true,
              "fail": false,
              "pending": false,
              "context": null,
              "code": "var colorToPixelIndexMap = {\n  0: 6,\n  1: 8,\n  2: 16,\n  3: 18\n};\ncy.get('.color').each(function (color, index) {\n  cy.wrap(color).click();\n  var backgroundColor = color.css('background-color');\n  var clickedPixelIndex = colorToPixelIndexMap[index];\n  cy.get('.pixel').eq(clickedPixelIndex).click();\n  cy.get('.pixel').eq(clickedPixelIndex - 1).should('not.have.css', 'background-color', backgroundColor);\n  cy.get('.pixel').eq(clickedPixelIndex + 1).should('not.have.css', 'background-color', backgroundColor);\n  cy.get('.pixel').eq(clickedPixelIndex - 5).should('not.have.css', 'background-color', backgroundColor);\n  cy.get('.pixel').eq(clickedPixelIndex + 5).should('not.have.css', 'background-color', backgroundColor);\n  cy.get('.pixel').eq(clickedPixelIndex - 6).should('not.have.css', 'background-color', backgroundColor);\n  cy.get('.pixel').eq(clickedPixelIndex - 4).should('not.have.css', 'background-color', backgroundColor);\n  cy.get('.pixel').eq(clickedPixelIndex + 4).should('not.have.css', 'background-color', backgroundColor);\n  cy.get('.pixel').eq(clickedPixelIndex + 6).should('not.have.css', 'background-color', backgroundColor);\n});",
              "err": {},
              "uuid": "d98dba43-9326-4180-9bf2-986404c45bfe",
              "parentUUID": "1fe941c0-8fa3-4e6b-ba5b-2abb89733d98",
              "isHook": false,
              "skipped": false
            }
          ],
          "suites": [],
          "passes": [
            "d98dba43-9326-4180-9bf2-986404c45bfe"
          ],
          "failures": [
            "d2d0459f-36ac-4fe2-b693-cf4ee73fa097",
            "7eaeff0b-08c5-4057-bb56-f8616defcf3e"
          ],
          "pending": [],
          "skipped": [],
          "duration": 14662,
          "root": false,
          "rootEmpty": false,
          "_timeout": 2000
        },
        {
          "uuid": "1c97325b-3057-4023-8906-c580bae1e373",
          "title": "9 - Crie um botão que, ao ser clicado, limpa o quadro preenchendo a cor de todos seus pixels com branco.",
          "fullFile": "",
          "file": "",
          "beforeHooks": [],
          "afterHooks": [],
          "tests": [
            {
              "title": "Verifica se o botão tem o `id` denominado `clear-board`",
              "fullTitle": "9 - Crie um botão que, ao ser clicado, limpa o quadro preenchendo a cor de todos seus pixels com branco. Verifica se o botão tem o `id` denominado `clear-board`",
              "timedOut": null,
              "duration": 683,
              "state": "passed",
              "speed": "slow",
              "pass": true,
              "fail": false,
              "pending": false,
              "context": null,
              "code": "cy.get('#clear-board').should('be.visible');",
              "err": {},
              "uuid": "5f34d287-38db-4d07-9cfe-f1c853b1fac6",
              "parentUUID": "1c97325b-3057-4023-8906-c580bae1e373",
              "isHook": false,
              "skipped": false
            },
            {
              "title": "Verifica se o botão está posicionado entre a paleta de cores e o quadro de pixels",
              "fullTitle": "9 - Crie um botão que, ao ser clicado, limpa o quadro preenchendo a cor de todos seus pixels com branco. Verifica se o botão está posicionado entre a paleta de cores e o quadro de pixels",
              "timedOut": null,
              "duration": 512,
              "state": "passed",
              "speed": "slow",
              "pass": true,
              "fail": false,
              "pending": false,
              "context": null,
              "code": "cy.get('#color-palette').then(function (palette) {\n  cy.get('#clear-board').should('be.belowOf', palette);\n});\ncy.get('#clear-board').then(function (clearBtn) {\n  cy.get('#pixel-board').should('be.belowOf', clearBtn);\n});",
              "err": {},
              "uuid": "6b6f8880-0f79-4165-8810-ee7957926658",
              "parentUUID": "1c97325b-3057-4023-8906-c580bae1e373",
              "isHook": false,
              "skipped": false
            },
            {
              "title": "Verifica se o texto do botão é 'Limpar'",
              "fullTitle": "9 - Crie um botão que, ao ser clicado, limpa o quadro preenchendo a cor de todos seus pixels com branco. Verifica se o texto do botão é 'Limpar'",
              "timedOut": null,
              "duration": 562,
              "state": "passed",
              "speed": "slow",
              "pass": true,
              "fail": false,
              "pending": false,
              "context": null,
              "code": "cy.get('#clear-board').should('contain.text', 'Limpar');",
              "err": {},
              "uuid": "55ec7738-58f9-4c74-9141-8b79b2d822c1",
              "parentUUID": "1c97325b-3057-4023-8906-c580bae1e373",
              "isHook": false,
              "skipped": false
            },
            {
              "title": "Verifica se ao clicar no botão, o quadro de pixels é totalmente preenchido de branco",
              "fullTitle": "9 - Crie um botão que, ao ser clicado, limpa o quadro preenchendo a cor de todos seus pixels com branco. Verifica se ao clicar no botão, o quadro de pixels é totalmente preenchido de branco",
              "timedOut": null,
              "duration": 5008,
              "state": "failed",
              "speed": null,
              "pass": false,
              "fail": true,
              "pending": false,
              "context": null,
              "code": "cy.get('.color').eq(1).then(function (color) {\n  var backgroundColor = color.css('background-color');\n  cy.wrap(color).click();\n  cy.get('.pixel').each(function (pixel) {\n    cy.wrap(pixel).click().should('have.css', 'background-color', backgroundColor);\n  });\n});\ncy.get('#clear-board').click();\ncy.get('.pixel').each(function (pixel) {\n  cy.wrap(pixel).should('have.css', 'background-color', WHITE);\n});",
              "err": {
                "message": "CypressError: Timed out retrying: expected '<div.pixel.pink>' to have CSS property 'background-color' with the value 'rgb(173, 216, 230)', but the value was 'rgb(255, 255, 255)'",
                "estack": "CypressError: Timed out retrying: expected '<div.pixel.pink>' to have CSS property 'background-color' with the value 'rgb(173, 216, 230)', but the value was 'rgb(255, 255, 255)'\n    at cypressErr (http://localhost:43323/__cypress/runner/cypress_runner.js:149934:9)\n    at throwErr (http://localhost:43323/__cypress/runner/cypress_runner.js:149867:11)\n    at Object.throwErrByPath (http://localhost:43323/__cypress/runner/cypress_runner.js:149915:3)\n    at retry (http://localhost:43323/__cypress/runner/cypress_runner.js:144197:19)\n    at onFailFn (http://localhost:43323/__cypress/runner/cypress_runner.js:132448:16)\n    at tryCatcher (http://localhost:43323/__cypress/runner/cypress_runner.js:167415:23)\n    at Promise._settlePromiseFromHandler (http://localhost:43323/__cypress/runner/cypress_runner.js:165351:31)\n    at Promise._settlePromise (http://localhost:43323/__cypress/runner/cypress_runner.js:165408:18)\n    at Promise._settlePromise0 (http://localhost:43323/__cypress/runner/cypress_runner.js:165453:10)\n    at Promise._settlePromises (http://localhost:43323/__cypress/runner/cypress_runner.js:165528:18)\n    at Async../node_modules/bluebird/js/release/async.js.Async._drainQueue (http://localhost:43323/__cypress/runner/cypress_runner.js:162140:16)\n    at Async../node_modules/bluebird/js/release/async.js.Async._drainQueues (http://localhost:43323/__cypress/runner/cypress_runner.js:162150:10)\n    at Async.drainQueues (http://localhost:43323/__cypress/runner/cypress_runner.js:162024:14)",
                "diff": null
              },
              "uuid": "3647a79b-9ff5-4d87-9369-131ad73a6b97",
              "parentUUID": "1c97325b-3057-4023-8906-c580bae1e373",
              "isHook": false,
              "skipped": false
            }
          ],
          "suites": [],
          "passes": [
            "5f34d287-38db-4d07-9cfe-f1c853b1fac6",
            "6b6f8880-0f79-4165-8810-ee7957926658",
            "55ec7738-58f9-4c74-9141-8b79b2d822c1"
          ],
          "failures": [
            "3647a79b-9ff5-4d87-9369-131ad73a6b97"
          ],
          "pending": [],
          "skipped": [],
          "duration": 6765,
          "root": false,
          "rootEmpty": false,
          "_timeout": 2000
        },
        {
          "uuid": "30890424-1a78-4fff-9722-3edf703fadf6",
          "title": "10 - Faça o quadro de pixels ter seu tamanho definido pelo usuário.",
          "fullFile": "",
          "file": "",
          "beforeHooks": [],
          "afterHooks": [],
          "tests": [
            {
              "title": "Verifica se existe um input com o id `board-size`",
              "fullTitle": "10 - Faça o quadro de pixels ter seu tamanho definido pelo usuário. Verifica se existe um input com o id `board-size`",
              "timedOut": null,
              "duration": 5552,
              "state": "failed",
              "speed": null,
              "pass": false,
              "fail": true,
              "pending": false,
              "context": null,
              "code": "cy.get('#board-size').should('be.visible');",
              "err": {
                "message": "CypressError: Timed out retrying: Expected to find element: '#board-size', but never found it.",
                "estack": "CypressError: Timed out retrying: Expected to find element: '#board-size', but never found it.\n    at cypressErr (http://localhost:43323/__cypress/runner/cypress_runner.js:149934:9)\n    at throwErr (http://localhost:43323/__cypress/runner/cypress_runner.js:149867:11)\n    at Object.throwErrByPath (http://localhost:43323/__cypress/runner/cypress_runner.js:149915:3)\n    at retry (http://localhost:43323/__cypress/runner/cypress_runner.js:144197:19)\n    at onFailFn (http://localhost:43323/__cypress/runner/cypress_runner.js:132448:16)\n    at tryCatcher (http://localhost:43323/__cypress/runner/cypress_runner.js:167415:23)\n    at Promise._settlePromiseFromHandler (http://localhost:43323/__cypress/runner/cypress_runner.js:165351:31)\n    at Promise._settlePromise (http://localhost:43323/__cypress/runner/cypress_runner.js:165408:18)\n    at Promise._settlePromise0 (http://localhost:43323/__cypress/runner/cypress_runner.js:165453:10)\n    at Promise._settlePromises (http://localhost:43323/__cypress/runner/cypress_runner.js:165528:18)\n    at Async../node_modules/bluebird/js/release/async.js.Async._drainQueue (http://localhost:43323/__cypress/runner/cypress_runner.js:162140:16)\n    at Async../node_modules/bluebird/js/release/async.js.Async._drainQueues (http://localhost:43323/__cypress/runner/cypress_runner.js:162150:10)\n    at Async.drainQueues (http://localhost:43323/__cypress/runner/cypress_runner.js:162024:14)",
                "diff": null
              },
              "uuid": "25e10c27-7c4c-4c6e-9c0f-e5d00b735253",
              "parentUUID": "30890424-1a78-4fff-9722-3edf703fadf6",
              "isHook": false,
              "skipped": false
            },
            {
              "title": "Verifica se existe um botão com o id `generate-board`",
              "fullTitle": "10 - Faça o quadro de pixels ter seu tamanho definido pelo usuário. Verifica se existe um botão com o id `generate-board`",
              "timedOut": null,
              "duration": 5294,
              "state": "failed",
              "speed": null,
              "pass": false,
              "fail": true,
              "pending": false,
              "context": null,
              "code": "cy.get('#generate-board').should('be.visible');",
              "err": {
                "message": "CypressError: Timed out retrying: Expected to find element: '#generate-board', but never found it.",
                "estack": "CypressError: Timed out retrying: Expected to find element: '#generate-board', but never found it.\n    at cypressErr (http://localhost:43323/__cypress/runner/cypress_runner.js:149934:9)\n    at throwErr (http://localhost:43323/__cypress/runner/cypress_runner.js:149867:11)\n    at Object.throwErrByPath (http://localhost:43323/__cypress/runner/cypress_runner.js:149915:3)\n    at retry (http://localhost:43323/__cypress/runner/cypress_runner.js:144197:19)\n    at onFailFn (http://localhost:43323/__cypress/runner/cypress_runner.js:132448:16)\n    at tryCatcher (http://localhost:43323/__cypress/runner/cypress_runner.js:167415:23)\n    at Promise._settlePromiseFromHandler (http://localhost:43323/__cypress/runner/cypress_runner.js:165351:31)\n    at Promise._settlePromise (http://localhost:43323/__cypress/runner/cypress_runner.js:165408:18)\n    at Promise._settlePromise0 (http://localhost:43323/__cypress/runner/cypress_runner.js:165453:10)\n    at Promise._settlePromises (http://localhost:43323/__cypress/runner/cypress_runner.js:165528:18)\n    at Async../node_modules/bluebird/js/release/async.js.Async._drainQueue (http://localhost:43323/__cypress/runner/cypress_runner.js:162140:16)\n    at Async../node_modules/bluebird/js/release/async.js.Async._drainQueues (http://localhost:43323/__cypress/runner/cypress_runner.js:162150:10)\n    at Async.drainQueues (http://localhost:43323/__cypress/runner/cypress_runner.js:162024:14)",
                "diff": null
              },
              "uuid": "2acd13e4-7029-4062-9255-71ecf1222751",
              "parentUUID": "30890424-1a78-4fff-9722-3edf703fadf6",
              "isHook": false,
              "skipped": false
            },
            {
              "title": "Verifica se o input só aceita número maiores que zero. Essa restrição deve ser feita usando os atributos do elemento `input`",
              "fullTitle": "10 - Faça o quadro de pixels ter seu tamanho definido pelo usuário. Verifica se o input só aceita número maiores que zero. Essa restrição deve ser feita usando os atributos do elemento `input`",
              "timedOut": null,
              "duration": 5418,
              "state": "failed",
              "speed": null,
              "pass": false,
              "fail": true,
              "pending": false,
              "context": null,
              "code": "cy.get('#board-size[type=\\'number\\'][min=\\'1\\']');",
              "err": {
                "message": "CypressError: Timed out retrying: Expected to find element: '#board-size[type='number'][min='1']', but never found it.",
                "estack": "CypressError: Timed out retrying: Expected to find element: '#board-size[type='number'][min='1']', but never found it.\n    at cypressErr (http://localhost:43323/__cypress/runner/cypress_runner.js:149934:9)\n    at throwErr (http://localhost:43323/__cypress/runner/cypress_runner.js:149867:11)\n    at Object.throwErrByPath (http://localhost:43323/__cypress/runner/cypress_runner.js:149915:3)\n    at retry (http://localhost:43323/__cypress/runner/cypress_runner.js:144197:19)\n    at onFailFn (http://localhost:43323/__cypress/runner/cypress_runner.js:132448:16)\n    at tryCatcher (http://localhost:43323/__cypress/runner/cypress_runner.js:167415:23)\n    at Promise._settlePromiseFromHandler (http://localhost:43323/__cypress/runner/cypress_runner.js:165351:31)\n    at Promise._settlePromise (http://localhost:43323/__cypress/runner/cypress_runner.js:165408:18)\n    at Promise._settlePromise0 (http://localhost:43323/__cypress/runner/cypress_runner.js:165453:10)\n    at Promise._settlePromises (http://localhost:43323/__cypress/runner/cypress_runner.js:165528:18)\n    at Async../node_modules/bluebird/js/release/async.js.Async._drainQueue (http://localhost:43323/__cypress/runner/cypress_runner.js:162140:16)\n    at Async../node_modules/bluebird/js/release/async.js.Async._drainQueues (http://localhost:43323/__cypress/runner/cypress_runner.js:162150:10)\n    at Async.drainQueues (http://localhost:43323/__cypress/runner/cypress_runner.js:162024:14)",
                "diff": null
              },
              "uuid": "dc8bdcda-cc2a-442e-99a5-6104d7fd8379",
              "parentUUID": "30890424-1a78-4fff-9722-3edf703fadf6",
              "isHook": false,
              "skipped": false
            },
            {
              "title": "Verifica se o botão contém o texto 'VQV'",
              "fullTitle": "10 - Faça o quadro de pixels ter seu tamanho definido pelo usuário. Verifica se o botão contém o texto 'VQV'",
              "timedOut": null,
              "duration": 4990,
              "state": "failed",
              "speed": null,
              "pass": false,
              "fail": true,
              "pending": false,
              "context": null,
              "code": "cy.get('#generate-board').contains(/vqv/i);",
              "err": {
                "message": "CypressError: Timed out retrying: Expected to find element: '#generate-board', but never found it.",
                "estack": "CypressError: Timed out retrying: Expected to find element: '#generate-board', but never found it.\n    at cypressErr (http://localhost:43323/__cypress/runner/cypress_runner.js:149934:9)\n    at throwErr (http://localhost:43323/__cypress/runner/cypress_runner.js:149867:11)\n    at Object.throwErrByPath (http://localhost:43323/__cypress/runner/cypress_runner.js:149915:3)\n    at retry (http://localhost:43323/__cypress/runner/cypress_runner.js:144197:19)\n    at onFailFn (http://localhost:43323/__cypress/runner/cypress_runner.js:132448:16)\n    at tryCatcher (http://localhost:43323/__cypress/runner/cypress_runner.js:167415:23)\n    at Promise._settlePromiseFromHandler (http://localhost:43323/__cypress/runner/cypress_runner.js:165351:31)\n    at Promise._settlePromise (http://localhost:43323/__cypress/runner/cypress_runner.js:165408:18)\n    at Promise._settlePromise0 (http://localhost:43323/__cypress/runner/cypress_runner.js:165453:10)\n    at Promise._settlePromises (http://localhost:43323/__cypress/runner/cypress_runner.js:165528:18)\n    at Async../node_modules/bluebird/js/release/async.js.Async._drainQueue (http://localhost:43323/__cypress/runner/cypress_runner.js:162140:16)\n    at Async../node_modules/bluebird/js/release/async.js.Async._drainQueues (http://localhost:43323/__cypress/runner/cypress_runner.js:162150:10)\n    at Async.drainQueues (http://localhost:43323/__cypress/runner/cypress_runner.js:162024:14)",
                "diff": null
              },
              "uuid": "54838d7d-253f-4299-b44e-42015661ded0",
              "parentUUID": "30890424-1a78-4fff-9722-3edf703fadf6",
              "isHook": false,
              "skipped": false
            },
            {
              "title": "Verifica se o input está posicionado entre a paleta de cores e o quadro de pixels",
              "fullTitle": "10 - Faça o quadro de pixels ter seu tamanho definido pelo usuário. Verifica se o input está posicionado entre a paleta de cores e o quadro de pixels",
              "timedOut": null,
              "duration": 5288,
              "state": "failed",
              "speed": null,
              "pass": false,
              "fail": true,
              "pending": false,
              "context": null,
              "code": "cy.get('#color-palette').then(function (palette) {\n  cy.get('#board-size').should('be.belowOf', palette);\n});\ncy.get('#board-size').then(function (palette) {\n  cy.get('#pixel-board').should('be.belowOf', palette);\n});",
              "err": {
                "message": "CypressError: Timed out retrying: Expected to find element: '#board-size', but never found it.",
                "estack": "CypressError: Timed out retrying: Expected to find element: '#board-size', but never found it.\n    at cypressErr (http://localhost:43323/__cypress/runner/cypress_runner.js:149934:9)\n    at throwErr (http://localhost:43323/__cypress/runner/cypress_runner.js:149867:11)\n    at Object.throwErrByPath (http://localhost:43323/__cypress/runner/cypress_runner.js:149915:3)\n    at retry (http://localhost:43323/__cypress/runner/cypress_runner.js:144197:19)\n    at onFailFn (http://localhost:43323/__cypress/runner/cypress_runner.js:132448:16)\n    at tryCatcher (http://localhost:43323/__cypress/runner/cypress_runner.js:167415:23)\n    at Promise._settlePromiseFromHandler (http://localhost:43323/__cypress/runner/cypress_runner.js:165351:31)\n    at Promise._settlePromise (http://localhost:43323/__cypress/runner/cypress_runner.js:165408:18)\n    at Promise._settlePromise0 (http://localhost:43323/__cypress/runner/cypress_runner.js:165453:10)\n    at Promise._settlePromises (http://localhost:43323/__cypress/runner/cypress_runner.js:165528:18)\n    at Async../node_modules/bluebird/js/release/async.js.Async._drainQueue (http://localhost:43323/__cypress/runner/cypress_runner.js:162140:16)\n    at Async../node_modules/bluebird/js/release/async.js.Async._drainQueues (http://localhost:43323/__cypress/runner/cypress_runner.js:162150:10)\n    at Async.drainQueues (http://localhost:43323/__cypress/runner/cypress_runner.js:162024:14)",
                "diff": null
              },
              "uuid": "f3f9b140-805e-448d-8681-075335ce2881",
              "parentUUID": "30890424-1a78-4fff-9722-3edf703fadf6",
              "isHook": false,
              "skipped": false
            },
            {
              "title": "Verifica se o botão está posicionado ao lado do input",
              "fullTitle": "10 - Faça o quadro de pixels ter seu tamanho definido pelo usuário. Verifica se o botão está posicionado ao lado do input",
              "timedOut": null,
              "duration": 5206,
              "state": "failed",
              "speed": null,
              "pass": false,
              "fail": true,
              "pending": false,
              "context": null,
              "code": "cy.get('#board-size').then(function (board) {\n  cy.get('#generate-board').should('be.onTheRightOf', board);\n});",
              "err": {
                "message": "CypressError: Timed out retrying: Expected to find element: '#board-size', but never found it.",
                "estack": "CypressError: Timed out retrying: Expected to find element: '#board-size', but never found it.\n    at cypressErr (http://localhost:43323/__cypress/runner/cypress_runner.js:149934:9)\n    at throwErr (http://localhost:43323/__cypress/runner/cypress_runner.js:149867:11)\n    at Object.throwErrByPath (http://localhost:43323/__cypress/runner/cypress_runner.js:149915:3)\n    at retry (http://localhost:43323/__cypress/runner/cypress_runner.js:144197:19)\n    at onFailFn (http://localhost:43323/__cypress/runner/cypress_runner.js:132448:16)\n    at tryCatcher (http://localhost:43323/__cypress/runner/cypress_runner.js:167415:23)\n    at Promise._settlePromiseFromHandler (http://localhost:43323/__cypress/runner/cypress_runner.js:165351:31)\n    at Promise._settlePromise (http://localhost:43323/__cypress/runner/cypress_runner.js:165408:18)\n    at Promise._settlePromise0 (http://localhost:43323/__cypress/runner/cypress_runner.js:165453:10)\n    at Promise._settlePromises (http://localhost:43323/__cypress/runner/cypress_runner.js:165528:18)\n    at Async../node_modules/bluebird/js/release/async.js.Async._drainQueue (http://localhost:43323/__cypress/runner/cypress_runner.js:162140:16)\n    at Async../node_modules/bluebird/js/release/async.js.Async._drainQueues (http://localhost:43323/__cypress/runner/cypress_runner.js:162150:10)\n    at Async.drainQueues (http://localhost:43323/__cypress/runner/cypress_runner.js:162024:14)",
                "diff": null
              },
              "uuid": "d1a2d394-5815-4fde-b50c-6d5be977a60b",
              "parentUUID": "30890424-1a78-4fff-9722-3edf703fadf6",
              "isHook": false,
              "skipped": false
            },
            {
              "title": "Verifica se nenhum valor for colocado no input ao clicar no botão, um `alert` é exibido com o texto: 'Board inválido!'",
              "fullTitle": "10 - Faça o quadro de pixels ter seu tamanho definido pelo usuário. Verifica se nenhum valor for colocado no input ao clicar no botão, um `alert` é exibido com o texto: 'Board inválido!'",
              "timedOut": null,
              "duration": 5294,
              "state": "failed",
              "speed": null,
              "pass": false,
              "fail": true,
              "pending": false,
              "context": null,
              "code": "var alerted = false;\ncy.on('window:alert', function (msg) {\n  return alerted = msg;\n});\ncy.get('#generate-board').click().then(function () {\n  return expect(alerted).to.match(/Board inválido!/i);\n});",
              "err": {
                "message": "CypressError: Timed out retrying: Expected to find element: '#generate-board', but never found it.",
                "estack": "CypressError: Timed out retrying: Expected to find element: '#generate-board', but never found it.\n    at cypressErr (http://localhost:43323/__cypress/runner/cypress_runner.js:149934:9)\n    at throwErr (http://localhost:43323/__cypress/runner/cypress_runner.js:149867:11)\n    at Object.throwErrByPath (http://localhost:43323/__cypress/runner/cypress_runner.js:149915:3)\n    at retry (http://localhost:43323/__cypress/runner/cypress_runner.js:144197:19)\n    at onFailFn (http://localhost:43323/__cypress/runner/cypress_runner.js:132448:16)\n    at tryCatcher (http://localhost:43323/__cypress/runner/cypress_runner.js:167415:23)\n    at Promise._settlePromiseFromHandler (http://localhost:43323/__cypress/runner/cypress_runner.js:165351:31)\n    at Promise._settlePromise (http://localhost:43323/__cypress/runner/cypress_runner.js:165408:18)\n    at Promise._settlePromise0 (http://localhost:43323/__cypress/runner/cypress_runner.js:165453:10)\n    at Promise._settlePromises (http://localhost:43323/__cypress/runner/cypress_runner.js:165528:18)\n    at Async../node_modules/bluebird/js/release/async.js.Async._drainQueue (http://localhost:43323/__cypress/runner/cypress_runner.js:162140:16)\n    at Async../node_modules/bluebird/js/release/async.js.Async._drainQueues (http://localhost:43323/__cypress/runner/cypress_runner.js:162150:10)\n    at Async.drainQueues (http://localhost:43323/__cypress/runner/cypress_runner.js:162024:14)",
                "diff": null
              },
              "uuid": "b6cc3f80-5274-400b-a809-7f45de054120",
              "parentUUID": "30890424-1a78-4fff-9722-3edf703fadf6",
              "isHook": false,
              "skipped": false
            },
            {
              "title": "Verifica se ao clicar no botão com um valor preenchido, o tamanho do board muda.",
              "fullTitle": "10 - Faça o quadro de pixels ter seu tamanho definido pelo usuário. Verifica se ao clicar no botão com um valor preenchido, o tamanho do board muda.",
              "timedOut": null,
              "duration": 5311,
              "state": "failed",
              "speed": null,
              "pass": false,
              "fail": true,
              "pending": false,
              "context": null,
              "code": "cy.get('#board-size').clear().type(10);\ncy.get('#generate-board').click();\ncy.get('.pixel').should('have.length', 100);",
              "err": {
                "message": "CypressError: Timed out retrying: Expected to find element: '#board-size', but never found it.",
                "estack": "CypressError: Timed out retrying: Expected to find element: '#board-size', but never found it.\n    at cypressErr (http://localhost:43323/__cypress/runner/cypress_runner.js:149934:9)\n    at throwErr (http://localhost:43323/__cypress/runner/cypress_runner.js:149867:11)\n    at Object.throwErrByPath (http://localhost:43323/__cypress/runner/cypress_runner.js:149915:3)\n    at retry (http://localhost:43323/__cypress/runner/cypress_runner.js:144197:19)\n    at onFailFn (http://localhost:43323/__cypress/runner/cypress_runner.js:132448:16)\n    at tryCatcher (http://localhost:43323/__cypress/runner/cypress_runner.js:167415:23)\n    at Promise._settlePromiseFromHandler (http://localhost:43323/__cypress/runner/cypress_runner.js:165351:31)\n    at Promise._settlePromise (http://localhost:43323/__cypress/runner/cypress_runner.js:165408:18)\n    at Promise._settlePromise0 (http://localhost:43323/__cypress/runner/cypress_runner.js:165453:10)\n    at Promise._settlePromises (http://localhost:43323/__cypress/runner/cypress_runner.js:165528:18)\n    at Async../node_modules/bluebird/js/release/async.js.Async._drainQueue (http://localhost:43323/__cypress/runner/cypress_runner.js:162140:16)\n    at Async../node_modules/bluebird/js/release/async.js.Async._drainQueues (http://localhost:43323/__cypress/runner/cypress_runner.js:162150:10)\n    at Async.drainQueues (http://localhost:43323/__cypress/runner/cypress_runner.js:162024:14)",
                "diff": null
              },
              "uuid": "31204a33-3531-4f93-9d05-0efe8cf024e0",
              "parentUUID": "30890424-1a78-4fff-9722-3edf703fadf6",
              "isHook": false,
              "skipped": false
            },
            {
              "title": "Verifica se o novo quadro tem todos os pixels preenchidos com a cor branca",
              "fullTitle": "10 - Faça o quadro de pixels ter seu tamanho definido pelo usuário. Verifica se o novo quadro tem todos os pixels preenchidos com a cor branca",
              "timedOut": null,
              "duration": 5192,
              "state": "failed",
              "speed": null,
              "pass": false,
              "fail": true,
              "pending": false,
              "context": null,
              "code": "cy.get('#board-size').clear().type(6);\ncy.get('#generate-board').click();\ncy.get('.pixel').should('have.length', 36).each(function (pixel) {\n  expect(pixel).to.have.css('background-color', WHITE);\n});",
              "err": {
                "message": "CypressError: Timed out retrying: Expected to find element: '#board-size', but never found it.",
                "estack": "CypressError: Timed out retrying: Expected to find element: '#board-size', but never found it.\n    at cypressErr (http://localhost:43323/__cypress/runner/cypress_runner.js:149934:9)\n    at throwErr (http://localhost:43323/__cypress/runner/cypress_runner.js:149867:11)\n    at Object.throwErrByPath (http://localhost:43323/__cypress/runner/cypress_runner.js:149915:3)\n    at retry (http://localhost:43323/__cypress/runner/cypress_runner.js:144197:19)\n    at onFailFn (http://localhost:43323/__cypress/runner/cypress_runner.js:132448:16)\n    at tryCatcher (http://localhost:43323/__cypress/runner/cypress_runner.js:167415:23)\n    at Promise._settlePromiseFromHandler (http://localhost:43323/__cypress/runner/cypress_runner.js:165351:31)\n    at Promise._settlePromise (http://localhost:43323/__cypress/runner/cypress_runner.js:165408:18)\n    at Promise._settlePromise0 (http://localhost:43323/__cypress/runner/cypress_runner.js:165453:10)\n    at Promise._settlePromises (http://localhost:43323/__cypress/runner/cypress_runner.js:165528:18)\n    at Async../node_modules/bluebird/js/release/async.js.Async._drainQueue (http://localhost:43323/__cypress/runner/cypress_runner.js:162140:16)\n    at Async../node_modules/bluebird/js/release/async.js.Async._drainQueues (http://localhost:43323/__cypress/runner/cypress_runner.js:162150:10)\n    at Async.drainQueues (http://localhost:43323/__cypress/runner/cypress_runner.js:162024:14)",
                "diff": null
              },
              "uuid": "da192b30-c3d3-4474-ac17-e40d65539ffe",
              "parentUUID": "30890424-1a78-4fff-9722-3edf703fadf6",
              "isHook": false,
              "skipped": false
            }
          ],
          "suites": [],
          "passes": [],
          "failures": [
            "25e10c27-7c4c-4c6e-9c0f-e5d00b735253",
            "2acd13e4-7029-4062-9255-71ecf1222751",
            "dc8bdcda-cc2a-442e-99a5-6104d7fd8379",
            "54838d7d-253f-4299-b44e-42015661ded0",
            "f3f9b140-805e-448d-8681-075335ce2881",
            "d1a2d394-5815-4fde-b50c-6d5be977a60b",
            "b6cc3f80-5274-400b-a809-7f45de054120",
            "31204a33-3531-4f93-9d05-0efe8cf024e0",
            "da192b30-c3d3-4474-ac17-e40d65539ffe"
          ],
          "pending": [],
          "skipped": [],
          "duration": 47545,
          "root": false,
          "rootEmpty": false,
          "_timeout": 2000
        },
        {
          "uuid": "e925d2f7-12da-45f2-a87c-a0f12e627044",
          "title": "11 - Limite o tamanho mínimo e máximo do board.",
          "fullFile": "",
          "file": "",
          "beforeHooks": [],
          "afterHooks": [],
          "tests": [
            {
              "title": "Verifica se a altura máxima do board é 50",
              "fullTitle": "11 - Limite o tamanho mínimo e máximo do board. Verifica se a altura máxima do board é 50",
              "timedOut": null,
              "duration": 5459,
              "state": "failed",
              "speed": null,
              "pass": false,
              "fail": true,
              "pending": false,
              "context": null,
              "code": "cy.get('#board-size').clear().type(50);\ncy.get('#generate-board').click();\ncy.get('.pixel').should('have.length', 2500);",
              "err": {
                "message": "CypressError: Timed out retrying: Expected to find element: '#board-size', but never found it.",
                "estack": "CypressError: Timed out retrying: Expected to find element: '#board-size', but never found it.\n    at cypressErr (http://localhost:43323/__cypress/runner/cypress_runner.js:149934:9)\n    at throwErr (http://localhost:43323/__cypress/runner/cypress_runner.js:149867:11)\n    at Object.throwErrByPath (http://localhost:43323/__cypress/runner/cypress_runner.js:149915:3)\n    at retry (http://localhost:43323/__cypress/runner/cypress_runner.js:144197:19)\n    at onFailFn (http://localhost:43323/__cypress/runner/cypress_runner.js:132448:16)\n    at tryCatcher (http://localhost:43323/__cypress/runner/cypress_runner.js:167415:23)\n    at Promise._settlePromiseFromHandler (http://localhost:43323/__cypress/runner/cypress_runner.js:165351:31)\n    at Promise._settlePromise (http://localhost:43323/__cypress/runner/cypress_runner.js:165408:18)\n    at Promise._settlePromise0 (http://localhost:43323/__cypress/runner/cypress_runner.js:165453:10)\n    at Promise._settlePromises (http://localhost:43323/__cypress/runner/cypress_runner.js:165528:18)\n    at Async../node_modules/bluebird/js/release/async.js.Async._drainQueue (http://localhost:43323/__cypress/runner/cypress_runner.js:162140:16)\n    at Async../node_modules/bluebird/js/release/async.js.Async._drainQueues (http://localhost:43323/__cypress/runner/cypress_runner.js:162150:10)\n    at Async.drainQueues (http://localhost:43323/__cypress/runner/cypress_runner.js:162024:14)",
                "diff": null
              },
              "uuid": "d9641b71-2759-4abb-8a31-da7e350d3c60",
              "parentUUID": "e925d2f7-12da-45f2-a87c-a0f12e627044",
              "isHook": false,
              "skipped": false
            },
            {
              "title": "Verifica se a altura do board é 5 quando um valor menor é colocado no input",
              "fullTitle": "11 - Limite o tamanho mínimo e máximo do board. Verifica se a altura do board é 5 quando um valor menor é colocado no input",
              "timedOut": null,
              "duration": 5027,
              "state": "failed",
              "speed": null,
              "pass": false,
              "fail": true,
              "pending": false,
              "context": null,
              "code": "cy.get('#board-size').clear().type(4);\ncy.get('#generate-board').click();\ncy.get('.pixel').should('have.length', 25);",
              "err": {
                "message": "CypressError: Timed out retrying: Expected to find element: '#board-size', but never found it.",
                "estack": "CypressError: Timed out retrying: Expected to find element: '#board-size', but never found it.\n    at cypressErr (http://localhost:43323/__cypress/runner/cypress_runner.js:149934:9)\n    at throwErr (http://localhost:43323/__cypress/runner/cypress_runner.js:149867:11)\n    at Object.throwErrByPath (http://localhost:43323/__cypress/runner/cypress_runner.js:149915:3)\n    at retry (http://localhost:43323/__cypress/runner/cypress_runner.js:144197:19)\n    at onFailFn (http://localhost:43323/__cypress/runner/cypress_runner.js:132448:16)\n    at tryCatcher (http://localhost:43323/__cypress/runner/cypress_runner.js:167415:23)\n    at Promise._settlePromiseFromHandler (http://localhost:43323/__cypress/runner/cypress_runner.js:165351:31)\n    at Promise._settlePromise (http://localhost:43323/__cypress/runner/cypress_runner.js:165408:18)\n    at Promise._settlePromise0 (http://localhost:43323/__cypress/runner/cypress_runner.js:165453:10)\n    at Promise._settlePromises (http://localhost:43323/__cypress/runner/cypress_runner.js:165528:18)\n    at Async../node_modules/bluebird/js/release/async.js.Async._drainQueue (http://localhost:43323/__cypress/runner/cypress_runner.js:162140:16)\n    at Async../node_modules/bluebird/js/release/async.js.Async._drainQueues (http://localhost:43323/__cypress/runner/cypress_runner.js:162150:10)\n    at Async.drainQueues (http://localhost:43323/__cypress/runner/cypress_runner.js:162024:14)",
                "diff": null
              },
              "uuid": "1c57a3aa-4ebe-42b3-baf8-b6e48142674b",
              "parentUUID": "e925d2f7-12da-45f2-a87c-a0f12e627044",
              "isHook": false,
              "skipped": false
            },
            {
              "title": "Verifica se a altura do board é 50 quando um valor maior é colocado no input",
              "fullTitle": "11 - Limite o tamanho mínimo e máximo do board. Verifica se a altura do board é 50 quando um valor maior é colocado no input",
              "timedOut": null,
              "duration": 4880,
              "state": "failed",
              "speed": null,
              "pass": false,
              "fail": true,
              "pending": false,
              "context": null,
              "code": "cy.get('#board-size').clear().type(51);\ncy.get('#generate-board').click();\ncy.get('.pixel').should('have.length', 2500);",
              "err": {
                "message": "CypressError: Timed out retrying: Expected to find element: '#board-size', but never found it.",
                "estack": "CypressError: Timed out retrying: Expected to find element: '#board-size', but never found it.\n    at cypressErr (http://localhost:43323/__cypress/runner/cypress_runner.js:149934:9)\n    at throwErr (http://localhost:43323/__cypress/runner/cypress_runner.js:149867:11)\n    at Object.throwErrByPath (http://localhost:43323/__cypress/runner/cypress_runner.js:149915:3)\n    at retry (http://localhost:43323/__cypress/runner/cypress_runner.js:144197:19)\n    at onFailFn (http://localhost:43323/__cypress/runner/cypress_runner.js:132448:16)\n    at tryCatcher (http://localhost:43323/__cypress/runner/cypress_runner.js:167415:23)\n    at Promise._settlePromiseFromHandler (http://localhost:43323/__cypress/runner/cypress_runner.js:165351:31)\n    at Promise._settlePromise (http://localhost:43323/__cypress/runner/cypress_runner.js:165408:18)\n    at Promise._settlePromise0 (http://localhost:43323/__cypress/runner/cypress_runner.js:165453:10)\n    at Promise._settlePromises (http://localhost:43323/__cypress/runner/cypress_runner.js:165528:18)\n    at Async../node_modules/bluebird/js/release/async.js.Async._drainQueue (http://localhost:43323/__cypress/runner/cypress_runner.js:162140:16)\n    at Async../node_modules/bluebird/js/release/async.js.Async._drainQueues (http://localhost:43323/__cypress/runner/cypress_runner.js:162150:10)\n    at Async.drainQueues (http://localhost:43323/__cypress/runner/cypress_runner.js:162024:14)",
                "diff": null
              },
              "uuid": "01cd57c8-dac3-4ea2-b97a-8d5eb9b2059d",
              "parentUUID": "e925d2f7-12da-45f2-a87c-a0f12e627044",
              "isHook": false,
              "skipped": false
            }
          ],
          "suites": [],
          "passes": [],
          "failures": [
            "d9641b71-2759-4abb-8a31-da7e350d3c60",
            "1c57a3aa-4ebe-42b3-baf8-b6e48142674b",
            "01cd57c8-dac3-4ea2-b97a-8d5eb9b2059d"
          ],
          "pending": [],
          "skipped": [],
          "duration": 15366,
          "root": false,
          "rootEmpty": false,
          "_timeout": 2000
        },
        {
          "uuid": "8a0df67b-ed7f-476f-b108-eb978bd63777",
          "title": "12 - Faça com que as cores da paleta sejam geradas aleatoriamente ao carregar a página.",
          "fullFile": "",
          "file": "",
          "beforeHooks": [],
          "afterHooks": [],
          "tests": [
            {
              "title": "Verifica se as cores geradas na paleta são diferentes a cada carregamento da página",
              "fullTitle": "12 - Faça com que as cores da paleta sejam geradas aleatoriamente ao carregar a página. Verifica se as cores geradas na paleta são diferentes a cada carregamento da página",
              "timedOut": null,
              "duration": 1618,
              "state": "failed",
              "speed": null,
              "pass": false,
              "fail": true,
              "pending": false,
              "context": null,
              "code": "cy.get('.color').then(function (colors) {\n  var currentColors;\n  var previousColors;\n  previousColors = Array.from(colors).map(function (color) {\n    return Cypress.$(color).css('background-color');\n  });\n  for (var i = 0; i < 5; i += 1) {\n    cy.reload();\n    cy.get('.color').then(function (colors) {\n      currentColors = Array.from(colors).map(function (color) {\n        return Cypress.$(color).css('background-color');\n      });\n      expect(currentColors).not.to.deep.equal(previousColors);\n      previousColors = currentColors;\n    });\n  }\n});",
              "err": {
                "message": "AssertionError: expected [ Array(4) ] to not deeply equal [ Array(4) ]",
                "estack": "AssertionError: expected [ Array(4) ] to not deeply equal [ Array(4) ]\n    at getRet (http://localhost:43323/__cypress/runner/cypress_runner.js:136585:16)\n    at tryCatcher (http://localhost:43323/__cypress/runner/cypress_runner.js:167415:23)\n    at Function.Promise.attempt.Promise.try (http://localhost:43323/__cypress/runner/cypress_runner.js:164690:29)\n    at Context.thenFn (http://localhost:43323/__cypress/runner/cypress_runner.js:136599:23)\n    at Context.then (http://localhost:43323/__cypress/runner/cypress_runner.js:136971:21)\n    at Context.<anonymous> (http://localhost:43323/__cypress/runner/cypress_runner.js:148875:21)\n    at http://localhost:43323/__cypress/runner/cypress_runner.js:148351:33\n    at tryCatcher (http://localhost:43323/__cypress/runner/cypress_runner.js:167415:23)\n    at Promise._settlePromiseFromHandler (http://localhost:43323/__cypress/runner/cypress_runner.js:165351:31)\n    at Promise._settlePromise (http://localhost:43323/__cypress/runner/cypress_runner.js:165408:18)\n    at Promise._settlePromiseCtx (http://localhost:43323/__cypress/runner/cypress_runner.js:165445:10)\n    at Async../node_modules/bluebird/js/release/async.js.Async._drainQueue (http://localhost:43323/__cypress/runner/cypress_runner.js:162145:12)\n    at Async../node_modules/bluebird/js/release/async.js.Async._drainQueues (http://localhost:43323/__cypress/runner/cypress_runner.js:162150:10)\n    at Async.drainQueues (http://localhost:43323/__cypress/runner/cypress_runner.js:162024:14)",
                "diff": ""
              },
              "uuid": "c5d04c79-b132-4c5a-8a6d-c58e1f702b6f",
              "parentUUID": "8a0df67b-ed7f-476f-b108-eb978bd63777",
              "isHook": false,
              "skipped": false
            },
            {
              "title": "Verifica se a cor preta ainda está presente e é a primeira na sua paleta de cores",
              "fullTitle": "12 - Faça com que as cores da paleta sejam geradas aleatoriamente ao carregar a página. Verifica se a cor preta ainda está presente e é a primeira na sua paleta de cores",
              "timedOut": null,
              "duration": 1734,
              "state": "failed",
              "speed": null,
              "pass": false,
              "fail": true,
              "pending": false,
              "context": null,
              "code": "cy.get('.color').then(function (colors) {\n  var currentColors;\n  var previousColors;\n  previousColors = Array.from(colors).map(function (color) {\n    return Cypress.$(color).css('background-color');\n  });\n  expect(previousColors[0]).to.eq(BLACK);\n  for (var i = 0; i < 5; i += 1) {\n    cy.reload();\n    cy.get('.color').then(function (colors) {\n      currentColors = Array.from(colors).map(function (color) {\n        return Cypress.$(color).css('background-color');\n      });\n      expect(currentColors[0]).to.eq(BLACK);\n      expect(currentColors).not.to.deep.equal(previousColors);\n      previousColors = currentColors;\n    });\n  }\n});",
              "err": {
                "message": "AssertionError: expected [ Array(4) ] to not deeply equal [ Array(4) ]",
                "estack": "AssertionError: expected [ Array(4) ] to not deeply equal [ Array(4) ]\n    at getRet (http://localhost:43323/__cypress/runner/cypress_runner.js:136585:16)\n    at tryCatcher (http://localhost:43323/__cypress/runner/cypress_runner.js:167415:23)\n    at Function.Promise.attempt.Promise.try (http://localhost:43323/__cypress/runner/cypress_runner.js:164690:29)\n    at Context.thenFn (http://localhost:43323/__cypress/runner/cypress_runner.js:136599:23)\n    at Context.then (http://localhost:43323/__cypress/runner/cypress_runner.js:136971:21)\n    at Context.<anonymous> (http://localhost:43323/__cypress/runner/cypress_runner.js:148875:21)\n    at http://localhost:43323/__cypress/runner/cypress_runner.js:148351:33\n    at tryCatcher (http://localhost:43323/__cypress/runner/cypress_runner.js:167415:23)\n    at Promise._settlePromiseFromHandler (http://localhost:43323/__cypress/runner/cypress_runner.js:165351:31)\n    at Promise._settlePromise (http://localhost:43323/__cypress/runner/cypress_runner.js:165408:18)\n    at Promise._settlePromiseCtx (http://localhost:43323/__cypress/runner/cypress_runner.js:165445:10)\n    at Async../node_modules/bluebird/js/release/async.js.Async._drainQueue (http://localhost:43323/__cypress/runner/cypress_runner.js:162145:12)\n    at Async../node_modules/bluebird/js/release/async.js.Async._drainQueues (http://localhost:43323/__cypress/runner/cypress_runner.js:162150:10)\n    at Async.drainQueues (http://localhost:43323/__cypress/runner/cypress_runner.js:162024:14)",
                "diff": ""
              },
              "uuid": "29e1c72a-1368-4896-8271-d166927508a9",
              "parentUUID": "8a0df67b-ed7f-476f-b108-eb978bd63777",
              "isHook": false,
              "skipped": false
            }
          ],
          "suites": [],
          "passes": [],
          "failures": [
            "c5d04c79-b132-4c5a-8a6d-c58e1f702b6f",
            "29e1c72a-1368-4896-8271-d166927508a9"
          ],
          "pending": [],
          "skipped": [],
          "duration": 3352,
          "root": false,
          "rootEmpty": false,
          "_timeout": 2000
        }
      ],
      "passes": [],
      "failures": [],
      "pending": [],
      "skipped": [],
      "duration": 0,
      "root": true,
      "rootEmpty": true,
      "_timeout": 2000
    }
  ],
  "meta": {
    "mocha": {
      "version": "7.0.1"
    },
    "mochawesome": {
      "options": {
        "quiet": false,
        "reportFilename": "mochawesome",
        "saveHtml": false,
        "saveJson": true,
        "consoleReporter": "spec",
        "useInlineDiffs": false
      },
      "version": "4.1.0"
    },
    "marge": {
      "options": {
        "id": "default",
        "reportDir": "cypress/reports",
        "overwrite": true,
        "html": false,
        "json": true
      },
      "version": "4.1.0"
    }
  }
}